2024-11-09 16:41:02,194 - INFO - Experiment settings: {'name': 'bo_parafac_dim5_rank2_mask0.2_tradeoff1.0_seed0', 'seed': 0, 'dimensions': 5, 'iter_bo': 300, 'storage': 'sqlite:////Users/keisukeonoue/ws/constrained_BO_v2/results/dbs/2024-11-09_16-41-02_bo_parafac_dim5_rank2_mask0.2_tradeoff1.0_seed0.db', 'unique_sampling': False, 'decomp_num': 10, 'cp_settings': {'rank': 2, 'als_iterations': 100, 'mask_ratio': 0.2, 'random_dist_type': 'uniform'}, 'acqf_settings': {'trade_off_param': 1.0, 'maximize': False}}
[I 2024-11-09 16:41:03,203] A new study created in RDB with name: bo_parafac_dim5_rank2_mask0.2_tradeoff1.0_seed0
2024-11-09 16:41:03,205 - INFO - Created new study 'bo_parafac_dim5_rank2_mask0.2_tradeoff1.0_seed0' in sqlite:////Users/keisukeonoue/ws/constrained_BO_v2/results/dbs/2024-11-09_16-41-02_bo_parafac_dim5_rank2_mask0.2_tradeoff1.0_seed0.db
2024-11-09 16:41:03,274 - INFO - Using sample_independent for sampling.
2024-11-09 16:41:03,280 - INFO - Using sample_independent for sampling.
2024-11-09 16:41:03,286 - INFO - Using sample_independent for sampling.
2024-11-09 16:41:03,292 - INFO - Using sample_independent for sampling.
2024-11-09 16:41:03,297 - INFO - Using sample_independent for sampling.
[I 2024-11-09 16:41:03,330] Trial 0 finished with value: 26.0 and parameters: {'x_0': 0, 'x_1': 1, 'x_2': 0, 'x_3': -4, 'x_4': 3}. Best is trial 0 with value: 26.0.
2024-11-09 16:41:06,854 - INFO - Candidate Mean Stats: {'Max': np.float64(26.0), 'Min': np.float64(-1.9288459718325157e-11), 'Mean': np.float64(0.00016143954399764146), 'Std': np.float64(0.06478736050460399)}
2024-11-09 16:41:06,855 - INFO - Candidate Std Stats: {'Max': np.float64(0.9999977357700566), 'Min': np.float64(0.0), 'Mean': np.float64(0.9999872203637074), 'Std': np.float64(0.0024918060971777715)}
2024-11-09 16:41:06,902 - INFO - Top 10 Mean Stats: {'Max': np.float64(7.744027641365392e-13), 'Min': np.float64(-1.007904870675702e-12), 'Mean': np.float64(3.826161609765677e-14), 'Std': np.float64(5.833337921803988e-13)}
2024-11-09 16:41:06,903 - INFO - Top 10 Std Stats: {'Max': np.float64(0.9999977357700566), 'Min': np.float64(0.999997575275419), 'Mean': np.float64(0.9999976469927496), 'Std': np.float64(6.092960426857568e-08)}
2024-11-09 16:41:06,903 - INFO - Bottom 10 Mean Stats: {'Max': np.float64(26.0), 'Min': np.float64(-1.9288459718325157e-11), 'Mean': np.float64(2.6000000000022783), 'Std': np.float64(7.79999999999924)}
2024-11-09 16:41:06,904 - INFO - Bottom 10 Std Stats: {'Max': np.float64(0.9999731521909049), 'Min': np.float64(0.0), 'Mean': np.float64(0.8999722340039366), 'Std': np.float64(0.2999907446771333)}
[I 2024-11-09 16:41:06,963] Trial 1 finished with value: 59.0 and parameters: {'x_0': -4, 'x_1': -1, 'x_2': 5, 'x_3': 1, 'x_4': -4}. Best is trial 0 with value: 26.0.
2024-11-09 16:41:14,135 - INFO - Candidate Mean Stats: {'Max': np.float64(59.0), 'Min': np.float64(-1.327771226300456e-13), 'Mean': np.float64(0.0005277831246002613), 'Std': np.float64(0.1606593316447646)}
2024-11-09 16:41:14,135 - INFO - Candidate Std Stats: {'Max': np.float64(0.9999999868772711), 'Min': np.float64(0.0), 'Mean': np.float64(0.9999875413904612), 'Std': np.float64(0.0035239567599534786)}
2024-11-09 16:41:14,165 - INFO - Top 10 Mean Stats: {'Max': np.float64(5.645484080218921e-15), 'Min': np.float64(-8.654188476953096e-15), 'Mean': np.float64(-2.8110846983508964e-15), 'Std': np.float64(4.532102353339364e-15)}
2024-11-09 16:41:14,166 - INFO - Top 10 Std Stats: {'Max': np.float64(0.9999999868772711), 'Min': np.float64(0.9999999861433155), 'Mean': np.float64(0.999999986405516), 'Std': np.float64(2.410824962799298e-10)}
2024-11-09 16:41:14,166 - INFO - Bottom 10 Mean Stats: {'Max': np.float64(59.0), 'Min': np.float64(-7.212008767965017e-14), 'Mean': np.float64(8.500000000000012), 'Std': np.float64(18.532404053441088)}
2024-11-09 16:41:14,166 - INFO - Bottom 10 Std Stats: {'Max': np.float64(0.9999998415494628), 'Min': np.float64(0.0), 'Mean': np.float64(0.7999998599699483), 'Std': np.float64(0.39999992998497425)}
[I 2024-11-09 16:41:14,203] Trial 2 finished with value: 52.0 and parameters: {'x_0': -1, 'x_1': -3, 'x_2': -1, 'x_3': -4, 'x_4': -5}. Best is trial 0 with value: 26.0.
2024-11-09 16:41:21,076 - INFO - Candidate Mean Stats: {'Max': np.float64(59.0), 'Min': np.float64(-1.6243673073290664e-13), 'Mean': np.float64(0.000850662212590987), 'Std': np.float64(0.2063993419293984)}
2024-11-09 16:41:21,078 - INFO - Candidate Std Stats: {'Max': np.float64(0.999999987798764), 'Min': np.float64(0.0), 'Mean': np.float64(0.9999813321671941), 'Std': np.float64(0.0043159345691951055)}
2024-11-09 16:41:21,122 - INFO - Top 10 Mean Stats: {'Max': np.float64(1.56097357262297e-14), 'Min': np.float64(-1.1035616864774057e-14), 'Mean': np.float64(1.8984813721090174e-15), 'Std': np.float64(7.227614990267673e-15)}
2024-11-09 16:41:21,122 - INFO - Top 10 Std Stats: {'Max': np.float64(0.999999987798764), 'Min': np.float64(0.9999999868661), 'Mean': np.float64(0.9999999872694829), 'Std': np.float64(3.6002145711768533e-10)}
2024-11-09 16:41:21,122 - INFO - Bottom 10 Mean Stats: {'Max': np.float64(59.0), 'Min': np.float64(-1.3591350267461167e-13), 'Mean': np.float64(13.699999999999994), 'Std': np.float64(22.325097984107487)}
2024-11-09 16:41:21,122 - INFO - Bottom 10 Std Stats: {'Max': np.float64(0.9999998418393803), 'Min': np.float64(0.0), 'Mean': np.float64(0.6999998834132384), 'Std': np.float64(0.4582574931716326)}
[I 2024-11-09 16:41:21,169] Trial 3 finished with value: 79.0 and parameters: {'x_0': -4, 'x_1': 5, 'x_2': 5, 'x_3': -2, 'x_4': 3}. Best is trial 0 with value: 26.0.
2024-11-09 16:41:27,817 - INFO - Candidate Mean Stats: {'Max': np.float64(79.0), 'Min': np.float64(-1.0844658504538529e-13), 'Mean': np.float64(0.0013411900578077808), 'Std': np.float64(0.2852215155917228)}
2024-11-09 16:41:27,819 - INFO - Candidate Std Stats: {'Max': np.float64(0.9999999922501628), 'Min': np.float64(0.0), 'Mean': np.float64(0.9999751385799001), 'Std': np.float64(0.0049835965760504745)}
2024-11-09 16:41:27,853 - INFO - Top 10 Mean Stats: {'Max': np.float64(7.882583474838611e-15), 'Min': np.float64(-8.593126210598712e-15), 'Mean': np.float64(-1.182595688042909e-15), 'Std': np.float64(4.618860912915232e-15)}
2024-11-09 16:41:27,853 - INFO - Top 10 Std Stats: {'Max': np.float64(0.9999999922501628), 'Min': np.float64(0.9999999914193927), 'Mean': np.float64(0.9999999917907967), 'Std': np.float64(3.111639847476223e-10)}
2024-11-09 16:41:27,853 - INFO - Bottom 10 Mean Stats: {'Max': np.float64(79.0), 'Min': np.float64(-7.731038031977278e-14), 'Mean': np.float64(21.6), 'Std': np.float64(29.045481576314067)}
2024-11-09 16:41:27,853 - INFO - Bottom 10 Std Stats: {'Max': np.float64(0.9999998935223493), 'Min': np.float64(0.0), 'Mean': np.float64(0.5999999300789013), 'Std': np.float64(0.4898978914662977)}
[I 2024-11-09 16:41:27,889] Trial 4 finished with value: 47.0 and parameters: {'x_0': 2, 'x_1': -4, 'x_2': 1, 'x_3': 5, 'x_4': 1}. Best is trial 0 with value: 26.0.
2024-11-09 16:41:35,909 - INFO - Candidate Mean Stats: {'Max': np.float64(79.0), 'Min': np.float64(-8.952838470577262e-14), 'Mean': np.float64(0.0016330230796455685), 'Std': np.float64(0.3083287158362136)}
2024-11-09 16:41:35,911 - INFO - Candidate Std Stats: {'Max': np.float64(0.9999999952060611), 'Min': np.float64(0.0), 'Mean': np.float64(0.9999689302372889), 'Std': np.float64(0.005571813064292889)}
2024-11-09 16:41:35,948 - INFO - Top 10 Mean Stats: {'Max': np.float64(5.617728504603292e-15), 'Min': np.float64(-5.528910662633279e-15), 'Mean': np.float64(-6.591862472538066e-16), 'Std': np.float64(3.293891503779113e-15)}
2024-11-09 16:41:35,948 - INFO - Top 10 Std Stats: {'Max': np.float64(0.9999999952060611), 'Min': np.float64(0.9999999941785794), 'Mean': np.float64(0.999999994639434), 'Std': np.float64(3.6042461504367965e-10)}
2024-11-09 16:41:35,948 - INFO - Bottom 10 Mean Stats: {'Max': np.float64(79.0), 'Min': np.float64(-6.17658701962398e-14), 'Mean': np.float64(26.30000000000002), 'Std': np.float64(28.97257323746027)}
2024-11-09 16:41:35,948 - INFO - Bottom 10 Std Stats: {'Max': np.float64(0.9999999006916218), 'Min': np.float64(0.0), 'Mean': np.float64(0.4999999461938188), 'Std': np.float64(0.49999994619381877)}
[I 2024-11-09 16:41:35,994] Trial 5 finished with value: 71.0 and parameters: {'x_0': 1, 'x_1': -2, 'x_2': 5, 'x_3': 5, 'x_4': 4}. Best is trial 0 with value: 26.0.
2024-11-09 16:41:43,629 - INFO - Candidate Mean Stats: {'Max': np.float64(79.0), 'Min': np.float64(-1.2504441926353138e-13), 'Mean': np.float64(0.0020738772190175524), 'Std': np.float64(0.3554794040479417)}
2024-11-09 16:41:43,631 - INFO - Candidate Std Stats: {'Max': np.float64(0.9999999944907298), 'Min': np.float64(0.0), 'Mean': np.float64(0.9999627195351107), 'Std': np.float64(0.006103596443998192)}
2024-11-09 16:41:43,710 - INFO - Top 10 Mean Stats: {'Max': np.float64(4.0292422176513295e-15), 'Min': np.float64(-6.2644334164474455e-15), 'Mean': np.float64(1.3704315460217722e-18), 'Std': np.float64(3.1835744108414966e-15)}
2024-11-09 16:41:43,710 - INFO - Top 10 Std Stats: {'Max': np.float64(0.9999999944907298), 'Min': np.float64(0.9999999931158855), 'Mean': np.float64(0.9999999935538444), 'Std': np.float64(4.341496724796152e-10)}
2024-11-09 16:41:43,710 - INFO - Bottom 10 Mean Stats: {'Max': np.float64(79.0), 'Min': np.float64(-5.3185233994668125e-14), 'Mean': np.float64(33.40000000000001), 'Std': np.float64(30.32556677129051)}
2024-11-09 16:41:43,711 - INFO - Bottom 10 Std Stats: {'Max': np.float64(0.9999998752148621), 'Min': np.float64(0.0), 'Mean': np.float64(0.39999993843740606), 'Std': np.float64(0.4898978731581646)}
[I 2024-11-09 16:41:43,758] Trial 6 finished with value: 54.0 and parameters: {'x_0': 2, 'x_1': 0, 'x_2': -5, 'x_3': -5, 'x_4': 0}. Best is trial 0 with value: 26.0.
2024-11-09 16:41:53,258 - INFO - Candidate Mean Stats: {'Max': np.float64(79.0), 'Min': np.float64(-9.823253321883385e-14), 'Mean': np.float64(0.0024091747334694905), 'Std': np.float64(0.3800923168475099)}
2024-11-09 16:41:53,259 - INFO - Candidate Std Stats: {'Max': np.float64(0.9999999939899963), 'Min': np.float64(0.0), 'Mean': np.float64(0.9999565118876023), 'Std': np.float64(0.006592617188858494)}
2024-11-09 16:41:53,285 - INFO - Top 10 Mean Stats: {'Max': np.float64(3.969047313034935e-15), 'Min': np.float64(-8.68749516769185e-15), 'Mean': np.float64(-6.281780651207214e-16), 'Std': np.float64(4.309588840173671e-15)}
2024-11-09 16:41:53,285 - INFO - Top 10 Std Stats: {'Max': np.float64(0.9999999939899963), 'Min': np.float64(0.9999999930545396), 'Mean': np.float64(0.9999999933620556), 'Std': np.float64(2.723515200234548e-10)}
2024-11-09 16:41:53,285 - INFO - Bottom 10 Mean Stats: {'Max': np.float64(79.0), 'Min': np.float64(8.326672684688674e-18), 'Mean': np.float64(38.800000000000004), 'Std': np.float64(28.65937891860184)}
2024-11-09 16:41:53,285 - INFO - Bottom 10 Std Stats: {'Max': np.float64(0.9999998932155956), 'Min': np.float64(0.0), 'Mean': np.float64(0.29999996636106846), 'Std': np.float64(0.45825751811126736)}
[I 2024-11-09 16:41:53,324] Trial 7 finished with value: 42.0 and parameters: {'x_0': -3, 'x_1': -4, 'x_2': 4, 'x_3': -1, 'x_4': 0}. Best is trial 0 with value: 26.0.
2024-11-09 16:41:59,609 - INFO - Candidate Mean Stats: {'Max': np.float64(79.0), 'Min': np.float64(-1.0217382495625315e-13), 'Mean': np.float64(0.0026699616891543406), 'Std': np.float64(0.39423583917846206)}
2024-11-09 16:41:59,610 - INFO - Candidate Std Stats: {'Max': np.float64(0.9999999937138092), 'Min': np.float64(0.0), 'Mean': np.float64(0.9999503014269667), 'Std': np.float64(0.007047782338953057)}
2024-11-09 16:41:59,642 - INFO - Top 10 Mean Stats: {'Max': np.float64(5.88418203051333e-15), 'Min': np.float64(-5.515032874825465e-15), 'Mean': np.float64(2.342483845785282e-16), 'Std': np.float64(3.7095468397269384e-15)}
2024-11-09 16:41:59,643 - INFO - Top 10 Std Stats: {'Max': np.float64(0.9999999937138092), 'Min': np.float64(0.9999999926922294), 'Mean': np.float64(0.9999999930923609), 'Std': np.float64(3.2967787161038144e-10)}
2024-11-09 16:41:59,643 - INFO - Bottom 10 Mean Stats: {'Max': np.float64(79.0), 'Min': np.float64(-5.530020885657905e-14), 'Mean': np.float64(43.0), 'Std': np.float64(25.577333715616252)}
2024-11-09 16:41:59,643 - INFO - Bottom 10 Std Stats: {'Max': np.float64(0.9999998779378337), 'Min': np.float64(0.0), 'Mean': np.float64(0.19999997482242665), 'Std': np.float64(0.39999994964485325)}
[I 2024-11-09 16:41:59,679] Trial 8 finished with value: 58.0 and parameters: {'x_0': 3, 'x_1': 2, 'x_2': 5, 'x_3': -4, 'x_4': 2}. Best is trial 0 with value: 26.0.
2024-11-09 16:42:06,995 - INFO - Candidate Mean Stats: {'Max': np.float64(79.0), 'Min': np.float64(-1.234568003383174e-13), 'Mean': np.float64(0.0030300960565286827), 'Std': np.float64(0.4198900301433292)}
2024-11-09 16:42:06,995 - INFO - Candidate Std Stats: {'Max': np.float64(0.9999999925590756), 'Min': np.float64(0.0), 'Mean': np.float64(0.9999440919605626), 'Std': np.float64(0.007475278815345242)}
2024-11-09 16:42:07,029 - INFO - Top 10 Mean Stats: {'Max': np.float64(8.981704269217517e-15), 'Min': np.float64(-2.7033930649622563e-15), 'Mean': np.float64(1.4647311141757769e-15), 'Std': np.float64(3.2054054438026178e-15)}
2024-11-09 16:42:07,029 - INFO - Top 10 Std Stats: {'Max': np.float64(0.9999999925590756), 'Min': np.float64(0.9999999921043036), 'Mean': np.float64(0.9999999922720819), 'Std': np.float64(1.614923470627986e-10)}
2024-11-09 16:42:07,030 - INFO - Bottom 10 Mean Stats: {'Max': np.float64(79.0), 'Min': np.float64(-3.47277762102749e-14), 'Mean': np.float64(48.8), 'Std': np.float64(21.404672387121472)}
2024-11-09 16:42:07,030 - INFO - Bottom 10 Std Stats: {'Max': np.float64(0.9999998371551844), 'Min': np.float64(0.0), 'Mean': np.float64(0.09999998371551844), 'Std': np.float64(0.2999999511465553)}
[I 2024-11-09 16:42:07,071] Trial 9 finished with value: 29.0 and parameters: {'x_0': 1, 'x_1': 5, 'x_2': -1, 'x_3': -1, 'x_4': 1}. Best is trial 0 with value: 26.0.
2024-11-09 16:42:14,980 - INFO - Candidate Mean Stats: {'Max': np.float64(79.0), 'Min': np.float64(-1.0533796057643485e-13), 'Mean': np.float64(0.003210163240215768), 'Std': np.float64(0.42606157075565537)}
2024-11-09 16:42:14,981 - INFO - Candidate Std Stats: {'Max': np.float64(0.999999993506539), 'Min': np.float64(0.0), 'Mean': np.float64(0.9999378838234382), 'Std': np.float64(0.007879611277668692)}
2024-11-09 16:42:15,024 - INFO - Top 10 Mean Stats: {'Max': np.float64(7.394085344003542e-15), 'Min': np.float64(-4.7073456244106636e-15), 'Mean': np.float64(1.2240208846492347e-15), 'Std': np.float64(3.199150798030744e-15)}
2024-11-09 16:42:15,024 - INFO - Top 10 Std Stats: {'Max': np.float64(0.999999993506539), 'Min': np.float64(0.9999999926922966), 'Mean': np.float64(0.9999999929670447), 'Std': np.float64(2.439413231562999e-10)}
2024-11-09 16:42:15,024 - INFO - Bottom 10 Mean Stats: {'Max': np.float64(79.0), 'Min': np.float64(26.0), 'Mean': np.float64(51.7), 'Std': np.float64(15.836982035728903)}
2024-11-09 16:42:15,024 - INFO - Bottom 10 Std Stats: {'Max': np.float64(0.0), 'Min': np.float64(0.0), 'Mean': np.float64(0.0), 'Std': np.float64(0.0)}
[I 2024-11-09 16:42:15,057] Trial 10 finished with value: 34.0 and parameters: {'x_0': 2, 'x_1': -3, 'x_2': -1, 'x_3': -2, 'x_4': -4}. Best is trial 0 with value: 26.0.
2024-11-09 16:42:21,156 - INFO - Candidate Mean Stats: {'Max': np.float64(79.0), 'Min': np.float64(-1.404293348272745e-13), 'Mean': np.float64(0.0034212764900558913), 'Std': np.float64(0.4344017870411534)}
2024-11-09 16:42:21,158 - INFO - Candidate Std Stats: {'Max': np.float64(0.9999999936226709), 'Min': np.float64(0.0), 'Mean': np.float64(0.9999316737517578), 'Std': np.float64(0.008264180362322198)}
2024-11-09 16:42:21,185 - INFO - Top 10 Mean Stats: {'Max': np.float64(2.4868995751603505e-15), 'Min': np.float64(-6.217248937900877e-15), 'Mean': np.float64(-1.6076029396572267e-15), 'Std': np.float64(2.8347922596542983e-15)}
2024-11-09 16:42:21,185 - INFO - Top 10 Std Stats: {'Max': np.float64(0.9999999936226709), 'Min': np.float64(0.9999999925470372), 'Mean': np.float64(0.999999992924057), 'Std': np.float64(3.0981415161763634e-10)}
2024-11-09 16:42:21,185 - INFO - Bottom 10 Mean Stats: {'Max': np.float64(79.0), 'Min': np.float64(29.0), 'Mean': np.float64(52.5), 'Std': np.float64(14.678215150351217)}
2024-11-09 16:42:21,185 - INFO - Bottom 10 Std Stats: {'Max': np.float64(0.0), 'Min': np.float64(0.0), 'Mean': np.float64(0.0), 'Std': np.float64(0.0)}
[I 2024-11-09 16:42:21,229] Trial 11 finished with value: 109.0 and parameters: {'x_0': 5, 'x_1': 5, 'x_2': -3, 'x_3': 5, 'x_4': 5}. Best is trial 0 with value: 26.0.
2024-11-09 16:42:28,731 - INFO - Candidate Mean Stats: {'Max': np.float64(109.0), 'Min': np.float64(-9.046097204645775e-14), 'Mean': np.float64(0.004098080732190374), 'Std': np.float64(0.5123197105756714)}
2024-11-09 16:42:28,732 - INFO - Candidate Std Stats: {'Max': np.float64(0.9999999957557576), 'Min': np.float64(0.0), 'Mean': np.float64(0.9999254742029159), 'Std': np.float64(0.008631628158865737)}
2024-11-09 16:42:28,766 - INFO - Top 10 Mean Stats: {'Max': np.float64(5.523359547510154e-15), 'Min': np.float64(-4.6629367034256575e-15), 'Mean': np.float64(1.5570877920367821e-16), 'Std': np.float64(2.9495562907567563e-15)}
2024-11-09 16:42:28,767 - INFO - Top 10 Std Stats: {'Max': np.float64(0.9999999957557576), 'Min': np.float64(0.9999999951408834), 'Mean': np.float64(0.9999999952622265), 'Std': np.float64(1.747212582158462e-10)}
2024-11-09 16:42:28,767 - INFO - Bottom 10 Mean Stats: {'Max': np.float64(109.0), 'Min': np.float64(34.0), 'Mean': np.float64(60.5), 'Std': np.float64(20.3825906106167)}
2024-11-09 16:42:28,767 - INFO - Bottom 10 Std Stats: {'Max': np.float64(0.0), 'Min': np.float64(0.0), 'Mean': np.float64(0.0), 'Std': np.float64(0.0)}
[I 2024-11-09 16:42:28,804] Trial 12 finished with value: 34.0 and parameters: {'x_0': 1, 'x_1': 2, 'x_2': -3, 'x_3': -2, 'x_4': -4}. Best is trial 0 with value: 26.0.
2024-11-09 16:42:34,373 - INFO - Candidate Mean Stats: {'Max': np.float64(109.0), 'Min': np.float64(-1.0877271305886893e-13), 'Mean': np.float64(0.004309193982030506), 'Std': np.float64(0.5192759973769405)}
2024-11-09 16:42:34,373 - INFO - Candidate Std Stats: {'Max': np.float64(0.9999999950205939), 'Min': np.float64(0.0), 'Mean': np.float64(0.9999192640388583), 'Std': np.float64(0.00898405552646249)}
2024-11-09 16:42:34,414 - INFO - Top 10 Mean Stats: {'Max': np.float64(2.8449465006019636e-15), 'Min': np.float64(-4.596323321948148e-15), 'Mean': np.float64(-6.291148157977488e-16), 'Std': np.float64(2.2932170310686643e-15)}
2024-11-09 16:42:34,414 - INFO - Top 10 Std Stats: {'Max': np.float64(0.9999999950205939), 'Min': np.float64(0.9999999944543773), 'Mean': np.float64(0.9999999946864261), 'Std': np.float64(1.7026269199737798e-10)}
2024-11-09 16:42:34,414 - INFO - Bottom 10 Mean Stats: {'Max': np.float64(109.0), 'Min': np.float64(34.0), 'Mean': np.float64(60.5), 'Std': np.float64(20.3825906106167)}
2024-11-09 16:42:34,414 - INFO - Bottom 10 Std Stats: {'Max': np.float64(0.0), 'Min': np.float64(0.0), 'Mean': np.float64(0.0), 'Std': np.float64(0.0)}
[I 2024-11-09 16:42:34,454] Trial 13 finished with value: 19.0 and parameters: {'x_0': 1, 'x_1': 1, 'x_2': 0, 'x_3': 1, 'x_4': 4}. Best is trial 13 with value: 19.0.
2024-11-09 16:42:44,004 - INFO - Candidate Mean Stats: {'Max': np.float64(109.0), 'Min': np.float64(-1.3293810496861625e-13), 'Mean': np.float64(0.00442716903341175), 'Std': np.float64(0.5214288606849301)}
2024-11-09 16:42:44,006 - INFO - Candidate Std Stats: {'Max': np.float64(0.9999999984418314), 'Min': np.float64(0.0), 'Mean': np.float64(0.9999130568986299), 'Std': np.float64(0.009323166099862576)}
2024-11-09 16:42:44,050 - INFO - Top 10 Mean Stats: {'Max': np.float64(2.2815083156046968e-15), 'Min': np.float64(-1.9984014443252818e-15), 'Mean': np.float64(1.8762769116165152e-16), 'Std': np.float64(1.2822806786620275e-15)}
2024-11-09 16:42:44,050 - INFO - Top 10 Std Stats: {'Max': np.float64(0.9999999984418314), 'Min': np.float64(0.9999999978024225), 'Mean': np.float64(0.9999999980259178), 'Std': np.float64(1.7750605151379558e-10)}
2024-11-09 16:42:44,050 - INFO - Bottom 10 Mean Stats: {'Max': np.float64(109.0), 'Min': np.float64(34.0), 'Mean': np.float64(60.5), 'Std': np.float64(20.3825906106167)}
2024-11-09 16:42:44,050 - INFO - Bottom 10 Std Stats: {'Max': np.float64(0.0), 'Min': np.float64(0.0), 'Mean': np.float64(0.0), 'Std': np.float64(0.0)}
[I 2024-11-09 16:42:44,096] Trial 14 finished with value: 51.0 and parameters: {'x_0': 3, 'x_1': -1, 'x_2': -4, 'x_3': -4, 'x_4': -3}. Best is trial 13 with value: 19.0.
2024-11-09 16:42:52,775 - INFO - Candidate Mean Stats: {'Max': np.float64(109.0), 'Min': np.float64(-8.848477506262498e-14), 'Mean': np.float64(0.004743838908171955), 'Std': np.float64(0.536689217504895)}
2024-11-09 16:42:52,776 - INFO - Candidate Std Stats: {'Max': np.float64(0.9999999961581173), 'Min': np.float64(0.0), 'Mean': np.float64(0.9999068472583049), 'Std': np.float64(0.009650363776864667)}
2024-11-09 16:42:52,807 - INFO - Top 10 Mean Stats: {'Max': np.float64(4.71289673953379e-15), 'Min': np.float64(-3.672756543338096e-15), 'Mean': np.float64(2.435551760271439e-17), 'Std': np.float64(2.561593795182462e-15)}
2024-11-09 16:42:52,807 - INFO - Top 10 Std Stats: {'Max': np.float64(0.9999999961581173), 'Min': np.float64(0.9999999956187398), 'Mean': np.float64(0.9999999958834357), 'Std': np.float64(1.7805698160487795e-10)}
2024-11-09 16:42:52,808 - INFO - Bottom 10 Mean Stats: {'Max': np.float64(109.0), 'Min': np.float64(42.0), 'Mean': np.float64(62.2), 'Std': np.float64(18.74459922217597)}
2024-11-09 16:42:52,808 - INFO - Bottom 10 Std Stats: {'Max': np.float64(0.0), 'Min': np.float64(0.0), 'Mean': np.float64(0.0), 'Std': np.float64(0.0)}
