[I 2024-11-09 17:19:34,453] Trial 223 finished with value: 66.0 and parameters: {'x_0': -3, 'x_1': 0, 'x_2': 4, 'x_3': 4, 'x_4': 5}. Best is trial 162 with value: 9.0.
2024-11-09 17:19:44,035 - INFO - Candidate Mean Stats: {'Max': np.float64(107.0), 'Min': np.float64(-4.59243754136196e-14), 'Mean': np.float64(0.07003371602784214), 'Std': np.float64(2.0186018119368145)}
2024-11-09 17:19:44,036 - INFO - Candidate Std Stats: {'Max': np.float64(0.9999999971649675), 'Min': np.float64(0.0), 'Mean': np.float64(0.9986091251148493), 'Std': np.float64(0.03726834086334542)}
2024-11-09 17:19:44,062 - INFO - Top 10 Mean Stats: {'Max': np.float64(2.366162821232365e-15), 'Min': np.float64(-7.049916206369744e-16), 'Mean': np.float64(8.733291867457639e-16), 'Std': np.float64(9.88411092265208e-16)}
2024-11-09 17:19:44,063 - INFO - Top 10 Std Stats: {'Max': np.float64(0.9999999971649675), 'Min': np.float64(0.9999999966733096), 'Mean': np.float64(0.9999999968689947), 'Std': np.float64(1.5965074755302265e-10)}
2024-11-09 17:19:44,063 - INFO - Bottom 10 Mean Stats: {'Max': np.float64(107.0), 'Min': np.float64(88.0), 'Mean': np.float64(94.0), 'Std': np.float64(6.04979338490167)}
2024-11-09 17:19:44,063 - INFO - Bottom 10 Std Stats: {'Max': np.float64(0.0), 'Min': np.float64(0.0), 'Mean': np.float64(0.0), 'Std': np.float64(0.0)}
[I 2024-11-09 17:19:44,100] Trial 224 finished with value: 35.0 and parameters: {'x_0': -2, 'x_1': -1, 'x_2': -1, 'x_3': -2, 'x_4': 5}. Best is trial 162 with value: 9.0.
2024-11-09 17:19:53,840 - INFO - Candidate Mean Stats: {'Max': np.float64(107.0), 'Min': np.float64(-6.121769757783113e-14), 'Mean': np.float64(0.07025103849091281), 'Std': np.float64(2.020477437224599)}
2024-11-09 17:19:53,841 - INFO - Candidate Std Stats: {'Max': np.float64(0.9999999966762588), 'Min': np.float64(0.0), 'Mean': np.float64(0.998602915590443), 'Std': np.float64(0.037351320351974394)}
2024-11-09 17:19:53,863 - INFO - Top 10 Mean Stats: {'Max': np.float64(2.7089441800853818e-15), 'Min': np.float64(-2.242650509742816e-15), 'Mean': np.float64(4.508893258758917e-16), 'Std': np.float64(1.4965684953680125e-15)}
2024-11-09 17:19:53,863 - INFO - Top 10 Std Stats: {'Max': np.float64(0.9999999966762588), 'Min': np.float64(0.9999999964833284), 'Mean': np.float64(0.9999999965595283), 'Std': np.float64(6.597731848049247e-11)}
2024-11-09 17:19:53,863 - INFO - Bottom 10 Mean Stats: {'Max': np.float64(107.0), 'Min': np.float64(88.0), 'Mean': np.float64(94.0), 'Std': np.float64(6.04979338490167)}
2024-11-09 17:19:53,863 - INFO - Bottom 10 Std Stats: {'Max': np.float64(0.0), 'Min': np.float64(0.0), 'Mean': np.float64(0.0), 'Std': np.float64(0.0)}
[I 2024-11-09 17:19:53,892] Trial 225 finished with value: 45.0 and parameters: {'x_0': 0, 'x_1': -3, 'x_2': -2, 'x_3': -4, 'x_4': -4}. Best is trial 162 with value: 9.0.
2024-11-09 17:20:05,823 - INFO - Candidate Mean Stats: {'Max': np.float64(107.0), 'Min': np.float64(-6.551426068313049e-14), 'Mean': np.float64(0.07053045308628944), 'Std': np.float64(2.023576881347018)}
2024-11-09 17:20:05,825 - INFO - Candidate Std Stats: {'Max': np.float64(0.9999999965562266), 'Min': np.float64(0.0), 'Mean': np.float64(0.998596706229541), 'Std': np.float64(0.03743411487811126)}
2024-11-09 17:20:05,854 - INFO - Top 10 Mean Stats: {'Max': np.float64(4.174438572590589e-15), 'Min': np.float64(-3.0489282973333866e-15), 'Mean': np.float64(-1.7360895707141383e-16), 'Std': np.float64(2.215413471113928e-15)}
2024-11-09 17:20:05,854 - INFO - Top 10 Std Stats: {'Max': np.float64(0.9999999965562266), 'Min': np.float64(0.9999999963250118), 'Mean': np.float64(0.9999999964371306), 'Std': np.float64(9.764255829206609e-11)}
2024-11-09 17:20:05,854 - INFO - Bottom 10 Mean Stats: {'Max': np.float64(107.0), 'Min': np.float64(88.0), 'Mean': np.float64(94.0), 'Std': np.float64(6.04979338490167)}
2024-11-09 17:20:05,854 - INFO - Bottom 10 Std Stats: {'Max': np.float64(0.0), 'Min': np.float64(0.0), 'Mean': np.float64(0.0), 'Std': np.float64(0.0)}
[I 2024-11-09 17:20:05,885] Trial 226 finished with value: 50.0 and parameters: {'x_0': -3, 'x_1': -3, 'x_2': -4, 'x_3': 0, 'x_4': 4}. Best is trial 162 with value: 9.0.
2024-11-09 17:20:14,948 - INFO - Candidate Mean Stats: {'Max': np.float64(107.0), 'Min': np.float64(-5.6538107529036097e-14), 'Mean': np.float64(0.07084091374781903), 'Std': np.float64(2.027397972167905)}
2024-11-09 17:20:14,949 - INFO - Candidate Std Stats: {'Max': np.float64(0.9999999969389128), 'Min': np.float64(0.0), 'Mean': np.float64(0.9985904972367646), 'Std': np.float64(0.03751672567408909)}
2024-11-09 17:20:14,973 - INFO - Top 10 Mean Stats: {'Max': np.float64(4.990452495690079e-15), 'Min': np.float64(-3.630819603306357e-15), 'Mean': np.float64(6.669447980001131e-16), 'Std': np.float64(2.312424166353385e-15)}
2024-11-09 17:20:14,974 - INFO - Top 10 Std Stats: {'Max': np.float64(0.9999999969389128), 'Min': np.float64(0.999999996204303), 'Mean': np.float64(0.9999999963758339), 'Std': np.float64(2.0765576485278063e-10)}
2024-11-09 17:20:14,974 - INFO - Bottom 10 Mean Stats: {'Max': np.float64(107.0), 'Min': np.float64(88.0), 'Mean': np.float64(94.0), 'Std': np.float64(6.04979338490167)}
2024-11-09 17:20:14,974 - INFO - Bottom 10 Std Stats: {'Max': np.float64(0.0), 'Min': np.float64(0.0), 'Mean': np.float64(0.0), 'Std': np.float64(0.0)}
[I 2024-11-09 17:20:15,006] Trial 227 finished with value: 76.0 and parameters: {'x_0': -4, 'x_1': -5, 'x_2': 5, 'x_3': 1, 'x_4': -3}. Best is trial 162 with value: 9.0.
2024-11-09 17:20:25,864 - INFO - Candidate Mean Stats: {'Max': np.float64(107.0), 'Min': np.float64(-5.861977570020827e-14), 'Mean': np.float64(0.07131281395334399), 'Std': np.float64(2.0362072268796987)}
2024-11-09 17:20:25,865 - INFO - Candidate Std Stats: {'Max': np.float64(0.9999999983970757), 'Min': np.float64(0.0), 'Mean': np.float64(0.998584287701508), 'Std': np.float64(0.037599153916849315)}
2024-11-09 17:20:25,889 - INFO - Top 10 Mean Stats: {'Max': np.float64(2.3314683517128287e-15), 'Min': np.float64(-9.658940314238861e-16), 'Mean': np.float64(6.714073741420634e-16), 'Std': np.float64(9.04274310772297e-16)}
2024-11-09 17:20:25,889 - INFO - Top 10 Std Stats: {'Max': np.float64(0.9999999983970757), 'Min': np.float64(0.9999999981560129), 'Mean': np.float64(0.9999999982587887), 'Std': np.float64(8.265397663884543e-11)}
2024-11-09 17:20:25,890 - INFO - Bottom 10 Mean Stats: {'Max': np.float64(107.0), 'Min': np.float64(88.0), 'Mean': np.float64(94.0), 'Std': np.float64(6.04979338490167)}
2024-11-09 17:20:25,890 - INFO - Bottom 10 Std Stats: {'Max': np.float64(0.0), 'Min': np.float64(0.0), 'Mean': np.float64(0.0), 'Std': np.float64(0.0)}
[I 2024-11-09 17:20:25,926] Trial 228 finished with value: 42.0 and parameters: {'x_0': 0, 'x_1': -4, 'x_2': 1, 'x_3': 5, 'x_4': 0}. Best is trial 162 with value: 9.0.
2024-11-09 17:20:36,438 - INFO - Candidate Mean Stats: {'Max': np.float64(107.0), 'Min': np.float64(-5.264677582772492e-14), 'Mean': np.float64(0.07157360090902881), 'Std': np.float64(2.038885886954622)}
2024-11-09 17:20:36,438 - INFO - Candidate Std Stats: {'Max': np.float64(0.9999999968886996), 'Min': np.float64(0.0), 'Mean': np.float64(0.9985780786290794), 'Std': np.float64(0.037681400842067066)}
2024-11-09 17:20:36,463 - INFO - Top 10 Mean Stats: {'Max': np.float64(2.253752739989068e-15), 'Min': np.float64(-2.6756374893466274e-15), 'Mean': np.float64(3.365363543395002e-17), 'Std': np.float64(1.4269301516376885e-15)}
2024-11-09 17:20:36,463 - INFO - Top 10 Std Stats: {'Max': np.float64(0.9999999968886996), 'Min': np.float64(0.9999999966113302), 'Mean': np.float64(0.999999996707422), 'Std': np.float64(8.681392455044681e-11)}
2024-11-09 17:20:36,464 - INFO - Bottom 10 Mean Stats: {'Max': np.float64(107.0), 'Min': np.float64(88.0), 'Mean': np.float64(94.0), 'Std': np.float64(6.04979338490167)}
2024-11-09 17:20:36,464 - INFO - Bottom 10 Std Stats: {'Max': np.float64(0.0), 'Min': np.float64(0.0), 'Mean': np.float64(0.0), 'Std': np.float64(0.0)}
[I 2024-11-09 17:20:36,495] Trial 229 finished with value: 31.0 and parameters: {'x_0': -2, 'x_1': 1, 'x_2': -1, 'x_3': 4, 'x_4': -3}. Best is trial 162 with value: 9.0.
2024-11-09 17:20:45,346 - INFO - Candidate Mean Stats: {'Max': np.float64(107.0), 'Min': np.float64(-6.836753385641713e-14), 'Mean': np.float64(0.07176608651917714), 'Std': np.float64(2.040341913285648)}
2024-11-09 17:20:45,347 - INFO - Candidate Std Stats: {'Max': np.float64(0.9999999967512118), 'Min': np.float64(0.0), 'Mean': np.float64(0.9985718697034818), 'Std': np.float64(0.03776346762272189)}
2024-11-09 17:20:45,380 - INFO - Top 10 Mean Stats: {'Max': np.float64(3.674838211509268e-15), 'Min': np.float64(-2.4646951146678474e-15), 'Mean': np.float64(6.386557949156213e-16), 'Std': np.float64(1.9318268245558724e-15)}
2024-11-09 17:20:45,380 - INFO - Top 10 Std Stats: {'Max': np.float64(0.9999999967512118), 'Min': np.float64(0.9999999963946706), 'Mean': np.float64(0.9999999965293629), 'Std': np.float64(1.1122522298882957e-10)}
2024-11-09 17:20:45,380 - INFO - Bottom 10 Mean Stats: {'Max': np.float64(107.0), 'Min': np.float64(88.0), 'Mean': np.float64(94.0), 'Std': np.float64(6.04979338490167)}
2024-11-09 17:20:45,380 - INFO - Bottom 10 Std Stats: {'Max': np.float64(0.0), 'Min': np.float64(0.0), 'Mean': np.float64(0.0), 'Std': np.float64(0.0)}
[I 2024-11-09 17:20:45,416] Trial 230 finished with value: 22.0 and parameters: {'x_0': 1, 'x_1': 1, 'x_2': 4, 'x_3': -2, 'x_4': 0}. Best is trial 162 with value: 9.0.
2024-11-09 17:20:56,112 - INFO - Candidate Mean Stats: {'Max': np.float64(107.0), 'Min': np.float64(-5.5266902165840294e-14), 'Mean': np.float64(0.07190268921025014), 'Std': np.float64(2.0410734324791844)}
2024-11-09 17:20:56,113 - INFO - Candidate Std Stats: {'Max': np.float64(0.999999996984144), 'Min': np.float64(0.0), 'Mean': np.float64(0.9985656602385052), 'Std': np.float64(0.0378453554047969)}
2024-11-09 17:20:56,138 - INFO - Top 10 Mean Stats: {'Max': np.float64(1.4765966227514583e-15), 'Min': np.float64(-5.231579058850855e-15), 'Mean': np.float64(-8.44289915757912e-16), 'Std': np.float64(1.961119178566711e-15)}
2024-11-09 17:20:56,139 - INFO - Top 10 Std Stats: {'Max': np.float64(0.999999996984144), 'Min': np.float64(0.999999996463366), 'Mean': np.float64(0.9999999966697327), 'Std': np.float64(1.64121042243617e-10)}
2024-11-09 17:20:56,143 - INFO - Bottom 10 Mean Stats: {'Max': np.float64(107.0), 'Min': np.float64(88.0), 'Mean': np.float64(94.0), 'Std': np.float64(6.04979338490167)}
2024-11-09 17:20:56,143 - INFO - Bottom 10 Std Stats: {'Max': np.float64(0.0), 'Min': np.float64(0.0), 'Mean': np.float64(0.0), 'Std': np.float64(0.0)}
[I 2024-11-09 17:20:56,174] Trial 231 finished with value: 79.0 and parameters: {'x_0': -2, 'x_1': 4, 'x_2': 5, 'x_3': 5, 'x_4': -3}. Best is trial 162 with value: 9.0.
2024-11-09 17:21:10,725 - INFO - Candidate Mean Stats: {'Max': np.float64(107.0), 'Min': np.float64(-6.850076061937216e-14), 'Mean': np.float64(0.07239321705546689), 'Std': np.float64(2.0505271701161405)}
2024-11-09 17:21:10,726 - INFO - Candidate Std Stats: {'Max': np.float64(0.9999999973995802), 'Min': np.float64(0.0), 'Mean': np.float64(0.9985594514179217), 'Std': np.float64(0.03792706539240873)}
2024-11-09 17:21:10,766 - INFO - Top 10 Mean Stats: {'Max': np.float64(3.337607967779377e-15), 'Min': np.float64(-2.3148150063434515e-15), 'Mean': np.float64(-1.1639994523804375e-16), 'Std': np.float64(1.883114654810837e-15)}
2024-11-09 17:21:10,766 - INFO - Top 10 Std Stats: {'Max': np.float64(0.9999999973995802), 'Min': np.float64(0.9999999969656601), 'Mean': np.float64(0.999999997137536), 'Std': np.float64(1.3989459235261757e-10)}
2024-11-09 17:21:10,766 - INFO - Bottom 10 Mean Stats: {'Max': np.float64(107.0), 'Min': np.float64(88.0), 'Mean': np.float64(94.0), 'Std': np.float64(6.04979338490167)}
2024-11-09 17:21:10,767 - INFO - Bottom 10 Std Stats: {'Max': np.float64(0.0), 'Min': np.float64(0.0), 'Mean': np.float64(0.0), 'Std': np.float64(0.0)}
[I 2024-11-09 17:21:10,811] Trial 232 finished with value: 67.0 and parameters: {'x_0': 5, 'x_1': -5, 'x_2': 3, 'x_3': -2, 'x_4': -2}. Best is trial 162 with value: 9.0.
2024-11-09 17:21:22,328 - INFO - Candidate Mean Stats: {'Max': np.float64(107.0), 'Min': np.float64(-4.8783199702029376e-14), 'Mean': np.float64(0.07280923434191654), 'Std': np.float64(2.057297845924799)}
2024-11-09 17:21:22,330 - INFO - Candidate Std Stats: {'Max': np.float64(0.9999999969480107), 'Min': np.float64(0.0), 'Mean': np.float64(0.9985532421318566), 'Std': np.float64(0.03800859869028237)}
2024-11-09 17:21:22,358 - INFO - Top 10 Mean Stats: {'Max': np.float64(2.5202062658991053e-15), 'Min': np.float64(-1.3433698597964394e-15), 'Mean': np.float64(1.3378187446733137e-16), 'Std': np.float64(1.0821697829097797e-15)}
2024-11-09 17:21:22,358 - INFO - Top 10 Std Stats: {'Max': np.float64(0.9999999969480107), 'Min': np.float64(0.9999999964554822), 'Mean': np.float64(0.9999999966557453), 'Std': np.float64(1.7649659400539128e-10)}
2024-11-09 17:21:22,358 - INFO - Bottom 10 Mean Stats: {'Max': np.float64(107.0), 'Min': np.float64(88.0), 'Mean': np.float64(94.0), 'Std': np.float64(6.04979338490167)}
2024-11-09 17:21:22,358 - INFO - Bottom 10 Std Stats: {'Max': np.float64(0.0), 'Min': np.float64(0.0), 'Mean': np.float64(0.0), 'Std': np.float64(0.0)}
[I 2024-11-09 17:21:22,389] Trial 233 finished with value: 19.0 and parameters: {'x_0': -1, 'x_1': -3, 'x_2': 1, 'x_3': -2, 'x_4': -2}. Best is trial 162 with value: 9.0.
2024-11-09 17:21:33,249 - INFO - Candidate Mean Stats: {'Max': np.float64(107.0), 'Min': np.float64(-1.1444734049348425e-13), 'Mean': np.float64(0.07292720939329778), 'Std': np.float64(2.057838370610924)}
2024-11-09 17:21:33,251 - INFO - Candidate Std Stats: {'Max': np.float64(0.999999997128226), 'Min': np.float64(0.0), 'Mean': np.float64(0.9985470325420689), 'Std': np.float64(0.03808995643899799)}
2024-11-09 17:21:33,283 - INFO - Top 10 Mean Stats: {'Max': np.float64(4.596323321948148e-15), 'Min': np.float64(-1.2323475573339237e-15), 'Mean': np.float64(6.990588663491336e-16), 'Std': np.float64(2.1117483104458815e-15)}
2024-11-09 17:21:33,283 - INFO - Top 10 Std Stats: {'Max': np.float64(0.999999997128226), 'Min': np.float64(0.9999999965919147), 'Mean': np.float64(0.9999999967685277), 'Std': np.float64(1.6499148304429247e-10)}
2024-11-09 17:21:33,283 - INFO - Bottom 10 Mean Stats: {'Max': np.float64(107.0), 'Min': np.float64(88.0), 'Mean': np.float64(94.0), 'Std': np.float64(6.04979338490167)}
2024-11-09 17:21:33,283 - INFO - Bottom 10 Std Stats: {'Max': np.float64(0.0), 'Min': np.float64(0.0), 'Mean': np.float64(0.0), 'Std': np.float64(0.0)}
[I 2024-11-09 17:21:33,323] Trial 234 finished with value: 34.0 and parameters: {'x_0': 0, 'x_1': 0, 'x_2': 0, 'x_3': 3, 'x_4': -5}. Best is trial 162 with value: 9.0.
2024-11-09 17:21:47,547 - INFO - Candidate Mean Stats: {'Max': np.float64(107.0), 'Min': np.float64(-5.384581669432009e-14), 'Mean': np.float64(0.0731383226431379), 'Std': np.float64(2.0595741729017747)}
2024-11-09 17:21:47,548 - INFO - Candidate Std Stats: {'Max': np.float64(0.9999999969376564), 'Min': np.float64(0.0), 'Mean': np.float64(0.998540823357874), 'Std': np.float64(0.038171139788015715)}
2024-11-09 17:21:47,614 - INFO - Top 10 Mean Stats: {'Max': np.float64(2.6451063561694354e-15), 'Min': np.float64(-4.8072656966269275e-15), 'Mean': np.float64(-2.8704469356988227e-16), 'Std': np.float64(2.4999777317487556e-15)}
2024-11-09 17:21:47,618 - INFO - Top 10 Std Stats: {'Max': np.float64(0.9999999969376564), 'Min': np.float64(0.9999999964964302), 'Mean': np.float64(0.9999999966051748), 'Std': np.float64(1.2926960845365466e-10)}
2024-11-09 17:21:47,619 - INFO - Bottom 10 Mean Stats: {'Max': np.float64(107.0), 'Min': np.float64(88.0), 'Mean': np.float64(94.0), 'Std': np.float64(6.04979338490167)}
2024-11-09 17:21:47,619 - INFO - Bottom 10 Std Stats: {'Max': np.float64(0.0), 'Min': np.float64(0.0), 'Mean': np.float64(0.0), 'Std': np.float64(0.0)}
[I 2024-11-09 17:21:47,682] Trial 235 finished with value: 68.0 and parameters: {'x_0': 1, 'x_1': -5, 'x_2': 1, 'x_3': 4, 'x_4': -5}. Best is trial 162 with value: 9.0.
2024-11-09 17:22:00,093 - INFO - Candidate Mean Stats: {'Max': np.float64(107.0), 'Min': np.float64(-5.617728504603292e-14), 'Mean': np.float64(0.07356054914281812), 'Std': np.float64(2.0665176591336314)}
2024-11-09 17:22:00,094 - INFO - Candidate Std Stats: {'Max': np.float64(0.9999999972972933), 'Min': np.float64(0.0), 'Mean': np.float64(0.9985346143934597), 'Std': np.float64(0.03825214984081144)}
2024-11-09 17:22:00,136 - INFO - Top 10 Mean Stats: {'Max': np.float64(3.574918139293004e-15), 'Min': np.float64(-2.7977620220553944e-15), 'Mean': np.float64(1.0700468289215335e-15), 'Std': np.float64(2.0639025883423774e-15)}
2024-11-09 17:22:00,136 - INFO - Top 10 Std Stats: {'Max': np.float64(0.9999999972972933), 'Min': np.float64(0.9999999967255065), 'Mean': np.float64(0.9999999969061065), 'Std': np.float64(1.8311166172178472e-10)}
2024-11-09 17:22:00,137 - INFO - Bottom 10 Mean Stats: {'Max': np.float64(107.0), 'Min': np.float64(88.0), 'Mean': np.float64(94.0), 'Std': np.float64(6.04979338490167)}
2024-11-09 17:22:00,137 - INFO - Bottom 10 Std Stats: {'Max': np.float64(0.0), 'Min': np.float64(0.0), 'Mean': np.float64(0.0), 'Std': np.float64(0.0)}
[I 2024-11-09 17:22:00,181] Trial 236 finished with value: 48.0 and parameters: {'x_0': -4, 'x_1': 0, 'x_2': -4, 'x_3': -4, 'x_4': 0}. Best is trial 162 with value: 9.0.
2024-11-09 17:22:12,661 - INFO - Candidate Mean Stats: {'Max': np.float64(107.0), 'Min': np.float64(-6.830092047493964e-14), 'Mean': np.float64(0.07385859137788649), 'Std': np.float64(2.0699655373131924)}
2024-11-09 17:22:12,662 - INFO - Candidate Std Stats: {'Max': np.float64(0.9999999968916976), 'Min': np.float64(0.0), 'Mean': np.float64(0.9985284052097001), 'Std': np.float64(0.03833298767932786)}
2024-11-09 17:22:12,705 - INFO - Top 10 Mean Stats: {'Max': np.float64(3.941291737419306e-15), 'Min': np.float64(-2.7033930649622563e-15), 'Mean': np.float64(1.3600232051658223e-17), 'Std': np.float64(1.988660341130597e-15)}
2024-11-09 17:22:12,705 - INFO - Top 10 Std Stats: {'Max': np.float64(0.9999999968916976), 'Min': np.float64(0.9999999966679427), 'Mean': np.float64(0.9999999967523674), 'Std': np.float64(6.241493416736269e-11)}
2024-11-09 17:22:12,708 - INFO - Bottom 10 Mean Stats: {'Max': np.float64(107.0), 'Min': np.float64(88.0), 'Mean': np.float64(94.0), 'Std': np.float64(6.04979338490167)}
2024-11-09 17:22:12,709 - INFO - Bottom 10 Std Stats: {'Max': np.float64(0.0), 'Min': np.float64(0.0), 'Mean': np.float64(0.0), 'Std': np.float64(0.0)}
[I 2024-11-09 17:22:12,779] Trial 237 finished with value: 34.0 and parameters: {'x_0': 0, 'x_1': 3, 'x_2': -4, 'x_3': 0, 'x_4': 3}. Best is trial 162 with value: 9.0.
2024-11-09 17:22:25,963 - INFO - Candidate Mean Stats: {'Max': np.float64(107.0), 'Min': np.float64(-5.762057497804562e-14), 'Mean': np.float64(0.07406970462772663), 'Std': np.float64(2.0716910837611726)}
2024-11-09 17:22:25,964 - INFO - Candidate Std Stats: {'Max': np.float64(0.9999999971103627), 'Min': np.float64(0.0), 'Mean': np.float64(0.9985221960730827), 'Std': np.float64(0.03841365440093553)}
2024-11-09 17:22:25,997 - INFO - Top 10 Mean Stats: {'Max': np.float64(4.274358644806853e-15), 'Min': np.float64(-4.660161145864095e-15), 'Mean': np.float64(1.169342400686446e-15), 'Std': np.float64(2.4384728999325317e-15)}
2024-11-09 17:22:25,997 - INFO - Top 10 Std Stats: {'Max': np.float64(0.9999999971103627), 'Min': np.float64(0.9999999963639884), 'Mean': np.float64(0.9999999966459407), 'Std': np.float64(2.1890120247767612e-10)}
2024-11-09 17:22:25,997 - INFO - Bottom 10 Mean Stats: {'Max': np.float64(107.0), 'Min': np.float64(88.0), 'Mean': np.float64(94.0), 'Std': np.float64(6.04979338490167)}
2024-11-09 17:22:25,998 - INFO - Bottom 10 Std Stats: {'Max': np.float64(0.0), 'Min': np.float64(0.0), 'Mean': np.float64(0.0), 'Std': np.float64(0.0)}
[I 2024-11-09 17:22:26,040] Trial 238 finished with value: 23.0 and parameters: {'x_0': -3, 'x_1': -3, 'x_2': 2, 'x_3': -1, 'x_4': 0}. Best is trial 162 with value: 9.0.
2024-11-09 17:22:39,916 - INFO - Candidate Mean Stats: {'Max': np.float64(107.0), 'Min': np.float64(-6.52811138479592e-14), 'Mean': np.float64(0.07421251653203023), 'Std': np.float64(2.072478575008231)}
2024-11-09 17:22:39,918 - INFO - Candidate Std Stats: {'Max': np.float64(0.9999999970562454), 'Min': np.float64(0.0), 'Mean': np.float64(0.998515986465442), 'Std': np.float64(0.03849415106143761)}
2024-11-09 17:22:40,016 - INFO - Top 10 Mean Stats: {'Max': np.float64(4.862776847858185e-15), 'Min': np.float64(-1.6986412276764896e-15), 'Mean': np.float64(8.984479826779079e-16), 'Std': np.float64(2.068184903344037e-15)}
2024-11-09 17:22:40,016 - INFO - Top 10 Std Stats: {'Max': np.float64(0.9999999970562454), 'Min': np.float64(0.9999999965335977), 'Mean': np.float64(0.999999996700786), 'Std': np.float64(1.7145210066897543e-10)}
2024-11-09 17:22:40,016 - INFO - Bottom 10 Mean Stats: {'Max': np.float64(107.0), 'Min': np.float64(88.0), 'Mean': np.float64(94.0), 'Std': np.float64(6.04979338490167)}
2024-11-09 17:22:40,016 - INFO - Bottom 10 Std Stats: {'Max': np.float64(0.0), 'Min': np.float64(0.0), 'Mean': np.float64(0.0), 'Std': np.float64(0.0)}
