[I 2024-11-09 17:18:56,290] Trial 223 finished with value: 73.0 and parameters: {'x_0': -4, 'x_1': -3, 'x_2': -4, 'x_3': 4, 'x_4': 4}. Best is trial 186 with value: 11.0.
2024-11-09 17:19:04,322 - INFO - Candidate Mean Stats: {'Max': np.float64(101.0), 'Min': np.float64(-6.23501250629488e-14), 'Mean': np.float64(0.06833239160266), 'Std': np.float64(1.9544600792240339)}
2024-11-09 17:19:04,323 - INFO - Candidate Std Stats: {'Max': np.float64(0.9999999974281385), 'Min': np.float64(0.0), 'Mean': np.float64(0.9986091235727904), 'Std': np.float64(0.037268340805795455)}
2024-11-09 17:19:04,350 - INFO - Top 10 Mean Stats: {'Max': np.float64(4.09949851842839e-15), 'Min': np.float64(-3.4843655738470146e-15), 'Mean': np.float64(-1.467576060676381e-17), 'Std': np.float64(1.9666865387937467e-15)}
2024-11-09 17:19:04,351 - INFO - Top 10 Std Stats: {'Max': np.float64(0.9999999974281385), 'Min': np.float64(0.9999999968193405), 'Mean': np.float64(0.9999999972440154), 'Std': np.float64(2.0860803429380688e-10)}
2024-11-09 17:19:04,351 - INFO - Bottom 10 Mean Stats: {'Max': np.float64(101.0), 'Min': np.float64(83.0), 'Mean': np.float64(90.9), 'Std': np.float64(7.569015788066505)}
2024-11-09 17:19:04,351 - INFO - Bottom 10 Std Stats: {'Max': np.float64(0.0), 'Min': np.float64(0.0), 'Mean': np.float64(0.0), 'Std': np.float64(0.0)}
[I 2024-11-09 17:19:04,388] Trial 224 finished with value: 54.0 and parameters: {'x_0': -4, 'x_1': -2, 'x_2': -4, 'x_3': -3, 'x_4': 3}. Best is trial 186 with value: 11.0.
2024-11-09 17:19:11,732 - INFO - Candidate Mean Stats: {'Max': np.float64(101.0), 'Min': np.float64(-6.398145901975739e-14), 'Mean': np.float64(0.06866768911711198), 'Std': np.float64(1.9590748661738986)}
2024-11-09 17:19:11,732 - INFO - Candidate Std Stats: {'Max': np.float64(0.9999999959159238), 'Min': np.float64(0.0), 'Mean': np.float64(0.9986029139804503), 'Std': np.float64(0.03735132029175497)}
2024-11-09 17:19:11,763 - INFO - Top 10 Mean Stats: {'Max': np.float64(3.630429290524262e-15), 'Min': np.float64(-2.1149748619109233e-15), 'Mean': np.float64(5.306866057708249e-16), 'Std': np.float64(1.9438863836166937e-15)}
2024-11-09 17:19:11,763 - INFO - Top 10 Std Stats: {'Max': np.float64(0.9999999959159238), 'Min': np.float64(0.99999999554488), 'Mean': np.float64(0.9999999956839997), 'Std': np.float64(1.0578704711608235e-10)}
2024-11-09 17:19:11,763 - INFO - Bottom 10 Mean Stats: {'Max': np.float64(101.0), 'Min': np.float64(83.0), 'Mean': np.float64(90.9), 'Std': np.float64(7.569015788066505)}
2024-11-09 17:19:11,763 - INFO - Bottom 10 Std Stats: {'Max': np.float64(0.0), 'Min': np.float64(0.0), 'Mean': np.float64(0.0), 'Std': np.float64(0.0)}
[I 2024-11-09 17:19:11,800] Trial 225 finished with value: 42.0 and parameters: {'x_0': 3, 'x_1': -3, 'x_2': 2, 'x_3': 2, 'x_4': -4}. Best is trial 186 with value: 11.0.
2024-11-09 17:19:21,562 - INFO - Candidate Mean Stats: {'Max': np.float64(101.0), 'Min': np.float64(-6.558642517973112e-14), 'Mean': np.float64(0.0689284760727968), 'Std': np.float64(1.9618591947762227)}
2024-11-09 17:19:21,564 - INFO - Candidate Std Stats: {'Max': np.float64(0.9999999963649095), 'Min': np.float64(0.0), 'Mean': np.float64(0.9985967053093132), 'Std': np.float64(0.03743411484361497)}
2024-11-09 17:19:21,589 - INFO - Top 10 Mean Stats: {'Max': np.float64(4.325012570305375e-15), 'Min': np.float64(-4.0689673852511986e-15), 'Mean': np.float64(1.0269562977782694e-16), 'Std': np.float64(2.549281118100841e-15)}
2024-11-09 17:19:21,589 - INFO - Top 10 Std Stats: {'Max': np.float64(0.9999999963649095), 'Min': np.float64(0.9999999958604858), 'Mean': np.float64(0.99999999602499), 'Std': np.float64(1.3817826219288994e-10)}
2024-11-09 17:19:21,590 - INFO - Bottom 10 Mean Stats: {'Max': np.float64(101.0), 'Min': np.float64(83.0), 'Mean': np.float64(90.9), 'Std': np.float64(7.569015788066505)}
2024-11-09 17:19:21,590 - INFO - Bottom 10 Std Stats: {'Max': np.float64(0.0), 'Min': np.float64(0.0), 'Mean': np.float64(0.0), 'Std': np.float64(0.0)}
[I 2024-11-09 17:19:21,621] Trial 226 finished with value: 70.0 and parameters: {'x_0': 4, 'x_1': -5, 'x_2': -2, 'x_3': -5, 'x_4': 0}. Best is trial 186 with value: 11.0.
2024-11-09 17:19:32,495 - INFO - Candidate Mean Stats: {'Max': np.float64(101.0), 'Min': np.float64(-6.38003538888654e-14), 'Mean': np.float64(0.06936312099893824), 'Std': np.float64(1.9695828332966634)}
2024-11-09 17:19:32,496 - INFO - Candidate Std Stats: {'Max': np.float64(0.9999999992824997), 'Min': np.float64(0.0), 'Mean': np.float64(0.9985904960677121), 'Std': np.float64(0.03751672563016823)}
2024-11-09 17:19:32,523 - INFO - Top 10 Mean Stats: {'Max': np.float64(4.9127368839663175e-16), 'Min': np.float64(-1.722233466949774e-15), 'Mean': np.float64(-4.0967229608668276e-16), 'Std': np.float64(6.775311112380086e-16)}
2024-11-09 17:19:32,523 - INFO - Top 10 Std Stats: {'Max': np.float64(0.9999999992824997), 'Min': np.float64(0.9999999987115579), 'Mean': np.float64(0.9999999989257187), 'Std': np.float64(1.6308199866215888e-10)}
2024-11-09 17:19:32,524 - INFO - Bottom 10 Mean Stats: {'Max': np.float64(101.0), 'Min': np.float64(83.0), 'Mean': np.float64(90.9), 'Std': np.float64(7.569015788066505)}
2024-11-09 17:19:32,524 - INFO - Bottom 10 Std Stats: {'Max': np.float64(0.0), 'Min': np.float64(0.0), 'Mean': np.float64(0.0), 'Std': np.float64(0.0)}
[I 2024-11-09 17:19:32,559] Trial 227 finished with value: 38.0 and parameters: {'x_0': -1, 'x_1': 2, 'x_2': -4, 'x_3': -1, 'x_4': 4}. Best is trial 186 with value: 11.0.
2024-11-09 17:19:41,859 - INFO - Candidate Mean Stats: {'Max': np.float64(101.0), 'Min': np.float64(-5.639932965095795e-14), 'Mean': np.float64(0.06959907110170067), 'Std': np.float64(1.9718493484489072)}
2024-11-09 17:19:41,860 - INFO - Candidate Std Stats: {'Max': np.float64(0.9999999968999297), 'Min': np.float64(0.0), 'Mean': np.float64(0.9985842870155087), 'Std': np.float64(0.03759915389101974)}
2024-11-09 17:19:41,885 - INFO - Top 10 Mean Stats: {'Max': np.float64(2.0594637106796655e-15), 'Min': np.float64(-3.111053081816806e-15), 'Mean': np.float64(-5.89840676301634e-16), 'Std': np.float64(1.5242579528043031e-15)}
2024-11-09 17:19:41,886 - INFO - Top 10 Std Stats: {'Max': np.float64(0.9999999968999297), 'Min': np.float64(0.9999999963577532), 'Mean': np.float64(0.9999999965238532), 'Std': np.float64(1.89772955436584e-10)}
2024-11-09 17:19:41,886 - INFO - Bottom 10 Mean Stats: {'Max': np.float64(101.0), 'Min': np.float64(83.0), 'Mean': np.float64(90.9), 'Std': np.float64(7.569015788066505)}
2024-11-09 17:19:41,886 - INFO - Bottom 10 Std Stats: {'Max': np.float64(0.0), 'Min': np.float64(0.0), 'Mean': np.float64(0.0), 'Std': np.float64(0.0)}
[I 2024-11-09 17:19:41,916] Trial 228 finished with value: 61.0 and parameters: {'x_0': -5, 'x_1': -1, 'x_2': 5, 'x_3': 3, 'x_4': 1}. Best is trial 186 with value: 11.0.
2024-11-09 17:19:52,430 - INFO - Candidate Mean Stats: {'Max': np.float64(101.0), 'Min': np.float64(-4.884981308350689e-14), 'Mean': np.float64(0.0699778331087668), 'Std': np.float64(1.9776858873392993)}
2024-11-09 17:19:52,431 - INFO - Candidate Std Stats: {'Max': np.float64(0.9999999968141656), 'Min': np.float64(0.0), 'Mean': np.float64(0.9985780780980245), 'Std': np.float64(0.03768140082202768)}
2024-11-09 17:19:52,460 - INFO - Top 10 Mean Stats: {'Max': np.float64(3.0309088572266774e-15), 'Min': np.float64(-1.840194663316197e-15), 'Mean': np.float64(-8.604228440844948e-18), 'Std': np.float64(1.711132677381618e-15)}
2024-11-09 17:19:52,461 - INFO - Top 10 Std Stats: {'Max': np.float64(0.9999999968141656), 'Min': np.float64(0.9999999961913305), 'Mean': np.float64(0.9999999964198771), 'Std': np.float64(2.0259415966484065e-10)}
2024-11-09 17:19:52,461 - INFO - Bottom 10 Mean Stats: {'Max': np.float64(101.0), 'Min': np.float64(83.0), 'Mean': np.float64(90.9), 'Std': np.float64(7.569015788066505)}
2024-11-09 17:19:52,461 - INFO - Bottom 10 Std Stats: {'Max': np.float64(0.0), 'Min': np.float64(0.0), 'Mean': np.float64(0.0), 'Std': np.float64(0.0)}
[I 2024-11-09 17:19:52,494] Trial 229 finished with value: 70.0 and parameters: {'x_0': 5, 'x_1': -2, 'x_2': 0, 'x_3': 4, 'x_4': -5}. Best is trial 186 with value: 11.0.
2024-11-09 17:20:03,019 - INFO - Candidate Mean Stats: {'Max': np.float64(101.0), 'Min': np.float64(-7.033262861000367e-14), 'Mean': np.float64(0.0704124780349082), 'Std': np.float64(1.9853477261866526)}
2024-11-09 17:20:03,021 - INFO - Candidate Std Stats: {'Max': np.float64(0.9999999985760938), 'Min': np.float64(0.0), 'Mean': np.float64(0.9985718677062179), 'Std': np.float64(0.03776346754719053)}
2024-11-09 17:20:03,055 - INFO - Top 10 Mean Stats: {'Max': np.float64(1.2378986724570496e-15), 'Min': np.float64(-1.1712852909795402e-15), 'Mean': np.float64(-2.629840789580839e-16), 'Std': np.float64(7.904443054060406e-16)}
2024-11-09 17:20:03,055 - INFO - Top 10 Std Stats: {'Max': np.float64(0.9999999985760938), 'Min': np.float64(0.9999999982047353), 'Mean': np.float64(0.9999999983772421), 'Std': np.float64(1.252588383048626e-10)}
2024-11-09 17:20:03,055 - INFO - Bottom 10 Mean Stats: {'Max': np.float64(101.0), 'Min': np.float64(83.0), 'Mean': np.float64(90.9), 'Std': np.float64(7.569015788066505)}
2024-11-09 17:20:03,055 - INFO - Bottom 10 Std Stats: {'Max': np.float64(0.0), 'Min': np.float64(0.0), 'Mean': np.float64(0.0), 'Std': np.float64(0.0)}
[I 2024-11-09 17:20:03,087] Trial 230 finished with value: 92.0 and parameters: {'x_0': -1, 'x_1': -4, 'x_2': -5, 'x_3': 5, 'x_4': -5}. Best is trial 186 with value: 11.0.
2024-11-09 17:20:12,117 - INFO - Candidate Mean Stats: {'Max': np.float64(101.0), 'Min': np.float64(-7.269740365245525e-14), 'Mean': np.float64(0.0709837256521226), 'Std': np.float64(1.9985193525242135)}
2024-11-09 17:20:12,118 - INFO - Candidate Std Stats: {'Max': np.float64(0.9999999964845534), 'Min': np.float64(0.0), 'Mean': np.float64(0.9985656589235807), 'Std': np.float64(0.037845355354961675)}
2024-11-09 17:20:12,151 - INFO - Top 10 Mean Stats: {'Max': np.float64(1.659783421814609e-15), 'Min': np.float64(-3.0420110874729288e-15), 'Mean': np.float64(-5.551115123125782e-16), 'Std': np.float64(1.7321938758436638e-15)}
2024-11-09 17:20:12,151 - INFO - Top 10 Std Stats: {'Max': np.float64(0.9999999964845534), 'Min': np.float64(0.9999999960943333), 'Mean': np.float64(0.9999999962305539), 'Std': np.float64(1.1655088757009332e-10)}
2024-11-09 17:20:12,151 - INFO - Bottom 10 Mean Stats: {'Max': np.float64(101.0), 'Min': np.float64(83.0), 'Mean': np.float64(91.8), 'Std': np.float64(7.096477999684069)}
2024-11-09 17:20:12,151 - INFO - Bottom 10 Std Stats: {'Max': np.float64(0.0), 'Min': np.float64(0.0), 'Mean': np.float64(0.0), 'Std': np.float64(0.0)}
[I 2024-11-09 17:20:12,181] Trial 231 finished with value: 30.0 and parameters: {'x_0': -1, 'x_1': 0, 'x_2': -3, 'x_3': 4, 'x_4': 2}. Best is trial 186 with value: 11.0.
2024-11-09 17:20:21,513 - INFO - Candidate Mean Stats: {'Max': np.float64(101.0), 'Min': np.float64(-6.710187960834446e-14), 'Mean': np.float64(0.07117000204904031), 'Std': np.float64(1.9999103516000734)}
2024-11-09 17:20:21,515 - INFO - Candidate Std Stats: {'Max': np.float64(0.9999999963070311), 'Min': np.float64(0.0), 'Mean': np.float64(0.9985594500138142), 'Std': np.float64(0.03792706533907827)}
2024-11-09 17:20:21,543 - INFO - Top 10 Mean Stats: {'Max': np.float64(2.634004125923184e-15), 'Min': np.float64(-1.3766765505351941e-15), 'Mean': np.float64(4.2021941482062177e-16), 'Std': np.float64(1.2097007092387173e-15)}
2024-11-09 17:20:21,543 - INFO - Top 10 Std Stats: {'Max': np.float64(0.9999999963070311), 'Min': np.float64(0.9999999960656552), 'Mean': np.float64(0.9999999961630047), 'Std': np.float64(7.941591679733201e-11)}
2024-11-09 17:20:21,543 - INFO - Bottom 10 Mean Stats: {'Max': np.float64(101.0), 'Min': np.float64(83.0), 'Mean': np.float64(91.8), 'Std': np.float64(7.096477999684069)}
2024-11-09 17:20:21,543 - INFO - Bottom 10 Std Stats: {'Max': np.float64(0.0), 'Min': np.float64(0.0), 'Mean': np.float64(0.0), 'Std': np.float64(0.0)}
[I 2024-11-09 17:20:21,580] Trial 232 finished with value: 56.0 and parameters: {'x_0': 4, 'x_1': 4, 'x_2': 2, 'x_3': -2, 'x_4': -4}. Best is trial 186 with value: 11.0.
2024-11-09 17:20:30,678 - INFO - Candidate Mean Stats: {'Max': np.float64(101.0), 'Min': np.float64(-6.008527009271348e-14), 'Mean': np.float64(0.07151771798995347), 'Std': np.float64(2.0047603079504124)}
2024-11-09 17:20:30,680 - INFO - Candidate Std Stats: {'Max': np.float64(0.9999999967288384), 'Min': np.float64(0.0), 'Mean': np.float64(0.9985532411161203), 'Std': np.float64(0.03800859865161976)}
2024-11-09 17:20:30,715 - INFO - Top 10 Mean Stats: {'Max': np.float64(3.2168712138513912e-15), 'Min': np.float64(-3.4420383210331807e-15), 'Mean': np.float64(-4.368527024498081e-16), 'Std': np.float64(1.7813354724451394e-15)}
2024-11-09 17:20:30,715 - INFO - Top 10 Std Stats: {'Max': np.float64(0.9999999967288384), 'Min': np.float64(0.9999999964610272), 'Mean': np.float64(0.9999999965837656), 'Std': np.float64(7.134772680124418e-11)}
2024-11-09 17:20:30,715 - INFO - Bottom 10 Mean Stats: {'Max': np.float64(101.0), 'Min': np.float64(83.0), 'Mean': np.float64(91.8), 'Std': np.float64(7.096477999684069)}
2024-11-09 17:20:30,715 - INFO - Bottom 10 Std Stats: {'Max': np.float64(0.0), 'Min': np.float64(0.0), 'Mean': np.float64(0.0), 'Std': np.float64(0.0)}
[I 2024-11-09 17:20:30,803] Trial 233 finished with value: 51.0 and parameters: {'x_0': -4, 'x_1': 3, 'x_2': -1, 'x_3': -3, 'x_4': -4}. Best is trial 186 with value: 11.0.
2024-11-09 17:20:41,058 - INFO - Candidate Mean Stats: {'Max': np.float64(101.0), 'Min': np.float64(-6.497025140106417e-14), 'Mean': np.float64(0.07183438786471366), 'Std': np.float64(2.008772924113822)}
2024-11-09 17:20:41,059 - INFO - Candidate Std Stats: {'Max': np.float64(0.9999999970526029), 'Min': np.float64(0.0), 'Mean': np.float64(0.9985470318663454), 'Std': np.float64(0.03808995641322227)}
2024-11-09 17:20:41,085 - INFO - Top 10 Mean Stats: {'Max': np.float64(4.324318680914985e-15), 'Min': np.float64(-4.407585407761872e-15), 'Mean': np.float64(-6.541295283213344e-16), 'Std': np.float64(2.6901293251259447e-15)}
2024-11-09 17:20:41,085 - INFO - Top 10 Std Stats: {'Max': np.float64(0.9999999970526029), 'Min': np.float64(0.9999999963263917), 'Mean': np.float64(0.9999999964991149), 'Std': np.float64(2.0534928006798633e-10)}
2024-11-09 17:20:41,085 - INFO - Bottom 10 Mean Stats: {'Max': np.float64(101.0), 'Min': np.float64(83.0), 'Mean': np.float64(91.8), 'Std': np.float64(7.096477999684069)}
2024-11-09 17:20:41,085 - INFO - Bottom 10 Std Stats: {'Max': np.float64(0.0), 'Min': np.float64(0.0), 'Mean': np.float64(0.0), 'Std': np.float64(0.0)}
[I 2024-11-09 17:20:41,116] Trial 234 finished with value: 47.0 and parameters: {'x_0': 3, 'x_1': -2, 'x_2': -4, 'x_3': -3, 'x_4': 3}. Best is trial 186 with value: 11.0.
2024-11-09 17:20:50,423 - INFO - Candidate Mean Stats: {'Max': np.float64(101.0), 'Min': np.float64(-5.548400280885879e-14), 'Mean': np.float64(0.07212622088655149), 'Std': np.float64(2.0121736506126138)}
2024-11-09 17:20:50,424 - INFO - Candidate Std Stats: {'Max': np.float64(0.9999999973329149), 'Min': np.float64(0.0), 'Mean': np.float64(0.9985408225713128), 'Std': np.float64(0.03817113975794792)}
2024-11-09 17:20:50,451 - INFO - Top 10 Mean Stats: {'Max': np.float64(3.469446951953614e-15), 'Min': np.float64(-1.98729921407903e-15), 'Mean': np.float64(4.548444954011188e-16), 'Std': np.float64(1.932244053127062e-15)}
2024-11-09 17:20:50,452 - INFO - Top 10 Std Stats: {'Max': np.float64(0.9999999973329149), 'Min': np.float64(0.999999996559541), 'Mean': np.float64(0.9999999968191148), 'Std': np.float64(2.1935517995490027e-10)}
2024-11-09 17:20:50,452 - INFO - Bottom 10 Mean Stats: {'Max': np.float64(101.0), 'Min': np.float64(83.0), 'Mean': np.float64(91.8), 'Std': np.float64(7.096477999684069)}
2024-11-09 17:20:50,452 - INFO - Bottom 10 Std Stats: {'Max': np.float64(0.0), 'Min': np.float64(0.0), 'Mean': np.float64(0.0), 'Std': np.float64(0.0)}
[I 2024-11-09 17:20:50,488] Trial 235 finished with value: 74.0 and parameters: {'x_0': 4, 'x_1': -2, 'x_2': -5, 'x_3': -5, 'x_4': 2}. Best is trial 186 with value: 11.0.
2024-11-09 17:21:00,840 - INFO - Candidate Mean Stats: {'Max': np.float64(101.0), 'Min': np.float64(-4.899414207670816e-14), 'Mean': np.float64(0.07258570266561527), 'Std': np.float64(2.020588518075446)}
2024-11-09 17:21:00,842 - INFO - Candidate Std Stats: {'Max': np.float64(0.9999999967568522), 'Min': np.float64(0.0), 'Mean': np.float64(0.9985346133478114), 'Std': np.float64(0.03825214980075448)}
2024-11-09 17:21:00,875 - INFO - Top 10 Mean Stats: {'Max': np.float64(4.085620730620576e-15), 'Min': np.float64(-8.598677325721838e-15), 'Mean': np.float64(-5.167307554065916e-16), 'Std': np.float64(3.4811984846519515e-15)}
2024-11-09 17:21:00,875 - INFO - Top 10 Std Stats: {'Max': np.float64(0.9999999967568522), 'Min': np.float64(0.9999999961920539), 'Mean': np.float64(0.9999999963531299), 'Std': np.float64(1.7320670982699323e-10)}
2024-11-09 17:21:00,875 - INFO - Bottom 10 Mean Stats: {'Max': np.float64(101.0), 'Min': np.float64(83.0), 'Mean': np.float64(91.8), 'Std': np.float64(7.096477999684069)}
2024-11-09 17:21:00,875 - INFO - Bottom 10 Std Stats: {'Max': np.float64(0.0), 'Min': np.float64(0.0), 'Mean': np.float64(0.0), 'Std': np.float64(0.0)}
[I 2024-11-09 17:21:00,909] Trial 236 finished with value: 30.0 and parameters: {'x_0': 2, 'x_1': -3, 'x_2': -2, 'x_3': -3, 'x_4': -2}. Best is trial 186 with value: 11.0.
2024-11-09 17:21:13,810 - INFO - Candidate Mean Stats: {'Max': np.float64(101.0), 'Min': np.float64(-5.6621374255882984e-14), 'Mean': np.float64(0.072771979062533), 'Std': np.float64(2.0219641872646124)}
2024-11-09 17:21:13,811 - INFO - Candidate Std Stats: {'Max': np.float64(0.9999999967191788), 'Min': np.float64(0.0), 'Mean': np.float64(0.9985284042507155), 'Std': np.float64(0.03833298764251296)}
2024-11-09 17:21:13,847 - INFO - Top 10 Mean Stats: {'Max': np.float64(4.074518500374325e-15), 'Min': np.float64(-2.547961841514734e-15), 'Mean': np.float64(1.3057610548372623e-15), 'Std': np.float64(1.8992741527403827e-15)}
2024-11-09 17:21:13,848 - INFO - Top 10 Std Stats: {'Max': np.float64(0.9999999967191788), 'Min': np.float64(0.9999999963956886), 'Mean': np.float64(0.9999999965328745), 'Std': np.float64(1.194908941786726e-10)}
2024-11-09 17:21:13,848 - INFO - Bottom 10 Mean Stats: {'Max': np.float64(101.0), 'Min': np.float64(83.0), 'Mean': np.float64(91.8), 'Std': np.float64(7.096477999684069)}
2024-11-09 17:21:13,848 - INFO - Bottom 10 Std Stats: {'Max': np.float64(0.0), 'Min': np.float64(0.0), 'Mean': np.float64(0.0), 'Std': np.float64(0.0)}
[I 2024-11-09 17:21:13,895] Trial 237 finished with value: 18.0 and parameters: {'x_0': 0, 'x_1': 0, 'x_2': -3, 'x_3': 0, 'x_4': -3}. Best is trial 186 with value: 11.0.
2024-11-09 17:21:23,514 - INFO - Candidate Mean Stats: {'Max': np.float64(101.0), 'Min': np.float64(-6.109002192999924e-14), 'Mean': np.float64(0.07288374490068364), 'Std': np.float64(2.0224575843100605)}
2024-11-09 17:21:23,516 - INFO - Candidate Std Stats: {'Max': np.float64(0.9999999976843169), 'Min': np.float64(0.0), 'Mean': np.float64(0.998522194730936), 'Std': np.float64(0.03841365434930254)}
2024-11-09 17:21:23,555 - INFO - Top 10 Mean Stats: {'Max': np.float64(3.697042672001771e-15), 'Min': np.float64(-1.8596235662471372e-15), 'Mean': np.float64(-3.114175584073564e-16), 'Std': np.float64(1.6068756288887034e-15)}
2024-11-09 17:21:23,555 - INFO - Top 10 Std Stats: {'Max': np.float64(0.9999999976843169), 'Min': np.float64(0.9999999968773968), 'Mean': np.float64(0.999999997167779), 'Std': np.float64(2.517974753069607e-10)}
2024-11-09 17:21:23,555 - INFO - Bottom 10 Mean Stats: {'Max': np.float64(101.0), 'Min': np.float64(83.0), 'Mean': np.float64(91.8), 'Std': np.float64(7.096477999684069)}
2024-11-09 17:21:23,555 - INFO - Bottom 10 Std Stats: {'Max': np.float64(0.0), 'Min': np.float64(0.0), 'Mean': np.float64(0.0), 'Std': np.float64(0.0)}
[I 2024-11-09 17:21:23,656] Trial 238 finished with value: 32.0 and parameters: {'x_0': 1, 'x_1': 1, 'x_2': -5, 'x_3': -2, 'x_4': -1}. Best is trial 186 with value: 11.0.
2024-11-09 17:21:38,015 - INFO - Candidate Mean Stats: {'Max': np.float64(101.0), 'Min': np.float64(-4.844735723708027e-14), 'Mean': np.float64(0.07308243972406259), 'Std': np.float64(2.024021717263957)}
2024-11-09 17:21:38,017 - INFO - Candidate Std Stats: {'Max': np.float64(0.9999999967162773), 'Min': np.float64(0.0), 'Mean': np.float64(0.9985159856524272), 'Std': np.float64(0.03849415103009479)}
2024-11-09 17:21:38,080 - INFO - Top 10 Mean Stats: {'Max': np.float64(4.8072656966269275e-15), 'Min': np.float64(-1.0658141036401502e-15), 'Mean': np.float64(7.616129948928575e-16), 'Std': np.float64(1.8119162893766318e-15)}
2024-11-09 17:21:38,080 - INFO - Top 10 Std Stats: {'Max': np.float64(0.9999999967162773), 'Min': np.float64(0.9999999962415403), 'Mean': np.float64(0.9999999964552042), 'Std': np.float64(1.4283468175283294e-10)}
2024-11-09 17:21:38,080 - INFO - Bottom 10 Mean Stats: {'Max': np.float64(101.0), 'Min': np.float64(83.0), 'Mean': np.float64(91.8), 'Std': np.float64(7.096477999684069)}
2024-11-09 17:21:38,081 - INFO - Bottom 10 Std Stats: {'Max': np.float64(0.0), 'Min': np.float64(0.0), 'Mean': np.float64(0.0), 'Std': np.float64(0.0)}
