[I 2024-11-09 16:48:02,672] Trial 47 finished with value: 62.0 and parameters: {'x_0': -4, 'x_1': 2, 'x_2': -4, 'x_3': 1, 'x_4': 5}. Best is trial 3 with value: 15.0.
2024-11-09 16:48:10,767 - INFO - Candidate Mean Stats: {'Max': np.float64(98.0), 'Min': np.float64(-6.619149672815184e-14), 'Mean': np.float64(0.015591334422015391), 'Std': np.float64(0.9805335612095034)}
2024-11-09 16:48:10,769 - INFO - Candidate Std Stats: {'Max': np.float64(0.9999999957306415), 'Min': np.float64(0.0), 'Mean': np.float64(0.9997019426793624), 'Std': np.float64(0.017261326626370838)}
2024-11-09 16:48:10,804 - INFO - Top 10 Mean Stats: {'Max': np.float64(5.287437154777308e-15), 'Min': np.float64(-1.98729921407903e-15), 'Mean': np.float64(4.54081217071689e-16), 'Std': np.float64(1.8348170438299503e-15)}
2024-11-09 16:48:10,804 - INFO - Top 10 Std Stats: {'Max': np.float64(0.9999999957306415), 'Min': np.float64(0.9999999953022133), 'Mean': np.float64(0.9999999953870615), 'Std': np.float64(1.2466947972980658e-10)}
2024-11-09 16:48:10,804 - INFO - Bottom 10 Mean Stats: {'Max': np.float64(98.0), 'Min': np.float64(75.0), 'Mean': np.float64(84.8), 'Std': np.float64(7.19444229944198)}
2024-11-09 16:48:10,805 - INFO - Bottom 10 Std Stats: {'Max': np.float64(0.0), 'Min': np.float64(0.0), 'Mean': np.float64(0.0), 'Std': np.float64(0.0)}
[I 2024-11-09 16:48:10,846] Trial 48 finished with value: 26.0 and parameters: {'x_0': -3, 'x_1': 0, 'x_2': 1, 'x_3': 4, 'x_4': 0}. Best is trial 3 with value: 15.0.
2024-11-09 16:48:18,397 - INFO - Candidate Mean Stats: {'Max': np.float64(98.0), 'Min': np.float64(-6.501466032204917e-14), 'Mean': np.float64(0.015752773966010786), 'Std': np.float64(0.9826690351402684)}
2024-11-09 16:48:18,399 - INFO - Candidate Std Stats: {'Max': np.float64(0.9999999961674098), 'Min': np.float64(0.0), 'Mean': np.float64(0.9996957330375562), 'Std': np.float64(0.017440151086352912)}
2024-11-09 16:48:18,426 - INFO - Top 10 Mean Stats: {'Max': np.float64(1.7263968032921185e-15), 'Min': np.float64(-5.684341886080802e-15), 'Mean': np.float64(-1.4677148385544572e-15), 'Std': np.float64(2.278908480234988e-15)}
2024-11-09 16:48:18,426 - INFO - Top 10 Std Stats: {'Max': np.float64(0.9999999961674098), 'Min': np.float64(0.9999999957939353), 'Mean': np.float64(0.9999999959349266), 'Std': np.float64(1.1176094347449241e-10)}
2024-11-09 16:48:18,427 - INFO - Bottom 10 Mean Stats: {'Max': np.float64(98.0), 'Min': np.float64(75.0), 'Mean': np.float64(84.8), 'Std': np.float64(7.19444229944198)}
2024-11-09 16:48:18,427 - INFO - Bottom 10 Std Stats: {'Max': np.float64(0.0), 'Min': np.float64(0.0), 'Mean': np.float64(0.0), 'Std': np.float64(0.0)}
[I 2024-11-09 16:48:18,465] Trial 49 finished with value: 84.0 and parameters: {'x_0': 3, 'x_1': 5, 'x_2': 3, 'x_3': 4, 'x_4': -5}. Best is trial 3 with value: 15.0.
2024-11-09 16:48:27,172 - INFO - Candidate Mean Stats: {'Max': np.float64(98.0), 'Min': np.float64(-7.454037387333301e-14), 'Mean': np.float64(0.016274347877380448), 'Std': np.float64(1.0047058956069432)}
2024-11-09 16:48:27,174 - INFO - Candidate Std Stats: {'Max': np.float64(0.9999999963043509), 'Min': np.float64(0.0), 'Mean': np.float64(0.9996895236191357), 'Std': np.float64(0.01761715828238981)}
2024-11-09 16:48:27,202 - INFO - Top 10 Mean Stats: {'Max': np.float64(2.1316282072803005e-15), 'Min': np.float64(-2.176037128265307e-15), 'Mean': np.float64(-1.7763568394002506e-16), 'Std': np.float64(1.2995965520415122e-15)}
2024-11-09 16:48:27,202 - INFO - Top 10 Std Stats: {'Max': np.float64(0.9999999963043509), 'Min': np.float64(0.9999999956349748), 'Mean': np.float64(0.9999999958390043), 'Std': np.float64(2.1741650911737404e-10)}
2024-11-09 16:48:27,202 - INFO - Bottom 10 Mean Stats: {'Max': np.float64(98.0), 'Min': np.float64(76.0), 'Mean': np.float64(85.7), 'Std': np.float64(6.435060217278468)}
2024-11-09 16:48:27,202 - INFO - Bottom 10 Std Stats: {'Max': np.float64(0.0), 'Min': np.float64(0.0), 'Mean': np.float64(0.0), 'Std': np.float64(0.0)}
[I 2024-11-09 16:48:27,240] Trial 50 finished with value: 32.0 and parameters: {'x_0': 3, 'x_1': -1, 'x_2': -3, 'x_3': 3, 'x_4': 2}. Best is trial 3 with value: 15.0.
2024-11-09 16:48:34,123 - INFO - Candidate Mean Stats: {'Max': np.float64(98.0), 'Min': np.float64(-6.737943536450075e-14), 'Mean': np.float64(0.01647304270075941), 'Std': np.float64(1.0078619271896765)}
2024-11-09 16:48:34,124 - INFO - Candidate Std Stats: {'Max': np.float64(0.9999999970283914), 'Min': np.float64(0.0), 'Mean': np.float64(0.9996833151616745), 'Std': np.float64(0.017792402464917215)}
2024-11-09 16:48:34,155 - INFO - Top 10 Mean Stats: {'Max': np.float64(1.301736496372996e-15), 'Min': np.float64(-1.609823385706477e-15), 'Mean': np.float64(-1.368349877850505e-16), 'Std': np.float64(1.0054585508579166e-15)}
2024-11-09 16:48:34,155 - INFO - Top 10 Std Stats: {'Max': np.float64(0.9999999970283914), 'Min': np.float64(0.9999999965593279), 'Mean': np.float64(0.9999999967949659), 'Std': np.float64(1.6052433798395126e-10)}
2024-11-09 16:48:34,155 - INFO - Bottom 10 Mean Stats: {'Max': np.float64(98.0), 'Min': np.float64(76.0), 'Mean': np.float64(85.7), 'Std': np.float64(6.435060217278468)}
2024-11-09 16:48:34,155 - INFO - Bottom 10 Std Stats: {'Max': np.float64(0.0), 'Min': np.float64(0.0), 'Mean': np.float64(0.0), 'Std': np.float64(0.0)}
[I 2024-11-09 16:48:34,196] Trial 51 finished with value: 47.0 and parameters: {'x_0': -4, 'x_1': -1, 'x_2': -2, 'x_3': 1, 'x_4': -5}. Best is trial 3 with value: 15.0.
2024-11-09 16:48:42,729 - INFO - Candidate Mean Stats: {'Max': np.float64(98.0), 'Min': np.float64(-7.509548538564559e-14), 'Mean': np.float64(0.0167648757225972), 'Std': np.float64(1.0146389093577537)}
2024-11-09 16:48:42,730 - INFO - Candidate Std Stats: {'Max': np.float64(0.9999999968454221), 'Min': np.float64(0.0), 'Mean': np.float64(0.9996771051721788), 'Std': np.float64(0.01796593518081371)}
2024-11-09 16:48:42,761 - INFO - Top 10 Mean Stats: {'Max': np.float64(3.0642155479654322e-15), 'Min': np.float64(-1.1102230246251565e-15), 'Mean': np.float64(1.0347278589506461e-15), 'Std': np.float64(1.4146942560385044e-15)}
2024-11-09 16:48:42,761 - INFO - Top 10 Std Stats: {'Max': np.float64(0.9999999968454221), 'Min': np.float64(0.9999999963735916), 'Mean': np.float64(0.9999999965560669), 'Std': np.float64(1.4416350938919846e-10)}
2024-11-09 16:48:42,762 - INFO - Bottom 10 Mean Stats: {'Max': np.float64(98.0), 'Min': np.float64(76.0), 'Mean': np.float64(85.7), 'Std': np.float64(6.435060217278468)}
2024-11-09 16:48:42,762 - INFO - Bottom 10 Std Stats: {'Max': np.float64(0.0), 'Min': np.float64(0.0), 'Mean': np.float64(0.0), 'Std': np.float64(0.0)}
[I 2024-11-09 16:48:42,799] Trial 52 finished with value: 41.0 and parameters: {'x_0': -3, 'x_1': 4, 'x_2': 0, 'x_3': 4, 'x_4': 0}. Best is trial 3 with value: 15.0.
2024-11-09 16:48:50,007 - INFO - Candidate Mean Stats: {'Max': np.float64(98.0), 'Min': np.float64(-6.007416786246722e-14), 'Mean': np.float64(0.017019453465051442), 'Std': np.float64(1.0197652686207066)}
2024-11-09 16:48:50,008 - INFO - Candidate Std Stats: {'Max': np.float64(0.9999999960704502), 'Min': np.float64(0.0), 'Mean': np.float64(0.9996708960877759), 'Std': np.float64(0.018137805595952867)}
2024-11-09 16:48:50,037 - INFO - Top 10 Mean Stats: {'Max': np.float64(4.450606549966096e-15), 'Min': np.float64(-3.3639757646142244e-15), 'Mean': np.float64(2.3189783426857953e-16), 'Std': np.float64(2.6683856196243227e-15)}
2024-11-09 16:48:50,037 - INFO - Top 10 Std Stats: {'Max': np.float64(0.9999999960704502), 'Min': np.float64(0.9999999954879678), 'Mean': np.float64(0.9999999956603574), 'Std': np.float64(1.9610017638484916e-10)}
2024-11-09 16:48:50,037 - INFO - Bottom 10 Mean Stats: {'Max': np.float64(98.0), 'Min': np.float64(76.0), 'Mean': np.float64(85.7), 'Std': np.float64(6.435060217278468)}
2024-11-09 16:48:50,037 - INFO - Bottom 10 Std Stats: {'Max': np.float64(0.0), 'Min': np.float64(0.0), 'Mean': np.float64(0.0), 'Std': np.float64(0.0)}
[I 2024-11-09 16:48:50,077] Trial 53 finished with value: 79.0 and parameters: {'x_0': 2, 'x_1': 0, 'x_2': 5, 'x_3': -5, 'x_4': -5}. Best is trial 3 with value: 15.0.
2024-11-09 16:48:57,456 - INFO - Candidate Mean Stats: {'Max': np.float64(98.0), 'Min': np.float64(-7.005507285384738e-14), 'Mean': np.float64(0.01750998131026819), 'Std': np.float64(1.0385836341903076)}
2024-11-09 16:48:57,457 - INFO - Candidate Std Stats: {'Max': np.float64(0.9999999956928042), 'Min': np.float64(0.0), 'Mean': np.float64(0.999664686749307), 'Std': np.float64(0.01830806050558412)}
2024-11-09 16:48:57,489 - INFO - Top 10 Mean Stats: {'Max': np.float64(3.1254512866674134e-15), 'Min': np.float64(-6.1728400169158705e-15), 'Mean': np.float64(-1.1057647852918963e-15), 'Std': np.float64(2.7836577187137055e-15)}
2024-11-09 16:48:57,490 - INFO - Top 10 Std Stats: {'Max': np.float64(0.9999999956928042), 'Min': np.float64(0.9999999951340053), 'Mean': np.float64(0.9999999953327364), 'Std': np.float64(1.650753364594905e-10)}
2024-11-09 16:48:57,490 - INFO - Bottom 10 Mean Stats: {'Max': np.float64(98.0), 'Min': np.float64(77.0), 'Mean': np.float64(86.0), 'Std': np.float64(6.0332412515993425)}
2024-11-09 16:48:57,490 - INFO - Bottom 10 Std Stats: {'Max': np.float64(0.0), 'Min': np.float64(0.0), 'Mean': np.float64(0.0), 'Std': np.float64(0.0)}
[I 2024-11-09 16:48:57,525] Trial 54 finished with value: 68.0 and parameters: {'x_0': 5, 'x_1': 3, 'x_2': -3, 'x_3': -4, 'x_4': 3}. Best is trial 3 with value: 15.0.
2024-11-09 16:49:04,286 - INFO - Candidate Mean Stats: {'Max': np.float64(98.0), 'Min': np.float64(-8.50652881467795e-14), 'Mean': np.float64(0.01793220780994839), 'Std': np.float64(1.052308130993365)}
2024-11-09 16:49:04,289 - INFO - Candidate Std Stats: {'Max': np.float64(0.9999999953548054), 'Min': np.float64(0.0), 'Mean': np.float64(0.9996584772969177), 'Std': np.float64(0.01847674457057029)}
2024-11-09 16:49:04,324 - INFO - Top 10 Mean Stats: {'Max': np.float64(6.145084441300242e-15), 'Min': np.float64(-4.973799150320701e-15), 'Mean': np.float64(3.3417713041217214e-16), 'Std': np.float64(3.302562499860193e-15)}
2024-11-09 16:49:04,325 - INFO - Top 10 Std Stats: {'Max': np.float64(0.9999999953548054), 'Min': np.float64(0.9999999948136379), 'Mean': np.float64(0.9999999950260392), 'Std': np.float64(1.8577267271398088e-10)}
2024-11-09 16:49:04,325 - INFO - Bottom 10 Mean Stats: {'Max': np.float64(98.0), 'Min': np.float64(77.0), 'Mean': np.float64(86.0), 'Std': np.float64(6.0332412515993425)}
2024-11-09 16:49:04,326 - INFO - Bottom 10 Std Stats: {'Max': np.float64(0.0), 'Min': np.float64(0.0), 'Mean': np.float64(0.0), 'Std': np.float64(0.0)}
[I 2024-11-09 16:49:04,364] Trial 55 finished with value: 48.0 and parameters: {'x_0': 3, 'x_1': -5, 'x_2': -2, 'x_3': -3, 'x_4': 1}. Best is trial 3 with value: 15.0.
2024-11-09 16:49:09,810 - INFO - Candidate Mean Stats: {'Max': np.float64(98.0), 'Min': np.float64(-8.46388931163844e-14), 'Mean': np.float64(0.0182302500450168), 'Std': np.float64(1.0590786806929253)}
2024-11-09 16:49:09,811 - INFO - Candidate Std Stats: {'Max': np.float64(0.9999999957565241), 'Min': np.float64(0.0), 'Mean': np.float64(0.9996522685274327), 'Std': np.float64(0.018643900443211434)}
2024-11-09 16:49:09,838 - INFO - Top 10 Mean Stats: {'Max': np.float64(4.446443213623752e-15), 'Min': np.float64(-5.257426438642909e-15), 'Mean': np.float64(1.3720448388543361e-15), 'Std': np.float64(2.766905108870448e-15)}
2024-11-09 16:49:09,838 - INFO - Top 10 Std Stats: {'Max': np.float64(0.9999999957565241), 'Min': np.float64(0.9999999952109718), 'Mean': np.float64(0.9999999953611713), 'Std': np.float64(1.736928077917367e-10)}
2024-11-09 16:49:09,838 - INFO - Bottom 10 Mean Stats: {'Max': np.float64(98.0), 'Min': np.float64(77.0), 'Mean': np.float64(86.0), 'Std': np.float64(6.0332412515993425)}
2024-11-09 16:49:09,839 - INFO - Bottom 10 Std Stats: {'Max': np.float64(0.0), 'Min': np.float64(0.0), 'Mean': np.float64(0.0), 'Std': np.float64(0.0)}
[I 2024-11-09 16:49:09,878] Trial 56 finished with value: 72.0 and parameters: {'x_0': 3, 'x_1': -3, 'x_2': -5, 'x_3': 5, 'x_4': 2}. Best is trial 3 with value: 15.0.
2024-11-09 16:49:17,673 - INFO - Candidate Mean Stats: {'Max': np.float64(98.0), 'Min': np.float64(-6.989964163039986e-14), 'Mean': np.float64(0.018677313397619383), 'Std': np.float64(1.0741600035686514)}
2024-11-09 16:49:17,674 - INFO - Candidate Std Stats: {'Max': np.float64(0.9999999966885241), 'Min': np.float64(0.0), 'Mean': np.float64(0.9996460594834253), 'Std': np.float64(0.018809568848187484)}
2024-11-09 16:49:17,710 - INFO - Top 10 Mean Stats: {'Max': np.float64(2.9198865547641618e-15), 'Min': np.float64(-2.9337643425719762e-15), 'Mean': np.float64(3.677613769070835e-17), 'Std': np.float64(2.0791615594145017e-15)}
2024-11-09 16:49:17,710 - INFO - Top 10 Std Stats: {'Max': np.float64(0.9999999966885241), 'Min': np.float64(0.9999999958665415), 'Mean': np.float64(0.9999999962344379), 'Std': np.float64(2.678152635665531e-10)}
2024-11-09 16:49:17,710 - INFO - Bottom 10 Mean Stats: {'Max': np.float64(98.0), 'Min': np.float64(77.0), 'Mean': np.float64(86.0), 'Std': np.float64(6.0332412515993425)}
2024-11-09 16:49:17,710 - INFO - Bottom 10 Std Stats: {'Max': np.float64(0.0), 'Min': np.float64(0.0), 'Mean': np.float64(0.0), 'Std': np.float64(0.0)}
[I 2024-11-09 16:49:17,749] Trial 57 finished with value: 92.0 and parameters: {'x_0': 4, 'x_1': -5, 'x_2': -5, 'x_3': 5, 'x_4': -1}. Best is trial 3 with value: 15.0.
2024-11-09 16:49:24,685 - INFO - Candidate Mean Stats: {'Max': np.float64(98.0), 'Min': np.float64(-8.334721801617207e-14), 'Mean': np.float64(0.019248561014833795), 'Std': np.float64(1.0983409438716845)}
2024-11-09 16:49:24,687 - INFO - Candidate Std Stats: {'Max': np.float64(0.9999999966072202), 'Min': np.float64(0.0), 'Mean': np.float64(0.9996398502931919), 'Std': np.float64(0.01897378875088618)}
2024-11-09 16:49:24,720 - INFO - Top 10 Mean Stats: {'Max': np.float64(4.04121180963557e-15), 'Min': np.float64(-3.730349362740526e-15), 'Mean': np.float64(-5.873773689657475e-17), 'Std': np.float64(2.397592126024187e-15)}
2024-11-09 16:49:24,720 - INFO - Top 10 Std Stats: {'Max': np.float64(0.9999999966072202), 'Min': np.float64(0.9999999959266882), 'Mean': np.float64(0.99999999621746), 'Std': np.float64(2.4907480620340407e-10)}
2024-11-09 16:49:24,720 - INFO - Bottom 10 Mean Stats: {'Max': np.float64(98.0), 'Min': np.float64(79.0), 'Mean': np.float64(87.5), 'Std': np.float64(5.445181356024793)}
2024-11-09 16:49:24,720 - INFO - Bottom 10 Std Stats: {'Max': np.float64(0.0), 'Min': np.float64(0.0), 'Mean': np.float64(0.0), 'Std': np.float64(0.0)}
[I 2024-11-09 16:49:24,752] Trial 58 finished with value: 62.0 and parameters: {'x_0': -4, 'x_1': -5, 'x_2': 4, 'x_3': -1, 'x_4': 2}. Best is trial 3 with value: 15.0.
2024-11-09 16:49:32,774 - INFO - Candidate Mean Stats: {'Max': np.float64(98.0), 'Min': np.float64(-8.587575095475586e-14), 'Mean': np.float64(0.019633532235130462), 'Std': np.float64(1.1091465530562004)}
2024-11-09 16:49:32,775 - INFO - Candidate Std Stats: {'Max': np.float64(0.9999999964831244), 'Min': np.float64(0.0), 'Mean': np.float64(0.9996336411032823), 'Std': np.float64(0.019136597444790352)}
2024-11-09 16:49:32,817 - INFO - Top 10 Mean Stats: {'Max': np.float64(2.890916672715349e-15), 'Min': np.float64(-4.4006465138579646e-15), 'Mean': np.float64(-3.261453607183995e-16), 'Std': np.float64(2.5161218692998556e-15)}
2024-11-09 16:49:32,817 - INFO - Top 10 Std Stats: {'Max': np.float64(0.9999999964831244), 'Min': np.float64(0.999999995563191), 'Mean': np.float64(0.9999999959649857), 'Std': np.float64(2.485721094731037e-10)}
2024-11-09 16:49:32,818 - INFO - Bottom 10 Mean Stats: {'Max': np.float64(98.0), 'Min': np.float64(79.0), 'Mean': np.float64(87.5), 'Std': np.float64(5.445181356024793)}
2024-11-09 16:49:32,818 - INFO - Bottom 10 Std Stats: {'Max': np.float64(0.0), 'Min': np.float64(0.0), 'Mean': np.float64(0.0), 'Std': np.float64(0.0)}
[I 2024-11-09 16:49:32,910] Trial 59 finished with value: 34.0 and parameters: {'x_0': -2, 'x_1': 3, 'x_2': -4, 'x_3': 1, 'x_4': -2}. Best is trial 3 with value: 15.0.
2024-11-09 16:49:42,765 - INFO - Candidate Mean Stats: {'Max': np.float64(98.0), 'Min': np.float64(-5.950795411990839e-14), 'Mean': np.float64(0.01984464548497061), 'Std': np.float64(1.1123738545491881)}
2024-11-09 16:49:42,765 - INFO - Candidate Std Stats: {'Max': np.float64(0.9999999964412744), 'Min': np.float64(0.0), 'Mean': np.float64(0.9996274317598809), 'Std': np.float64(0.019298030644141193)}
2024-11-09 16:49:42,797 - INFO - Top 10 Mean Stats: {'Max': np.float64(5.4178883601707636e-15), 'Min': np.float64(-2.9753977059954196e-15), 'Mean': np.float64(6.084022174945857e-16), 'Std': np.float64(2.2068195485595435e-15)}
2024-11-09 16:49:42,797 - INFO - Top 10 Std Stats: {'Max': np.float64(0.9999999964412744), 'Min': np.float64(0.9999999957187438), 'Mean': np.float64(0.9999999960883204), 'Std': np.float64(2.522719440749133e-10)}
2024-11-09 16:49:42,797 - INFO - Bottom 10 Mean Stats: {'Max': np.float64(98.0), 'Min': np.float64(79.0), 'Mean': np.float64(87.5), 'Std': np.float64(5.445181356024793)}
2024-11-09 16:49:42,797 - INFO - Bottom 10 Std Stats: {'Max': np.float64(0.0), 'Min': np.float64(0.0), 'Mean': np.float64(0.0), 'Std': np.float64(0.0)}
[I 2024-11-09 16:49:42,833] Trial 60 finished with value: 60.0 and parameters: {'x_0': -5, 'x_1': -5, 'x_2': 0, 'x_3': 1, 'x_4': 3}. Best is trial 3 with value: 15.0.
2024-11-09 16:49:52,063 - INFO - Candidate Mean Stats: {'Max': np.float64(98.0), 'Min': np.float64(-9.663381206337362e-14), 'Mean': np.float64(0.020217198278806105), 'Std': np.float64(1.1223697406661173)}
2024-11-09 16:49:52,064 - INFO - Candidate Std Stats: {'Max': np.float64(0.9999999959692386), 'Min': np.float64(0.0), 'Mean': np.float64(0.9996212218747162), 'Std': np.float64(0.019458122576399266)}
2024-11-09 16:49:52,093 - INFO - Top 10 Mean Stats: {'Max': np.float64(6.1284310959308644e-15), 'Min': np.float64(-3.26405569239796e-15), 'Mean': np.float64(1.2356782264077995e-15), 'Std': np.float64(2.7868059747118113e-15)}
2024-11-09 16:49:52,093 - INFO - Top 10 Std Stats: {'Max': np.float64(0.9999999959692386), 'Min': np.float64(0.9999999954844666), 'Mean': np.float64(0.9999999956820484), 'Std': np.float64(1.7635235380686738e-10)}
2024-11-09 16:49:52,103 - INFO - Bottom 10 Mean Stats: {'Max': np.float64(98.0), 'Min': np.float64(79.0), 'Mean': np.float64(87.5), 'Std': np.float64(5.445181356024793)}
2024-11-09 16:49:52,103 - INFO - Bottom 10 Std Stats: {'Max': np.float64(0.0), 'Min': np.float64(0.0), 'Mean': np.float64(0.0), 'Std': np.float64(0.0)}
[I 2024-11-09 16:49:52,140] Trial 61 finished with value: 36.0 and parameters: {'x_0': -1, 'x_1': -5, 'x_2': 0, 'x_3': 1, 'x_4': -3}. Best is trial 3 with value: 15.0.
2024-11-09 16:49:59,240 - INFO - Candidate Mean Stats: {'Max': np.float64(98.0), 'Min': np.float64(-1.0276224315930449e-13), 'Mean': np.float64(0.020440729955107394), 'Std': np.float64(1.1259448862066566)}
2024-11-09 16:49:59,241 - INFO - Candidate Std Stats: {'Max': np.float64(0.9999999960233669), 'Min': np.float64(0.0), 'Mean': np.float64(0.9996150129076687), 'Std': np.float64(0.019616906107633125)}
2024-11-09 16:49:59,273 - INFO - Top 10 Mean Stats: {'Max': np.float64(3.641531520770513e-15), 'Min': np.float64(-7.682743330406084e-15), 'Mean': np.float64(-8.244793736622569e-16), 'Std': np.float64(3.5449233007452403e-15)}
2024-11-09 16:49:59,273 - INFO - Top 10 Std Stats: {'Max': np.float64(0.9999999960233669), 'Min': np.float64(0.9999999953024754), 'Mean': np.float64(0.9999999954924592), 'Std': np.float64(2.1078357522239164e-10)}
2024-11-09 16:49:59,273 - INFO - Bottom 10 Mean Stats: {'Max': np.float64(98.0), 'Min': np.float64(79.0), 'Mean': np.float64(87.5), 'Std': np.float64(5.445181356024793)}
2024-11-09 16:49:59,273 - INFO - Bottom 10 Std Stats: {'Max': np.float64(0.0), 'Min': np.float64(0.0), 'Mean': np.float64(0.0), 'Std': np.float64(0.0)}
[I 2024-11-09 16:49:59,306] Trial 62 finished with value: 59.0 and parameters: {'x_0': 1, 'x_1': -1, 'x_2': 4, 'x_3': -4, 'x_4': -5}. Best is trial 3 with value: 15.0.
2024-11-09 16:50:07,881 - INFO - Candidate Mean Stats: {'Max': np.float64(98.0), 'Min': np.float64(-9.974243653232406e-14), 'Mean': np.float64(0.020807073535712286), 'Std': np.float64(1.135495947664538)}
2024-11-09 16:50:07,882 - INFO - Candidate Std Stats: {'Max': np.float64(0.9999999955324902), 'Min': np.float64(0.0), 'Mean': np.float64(0.9996088038896532), 'Std': np.float64(0.019774412737949745)}
2024-11-09 16:50:07,910 - INFO - Top 10 Mean Stats: {'Max': np.float64(2.6690455401379152e-15), 'Min': np.float64(-3.508304757815495e-15), 'Mean': np.float64(-3.328674141878097e-16), 'Std': np.float64(1.7542027498615051e-15)}
2024-11-09 16:50:07,911 - INFO - Top 10 Std Stats: {'Max': np.float64(0.9999999955324902), 'Min': np.float64(0.9999999950592618), 'Mean': np.float64(0.9999999952375953), 'Std': np.float64(1.5894763784595105e-10)}
2024-11-09 16:50:07,911 - INFO - Bottom 10 Mean Stats: {'Max': np.float64(98.0), 'Min': np.float64(79.0), 'Mean': np.float64(87.5), 'Std': np.float64(5.445181356024793)}
2024-11-09 16:50:07,911 - INFO - Bottom 10 Std Stats: {'Max': np.float64(0.0), 'Min': np.float64(0.0), 'Mean': np.float64(0.0), 'Std': np.float64(0.0)}
