[I 2024-11-09 17:14:50,726] Trial 191 finished with value: 69.0 and parameters: {'x_0': 5, 'x_1': -3, 'x_2': 5, 'x_3': -1, 'x_4': -3}. Best is trial 176 with value: 7.0.
2024-11-09 17:15:00,104 - INFO - Candidate Mean Stats: {'Max': np.float64(107.0), 'Min': np.float64(-5.455635943008019e-14), 'Mean': np.float64(0.06092480021856431), 'Std': np.float64(1.885144546235256)}
2024-11-09 17:15:00,105 - INFO - Candidate Std Stats: {'Max': np.float64(0.9999999971484256), 'Min': np.float64(0.0), 'Mean': np.float64(0.9988078199805682), 'Std': np.float64(0.03450721152273798)}
2024-11-09 17:15:00,132 - INFO - Top 10 Mean Stats: {'Max': np.float64(1.765254609153999e-15), 'Min': np.float64(-2.5951463200613034e-15), 'Mean': np.float64(-8.389122729823839e-17), 'Std': np.float64(1.2680029405880764e-15)}
2024-11-09 17:15:00,132 - INFO - Top 10 Std Stats: {'Max': np.float64(0.9999999971484256), 'Min': np.float64(0.9999999966627936), 'Mean': np.float64(0.9999999968455144), 'Std': np.float64(1.4950891381982814e-10)}
2024-11-09 17:15:00,132 - INFO - Bottom 10 Mean Stats: {'Max': np.float64(107.0), 'Min': np.float64(79.0), 'Mean': np.float64(90.3), 'Std': np.float64(9.077995373429092)}
2024-11-09 17:15:00,132 - INFO - Bottom 10 Std Stats: {'Max': np.float64(0.0), 'Min': np.float64(0.0), 'Mean': np.float64(0.0), 'Std': np.float64(0.0)}
[I 2024-11-09 17:15:00,159] Trial 192 finished with value: 77.0 and parameters: {'x_0': -3, 'x_1': 3, 'x_2': 3, 'x_3': 5, 'x_4': 5}. Best is trial 176 with value: 7.0.
2024-11-09 17:15:11,222 - INFO - Candidate Mean Stats: {'Max': np.float64(107.0), 'Min': np.float64(-5.390132784555135e-14), 'Mean': np.float64(0.061402909637319876), 'Std': np.float64(1.8948683066151195)}
2024-11-09 17:15:11,223 - INFO - Candidate Std Stats: {'Max': np.float64(0.9999999986056757), 'Min': np.float64(0.0), 'Mean': np.float64(0.9988016106590878), 'Std': np.float64(0.03459684980589847)}
2024-11-09 17:15:11,247 - INFO - Top 10 Mean Stats: {'Max': np.float64(1.3405943022348764e-15), 'Min': np.float64(-1.4876988529977098e-15), 'Mean': np.float64(3.938516179857742e-16), 'Std': np.float64(8.192761876198864e-16)}
2024-11-09 17:15:11,247 - INFO - Top 10 Std Stats: {'Max': np.float64(0.9999999986056757), 'Min': np.float64(0.9999999980923722), 'Mean': np.float64(0.9999999983061333), 'Std': np.float64(1.9848112005902223e-10)}
2024-11-09 17:15:11,247 - INFO - Bottom 10 Mean Stats: {'Max': np.float64(107.0), 'Min': np.float64(79.0), 'Mean': np.float64(90.3), 'Std': np.float64(9.077995373429092)}
2024-11-09 17:15:11,247 - INFO - Bottom 10 Std Stats: {'Max': np.float64(0.0), 'Min': np.float64(0.0), 'Mean': np.float64(0.0), 'Std': np.float64(0.0)}
[I 2024-11-09 17:15:11,279] Trial 193 finished with value: 55.0 and parameters: {'x_0': -2, 'x_1': 5, 'x_2': 3, 'x_3': -1, 'x_4': 4}. Best is trial 176 with value: 7.0.
2024-11-09 17:15:21,308 - INFO - Candidate Mean Stats: {'Max': np.float64(107.0), 'Min': np.float64(-6.247519862556672e-14), 'Mean': np.float64(0.06174441636500238), 'Std': np.float64(1.8998070201461679)}
2024-11-09 17:15:21,309 - INFO - Candidate Std Stats: {'Max': np.float64(0.9999999971942993), 'Min': np.float64(0.0), 'Mean': np.float64(0.998795401581621), 'Std': np.float64(0.034686255338178755)}
2024-11-09 17:15:21,341 - INFO - Top 10 Mean Stats: {'Max': np.float64(3.4416913763379853e-15), 'Min': np.float64(-1.909583602355269e-15), 'Mean': np.float64(-2.6645352591003682e-17), 'Std': np.float64(1.8314386540833234e-15)}
2024-11-09 17:15:21,341 - INFO - Top 10 Std Stats: {'Max': np.float64(0.9999999971942993), 'Min': np.float64(0.9999999967694106), 'Mean': np.float64(0.999999996908173), 'Std': np.float64(1.2841246142388893e-10)}
2024-11-09 17:15:21,341 - INFO - Bottom 10 Mean Stats: {'Max': np.float64(107.0), 'Min': np.float64(79.0), 'Mean': np.float64(90.3), 'Std': np.float64(9.077995373429092)}
2024-11-09 17:15:21,341 - INFO - Bottom 10 Std Stats: {'Max': np.float64(0.0), 'Min': np.float64(0.0), 'Mean': np.float64(0.0), 'Std': np.float64(0.0)}
[I 2024-11-09 17:15:21,376] Trial 194 finished with value: 50.0 and parameters: {'x_0': 1, 'x_1': -2, 'x_2': -4, 'x_3': -2, 'x_4': 5}. Best is trial 176 with value: 7.0.
2024-11-09 17:15:30,849 - INFO - Candidate Mean Stats: {'Max': np.float64(107.0), 'Min': np.float64(-5.013767179207207e-14), 'Mean': np.float64(0.062054877026531965), 'Std': np.float64(1.9038779666939316)}
2024-11-09 17:15:30,850 - INFO - Candidate Std Stats: {'Max': np.float64(0.9999999979969779), 'Min': np.float64(0.0), 'Mean': np.float64(0.9987891924531066), 'Std': np.float64(0.03477542990460177)}
2024-11-09 17:15:30,875 - INFO - Top 10 Mean Stats: {'Max': np.float64(2.292610545850948e-15), 'Min': np.float64(-1.254552017826427e-15), 'Mean': np.float64(4.815592369311617e-16), 'Std': np.float64(1.2127511249141262e-15)}
2024-11-09 17:15:30,876 - INFO - Top 10 Std Stats: {'Max': np.float64(0.9999999979969779), 'Min': np.float64(0.9999999976789359), 'Mean': np.float64(0.9999999977940648), 'Std': np.float64(1.0579230606917902e-10)}
2024-11-09 17:15:30,876 - INFO - Bottom 10 Mean Stats: {'Max': np.float64(107.0), 'Min': np.float64(79.0), 'Mean': np.float64(90.3), 'Std': np.float64(9.077995373429092)}
2024-11-09 17:15:30,876 - INFO - Bottom 10 Std Stats: {'Max': np.float64(0.0), 'Min': np.float64(0.0), 'Mean': np.float64(0.0), 'Std': np.float64(0.0)}
[I 2024-11-09 17:15:30,952] Trial 195 finished with value: 35.0 and parameters: {'x_0': 5, 'x_1': 0, 'x_2': 3, 'x_3': -1, 'x_4': 0}. Best is trial 176 with value: 7.0.
2024-11-09 17:15:40,946 - INFO - Candidate Mean Stats: {'Max': np.float64(107.0), 'Min': np.float64(-4.931610675384945e-14), 'Mean': np.float64(0.062272199489602664), 'Std': np.float64(1.9058674086104728)}
2024-11-09 17:15:40,948 - INFO - Candidate Std Stats: {'Max': np.float64(0.9999999986668323), 'Min': np.float64(0.0), 'Mean': np.float64(0.9987829831047934), 'Std': np.float64(0.03486437527151264)}
2024-11-09 17:15:40,981 - INFO - Top 10 Mean Stats: {'Max': np.float64(1.8485213360008855e-15), 'Min': np.float64(-1.3600232051658168e-15), 'Mean': np.float64(-1.9789725413943418e-16), 'Std': np.float64(1.0538920714177439e-15)}
2024-11-09 17:15:40,981 - INFO - Top 10 Std Stats: {'Max': np.float64(0.9999999986668323), 'Min': np.float64(0.999999998048572), 'Mean': np.float64(0.9999999982946711), 'Std': np.float64(1.797370205911101e-10)}
2024-11-09 17:15:40,982 - INFO - Bottom 10 Mean Stats: {'Max': np.float64(107.0), 'Min': np.float64(79.0), 'Mean': np.float64(90.3), 'Std': np.float64(9.077995373429092)}
2024-11-09 17:15:40,982 - INFO - Bottom 10 Std Stats: {'Max': np.float64(0.0), 'Min': np.float64(0.0), 'Mean': np.float64(0.0), 'Std': np.float64(0.0)}
[I 2024-11-09 17:15:41,012] Trial 196 finished with value: 67.0 and parameters: {'x_0': -5, 'x_1': 4, 'x_2': 0, 'x_3': -5, 'x_4': 1}. Best is trial 176 with value: 7.0.
2024-11-09 17:15:51,342 - INFO - Candidate Mean Stats: {'Max': np.float64(107.0), 'Min': np.float64(-5.972999872483342e-14), 'Mean': np.float64(0.06268821677605227), 'Std': np.float64(1.9131523075025774)}
2024-11-09 17:15:51,343 - INFO - Candidate Std Stats: {'Max': np.float64(0.9999999973423255), 'Min': np.float64(0.0), 'Mean': np.float64(0.9987767738555935), 'Std': np.float64(0.03495309319969141)}
2024-11-09 17:15:51,372 - INFO - Top 10 Mean Stats: {'Max': np.float64(2.9976021664879227e-15), 'Min': np.float64(-1.5376588891058418e-15), 'Mean': np.float64(6.2304328363183e-16), 'Std': np.float64(1.4065171302588923e-15)}
2024-11-09 17:15:51,372 - INFO - Top 10 Std Stats: {'Max': np.float64(0.9999999973423255), 'Min': np.float64(0.9999999969235818), 'Mean': np.float64(0.9999999970533882), 'Std': np.float64(1.1600458459014923e-10)}
2024-11-09 17:15:51,373 - INFO - Bottom 10 Mean Stats: {'Max': np.float64(107.0), 'Min': np.float64(79.0), 'Mean': np.float64(90.3), 'Std': np.float64(9.077995373429092)}
2024-11-09 17:15:51,373 - INFO - Bottom 10 Std Stats: {'Max': np.float64(0.0), 'Min': np.float64(0.0), 'Mean': np.float64(0.0), 'Std': np.float64(0.0)}
[I 2024-11-09 17:15:51,402] Trial 197 finished with value: 72.0 and parameters: {'x_0': -3, 'x_1': -5, 'x_2': -2, 'x_3': 3, 'x_4': -5}. Best is trial 176 with value: 7.0.
2024-11-09 17:15:59,187 - INFO - Candidate Mean Stats: {'Max': np.float64(107.0), 'Min': np.float64(-4.5446979513030786e-14), 'Mean': np.float64(0.0631352801286549), 'Std': np.float64(1.9215316968542209)}
2024-11-09 17:15:59,189 - INFO - Candidate Std Stats: {'Max': np.float64(0.9999999970285222), 'Min': np.float64(0.0), 'Mean': np.float64(0.9987705651744981), 'Std': np.float64(0.03504158543312637)}
2024-11-09 17:15:59,218 - INFO - Top 10 Mean Stats: {'Max': np.float64(3.4194869158454822e-15), 'Min': np.float64(-2.65898414397725e-15), 'Mean': np.float64(1.3884726701718372e-16), 'Std': np.float64(1.98119141384609e-15)}
2024-11-09 17:15:59,218 - INFO - Top 10 Std Stats: {'Max': np.float64(0.9999999970285222), 'Min': np.float64(0.9999999965658394), 'Mean': np.float64(0.9999999967110694), 'Std': np.float64(1.3085227723637333e-10)}
2024-11-09 17:15:59,218 - INFO - Bottom 10 Mean Stats: {'Max': np.float64(107.0), 'Min': np.float64(79.0), 'Mean': np.float64(90.3), 'Std': np.float64(9.077995373429092)}
2024-11-09 17:15:59,218 - INFO - Bottom 10 Std Stats: {'Max': np.float64(0.0), 'Min': np.float64(0.0), 'Mean': np.float64(0.0), 'Std': np.float64(0.0)}
[I 2024-11-09 17:15:59,250] Trial 198 finished with value: 91.0 and parameters: {'x_0': 5, 'x_1': 3, 'x_2': -4, 'x_3': 4, 'x_4': -5}. Best is trial 176 with value: 7.0.
2024-11-09 17:16:11,005 - INFO - Candidate Mean Stats: {'Max': np.float64(107.0), 'Min': np.float64(-4.8250292650209306e-14), 'Mean': np.float64(0.06370031853263874), 'Std': np.float64(1.9348464770605835)}
2024-11-09 17:16:11,006 - INFO - Candidate Std Stats: {'Max': np.float64(0.9999999978996256), 'Min': np.float64(0.0), 'Mean': np.float64(0.9987643554434558), 'Std': np.float64(0.03512985362078441)}
2024-11-09 17:16:11,032 - INFO - Top 10 Mean Stats: {'Max': np.float64(4.75175454539567e-15), 'Min': np.float64(-1.4412082638415313e-15), 'Mean': np.float64(7.039507865513883e-16), 'Std': np.float64(1.674367701411526e-15)}
2024-11-09 17:16:11,032 - INFO - Top 10 Std Stats: {'Max': np.float64(0.9999999978996256), 'Min': np.float64(0.9999999974355367), 'Mean': np.float64(0.9999999976057719), 'Std': np.float64(1.4132257553974238e-10)}
2024-11-09 17:16:11,033 - INFO - Bottom 10 Mean Stats: {'Max': np.float64(107.0), 'Min': np.float64(83.0), 'Mean': np.float64(91.5), 'Std': np.float64(8.261355820929152)}
2024-11-09 17:16:11,033 - INFO - Bottom 10 Std Stats: {'Max': np.float64(0.0), 'Min': np.float64(0.0), 'Mean': np.float64(0.0), 'Std': np.float64(0.0)}
[I 2024-11-09 17:16:11,065] Trial 199 finished with value: 62.0 and parameters: {'x_0': -2, 'x_1': 4, 'x_2': -5, 'x_3': 4, 'x_4': -1}. Best is trial 176 with value: 7.0.
2024-11-09 17:16:19,983 - INFO - Candidate Mean Stats: {'Max': np.float64(107.0), 'Min': np.float64(-5.1536552803099765e-14), 'Mean': np.float64(0.06408528975293538), 'Std': np.float64(1.9409919916554494)}
2024-11-09 17:16:19,984 - INFO - Candidate Std Stats: {'Max': np.float64(0.9999999970464694), 'Min': np.float64(0.0), 'Mean': np.float64(0.9987581459818772), 'Std': np.float64(0.03521789949324243)}
2024-11-09 17:16:20,020 - INFO - Top 10 Mean Stats: {'Max': np.float64(3.297362383136715e-15), 'Min': np.float64(-4.063416270128073e-15), 'Mean': np.float64(1.244837566360957e-16), 'Std': np.float64(2.053218968807605e-15)}
2024-11-09 17:16:20,021 - INFO - Top 10 Std Stats: {'Max': np.float64(0.9999999970464694), 'Min': np.float64(0.9999999966168402), 'Mean': np.float64(0.9999999967373127), 'Std': np.float64(1.2594052880562305e-10)}
2024-11-09 17:16:20,021 - INFO - Bottom 10 Mean Stats: {'Max': np.float64(107.0), 'Min': np.float64(83.0), 'Mean': np.float64(91.5), 'Std': np.float64(8.261355820929152)}
2024-11-09 17:16:20,021 - INFO - Bottom 10 Std Stats: {'Max': np.float64(0.0), 'Min': np.float64(0.0), 'Mean': np.float64(0.0), 'Std': np.float64(0.0)}
[I 2024-11-09 17:16:20,051] Trial 200 finished with value: 54.0 and parameters: {'x_0': 4, 'x_1': 3, 'x_2': 0, 'x_3': 5, 'x_4': -2}. Best is trial 176 with value: 7.0.
2024-11-09 17:16:27,954 - INFO - Candidate Mean Stats: {'Max': np.float64(107.0), 'Min': np.float64(-5.559996907322784e-14), 'Mean': np.float64(0.06442058726738736), 'Std': np.float64(1.9456394552305514)}
2024-11-09 17:16:27,956 - INFO - Candidate Std Stats: {'Max': np.float64(0.9999999973919288), 'Min': np.float64(0.0), 'Mean': np.float64(0.9987519372196525), 'Std': np.float64(0.03530572472907679)}
2024-11-09 17:16:27,981 - INFO - Top 10 Mean Stats: {'Max': np.float64(2.9878877150224527e-15), 'Min': np.float64(-2.836619827917275e-15), 'Mean': np.float64(-9.275913370743183e-16), 'Std': np.float64(1.6943484512980431e-15)}
2024-11-09 17:16:27,982 - INFO - Top 10 Std Stats: {'Max': np.float64(0.9999999973919288), 'Min': np.float64(0.9999999968494191), 'Mean': np.float64(0.9999999970018447), 'Std': np.float64(1.702733778160336e-10)}
2024-11-09 17:16:27,982 - INFO - Bottom 10 Mean Stats: {'Max': np.float64(107.0), 'Min': np.float64(83.0), 'Mean': np.float64(91.5), 'Std': np.float64(8.261355820929152)}
2024-11-09 17:16:27,982 - INFO - Bottom 10 Std Stats: {'Max': np.float64(0.0), 'Min': np.float64(0.0), 'Mean': np.float64(0.0), 'Std': np.float64(0.0)}
[I 2024-11-09 17:16:28,020] Trial 201 finished with value: 71.0 and parameters: {'x_0': -1, 'x_1': 4, 'x_2': -5, 'x_3': 5, 'x_4': 2}. Best is trial 176 with value: 7.0.
2024-11-09 17:16:39,541 - INFO - Candidate Mean Stats: {'Max': np.float64(107.0), 'Min': np.float64(-6.006306563222097e-14), 'Mean': np.float64(0.06486144140675935), 'Std': np.float64(1.9536521028903175)}
2024-11-09 17:16:39,542 - INFO - Candidate Std Stats: {'Max': np.float64(0.9999999975172785), 'Min': np.float64(0.0), 'Mean': np.float64(0.9987457277230452), 'Std': np.float64(0.035393330920314554)}
2024-11-09 17:16:39,572 - INFO - Top 10 Mean Stats: {'Max': np.float64(1.559863349598345e-15), 'Min': np.float64(-3.7636560534792805e-15), 'Mean': np.float64(-6.863259960354639e-16), 'Std': np.float64(1.6761707489222192e-15)}
2024-11-09 17:16:39,572 - INFO - Top 10 Std Stats: {'Max': np.float64(0.9999999975172785), 'Min': np.float64(0.9999999968778841), 'Mean': np.float64(0.9999999970819123), 'Std': np.float64(2.1854921450901821e-10)}
2024-11-09 17:16:39,572 - INFO - Bottom 10 Mean Stats: {'Max': np.float64(107.0), 'Min': np.float64(83.0), 'Mean': np.float64(91.5), 'Std': np.float64(8.261355820929152)}
2024-11-09 17:16:39,572 - INFO - Bottom 10 Std Stats: {'Max': np.float64(0.0), 'Min': np.float64(0.0), 'Mean': np.float64(0.0), 'Std': np.float64(0.0)}
[I 2024-11-09 17:16:39,601] Trial 202 finished with value: 67.0 and parameters: {'x_0': -3, 'x_1': -2, 'x_2': 2, 'x_3': -5, 'x_4': 5}. Best is trial 176 with value: 7.0.
2024-11-09 17:16:47,834 - INFO - Candidate Mean Stats: {'Max': np.float64(107.0), 'Min': np.float64(-6.055156376305604e-14), 'Mean': np.float64(0.06527745869320899), 'Std': np.float64(1.96075892380675)}
2024-11-09 17:16:47,835 - INFO - Candidate Std Stats: {'Max': np.float64(0.9999999966123816), 'Min': np.float64(0.0), 'Mean': np.float64(0.9987395186849926), 'Std': np.float64(0.03548071973149272)}
2024-11-09 17:16:47,863 - INFO - Top 10 Mean Stats: {'Max': np.float64(3.184952301893418e-15), 'Min': np.float64(-5.218048215738236e-15), 'Mean': np.float64(-1.1253498133356741e-15), 'Std': np.float64(2.6811744141786744e-15)}
2024-11-09 17:16:47,863 - INFO - Top 10 Std Stats: {'Max': np.float64(0.9999999966123816), 'Min': np.float64(0.9999999963055328), 'Mean': np.float64(0.9999999963961074), 'Std': np.float64(9.811831421972673e-11)}
2024-11-09 17:16:47,864 - INFO - Bottom 10 Mean Stats: {'Max': np.float64(107.0), 'Min': np.float64(83.0), 'Mean': np.float64(91.5), 'Std': np.float64(8.261355820929152)}
2024-11-09 17:16:47,864 - INFO - Bottom 10 Std Stats: {'Max': np.float64(0.0), 'Min': np.float64(0.0), 'Mean': np.float64(0.0), 'Std': np.float64(0.0)}
[I 2024-11-09 17:16:47,897] Trial 203 finished with value: 36.0 and parameters: {'x_0': 3, 'x_1': 3, 'x_2': 0, 'x_3': 3, 'x_4': -3}. Best is trial 176 with value: 7.0.
2024-11-09 17:16:58,190 - INFO - Candidate Mean Stats: {'Max': np.float64(107.0), 'Min': np.float64(-5.693223670277802e-14), 'Mean': np.float64(0.06550099036951025), 'Std': np.float64(1.9628024517278115)}
2024-11-09 17:16:58,191 - INFO - Candidate Std Stats: {'Max': np.float64(0.9999999974279726), 'Min': np.float64(0.0), 'Mean': np.float64(0.9987333097854773), 'Std': np.float64(0.03556789275373558)}
2024-11-09 17:16:58,218 - INFO - Top 10 Mean Stats: {'Max': np.float64(5.10702591327572e-15), 'Min': np.float64(-2.1538326677728035e-15), 'Mean': np.float64(9.395262345890385e-17), 'Std': np.float64(1.940159826651097e-15)}
2024-11-09 17:16:58,218 - INFO - Top 10 Std Stats: {'Max': np.float64(0.9999999974279726), 'Min': np.float64(0.9999999968500651), 'Mean': np.float64(0.9999999970830846), 'Std': np.float64(1.8815308626432148e-10)}
2024-11-09 17:16:58,218 - INFO - Bottom 10 Mean Stats: {'Max': np.float64(107.0), 'Min': np.float64(83.0), 'Mean': np.float64(91.5), 'Std': np.float64(8.261355820929152)}
2024-11-09 17:16:58,218 - INFO - Bottom 10 Std Stats: {'Max': np.float64(0.0), 'Min': np.float64(0.0), 'Mean': np.float64(0.0), 'Std': np.float64(0.0)}
[I 2024-11-09 17:16:58,250] Trial 204 finished with value: 38.0 and parameters: {'x_0': -4, 'x_1': 1, 'x_2': -2, 'x_3': -1, 'x_4': -4}. Best is trial 176 with value: 7.0.
2024-11-09 17:17:07,560 - INFO - Candidate Mean Stats: {'Max': np.float64(107.0), 'Min': np.float64(-5.900835375882707e-14), 'Mean': np.float64(0.0657369404722728), 'Std': np.float64(1.965077251105008)}
2024-11-09 17:17:07,560 - INFO - Candidate Std Stats: {'Max': np.float64(0.9999999968941213), 'Min': np.float64(0.0), 'Mean': np.float64(0.9987271002443567), 'Std': np.float64(0.03565485154201999)}
2024-11-09 17:17:07,593 - INFO - Top 10 Mean Stats: {'Max': np.float64(3.4416913763379853e-15), 'Min': np.float64(-2.5146551507759794e-15), 'Mean': np.float64(1.2341516697489395e-15), 'Std': np.float64(1.5855426988268444e-15)}
2024-11-09 17:17:07,594 - INFO - Top 10 Std Stats: {'Max': np.float64(0.9999999968941213), 'Min': np.float64(0.9999999964171231), 'Mean': np.float64(0.999999996559394), 'Std': np.float64(1.5126792516930975e-10)}
2024-11-09 17:17:07,594 - INFO - Bottom 10 Mean Stats: {'Max': np.float64(107.0), 'Min': np.float64(83.0), 'Mean': np.float64(91.5), 'Std': np.float64(8.261355820929152)}
2024-11-09 17:17:07,595 - INFO - Bottom 10 Std Stats: {'Max': np.float64(0.0), 'Min': np.float64(0.0), 'Mean': np.float64(0.0), 'Std': np.float64(0.0)}
[I 2024-11-09 17:17:07,671] Trial 205 finished with value: 34.0 and parameters: {'x_0': -5, 'x_1': 2, 'x_2': 2, 'x_3': 0, 'x_4': 1}. Best is trial 176 with value: 7.0.
2024-11-09 17:17:15,192 - INFO - Candidate Mean Stats: {'Max': np.float64(107.0), 'Min': np.float64(-5.775380174100065e-14), 'Mean': np.float64(0.06594805372211286), 'Std': np.float64(1.9668956893688845)}
2024-11-09 17:17:15,193 - INFO - Candidate Std Stats: {'Max': np.float64(0.9999999990661875), 'Min': np.float64(0.0), 'Mean': np.float64(0.998720890530003), 'Std': np.float64(0.03574159767645778)}
2024-11-09 17:17:15,216 - INFO - Top 10 Mean Stats: {'Max': np.float64(7.216449660063518e-16), 'Min': np.float64(-9.381384558082572e-16), 'Mean': np.float64(-1.7014167852380524e-16), 'Std': np.float64(5.369868997868768e-16)}
2024-11-09 17:17:15,216 - INFO - Top 10 Std Stats: {'Max': np.float64(0.9999999990661875), 'Min': np.float64(0.9999999985607296), 'Mean': np.float64(0.9999999987586227), 'Std': np.float64(1.519856141349967e-10)}
2024-11-09 17:17:15,216 - INFO - Bottom 10 Mean Stats: {'Max': np.float64(107.0), 'Min': np.float64(83.0), 'Mean': np.float64(91.5), 'Std': np.float64(8.261355820929152)}
2024-11-09 17:17:15,216 - INFO - Bottom 10 Std Stats: {'Max': np.float64(0.0), 'Min': np.float64(0.0), 'Mean': np.float64(0.0), 'Std': np.float64(0.0)}
[I 2024-11-09 17:17:15,246] Trial 206 finished with value: 41.0 and parameters: {'x_0': 1, 'x_1': 2, 'x_2': 4, 'x_3': -2, 'x_4': 4}. Best is trial 176 with value: 7.0.
2024-11-09 17:17:26,011 - INFO - Candidate Mean Stats: {'Max': np.float64(107.0), 'Min': np.float64(-4.9205084451386937e-14), 'Mean': np.float64(0.06620263146456717), 'Std': np.float64(1.9695387017460266)}
2024-11-09 17:17:26,012 - INFO - Candidate Std Stats: {'Max': np.float64(0.9999999969995315), 'Min': np.float64(0.0), 'Mean': np.float64(0.9987146820457499), 'Std': np.float64(0.03582813275191807)}
2024-11-09 17:17:26,038 - INFO - Top 10 Mean Stats: {'Max': np.float64(1.7152945730458668e-15), 'Min': np.float64(-2.080280392391387e-15), 'Mean': np.float64(-4.092125943655489e-16), 'Std': np.float64(1.2607492631053896e-15)}
2024-11-09 17:17:26,039 - INFO - Top 10 Std Stats: {'Max': np.float64(0.9999999969995315), 'Min': np.float64(0.9999999966980292), 'Mean': np.float64(0.9999999968100939), 'Std': np.float64(9.526409507680105e-11)}
2024-11-09 17:17:26,039 - INFO - Bottom 10 Mean Stats: {'Max': np.float64(107.0), 'Min': np.float64(83.0), 'Mean': np.float64(91.5), 'Std': np.float64(8.261355820929152)}
2024-11-09 17:17:26,039 - INFO - Bottom 10 Std Stats: {'Max': np.float64(0.0), 'Min': np.float64(0.0), 'Mean': np.float64(0.0), 'Std': np.float64(0.0)}
