[I 2024-11-09 17:25:40,082] Trial 255 finished with value: 31.0 and parameters: {'x_0': -1, 'x_1': -2, 'x_2': -3, 'x_3': -4, 'x_4': -1}. Best is trial 162 with value: 9.0.
2024-11-09 17:25:47,000 - INFO - Candidate Mean Stats: {'Max': np.float64(107.0), 'Min': np.float64(-5.4645177272050204e-14), 'Mean': np.float64(0.07905570285189165), 'Std': np.float64(2.1330458476220704)}
2024-11-09 17:25:47,001 - INFO - Candidate Std Stats: {'Max': np.float64(0.9999999969881397), 'Min': np.float64(0.0), 'Mean': np.float64(0.9984104304006669), 'Std': np.float64(0.03983756839367142)}
2024-11-09 17:25:47,029 - INFO - Top 10 Mean Stats: {'Max': np.float64(3.641531520770513e-15), 'Min': np.float64(-2.814415367424772e-15), 'Mean': np.float64(-1.1990408665951696e-16), 'Std': np.float64(1.8699237602200937e-15)}
2024-11-09 17:25:47,029 - INFO - Top 10 Std Stats: {'Max': np.float64(0.9999999969881397), 'Min': np.float64(0.9999999966235614), 'Mean': np.float64(0.9999999968013225), 'Std': np.float64(1.2096153361956664e-10)}
2024-11-09 17:25:47,029 - INFO - Bottom 10 Mean Stats: {'Max': np.float64(107.0), 'Min': np.float64(88.0), 'Mean': np.float64(94.0), 'Std': np.float64(6.04979338490167)}
2024-11-09 17:25:47,029 - INFO - Bottom 10 Std Stats: {'Max': np.float64(0.0), 'Min': np.float64(0.0), 'Mean': np.float64(0.0), 'Std': np.float64(0.0)}
[I 2024-11-09 17:25:47,078] Trial 256 finished with value: 46.0 and parameters: {'x_0': -2, 'x_1': -1, 'x_2': -4, 'x_3': 3, 'x_4': 4}. Best is trial 162 with value: 9.0.
2024-11-09 17:25:57,699 - INFO - Candidate Mean Stats: {'Max': np.float64(107.0), 'Min': np.float64(-6.429301535604282e-14), 'Mean': np.float64(0.07934132666049885), 'Std': np.float64(2.1361128344005715)}
2024-11-09 17:25:57,700 - INFO - Candidate Std Stats: {'Max': np.float64(0.9999999977098307), 'Min': np.float64(0.0), 'Mean': np.float64(0.9984042207447409), 'Std': np.float64(0.039915176171860474)}
2024-11-09 17:25:57,724 - INFO - Top 10 Mean Stats: {'Max': np.float64(2.4202861936828413e-15), 'Min': np.float64(-2.581268532253489e-15), 'Mean': np.float64(-8.847089727481362e-19), 'Std': np.float64(1.6751341818014565e-15)}
2024-11-09 17:25:57,724 - INFO - Top 10 Std Stats: {'Max': np.float64(0.9999999977098307), 'Min': np.float64(0.9999999973149077), 'Mean': np.float64(0.99999999745742), 'Std': np.float64(1.3190079873986088e-10)}
2024-11-09 17:25:57,724 - INFO - Bottom 10 Mean Stats: {'Max': np.float64(107.0), 'Min': np.float64(88.0), 'Mean': np.float64(94.0), 'Std': np.float64(6.04979338490167)}
2024-11-09 17:25:57,724 - INFO - Bottom 10 Std Stats: {'Max': np.float64(0.0), 'Min': np.float64(0.0), 'Mean': np.float64(0.0), 'Std': np.float64(0.0)}
[I 2024-11-09 17:25:57,784] Trial 257 finished with value: 71.0 and parameters: {'x_0': -2, 'x_1': 5, 'x_2': 5, 'x_3': 4, 'x_4': 1}. Best is trial 162 with value: 9.0.
2024-11-09 17:26:04,827 - INFO - Candidate Mean Stats: {'Max': np.float64(107.0), 'Min': np.float64(-1.1147749390261197e-13), 'Mean': np.float64(0.07978218079987083), 'Std': np.float64(2.143410491466654)}
2024-11-09 17:26:04,828 - INFO - Candidate Std Stats: {'Max': np.float64(0.9999999977017128), 'Min': np.float64(0.0), 'Mean': np.float64(0.998398011404033), 'Std': np.float64(0.039992632396869815)}
2024-11-09 17:26:04,854 - INFO - Top 10 Mean Stats: {'Max': np.float64(2.8754776337791553e-15), 'Min': np.float64(-2.681188604469753e-15), 'Mean': np.float64(5.551809012516174e-16), 'Std': np.float64(1.6410646463790541e-15)}
2024-11-09 17:26:04,854 - INFO - Top 10 Std Stats: {'Max': np.float64(0.9999999977017128), 'Min': np.float64(0.9999999969982684), 'Mean': np.float64(0.9999999972916191), 'Std': np.float64(1.7625719001986933e-10)}
2024-11-09 17:26:04,854 - INFO - Bottom 10 Mean Stats: {'Max': np.float64(107.0), 'Min': np.float64(88.0), 'Mean': np.float64(94.0), 'Std': np.float64(6.04979338490167)}
2024-11-09 17:26:04,854 - INFO - Bottom 10 Std Stats: {'Max': np.float64(0.0), 'Min': np.float64(0.0), 'Mean': np.float64(0.0), 'Std': np.float64(0.0)}
[I 2024-11-09 17:26:04,892] Trial 258 finished with value: 40.0 and parameters: {'x_0': 3, 'x_1': 1, 'x_2': -2, 'x_3': 5, 'x_4': -1}. Best is trial 162 with value: 9.0.
2024-11-09 17:26:11,939 - INFO - Candidate Mean Stats: {'Max': np.float64(107.0), 'Min': np.float64(-5.608846720406291e-14), 'Mean': np.float64(0.0800305493290945), 'Std': np.float64(2.1457174985644163)}
2024-11-09 17:26:11,940 - INFO - Candidate Std Stats: {'Max': np.float64(0.9999999977111674), 'Min': np.float64(0.0), 'Mean': np.float64(0.9983918028402652), 'Std': np.float64(0.040069937966245535)}
2024-11-09 17:26:11,971 - INFO - Top 10 Mean Stats: {'Max': np.float64(1.9539925233402757e-15), 'Min': np.float64(-1.9539925233402757e-15), 'Mean': np.float64(-2.7283730830163217e-16), 'Std': np.float64(1.2737735231642425e-15)}
2024-11-09 17:26:11,971 - INFO - Top 10 Std Stats: {'Max': np.float64(0.9999999977111674), 'Min': np.float64(0.9999999970691454), 'Mean': np.float64(0.9999999972864229), 'Std': np.float64(1.813970920763063e-10)}
2024-11-09 17:26:11,971 - INFO - Bottom 10 Mean Stats: {'Max': np.float64(107.0), 'Min': np.float64(88.0), 'Mean': np.float64(94.0), 'Std': np.float64(6.04979338490167)}
2024-11-09 17:26:11,971 - INFO - Bottom 10 Std Stats: {'Max': np.float64(0.0), 'Min': np.float64(0.0), 'Mean': np.float64(0.0), 'Std': np.float64(0.0)}
[I 2024-11-09 17:26:12,019] Trial 259 finished with value: 47.0 and parameters: {'x_0': 3, 'x_1': 3, 'x_2': 2, 'x_3': -4, 'x_4': -3}. Best is trial 162 with value: 9.0.
2024-11-09 17:26:18,795 - INFO - Candidate Mean Stats: {'Max': np.float64(107.0), 'Min': np.float64(-6.090683513093609e-14), 'Mean': np.float64(0.08032238235093235), 'Std': np.float64(2.1489004023898595)}
2024-11-09 17:26:18,797 - INFO - Candidate Std Stats: {'Max': np.float64(0.9999999968124186), 'Min': np.float64(0.0), 'Mean': np.float64(0.998385593334546), 'Std': np.float64(0.04014709368151671)}
2024-11-09 17:26:18,822 - INFO - Top 10 Mean Stats: {'Max': np.float64(2.509104035652854e-15), 'Min': np.float64(-3.588795927100819e-15), 'Mean': np.float64(-8.137934770502398e-16), 'Std': np.float64(2.096150538929721e-15)}
2024-11-09 17:26:18,822 - INFO - Top 10 Std Stats: {'Max': np.float64(0.9999999968124186), 'Min': np.float64(0.9999999963662797), 'Mean': np.float64(0.9999999965695409), 'Std': np.float64(1.3541857719218353e-10)}
2024-11-09 17:26:18,822 - INFO - Bottom 10 Mean Stats: {'Max': np.float64(107.0), 'Min': np.float64(88.0), 'Mean': np.float64(94.0), 'Std': np.float64(6.04979338490167)}
2024-11-09 17:26:18,822 - INFO - Bottom 10 Std Stats: {'Max': np.float64(0.0), 'Min': np.float64(0.0), 'Mean': np.float64(0.0), 'Std': np.float64(0.0)}
[I 2024-11-09 17:26:18,881] Trial 260 finished with value: 70.0 and parameters: {'x_0': 3, 'x_1': 2, 'x_2': 4, 'x_3': 4, 'x_4': -5}. Best is trial 162 with value: 9.0.
2024-11-09 17:26:27,906 - INFO - Candidate Mean Stats: {'Max': np.float64(107.0), 'Min': np.float64(-8.613110225041964e-14), 'Mean': np.float64(0.0807570272770737), 'Std': np.float64(2.1559517786520868)}
2024-11-09 17:26:27,910 - INFO - Candidate Std Stats: {'Max': np.float64(0.9999999974798477), 'Min': np.float64(0.0), 'Mean': np.float64(0.998379384109016), 'Std': np.float64(0.04022410045381281)}
2024-11-09 17:26:27,935 - INFO - Top 10 Mean Stats: {'Max': np.float64(4.9404924595819466e-15), 'Min': np.float64(-2.3370194668359546e-15), 'Mean': np.float64(1.0266787420221134e-15), 'Std': np.float64(2.2425805872738597e-15)}
2024-11-09 17:26:27,938 - INFO - Top 10 Std Stats: {'Max': np.float64(0.9999999974798477), 'Min': np.float64(0.9999999969604891), 'Mean': np.float64(0.9999999971399177), 'Std': np.float64(1.858395690619044e-10)}
2024-11-09 17:26:27,938 - INFO - Bottom 10 Mean Stats: {'Max': np.float64(107.0), 'Min': np.float64(88.0), 'Mean': np.float64(94.0), 'Std': np.float64(6.04979338490167)}
2024-11-09 17:26:27,938 - INFO - Bottom 10 Std Stats: {'Max': np.float64(0.0), 'Min': np.float64(0.0), 'Mean': np.float64(0.0), 'Std': np.float64(0.0)}
[I 2024-11-09 17:26:28,004] Trial 261 finished with value: 28.0 and parameters: {'x_0': 0, 'x_1': -2, 'x_2': 2, 'x_3': -4, 'x_4': -2}. Best is trial 162 with value: 9.0.
2024-11-09 17:26:36,151 - INFO - Candidate Mean Stats: {'Max': np.float64(107.0), 'Min': np.float64(-5.4689586193035214e-14), 'Mean': np.float64(0.08093088524753028), 'Std': np.float64(2.157073940390909)}
2024-11-09 17:26:36,153 - INFO - Candidate Std Stats: {'Max': np.float64(0.999999997397354), 'Min': np.float64(0.0), 'Mean': np.float64(0.9983731746734059), 'Std': np.float64(0.0403009591172702)}
2024-11-09 17:26:36,178 - INFO - Top 10 Mean Stats: {'Max': np.float64(3.508304757815495e-15), 'Min': np.float64(-2.575717417130363e-15), 'Mean': np.float64(1.1102230246251563e-16), 'Std': np.float64(1.6960777984814179e-15)}
2024-11-09 17:26:36,178 - INFO - Top 10 Std Stats: {'Max': np.float64(0.999999997397354), 'Min': np.float64(0.9999999972120003), 'Mean': np.float64(0.9999999972852498), 'Std': np.float64(5.68065253617442e-11)}
2024-11-09 17:26:36,179 - INFO - Bottom 10 Mean Stats: {'Max': np.float64(107.0), 'Min': np.float64(88.0), 'Mean': np.float64(94.0), 'Std': np.float64(6.04979338490167)}
2024-11-09 17:26:36,179 - INFO - Bottom 10 Std Stats: {'Max': np.float64(0.0), 'Min': np.float64(0.0), 'Mean': np.float64(0.0), 'Std': np.float64(0.0)}
[I 2024-11-09 17:26:36,214] Trial 262 finished with value: 44.0 and parameters: {'x_0': 1, 'x_1': 3, 'x_2': 3, 'x_3': 3, 'x_4': 4}. Best is trial 162 with value: 9.0.
2024-11-09 17:26:41,829 - INFO - Candidate Mean Stats: {'Max': np.float64(107.0), 'Min': np.float64(-6.421529974431905e-14), 'Mean': np.float64(0.08120409062967632), 'Std': np.float64(2.1598483106412685)}
2024-11-09 17:26:41,829 - INFO - Candidate Std Stats: {'Max': np.float64(0.9999999971258628), 'Min': np.float64(0.0), 'Mean': np.float64(0.9983669654360331), 'Std': np.float64(0.04037767053407878)}
2024-11-09 17:26:41,852 - INFO - Top 10 Mean Stats: {'Max': np.float64(2.7977620220553944e-15), 'Min': np.float64(-3.819167204710538e-15), 'Mean': np.float64(-8.038014698286134e-16), 'Std': np.float64(1.9120361366915332e-15)}
2024-11-09 17:26:41,852 - INFO - Top 10 Std Stats: {'Max': np.float64(0.9999999971258628), 'Min': np.float64(0.9999999969355188), 'Mean': np.float64(0.9999999970141495), 'Std': np.float64(5.670920460261414e-11)}
2024-11-09 17:26:41,852 - INFO - Bottom 10 Mean Stats: {'Max': np.float64(107.0), 'Min': np.float64(88.0), 'Mean': np.float64(94.0), 'Std': np.float64(6.04979338490167)}
2024-11-09 17:26:41,852 - INFO - Bottom 10 Std Stats: {'Max': np.float64(0.0), 'Min': np.float64(0.0), 'Mean': np.float64(0.0), 'Std': np.float64(0.0)}
[I 2024-11-09 17:26:41,882] Trial 263 finished with value: 38.0 and parameters: {'x_0': -3, 'x_1': -4, 'x_2': 2, 'x_3': 0, 'x_4': -3}. Best is trial 162 with value: 9.0.
2024-11-09 17:26:47,007 - INFO - Candidate Mean Stats: {'Max': np.float64(107.0), 'Min': np.float64(-6.983302824892235e-14), 'Mean': np.float64(0.08144004073243875), 'Std': np.float64(2.1619140716007683)}
2024-11-09 17:26:47,008 - INFO - Candidate Std Stats: {'Max': np.float64(0.9999999966389091), 'Min': np.float64(0.0), 'Mean': np.float64(0.9983607562456219), 'Std': np.float64(0.040454235535850216)}
2024-11-09 17:26:47,034 - INFO - Top 10 Mean Stats: {'Max': np.float64(5.545564008002657e-15), 'Min': np.float64(-2.9753977059954196e-15), 'Mean': np.float64(6.381353778728283e-16), 'Std': np.float64(2.4522854791084076e-15)}
2024-11-09 17:26:47,034 - INFO - Top 10 Std Stats: {'Max': np.float64(0.9999999966389091), 'Min': np.float64(0.999999996155486), 'Mean': np.float64(0.9999999962774584), 'Std': np.float64(1.370373646979961e-10)}
2024-11-09 17:26:47,034 - INFO - Bottom 10 Mean Stats: {'Max': np.float64(107.0), 'Min': np.float64(88.0), 'Mean': np.float64(94.0), 'Std': np.float64(6.04979338490167)}
2024-11-09 17:26:47,034 - INFO - Bottom 10 Std Stats: {'Max': np.float64(0.0), 'Min': np.float64(0.0), 'Mean': np.float64(0.0), 'Std': np.float64(0.0)}
[I 2024-11-09 17:26:47,071] Trial 264 finished with value: 54.0 and parameters: {'x_0': -2, 'x_1': -4, 'x_2': 3, 'x_3': -4, 'x_4': -3}. Best is trial 162 with value: 9.0.
2024-11-09 17:26:53,506 - INFO - Candidate Mean Stats: {'Max': np.float64(107.0), 'Min': np.float64(-5.895284260759581e-14), 'Mean': np.float64(0.08177533824689073), 'Std': np.float64(2.166084899779998)}
2024-11-09 17:26:53,508 - INFO - Candidate Std Stats: {'Max': np.float64(0.9999999966265561), 'Min': np.float64(0.0), 'Mean': np.float64(0.9983545471305676), 'Std': np.float64(0.04053065495352105)}
2024-11-09 17:26:53,533 - INFO - Top 10 Mean Stats: {'Max': np.float64(5.56776846849516e-15), 'Min': np.float64(-2.6645352591003757e-15), 'Mean': np.float64(1.0847052422935378e-15), 'Std': np.float64(2.6543688551666934e-15)}
2024-11-09 17:26:53,533 - INFO - Top 10 Std Stats: {'Max': np.float64(0.9999999966265561), 'Min': np.float64(0.9999999963786892), 'Mean': np.float64(0.9999999964924736), 'Std': np.float64(8.081027585302438e-11)}
2024-11-09 17:26:53,534 - INFO - Bottom 10 Mean Stats: {'Max': np.float64(107.0), 'Min': np.float64(88.0), 'Mean': np.float64(94.0), 'Std': np.float64(6.04979338490167)}
2024-11-09 17:26:53,534 - INFO - Bottom 10 Std Stats: {'Max': np.float64(0.0), 'Min': np.float64(0.0), 'Mean': np.float64(0.0), 'Std': np.float64(0.0)}
[I 2024-11-09 17:26:53,569] Trial 265 finished with value: 63.0 and parameters: {'x_0': 5, 'x_1': -2, 'x_2': -3, 'x_3': 0, 'x_4': 5}. Best is trial 162 with value: 9.0.
2024-11-09 17:27:00,202 - INFO - Candidate Mean Stats: {'Max': np.float64(107.0), 'Min': np.float64(-5.717648576819556e-14), 'Mean': np.float64(0.08216651868041798), 'Std': np.float64(2.1717513737811878)}
2024-11-09 17:27:00,203 - INFO - Candidate Std Stats: {'Max': np.float64(0.9999999970696608), 'Min': np.float64(0.0), 'Mean': np.float64(0.9983483378045039), 'Std': np.float64(0.040606929597415624)}
2024-11-09 17:27:00,226 - INFO - Top 10 Mean Stats: {'Max': np.float64(2.9254376698872876e-15), 'Min': np.float64(-2.4868995751603505e-15), 'Mean': np.float64(1.0186296250935812e-15), 'Std': np.float64(1.692657798395242e-15)}
2024-11-09 17:27:00,226 - INFO - Top 10 Std Stats: {'Max': np.float64(0.9999999970696608), 'Min': np.float64(0.9999999967469365), 'Mean': np.float64(0.9999999968734427), 'Std': np.float64(1.0947660754037346e-10)}
2024-11-09 17:27:00,226 - INFO - Bottom 10 Mean Stats: {'Max': np.float64(107.0), 'Min': np.float64(88.0), 'Mean': np.float64(94.0), 'Std': np.float64(6.04979338490167)}
2024-11-09 17:27:00,226 - INFO - Bottom 10 Std Stats: {'Max': np.float64(0.0), 'Min': np.float64(0.0), 'Mean': np.float64(0.0), 'Std': np.float64(0.0)}
[I 2024-11-09 17:27:00,262] Trial 266 finished with value: 79.0 and parameters: {'x_0': 2, 'x_1': -5, 'x_2': 4, 'x_3': -5, 'x_4': -3}. Best is trial 162 with value: 9.0.
2024-11-09 17:27:05,837 - INFO - Candidate Mean Stats: {'Max': np.float64(107.0), 'Min': np.float64(-6.17284001691587e-14), 'Mean': np.float64(0.08265704652563474), 'Std': np.float64(2.180636347203338)}
2024-11-09 17:27:05,837 - INFO - Candidate Std Stats: {'Max': np.float64(0.999999996483032), 'Min': np.float64(0.0), 'Mean': np.float64(0.998342128161079), 'Std': np.float64(0.04068306027739081)}
2024-11-09 17:27:05,861 - INFO - Top 10 Mean Stats: {'Max': np.float64(5.828670879282072e-15), 'Min': np.float64(-3.730349362740526e-15), 'Mean': np.float64(8.223326533607356e-16), 'Std': np.float64(3.1561840116047076e-15)}
2024-11-09 17:27:05,861 - INFO - Top 10 Std Stats: {'Max': np.float64(0.999999996483032), 'Min': np.float64(0.9999999961442395), 'Mean': np.float64(0.9999999963006229), 'Std': np.float64(1.0899015616545098e-10)}
2024-11-09 17:27:05,861 - INFO - Bottom 10 Mean Stats: {'Max': np.float64(107.0), 'Min': np.float64(88.0), 'Mean': np.float64(94.0), 'Std': np.float64(6.04979338490167)}
2024-11-09 17:27:05,861 - INFO - Bottom 10 Std Stats: {'Max': np.float64(0.0), 'Min': np.float64(0.0), 'Mean': np.float64(0.0), 'Std': np.float64(0.0)}
[I 2024-11-09 17:27:05,895] Trial 267 finished with value: 50.0 and parameters: {'x_0': 1, 'x_1': 1, 'x_2': -4, 'x_3': 4, 'x_4': -4}. Best is trial 162 with value: 9.0.
2024-11-09 17:27:11,493 - INFO - Candidate Mean Stats: {'Max': np.float64(107.0), 'Min': np.float64(-5.6687987637360495e-14), 'Mean': np.float64(0.08296750718716435), 'Std': np.float64(2.1841809659257363)}
2024-11-09 17:27:11,494 - INFO - Candidate Std Stats: {'Max': np.float64(0.9999999967035894), 'Min': np.float64(0.0), 'Mean': np.float64(0.9983359190782561), 'Std': np.float64(0.040759047835843484)}
2024-11-09 17:27:11,517 - INFO - Top 10 Mean Stats: {'Max': np.float64(7.93809462606987e-16), 'Min': np.float64(-3.641531520770513e-15), 'Mean': np.float64(-1.1479706074624118e-15), 'Std': np.float64(1.254045437700666e-15)}
2024-11-09 17:27:11,517 - INFO - Top 10 Std Stats: {'Max': np.float64(0.9999999967035894), 'Min': np.float64(0.9999999962979911), 'Mean': np.float64(0.9999999964329807), 'Std': np.float64(1.2780759744365648e-10)}
2024-11-09 17:27:11,518 - INFO - Bottom 10 Mean Stats: {'Max': np.float64(107.0), 'Min': np.float64(88.0), 'Mean': np.float64(94.0), 'Std': np.float64(6.04979338490167)}
2024-11-09 17:27:11,518 - INFO - Bottom 10 Std Stats: {'Max': np.float64(0.0), 'Min': np.float64(0.0), 'Mean': np.float64(0.0), 'Std': np.float64(0.0)}
[I 2024-11-09 17:27:11,554] Trial 268 finished with value: 54.0 and parameters: {'x_0': -2, 'x_1': -4, 'x_2': 3, 'x_3': 3, 'x_4': -4}. Best is trial 162 with value: 9.0.
2024-11-09 17:27:17,831 - INFO - Candidate Mean Stats: {'Max': np.float64(107.0), 'Min': np.float64(-4.836547828901416e-14), 'Mean': np.float64(0.08330280470161623), 'Std': np.float64(2.1883091206843663)}
2024-11-09 17:27:17,832 - INFO - Candidate Std Stats: {'Max': np.float64(0.9999999966965724), 'Min': np.float64(0.0), 'Mean': np.float64(0.9983297104522828), 'Std': np.float64(0.04083489306776805)}
2024-11-09 17:27:17,854 - INFO - Top 10 Mean Stats: {'Max': np.float64(8.104628079763643e-16), 'Min': np.float64(-4.846123502488808e-15), 'Mean': np.float64(-1.2203953125844435e-15), 'Std': np.float64(1.7678611464107494e-15)}
2024-11-09 17:27:17,854 - INFO - Top 10 Std Stats: {'Max': np.float64(0.9999999966965724), 'Min': np.float64(0.9999999962016097), 'Mean': np.float64(0.9999999964251544), 'Std': np.float64(1.5964349295332269e-10)}
2024-11-09 17:27:17,854 - INFO - Bottom 10 Mean Stats: {'Max': np.float64(107.0), 'Min': np.float64(88.0), 'Mean': np.float64(94.0), 'Std': np.float64(6.04979338490167)}
2024-11-09 17:27:17,854 - INFO - Bottom 10 Std Stats: {'Max': np.float64(0.0), 'Min': np.float64(0.0), 'Mean': np.float64(0.0), 'Std': np.float64(0.0)}
[I 2024-11-09 17:27:17,886] Trial 269 finished with value: 50.0 and parameters: {'x_0': 4, 'x_1': 5, 'x_2': 2, 'x_3': 2, 'x_4': -1}. Best is trial 162 with value: 9.0.
2024-11-09 17:27:26,090 - INFO - Candidate Mean Stats: {'Max': np.float64(107.0), 'Min': np.float64(-5.480060849549773e-14), 'Mean': np.float64(0.08361326536314581), 'Std': np.float64(2.191841239659783)}
2024-11-09 17:27:26,092 - INFO - Candidate Std Stats: {'Max': np.float64(0.999999997472951), 'Min': np.float64(0.0), 'Mean': np.float64(0.9983235007855864), 'Std': np.float64(0.040910596703591845)}
2024-11-09 17:27:26,113 - INFO - Top 10 Mean Stats: {'Max': np.float64(1.454392162258955e-15), 'Min': np.float64(-3.0975222387041866e-15), 'Mean': np.float64(-6.813993813636898e-16), 'Std': np.float64(1.2472499948037155e-15)}
2024-11-09 17:27:26,113 - INFO - Top 10 Std Stats: {'Max': np.float64(0.999999997472951), 'Min': np.float64(0.9999999969242398), 'Mean': np.float64(0.9999999971434537), 'Std': np.float64(1.639139020401153e-10)}
2024-11-09 17:27:26,113 - INFO - Bottom 10 Mean Stats: {'Max': np.float64(107.0), 'Min': np.float64(88.0), 'Mean': np.float64(94.0), 'Std': np.float64(6.04979338490167)}
2024-11-09 17:27:26,114 - INFO - Bottom 10 Std Stats: {'Max': np.float64(0.0), 'Min': np.float64(0.0), 'Mean': np.float64(0.0), 'Std': np.float64(0.0)}
[I 2024-11-09 17:27:26,143] Trial 270 finished with value: 67.0 and parameters: {'x_0': -1, 'x_1': -4, 'x_2': -4, 'x_3': -5, 'x_4': 3}. Best is trial 162 with value: 9.0.
2024-11-09 17:27:32,272 - INFO - Candidate Mean Stats: {'Max': np.float64(107.0), 'Min': np.float64(-5.062616992290714e-14), 'Mean': np.float64(0.08402928264959549), 'Std': np.float64(2.198174569015741)}
2024-11-09 17:27:32,273 - INFO - Candidate Std Stats: {'Max': np.float64(0.9999999974051107), 'Min': np.float64(0.0), 'Mean': np.float64(0.9983172914521331), 'Std': np.float64(0.04098615958385707)}
2024-11-09 17:27:32,295 - INFO - Top 10 Mean Stats: {'Max': np.float64(7.549516567451064e-16), 'Min': np.float64(-3.3750779948604757e-15), 'Mean': np.float64(-9.184666915906803e-16), 'Std': np.float64(1.243193405901531e-15)}
2024-11-09 17:27:32,295 - INFO - Top 10 Std Stats: {'Max': np.float64(0.9999999974051107), 'Min': np.float64(0.9999999967495756), 'Mean': np.float64(0.999999997058201), 'Std': np.float64(2.129676275131066e-10)}
2024-11-09 17:27:32,295 - INFO - Bottom 10 Mean Stats: {'Max': np.float64(107.0), 'Min': np.float64(88.0), 'Mean': np.float64(94.0), 'Std': np.float64(6.04979338490167)}
2024-11-09 17:27:32,296 - INFO - Bottom 10 Std Stats: {'Max': np.float64(0.0), 'Min': np.float64(0.0), 'Mean': np.float64(0.0), 'Std': np.float64(0.0)}
