[I 2024-11-09 16:49:52,173] Trial 63 finished with value: 75.0 and parameters: {'x_0': 4, 'x_1': -3, 'x_2': -3, 'x_3': -4, 'x_4': -5}. Best is trial 59 with value: 8.0.
2024-11-09 16:50:01,588 - INFO - Candidate Mean Stats: {'Max': np.float64(92.0), 'Min': np.float64(-5.446754158811018e-14), 'Mean': np.float64(0.019844645484970575), 'Std': np.float64(1.0678253972123462)}
2024-11-09 16:50:01,589 - INFO - Candidate Std Stats: {'Max': np.float64(0.9999999966114014), 'Min': np.float64(0.0), 'Mean': np.float64(0.9996025945672267), 'Std': np.float64(0.019930672735262542)}
2024-11-09 16:50:01,616 - INFO - Top 10 Mean Stats: {'Max': np.float64(3.0975222387041866e-15), 'Min': np.float64(-4.04121180963557e-15), 'Mean': np.float64(6.705747068735945e-16), 'Std': np.float64(1.919345396261348e-15)}
2024-11-09 16:50:01,617 - INFO - Top 10 Std Stats: {'Max': np.float64(0.9999999966114014), 'Min': np.float64(0.9999999960070493), 'Mean': np.float64(0.9999999963050412), 'Std': np.float64(1.9033602021730486e-10)}
2024-11-09 16:50:01,617 - INFO - Bottom 10 Mean Stats: {'Max': np.float64(92.0), 'Min': np.float64(75.0), 'Mean': np.float64(80.9), 'Std': np.float64(5.3)}
2024-11-09 16:50:01,617 - INFO - Bottom 10 Std Stats: {'Max': np.float64(0.0), 'Min': np.float64(0.0), 'Mean': np.float64(0.0), 'Std': np.float64(0.0)}
[I 2024-11-09 16:50:01,686] Trial 64 finished with value: 42.0 and parameters: {'x_0': 4, 'x_1': 0, 'x_2': -3, 'x_3': 1, 'x_4': -4}. Best is trial 59 with value: 8.0.
2024-11-09 16:50:10,134 - INFO - Candidate Mean Stats: {'Max': np.float64(92.0), 'Min': np.float64(-6.24833518259038e-14), 'Mean': np.float64(0.020105432440655435), 'Std': np.float64(1.072936956494307)}
2024-11-09 16:50:10,135 - INFO - Candidate Std Stats: {'Max': np.float64(0.999999996477695), 'Min': np.float64(0.0), 'Mean': np.float64(0.9995963859869429), 'Std': np.float64(0.02008571521547511)}
2024-11-09 16:50:10,173 - INFO - Top 10 Mean Stats: {'Max': np.float64(4.04121180963557e-15), 'Min': np.float64(-3.0198066269804257e-15), 'Mean': np.float64(7.421840919619171e-16), 'Std': np.float64(1.8114778863376308e-15)}
2024-11-09 16:50:10,173 - INFO - Top 10 Std Stats: {'Max': np.float64(0.999999996477695), 'Min': np.float64(0.9999999959789139), 'Mean': np.float64(0.9999999962688231), 'Std': np.float64(1.5224688076329554e-10)}
2024-11-09 16:50:10,173 - INFO - Bottom 10 Mean Stats: {'Max': np.float64(92.0), 'Min': np.float64(75.0), 'Mean': np.float64(80.9), 'Std': np.float64(5.3)}
2024-11-09 16:50:10,173 - INFO - Bottom 10 Std Stats: {'Max': np.float64(0.0), 'Min': np.float64(0.0), 'Mean': np.float64(0.0), 'Std': np.float64(0.0)}
[I 2024-11-09 16:50:10,211] Trial 65 finished with value: 33.0 and parameters: {'x_0': 0, 'x_1': -3, 'x_2': 2, 'x_3': -2, 'x_4': 4}. Best is trial 59 with value: 8.0.
2024-11-09 16:50:16,797 - INFO - Candidate Mean Stats: {'Max': np.float64(92.0), 'Min': np.float64(-5.0759396685862156e-14), 'Mean': np.float64(0.02031033647726495), 'Std': np.float64(1.0760795809163872)}
2024-11-09 16:50:16,797 - INFO - Candidate Std Stats: {'Max': np.float64(0.9999999959435397), 'Min': np.float64(0.0), 'Mean': np.float64(0.9995901767553395), 'Std': np.float64(0.020239568130951575)}
2024-11-09 16:50:16,825 - INFO - Top 10 Mean Stats: {'Max': np.float64(5.6774029921768946e-15), 'Min': np.float64(-3.791064684399714e-15), 'Mean': np.float64(1.0802816974297969e-15), 'Std': np.float64(2.527919765402337e-15)}
2024-11-09 16:50:16,826 - INFO - Top 10 Std Stats: {'Max': np.float64(0.9999999959435397), 'Min': np.float64(0.9999999952920128), 'Mean': np.float64(0.9999999955241764), 'Std': np.float64(2.2660080109480967e-10)}
2024-11-09 16:50:16,826 - INFO - Bottom 10 Mean Stats: {'Max': np.float64(92.0), 'Min': np.float64(75.0), 'Mean': np.float64(80.9), 'Std': np.float64(5.3)}
2024-11-09 16:50:16,826 - INFO - Bottom 10 Std Stats: {'Max': np.float64(0.0), 'Min': np.float64(0.0), 'Mean': np.float64(0.0), 'Std': np.float64(0.0)}
[I 2024-11-09 16:50:16,861] Trial 66 finished with value: 86.0 and parameters: {'x_0': 5, 'x_1': 4, 'x_2': -2, 'x_3': -4, 'x_4': -5}. Best is trial 59 with value: 8.0.
2024-11-09 16:50:26,067 - INFO - Candidate Mean Stats: {'Max': np.float64(92.0), 'Min': np.float64(-6.865619184281968e-14), 'Mean': np.float64(0.020844328815095806), 'Std': np.float64(1.0972003596621314)}
2024-11-09 16:50:26,068 - INFO - Candidate Std Stats: {'Max': np.float64(0.9999999960101512), 'Min': np.float64(0.0), 'Mean': np.float64(0.999583967689463), 'Std': np.float64(0.02039225842241297)}
2024-11-09 16:50:26,105 - INFO - Top 10 Mean Stats: {'Max': np.float64(2.842170943040401e-15), 'Min': np.float64(-2.843211777125987e-15), 'Mean': np.float64(-7.17134684968812e-17), 'Std': np.float64(1.5421913920056513e-15)}
2024-11-09 16:50:26,105 - INFO - Top 10 Std Stats: {'Max': np.float64(0.9999999960101512), 'Min': np.float64(0.9999999954817597), 'Mean': np.float64(0.9999999956997707), 'Std': np.float64(1.635150941429833e-10)}
2024-11-09 16:50:26,106 - INFO - Bottom 10 Mean Stats: {'Max': np.float64(92.0), 'Min': np.float64(76.0), 'Mean': np.float64(82.0), 'Std': np.float64(5.0990195135927845)}
2024-11-09 16:50:26,106 - INFO - Bottom 10 Std Stats: {'Max': np.float64(0.0), 'Min': np.float64(0.0), 'Mean': np.float64(0.0), 'Std': np.float64(0.0)}
[I 2024-11-09 16:50:26,141] Trial 67 finished with value: 36.0 and parameters: {'x_0': 0, 'x_1': -4, 'x_2': 0, 'x_3': -2, 'x_4': 4}. Best is trial 59 with value: 8.0.
2024-11-09 16:50:36,117 - INFO - Candidate Mean Stats: {'Max': np.float64(92.0), 'Min': np.float64(-8.441025656225065e-14), 'Mean': np.float64(0.021067860491397146), 'Std': np.float64(1.1008571210141778)}
2024-11-09 16:50:36,118 - INFO - Candidate Std Stats: {'Max': np.float64(0.9999999966295715), 'Min': np.float64(0.0), 'Mean': np.float64(0.9995777579746149), 'Std': np.float64(0.020543811996620573)}
2024-11-09 16:50:36,167 - INFO - Top 10 Mean Stats: {'Max': np.float64(4.551914400963142e-15), 'Min': np.float64(-1.3655743202889426e-15), 'Mean': np.float64(8.115730310009894e-16), 'Std': np.float64(1.9047085351134094e-15)}
2024-11-09 16:50:36,167 - INFO - Top 10 Std Stats: {'Max': np.float64(0.9999999966295715), 'Min': np.float64(0.9999999960832809), 'Mean': np.float64(0.9999999963443376), 'Std': np.float64(1.8421339544101678e-10)}
2024-11-09 16:50:36,167 - INFO - Bottom 10 Mean Stats: {'Max': np.float64(92.0), 'Min': np.float64(76.0), 'Mean': np.float64(82.0), 'Std': np.float64(5.0990195135927845)}
2024-11-09 16:50:36,167 - INFO - Bottom 10 Std Stats: {'Max': np.float64(0.0), 'Min': np.float64(0.0), 'Mean': np.float64(0.0), 'Std': np.float64(0.0)}
[I 2024-11-09 16:50:36,201] Trial 68 finished with value: 28.0 and parameters: {'x_0': -3, 'x_1': 1, 'x_2': 1, 'x_3': 1, 'x_4': 4}. Best is trial 59 with value: 8.0.
2024-11-09 16:50:47,804 - INFO - Candidate Mean Stats: {'Max': np.float64(92.0), 'Min': np.float64(-5.3668181010380065e-14), 'Mean': np.float64(0.021241718461853732), 'Std': np.float64(1.1030625858050305)}
2024-11-09 16:50:47,805 - INFO - Candidate Std Stats: {'Max': np.float64(0.999999998450262), 'Min': np.float64(0.0), 'Mean': np.float64(0.9995715485629225), 'Std': np.float64(0.020694253846832895)}
2024-11-09 16:50:47,841 - INFO - Top 10 Mean Stats: {'Max': np.float64(1.4932499681208355e-15), 'Min': np.float64(-1.5376588891058418e-15), 'Mean': np.float64(7.049916206369744e-17), 'Std': np.float64(8.679184028174369e-16)}
2024-11-09 16:50:47,842 - INFO - Top 10 Std Stats: {'Max': np.float64(0.999999998450262), 'Min': np.float64(0.999999998008506), 'Mean': np.float64(0.9999999982329328), 'Std': np.float64(1.2222715454395446e-10)}
2024-11-09 16:50:47,842 - INFO - Bottom 10 Mean Stats: {'Max': np.float64(92.0), 'Min': np.float64(76.0), 'Mean': np.float64(82.0), 'Std': np.float64(5.0990195135927845)}
2024-11-09 16:50:47,842 - INFO - Bottom 10 Std Stats: {'Max': np.float64(0.0), 'Min': np.float64(0.0), 'Mean': np.float64(0.0), 'Std': np.float64(0.0)}
[I 2024-11-09 16:50:47,874] Trial 69 finished with value: 82.0 and parameters: {'x_0': -5, 'x_1': -4, 'x_2': -4, 'x_3': -5, 'x_4': 0}. Best is trial 59 with value: 8.0.
2024-11-09 16:50:56,536 - INFO - Candidate Mean Stats: {'Max': np.float64(92.0), 'Min': np.float64(-5.795364188543317e-14), 'Mean': np.float64(0.021750873946762193), 'Std': np.float64(1.1218181350161631)}
2024-11-09 16:50:56,537 - INFO - Candidate Std Stats: {'Max': np.float64(0.999999995232805), 'Min': np.float64(0.0), 'Mean': np.float64(0.9995653397524015), 'Std': np.float64(0.020843608051650406)}
2024-11-09 16:50:56,571 - INFO - Top 10 Mean Stats: {'Max': np.float64(3.930189507173054e-15), 'Min': np.float64(-2.1094237467877974e-15), 'Mean': np.float64(-6.800809915219476e-16), 'Std': np.float64(1.6495461200579719e-15)}
2024-11-09 16:50:56,571 - INFO - Top 10 Std Stats: {'Max': np.float64(0.999999995232805), 'Min': np.float64(0.999999994913399), 'Mean': np.float64(0.9999999950670608), 'Std': np.float64(9.72740028453673e-11)}
2024-11-09 16:50:56,572 - INFO - Bottom 10 Mean Stats: {'Max': np.float64(92.0), 'Min': np.float64(77.0), 'Mean': np.float64(82.6), 'Std': np.float64(4.6946778377222005)}
2024-11-09 16:50:56,572 - INFO - Bottom 10 Std Stats: {'Max': np.float64(0.0), 'Min': np.float64(0.0), 'Mean': np.float64(0.0), 'Std': np.float64(0.0)}
[I 2024-11-09 16:50:56,668] Trial 70 finished with value: 82.0 and parameters: {'x_0': -4, 'x_1': -4, 'x_2': 3, 'x_3': 5, 'x_4': 4}. Best is trial 59 with value: 8.0.
2024-11-09 16:51:04,346 - INFO - Candidate Mean Stats: {'Max': np.float64(92.0), 'Min': np.float64(-7.367439991412539e-14), 'Mean': np.float64(0.0222600294316707), 'Std': np.float64(1.140264999647358)}
2024-11-09 16:51:04,347 - INFO - Candidate Std Stats: {'Max': np.float64(0.9999999987772316), 'Min': np.float64(0.0), 'Mean': np.float64(0.9995591304899504), 'Std': np.float64(0.02099189780480486)}
2024-11-09 16:51:04,374 - INFO - Top 10 Mean Stats: {'Max': np.float64(1.2434497875801752e-15), 'Min': np.float64(-1.0658141036401502e-15), 'Mean': np.float64(2.9420910152566644e-17), 'Std': np.float64(7.238281624335874e-16)}
2024-11-09 16:51:04,374 - INFO - Top 10 Std Stats: {'Max': np.float64(0.9999999987772316), 'Min': np.float64(0.9999999982412254), 'Mean': np.float64(0.9999999984968261), 'Std': np.float64(1.727742186915142e-10)}
2024-11-09 16:51:04,375 - INFO - Bottom 10 Mean Stats: {'Max': np.float64(92.0), 'Min': np.float64(77.0), 'Mean': np.float64(83.1), 'Std': np.float64(4.323193264243457)}
2024-11-09 16:51:04,375 - INFO - Bottom 10 Std Stats: {'Max': np.float64(0.0), 'Min': np.float64(0.0), 'Mean': np.float64(0.0), 'Std': np.float64(0.0)}
[I 2024-11-09 16:51:04,412] Trial 71 finished with value: 22.0 and parameters: {'x_0': 4, 'x_1': 2, 'x_2': -1, 'x_3': 1, 'x_4': 0}. Best is trial 59 with value: 8.0.
2024-11-09 16:51:12,384 - INFO - Candidate Mean Stats: {'Max': np.float64(92.0), 'Min': np.float64(-5.33739719088544e-14), 'Mean': np.float64(0.02239663212274372), 'Std': np.float64(1.1415793570331643)}
2024-11-09 16:51:12,385 - INFO - Candidate Std Stats: {'Max': np.float64(0.9999999953981326), 'Min': np.float64(0.0), 'Mean': np.float64(0.9995529212121065), 'Std': np.float64(0.021139145516322785)}
2024-11-09 16:51:12,416 - INFO - Top 10 Mean Stats: {'Max': np.float64(2.55351295663786e-15), 'Min': np.float64(-3.741451592986778e-15), 'Mean': np.float64(-9.30922006148194e-16), 'Std': np.float64(2.0617757017619837e-15)}
2024-11-09 16:51:12,416 - INFO - Top 10 Std Stats: {'Max': np.float64(0.9999999953981326), 'Min': np.float64(0.9999999948688842), 'Mean': np.float64(0.9999999951081364), 'Std': np.float64(1.9312309810193232e-10)}
2024-11-09 16:51:12,416 - INFO - Bottom 10 Mean Stats: {'Max': np.float64(92.0), 'Min': np.float64(77.0), 'Mean': np.float64(83.1), 'Std': np.float64(4.323193264243457)}
2024-11-09 16:51:12,416 - INFO - Bottom 10 Std Stats: {'Max': np.float64(0.0), 'Min': np.float64(0.0), 'Mean': np.float64(0.0), 'Std': np.float64(0.0)}
[I 2024-11-09 16:51:12,465] Trial 72 finished with value: 68.0 and parameters: {'x_0': 0, 'x_1': -3, 'x_2': -5, 'x_3': -3, 'x_4': -5}. Best is trial 59 with value: 8.0.
2024-11-09 16:51:20,761 - INFO - Candidate Mean Stats: {'Max': np.float64(92.0), 'Min': np.float64(-6.726286194691511e-14), 'Mean': np.float64(0.02281885862242396), 'Std': np.float64(1.1540778739773667)}
2024-11-09 16:51:20,763 - INFO - Candidate Std Stats: {'Max': np.float64(0.9999999962971089), 'Min': np.float64(0.0), 'Mean': np.float64(0.9995467118963168), 'Std': np.float64(0.02128537281159319)}
2024-11-09 16:51:20,794 - INFO - Top 10 Mean Stats: {'Max': np.float64(3.730349362740526e-15), 'Min': np.float64(-2.788741459980315e-15), 'Mean': np.float64(1.0394463068053033e-16), 'Std': np.float64(1.8424814761083575e-15)}
2024-11-09 16:51:20,794 - INFO - Top 10 Std Stats: {'Max': np.float64(0.9999999962971089), 'Min': np.float64(0.999999995623163), 'Mean': np.float64(0.9999999958950412), 'Std': np.float64(2.350440009054903e-10)}
2024-11-09 16:51:20,795 - INFO - Bottom 10 Mean Stats: {'Max': np.float64(92.0), 'Min': np.float64(77.0), 'Mean': np.float64(83.1), 'Std': np.float64(4.323193264243457)}
2024-11-09 16:51:20,795 - INFO - Bottom 10 Std Stats: {'Max': np.float64(0.0), 'Min': np.float64(0.0), 'Mean': np.float64(0.0), 'Std': np.float64(0.0)}
[I 2024-11-09 16:51:20,832] Trial 73 finished with value: 44.0 and parameters: {'x_0': -4, 'x_1': 2, 'x_2': 2, 'x_3': -4, 'x_4': 2}. Best is trial 59 with value: 8.0.
2024-11-09 16:51:29,671 - INFO - Candidate Mean Stats: {'Max': np.float64(92.0), 'Min': np.float64(-8.895106873296755e-14), 'Mean': np.float64(0.02309206400456997), 'Std': np.float64(1.1592688354766478)}
2024-11-09 16:51:29,673 - INFO - Candidate Std Stats: {'Max': np.float64(0.9999999958441862), 'Min': np.float64(0.0), 'Mean': np.float64(0.9995405022459405), 'Std': np.float64(0.021430600572034227)}
2024-11-09 16:51:29,706 - INFO - Top 10 Mean Stats: {'Max': np.float64(2.942091015256665e-15), 'Min': np.float64(-2.5202062658991053e-15), 'Mean': np.float64(-5.450327689171529e-16), 'Std': np.float64(1.6891700448389126e-15)}
2024-11-09 16:51:29,706 - INFO - Top 10 Std Stats: {'Max': np.float64(0.9999999958441862), 'Min': np.float64(0.9999999954731081), 'Mean': np.float64(0.9999999956621807), 'Std': np.float64(1.2659983954552236e-10)}
2024-11-09 16:51:29,706 - INFO - Bottom 10 Mean Stats: {'Max': np.float64(92.0), 'Min': np.float64(77.0), 'Mean': np.float64(83.1), 'Std': np.float64(4.323193264243457)}
2024-11-09 16:51:29,706 - INFO - Bottom 10 Std Stats: {'Max': np.float64(0.0), 'Min': np.float64(0.0), 'Mean': np.float64(0.0), 'Std': np.float64(0.0)}
[I 2024-11-09 16:51:29,744] Trial 74 finished with value: 42.0 and parameters: {'x_0': 0, 'x_1': 4, 'x_2': 5, 'x_3': 0, 'x_4': -1}. Best is trial 59 with value: 8.0.
2024-11-09 16:51:34,960 - INFO - Candidate Mean Stats: {'Max': np.float64(92.0), 'Min': np.float64(-5.795364188543317e-14), 'Mean': np.float64(0.02335285096025484), 'Std': np.float64(1.1639781668133498)}
2024-11-09 16:51:34,960 - INFO - Candidate Std Stats: {'Max': np.float64(0.9999999950802537), 'Min': np.float64(0.0), 'Mean': np.float64(0.99953429328863), 'Std': np.float64(0.021574849004190617)}
2024-11-09 16:51:34,988 - INFO - Top 10 Mean Stats: {'Max': np.float64(3.2113200987282654e-15), 'Min': np.float64(-2.25583440816024e-15), 'Mean': np.float64(1.0191153476668545e-15), 'Std': np.float64(1.796700972553827e-15)}
2024-11-09 16:51:34,988 - INFO - Top 10 Std Stats: {'Max': np.float64(0.9999999950802537), 'Min': np.float64(0.9999999945578235), 'Mean': np.float64(0.9999999947150794), 'Std': np.float64(1.789591608383102e-10)}
2024-11-09 16:51:34,988 - INFO - Bottom 10 Mean Stats: {'Max': np.float64(92.0), 'Min': np.float64(77.0), 'Mean': np.float64(83.1), 'Std': np.float64(4.323193264243457)}
2024-11-09 16:51:34,988 - INFO - Bottom 10 Std Stats: {'Max': np.float64(0.0), 'Min': np.float64(0.0), 'Mean': np.float64(0.0), 'Std': np.float64(0.0)}
[I 2024-11-09 16:51:35,034] Trial 75 finished with value: 84.0 and parameters: {'x_0': 0, 'x_1': 5, 'x_2': 3, 'x_3': 5, 'x_4': -5}. Best is trial 59 with value: 8.0.
2024-11-09 16:51:45,225 - INFO - Candidate Mean Stats: {'Max': np.float64(92.0), 'Min': np.float64(-5.890843368661081e-14), 'Mean': np.float64(0.02387442487162452), 'Std': np.float64(1.182638046427664)}
2024-11-09 16:51:45,226 - INFO - Candidate Std Stats: {'Max': np.float64(0.9999999962142685), 'Min': np.float64(0.0), 'Mean': np.float64(0.9995280840290051), 'Std': np.float64(0.021718137600668066)}
2024-11-09 16:51:45,261 - INFO - Top 10 Mean Stats: {'Max': np.float64(4.04121180963557e-15), 'Min': np.float64(-3.3306690738754696e-15), 'Mean': np.float64(5.284661597215745e-16), 'Std': np.float64(2.258545120774124e-15)}
2024-11-09 16:51:45,265 - INFO - Top 10 Std Stats: {'Max': np.float64(0.9999999962142685), 'Min': np.float64(0.999999995762912), 'Mean': np.float64(0.9999999959126165), 'Std': np.float64(1.5069031164947087e-10)}
2024-11-09 16:51:45,266 - INFO - Bottom 10 Mean Stats: {'Max': np.float64(92.0), 'Min': np.float64(79.0), 'Mean': np.float64(83.8), 'Std': np.float64(3.815756805667783)}
2024-11-09 16:51:45,266 - INFO - Bottom 10 Std Stats: {'Max': np.float64(0.0), 'Min': np.float64(0.0), 'Mean': np.float64(0.0), 'Std': np.float64(0.0)}
[I 2024-11-09 16:51:45,297] Trial 76 finished with value: 66.0 and parameters: {'x_0': 4, 'x_1': 4, 'x_2': 4, 'x_3': -3, 'x_4': -3}. Best is trial 59 with value: 8.0.
2024-11-09 16:56:29,154 - INFO - Candidate Mean Stats: {'Max': np.float64(92.0), 'Min': np.float64(-4.82280881897168e-14), 'Mean': np.float64(0.02428423294484355), 'Std': np.float64(1.1940101950502475)}
2024-11-09 16:56:29,155 - INFO - Candidate Std Stats: {'Max': np.float64(0.9999999957446061), 'Min': np.float64(0.0), 'Mean': np.float64(0.9995218750267574), 'Std': np.float64(0.02186048524771985)}
2024-11-09 16:56:29,184 - INFO - Top 10 Mean Stats: {'Max': np.float64(1.5321077739827161e-15), 'Min': np.float64(-3.808064974464287e-15), 'Mean': np.float64(-2.0452389781766552e-16), 'Std': np.float64(1.6363321411438185e-15)}
2024-11-09 16:56:29,185 - INFO - Top 10 Std Stats: {'Max': np.float64(0.9999999957446061), 'Min': np.float64(0.9999999951404807), 'Mean': np.float64(0.999999995369475), 'Std': np.float64(1.9290002556023398e-10)}
2024-11-09 16:56:29,185 - INFO - Bottom 10 Mean Stats: {'Max': np.float64(92.0), 'Min': np.float64(79.0), 'Mean': np.float64(83.8), 'Std': np.float64(3.815756805667783)}
2024-11-09 16:56:29,185 - INFO - Bottom 10 Std Stats: {'Max': np.float64(0.0), 'Min': np.float64(0.0), 'Mean': np.float64(0.0), 'Std': np.float64(0.0)}
[I 2024-11-09 16:56:29,217] Trial 77 finished with value: 71.0 and parameters: {'x_0': -1, 'x_1': -5, 'x_2': 4, 'x_3': -5, 'x_4': -2}. Best is trial 59 with value: 8.0.
2024-11-09 16:56:37,662 - INFO - Candidate Mean Stats: {'Max': np.float64(92.0), 'Min': np.float64(-6.042388811522414e-14), 'Mean': np.float64(0.02472508708421553), 'Std': np.float64(1.2070374409345135)}
2024-11-09 16:56:37,663 - INFO - Candidate Std Stats: {'Max': np.float64(0.999999998621132), 'Min': np.float64(0.0), 'Mean': np.float64(0.9995156660866983), 'Std': np.float64(0.02200191020449874)}
2024-11-09 16:56:37,677 - INFO - Top 10 Mean Stats: {'Max': np.float64(1.909583602355269e-15), 'Min': np.float64(-1.3877787807814457e-16), 'Mean': np.float64(3.758104938356155e-16), 'Std': np.float64(5.514750003753183e-16)}
2024-11-09 16:56:37,678 - INFO - Top 10 Std Stats: {'Max': np.float64(0.999999998621132), 'Min': np.float64(0.9999999982017131), 'Mean': np.float64(0.9999999984097787), 'Std': np.float64(1.232665364178328e-10)}
2024-11-09 16:56:37,678 - INFO - Bottom 10 Mean Stats: {'Max': np.float64(92.0), 'Min': np.float64(79.0), 'Mean': np.float64(83.8), 'Std': np.float64(3.815756805667783)}
2024-11-09 16:56:37,678 - INFO - Bottom 10 Std Stats: {'Max': np.float64(0.0), 'Min': np.float64(0.0), 'Mean': np.float64(0.0), 'Std': np.float64(0.0)}
[I 2024-11-09 16:56:37,704] Trial 78 finished with value: 20.0 and parameters: {'x_0': -3, 'x_1': 1, 'x_2': 0, 'x_3': -1, 'x_4': -3}. Best is trial 59 with value: 8.0.
2024-11-09 16:56:43,428 - INFO - Candidate Mean Stats: {'Max': np.float64(92.0), 'Min': np.float64(-5.659916979539048e-14), 'Mean': np.float64(0.024849271348827404), 'Std': np.float64(1.2080632900451573)}
2024-11-09 16:56:43,429 - INFO - Candidate Std Stats: {'Max': np.float64(0.9999999959425662), 'Min': np.float64(0.0), 'Mean': np.float64(0.999509456742874), 'Std': np.float64(0.022142430140566844)}
2024-11-09 16:56:43,498 - INFO - Top 10 Mean Stats: {'Max': np.float64(2.4646951146678474e-15), 'Min': np.float64(-2.3314683517128287e-15), 'Mean': np.float64(-2.833844270355713e-16), 'Std': np.float64(1.6991257246718254e-15)}
2024-11-09 16:56:43,498 - INFO - Top 10 Std Stats: {'Max': np.float64(0.9999999959425662), 'Min': np.float64(0.9999999954698786), 'Mean': np.float64(0.9999999957024162), 'Std': np.float64(1.7766827573679866e-10)}
2024-11-09 16:56:43,501 - INFO - Bottom 10 Mean Stats: {'Max': np.float64(92.0), 'Min': np.float64(79.0), 'Mean': np.float64(83.8), 'Std': np.float64(3.815756805667783)}
2024-11-09 16:56:43,501 - INFO - Bottom 10 Std Stats: {'Max': np.float64(0.0), 'Min': np.float64(0.0), 'Mean': np.float64(0.0), 'Std': np.float64(0.0)}
