[I 2024-11-09 17:13:42,917] Trial 191 finished with value: 59.0 and parameters: {'x_0': 5, 'x_1': -1, 'x_2': 4, 'x_3': 1, 'x_4': 4}. Best is trial 186 with value: 11.0.
2024-11-09 17:13:52,337 - INFO - Candidate Mean Stats: {'Max': np.float64(100.0), 'Min': np.float64(-5.71667713167301e-14), 'Mean': np.float64(0.05681430105991272), 'Std': np.float64(1.7562326405725888)}
2024-11-09 17:13:52,339 - INFO - Candidate Std Stats: {'Max': np.float64(0.9999999974852517), 'Min': np.float64(0.0), 'Mean': np.float64(0.9988078183598601), 'Std': np.float64(0.034507211466745166)}
2024-11-09 17:13:52,365 - INFO - Top 10 Mean Stats: {'Max': np.float64(2.6978419498391305e-15), 'Min': np.float64(-2.6145752229922437e-15), 'Mean': np.float64(-9.603429163007599e-17), 'Std': np.float64(1.5366545256895486e-15)}
2024-11-09 17:13:52,365 - INFO - Top 10 Std Stats: {'Max': np.float64(0.9999999974852517), 'Min': np.float64(0.9999999966913968), 'Mean': np.float64(0.9999999969876072), 'Std': np.float64(2.5982400861788854e-10)}
2024-11-09 17:13:52,365 - INFO - Bottom 10 Mean Stats: {'Max': np.float64(100.0), 'Min': np.float64(77.0), 'Mean': np.float64(86.2), 'Std': np.float64(8.953211714239757)}
2024-11-09 17:13:52,365 - INFO - Bottom 10 Std Stats: {'Max': np.float64(0.0), 'Min': np.float64(0.0), 'Mean': np.float64(0.0), 'Std': np.float64(0.0)}
[I 2024-11-09 17:13:52,395] Trial 192 finished with value: 47.0 and parameters: {'x_0': -4, 'x_1': 2, 'x_2': 3, 'x_3': -3, 'x_4': -3}. Best is trial 186 with value: 11.0.
2024-11-09 17:14:01,250 - INFO - Candidate Mean Stats: {'Max': np.float64(100.0), 'Min': np.float64(-6.495914917081791e-14), 'Mean': np.float64(0.05710613408175051), 'Std': np.float64(1.7601238576003986)}
2024-11-09 17:14:01,251 - INFO - Candidate Std Stats: {'Max': np.float64(0.9999999959167234), 'Min': np.float64(0.0), 'Mean': np.float64(0.998801609148453), 'Std': np.float64(0.034596849753572585)}
2024-11-09 17:14:01,276 - INFO - Top 10 Mean Stats: {'Max': np.float64(2.903233209394784e-15), 'Min': np.float64(-2.7658431100974214e-15), 'Mean': np.float64(-4.840572387365684e-16), 'Std': np.float64(1.442474621888362e-15)}
2024-11-09 17:14:01,276 - INFO - Top 10 Std Stats: {'Max': np.float64(0.9999999959167234), 'Min': np.float64(0.9999999955066873), 'Mean': np.float64(0.9999999957091532), 'Std': np.float64(1.2350542520295932e-10)}
2024-11-09 17:14:01,276 - INFO - Bottom 10 Mean Stats: {'Max': np.float64(100.0), 'Min': np.float64(77.0), 'Mean': np.float64(86.2), 'Std': np.float64(8.953211714239757)}
2024-11-09 17:14:01,276 - INFO - Bottom 10 Std Stats: {'Max': np.float64(0.0), 'Min': np.float64(0.0), 'Mean': np.float64(0.0), 'Std': np.float64(0.0)}
[I 2024-11-09 17:14:01,304] Trial 193 finished with value: 46.0 and parameters: {'x_0': -2, 'x_1': -1, 'x_2': 4, 'x_3': -3, 'x_4': 4}. Best is trial 186 with value: 11.0.
2024-11-09 17:14:09,299 - INFO - Candidate Mean Stats: {'Max': np.float64(100.0), 'Min': np.float64(-6.994405055138486e-14), 'Mean': np.float64(0.05739175789035775), 'Std': np.float64(1.7638429595533889)}
2024-11-09 17:14:09,300 - INFO - Candidate Std Stats: {'Max': np.float64(0.9999999967512173), 'Min': np.float64(0.0), 'Mean': np.float64(0.9987953993449517), 'Std': np.float64(0.03468625526050363)}
2024-11-09 17:14:09,323 - INFO - Top 10 Mean Stats: {'Max': np.float64(4.579669976578771e-15), 'Min': np.float64(-2.9337643425719762e-15), 'Mean': np.float64(-1.408595462493168e-17), 'Std': np.float64(2.1941199918133556e-15)}
2024-11-09 17:14:09,324 - INFO - Top 10 Std Stats: {'Max': np.float64(0.9999999967512173), 'Min': np.float64(0.9999999958734774), 'Mean': np.float64(0.999999996226086), 'Std': np.float64(2.250098790063425e-10)}
2024-11-09 17:14:09,324 - INFO - Bottom 10 Mean Stats: {'Max': np.float64(100.0), 'Min': np.float64(77.0), 'Mean': np.float64(86.2), 'Std': np.float64(8.953211714239757)}
2024-11-09 17:14:09,324 - INFO - Bottom 10 Std Stats: {'Max': np.float64(0.0), 'Min': np.float64(0.0), 'Mean': np.float64(0.0), 'Std': np.float64(0.0)}
[I 2024-11-09 17:14:09,355] Trial 194 finished with value: 23.0 and parameters: {'x_0': 2, 'x_1': 4, 'x_2': -1, 'x_3': 1, 'x_4': -1}. Best is trial 186 with value: 11.0.
2024-11-09 17:14:19,166 - INFO - Candidate Mean Stats: {'Max': np.float64(100.0), 'Min': np.float64(-7.4407147110378e-14), 'Mean': np.float64(0.05753456979466133), 'Std': np.float64(1.7647691766679656)}
2024-11-09 17:14:19,168 - INFO - Candidate Std Stats: {'Max': np.float64(0.9999999954977051), 'Min': np.float64(0.0), 'Mean': np.float64(0.9987891904501358), 'Std': np.float64(0.03477542983486324)}
2024-11-09 17:14:19,196 - INFO - Top 10 Mean Stats: {'Max': np.float64(1.6431300764452318e-15), 'Min': np.float64(-3.26405569239796e-15), 'Mean': np.float64(-1.043609643147647e-16), 'Std': np.float64(1.7011225416375794e-15)}
2024-11-09 17:14:19,196 - INFO - Top 10 Std Stats: {'Max': np.float64(0.9999999954977051), 'Min': np.float64(0.9999999952888974), 'Mean': np.float64(0.999999995370405), 'Std': np.float64(6.100865824156917e-11)}
2024-11-09 17:14:19,196 - INFO - Bottom 10 Mean Stats: {'Max': np.float64(100.0), 'Min': np.float64(77.0), 'Mean': np.float64(86.2), 'Std': np.float64(8.953211714239757)}
2024-11-09 17:14:19,196 - INFO - Bottom 10 Std Stats: {'Max': np.float64(0.0), 'Min': np.float64(0.0), 'Mean': np.float64(0.0), 'Std': np.float64(0.0)}
[I 2024-11-09 17:14:19,231] Trial 195 finished with value: 84.0 and parameters: {'x_0': 5, 'x_1': 5, 'x_2': -5, 'x_3': 3, 'x_4': 0}. Best is trial 186 with value: 11.0.
2024-11-09 17:14:31,194 - INFO - Candidate Mean Stats: {'Max': np.float64(100.0), 'Min': np.float64(-5.2735593669694936e-14), 'Mean': np.float64(0.05805614370603096), 'Std': np.float64(1.7771218771856432)}
2024-11-09 17:14:31,195 - INFO - Candidate Std Stats: {'Max': np.float64(0.9999999985575327), 'Min': np.float64(0.0), 'Mean': np.float64(0.9987829816885488), 'Std': np.float64(0.03486437522207607)}
2024-11-09 17:14:31,224 - INFO - Top 10 Mean Stats: {'Max': np.float64(1.6930901125533637e-15), 'Min': np.float64(-2.248201624865942e-15), 'Mean': np.float64(-7.094325127354751e-16), 'Std': np.float64(1.1603817152144162e-15)}
2024-11-09 17:14:31,224 - INFO - Top 10 Std Stats: {'Max': np.float64(0.9999999985575327), 'Min': np.float64(0.9999999981011877), 'Mean': np.float64(0.9999999982386871), 'Std': np.float64(1.3466207443786883e-10)}
2024-11-09 17:14:31,224 - INFO - Bottom 10 Mean Stats: {'Max': np.float64(100.0), 'Min': np.float64(77.0), 'Mean': np.float64(86.9), 'Std': np.float64(8.466994744299775)}
2024-11-09 17:14:31,224 - INFO - Bottom 10 Std Stats: {'Max': np.float64(0.0), 'Min': np.float64(0.0), 'Mean': np.float64(0.0), 'Std': np.float64(0.0)}
[I 2024-11-09 17:14:31,254] Trial 196 finished with value: 101.0 and parameters: {'x_0': 5, 'x_1': 5, 'x_2': -5, 'x_3': 1, 'x_4': 5}. Best is trial 186 with value: 11.0.
2024-11-09 17:14:40,264 - INFO - Candidate Mean Stats: {'Max': np.float64(101.0), 'Min': np.float64(-5.119238366546597e-14), 'Mean': np.float64(0.058683274242320754), 'Std': np.float64(1.7948340145214834)}
2024-11-09 17:14:40,266 - INFO - Candidate Std Stats: {'Max': np.float64(0.9999999970230753), 'Min': np.float64(0.0), 'Mean': np.float64(0.998776772565871), 'Std': np.float64(0.034953093154556455)}
2024-11-09 17:14:40,296 - INFO - Top 10 Mean Stats: {'Max': np.float64(7.049916206369744e-16), 'Min': np.float64(-2.220446049250313e-15), 'Mean': np.float64(-3.4309360907869296e-16), 'Std': np.float64(1.0656931229636698e-15)}
2024-11-09 17:14:40,296 - INFO - Top 10 Std Stats: {'Max': np.float64(0.9999999970230753), 'Min': np.float64(0.9999999965105238), 'Mean': np.float64(0.9999999966655672), 'Std': np.float64(1.738769106283623e-10)}
2024-11-09 17:14:40,297 - INFO - Bottom 10 Mean Stats: {'Max': np.float64(101.0), 'Min': np.float64(79.0), 'Mean': np.float64(89.3), 'Std': np.float64(8.71837140755084)}
2024-11-09 17:14:40,297 - INFO - Bottom 10 Std Stats: {'Max': np.float64(0.0), 'Min': np.float64(0.0), 'Mean': np.float64(0.0), 'Std': np.float64(0.0)}
[I 2024-11-09 17:14:40,333] Trial 197 finished with value: 80.0 and parameters: {'x_0': 4, 'x_1': -4, 'x_2': -4, 'x_3': -4, 'x_4': -4}. Best is trial 186 with value: 11.0.
2024-11-09 17:14:49,993 - INFO - Candidate Mean Stats: {'Max': np.float64(101.0), 'Min': np.float64(-5.799805080641818e-14), 'Mean': np.float64(0.05918001130076808), 'Std': np.float64(1.8058542458618665)}
2024-11-09 17:14:49,995 - INFO - Candidate Std Stats: {'Max': np.float64(0.999999996355761), 'Min': np.float64(0.0), 'Mean': np.float64(0.9987705635991181), 'Std': np.float64(0.03504158537785464)}
2024-11-09 17:14:50,039 - INFO - Top 10 Mean Stats: {'Max': np.float64(3.647082635893639e-15), 'Min': np.float64(-2.423061751244404e-15), 'Mean': np.float64(8.95438237447088e-16), 'Std': np.float64(2.0410027573963134e-15)}
2024-11-09 17:14:50,039 - INFO - Top 10 Std Stats: {'Max': np.float64(0.999999996355761), 'Min': np.float64(0.9999999955783585), 'Mean': np.float64(0.9999999958157636), 'Std': np.float64(2.1507011094450552e-10)}
2024-11-09 17:14:50,040 - INFO - Bottom 10 Mean Stats: {'Max': np.float64(101.0), 'Min': np.float64(80.0), 'Mean': np.float64(89.4), 'Std': np.float64(8.604649905719581)}
2024-11-09 17:14:50,040 - INFO - Bottom 10 Std Stats: {'Max': np.float64(0.0), 'Min': np.float64(0.0), 'Mean': np.float64(0.0), 'Std': np.float64(0.0)}
[I 2024-11-09 17:14:50,072] Trial 198 finished with value: 67.0 and parameters: {'x_0': -4, 'x_1': 5, 'x_2': -1, 'x_3': 5, 'x_4': 0}. Best is trial 186 with value: 11.0.
2024-11-09 17:14:59,026 - INFO - Candidate Mean Stats: {'Max': np.float64(101.0), 'Min': np.float64(-5.984102102729594e-14), 'Mean': np.float64(0.0595960285872177), 'Std': np.float64(1.813541646228078)}
2024-11-09 17:14:59,028 - INFO - Candidate Std Stats: {'Max': np.float64(0.999999996912831), 'Min': np.float64(0.0), 'Mean': np.float64(0.9987643539180763), 'Std': np.float64(0.0351298535671318)}
2024-11-09 17:14:59,069 - INFO - Top 10 Mean Stats: {'Max': np.float64(3.0420110874729288e-15), 'Min': np.float64(-2.375877272697835e-15), 'Mean': np.float64(3.941291737419305e-16), 'Std': np.float64(1.4961794865376259e-15)}
2024-11-09 17:14:59,069 - INFO - Top 10 Std Stats: {'Max': np.float64(0.999999996912831), 'Min': np.float64(0.9999999962972449), 'Mean': np.float64(0.9999999965015395), 'Std': np.float64(2.1425265972395695e-10)}
2024-11-09 17:14:59,071 - INFO - Bottom 10 Mean Stats: {'Max': np.float64(101.0), 'Min': np.float64(80.0), 'Mean': np.float64(89.4), 'Std': np.float64(8.604649905719581)}
2024-11-09 17:14:59,071 - INFO - Bottom 10 Std Stats: {'Max': np.float64(0.0), 'Min': np.float64(0.0), 'Mean': np.float64(0.0), 'Std': np.float64(0.0)}
[I 2024-11-09 17:14:59,106] Trial 199 finished with value: 60.0 and parameters: {'x_0': -4, 'x_1': -5, 'x_2': 1, 'x_3': 3, 'x_4': 3}. Best is trial 186 with value: 11.0.
2024-11-09 17:15:09,842 - INFO - Candidate Mean Stats: {'Max': np.float64(101.0), 'Min': np.float64(-4.7484238763217944e-14), 'Mean': np.float64(0.059968581381053196), 'Std': np.float64(1.8196818200180738)}
2024-11-09 17:15:09,844 - INFO - Candidate Std Stats: {'Max': np.float64(0.9999999967599594), 'Min': np.float64(0.0), 'Mean': np.float64(0.9987581452718259), 'Std': np.float64(0.03521789946820485)}
2024-11-09 17:15:09,871 - INFO - Top 10 Mean Stats: {'Max': np.float64(2.7700064464397655e-15), 'Min': np.float64(-3.4666713943920515e-15), 'Mean': np.float64(-1.764213775068413e-16), 'Std': np.float64(1.777498132570421e-15)}
2024-11-09 17:15:09,871 - INFO - Top 10 Std Stats: {'Max': np.float64(0.9999999967599594), 'Min': np.float64(0.9999999960914542), 'Mean': np.float64(0.9999999964409388), 'Std': np.float64(2.203506452816953e-10)}
2024-11-09 17:15:09,871 - INFO - Bottom 10 Mean Stats: {'Max': np.float64(101.0), 'Min': np.float64(80.0), 'Mean': np.float64(89.4), 'Std': np.float64(8.604649905719581)}
2024-11-09 17:15:09,871 - INFO - Bottom 10 Std Stats: {'Max': np.float64(0.0), 'Min': np.float64(0.0), 'Mean': np.float64(0.0), 'Std': np.float64(0.0)}
[I 2024-11-09 17:15:09,902] Trial 200 finished with value: 28.0 and parameters: {'x_0': 0, 'x_1': 3, 'x_2': -1, 'x_3': 3, 'x_4': 3}. Best is trial 186 with value: 11.0.
2024-11-09 17:15:18,570 - INFO - Candidate Mean Stats: {'Max': np.float64(101.0), 'Min': np.float64(-4.7606363295926714e-14), 'Mean': np.float64(0.06014243935150977), 'Std': np.float64(1.8210131979254787)}
2024-11-09 17:15:18,571 - INFO - Candidate Std Stats: {'Max': np.float64(0.9999999975494335), 'Min': np.float64(0.0), 'Mean': np.float64(0.9987519357637634), 'Std': np.float64(0.0353057246776114)}
2024-11-09 17:15:18,606 - INFO - Top 10 Mean Stats: {'Max': np.float64(1.6209256159527285e-15), 'Min': np.float64(-2.242650509742816e-15), 'Mean': np.float64(-4.1619485635635554e-16), 'Std': np.float64(1.29753448718041e-15)}
2024-11-09 17:15:18,606 - INFO - Top 10 Std Stats: {'Max': np.float64(0.9999999975494335), 'Min': np.float64(0.9999999970167686), 'Mean': np.float64(0.9999999972134349), 'Std': np.float64(1.5717555230369012e-10)}
2024-11-09 17:15:18,607 - INFO - Bottom 10 Mean Stats: {'Max': np.float64(101.0), 'Min': np.float64(80.0), 'Mean': np.float64(89.4), 'Std': np.float64(8.604649905719581)}
2024-11-09 17:15:18,608 - INFO - Bottom 10 Std Stats: {'Max': np.float64(0.0), 'Min': np.float64(0.0), 'Mean': np.float64(0.0), 'Std': np.float64(0.0)}
[I 2024-11-09 17:15:18,642] Trial 201 finished with value: 53.0 and parameters: {'x_0': -1, 'x_1': 4, 'x_2': -4, 'x_3': -4, 'x_4': -2}. Best is trial 186 with value: 11.0.
2024-11-09 17:15:28,201 - INFO - Candidate Mean Stats: {'Max': np.float64(101.0), 'Min': np.float64(-5.977440764581843e-14), 'Mean': np.float64(0.06047152765273114), 'Std': np.float64(1.82578505151565)}
2024-11-09 17:15:28,203 - INFO - Candidate Std Stats: {'Max': np.float64(0.9999999961810053), 'Min': np.float64(0.0), 'Mean': np.float64(0.9987457265550898), 'Std': np.float64(0.03539333087892486)}
2024-11-09 17:15:28,233 - INFO - Top 10 Mean Stats: {'Max': np.float64(5.584421813864537e-15), 'Min': np.float64(-3.197442310920451e-15), 'Mean': np.float64(5.850875339774574e-16), 'Std': np.float64(2.9033554799485784e-15)}
2024-11-09 17:15:28,233 - INFO - Top 10 Std Stats: {'Max': np.float64(0.9999999961810053), 'Min': np.float64(0.9999999958536621), 'Mean': np.float64(0.9999999959715564), 'Std': np.float64(9.810445591557473e-11)}
2024-11-09 17:15:28,233 - INFO - Bottom 10 Mean Stats: {'Max': np.float64(101.0), 'Min': np.float64(80.0), 'Mean': np.float64(89.4), 'Std': np.float64(8.604649905719581)}
2024-11-09 17:15:28,233 - INFO - Bottom 10 Std Stats: {'Max': np.float64(0.0), 'Min': np.float64(0.0), 'Mean': np.float64(0.0), 'Std': np.float64(0.0)}
[I 2024-11-09 17:15:28,265] Trial 202 finished with value: 91.0 and parameters: {'x_0': -4, 'x_1': -5, 'x_2': 3, 'x_3': 4, 'x_4': -5}. Best is trial 186 with value: 11.0.
2024-11-09 17:15:37,885 - INFO - Candidate Mean Stats: {'Max': np.float64(101.0), 'Min': np.float64(-4.977129819394577e-14), 'Mean': np.float64(0.06103656605671497), 'Std': np.float64(1.8397937091862206)}
2024-11-09 17:15:37,887 - INFO - Candidate Std Stats: {'Max': np.float64(0.9999999975261299), 'Min': np.float64(0.0), 'Mean': np.float64(0.9987395172464137), 'Std': np.float64(0.03548071968038655)}
2024-11-09 17:15:37,913 - INFO - Top 10 Mean Stats: {'Max': np.float64(2.4369395390522185e-15), 'Min': np.float64(-1.8318679906315083e-15), 'Mean': np.float64(2.8477220581635265e-16), 'Std': np.float64(1.323197806597161e-15)}
2024-11-09 17:15:37,913 - INFO - Top 10 Std Stats: {'Max': np.float64(0.9999999975261299), 'Min': np.float64(0.9999999966740513), 'Mean': np.float64(0.9999999969767286), 'Std': np.float64(2.589857839850288e-10)}
2024-11-09 17:15:37,913 - INFO - Bottom 10 Mean Stats: {'Max': np.float64(101.0), 'Min': np.float64(80.0), 'Mean': np.float64(90.5), 'Std': np.float64(8.0156097709407)}
2024-11-09 17:15:37,913 - INFO - Bottom 10 Std Stats: {'Max': np.float64(0.0), 'Min': np.float64(0.0), 'Mean': np.float64(0.0), 'Std': np.float64(0.0)}
[I 2024-11-09 17:15:37,942] Trial 203 finished with value: 39.0 and parameters: {'x_0': 2, 'x_1': 1, 'x_2': 3, 'x_3': -5, 'x_4': 0}. Best is trial 186 with value: 11.0.
2024-11-09 17:15:49,057 - INFO - Candidate Mean Stats: {'Max': np.float64(101.0), 'Min': np.float64(-4.947153797729698e-14), 'Mean': np.float64(0.061278725372708044), 'Std': np.float64(1.8423505328513399)}
2024-11-09 17:15:49,060 - INFO - Candidate Std Stats: {'Max': np.float64(0.999999996504457), 'Min': np.float64(0.0), 'Mean': np.float64(0.9987333076567197), 'Std': np.float64(0.03556789267792423)}
2024-11-09 17:15:49,087 - INFO - Top 10 Mean Stats: {'Max': np.float64(4.9960036108132044e-15), 'Min': np.float64(-4.485301019485632e-15), 'Mean': np.float64(7.763234499691405e-16), 'Std': np.float64(3.2398243699807994e-15)}
2024-11-09 17:15:49,087 - INFO - Top 10 Std Stats: {'Max': np.float64(0.999999996504457), 'Min': np.float64(0.9999999959615921), 'Mean': np.float64(0.999999996154559), 'Std': np.float64(1.6287595061658773e-10)}
2024-11-09 17:15:49,087 - INFO - Bottom 10 Mean Stats: {'Max': np.float64(101.0), 'Min': np.float64(80.0), 'Mean': np.float64(90.5), 'Std': np.float64(8.0156097709407)}
2024-11-09 17:15:49,087 - INFO - Bottom 10 Std Stats: {'Max': np.float64(0.0), 'Min': np.float64(0.0), 'Mean': np.float64(0.0), 'Std': np.float64(0.0)}
[I 2024-11-09 17:15:49,118] Trial 204 finished with value: 75.0 and parameters: {'x_0': -4, 'x_1': 3, 'x_2': 5, 'x_3': 4, 'x_4': -3}. Best is trial 186 with value: 11.0.
2024-11-09 17:16:00,855 - INFO - Candidate Mean Stats: {'Max': np.float64(101.0), 'Min': np.float64(-5.349609644156317e-14), 'Mean': np.float64(0.061744416365002414), 'Std': np.float64(1.8517896801609899)}
2024-11-09 17:16:00,857 - INFO - Candidate Std Stats: {'Max': np.float64(0.9999999964487795), 'Min': np.float64(0.0), 'Mean': np.float64(0.9987270992079736), 'Std': np.float64(0.03565485150502083)}
2024-11-09 17:16:00,894 - INFO - Top 10 Mean Stats: {'Max': np.float64(4.3826053897078056e-15), 'Min': np.float64(-5.045963646921337e-15), 'Mean': np.float64(-1.424936557636869e-15), 'Std': np.float64(2.4571893800494704e-15)}
2024-11-09 17:16:00,895 - INFO - Top 10 Std Stats: {'Max': np.float64(0.9999999964487795), 'Min': np.float64(0.9999999959531515), 'Mean': np.float64(0.9999999961363555), 'Std': np.float64(1.4339801647650663e-10)}
2024-11-09 17:16:00,895 - INFO - Bottom 10 Mean Stats: {'Max': np.float64(101.0), 'Min': np.float64(80.0), 'Mean': np.float64(90.5), 'Std': np.float64(8.0156097709407)}
2024-11-09 17:16:00,895 - INFO - Bottom 10 Std Stats: {'Max': np.float64(0.0), 'Min': np.float64(0.0), 'Mean': np.float64(0.0), 'Std': np.float64(0.0)}
[I 2024-11-09 17:16:00,927] Trial 205 finished with value: 67.0 and parameters: {'x_0': 5, 'x_1': 2, 'x_2': -2, 'x_3': -5, 'x_4': 3}. Best is trial 186 with value: 11.0.
2024-11-09 17:16:11,117 - INFO - Candidate Mean Stats: {'Max': np.float64(101.0), 'Min': np.float64(-5.992983886926595e-14), 'Mean': np.float64(0.06216043365145201), 'Std': np.float64(1.859286591997959)}
2024-11-09 17:16:11,117 - INFO - Candidate Std Stats: {'Max': np.float64(0.9999999968778137), 'Min': np.float64(0.0), 'Mean': np.float64(0.9987208894473574), 'Std': np.float64(0.035741597637712764)}
2024-11-09 17:16:11,139 - INFO - Top 10 Mean Stats: {'Max': np.float64(4.340972026284362e-15), 'Min': np.float64(-3.9968028886505635e-15), 'Mean': np.float64(8.745781876484671e-16), 'Std': np.float64(2.5633347614763513e-15)}
2024-11-09 17:16:11,139 - INFO - Top 10 Std Stats: {'Max': np.float64(0.9999999968778137), 'Min': np.float64(0.9999999964305989), 'Mean': np.float64(0.999999996622248), 'Std': np.float64(1.5787276845035167e-10)}
2024-11-09 17:16:11,140 - INFO - Bottom 10 Mean Stats: {'Max': np.float64(101.0), 'Min': np.float64(80.0), 'Mean': np.float64(90.5), 'Std': np.float64(8.0156097709407)}
2024-11-09 17:16:11,140 - INFO - Bottom 10 Std Stats: {'Max': np.float64(0.0), 'Min': np.float64(0.0), 'Mean': np.float64(0.0), 'Std': np.float64(0.0)}
[I 2024-11-09 17:16:11,170] Trial 206 finished with value: 54.0 and parameters: {'x_0': -2, 'x_1': 5, 'x_2': -5, 'x_3': 0, 'x_4': 0}. Best is trial 186 with value: 11.0.
2024-11-09 17:16:21,089 - INFO - Candidate Mean Stats: {'Max': np.float64(101.0), 'Min': np.float64(-4.8155923693116165e-14), 'Mean': np.float64(0.062495731165903935), 'Std': np.float64(1.8641381118526505)}
2024-11-09 17:16:21,090 - INFO - Candidate Std Stats: {'Max': np.float64(0.9999999964302574), 'Min': np.float64(0.0), 'Mean': np.float64(0.99871468040964), 'Std': np.float64(0.0358281326932239)}
2024-11-09 17:16:21,114 - INFO - Top 10 Mean Stats: {'Max': np.float64(3.8247183198336646e-15), 'Min': np.float64(-2.4313884239290927e-15), 'Mean': np.float64(9.49240686054509e-17), 'Std': np.float64(2.1742825092164854e-15)}
2024-11-09 17:16:21,114 - INFO - Top 10 Std Stats: {'Max': np.float64(0.9999999964302574), 'Min': np.float64(0.9999999962317483), 'Mean': np.float64(0.9999999963340223), 'Std': np.float64(5.548310164222504e-11)}
2024-11-09 17:16:21,114 - INFO - Bottom 10 Mean Stats: {'Max': np.float64(101.0), 'Min': np.float64(80.0), 'Mean': np.float64(90.5), 'Std': np.float64(8.0156097709407)}
2024-11-09 17:16:21,114 - INFO - Bottom 10 Std Stats: {'Max': np.float64(0.0), 'Min': np.float64(0.0), 'Mean': np.float64(0.0), 'Std': np.float64(0.0)}
