2024-11-09 16:41:02,286 - INFO - Experiment settings: {'name': 'bo_parafac_dim5_rank2_mask0.2_tradeoff1.0_seed1', 'seed': 1, 'dimensions': 5, 'iter_bo': 300, 'storage': 'sqlite:////Users/keisukeonoue/ws/constrained_BO_v2/results/dbs/2024-11-09_16-41-02_bo_parafac_dim5_rank2_mask0.2_tradeoff1.0_seed1.db', 'unique_sampling': False, 'decomp_num': 10, 'cp_settings': {'rank': 2, 'als_iterations': 100, 'mask_ratio': 0.2, 'random_dist_type': 'uniform'}, 'acqf_settings': {'trade_off_param': 1.0, 'maximize': False}}
[I 2024-11-09 16:41:03,478] A new study created in RDB with name: bo_parafac_dim5_rank2_mask0.2_tradeoff1.0_seed1
2024-11-09 16:41:03,481 - INFO - Created new study 'bo_parafac_dim5_rank2_mask0.2_tradeoff1.0_seed1' in sqlite:////Users/keisukeonoue/ws/constrained_BO_v2/results/dbs/2024-11-09_16-41-02_bo_parafac_dim5_rank2_mask0.2_tradeoff1.0_seed1.db
2024-11-09 16:41:03,546 - INFO - Using sample_independent for sampling.
2024-11-09 16:41:03,553 - INFO - Using sample_independent for sampling.
2024-11-09 16:41:03,558 - INFO - Using sample_independent for sampling.
2024-11-09 16:41:03,565 - INFO - Using sample_independent for sampling.
2024-11-09 16:41:03,569 - INFO - Using sample_independent for sampling.
[I 2024-11-09 16:41:03,596] Trial 0 finished with value: 69.0 and parameters: {'x_0': -3, 'x_1': -5, 'x_2': -1, 'x_3': -5, 'x_4': 3}. Best is trial 0 with value: 69.0.
2024-11-09 16:41:06,643 - INFO - Candidate Mean Stats: {'Max': np.float64(69.0), 'Min': np.float64(-3.987825625273445e-11), 'Mean': np.float64(0.0004284357129162442), 'Std': np.float64(0.17193568749298757)}
2024-11-09 16:41:06,644 - INFO - Candidate Std Stats: {'Max': np.float64(0.9999979231221483), 'Min': np.float64(0.0), 'Mean': np.float64(0.9999868621778174), 'Std': np.float64(0.0024918052833065693)}
2024-11-09 16:41:06,696 - INFO - Top 10 Mean Stats: {'Max': np.float64(3.5218938876369067e-12), 'Min': np.float64(-1.1962764112638525e-12), 'Mean': np.float64(4.612493720301814e-13), 'Std': np.float64(1.2933185241965497e-12)}
2024-11-09 16:41:06,696 - INFO - Top 10 Std Stats: {'Max': np.float64(0.9999979231221483), 'Min': np.float64(0.9999977159207274), 'Mean': np.float64(0.9999978007668886), 'Std': np.float64(7.250680654303961e-08)}
2024-11-09 16:41:06,698 - INFO - Bottom 10 Mean Stats: {'Max': np.float64(69.0), 'Min': np.float64(-3.479414534268699e-11), 'Mean': np.float64(6.900000000000384), 'Std': np.float64(20.69999999999987)}
2024-11-09 16:41:06,698 - INFO - Bottom 10 Std Stats: {'Max': np.float64(0.9999727953326311), 'Min': np.float64(0.0), 'Mean': np.float64(0.8999739950645577), 'Std': np.float64(0.29999133169194847)}
[I 2024-11-09 16:41:06,743] Trial 1 finished with value: 41.0 and parameters: {'x_0': -4, 'x_1': -4, 'x_2': -2, 'x_3': -1, 'x_4': 2}. Best is trial 1 with value: 41.0.
2024-11-09 16:41:12,317 - INFO - Candidate Mean Stats: {'Max': np.float64(69.0), 'Min': np.float64(-2.0151710161675495e-13), 'Mean': np.float64(0.0006830134553651003), 'Std': np.float64(0.19999821280224112)}
2024-11-09 16:41:12,317 - INFO - Candidate Std Stats: {'Max': np.float64(0.9999999833457665), 'Min': np.float64(0.0), 'Mean': np.float64(0.9999875350021196), 'Std': np.float64(0.003523956737446199)}
2024-11-09 16:41:12,352 - INFO - Top 10 Mean Stats: {'Max': np.float64(9.836575998178886e-15), 'Min': np.float64(-8.359979375427428e-15), 'Mean': np.float64(2.6868091085319178e-15), 'Std': np.float64(5.0485209283499744e-15)}
2024-11-09 16:41:12,352 - INFO - Top 10 Std Stats: {'Max': np.float64(0.9999999833457665), 'Min': np.float64(0.99999998265544), 'Mean': np.float64(0.9999999828848916), 'Std': np.float64(2.1868148876778387e-10)}
2024-11-09 16:41:12,352 - INFO - Bottom 10 Mean Stats: {'Max': np.float64(69.0), 'Min': np.float64(-1.4011014570769476e-13), 'Mean': np.float64(11.000000000000004), 'Std': np.float64(22.873565528793275)}
2024-11-09 16:41:12,353 - INFO - Bottom 10 Std Stats: {'Max': np.float64(0.9999998268510564), 'Min': np.float64(0.0), 'Mean': np.float64(0.799999848835365), 'Std': np.float64(0.3999999244176827)}
[I 2024-11-09 16:41:12,385] Trial 2 finished with value: 18.0 and parameters: {'x_0': -3, 'x_1': 1, 'x_2': 0, 'x_3': 2, 'x_4': 2}. Best is trial 2 with value: 18.0.
2024-11-09 16:41:21,174 - INFO - Candidate Mean Stats: {'Max': np.float64(69.0), 'Min': np.float64(-8.997247391562268e-14), 'Mean': np.float64(0.0007947792935156748), 'Std': np.float64(0.20496561917564876)}
2024-11-09 16:41:21,175 - INFO - Candidate Std Stats: {'Max': np.float64(0.9999999943893052), 'Min': np.float64(0.0), 'Mean': np.float64(0.9999813474485522), 'Std': np.float64(0.004315934635137716)}
2024-11-09 16:41:21,209 - INFO - Top 10 Mean Stats: {'Max': np.float64(3.480549182199866e-15), 'Min': np.float64(-3.547162563677375e-15), 'Mean': np.float64(-8.354428260304297e-17), 'Std': np.float64(2.3042773322421822e-15)}
2024-11-09 16:41:21,209 - INFO - Top 10 Std Stats: {'Max': np.float64(0.9999999943893052), 'Min': np.float64(0.9999999936394413), 'Mean': np.float64(0.9999999939150088), 'Std': np.float64(2.2175603632360916e-10)}
2024-11-09 16:41:21,210 - INFO - Bottom 10 Mean Stats: {'Max': np.float64(69.0), 'Min': np.float64(-7.147615832536757e-14), 'Mean': np.float64(12.799999999999997), 'Std': np.float64(22.644204556574735)}
2024-11-09 16:41:21,210 - INFO - Bottom 10 Std Stats: {'Max': np.float64(0.999999899721808), 'Min': np.float64(0.0), 'Mean': np.float64(0.6999999252367346), 'Std': np.float64(0.45825752055153784)}
[I 2024-11-09 16:41:21,248] Trial 3 finished with value: 35.0 and parameters: {'x_0': 2, 'x_1': -2, 'x_2': -5, 'x_3': 1, 'x_4': -1}. Best is trial 2 with value: 18.0.
2024-11-09 16:41:29,578 - INFO - Candidate Mean Stats: {'Max': np.float64(69.0), 'Min': np.float64(-1.5636381078820706e-13), 'Mean': np.float64(0.0010121017565864264), 'Std': np.float64(0.22274828523625373)}
2024-11-09 16:41:29,579 - INFO - Candidate Std Stats: {'Max': np.float64(0.9999999927536506), 'Min': np.float64(0.0), 'Mean': np.float64(0.999975138318119), 'Std': np.float64(0.004983596574745904)}
2024-11-09 16:41:29,612 - INFO - Top 10 Mean Stats: {'Max': np.float64(4.252154184314349e-15), 'Min': np.float64(-4.210520820890906e-15), 'Mean': np.float64(-1.31117339208231e-15), 'Std': np.float64(2.498920099455551e-15)}
2024-11-09 16:41:29,613 - INFO - Top 10 Std Stats: {'Max': np.float64(0.9999999927536506), 'Min': np.float64(0.9999999914843662), 'Mean': np.float64(0.9999999919015463), 'Std': np.float64(4.025887880413647e-10)}
2024-11-09 16:41:29,613 - INFO - Bottom 10 Mean Stats: {'Max': np.float64(69.0), 'Min': np.float64(-1.5636381078820706e-13), 'Mean': np.float64(16.299999999999976), 'Std': np.float64(23.095670589961244)}
2024-11-09 16:41:29,613 - INFO - Bottom 10 Std Stats: {'Max': np.float64(0.9999999048658716), 'Min': np.float64(0.0), 'Mean': np.float64(0.5999999362597628), 'Std': np.float64(0.48989789651294996)}
[I 2024-11-09 16:41:29,651] Trial 4 finished with value: 116.0 and parameters: {'x_0': -5, 'x_1': -4, 'x_2': 5, 'x_3': -5, 'x_4': 5}. Best is trial 2 with value: 18.0.
2024-11-09 16:41:39,387 - INFO - Candidate Mean Stats: {'Max': np.float64(116.0), 'Min': np.float64(-7.617795283465511e-14), 'Mean': np.float64(0.0017323704913350358), 'Std': np.float64(0.36491916234829025)}
2024-11-09 16:41:39,388 - INFO - Candidate Std Stats: {'Max': np.float64(0.9999999963664041), 'Min': np.float64(0.0), 'Mean': np.float64(0.9999689412676462), 'Std': np.float64(0.005571813125749842)}
2024-11-09 16:41:39,415 - INFO - Top 10 Mean Stats: {'Max': np.float64(4.993228053251642e-15), 'Min': np.float64(-2.90878432451791e-15), 'Mean': np.float64(2.892824868538924e-16), 'Std': np.float64(2.3823285846555964e-15)}
2024-11-09 16:41:39,415 - INFO - Top 10 Std Stats: {'Max': np.float64(0.9999999963664041), 'Min': np.float64(0.9999999957171538), 'Mean': np.float64(0.9999999959791636), 'Std': np.float64(2.0491826206279166e-10)}
2024-11-09 16:41:39,415 - INFO - Bottom 10 Mean Stats: {'Max': np.float64(116.0), 'Min': np.float64(-8.01581023779363e-15), 'Mean': np.float64(27.900000000000013), 'Std': np.float64(36.96336023686158)}
2024-11-09 16:41:39,415 - INFO - Bottom 10 Std Stats: {'Max': np.float64(0.9999999473829916), 'Min': np.float64(0.0), 'Mean': np.float64(0.49999997168232585), 'Std': np.float64(0.49999997168232585)}
[I 2024-11-09 16:41:39,473] Trial 5 finished with value: 76.0 and parameters: {'x_0': 5, 'x_1': -5, 'x_2': -4, 'x_3': -3, 'x_4': 1}. Best is trial 2 with value: 18.0.
2024-11-09 16:41:50,029 - INFO - Candidate Mean Stats: {'Max': np.float64(116.0), 'Min': np.float64(-7.748246488858967e-14), 'Mean': np.float64(0.00220427069686), 'Std': np.float64(0.41113082220515745)}
2024-11-09 16:41:50,030 - INFO - Candidate Std Stats: {'Max': np.float64(0.9999999960974393), 'Min': np.float64(0.0), 'Mean': np.float64(0.9999627316130195), 'Std': np.float64(0.006103596517715629)}
2024-11-09 16:41:50,128 - INFO - Top 10 Mean Stats: {'Max': np.float64(5.007105841059456e-15), 'Min': np.float64(-5.195843755245732e-15), 'Mean': np.float64(2.620126338115372e-16), 'Std': np.float64(3.254748127621605e-15)}
2024-11-09 16:41:50,128 - INFO - Top 10 Std Stats: {'Max': np.float64(0.9999999960974393), 'Min': np.float64(0.9999999959487585), 'Mean': np.float64(0.9999999960298762), 'Std': np.float64(4.760074951699118e-11)}
2024-11-09 16:41:50,128 - INFO - Bottom 10 Mean Stats: {'Max': np.float64(116.0), 'Min': np.float64(-2.078337502098293e-14), 'Mean': np.float64(35.500000000000014), 'Std': np.float64(38.23676241524639)}
2024-11-09 16:41:50,129 - INFO - Bottom 10 Std Stats: {'Max': np.float64(0.9999999424053184), 'Min': np.float64(0.0), 'Mean': np.float64(0.3999999736721171), 'Std': np.float64(0.4898979163116961)}
[I 2024-11-09 16:41:50,239] Trial 6 finished with value: 70.0 and parameters: {'x_0': -4, 'x_1': -5, 'x_2': 0, 'x_3': -5, 'x_4': 2}. Best is trial 2 with value: 18.0.
2024-11-09 16:41:59,548 - INFO - Candidate Mean Stats: {'Max': np.float64(116.0), 'Min': np.float64(-7.849831895612169e-14), 'Mean': np.float64(0.0026389156230013726), 'Std': np.float64(0.44660003664422954)}
2024-11-09 16:41:59,549 - INFO - Candidate Std Stats: {'Max': np.float64(0.9999999987364909), 'Min': np.float64(0.0), 'Mean': np.float64(0.9999565220119647), 'Std': np.float64(0.006592617255604988)}
2024-11-09 16:41:59,595 - INFO - Top 10 Mean Stats: {'Max': np.float64(1.6486811915683574e-15), 'Min': np.float64(-1.0491607582707729e-15), 'Mean': np.float64(2.904620988175566e-16), 'Std': np.float64(8.606229407561765e-16)}
2024-11-09 16:41:59,595 - INFO - Top 10 Std Stats: {'Max': np.float64(0.9999999987364909), 'Min': np.float64(0.9999999982672195), 'Mean': np.float64(0.9999999984794258), 'Std': np.float64(1.5130848710301072e-10)}
2024-11-09 16:41:59,595 - INFO - Bottom 10 Mean Stats: {'Max': np.float64(116.0), 'Min': np.float64(-2.382538610845586e-14), 'Mean': np.float64(42.50000000000001), 'Std': np.float64(37.49733323851177)}
2024-11-09 16:41:59,595 - INFO - Bottom 10 Std Stats: {'Max': np.float64(0.9999999379888531), 'Min': np.float64(0.0), 'Mean': np.float64(0.29999997909015563), 'Std': np.float64(0.4582575375552692)}
[I 2024-11-09 16:41:59,637] Trial 7 finished with value: 62.0 and parameters: {'x_0': -4, 'x_1': 1, 'x_2': 5, 'x_3': -4, 'x_4': 2}. Best is trial 2 with value: 18.0.
2024-11-09 16:42:07,723 - INFO - Candidate Mean Stats: {'Max': np.float64(116.0), 'Min': np.float64(-8.024692021990631e-14), 'Mean': np.float64(0.0030238868432980407), 'Std': np.float64(0.47256494619580636)}
2024-11-09 16:42:07,724 - INFO - Candidate Std Stats: {'Max': np.float64(0.9999999955280068), 'Min': np.float64(0.0), 'Mean': np.float64(0.9999503128195286), 'Std': np.float64(0.007047782419245735)}
2024-11-09 16:42:07,762 - INFO - Top 10 Mean Stats: {'Max': np.float64(5.906386491005833e-15), 'Min': np.float64(-2.9531932455029166e-15), 'Mean': np.float64(1.6658896484500475e-15), 'Std': np.float64(2.8652277924371844e-15)}
2024-11-09 16:42:07,762 - INFO - Top 10 Std Stats: {'Max': np.float64(0.9999999955280068), 'Min': np.float64(0.9999999953749311), 'Mean': np.float64(0.9999999954473194), 'Std': np.float64(5.35009429073153e-11)}
2024-11-09 16:42:07,762 - INFO - Bottom 10 Mean Stats: {'Max': np.float64(116.0), 'Min': np.float64(-6.297323773551966e-14), 'Mean': np.float64(48.7), 'Std': np.float64(35.00014285685131)}
2024-11-09 16:42:07,762 - INFO - Bottom 10 Std Stats: {'Max': np.float64(0.9999999371833359), 'Min': np.float64(0.0), 'Mean': np.float64(0.1999999873943675), 'Std': np.float64(0.399999974788735)}
[I 2024-11-09 16:42:07,795] Trial 8 finished with value: 37.0 and parameters: {'x_0': 4, 'x_1': -4, 'x_2': 0, 'x_3': -2, 'x_4': -1}. Best is trial 2 with value: 18.0.
2024-11-09 16:42:17,747 - INFO - Candidate Mean Stats: {'Max': np.float64(116.0), 'Min': np.float64(-8.196499035051374e-14), 'Mean': np.float64(0.0032536277328300035), 'Std': np.float64(0.48147336279792496)}
2024-11-09 16:42:17,748 - INFO - Candidate Std Stats: {'Max': np.float64(0.9999999968386716), 'Min': np.float64(0.0), 'Mean': np.float64(0.9999441043239808), 'Std': np.float64(0.007475278907766954)}
2024-11-09 16:42:17,774 - INFO - Top 10 Mean Stats: {'Max': np.float64(4.496403249731884e-15), 'Min': np.float64(-3.563815909046753e-15), 'Mean': np.float64(1.0992595722569832e-15), 'Std': np.float64(2.5028401939048495e-15)}
2024-11-09 16:42:17,774 - INFO - Top 10 Std Stats: {'Max': np.float64(0.9999999968386716), 'Min': np.float64(0.9999999963398359), 'Mean': np.float64(0.9999999965349715), 'Std': np.float64(1.8293519732645327e-10)}
2024-11-09 16:42:17,774 - INFO - Bottom 10 Mean Stats: {'Max': np.float64(116.0), 'Min': np.float64(2.6373347949970595e-14), 'Mean': np.float64(52.4), 'Std': np.float64(31.429922048901105)}
2024-11-09 16:42:17,774 - INFO - Bottom 10 Std Stats: {'Max': np.float64(0.9999999380499199), 'Min': np.float64(0.0), 'Mean': np.float64(0.099999993804992), 'Std': np.float64(0.29999998141497597)}
[I 2024-11-09 16:42:17,814] Trial 9 finished with value: 55.0 and parameters: {'x_0': 5, 'x_1': 3, 'x_2': 2, 'x_3': -1, 'x_4': 4}. Best is trial 2 with value: 18.0.
2024-11-09 16:42:24,575 - INFO - Candidate Mean Stats: {'Max': np.float64(116.0), 'Min': np.float64(-9.43245481721533e-14), 'Mean': np.float64(0.0035951344605125086), 'Std': np.float64(0.5005967740688273)}
2024-11-09 16:42:24,576 - INFO - Candidate Std Stats: {'Max': np.float64(0.9999999955671931), 'Min': np.float64(0.0), 'Mean': np.float64(0.9999378946480522), 'Std': np.float64(0.007879611362965012)}
2024-11-09 16:42:24,608 - INFO - Top 10 Mean Stats: {'Max': np.float64(6.905587213168474e-15), 'Min': np.float64(-5.2652326942848046e-15), 'Mean': np.float64(4.279909759929979e-16), 'Std': np.float64(3.621001117620632e-15)}
2024-11-09 16:42:24,608 - INFO - Top 10 Std Stats: {'Max': np.float64(0.9999999955671931), 'Min': np.float64(0.9999999951417476), 'Mean': np.float64(0.9999999952805376), 'Std': np.float64(1.444981870248012e-10)}
2024-11-09 16:42:24,608 - INFO - Bottom 10 Mean Stats: {'Max': np.float64(116.0), 'Min': np.float64(18.0), 'Mean': np.float64(57.9), 'Std': np.float64(26.147466416461846)}
2024-11-09 16:42:24,608 - INFO - Bottom 10 Std Stats: {'Max': np.float64(0.0), 'Min': np.float64(0.0), 'Mean': np.float64(0.0), 'Std': np.float64(0.0)}
[I 2024-11-09 16:42:24,649] Trial 10 finished with value: 9.0 and parameters: {'x_0': 0, 'x_1': 2, 'x_2': 1, 'x_3': 0, 'x_4': -2}. Best is trial 10 with value: 9.0.
2024-11-09 16:42:30,653 - INFO - Candidate Mean Stats: {'Max': np.float64(116.0), 'Min': np.float64(-6.492584248007915e-14), 'Mean': np.float64(0.00365101737958786), 'Std': np.float64(0.5010984649185003)}
2024-11-09 16:42:30,654 - INFO - Candidate Std Stats: {'Max': np.float64(0.9999999968008377), 'Min': np.float64(0.0), 'Mean': np.float64(0.9999316865984189), 'Std': np.float64(0.008264180468493658)}
2024-11-09 16:42:30,680 - INFO - Top 10 Mean Stats: {'Max': np.float64(3.913536161803677e-15), 'Min': np.float64(-2.575717417130363e-15), 'Mean': np.float64(4.686875887394137e-16), 'Std': np.float64(1.6624143195166733e-15)}
2024-11-09 16:42:30,680 - INFO - Top 10 Std Stats: {'Max': np.float64(0.9999999968008377), 'Min': np.float64(0.9999999964904744), 'Mean': np.float64(0.9999999966477114), 'Std': np.float64(1.1978145509870327e-10)}
2024-11-09 16:42:30,681 - INFO - Bottom 10 Mean Stats: {'Max': np.float64(116.0), 'Min': np.float64(18.0), 'Mean': np.float64(57.9), 'Std': np.float64(26.147466416461846)}
2024-11-09 16:42:30,681 - INFO - Bottom 10 Std Stats: {'Max': np.float64(0.0), 'Min': np.float64(0.0), 'Mean': np.float64(0.0), 'Std': np.float64(0.0)}
[I 2024-11-09 16:42:30,722] Trial 11 finished with value: 59.0 and parameters: {'x_0': 3, 'x_1': -5, 'x_2': 0, 'x_3': 3, 'x_4': -4}. Best is trial 10 with value: 9.0.
2024-11-09 16:42:38,767 - INFO - Candidate Mean Stats: {'Max': np.float64(116.0), 'Min': np.float64(-6.021849685566849e-14), 'Mean': np.float64(0.004017360960192734), 'Std': np.float64(0.5222175155413576)}
2024-11-09 16:42:38,768 - INFO - Candidate Std Stats: {'Max': np.float64(0.9999999967467038), 'Min': np.float64(0.0), 'Mean': np.float64(0.9999254770077258), 'Std': np.float64(0.008631628183077132)}
2024-11-09 16:42:38,792 - INFO - Top 10 Mean Stats: {'Max': np.float64(2.9004576518332213e-16), 'Min': np.float64(-4.615752224879089e-15), 'Mean': np.float64(-2.3134966165017088e-15), 'Std': np.float64(1.4248838594369948e-15)}
2024-11-09 16:42:38,792 - INFO - Top 10 Std Stats: {'Max': np.float64(0.9999999967467038), 'Min': np.float64(0.9999999961675698), 'Mean': np.float64(0.9999999963461217), 'Std': np.float64(1.720526112558416e-10)}
2024-11-09 16:42:38,792 - INFO - Bottom 10 Mean Stats: {'Max': np.float64(116.0), 'Min': np.float64(35.0), 'Mean': np.float64(62.0), 'Std': np.float64(22.53441811984503)}
2024-11-09 16:42:38,792 - INFO - Bottom 10 Std Stats: {'Max': np.float64(0.0), 'Min': np.float64(0.0), 'Mean': np.float64(0.0), 'Std': np.float64(0.0)}
[I 2024-11-09 16:42:38,830] Trial 12 finished with value: 28.0 and parameters: {'x_0': -2, 'x_1': 0, 'x_2': -2, 'x_3': -4, 'x_4': 2}. Best is trial 10 with value: 9.0.
2024-11-09 16:42:48,825 - INFO - Candidate Mean Stats: {'Max': np.float64(116.0), 'Min': np.float64(-6.550315845288424e-14), 'Mean': np.float64(0.004191218930649325), 'Std': np.float64(0.5268564601330537)}
2024-11-09 16:42:48,826 - INFO - Candidate Std Stats: {'Max': np.float64(0.9999999979060245), 'Min': np.float64(0.0), 'Mean': np.float64(0.999919267918791), 'Std': np.float64(0.008984055561322077)}
2024-11-09 16:42:48,862 - INFO - Top 10 Mean Stats: {'Max': np.float64(2.042810365310288e-15), 'Min': np.float64(-2.042810365310288e-15), 'Mean': np.float64(1.9984014443252826e-16), 'Std': np.float64(1.1820199959220504e-15)}
2024-11-09 16:42:48,862 - INFO - Top 10 Std Stats: {'Max': np.float64(0.9999999979060245), 'Min': np.float64(0.9999999971337912), 'Mean': np.float64(0.9999999974219103), 'Std': np.float64(2.47593272734588e-10)}
2024-11-09 16:42:48,863 - INFO - Bottom 10 Mean Stats: {'Max': np.float64(116.0), 'Min': np.float64(35.0), 'Mean': np.float64(62.0), 'Std': np.float64(22.53441811984503)}
2024-11-09 16:42:48,863 - INFO - Bottom 10 Std Stats: {'Max': np.float64(0.0), 'Min': np.float64(0.0), 'Mean': np.float64(0.0), 'Std': np.float64(0.0)}
[I 2024-11-09 16:42:48,912] Trial 13 finished with value: 38.0 and parameters: {'x_0': -1, 'x_1': 2, 'x_2': -4, 'x_3': -1, 'x_4': 4}. Best is trial 10 with value: 9.0.
2024-11-09 16:42:58,324 - INFO - Candidate Mean Stats: {'Max': np.float64(116.0), 'Min': np.float64(-5.10702591327572e-14), 'Mean': np.float64(0.004427169033411749), 'Std': np.float64(0.5352959928669188)}
2024-11-09 16:42:58,325 - INFO - Candidate Std Stats: {'Max': np.float64(0.9999999965793595), 'Min': np.float64(0.0), 'Mean': np.float64(0.9999130595529243), 'Std': np.float64(0.009323166124610647)}
2024-11-09 16:42:58,360 - INFO - Top 10 Mean Stats: {'Max': np.float64(3.742492427072364e-15), 'Min': np.float64(-4.934941344458821e-15), 'Mean': np.float64(-1.1689434142869715e-16), 'Std': np.float64(2.2216857851625594e-15)}
2024-11-09 16:42:58,360 - INFO - Top 10 Std Stats: {'Max': np.float64(0.9999999965793595), 'Min': np.float64(0.9999999961149911), 'Mean': np.float64(0.999999996295676), 'Std': np.float64(1.3938578954819254e-10)}
2024-11-09 16:42:58,361 - INFO - Bottom 10 Mean Stats: {'Max': np.float64(116.0), 'Min': np.float64(37.0), 'Mean': np.float64(62.3), 'Std': np.float64(22.19031320193566)}
2024-11-09 16:42:58,361 - INFO - Bottom 10 Std Stats: {'Max': np.float64(0.0), 'Min': np.float64(0.0), 'Mean': np.float64(0.0), 'Std': np.float64(0.0)}
[I 2024-11-09 16:42:58,397] Trial 14 finished with value: 40.0 and parameters: {'x_0': -4, 'x_1': 0, 'x_2': 4, 'x_3': 2, 'x_4': -2}. Best is trial 10 with value: 9.0.
2024-11-09 16:43:09,216 - INFO - Candidate Mean Stats: {'Max': np.float64(116.0), 'Min': np.float64(-5.242473122279989e-14), 'Mean': np.float64(0.004675537562635412), 'Std': np.float64(0.5444945181748644)}
2024-11-09 16:43:09,217 - INFO - Candidate Std Stats: {'Max': np.float64(0.9999999966548879), 'Min': np.float64(0.0), 'Mean': np.float64(0.9999068497759298), 'Std': np.float64(0.009650363801162557)}
2024-11-09 16:43:09,248 - INFO - Top 10 Mean Stats: {'Max': np.float64(2.4424906541753444e-15), 'Min': np.float64(-4.618527782440651e-15), 'Mean': np.float64(-8.698966026676749e-16), 'Std': np.float64(2.2394942182604608e-15)}
2024-11-09 16:43:09,248 - INFO - Top 10 Std Stats: {'Max': np.float64(0.9999999966548879), 'Min': np.float64(0.9999999961485012), 'Mean': np.float64(0.9999999962875833), 'Std': np.float64(1.5445808313190104e-10)}
2024-11-09 16:43:09,248 - INFO - Bottom 10 Mean Stats: {'Max': np.float64(116.0), 'Min': np.float64(38.0), 'Mean': np.float64(62.6), 'Std': np.float64(21.86412586864611)}
2024-11-09 16:43:09,248 - INFO - Bottom 10 Std Stats: {'Max': np.float64(0.0), 'Min': np.float64(0.0), 'Mean': np.float64(0.0), 'Std': np.float64(0.0)}
