[I 2024-11-09 17:03:38,380] Trial 127 finished with value: 66.0 and parameters: {'x_0': 5, 'x_1': 0, 'x_2': -5, 'x_3': -4, 'x_4': 0}. Best is trial 100 with value: 13.0.
2024-11-09 17:03:47,500 - INFO - Candidate Mean Stats: {'Max': np.float64(100.0), 'Min': np.float64(-7.158718062783009e-14), 'Mean': np.float64(0.038882093249964333), 'Std': np.float64(1.473947085634868)}
2024-11-09 17:03:47,501 - INFO - Candidate Std Stats: {'Max': np.float64(0.9999999973427957), 'Min': np.float64(0.0), 'Mean': np.float64(0.99920520778146), 'Std': np.float64(0.028180624529013706)}
2024-11-09 17:03:47,527 - INFO - Top 10 Mean Stats: {'Max': np.float64(3.6193270602780105e-15), 'Min': np.float64(-7.022160630754115e-16), 'Mean': np.float64(1.4765966227514583e-15), 'Std': np.float64(1.172299706042946e-15)}
2024-11-09 17:03:47,527 - INFO - Top 10 Std Stats: {'Max': np.float64(0.9999999973427957), 'Min': np.float64(0.9999999964365152), 'Mean': np.float64(0.99999999679086), 'Std': np.float64(3.0935959459753766e-10)}
2024-11-09 17:03:47,527 - INFO - Bottom 10 Mean Stats: {'Max': np.float64(100.0), 'Min': np.float64(77.0), 'Mean': np.float64(83.9), 'Std': np.float64(8.018104514160438)}
2024-11-09 17:03:47,528 - INFO - Bottom 10 Std Stats: {'Max': np.float64(0.0), 'Min': np.float64(0.0), 'Mean': np.float64(0.0), 'Std': np.float64(0.0)}
[I 2024-11-09 17:03:47,557] Trial 128 finished with value: 66.0 and parameters: {'x_0': -5, 'x_1': 4, 'x_2': 0, 'x_3': -4, 'x_4': -3}. Best is trial 100 with value: 13.0.
2024-11-09 17:03:56,397 - INFO - Candidate Mean Stats: {'Max': np.float64(100.0), 'Min': np.float64(-7.238654120556021e-14), 'Mean': np.float64(0.03929190132318333), 'Std': np.float64(1.4830830414207716)}
2024-11-09 17:03:56,399 - INFO - Candidate Std Stats: {'Max': np.float64(0.9999999971950242), 'Min': np.float64(0.0), 'Mean': np.float64(0.9991989987521727), 'Std': np.float64(0.028290403032609282)}
2024-11-09 17:03:56,430 - INFO - Top 10 Mean Stats: {'Max': np.float64(3.0087043967341744e-15), 'Min': np.float64(-2.986499936241671e-15), 'Mean': np.float64(-3.741451592986777e-16), 'Std': np.float64(1.8133802376604664e-15)}
2024-11-09 17:03:56,430 - INFO - Top 10 Std Stats: {'Max': np.float64(0.9999999971950242), 'Min': np.float64(0.99999999676903), 'Mean': np.float64(0.9999999969308414), 'Std': np.float64(1.2930777957488852e-10)}
2024-11-09 17:03:56,433 - INFO - Bottom 10 Mean Stats: {'Max': np.float64(100.0), 'Min': np.float64(77.0), 'Mean': np.float64(83.9), 'Std': np.float64(8.018104514160438)}
2024-11-09 17:03:56,434 - INFO - Bottom 10 Std Stats: {'Max': np.float64(0.0), 'Min': np.float64(0.0), 'Mean': np.float64(0.0), 'Std': np.float64(0.0)}
[I 2024-11-09 17:03:56,467] Trial 129 finished with value: 20.0 and parameters: {'x_0': 1, 'x_1': -3, 'x_2': 1, 'x_3': 0, 'x_4': -3}. Best is trial 100 with value: 13.0.
2024-11-09 17:04:06,458 - INFO - Candidate Mean Stats: {'Max': np.float64(100.0), 'Min': np.float64(-5.6465943032435464e-14), 'Mean': np.float64(0.03941608558779518), 'Std': np.float64(1.483916850348647)}
2024-11-09 17:04:06,459 - INFO - Candidate Std Stats: {'Max': np.float64(0.9999999984188139), 'Min': np.float64(0.0), 'Mean': np.float64(0.9991927892809149), 'Std': np.float64(0.028399755823458817)}
2024-11-09 17:04:06,488 - INFO - Top 10 Mean Stats: {'Max': np.float64(1.3877787807814457e-15), 'Min': np.float64(-2.1815882433884324e-15), 'Mean': np.float64(-1.2490009027033009e-16), 'Std': np.float64(1.0801085014610806e-15)}
2024-11-09 17:04:06,488 - INFO - Top 10 Std Stats: {'Max': np.float64(0.9999999984188139), 'Min': np.float64(0.9999999979967156), 'Mean': np.float64(0.9999999981665789), 'Std': np.float64(1.397846154784555e-10)}
2024-11-09 17:04:06,488 - INFO - Bottom 10 Mean Stats: {'Max': np.float64(100.0), 'Min': np.float64(77.0), 'Mean': np.float64(83.9), 'Std': np.float64(8.018104514160438)}
2024-11-09 17:04:06,488 - INFO - Bottom 10 Std Stats: {'Max': np.float64(0.0), 'Min': np.float64(0.0), 'Mean': np.float64(0.0), 'Std': np.float64(0.0)}
[I 2024-11-09 17:04:06,520] Trial 130 finished with value: 27.0 and parameters: {'x_0': -1, 'x_1': 0, 'x_2': -1, 'x_3': -5, 'x_4': 0}. Best is trial 100 with value: 13.0.
2024-11-09 17:04:15,470 - INFO - Candidate Mean Stats: {'Max': np.float64(100.0), 'Min': np.float64(-5.0814907837093414e-14), 'Mean': np.float64(0.03958373434502117), 'Std': np.float64(1.485436801406279)}
2024-11-09 17:04:15,470 - INFO - Candidate Std Stats: {'Max': np.float64(0.9999999976006895), 'Min': np.float64(0.0), 'Mean': np.float64(0.9991865801203788), 'Std': np.float64(0.028508687821559162)}
2024-11-09 17:04:15,498 - INFO - Top 10 Mean Stats: {'Max': np.float64(2.9927449407551877e-15), 'Min': np.float64(-1.2101430968414207e-15), 'Mean': np.float64(6.577724476208856e-16), 'Std': np.float64(1.1856071015785248e-15)}
2024-11-09 17:04:15,498 - INFO - Top 10 Std Stats: {'Max': np.float64(0.9999999976006895), 'Min': np.float64(0.9999999970975362), 'Mean': np.float64(0.9999999972697886), 'Std': np.float64(1.621381078444592e-10)}
2024-11-09 17:04:15,498 - INFO - Bottom 10 Mean Stats: {'Max': np.float64(100.0), 'Min': np.float64(77.0), 'Mean': np.float64(83.9), 'Std': np.float64(8.018104514160438)}
2024-11-09 17:04:15,499 - INFO - Bottom 10 Std Stats: {'Max': np.float64(0.0), 'Min': np.float64(0.0), 'Mean': np.float64(0.0), 'Std': np.float64(0.0)}
[I 2024-11-09 17:04:15,528] Trial 131 finished with value: 50.0 and parameters: {'x_0': -5, 'x_1': -2, 'x_2': 4, 'x_3': 1, 'x_4': 2}. Best is trial 100 with value: 13.0.
2024-11-09 17:04:25,120 - INFO - Candidate Mean Stats: {'Max': np.float64(100.0), 'Min': np.float64(-6.137312880127865e-14), 'Mean': np.float64(0.03989419500655072), 'Std': np.float64(1.4906444409308588)}
2024-11-09 17:04:25,120 - INFO - Candidate Std Stats: {'Max': np.float64(0.999999996354332), 'Min': np.float64(0.0), 'Mean': np.float64(0.999180371114469), 'Std': np.float64(0.028617203827912108)}
2024-11-09 17:04:25,149 - INFO - Top 10 Mean Stats: {'Max': np.float64(2.331815296408024e-15), 'Min': np.float64(-2.300937218535637e-15), 'Mean': np.float64(5.7952151107446e-16), 'Std': np.float64(1.2387330348405335e-15)}
2024-11-09 17:04:25,149 - INFO - Top 10 Std Stats: {'Max': np.float64(0.999999996354332), 'Min': np.float64(0.9999999958371469), 'Mean': np.float64(0.9999999960688098), 'Std': np.float64(1.8877188525710118e-10)}
2024-11-09 17:04:25,150 - INFO - Bottom 10 Mean Stats: {'Max': np.float64(100.0), 'Min': np.float64(77.0), 'Mean': np.float64(83.9), 'Std': np.float64(8.018104514160438)}
2024-11-09 17:04:25,150 - INFO - Bottom 10 Std Stats: {'Max': np.float64(0.0), 'Min': np.float64(0.0), 'Mean': np.float64(0.0), 'Std': np.float64(0.0)}
[I 2024-11-09 17:04:25,180] Trial 132 finished with value: 44.0 and parameters: {'x_0': 1, 'x_1': -1, 'x_2': -1, 'x_3': -5, 'x_4': 4}. Best is trial 100 with value: 13.0.
2024-11-09 17:04:33,361 - INFO - Candidate Mean Stats: {'Max': np.float64(100.0), 'Min': np.float64(-5.1836313019748556e-14), 'Mean': np.float64(0.04016740038869675), 'Std': np.float64(1.494663846098424)}
2024-11-09 17:04:33,361 - INFO - Candidate Std Stats: {'Max': np.float64(0.9999999962512582), 'Min': np.float64(0.0), 'Mean': np.float64(0.9991741617554403), 'Std': np.float64(0.02872530854251499)}
2024-11-09 17:04:33,392 - INFO - Top 10 Mean Stats: {'Max': np.float64(2.4029389589230733e-15), 'Min': np.float64(-4.063416270128073e-15), 'Mean': np.float64(-3.1981362003108413e-16), 'Std': np.float64(2.1360264442755503e-15)}
2024-11-09 17:04:33,393 - INFO - Top 10 Std Stats: {'Max': np.float64(0.9999999962512582), 'Min': np.float64(0.9999999957493354), 'Mean': np.float64(0.9999999958740435), 'Std': np.float64(1.4478729042719562e-10)}
2024-11-09 17:04:33,393 - INFO - Bottom 10 Mean Stats: {'Max': np.float64(100.0), 'Min': np.float64(77.0), 'Mean': np.float64(83.9), 'Std': np.float64(8.018104514160438)}
2024-11-09 17:04:33,393 - INFO - Bottom 10 Std Stats: {'Max': np.float64(0.0), 'Min': np.float64(0.0), 'Mean': np.float64(0.0), 'Std': np.float64(0.0)}
[I 2024-11-09 17:04:33,424] Trial 133 finished with value: 59.0 and parameters: {'x_0': 1, 'x_1': -5, 'x_2': -4, 'x_3': 4, 'x_4': 1}. Best is trial 100 with value: 13.0.
2024-11-09 17:04:43,398 - INFO - Candidate Mean Stats: {'Max': np.float64(100.0), 'Min': np.float64(-5.693223670277802e-14), 'Mean': np.float64(0.04053374396930166), 'Std': np.float64(1.5018670779210916)}
2024-11-09 17:04:43,399 - INFO - Candidate Std Stats: {'Max': np.float64(0.9999999988625037), 'Min': np.float64(0.0), 'Mean': np.float64(0.9991679523117499), 'Std': np.float64(0.02883300659910334)}
2024-11-09 17:04:43,422 - INFO - Top 10 Mean Stats: {'Max': np.float64(4.440892098500626e-16), 'Min': np.float64(-1.0103029524088924e-15), 'Mean': np.float64(-2.581268532253489e-16), 'Std': np.float64(3.9737028610657422e-16)}
2024-11-09 17:04:43,422 - INFO - Top 10 Std Stats: {'Max': np.float64(0.9999999988625037), 'Min': np.float64(0.9999999985026241), 'Mean': np.float64(0.9999999986516663), 'Std': np.float64(1.206142392959632e-10)}
2024-11-09 17:04:43,422 - INFO - Bottom 10 Mean Stats: {'Max': np.float64(100.0), 'Min': np.float64(77.0), 'Mean': np.float64(83.9), 'Std': np.float64(8.018104514160438)}
2024-11-09 17:04:43,423 - INFO - Bottom 10 Std Stats: {'Max': np.float64(0.0), 'Min': np.float64(0.0), 'Mean': np.float64(0.0), 'Std': np.float64(0.0)}
[I 2024-11-09 17:04:43,452] Trial 134 finished with value: 58.0 and parameters: {'x_0': 3, 'x_1': 4, 'x_2': -2, 'x_3': 5, 'x_4': 2}. Best is trial 100 with value: 13.0.
2024-11-09 17:04:52,511 - INFO - Candidate Mean Stats: {'Max': np.float64(100.0), 'Min': np.float64(-5.537792446830281e-14), 'Mean': np.float64(0.04089387833667595), 'Std': np.float64(1.5087952770888777)}
2024-11-09 17:04:52,511 - INFO - Candidate Std Stats: {'Max': np.float64(0.9999999958800735), 'Min': np.float64(0.0), 'Mean': np.float64(0.9991617434100295), 'Std': np.float64(0.02894030255576833)}
2024-11-09 17:04:52,534 - INFO - Top 10 Mean Stats: {'Max': np.float64(6.195044477408373e-15), 'Min': np.float64(-2.864375403532904e-15), 'Mean': np.float64(1.070254995738651e-15), 'Std': np.float64(2.652922927571197e-15)}
2024-11-09 17:04:52,534 - INFO - Top 10 Std Stats: {'Max': np.float64(0.9999999958800735), 'Min': np.float64(0.9999999955374217), 'Mean': np.float64(0.9999999956807354), 'Std': np.float64(1.229994221759582e-10)}
2024-11-09 17:04:52,534 - INFO - Bottom 10 Mean Stats: {'Max': np.float64(100.0), 'Min': np.float64(77.0), 'Mean': np.float64(83.9), 'Std': np.float64(8.018104514160438)}
2024-11-09 17:04:52,534 - INFO - Bottom 10 Std Stats: {'Max': np.float64(0.0), 'Min': np.float64(0.0), 'Mean': np.float64(0.0), 'Std': np.float64(0.0)}
[I 2024-11-09 17:04:52,561] Trial 135 finished with value: 50.0 and parameters: {'x_0': 4, 'x_1': -5, 'x_2': -1, 'x_3': -2, 'x_4': -2}. Best is trial 100 with value: 13.0.
2024-11-09 17:05:01,523 - INFO - Candidate Mean Stats: {'Max': np.float64(100.0), 'Min': np.float64(-5.062616992290714e-14), 'Mean': np.float64(0.041204338998205574), 'Std': np.float64(1.5139223008382292)}
2024-11-09 17:05:01,524 - INFO - Candidate Std Stats: {'Max': np.float64(0.9999999966667917), 'Min': np.float64(0.0), 'Mean': np.float64(0.9991555340635565), 'Std': np.float64(0.029047200840060686)}
2024-11-09 17:05:01,552 - INFO - Top 10 Mean Stats: {'Max': np.float64(3.3861802251067274e-15), 'Min': np.float64(-3.7247982476174e-15), 'Mean': np.float64(1.9262369477246472e-16), 'Std': np.float64(1.880940785410325e-15)}
2024-11-09 17:05:01,552 - INFO - Top 10 Std Stats: {'Max': np.float64(0.9999999966667917), 'Min': np.float64(0.9999999959657432), 'Mean': np.float64(0.9999999962191506), 'Std': np.float64(2.3131545202485967e-10)}
2024-11-09 17:05:01,552 - INFO - Bottom 10 Mean Stats: {'Max': np.float64(100.0), 'Min': np.float64(77.0), 'Mean': np.float64(83.9), 'Std': np.float64(8.018104514160438)}
2024-11-09 17:05:01,553 - INFO - Bottom 10 Std Stats: {'Max': np.float64(0.0), 'Min': np.float64(0.0), 'Mean': np.float64(0.0), 'Std': np.float64(0.0)}
[I 2024-11-09 17:05:01,586] Trial 136 finished with value: 38.0 and parameters: {'x_0': -2, 'x_1': -1, 'x_2': 4, 'x_3': 4, 'x_4': -1}. Best is trial 100 with value: 13.0.
2024-11-09 17:05:12,564 - INFO - Candidate Mean Stats: {'Max': np.float64(100.0), 'Min': np.float64(-7.941425295143744e-14), 'Mean': np.float64(0.04144028910096803), 'Std': np.float64(1.5168741994218897)}
2024-11-09 17:05:12,565 - INFO - Candidate Std Stats: {'Max': np.float64(0.999999996464534), 'Min': np.float64(0.0), 'Mean': np.float64(0.9991493249390466), 'Std': np.float64(0.02915370584560217)}
2024-11-09 17:05:12,590 - INFO - Top 10 Mean Stats: {'Max': np.float64(2.7089441800853818e-15), 'Min': np.float64(-5.806466418789568e-15), 'Mean': np.float64(-6.568232286188746e-16), 'Std': np.float64(2.8147864185444025e-15)}
2024-11-09 17:05:12,590 - INFO - Top 10 Std Stats: {'Max': np.float64(0.999999996464534), 'Min': np.float64(0.9999999960631928), 'Mean': np.float64(0.999999996219511), 'Std': np.float64(1.2018937936652976e-10)}
2024-11-09 17:05:12,590 - INFO - Bottom 10 Mean Stats: {'Max': np.float64(100.0), 'Min': np.float64(77.0), 'Mean': np.float64(83.9), 'Std': np.float64(8.018104514160438)}
2024-11-09 17:05:12,591 - INFO - Bottom 10 Std Stats: {'Max': np.float64(0.0), 'Min': np.float64(0.0), 'Mean': np.float64(0.0), 'Std': np.float64(0.0)}
[I 2024-11-09 17:05:12,621] Trial 137 finished with value: 61.0 and parameters: {'x_0': 0, 'x_1': 5, 'x_2': -4, 'x_3': 4, 'x_4': -2}. Best is trial 100 with value: 13.0.
2024-11-09 17:05:24,531 - INFO - Candidate Mean Stats: {'Max': np.float64(100.0), 'Min': np.float64(-5.117295476253503e-14), 'Mean': np.float64(0.04181905110803411), 'Std': np.float64(1.524460653420752)}
2024-11-09 17:05:24,533 - INFO - Candidate Std Stats: {'Max': np.float64(0.9999999962589566), 'Min': np.float64(0.0), 'Mean': np.float64(0.9991431160419636), 'Std': np.float64(0.0292598218672682)}
2024-11-09 17:05:24,566 - INFO - Top 10 Mean Stats: {'Max': np.float64(3.6193270602780105e-15), 'Min': np.float64(-4.8350212722425564e-15), 'Mean': np.float64(1.3440637491868305e-16), 'Std': np.float64(2.3691958000071265e-15)}
2024-11-09 17:05:24,566 - INFO - Top 10 Std Stats: {'Max': np.float64(0.9999999962589566), 'Min': np.float64(0.9999999959115163), 'Mean': np.float64(0.9999999960169769), 'Std': np.float64(1.0097188149253358e-10)}
2024-11-09 17:05:24,566 - INFO - Bottom 10 Mean Stats: {'Max': np.float64(100.0), 'Min': np.float64(77.0), 'Mean': np.float64(83.9), 'Std': np.float64(8.018104514160438)}
2024-11-09 17:05:24,566 - INFO - Bottom 10 Std Stats: {'Max': np.float64(0.0), 'Min': np.float64(0.0), 'Mean': np.float64(0.0), 'Std': np.float64(0.0)}
[I 2024-11-09 17:05:24,598] Trial 138 finished with value: 21.0 and parameters: {'x_0': -2, 'x_1': 3, 'x_2': -2, 'x_3': -2, 'x_4': 0}. Best is trial 100 with value: 13.0.
2024-11-09 17:05:34,395 - INFO - Candidate Mean Stats: {'Max': np.float64(100.0), 'Min': np.float64(-5.478499598421394e-14), 'Mean': np.float64(0.04194944458587654), 'Std': np.float64(1.5253549173871732)}
2024-11-09 17:05:34,396 - INFO - Candidate Std Stats: {'Max': np.float64(0.9999999966439528), 'Min': np.float64(0.0), 'Mean': np.float64(0.9991369060451364), 'Std': np.float64(0.02936555308311936)}
2024-11-09 17:05:34,417 - INFO - Top 10 Mean Stats: {'Max': np.float64(4.440892098500626e-15), 'Min': np.float64(-2.7922109069322685e-15), 'Mean': np.float64(1.1896039708858552e-15), 'Std': np.float64(1.8200227240213836e-15)}
2024-11-09 17:05:34,417 - INFO - Top 10 Std Stats: {'Max': np.float64(0.9999999966439528), 'Min': np.float64(0.9999999960178965), 'Mean': np.float64(0.9999999962660011), 'Std': np.float64(2.1375754095541066e-10)}
2024-11-09 17:05:34,418 - INFO - Bottom 10 Mean Stats: {'Max': np.float64(100.0), 'Min': np.float64(77.0), 'Mean': np.float64(83.9), 'Std': np.float64(8.018104514160438)}
2024-11-09 17:05:34,418 - INFO - Bottom 10 Std Stats: {'Max': np.float64(0.0), 'Min': np.float64(0.0), 'Mean': np.float64(0.0), 'Std': np.float64(0.0)}
[I 2024-11-09 17:05:34,451] Trial 139 finished with value: 14.0 and parameters: {'x_0': 2, 'x_1': -3, 'x_2': 0, 'x_3': -1, 'x_4': 0}. Best is trial 100 with value: 13.0.
2024-11-09 17:05:43,558 - INFO - Candidate Mean Stats: {'Max': np.float64(100.0), 'Min': np.float64(-7.180922523275512e-14), 'Mean': np.float64(0.042036373571104825), 'Std': np.float64(1.5257513981604212)}
2024-11-09 17:05:43,560 - INFO - Candidate Std Stats: {'Max': np.float64(0.9999999967766448), 'Min': np.float64(0.0), 'Mean': np.float64(0.9991306968783139), 'Std': np.float64(0.02947090369102449)}
2024-11-09 17:05:43,583 - INFO - Top 10 Mean Stats: {'Max': np.float64(2.8282931552325864e-15), 'Min': np.float64(-2.3151619510386466e-15), 'Mean': np.float64(5.998326835232604e-16), 'Std': np.float64(1.3771511258895479e-15)}
2024-11-09 17:05:43,583 - INFO - Top 10 Std Stats: {'Max': np.float64(0.9999999967766448), 'Min': np.float64(0.9999999963647966), 'Mean': np.float64(0.9999999965831596), 'Std': np.float64(1.3811626540872687e-10)}
2024-11-09 17:05:43,584 - INFO - Bottom 10 Mean Stats: {'Max': np.float64(100.0), 'Min': np.float64(77.0), 'Mean': np.float64(83.9), 'Std': np.float64(8.018104514160438)}
2024-11-09 17:05:43,584 - INFO - Bottom 10 Std Stats: {'Max': np.float64(0.0), 'Min': np.float64(0.0), 'Mean': np.float64(0.0), 'Std': np.float64(0.0)}
[I 2024-11-09 17:05:43,614] Trial 140 finished with value: 48.0 and parameters: {'x_0': -2, 'x_1': -5, 'x_2': -3, 'x_3': 3, 'x_4': -1}. Best is trial 100 with value: 13.0.
2024-11-09 17:05:53,204 - INFO - Candidate Mean Stats: {'Max': np.float64(100.0), 'Min': np.float64(-6.70241639966207e-14), 'Mean': np.float64(0.04233441580617319), 'Std': np.float64(1.5304241928998388)}
2024-11-09 17:05:53,205 - INFO - Candidate Std Stats: {'Max': np.float64(0.9999999970253831), 'Min': np.float64(0.0), 'Mean': np.float64(0.9991244881441212), 'Std': np.float64(0.029575877746971527)}
2024-11-09 17:05:53,235 - INFO - Top 10 Mean Stats: {'Max': np.float64(3.819167204710538e-15), 'Min': np.float64(-4.918287999089443e-15), 'Mean': np.float64(2.6090241078691196e-17), 'Std': np.float64(2.7154078972446908e-15)}
2024-11-09 17:05:53,235 - INFO - Top 10 Std Stats: {'Max': np.float64(0.9999999970253831), 'Min': np.float64(0.9999999963428271), 'Mean': np.float64(0.9999999966320472), 'Std': np.float64(1.8169250778640655e-10)}
2024-11-09 17:05:53,235 - INFO - Bottom 10 Mean Stats: {'Max': np.float64(100.0), 'Min': np.float64(77.0), 'Mean': np.float64(83.9), 'Std': np.float64(8.018104514160438)}
2024-11-09 17:05:53,236 - INFO - Bottom 10 Std Stats: {'Max': np.float64(0.0), 'Min': np.float64(0.0), 'Mean': np.float64(0.0), 'Std': np.float64(0.0)}
[I 2024-11-09 17:05:53,264] Trial 141 finished with value: 51.0 and parameters: {'x_0': -3, 'x_1': -4, 'x_2': 4, 'x_3': 3, 'x_4': 1}. Best is trial 100 with value: 13.0.
2024-11-09 17:06:03,536 - INFO - Candidate Mean Stats: {'Max': np.float64(100.0), 'Min': np.float64(-6.217248937900877e-14), 'Mean': np.float64(0.04265108568093335), 'Std': np.float64(1.5356827346420803)}
2024-11-09 17:06:03,537 - INFO - Candidate Std Stats: {'Max': np.float64(0.9999999966026397), 'Min': np.float64(0.0), 'Mean': np.float64(0.9991182792047505), 'Std': np.float64(0.029680479227657316)}
2024-11-09 17:06:03,581 - INFO - Top 10 Mean Stats: {'Max': np.float64(3.608224830031759e-15), 'Min': np.float64(-3.4139358007223564e-15), 'Mean': np.float64(-1.3267165144270616e-16), 'Std': np.float64(2.102059242633058e-15)}
2024-11-09 17:06:03,581 - INFO - Top 10 Std Stats: {'Max': np.float64(0.9999999966026397), 'Min': np.float64(0.9999999962275696), 'Mean': np.float64(0.9999999964288211), 'Std': np.float64(1.3889085622571425e-10)}
2024-11-09 17:06:03,581 - INFO - Bottom 10 Mean Stats: {'Max': np.float64(100.0), 'Min': np.float64(77.0), 'Mean': np.float64(83.9), 'Std': np.float64(8.018104514160438)}
2024-11-09 17:06:03,581 - INFO - Bottom 10 Std Stats: {'Max': np.float64(0.0), 'Min': np.float64(0.0), 'Mean': np.float64(0.0), 'Std': np.float64(0.0)}
[I 2024-11-09 17:06:03,610] Trial 142 finished with value: 50.0 and parameters: {'x_0': -2, 'x_1': 2, 'x_2': 4, 'x_3': 5, 'x_4': -1}. Best is trial 100 with value: 13.0.
2024-11-09 17:06:14,593 - INFO - Candidate Mean Stats: {'Max': np.float64(100.0), 'Min': np.float64(-7.243095012654521e-14), 'Mean': np.float64(0.04296154634246294), 'Std': np.float64(1.5407199340567654)}
2024-11-09 17:06:14,594 - INFO - Candidate Std Stats: {'Max': np.float64(0.9999999965834805), 'Min': np.float64(0.0), 'Mean': np.float64(0.9991120696809016), 'Std': np.float64(0.029784712047008274)}
2024-11-09 17:06:14,615 - INFO - Top 10 Mean Stats: {'Max': np.float64(2.2842838731662595e-15), 'Min': np.float64(-5.25135490647699e-15), 'Mean': np.float64(-1.1526890553170686e-15), 'Std': np.float64(2.795590861559566e-15)}
2024-11-09 17:06:14,615 - INFO - Top 10 Std Stats: {'Max': np.float64(0.9999999965834805), 'Min': np.float64(0.9999999960024987), 'Mean': np.float64(0.9999999962291266), 'Std': np.float64(1.7184686498727114e-10)}
2024-11-09 17:06:14,616 - INFO - Bottom 10 Mean Stats: {'Max': np.float64(100.0), 'Min': np.float64(77.0), 'Mean': np.float64(83.9), 'Std': np.float64(8.018104514160438)}
2024-11-09 17:06:14,616 - INFO - Bottom 10 Std Stats: {'Max': np.float64(0.0), 'Min': np.float64(0.0), 'Mean': np.float64(0.0), 'Std': np.float64(0.0)}
