[I 2024-11-09 17:29:08,443] Trial 287 finished with value: 48.0 and parameters: {'x_0': 3, 'x_1': 1, 'x_2': 3, 'x_3': -2, 'x_4': 5}. Best is trial 162 with value: 9.0.
2024-11-09 17:29:13,452 - INFO - Candidate Mean Stats: {'Max': np.float64(107.0), 'Min': np.float64(-6.671330154972565e-14), 'Mean': np.float64(0.08966103904974201), 'Std': np.float64(2.2731456408811654)}
2024-11-09 17:29:13,453 - INFO - Candidate Std Stats: {'Max': np.float64(0.9999999968587725), 'Min': np.float64(0.0), 'Mean': np.float64(0.9982117355525453), 'Std': np.float64(0.04224991740437454)}
2024-11-09 17:29:13,479 - INFO - Top 10 Mean Stats: {'Max': np.float64(2.0261570199409107e-15), 'Min': np.float64(-4.2403580646777074e-15), 'Mean': np.float64(-1.2083736788959244e-15), 'Std': np.float64(1.808872571149822e-15)}
2024-11-09 17:29:13,479 - INFO - Top 10 Std Stats: {'Max': np.float64(0.9999999968587725), 'Min': np.float64(0.9999999965343648), 'Mean': np.float64(0.9999999966652628), 'Std': np.float64(1.1589181180820547e-10)}
2024-11-09 17:29:13,479 - INFO - Bottom 10 Mean Stats: {'Max': np.float64(107.0), 'Min': np.float64(88.0), 'Mean': np.float64(94.0), 'Std': np.float64(6.04979338490167)}
2024-11-09 17:29:13,479 - INFO - Bottom 10 Std Stats: {'Max': np.float64(0.0), 'Min': np.float64(0.0), 'Mean': np.float64(0.0), 'Std': np.float64(0.0)}
[I 2024-11-09 17:29:13,512] Trial 288 finished with value: 43.0 and parameters: {'x_0': 1, 'x_1': -4, 'x_2': 1, 'x_3': 0, 'x_4': 5}. Best is trial 162 with value: 9.0.
2024-11-09 17:29:19,852 - INFO - Candidate Mean Stats: {'Max': np.float64(107.0), 'Min': np.float64(-6.588063428125679e-14), 'Mean': np.float64(0.08992803521865744), 'Std': np.float64(2.2756590232997564)}
2024-11-09 17:29:19,852 - INFO - Candidate Std Stats: {'Max': np.float64(0.9999999970670608), 'Min': np.float64(0.0), 'Mean': np.float64(0.9982055260671938), 'Std': np.float64(0.04232307274933591)}
2024-11-09 17:29:19,875 - INFO - Top 10 Mean Stats: {'Max': np.float64(3.530509218307998e-15), 'Min': np.float64(-3.630429290524262e-15), 'Mean': np.float64(2.403632848313464e-16), 'Std': np.float64(2.062331610430757e-15)}
2024-11-09 17:29:19,875 - INFO - Top 10 Std Stats: {'Max': np.float64(0.9999999970670608), 'Min': np.float64(0.9999999968102765), 'Mean': np.float64(0.9999999969301635), 'Std': np.float64(8.508208975164571e-11)}
2024-11-09 17:29:19,876 - INFO - Bottom 10 Mean Stats: {'Max': np.float64(107.0), 'Min': np.float64(88.0), 'Mean': np.float64(94.0), 'Std': np.float64(6.04979338490167)}
2024-11-09 17:29:19,876 - INFO - Bottom 10 Std Stats: {'Max': np.float64(0.0), 'Min': np.float64(0.0), 'Mean': np.float64(0.0), 'Std': np.float64(0.0)}
[I 2024-11-09 17:29:19,909] Trial 289 finished with value: 24.0 and parameters: {'x_0': -2, 'x_1': -3, 'x_2': -1, 'x_3': 3, 'x_4': -1}. Best is trial 162 with value: 9.0.
2024-11-09 17:29:25,729 - INFO - Candidate Mean Stats: {'Max': np.float64(107.0), 'Min': np.float64(-5.028200078527334e-14), 'Mean': np.float64(0.09007705633619169), 'Std': np.float64(2.2764388137146394)}
2024-11-09 17:29:25,729 - INFO - Candidate Std Stats: {'Max': np.float64(0.9999999992292362), 'Min': np.float64(0.0), 'Mean': np.float64(0.9981993165062385), 'Std': np.float64(0.042396100950759574)}
2024-11-09 17:29:25,750 - INFO - Top 10 Mean Stats: {'Max': np.float64(1.2323475573339237e-15), 'Min': np.float64(-4.3298697960381104e-16), 'Mean': np.float64(2.0816681711721685e-16), 'Std': np.float64(4.436049579768758e-16)}
2024-11-09 17:29:25,750 - INFO - Top 10 Std Stats: {'Max': np.float64(0.9999999992292362), 'Min': np.float64(0.99999999887751), 'Mean': np.float64(0.9999999990092551), 'Std': np.float64(1.3153505868085967e-10)}
2024-11-09 17:29:25,751 - INFO - Bottom 10 Mean Stats: {'Max': np.float64(107.0), 'Min': np.float64(88.0), 'Mean': np.float64(94.0), 'Std': np.float64(6.04979338490167)}
2024-11-09 17:29:25,751 - INFO - Bottom 10 Std Stats: {'Max': np.float64(0.0), 'Min': np.float64(0.0), 'Mean': np.float64(0.0), 'Std': np.float64(0.0)}
[I 2024-11-09 17:29:25,780] Trial 290 finished with value: 50.0 and parameters: {'x_0': -2, 'x_1': 5, 'x_2': 4, 'x_3': 1, 'x_4': -2}. Best is trial 162 with value: 9.0.
2024-11-09 17:29:31,144 - INFO - Candidate Mean Stats: {'Max': np.float64(107.0), 'Min': np.float64(-5.215411436054751e-14), 'Mean': np.float64(0.09038751699772124), 'Std': np.float64(2.2798334760486725)}
2024-11-09 17:29:31,144 - INFO - Candidate Std Stats: {'Max': np.float64(0.999999996737646), 'Min': np.float64(0.0), 'Mean': np.float64(0.9981931075221349), 'Std': np.float64(0.04246900269226627)}
2024-11-09 17:29:31,175 - INFO - Top 10 Mean Stats: {'Max': np.float64(4.1661118999059e-15), 'Min': np.float64(-5.5871973714261006e-15), 'Mean': np.float64(-6.421252418675749e-16), 'Std': np.float64(3.042792122426095e-15)}
2024-11-09 17:29:31,175 - INFO - Top 10 Std Stats: {'Max': np.float64(0.999999996737646), 'Min': np.float64(0.9999999963962408), 'Mean': np.float64(0.9999999964927289), 'Std': np.float64(1.0000258308085247e-10)}
2024-11-09 17:29:31,176 - INFO - Bottom 10 Mean Stats: {'Max': np.float64(107.0), 'Min': np.float64(88.0), 'Mean': np.float64(94.0), 'Std': np.float64(6.04979338490167)}
2024-11-09 17:29:31,176 - INFO - Bottom 10 Std Stats: {'Max': np.float64(0.0), 'Min': np.float64(0.0), 'Mean': np.float64(0.0), 'Std': np.float64(0.0)}
[I 2024-11-09 17:29:31,208] Trial 291 finished with value: 44.0 and parameters: {'x_0': -2, 'x_1': 2, 'x_2': -2, 'x_3': -4, 'x_4': -4}. Best is trial 162 with value: 9.0.
2024-11-09 17:29:37,270 - INFO - Candidate Mean Stats: {'Max': np.float64(107.0), 'Min': np.float64(-5.772049505026189e-14), 'Mean': np.float64(0.09066072237986725), 'Std': np.float64(2.282457502774843)}
2024-11-09 17:29:37,271 - INFO - Candidate Std Stats: {'Max': np.float64(0.9999999968506597), 'Min': np.float64(0.0), 'Mean': np.float64(0.9981868983438422), 'Std': np.float64(0.042541778591371954)}
2024-11-09 17:29:37,295 - INFO - Top 10 Mean Stats: {'Max': np.float64(5.4622972811557705e-15), 'Min': np.float64(-2.042810365310288e-15), 'Mean': np.float64(7.860379014346109e-16), 'Std': np.float64(2.2532484344885416e-15)}
2024-11-09 17:29:37,296 - INFO - Top 10 Std Stats: {'Max': np.float64(0.9999999968506597), 'Min': np.float64(0.9999999962998508), 'Mean': np.float64(0.9999999964721994), 'Std': np.float64(2.0731379881110768e-10)}
2024-11-09 17:29:37,296 - INFO - Bottom 10 Mean Stats: {'Max': np.float64(107.0), 'Min': np.float64(88.0), 'Mean': np.float64(94.0), 'Std': np.float64(6.04979338490167)}
2024-11-09 17:29:37,296 - INFO - Bottom 10 Std Stats: {'Max': np.float64(0.0), 'Min': np.float64(0.0), 'Mean': np.float64(0.0), 'Std': np.float64(0.0)}
[I 2024-11-09 17:29:37,328] Trial 292 finished with value: 37.0 and parameters: {'x_0': -3, 'x_1': 1, 'x_2': 1, 'x_3': 5, 'x_4': 1}. Best is trial 162 with value: 9.0.
2024-11-09 17:29:42,006 - INFO - Candidate Mean Stats: {'Max': np.float64(107.0), 'Min': np.float64(-7.538414337204813e-14), 'Mean': np.float64(0.09089046326939915), 'Std': np.float64(2.284309732754069)}
2024-11-09 17:29:42,006 - INFO - Candidate Std Stats: {'Max': np.float64(0.9999999980032271), 'Min': np.float64(0.0), 'Mean': np.float64(0.9981806889868499), 'Std': np.float64(0.04261442929338491)}
2024-11-09 17:29:42,030 - INFO - Top 10 Mean Stats: {'Max': np.float64(3.141931159689193e-15), 'Min': np.float64(-2.8199664825478975e-15), 'Mean': np.float64(-5.498379529456086e-16), 'Std': np.float64(1.7507122549313091e-15)}
2024-11-09 17:29:42,030 - INFO - Top 10 Std Stats: {'Max': np.float64(0.9999999980032271), 'Min': np.float64(0.999999997184401), 'Mean': np.float64(0.9999999974712719), 'Std': np.float64(2.828043046009114e-10)}
2024-11-09 17:29:42,031 - INFO - Bottom 10 Mean Stats: {'Max': np.float64(107.0), 'Min': np.float64(88.0), 'Mean': np.float64(94.0), 'Std': np.float64(6.04979338490167)}
2024-11-09 17:29:42,031 - INFO - Bottom 10 Std Stats: {'Max': np.float64(0.0), 'Min': np.float64(0.0), 'Mean': np.float64(0.0), 'Std': np.float64(0.0)}
[I 2024-11-09 17:29:42,067] Trial 293 finished with value: 30.0 and parameters: {'x_0': 4, 'x_1': -2, 'x_2': 1, 'x_3': -3, 'x_4': 0}. Best is trial 162 with value: 9.0.
2024-11-09 17:29:49,351 - INFO - Candidate Mean Stats: {'Max': np.float64(107.0), 'Min': np.float64(-8.066602941170232e-14), 'Mean': np.float64(0.09107673966631685), 'Std': np.float64(2.285525180536758)}
2024-11-09 17:29:49,352 - INFO - Candidate Std Stats: {'Max': np.float64(0.9999999976405133), 'Min': np.float64(0.0), 'Mean': np.float64(0.9981744797902249), 'Std': np.float64(0.04268695545196174)}
2024-11-09 17:29:49,389 - INFO - Top 10 Mean Stats: {'Max': np.float64(4.307665335545607e-15), 'Min': np.float64(-2.3425705819590805e-15), 'Mean': np.float64(1.9428902930940167e-17), 'Std': np.float64(1.8992234046945518e-15)}
2024-11-09 17:29:49,389 - INFO - Top 10 Std Stats: {'Max': np.float64(0.9999999976405133), 'Min': np.float64(0.9999999970418006), 'Mean': np.float64(0.9999999971921024), 'Std': np.float64(1.6231264286996505e-10)}
2024-11-09 17:29:49,389 - INFO - Bottom 10 Mean Stats: {'Max': np.float64(107.0), 'Min': np.float64(88.0), 'Mean': np.float64(94.0), 'Std': np.float64(6.04979338490167)}
2024-11-09 17:29:49,389 - INFO - Bottom 10 Std Stats: {'Max': np.float64(0.0), 'Min': np.float64(0.0), 'Mean': np.float64(0.0), 'Std': np.float64(0.0)}
[I 2024-11-09 17:29:49,762] Trial 294 finished with value: 32.0 and parameters: {'x_0': -4, 'x_1': 0, 'x_2': 0, 'x_3': -4, 'x_4': 0}. Best is trial 162 with value: 9.0.
2024-11-09 17:29:58,434 - INFO - Candidate Mean Stats: {'Max': np.float64(107.0), 'Min': np.float64(-8.611444890505026e-14), 'Mean': np.float64(0.09127543448969584), 'Std': np.float64(2.2869078146664914)}
2024-11-09 17:29:58,435 - INFO - Candidate Std Stats: {'Max': np.float64(0.9999999967899609), 'Min': np.float64(0.0), 'Mean': np.float64(0.9981682703895257), 'Std': np.float64(0.04275935768529239)}
2024-11-09 17:29:58,458 - INFO - Top 10 Mean Stats: {'Max': np.float64(1.909583602355269e-15), 'Min': np.float64(-2.808864252301646e-15), 'Mean': np.float64(2.9698465908722935e-16), 'Std': np.float64(1.3967851065038847e-15)}
2024-11-09 17:29:58,459 - INFO - Top 10 Std Stats: {'Max': np.float64(0.9999999967899609), 'Min': np.float64(0.999999996550809), 'Mean': np.float64(0.9999999966744632), 'Std': np.float64(8.075367242059944e-11)}
2024-11-09 17:29:58,459 - INFO - Bottom 10 Mean Stats: {'Max': np.float64(107.0), 'Min': np.float64(88.0), 'Mean': np.float64(94.0), 'Std': np.float64(6.04979338490167)}
2024-11-09 17:29:58,459 - INFO - Bottom 10 Std Stats: {'Max': np.float64(0.0), 'Min': np.float64(0.0), 'Mean': np.float64(0.0), 'Std': np.float64(0.0)}
[I 2024-11-09 17:29:58,501] Trial 295 finished with value: 55.0 and parameters: {'x_0': -5, 'x_1': -2, 'x_2': -4, 'x_3': 3, 'x_4': 1}. Best is trial 162 with value: 9.0.
2024-11-09 17:30:03,247 - INFO - Candidate Mean Stats: {'Max': np.float64(107.0), 'Min': np.float64(-7.007727731433989e-14), 'Mean': np.float64(0.09161694121737834), 'Std': np.float64(2.290997111265848)}
2024-11-09 17:30:03,248 - INFO - Candidate Std Stats: {'Max': np.float64(0.9999999972038754), 'Min': np.float64(0.0), 'Mean': np.float64(0.9981620613076687), 'Std': np.float64(0.04283163664417317)}
2024-11-09 17:30:03,269 - INFO - Top 10 Mean Stats: {'Max': np.float64(3.3417713041217213e-15), 'Min': np.float64(-1.73749903353837e-15), 'Mean': np.float64(1.3533618670180658e-15), 'Std': np.float64(1.5988537599332324e-15)}
2024-11-09 17:30:03,269 - INFO - Top 10 Std Stats: {'Max': np.float64(0.9999999972038754), 'Min': np.float64(0.9999999968500798), 'Mean': np.float64(0.999999996985738), 'Std': np.float64(1.2192183583954307e-10)}
2024-11-09 17:30:03,269 - INFO - Bottom 10 Mean Stats: {'Max': np.float64(107.0), 'Min': np.float64(88.0), 'Mean': np.float64(94.0), 'Std': np.float64(6.04979338490167)}
2024-11-09 17:30:03,269 - INFO - Bottom 10 Std Stats: {'Max': np.float64(0.0), 'Min': np.float64(0.0), 'Mean': np.float64(0.0), 'Std': np.float64(0.0)}
[I 2024-11-09 17:30:03,291] Trial 296 finished with value: 46.0 and parameters: {'x_0': 4, 'x_1': 4, 'x_2': -1, 'x_3': 3, 'x_4': 2}. Best is trial 162 with value: 9.0.
2024-11-09 17:30:08,651 - INFO - Candidate Mean Stats: {'Max': np.float64(107.0), 'Min': np.float64(-5.453554274836847e-14), 'Mean': np.float64(0.09190256502598557), 'Std': np.float64(2.2938513555773543)}
2024-11-09 17:30:08,652 - INFO - Candidate Std Stats: {'Max': np.float64(0.9999999966849601), 'Min': np.float64(0.0), 'Mean': np.float64(0.9981558523397368), 'Std': np.float64(0.042903792942966916)}
2024-11-09 17:30:08,673 - INFO - Top 10 Mean Stats: {'Max': np.float64(2.1038726316646716e-15), 'Min': np.float64(-3.0586644328423063e-15), 'Mean': np.float64(-3.0129111011634176e-16), 'Std': np.float64(1.7078120526419518e-15)}
2024-11-09 17:30:08,673 - INFO - Top 10 Std Stats: {'Max': np.float64(0.9999999966849601), 'Min': np.float64(0.9999999962953526), 'Mean': np.float64(0.9999999964715863), 'Std': np.float64(1.2917135305056204e-10)}
2024-11-09 17:30:08,673 - INFO - Bottom 10 Mean Stats: {'Max': np.float64(107.0), 'Min': np.float64(88.0), 'Mean': np.float64(94.0), 'Std': np.float64(6.04979338490167)}
2024-11-09 17:30:08,673 - INFO - Bottom 10 Std Stats: {'Max': np.float64(0.0), 'Min': np.float64(0.0), 'Mean': np.float64(0.0), 'Std': np.float64(0.0)}
[I 2024-11-09 17:30:08,701] Trial 297 finished with value: 35.0 and parameters: {'x_0': 2, 'x_1': -3, 'x_2': -3, 'x_3': 2, 'x_4': -3}. Best is trial 162 with value: 9.0.
2024-11-09 17:30:12,724 - INFO - Candidate Mean Stats: {'Max': np.float64(107.0), 'Min': np.float64(-5.793143742494066e-14), 'Mean': np.float64(0.09211988748905628), 'Std': np.float64(2.2955000186187973)}
2024-11-09 17:30:12,724 - INFO - Candidate Std Stats: {'Max': np.float64(0.9999999975283025), 'Min': np.float64(0.0), 'Mean': np.float64(0.9981496426988116), 'Std': np.float64(0.042975827165679714)}
2024-11-09 17:30:12,745 - INFO - Top 10 Mean Stats: {'Max': np.float64(3.197442310920451e-15), 'Min': np.float64(-1.9984014443252818e-15), 'Mean': np.float64(5.195843755245732e-16), 'Std': np.float64(1.6241299286875654e-15)}
2024-11-09 17:30:12,745 - INFO - Top 10 Std Stats: {'Max': np.float64(0.9999999975283025), 'Min': np.float64(0.9999999969265239), 'Mean': np.float64(0.9999999971596569), 'Std': np.float64(2.1349664919491183e-10)}
2024-11-09 17:30:12,745 - INFO - Bottom 10 Mean Stats: {'Max': np.float64(107.0), 'Min': np.float64(88.0), 'Mean': np.float64(94.0), 'Std': np.float64(6.04979338490167)}
2024-11-09 17:30:12,745 - INFO - Bottom 10 Std Stats: {'Max': np.float64(0.0), 'Min': np.float64(0.0), 'Mean': np.float64(0.0), 'Std': np.float64(0.0)}
[I 2024-11-09 17:30:12,767] Trial 298 finished with value: 58.0 and parameters: {'x_0': -2, 'x_1': -3, 'x_2': 2, 'x_3': -5, 'x_4': -4}. Best is trial 162 with value: 9.0.
2024-11-09 17:30:19,208 - INFO - Candidate Mean Stats: {'Max': np.float64(107.0), 'Min': np.float64(-6.052935930256354e-14), 'Mean': np.float64(0.09248002185643056), 'Std': np.float64(2.3000307928406176)}
2024-11-09 17:30:19,209 - INFO - Candidate Std Stats: {'Max': np.float64(0.9999999970782728), 'Min': np.float64(0.0), 'Mean': np.float64(0.9981434339691223), 'Std': np.float64(0.043047739993175065)}
2024-11-09 17:30:19,233 - INFO - Top 10 Mean Stats: {'Max': np.float64(4.840572387365683e-15), 'Min': np.float64(-1.8762769116165144e-15), 'Mean': np.float64(1.4194201369832627e-15), 'Std': np.float64(2.1244706476516635e-15)}
2024-11-09 17:30:19,234 - INFO - Top 10 Std Stats: {'Max': np.float64(0.9999999970782728), 'Min': np.float64(0.9999999963948928), 'Mean': np.float64(0.9999999966248213), 'Std': np.float64(2.2577124379819575e-10)}
2024-11-09 17:30:19,234 - INFO - Bottom 10 Mean Stats: {'Max': np.float64(107.0), 'Min': np.float64(88.0), 'Mean': np.float64(94.0), 'Std': np.float64(6.04979338490167)}
2024-11-09 17:30:19,234 - INFO - Bottom 10 Std Stats: {'Max': np.float64(0.0), 'Min': np.float64(0.0), 'Mean': np.float64(0.0), 'Std': np.float64(0.0)}
[I 2024-11-09 17:30:19,293] Trial 299 finished with value: 63.0 and parameters: {'x_0': 2, 'x_1': 5, 'x_2': 0, 'x_3': -5, 'x_4': 3}. Best is trial 162 with value: 9.0.
2024-11-09 17:30:19,298 - INFO - Best value: 9.0
2024-11-09 17:30:19,302 - INFO - Best params: {'x_0': -2, 'x_1': 0, 'x_2': 2, 'x_3': 0, 'x_4': 1}
1 - INFO - Best value: 3.0
2024-11-09 17:25:11,687 - INFO - Best params: {'x_0': -1, 'x_1': -1, 'x_2': 0, 'x_3': 0, 'x_4': -1}
