[I 2024-11-09 17:09:14,075] Trial 159 finished with value: 43.0 and parameters: {'x_0': 1, 'x_1': 4, 'x_2': -1, 'x_3': 3, 'x_4': -4}. Best is trial 89 with value: 11.0.
2024-11-09 17:09:22,271 - INFO - Candidate Mean Stats: {'Max': np.float64(107.0), 'Min': np.float64(-7.177591854201637e-14), 'Mean': np.float64(0.05048711277793993), 'Std': np.float64(1.7170683610045663)}
2024-11-09 17:09:22,272 - INFO - Candidate Std Stats: {'Max': np.float64(0.999999996100485), 'Min': np.float64(0.0), 'Mean': np.float64(0.999006513893496), 'Std': np.float64(0.03150376330299271)}
2024-11-09 17:09:22,306 - INFO - Top 10 Mean Stats: {'Max': np.float64(3.0420110874729288e-15), 'Min': np.float64(-4.3298697960381105e-15), 'Mean': np.float64(-7.743805596760466e-16), 'Std': np.float64(2.4636262307183825e-15)}
2024-11-09 17:09:22,306 - INFO - Top 10 Std Stats: {'Max': np.float64(0.999999996100485), 'Min': np.float64(0.9999999957270194), 'Mean': np.float64(0.9999999958721189), 'Std': np.float64(1.1303548244198582e-10)}
2024-11-09 17:09:22,307 - INFO - Bottom 10 Mean Stats: {'Max': np.float64(107.0), 'Min': np.float64(85.0), 'Mean': np.float64(91.8), 'Std': np.float64(5.81033561853358)}
2024-11-09 17:09:22,307 - INFO - Bottom 10 Std Stats: {'Max': np.float64(0.0), 'Min': np.float64(0.0), 'Mean': np.float64(0.0), 'Std': np.float64(0.0)}
[I 2024-11-09 17:09:22,339] Trial 160 finished with value: 39.0 and parameters: {'x_0': 1, 'x_1': 4, 'x_2': 3, 'x_3': -2, 'x_4': 3}. Best is trial 89 with value: 11.0.
2024-11-09 17:09:31,299 - INFO - Candidate Mean Stats: {'Max': np.float64(107.0), 'Min': np.float64(-6.703526622686695e-14), 'Mean': np.float64(0.05072927209393296), 'Std': np.float64(1.7198091345251394)}
2024-11-09 17:09:31,300 - INFO - Candidate Std Stats: {'Max': np.float64(0.9999999969020015), 'Min': np.float64(0.0), 'Mean': np.float64(0.9990003049340697), 'Std': np.float64(0.031601961013528065)}
2024-11-09 17:09:31,333 - INFO - Top 10 Mean Stats: {'Max': np.float64(1.6431300764452318e-15), 'Min': np.float64(-2.264854970235319e-15), 'Mean': np.float64(-7.532863222081686e-16), 'Std': np.float64(1.2636904784402882e-15)}
2024-11-09 17:09:31,334 - INFO - Top 10 Std Stats: {'Max': np.float64(0.9999999969020015), 'Min': np.float64(0.9999999965149186), 'Mean': np.float64(0.9999999966887495), 'Std': np.float64(1.2352512780228475e-10)}
2024-11-09 17:09:31,334 - INFO - Bottom 10 Mean Stats: {'Max': np.float64(107.0), 'Min': np.float64(85.0), 'Mean': np.float64(91.8), 'Std': np.float64(5.81033561853358)}
2024-11-09 17:09:31,334 - INFO - Bottom 10 Std Stats: {'Max': np.float64(0.0), 'Min': np.float64(0.0), 'Mean': np.float64(0.0), 'Std': np.float64(0.0)}
[I 2024-11-09 17:09:31,364] Trial 161 finished with value: 30.0 and parameters: {'x_0': -2, 'x_1': -4, 'x_2': -3, 'x_3': 0, 'x_4': -1}. Best is trial 89 with value: 11.0.
2024-11-09 17:09:40,941 - INFO - Candidate Mean Stats: {'Max': np.float64(107.0), 'Min': np.float64(-6.956657472301231e-14), 'Mean': np.float64(0.05091554849085073), 'Std': np.float64(1.721427552083647)}
2024-11-09 17:09:40,943 - INFO - Candidate Std Stats: {'Max': np.float64(0.9999999969122705), 'Min': np.float64(0.0), 'Mean': np.float64(0.9989940954618353), 'Std': np.float64(0.03169985330275346)}
2024-11-09 17:09:40,969 - INFO - Top 10 Mean Stats: {'Max': np.float64(3.2800151483769468e-15), 'Min': np.float64(-2.65898414397725e-15), 'Mean': np.float64(6.098268591492318e-16), 'Std': np.float64(2.2197579421944284e-15)}
2024-11-09 17:09:40,969 - INFO - Top 10 Std Stats: {'Max': np.float64(0.9999999969122705), 'Min': np.float64(0.999999996226966), 'Mean': np.float64(0.9999999964679201), 'Std': np.float64(2.3370780886483645e-10)}
2024-11-09 17:09:40,969 - INFO - Bottom 10 Mean Stats: {'Max': np.float64(107.0), 'Min': np.float64(85.0), 'Mean': np.float64(91.8), 'Std': np.float64(5.81033561853358)}
2024-11-09 17:09:40,969 - INFO - Bottom 10 Std Stats: {'Max': np.float64(0.0), 'Min': np.float64(0.0), 'Mean': np.float64(0.0), 'Std': np.float64(0.0)}
[I 2024-11-09 17:09:41,000] Trial 162 finished with value: 9.0 and parameters: {'x_0': -2, 'x_1': 0, 'x_2': 2, 'x_3': 0, 'x_4': 1}. Best is trial 162 with value: 9.0.
2024-11-09 17:09:51,487 - INFO - Candidate Mean Stats: {'Max': np.float64(107.0), 'Min': np.float64(-5.903333377688114e-14), 'Mean': np.float64(0.050971431409926035), 'Std': np.float64(1.7215719763061093)}
2024-11-09 17:09:51,488 - INFO - Candidate Std Stats: {'Max': np.float64(0.9999999968438952), 'Min': np.float64(0.0), 'Mean': np.float64(0.9989878863898464), 'Std': np.float64(0.03179744302026064)}
2024-11-09 17:09:51,519 - INFO - Top 10 Mean Stats: {'Max': np.float64(6.136757768615553e-15), 'Min': np.float64(-2.8976820942716587e-15), 'Mean': np.float64(1.3223623585023602e-15), 'Std': np.float64(2.7395423181695882e-15)}
2024-11-09 17:09:51,520 - INFO - Top 10 Std Stats: {'Max': np.float64(0.9999999968438952), 'Min': np.float64(0.9999999963884444), 'Mean': np.float64(0.9999999965585753), 'Std': np.float64(1.4410725599971762e-10)}
2024-11-09 17:09:51,520 - INFO - Bottom 10 Mean Stats: {'Max': np.float64(107.0), 'Min': np.float64(85.0), 'Mean': np.float64(91.8), 'Std': np.float64(5.81033561853358)}
2024-11-09 17:09:51,520 - INFO - Bottom 10 Std Stats: {'Max': np.float64(0.0), 'Min': np.float64(0.0), 'Mean': np.float64(0.0), 'Std': np.float64(0.0)}
[I 2024-11-09 17:09:51,550] Trial 163 finished with value: 67.0 and parameters: {'x_0': -3, 'x_1': 4, 'x_2': -5, 'x_3': -1, 'x_4': -4}. Best is trial 162 with value: 9.0.
2024-11-09 17:10:01,917 - INFO - Candidate Mean Stats: {'Max': np.float64(107.0), 'Min': np.float64(-6.141753772226366e-14), 'Mean': np.float64(0.0513874486963757), 'Std': np.float64(1.729635986192211)}
2024-11-09 17:10:01,919 - INFO - Candidate Std Stats: {'Max': np.float64(0.9999999968622681), 'Min': np.float64(0.0), 'Mean': np.float64(0.9989816776413801), 'Std': np.float64(0.031894732941209786)}
2024-11-09 17:10:01,952 - INFO - Top 10 Mean Stats: {'Max': np.float64(1.6209256159527285e-15), 'Min': np.float64(-2.1260770921571746e-15), 'Mean': np.float64(-9.992007221626373e-18), 'Std': np.float64(1.0444059833932137e-15)}
2024-11-09 17:10:01,952 - INFO - Top 10 Std Stats: {'Max': np.float64(0.9999999968622681), 'Min': np.float64(0.9999999965365318), 'Mean': np.float64(0.9999999967181015), 'Std': np.float64(8.550620809007761e-11)}
2024-11-09 17:10:01,952 - INFO - Bottom 10 Mean Stats: {'Max': np.float64(107.0), 'Min': np.float64(85.0), 'Mean': np.float64(91.8), 'Std': np.float64(5.81033561853358)}
2024-11-09 17:10:01,952 - INFO - Bottom 10 Std Stats: {'Max': np.float64(0.0), 'Min': np.float64(0.0), 'Mean': np.float64(0.0), 'Std': np.float64(0.0)}
[I 2024-11-09 17:10:01,983] Trial 164 finished with value: 61.0 and parameters: {'x_0': -1, 'x_1': -5, 'x_2': -5, 'x_3': 3, 'x_4': -1}. Best is trial 162 with value: 9.0.
2024-11-09 17:10:10,296 - INFO - Candidate Mean Stats: {'Max': np.float64(107.0), 'Min': np.float64(-6.096234628216735e-14), 'Mean': np.float64(0.051766210703441756), 'Std': np.float64(1.7362908905120313)}
2024-11-09 17:10:10,296 - INFO - Candidate Std Stats: {'Max': np.float64(0.9999999966669275), 'Min': np.float64(0.0), 'Mean': np.float64(0.9989754684171952), 'Std': np.float64(0.031991725775324865)}
2024-11-09 17:10:10,318 - INFO - Top 10 Mean Stats: {'Max': np.float64(2.338407245616736e-15), 'Min': np.float64(-3.902433931557425e-15), 'Mean': np.float64(-2.847722058163527e-16), 'Std': np.float64(2.1365777888440672e-15)}
2024-11-09 17:10:10,318 - INFO - Top 10 Std Stats: {'Max': np.float64(0.9999999966669275), 'Min': np.float64(0.9999999963755709), 'Mean': np.float64(0.9999999964744545), 'Std': np.float64(8.507211781920084e-11)}
2024-11-09 17:10:10,319 - INFO - Bottom 10 Mean Stats: {'Max': np.float64(107.0), 'Min': np.float64(85.0), 'Mean': np.float64(91.8), 'Std': np.float64(5.81033561853358)}
2024-11-09 17:10:10,319 - INFO - Bottom 10 Std Stats: {'Max': np.float64(0.0), 'Min': np.float64(0.0), 'Mean': np.float64(0.0), 'Std': np.float64(0.0)}
[I 2024-11-09 17:10:10,350] Trial 165 finished with value: 52.0 and parameters: {'x_0': -3, 'x_1': -5, 'x_2': 4, 'x_3': 1, 'x_4': -1}. Best is trial 162 with value: 9.0.
2024-11-09 17:10:18,890 - INFO - Candidate Mean Stats: {'Max': np.float64(107.0), 'Min': np.float64(-9.159339953157541e-14), 'Mean': np.float64(0.052089089791432494), 'Std': np.float64(1.7411094843075998)}
2024-11-09 17:10:18,891 - INFO - Candidate Std Stats: {'Max': np.float64(0.9999999965323975), 'Min': np.float64(0.0), 'Mean': np.float64(0.9989692589843433), 'Std': np.float64(0.03208842422489752)}
2024-11-09 17:10:18,912 - INFO - Top 10 Mean Stats: {'Max': np.float64(2.123301534595612e-15), 'Min': np.float64(-4.7795101210112986e-15), 'Mean': np.float64(-7.803480084334069e-16), 'Std': np.float64(2.021764982437994e-15)}
2024-11-09 17:10:18,912 - INFO - Top 10 Std Stats: {'Max': np.float64(0.9999999965323975), 'Min': np.float64(0.9999999960460608), 'Mean': np.float64(0.999999996285281), 'Std': np.float64(1.8388945579919893e-10)}
2024-11-09 17:10:18,912 - INFO - Bottom 10 Mean Stats: {'Max': np.float64(107.0), 'Min': np.float64(85.0), 'Mean': np.float64(91.8), 'Std': np.float64(5.81033561853358)}
2024-11-09 17:10:18,913 - INFO - Bottom 10 Std Stats: {'Max': np.float64(0.0), 'Min': np.float64(0.0), 'Mean': np.float64(0.0), 'Std': np.float64(0.0)}
[I 2024-11-09 17:10:18,943] Trial 166 finished with value: 21.0 and parameters: {'x_0': 1, 'x_1': 4, 'x_2': 0, 'x_3': -2, 'x_4': 0}. Best is trial 162 with value: 9.0.
2024-11-09 17:10:28,275 - INFO - Candidate Mean Stats: {'Max': np.float64(107.0), 'Min': np.float64(-5.502542865798432e-14), 'Mean': np.float64(0.052219483269274954), 'Std': np.float64(1.7418917584692097)}
2024-11-09 17:10:28,276 - INFO - Candidate Std Stats: {'Max': np.float64(0.9999999970414223), 'Min': np.float64(0.0), 'Mean': np.float64(0.9989630499065588), 'Std': np.float64(0.03218483096138065)}
2024-11-09 17:10:28,304 - INFO - Top 10 Mean Stats: {'Max': np.float64(3.730349362740526e-15), 'Min': np.float64(-1.2878587085651815e-15), 'Mean': np.float64(1.1529666110732252e-15), 'Std': np.float64(1.429961329630936e-15)}
2024-11-09 17:10:28,305 - INFO - Top 10 Std Stats: {'Max': np.float64(0.9999999970414223), 'Min': np.float64(0.9999999966788314), 'Mean': np.float64(0.999999996807866), 'Std': np.float64(1.0663040429779573e-10)}
2024-11-09 17:10:28,305 - INFO - Bottom 10 Mean Stats: {'Max': np.float64(107.0), 'Min': np.float64(85.0), 'Mean': np.float64(91.8), 'Std': np.float64(5.81033561853358)}
2024-11-09 17:10:28,305 - INFO - Bottom 10 Std Stats: {'Max': np.float64(0.0), 'Min': np.float64(0.0), 'Mean': np.float64(0.0), 'Std': np.float64(0.0)}
[I 2024-11-09 17:10:28,331] Trial 167 finished with value: 23.0 and parameters: {'x_0': 1, 'x_1': 3, 'x_2': 0, 'x_3': -3, 'x_4': 2}. Best is trial 162 with value: 9.0.
2024-11-09 17:10:36,961 - INFO - Candidate Mean Stats: {'Max': np.float64(107.0), 'Min': np.float64(-6.010747455320597e-14), 'Mean': np.float64(0.05236229517357858), 'Std': np.float64(1.7428300652958122)}
2024-11-09 17:10:36,962 - INFO - Candidate Std Stats: {'Max': np.float64(0.999999997102892), 'Min': np.float64(0.0), 'Mean': np.float64(0.9989568406394673), 'Std': np.float64(0.03228094858098289)}
2024-11-09 17:10:36,993 - INFO - Top 10 Mean Stats: {'Max': np.float64(3.418446081759896e-15), 'Min': np.float64(-2.3980817331903383e-15), 'Mean': np.float64(4.0193542938382613e-16), 'Std': np.float64(1.7081088348892156e-15)}
2024-11-09 17:10:36,993 - INFO - Top 10 Std Stats: {'Max': np.float64(0.999999997102892), 'Min': np.float64(0.9999999965694348), 'Mean': np.float64(0.9999999967349507), 'Std': np.float64(1.7754598503382817e-10)}
2024-11-09 17:10:36,993 - INFO - Bottom 10 Mean Stats: {'Max': np.float64(107.0), 'Min': np.float64(85.0), 'Mean': np.float64(91.8), 'Std': np.float64(5.81033561853358)}
2024-11-09 17:10:36,993 - INFO - Bottom 10 Std Stats: {'Max': np.float64(0.0), 'Min': np.float64(0.0), 'Mean': np.float64(0.0), 'Std': np.float64(0.0)}
[I 2024-11-09 17:10:37,022] Trial 168 finished with value: 68.0 and parameters: {'x_0': -4, 'x_1': -4, 'x_2': 4, 'x_3': -4, 'x_4': -2}. Best is trial 162 with value: 9.0.
2024-11-09 17:10:47,529 - INFO - Candidate Mean Stats: {'Max': np.float64(107.0), 'Min': np.float64(-5.700995231450179e-14), 'Mean': np.float64(0.05278452167325879), 'Std': np.float64(1.751035020410737)}
2024-11-09 17:10:47,530 - INFO - Candidate Std Stats: {'Max': np.float64(0.9999999966327523), 'Min': np.float64(0.0), 'Mean': np.float64(0.9989506317055405), 'Std': np.float64(0.03237677967545097)}
2024-11-09 17:10:47,554 - INFO - Top 10 Mean Stats: {'Max': np.float64(4.794081798209504e-15), 'Min': np.float64(-4.04121180963557e-15), 'Mean': np.float64(-4.993921942642032e-16), 'Std': np.float64(2.4878861205900965e-15)}
2024-11-09 17:10:47,554 - INFO - Top 10 Std Stats: {'Max': np.float64(0.9999999966327523), 'Min': np.float64(0.9999999960277884), 'Mean': np.float64(0.9999999962125656), 'Std': np.float64(1.721033373616647e-10)}
2024-11-09 17:10:47,554 - INFO - Bottom 10 Mean Stats: {'Max': np.float64(107.0), 'Min': np.float64(85.0), 'Mean': np.float64(91.8), 'Std': np.float64(5.81033561853358)}
2024-11-09 17:10:47,554 - INFO - Bottom 10 Std Stats: {'Max': np.float64(0.0), 'Min': np.float64(0.0), 'Mean': np.float64(0.0), 'Std': np.float64(0.0)}
[I 2024-11-09 17:10:47,580] Trial 169 finished with value: 54.0 and parameters: {'x_0': -2, 'x_1': 5, 'x_2': 0, 'x_3': 3, 'x_4': 4}. Best is trial 162 with value: 9.0.
2024-11-09 17:10:58,212 - INFO - Candidate Mean Stats: {'Max': np.float64(107.0), 'Min': np.float64(-6.726841306203823e-14), 'Mean': np.float64(0.05311981918771073), 'Std': np.float64(1.7561874043002856)}
2024-11-09 17:10:58,213 - INFO - Candidate Std Stats: {'Max': np.float64(0.9999999972880481), 'Min': np.float64(0.0), 'Mean': np.float64(0.9989444222192863), 'Std': np.float64(0.03247232675293803)}
2024-11-09 17:10:58,251 - INFO - Top 10 Mean Stats: {'Max': np.float64(1.298960938811433e-15), 'Min': np.float64(-2.2870594307278226e-15), 'Mean': np.float64(-7.531475443300906e-16), 'Std': np.float64(1.0852373365393928e-15)}
2024-11-09 17:10:58,251 - INFO - Top 10 Std Stats: {'Max': np.float64(0.9999999972880481), 'Min': np.float64(0.9999999968280183), 'Mean': np.float64(0.9999999970321879), 'Std': np.float64(1.304573374221885e-10)}
2024-11-09 17:10:58,252 - INFO - Bottom 10 Mean Stats: {'Max': np.float64(107.0), 'Min': np.float64(85.0), 'Mean': np.float64(91.8), 'Std': np.float64(5.81033561853358)}
2024-11-09 17:10:58,252 - INFO - Bottom 10 Std Stats: {'Max': np.float64(0.0), 'Min': np.float64(0.0), 'Mean': np.float64(0.0), 'Std': np.float64(0.0)}
[I 2024-11-09 17:10:58,283] Trial 170 finished with value: 50.0 and parameters: {'x_0': 0, 'x_1': -3, 'x_2': 4, 'x_3': 3, 'x_4': -4}. Best is trial 162 with value: 9.0.
2024-11-09 17:11:09,432 - INFO - Candidate Mean Stats: {'Max': np.float64(107.0), 'Min': np.float64(-6.112332862073799e-14), 'Mean': np.float64(0.05343027984924033), 'Std': np.float64(1.7605919892142023)}
2024-11-09 17:11:09,433 - INFO - Candidate Std Stats: {'Max': np.float64(0.9999999985357425), 'Min': np.float64(0.0), 'Mean': np.float64(0.9989382127609545), 'Std': np.float64(0.03256759233179987)}
2024-11-09 17:11:09,462 - INFO - Top 10 Mean Stats: {'Max': np.float64(1.4876988529977098e-15), 'Min': np.float64(-1.892930256985892e-15), 'Mean': np.float64(-2.511879593214416e-16), 'Std': np.float64(9.085593827580023e-16)}
2024-11-09 17:11:09,462 - INFO - Top 10 Std Stats: {'Max': np.float64(0.9999999985357425), 'Min': np.float64(0.9999999981515507), 'Mean': np.float64(0.9999999983393357), 'Std': np.float64(1.2643919493680553e-10)}
2024-11-09 17:11:09,463 - INFO - Bottom 10 Mean Stats: {'Max': np.float64(107.0), 'Min': np.float64(85.0), 'Mean': np.float64(91.8), 'Std': np.float64(5.81033561853358)}
2024-11-09 17:11:09,463 - INFO - Bottom 10 Std Stats: {'Max': np.float64(0.0), 'Min': np.float64(0.0), 'Mean': np.float64(0.0), 'Std': np.float64(0.0)}
[I 2024-11-09 17:11:09,494] Trial 171 finished with value: 82.0 and parameters: {'x_0': 4, 'x_1': -5, 'x_2': 4, 'x_3': 3, 'x_4': -4}. Best is trial 162 with value: 9.0.
2024-11-09 17:11:20,215 - INFO - Candidate Mean Stats: {'Max': np.float64(107.0), 'Min': np.float64(-5.0659476613645894e-14), 'Mean': np.float64(0.05393943533414884), 'Std': np.float64(1.772393927536517)}
2024-11-09 17:11:20,215 - INFO - Candidate Std Stats: {'Max': np.float64(0.999999996589566), 'Min': np.float64(0.0), 'Mean': np.float64(0.9989320035602471), 'Std': np.float64(0.032662578882669005)}
2024-11-09 17:11:20,248 - INFO - Top 10 Mean Stats: {'Max': np.float64(2.7089441800853818e-15), 'Min': np.float64(-4.6726511548911274e-15), 'Mean': np.float64(-8.859579736508749e-16), 'Std': np.float64(2.0511105780096643e-15)}
2024-11-09 17:11:20,248 - INFO - Top 10 Std Stats: {'Max': np.float64(0.999999996589566), 'Min': np.float64(0.9999999961101619), 'Mean': np.float64(0.9999999962430894), 'Std': np.float64(1.5192789356874776e-10)}
2024-11-09 17:11:20,248 - INFO - Bottom 10 Mean Stats: {'Max': np.float64(107.0), 'Min': np.float64(85.0), 'Mean': np.float64(91.8), 'Std': np.float64(5.81033561853358)}
2024-11-09 17:11:20,248 - INFO - Bottom 10 Std Stats: {'Max': np.float64(0.0), 'Min': np.float64(0.0), 'Mean': np.float64(0.0), 'Std': np.float64(0.0)}
[I 2024-11-09 17:11:20,276] Trial 172 finished with value: 37.0 and parameters: {'x_0': -4, 'x_1': 4, 'x_2': 0, 'x_3': 1, 'x_4': 2}. Best is trial 162 with value: 9.0.
2024-11-09 17:11:28,304 - INFO - Candidate Mean Stats: {'Max': np.float64(107.0), 'Min': np.float64(-6.072919944699606e-14), 'Mean': np.float64(0.05416917622368068), 'Std': np.float64(1.774783313622374)}
2024-11-09 17:11:28,305 - INFO - Candidate Std Stats: {'Max': np.float64(0.9999999972319716), 'Min': np.float64(0.0), 'Mean': np.float64(0.9989257949504406), 'Std': np.float64(0.03275728884391957)}
2024-11-09 17:11:28,343 - INFO - Top 10 Mean Stats: {'Max': np.float64(3.247402347028583e-15), 'Min': np.float64(-3.7636560534792805e-15), 'Mean': np.float64(2.5729418595688016e-16), 'Std': np.float64(2.50258037873526e-15)}
2024-11-09 17:11:28,343 - INFO - Top 10 Std Stats: {'Max': np.float64(0.9999999972319716), 'Min': np.float64(0.9999999966273158), 'Mean': np.float64(0.9999999968679368), 'Std': np.float64(2.1679629926049777e-10)}
2024-11-09 17:11:28,344 - INFO - Bottom 10 Mean Stats: {'Max': np.float64(107.0), 'Min': np.float64(85.0), 'Mean': np.float64(91.8), 'Std': np.float64(5.81033561853358)}
2024-11-09 17:11:28,344 - INFO - Bottom 10 Std Stats: {'Max': np.float64(0.0), 'Min': np.float64(0.0), 'Mean': np.float64(0.0), 'Std': np.float64(0.0)}
[I 2024-11-09 17:11:28,374] Trial 173 finished with value: 32.0 and parameters: {'x_0': 1, 'x_1': -2, 'x_2': 1, 'x_3': 5, 'x_4': 1}. Best is trial 162 with value: 9.0.
2024-11-09 17:11:37,618 - INFO - Candidate Mean Stats: {'Max': np.float64(107.0), 'Min': np.float64(-7.259748358023898e-14), 'Mean': np.float64(0.05436787104705965), 'Std': np.float64(1.776567611691461)}
2024-11-09 17:11:37,620 - INFO - Candidate Std Stats: {'Max': np.float64(0.9999999983703439), 'Min': np.float64(0.0), 'Mean': np.float64(0.9989195849059452), 'Std': np.float64(0.03285172454145489)}
2024-11-09 17:11:37,648 - INFO - Top 10 Mean Stats: {'Max': np.float64(2.2870594307278226e-15), 'Min': np.float64(-1.2462253451417382e-15), 'Mean': np.float64(2.656208586415687e-16), 'Std': np.float64(1.0311023007486993e-15)}
2024-11-09 17:11:37,648 - INFO - Top 10 Std Stats: {'Max': np.float64(0.9999999983703439), 'Min': np.float64(0.9999999981521913), 'Mean': np.float64(0.9999999982373607), 'Std': np.float64(7.453604536162994e-11)}
2024-11-09 17:11:37,648 - INFO - Bottom 10 Mean Stats: {'Max': np.float64(107.0), 'Min': np.float64(85.0), 'Mean': np.float64(91.8), 'Std': np.float64(5.81033561853358)}
2024-11-09 17:11:37,648 - INFO - Bottom 10 Std Stats: {'Max': np.float64(0.0), 'Min': np.float64(0.0), 'Mean': np.float64(0.0), 'Std': np.float64(0.0)}
[I 2024-11-09 17:11:37,679] Trial 174 finished with value: 86.0 and parameters: {'x_0': 2, 'x_1': -5, 'x_2': 4, 'x_3': 5, 'x_4': 4}. Best is trial 162 with value: 9.0.
2024-11-09 17:11:48,208 - INFO - Candidate Mean Stats: {'Max': np.float64(107.0), 'Min': np.float64(-5.976330541557217e-14), 'Mean': np.float64(0.054901863384890476), 'Std': np.float64(1.7894293701522883)}
2024-11-09 17:11:48,209 - INFO - Candidate Std Stats: {'Max': np.float64(0.99999999644299), 'Min': np.float64(0.0), 'Mean': np.float64(0.9989133759960868), 'Std': np.float64(0.032945888417643135)}
2024-11-09 17:11:48,239 - INFO - Top 10 Mean Stats: {'Max': np.float64(3.0642155479654322e-15), 'Min': np.float64(-4.263256414560601e-15), 'Mean': np.float64(1.7041923427996162e-16), 'Std': np.float64(2.2734944901028976e-15)}
2024-11-09 17:11:48,239 - INFO - Top 10 Std Stats: {'Max': np.float64(0.99999999644299), 'Min': np.float64(0.9999999961956818), 'Mean': np.float64(0.9999999963338014), 'Std': np.float64(8.320434533155476e-11)}
2024-11-09 17:11:48,239 - INFO - Bottom 10 Mean Stats: {'Max': np.float64(107.0), 'Min': np.float64(86.0), 'Mean': np.float64(91.9), 'Std': np.float64(5.699999999999999)}
2024-11-09 17:11:48,239 - INFO - Bottom 10 Std Stats: {'Max': np.float64(0.0), 'Min': np.float64(0.0), 'Mean': np.float64(0.0), 'Std': np.float64(0.0)}
