[I 2024-11-09 16:58:12,240] Trial 91 finished with value: 51.0 and parameters: {'x_0': -3, 'x_1': -2, 'x_2': -5, 'x_3': 3, 'x_4': -2}. Best is trial 59 with value: 8.0.
2024-11-09 16:58:19,087 - INFO - Candidate Mean Stats: {'Max': np.float64(92.0), 'Min': np.float64(-7.4495964952348e-14), 'Mean': np.float64(0.0282208741330382024-11-09 16:58:19,822 - INFO - Candidate Mean Stats: {'Max': np.float64(91.0), 'Min': np.float64(-6.479261571712414e-14), 'Mean': np.float64(0.027668254155515944), 'Std': np.float64(1.2407726377324122)}
2024-11-09 16:58:19,822 - INFO - Candidate Std Stats: {'Max': np.float64(0.9999999963843652), 'Min': np.float64(0.0), 'Mean': np.float64(0.9994287394219561), 'Std': np.float64(0.02389395903919197)}
2024-11-09 16:58:19,846 - INFO - Top 10 Mean Stats: {'Max': np.float64(1.6014967130217884e-15), 'Min': np.float64(-4.485301019485632e-15), 'Mean': np.float64(-2.985112157460889e-16), 'Std': np.float64(1.8223646479365216e-15)}
2024-11-09 16:58:19,846 - INFO - Top 10 Std Stats: {'Max': np.float64(0.9999999963843652), 'Min': np.float64(0.9999999960367776), 'Mean': np.float64(0.9999999961733754), 'Std': np.float64(9.962476317636436e-11)}
2024-11-09 16:58:19,846 - INFO - Bottom 10 Mean Stats: {'Max': np.float64(91.0), 'Min': np.float64(74.0), 'Mean': np.float64(81.7), 'Std': np.float64(6.2777384462878025)}
2024-11-09 16:58:19,846 - INFO - Bottom 10 Std Stats: {'Max': np.float64(0.0), 'Min': np.float64(0.0), 'Mean': np.float64(0.0), 'Std': np.float64(0.0)}
[I 20242024-11-09 16:58:24,339 - INFO - Candidate Mean Stats: {'Max': np.float64(92.0), 'Min': np.float64(-7.52509166090931e-14), 'Mean': np.float64(0.0285313347945682),2024-11-09 16:58:27,428 - INFO - Candidate Mean Stats: {'Max': np.float64(91.0), 'Min': np.float64(-4.89164264649844e-14), 'Mean': np.float64(0.02805943458904321), 'Std': np.float64(1.2506555506118475)}
2024-11-09 16:58:27,429 - INFO - Candidate Std Stats: {'Max': np.float64(0.999999996455454), 'Min': np.float64(0.0), 'Mean': np.float64(0.9994225298397632), 'Std': np.float64(0.02402339190579145)}
2024-11-09 16:58:27,456 - INFO - Top 10 Mean Stats: {'Max': np.float64(1.4654943925052066e-15), 'Min': np.float64(-1.2351231148954867e-15), 'Mean': np.float64(7.716050021144834e-17), 'Std': np.float64(7.731537664023943e-16)}
2024-11-09 16:58:27,456 - INFO - Top 10 Std Stats: {'Max': np.float64(0.999999996455454), 'Min': np.float64(0.9999999956008018), 'Mean': np.float64(0.9999999958829233), 'Std': np.float64(2.5296379439690667e-10)}
2024-11-09 16:58:27,456 - INFO - Bottom 10 Mean Stats: {'Max': np.float64(91.0), 'Min': np.float64(74.0), 'Mean': np.float64(81.7), 'Std': np.float64(6.2777384462878025)}
2024-11-09 16:58:27,456 - INFO - Bottom 10 Std Stats: {'Max': np.float64(0.0), 'Min': np.float64(0.0), 'Mean': np.float64(0.0), 'Std': np.float64(0.0)}
[I 20242024-11-09 16:58:32,408 - INFO - Candidate Mean Stats: {'Max': np.float64(92.0), 'Min': np.float64(-6.302736110797014e-14), 'Mean': np.float64(0.02881695860312024-11-09 16:58:36,475 - INFO - Candidate Mean Stats: {'Max': np.float64(91.0), 'Min': np.float64(-5.306866057708248e-14), 'Mean': np.float64(0.028425778169648114), 'Std': np.float64(1.2592588631956574)}
2024-11-09 16:58:36,476 - INFO - Candidate Std Stats: {'Max': np.float64(0.9999999979822335), 'Min': np.float64(0.0), 'Mean': np.float64(0.9994163210830856), 'Std': np.float64(0.02415212956651522)}
2024-11-09 16:58:36,516 - INFO - Top 10 Mean Stats: {'Max': np.float64(7.438494264988549e-16), 'Min': np.float64(-5.384581669432009e-16), 'Mean': np.float64(8.389122729823839e-17), 'Std': np.float64(4.62528622619127e-16)}
2024-11-09 16:58:36,516 - INFO - Top 10 Std Stats: {'Max': np.float64(0.9999999979822335), 'Min': np.float64(0.9999999976945216), 'Mean': np.float64(0.9999999978141988), 'Std': np.float64(9.161438401092795e-11)}
2024-11-09 16:58:36,516 - INFO - Bottom 10 Mean Stats: {'Max': np.float64(91.0), 'Min': np.float64(74.0), 'Mean': np.float64(81.7), 'Std': np.float64(6.2777384462878025)}
2024-11-09 16:58:36,516 - INFO - Bottom 10 Std Stats: {'Max': np.float64(0.0), 'Min': np.float64(0.0), 'Mean': np.float64(0.0), 'Std': np.float64(0.0)}
[I 2024-11-02024-11-09 16:58:40,195 - INFO - Candidate Mean Stats: {'Max': np.float64(92.0), 'Min': np.float64(-5.119377144424675e-14), 'Mean': np.float64(0.02929506802024-11-09 16:58:46,966 - INFO - Candidate Mean Stats: {'Max': np.float64(91.0), 'Min': np.float64(-6.572520305780927e-14), 'Mean': np.float64(0.028636891419488247), 'Std': np.float64(1.2621009026008032)}
2024-11-09 16:58:46,967 - INFO - Candidate Std Stats: {'Max': np.float64(0.9999999961144469), 'Min': np.float64(0.0), 'Mean': np.float64(0.99941011182857), 'Std': np.float64(0.024280183048148295)}
2024-11-09 16:58:46,988 - INFO - Top 10 Mean Stats: {'Max': np.float64(2.836619827917275e-15), 'Min': np.float64(-1.9317880628477722e-15), 'Mean': np.float64(4.827388488948259e-16), 'Std': np.float64(1.4282390588252523e-15)}
2024-11-09 16:58:46,989 - INFO - Top 10 Std Stats: {'Max': np.float64(0.9999999961144469), 'Min': np.float64(0.999999995681797), 'Mean': np.float64(0.9999999958415824), 'Std': np.float64(1.3928268999780931e-10)}
2024-11-09 16:58:46,989 - INFO - Bottom 10 Mean Stats: {'Max': np.float64(91.0), 'Min': np.float64(74.0), 'Mean': np.float64(81.7), 'Std': np.float64(6.2777384462878025)}
2024-11-09 16:58:46,989 - INFO - Bottom 10 Std Stats: {'Max': np.float64(0.0), 'Min': np.float64(0.0), 'Mean': np.float64(0.0), 'Std': np.float64(0.0)}
[I 2024-11-092024-11-09 16:58:47,809 - INFO - Candidate Mean Stats: {'Max': np.float64(92.0), 'Min': np.float64(-6.302736110797014e-14), 'Mean': np.float64(0.02943787992024-11-09 16:58:57,134 - INFO - Candidate Mean Stats: {'Max': np.float64(91.0), 'Min': np.float64(-5.10702591327572e-14), 'Mean': np.float64(0.028872841522250715), 'Std': np.float64(1.2656426125977815)}
2024-11-09 16:58:57,134 - INFO - Candidate Std Stats: {'Max': np.float64(0.9999999963372428), 'Min': np.float64(0.0), 'Mean': np.float64(0.9994039026983217), 'Std': np.float64(0.02440756313407591)}
2024-11-09 16:58:57,164 - INFO - Top 10 Mean Stats: {'Max': np.float64(1.6653345369377348e-15), 'Min': np.float64(-1.5543122344752192e-15), 'Mean': np.float64(-1.4779844015322392e-16), 'Std': np.float64(1.1153429215390668e-15)}
2024-11-09 16:58:57,164 - INFO - Top 10 Std Stats: {'Max': np.float64(0.9999999963372428), 'Min': np.float64(0.9999999960438362), 'Mean': np.float64(0.9999999961934473), 'Std': np.float64(1.1480197197998279e-10)}
2024-11-09 16:58:57,164 - INFO - Bottom 10 Mean Stats: {'Max': np.float64(91.0), 'Min': np.float64(74.0), 'Mean': np.float64(81.7), 'Std': np.float64(6.2777384462878025)}
2024-11-09 16:58:57,165 - INFO - Bottom 10 Std Stats: {'Max': np.float64(0.0), 'Min': np.float64(0.0), 'Mean': np.float64(0.0), 'Std': np.float64(0.0)}
[I 2024-11-09 16:58:57,194] Trial 96 finished with value: 55.0 and parameters: {'x_0': 1, 'x_1': -5, 'x_2': -5, 'x_3': 2, 'x_4': 0}. Best is trial 53 with value: 4.0.
2024-11-09 16:59:05,821 - INFO - Candidate Mean Stats: {'Max': np.float64(91.0), 'Min': np.float64(-4.518607710224387e-14), 'Mean': np.float64(0.029214348249933256), 'Std': np.float64(1.2730334856867587)}
2024-11-09 16:59:05,824 - INFO - Candidate Std Stats: {'Max': np.float64(0.9999999960259732), 'Min': np.float64(0.0), 'Mean': np.float64(0.999397693353522), 'Std': np.float64(0.024534280304732262)}
2024-11-09 16:59:05,848 - INFO - Top 10 Mean Stats: {'Max': np.float64(3.93574062229618e-15), 'Min': np.float64(-5.627789900763957e-15), 'Mean': np.float64(-2.531655440840552e-16), 'Std': np.float64(2.4288844100039586e-15)}
2024-11-09 16:59:05,848 - INFO - Top 10 Std Stats: {'Max': np.float64(0.9999999960259732), 'Min': np.float64(0.9999999956078838), 'Mean': np.float64(0.9999999958111513), 'Std': np.float64(1.238822859508575e-10)}
2024-11-09 16:59:05,848 - INFO - Bottom 10 Mean Stats: {'Max': np.float64(91.0), 'Min': np.float64(74.0), 'Mean': np.float64(81.7), 'Std': np.float64(6.2777384462878025)}
2024-11-09 16:59:05,848 - INFO - Bottom 10 Std Stats: {'Max': np.float64(0.0), 'Min': np.float64(0.0), 'Mean': np.float64(0.0), 'Std': np.float64(0.0)}
[I 2024-11-09 16:59:05,881] Trial 97 finished with value: 79.0 and parameters: {'x_0': 5, 'x_1': 3, 'x_2': 4, 'x_3': -2, 'x_4': 5}. Best is trial 53 with value: 4.0.
2024-11-09 16:59:15,999 - INFO - Candidate Mean Stats: {'Max': np.float64(91.0), 'Min': np.float64(-4.59767640625941e-14), 'Mean': np.float64(0.029704876095149983), 'Std': np.float64(1.2881525740112234)}
2024-11-09 16:59:16,000 - INFO - Candidate Std Stats: {'Max': np.float64(0.9999999964614531), 'Min': np.float64(0.0), 'Mean': np.float64(0.999391484437233), 'Std': np.float64(0.02466034479499463)}
2024-11-09 16:59:16,021 - INFO - Top 10 Mean Stats: {'Max': np.float64(1.0574874309554616e-15), 'Min': np.float64(-4.738917591673442e-15), 'Mean': np.float64(-1.2903220159010685e-15), 'Std': np.float64(1.6761136326651406e-15)}
2024-11-09 16:59:16,021 - INFO - Top 10 Std Stats: {'Max': np.float64(0.9999999964614531), 'Min': np.float64(0.9999999961240614), 'Mean': np.float64(0.9999999962910164), 'Std': np.float64(1.0692337682909772e-10)}
2024-11-09 16:59:16,022 - INFO - Bottom 10 Mean Stats: {'Max': np.float64(91.0), 'Min': np.float64(75.0), 'Mean': np.float64(82.2), 'Std': np.float64(5.827520913733386)}
2024-11-09 16:59:16,022 - INFO - Bottom 10 Std Stats: {'Max': np.float64(0.0), 'Min': np.float64(0.0), 'Mean': np.float64(0.0), 'Std': np.float64(0.0)}
[I 2024-11-09 16:59:16,056] Trial 98 finished with value: 46.0 and parameters: {'x_0': -2, 'x_1': 0, 'x_2': 5, 'x_3': -4, 'x_4': -1}. Best is trial 53 with value: 4.0.
2024-11-09 16:59:24,195 - INFO - Candidate Mean Stats: {'Max': np.float64(91.0), 'Min': np.float64(-5.766775945659219e-14), 'Mean': np.float64(0.029990499903757184), 'Std': np.float64(1.2932357475367837)}
2024-11-09 16:59:24,195 - INFO - Candidate Std Stats: {'Max': np.float64(0.9999999962671319), 'Min': np.float64(0.0), 'Mean': np.float64(0.9993852750519361), 'Std': np.float64(0.024785766541847658)}
2024-11-09 16:59:24,222 - INFO - Top 10 Mean Stats: {'Max': np.float64(4.5186077102243874e-15), 'Min': np.float64(-2.3092638912203257e-15), 'Mean': np.float64(-5.96050986345631e-16), 'Std': np.float64(1.824333389120062e-15)}
2024-11-09 16:59:24,222 - INFO - Top 10 Std Stats: {'Max': np.float64(0.9999999962671319), 'Min': np.float64(0.999999995795864), 'Mean': np.float64(0.9999999959995153), 'Std': np.float64(1.4070872928782042e-10)}
2024-11-09 16:59:24,223 - INFO - Bottom 10 Mean Stats: {'Max': np.float64(91.0), 'Min': np.float64(75.0), 'Mean': np.float64(82.2), 'Std': np.float64(5.827520913733386)}
2024-11-09 16:59:24,223 - INFO - Bottom 10 Std Stats: {'Max': np.float64(0.0), 'Min': np.float64(0.0), 'Mean': np.float64(0.0), 'Std': np.float64(0.0)}
[I 2024-11-09 16:59:24,255] Trial 99 finished with value: 54.0 and parameters: {'x_0': -5, 'x_1': 4, 'x_2': -3, 'x_3': 0, 'x_4': -2}. Best is trial 53 with value: 4.0.
2024-11-09 16:59:32,716 - INFO - Candidate Mean Stats: {'Max': np.float64(91.0), 'Min': np.float64(-6.008527009271348e-14), 'Mean': np.float64(0.03032579741820912), 'Std': np.float64(1.3002094218174451)}
2024-11-09 16:59:32,717 - INFO - Candidate Std Stats: {'Max': np.float64(0.9999999957810048), 'Min': np.float64(0.0), 'Mean': np.float64(0.9993790655874741), 'Std': np.float64(0.024910555263074428)}
2024-11-09 16:59:32,751 - INFO - Top 10 Mean Stats: {'Max': np.float64(3.652633751016765e-15), 'Min': np.float64(-4.640732242933154e-15), 'Mean': np.float64(-5.104250355714157e-16), 'Std': np.float64(2.4710957317890595e-15)}
2024-11-09 16:59:32,752 - INFO - Top 10 Std Stats: {'Max': np.float64(0.9999999957810048), 'Min': np.float64(0.9999999953259135), 'Mean': np.float64(0.9999999954933061), 'Std': np.float64(1.3593232265704504e-10)}
2024-11-09 16:59:32,752 - INFO - Bottom 10 Mean Stats: {'Max': np.float64(91.0), 'Min': np.float64(75.0), 'Mean': np.float64(82.2), 'Std': np.float64(5.827520913733386)}
2024-11-09 16:59:32,752 - INFO - Bottom 10 Std Stats: {'Max': np.float64(0.0), 'Min': np.float64(0.0), 'Mean': np.float64(0.0), 'Std': np.float64(0.0)}
[I 2024-11-09 16:59:32,814] Trial 100 finished with value: 41.0 and parameters: {'x_0': 2, 'x_1': -2, 'x_2': 4, 'x_3': 4, 'x_4': 1}. Best is trial 53 with value: 4.0.
2024-11-09 16:59:42,621 - INFO - Candidate Mean Stats: {'Max': np.float64(91.0), 'Min': np.float64(-4.837241718291807e-14), 'Mean': np.float64(0.030580375160663403), 'Std': np.float64(1.3042111495718642)}
2024-11-09 16:59:42,621 - INFO - Candidate Std Stats: {'Max': np.float64(0.9999999965700339), 'Min': np.float64(0.0), 'Mean': np.float64(0.9993728566036898), 'Std': np.float64(0.025034720438830448)}
2024-11-09 16:59:42,647 - INFO - Top 10 Mean Stats: {'Max': np.float64(2.19824158875781e-15), 'Min': np.float64(-2.631228568361621e-15), 'Mean': np.float64(-1.1324274851176594e-16), 'Std': np.float64(1.462613391556018e-15)}
2024-11-09 16:59:42,647 - INFO - Top 10 Std Stats: {'Max': np.float64(0.9999999965700339), 'Min': np.float64(0.9999999961338913), 'Mean': np.float64(0.9999999963179826), 'Std': np.float64(1.5603681281668514e-10)}
2024-11-09 16:59:42,647 - INFO - Bottom 10 Mean Stats: {'Max': np.float64(91.0), 'Min': np.float64(75.0), 'Mean': np.float64(82.2), 'Std': np.float64(5.827520913733386)}
2024-11-09 16:59:42,647 - INFO - Bottom 10 Std Stats: {'Max': np.float64(0.0), 'Min': np.float64(0.0), 'Mean': np.float64(0.0), 'Std': np.float64(0.0)}
[I 2024-11-09 16:59:42,679] Trial 101 finished with value: 84.0 and parameters: {'x_0': 3, 'x_1': -3, 'x_2': 4, 'x_3': -5, 'x_4': -5}. Best is trial 53 with value: 4.0.
2024-11-09 16:59:53,369 - INFO - Candidate Mean Stats: {'Max': np.float64(91.0), 'Min': np.float64(-4.115596752285455e-14), 'Mean': np.float64(0.031101949072033088), 'Std': np.float64(1.3208886248777771)}
2024-11-09 16:59:53,371 - INFO - Candidate Std Stats: {'Max': np.float64(0.9999999966801247), 'Min': np.float64(0.0), 'Mean': np.float64(0.9993666476750271), 'Std': np.float64(0.025158271291028024)}
2024-11-09 16:59:53,400 - INFO - Top 10 Mean Stats: {'Max': np.float64(2.7977620220553944e-15), 'Min': np.float64(-3.0642155479654322e-15), 'Mean': np.float64(7.993605777301118e-17), 'Std': np.float64(1.8935913916660023e-15)}
2024-11-09 16:59:53,401 - INFO - Top 10 Std Stats: {'Max': np.float64(0.9999999966801247), 'Min': np.float64(0.9999999963414778), 'Mean': np.float64(0.9999999964802001), 'Std': np.float64(1.3256816439768175e-10)}
2024-11-09 16:59:53,401 - INFO - Bottom 10 Mean Stats: {'Max': np.float64(91.0), 'Min': np.float64(76.0), 'Mean': np.float64(83.1), 'Std': np.float64(5.3188344587888805)}
2024-11-09 16:59:53,401 - INFO - Bottom 10 Std Stats: {'Max': np.float64(0.0), 'Min': np.float64(0.0), 'Mean': np.float64(0.0), 'Std': np.float64(0.0)}
[I 2024-11-09 16:59:53,429] Trial 102 finished with value: 64.0 and parameters: {'x_0': 1, 'x_1': 2, 'x_2': 3, 'x_3': -5, 'x_4': 5}. Best is trial 53 with value: 4.0.
2024-11-09 17:00:03,617 - INFO - Candidate Mean Stats: {'Max': np.float64(91.0), 'Min': np.float64(-5.2136073236397354e-14), 'Mean': np.float64(0.03149933871879092), 'Std': np.float64(1.3304716530690786)}
2024-11-09 17:00:03,618 - INFO - Candidate Std Stats: {'Max': np.float64(0.9999999966073801), 'Min': np.float64(0.0), 'Mean': np.float64(0.9993604387733183), 'Std': np.float64(0.025281216825707182)}
2024-11-09 17:00:03,641 - INFO - Top 10 Mean Stats: {'Max': np.float64(2.4098778528269805e-15), 'Min': np.float64(-3.0420110874729288e-15), 'Mean': np.float64(-1.2150003225741556e-16), 'Std': np.float64(1.4613634916723336e-15)}
2024-11-09 17:00:03,641 - INFO - Top 10 Std Stats: {'Max': np.float64(0.9999999966073801), 'Min': np.float64(0.9999999960486744), 'Mean': np.float64(0.9999999962858214), 'Std': np.float64(1.639290738362275e-10)}
2024-11-09 17:00:03,641 - INFO - Bottom 10 Mean Stats: {'Max': np.float64(91.0), 'Min': np.float64(76.0), 'Mean': np.float64(83.1), 'Std': np.float64(5.3188344587888805)}
2024-11-09 17:00:03,641 - INFO - Bottom 10 Std Stats: {'Max': np.float64(0.0), 'Min': np.float64(0.0), 'Mean': np.float64(0.0), 'Std': np.float64(0.0)}
[I 2024-11-09 17:00:03,670] Trial 103 finished with value: 52.0 and parameters: {'x_0': -5, 'x_1': 5, 'x_2': -1, 'x_3': -1, 'x_4': 0}. Best is trial 53 with value: 4.0.
2024-11-09 17:00:14,165 - INFO - Candidate Mean Stats: {'Max': np.float64(91.0), 'Min': np.float64(-4.6473935810809055e-14), 'Mean': np.float64(0.03182221780678171), 'Std': np.float64(1.336758799106804)}
2024-11-09 17:00:14,165 - INFO - Candidate Std Stats: {'Max': np.float64(0.9999999969129767), 'Min': np.float64(0.0), 'Mean': np.float64(0.9993542292118852), 'Std': np.float64(0.025403565814092217)}
2024-11-09 17:00:14,195 - INFO - Top 10 Mean Stats: {'Max': np.float64(4.174438572590589e-15), 'Min': np.float64(-2.7977620220553944e-15), 'Mean': np.float64(9.103828801926294e-17), 'Std': np.float64(1.9837532606453195e-15)}
2024-11-09 17:00:14,195 - INFO - Top 10 Std Stats: {'Max': np.float64(0.9999999969129767), 'Min': np.float64(0.9999999963203372), 'Mean': np.float64(0.9999999965309708), 'Std': np.float64(1.7851990094525234e-10)}
2024-11-09 17:00:14,195 - INFO - Bottom 10 Mean Stats: {'Max': np.float64(91.0), 'Min': np.float64(76.0), 'Mean': np.float64(83.1), 'Std': np.float64(5.3188344587888805)}
2024-11-09 17:00:14,195 - INFO - Bottom 10 Std Stats: {'Max': np.float64(0.0), 'Min': np.float64(0.0), 'Mean': np.float64(0.0), 'Std': np.float64(0.0)}
[I 2024-11-09 17:00:14,227] Trial 104 finished with value: 91.0 and parameters: {'x_0': -4, 'x_1': -5, 'x_2': -4, 'x_3': 3, 'x_4': -5}. Best is trial 53 with value: 4.0.
2024-11-09 17:00:24,242 - INFO - Candidate Mean Stats: {'Max': np.float64(91.0), 'Min': np.float64(-7.16315895488151e-14), 'Mean': np.float64(0.03238725621076552), 'Std': np.float64(1.3558415471334668)}
2024-11-09 17:00:24,243 - INFO - Candidate Std Stats: {'Max': np.float64(0.9999999981224339), 'Min': np.float64(0.0), 'Mean': np.float64(0.9993480195487301), 'Std': np.float64(0.02552532684812211)}
2024-11-09 17:00:24,272 - INFO - Top 10 Mean Stats: {'Max': np.float64(1.694477891334145e-15), 'Min': np.float64(-9.96425164601078e-16), 'Mean': np.float64(2.4577562207639404e-16), 'Std': np.float64(8.750073314545979e-16)}
2024-11-09 17:00:24,272 - INFO - Top 10 Std Stats: {'Max': np.float64(0.9999999981224339), 'Min': np.float64(0.9999999976249511), 'Mean': np.float64(0.9999999977988251), 'Std': np.float64(1.7161743474088003e-10)}
2024-11-09 17:00:24,273 - INFO - Bottom 10 Mean Stats: {'Max': np.float64(91.0), 'Min': np.float64(77.0), 'Mean': np.float64(84.6), 'Std': np.float64(5.219195340279955)}
2024-11-09 17:00:24,273 - INFO - Bottom 10 Std Stats: {'Max': np.float64(0.0), 'Min': np.float64(0.0), 'Mean': np.float64(0.0), 'Std': np.float64(0.0)}
[I 2024-11-09 17:00:24,302] Trial 105 finished with value: 68.0 and parameters: {'x_0': -5, 'x_1': 1, 'x_2': 4, 'x_3': 5, 'x_4': 1}. Best is trial 53 with value: 4.0.
2024-11-09 17:00:34,174 - INFO - Candidate Mean Stats: {'Max': np.float64(91.0), 'Min': np.float64(-4.911626660941692e-14), 'Mean': np.float64(0.03280948271044578), 'Std': np.float64(1.3663784889702646)}
2024-11-09 17:00:34,175 - INFO - Candidate Std Stats: {'Max': np.float64(0.9999999980196534), 'Min': np.float64(0.0), 'Mean': np.float64(0.9993418107412833), 'Std': np.float64(0.025646508326526447)}
2024-11-09 17:00:34,206 - INFO - Top 10 Mean Stats: {'Max': np.float64(2.253752739989068e-15), 'Min': np.float64(-2.0095036745715335e-15), 'Mean': np.float64(7.771561172376097e-17), 'Std': np.float64(1.2149715918056762e-15)}
2024-11-09 17:00:34,206 - INFO - Top 10 Std Stats: {'Max': np.float64(0.9999999980196534), 'Min': np.float64(0.9999999972109899), 'Mean': np.float64(0.9999999975153738), 'Std': np.float64(2.681806813618493e-10)}
2024-11-09 17:00:34,206 - INFO - Bottom 10 Mean Stats: {'Max': np.float64(91.0), 'Min': np.float64(77.0), 'Mean': np.float64(84.6), 'Std': np.float64(5.219195340279955)}
2024-11-09 17:00:34,206 - INFO - Bottom 10 Std Stats: {'Max': np.float64(0.0), 'Min': np.float64(0.0), 'Mean': np.float64(0.0), 'Std': np.float64(0.0)}
[I 2024-11-09 17:00:34,234] Trial 106 finished with value: 51.0 and parameters: {'x_0': 4, 'x_1': 3, 'x_2': 3, 'x_3': 1, 'x_4': 4}. Best is trial 53 with value: 4.0.
2024-11-09 17:00:46,100 - INFO - Candidate Mean Stats: {'Max': np.float64(91.0), 'Min': np.float64(-5.2896489272091785e-14), 'Mean': np.float64(0.033126152585205945), 'Std': np.float64(1.3722679982073696)}
2024-11-09 17:00:46,100 - INFO - Candidate Std Stats: {'Max': np.float64(0.9999999966927429), 'Min': np.float64(0.0), 'Mean': np.float64(0.9993356010257881), 'Std': np.float64(0.02576711838131216)}
2024-11-09 17:00:46,143 - INFO - Top 10 Mean Stats: {'Max': np.float64(1.482147737874584e-15), 'Min': np.float64(-4.218847493575595e-15), 'Mean': np.float64(-6.089573290068983e-16), 'Std': np.float64(1.7674598000314706e-15)}
2024-11-09 17:00:46,143 - INFO - Top 10 Std Stats: {'Max': np.float64(0.9999999966927429), 'Min': np.float64(0.9999999961014283), 'Mean': np.float64(0.9999999963295693), 'Std': np.float64(1.6821981211034932e-10)}
2024-11-09 17:00:46,144 - INFO - Bottom 10 Mean Stats: {'Max': np.float64(91.0), 'Min': np.float64(77.0), 'Mean': np.float64(84.6), 'Std': np.float64(5.219195340279955)}
2024-11-09 17:00:46,144 - INFO - Bottom 10 Std Stats: {'Max': np.float64(0.0), 'Min': np.float64(0.0), 'Mean': np.float64(0.0), 'Std': np.float64(0.0)}
