[I 2024-11-09 17:08:43,023] Trial 159 finished with value: 48.0 and parameters: {'x_0': -5, 'x_1': 2, 'x_2': -3, 'x_3': 3, 'x_4': 1}. Best is trial 100 with value: 13.0.
2024-11-09 17:08:51,896 - INFO - Candidate Mean Stats: {'Max': np.float64(100.0), 'Min': np.float64(-5.3446136405455033e-14), 'Mean': np.float64(0.04748185357433361), 'Std': np.float64(1.6080736234459134)}
2024-11-09 17:08:51,898 - INFO - Candidate Std Stats: {'Max': np.float64(0.9999999971981358), 'Min': np.float64(0.0), 'Mean': np.float64(0.9990065130077328), 'Std': np.float64(0.03150376327506013)}
2024-11-09 17:08:51,924 - INFO - Top 10 Mean Stats: {'Max': np.float64(1.7097434579227411e-15), 'Min': np.float64(-3.980149543281186e-15), 'Mean': np.float64(-4.0245584642661925e-16), 'Std': np.float64(1.909632416043136e-15)}
2024-11-09 17:08:51,924 - INFO - Top 10 Std Stats: {'Max': np.float64(0.9999999971981358), 'Min': np.float64(0.9999999964975135), 'Mean': np.float64(0.9999999967939399), 'Std': np.float64(2.5146723006793756e-10)}
2024-11-09 17:08:51,924 - INFO - Bottom 10 Mean Stats: {'Max': np.float64(100.0), 'Min': np.float64(77.0), 'Mean': np.float64(83.9), 'Std': np.float64(8.018104514160438)}
2024-11-09 17:08:51,925 - INFO - Bottom 10 Std Stats: {'Max': np.float64(0.0), 'Min': np.float64(0.0), 'Mean': np.float64(0.0), 'Std': np.float64(0.0)}
[I 2024-11-09 17:08:51,954] Trial 160 finished with value: 34.0 and parameters: {'x_0': 0, 'x_1': -1, 'x_2': -4, 'x_3': -4, 'x_4': 1}. Best is trial 100 with value: 13.0.
2024-11-09 17:09:02,786 - INFO - Candidate Mean Stats: {'Max': np.float64(100.0), 'Min': np.float64(-5.799805080641818e-14), 'Mean': np.float64(0.04769296682417371), 'Std': np.float64(1.610297654550672)}
2024-11-09 17:09:02,787 - INFO - Candidate Std Stats: {'Max': np.float64(0.9999999962545774), 'Min': np.float64(0.0), 'Mean': np.float64(0.9990003038397515), 'Std': np.float64(0.031601960978910895)}
2024-11-09 17:09:02,816 - INFO - Top 10 Mean Stats: {'Max': np.float64(4.8122963947072604e-15), 'Min': np.float64(-4.2674197509029455e-15), 'Mean': np.float64(2.645626773212228e-16), 'Std': np.float64(2.7070045994805323e-15)}
2024-11-09 17:09:02,816 - INFO - Top 10 Std Stats: {'Max': np.float64(0.9999999962545774), 'Min': np.float64(0.9999999959558331), 'Mean': np.float64(0.9999999960475368), 'Std': np.float64(9.593675876802602e-11)}
2024-11-09 17:09:02,816 - INFO - Bottom 10 Mean Stats: {'Max': np.float64(100.0), 'Min': np.float64(77.0), 'Mean': np.float64(83.9), 'Std': np.float64(8.018104514160438)}
2024-11-09 17:09:02,816 - INFO - Bottom 10 Std Stats: {'Max': np.float64(0.0), 'Min': np.float64(0.0), 'Mean': np.float64(0.0), 'Std': np.float64(0.0)}
[I 2024-11-09 17:09:02,848] Trial 161 finished with value: 57.0 and parameters: {'x_0': 3, 'x_1': 4, 'x_2': 0, 'x_3': -4, 'x_4': -4}. Best is trial 100 with value: 13.0.
2024-11-09 17:09:13,292 - INFO - Candidate Mean Stats: {'Max': np.float64(100.0), 'Min': np.float64(-5.3856918924566346e-14), 'Mean': np.float64(0.04804689197831743), 'Std': np.float64(1.6165390144668035)}
2024-11-09 17:09:13,294 - INFO - Candidate Std Stats: {'Max': np.float64(0.9999999962042989), 'Min': np.float64(0.0), 'Mean': np.float64(0.9989940948794457), 'Std': np.float64(0.031699853284273216)}
2024-11-09 17:09:13,323 - INFO - Top 10 Mean Stats: {'Max': np.float64(5.601075159233915e-15), 'Min': np.float64(-6.006306563222097e-15), 'Mean': np.float64(-7.635558851859514e-16), 'Std': np.float64(3.290137188140672e-15)}
2024-11-09 17:09:13,323 - INFO - Top 10 Std Stats: {'Max': np.float64(0.9999999962042989), 'Min': np.float64(0.9999999957512801), 'Mean': np.float64(0.9999999959971078), 'Std': np.float64(1.3902072977493883e-10)}
2024-11-09 17:09:13,323 - INFO - Bottom 10 Mean Stats: {'Max': np.float64(100.0), 'Min': np.float64(77.0), 'Mean': np.float64(83.9), 'Std': np.float64(8.018104514160438)}
2024-11-09 17:09:13,323 - INFO - Bottom 10 Std Stats: {'Max': np.float64(0.0), 'Min': np.float64(0.0), 'Mean': np.float64(0.0), 'Std': np.float64(0.0)}
[I 2024-11-09 17:09:13,352] Trial 162 finished with value: 58.0 and parameters: {'x_0': 0, 'x_1': -4, 'x_2': 1, 'x_3': 5, 'x_4': -4}. Best is trial 100 with value: 13.0.
2024-11-09 17:09:22,435 - INFO - Candidate Mean Stats: {'Max': np.float64(100.0), 'Min': np.float64(-5.581091144790662e-14), 'Mean': np.float64(0.04840702634569178), 'Std': np.float64(1.6229761064877564)}
2024-11-09 17:09:22,436 - INFO - Candidate Std Stats: {'Max': np.float64(0.999999996080217), 'Min': np.float64(0.0), 'Mean': np.float64(0.998987885216679), 'Std': np.float64(0.03179744298291914)}
2024-11-09 17:09:22,463 - INFO - Top 10 Mean Stats: {'Max': np.float64(6.1284310959308644e-15), 'Min': np.float64(-4.318767565791859e-15), 'Mean': np.float64(-2.9115598820794726e-16), 'Std': np.float64(2.5180779849086377e-15)}
2024-11-09 17:09:22,463 - INFO - Top 10 Std Stats: {'Max': np.float64(0.999999996080217), 'Min': np.float64(0.9999999958384485), 'Mean': np.float64(0.9999999959430157), 'Std': np.float64(9.002978185352057e-11)}
2024-11-09 17:09:22,463 - INFO - Bottom 10 Mean Stats: {'Max': np.float64(100.0), 'Min': np.float64(77.0), 'Mean': np.float64(83.9), 'Std': np.float64(8.018104514160438)}
2024-11-09 17:09:22,463 - INFO - Bottom 10 Std Stats: {'Max': np.float64(0.0), 'Min': np.float64(0.0), 'Mean': np.float64(0.0), 'Std': np.float64(0.0)}
[I 2024-11-09 17:09:22,494] Trial 163 finished with value: 34.0 and parameters: {'x_0': 2, 'x_1': -1, 'x_2': 4, 'x_3': -3, 'x_4': -2}. Best is trial 100 with value: 13.0.
2024-11-09 17:09:32,976 - INFO - Candidate Mean Stats: {'Max': np.float64(100.0), 'Min': np.float64(-6.425970866530406e-14), 'Mean': np.float64(0.04861813959553185), 'Std': np.float64(1.6251796237421332)}
2024-11-09 17:09:32,978 - INFO - Candidate Std Stats: {'Max': np.float64(0.9999999958223383), 'Min': np.float64(0.0), 'Mean': np.float64(0.9989816766312665), 'Std': np.float64(0.03189473290895969)}
2024-11-09 17:09:33,013 - INFO - Top 10 Mean Stats: {'Max': np.float64(5.449807272128737e-15), 'Min': np.float64(-3.1030733538273125e-15), 'Mean': np.float64(1.8739870766282255e-15), 'Std': np.float64(2.519411985091243e-15)}
2024-11-09 17:09:33,013 - INFO - Top 10 Std Stats: {'Max': np.float64(0.9999999958223383), 'Min': np.float64(0.999999995661999), 'Mean': np.float64(0.9999999957179458), 'Std': np.float64(5.421468968649666e-11)}
2024-11-09 17:09:33,013 - INFO - Bottom 10 Mean Stats: {'Max': np.float64(100.0), 'Min': np.float64(77.0), 'Mean': np.float64(83.9), 'Std': np.float64(8.018104514160438)}
2024-11-09 17:09:33,014 - INFO - Bottom 10 Std Stats: {'Max': np.float64(0.0), 'Min': np.float64(0.0), 'Mean': np.float64(0.0), 'Std': np.float64(0.0)}
[I 2024-11-09 17:09:33,047] Trial 164 finished with value: 30.0 and parameters: {'x_0': 1, 'x_1': 4, 'x_2': 2, 'x_3': 3, 'x_4': 0}. Best is trial 100 with value: 13.0.
2024-11-09 17:09:42,366 - INFO - Candidate Mean Stats: {'Max': np.float64(100.0), 'Min': np.float64(-5.114797474448096e-14), 'Mean': np.float64(0.048804415992449626), 'Std': np.float64(1.6268924223228536)}
2024-11-09 17:09:42,367 - INFO - Candidate Std Stats: {'Max': np.float64(0.9999999959166798), 'Min': np.float64(0.0), 'Mean': np.float64(0.998975467126329), 'Std': np.float64(0.03199172573398552)}
2024-11-09 17:09:42,398 - INFO - Top 10 Mean Stats: {'Max': np.float64(2.1566082253343667e-15), 'Min': np.float64(-3.4194869158454822e-15), 'Mean': np.float64(-6.314111559990731e-16), 'Std': np.float64(1.6395458187656719e-15)}
2024-11-09 17:09:42,398 - INFO - Top 10 Std Stats: {'Max': np.float64(0.9999999959166798), 'Min': np.float64(0.9999999956209699), 'Mean': np.float64(0.9999999957351295), 'Std': np.float64(8.35108571342302e-11)}
2024-11-09 17:09:42,399 - INFO - Bottom 10 Mean Stats: {'Max': np.float64(100.0), 'Min': np.float64(77.0), 'Mean': np.float64(83.9), 'Std': np.float64(8.018104514160438)}
2024-11-09 17:09:42,399 - INFO - Bottom 10 Std Stats: {'Max': np.float64(0.0), 'Min': np.float64(0.0), 'Mean': np.float64(0.0), 'Std': np.float64(0.0)}
[I 2024-11-09 17:09:42,426] Trial 165 finished with value: 30.0 and parameters: {'x_0': -2, 'x_1': 4, 'x_2': 1, 'x_3': 0, 'x_4': -3}. Best is trial 100 with value: 13.0.
2024-11-09 17:09:50,707 - INFO - Candidate Mean Stats: {'Max': np.float64(100.0), 'Min': np.float64(-6.332712132461893e-14), 'Mean': np.float64(0.04899069238936735), 'Std': np.float64(1.6286033982522043)}
2024-11-09 17:09:50,708 - INFO - Candidate Std Stats: {'Max': np.float64(0.9999999962540127), 'Min': np.float64(0.0), 'Mean': np.float64(0.9989692579254194), 'Std': np.float64(0.03208842419088327)}
2024-11-09 17:09:50,733 - INFO - Top 10 Mean Stats: {'Max': np.float64(2.3918367286768215e-15), 'Min': np.float64(-3.291811268013589e-15), 'Mean': np.float64(2.3328561304936105e-16), 'Std': np.float64(1.802054307401678e-15)}
2024-11-09 17:09:50,733 - INFO - Top 10 Std Stats: {'Max': np.float64(0.9999999962540127), 'Min': np.float64(0.9999999957041995), 'Mean': np.float64(0.9999999959613153), 'Std': np.float64(1.866722476964276e-10)}
2024-11-09 17:09:50,734 - INFO - Bottom 10 Mean Stats: {'Max': np.float64(100.0), 'Min': np.float64(77.0), 'Mean': np.float64(83.9), 'Std': np.float64(8.018104514160438)}
2024-11-09 17:09:50,734 - INFO - Bottom 10 Std Stats: {'Max': np.float64(0.0), 'Min': np.float64(0.0), 'Mean': np.float64(0.0), 'Std': np.float64(0.0)}
[I 2024-11-09 17:09:50,762] Trial 166 finished with value: 69.0 and parameters: {'x_0': -3, 'x_1': 1, 'x_2': -3, 'x_3': 5, 'x_4': 5}. Best is trial 100 with value: 13.0.
2024-11-09 17:09:58,955 - INFO - Candidate Mean Stats: {'Max': np.float64(100.0), 'Min': np.float64(-7.181200079031669e-14), 'Mean': np.float64(0.04941912810227821), 'Std': np.float64(1.6376412704581778)}
2024-11-09 17:09:58,956 - INFO - Candidate Std Stats: {'Max': np.float64(0.9999999970529265), 'Min': np.float64(0.0), 'Mean': np.float64(0.998963047847517), 'Std': np.float64(0.032184830895042066)}
2024-11-09 17:09:58,984 - INFO - Top 10 Mean Stats: {'Max': np.float64(4.198030811863873e-15), 'Min': np.float64(-8.992806499463768e-16), 'Mean': np.float64(1.0847746312325769e-15), 'Std': np.float64(1.5591060184700766e-15)}
2024-11-09 17:09:58,984 - INFO - Top 10 Std Stats: {'Max': np.float64(0.9999999970529265), 'Min': np.float64(0.9999999966144112), 'Mean': np.float64(0.9999999968391199), 'Std': np.float64(1.2884820170310612e-10)}
2024-11-09 17:09:58,985 - INFO - Bottom 10 Mean Stats: {'Max': np.float64(100.0), 'Min': np.float64(77.0), 'Mean': np.float64(83.9), 'Std': np.float64(8.018104514160438)}
2024-11-09 17:09:58,985 - INFO - Bottom 10 Std Stats: {'Max': np.float64(0.0), 'Min': np.float64(0.0), 'Mean': np.float64(0.0), 'Std': np.float64(0.0)}
[I 2024-11-09 17:09:59,017] Trial 167 finished with value: 52.0 and parameters: {'x_0': 1, 'x_1': 3, 'x_2': 5, 'x_3': -1, 'x_4': 4}. Best is trial 100 with value: 13.0.
2024-11-09 17:10:09,231 - INFO - Candidate Mean Stats: {'Max': np.float64(100.0), 'Min': np.float64(-6.865064072769656e-14), 'Mean': np.float64(0.049742007190268896), 'Std': np.float64(1.642749715028576)}
2024-11-09 17:10:09,243 - INFO - Candidate Std Stats: {'Max': np.float64(0.9999999966988979), 'Min': np.float64(0.0), 'Mean': np.float64(0.9989568391037852), 'Std': np.float64(0.03228094853135792)}
2024-11-09 17:10:09,274 - INFO - Top 10 Mean Stats: {'Max': np.float64(6.0396132539608514e-15), 'Min': np.float64(-1.915134717478395e-15), 'Mean': np.float64(9.64714419460222e-16), 'Std': np.float64(2.5398184940466417e-15)}
2024-11-09 17:10:09,274 - INFO - Top 10 Std Stats: {'Max': np.float64(0.9999999966988979), 'Min': np.float64(0.9999999962757249), 'Mean': np.float64(0.9999999964412215), 'Std': np.float64(1.3207802630765808e-10)}
2024-11-09 17:10:09,275 - INFO - Bottom 10 Mean Stats: {'Max': np.float64(100.0), 'Min': np.float64(77.0), 'Mean': np.float64(83.9), 'Std': np.float64(8.018104514160438)}
2024-11-09 17:10:09,275 - INFO - Bottom 10 Std Stats: {'Max': np.float64(0.0), 'Min': np.float64(0.0), 'Mean': np.float64(0.0), 'Std': np.float64(0.0)}
[I 2024-11-09 17:10:09,301] Trial 168 finished with value: 27.0 and parameters: {'x_0': 2, 'x_1': 3, 'x_2': 3, 'x_3': 2, 'x_4': -1}. Best is trial 100 with value: 13.0.
2024-11-09 17:10:17,762 - INFO - Candidate Mean Stats: {'Max': np.float64(100.0), 'Min': np.float64(-5.46229728115577e-14), 'Mean': np.float64(0.04990965594749485), 'Std': np.float64(1.6441217826530026)}
2024-11-09 17:10:17,764 - INFO - Candidate Std Stats: {'Max': np.float64(0.9999999969080545), 'Min': np.float64(0.0), 'Mean': np.float64(0.9989506299493515), 'Std': np.float64(0.032376779618531575)}
2024-11-09 17:10:17,797 - INFO - Top 10 Mean Stats: {'Max': np.float64(3.144706717250756e-15), 'Min': np.float64(-4.6351811278100286e-15), 'Mean': np.float64(-1.037642194390287e-15), 'Std': np.float64(2.4191847955203815e-15)}
2024-11-09 17:10:17,797 - INFO - Top 10 Std Stats: {'Max': np.float64(0.9999999969080545), 'Min': np.float64(0.9999999961442628), 'Mean': np.float64(0.9999999964252255), 'Std': np.float64(2.2099863380709922e-10)}
2024-11-09 17:10:17,797 - INFO - Bottom 10 Mean Stats: {'Max': np.float64(100.0), 'Min': np.float64(77.0), 'Mean': np.float64(83.9), 'Std': np.float64(8.018104514160438)}
2024-11-09 17:10:17,797 - INFO - Bottom 10 Std Stats: {'Max': np.float64(0.0), 'Min': np.float64(0.0), 'Mean': np.float64(0.0), 'Std': np.float64(0.0)}
[I 2024-11-09 17:10:17,828] Trial 169 finished with value: 100.0 and parameters: {'x_0': 0, 'x_1': -5, 'x_2': 5, 'x_3': -5, 'x_4': -5}. Best is trial 100 with value: 13.0.
2024-11-09 17:10:27,020 - INFO - Candidate Mean Stats: {'Max': np.float64(100.0), 'Min': np.float64(-6.831202270518588e-14), 'Mean': np.float64(0.05053057727055405), 'Std': np.float64(1.6628788900631055)}
2024-11-09 17:10:27,022 - INFO - Candidate Std Stats: {'Max': np.float64(0.9999999966591878), 'Min': np.float64(0.0), 'Mean': np.float64(0.9989444207048773), 'Std': np.float64(0.03247232670370974)}
2024-11-09 17:10:27,054 - INFO - Top 10 Mean Stats: {'Max': np.float64(2.6922908347160046e-15), 'Min': np.float64(-5.17363929475323e-15), 'Mean': np.float64(-4.318767565791858e-16), 'Std': np.float64(2.3161651842459515e-15)}
2024-11-09 17:10:27,054 - INFO - Top 10 Std Stats: {'Max': np.float64(0.9999999966591878), 'Min': np.float64(0.9999999959859768), 'Mean': np.float64(0.9999999962328951), 'Std': np.float64(2.3183035639413056e-10)}
2024-11-09 17:10:27,055 - INFO - Bottom 10 Mean Stats: {'Max': np.float64(100.0), 'Min': np.float64(77.0), 'Mean': np.float64(86.2), 'Std': np.float64(8.953211714239757)}
2024-11-09 17:10:27,055 - INFO - Bottom 10 Std Stats: {'Max': np.float64(0.0), 'Min': np.float64(0.0), 'Mean': np.float64(0.0), 'Std': np.float64(0.0)}
[I 2024-11-09 17:10:27,084] Trial 170 finished with value: 51.0 and parameters: {'x_0': 1, 'x_1': -5, 'x_2': -4, 'x_3': 3, 'x_4': 0}. Best is trial 100 with value: 13.0.
2024-11-09 17:10:35,916 - INFO - Candidate Mean Stats: {'Max': np.float64(100.0), 'Min': np.float64(-5.746791931215967e-14), 'Mean': np.float64(0.05084724714531425), 'Std': np.float64(1.66771828056399)}
2024-11-09 17:10:35,916 - INFO - Candidate Std Stats: {'Max': np.float64(0.9999999966338341), 'Min': np.float64(0.0), 'Mean': np.float64(0.9989382112041046), 'Std': np.float64(0.032567592281043195)}
2024-11-09 17:10:35,941 - INFO - Top 10 Mean Stats: {'Max': np.float64(3.255382075018076e-15), 'Min': np.float64(-3.4139358007223564e-15), 'Mean': np.float64(7.016956460326167e-17), 'Std': np.float64(2.363094106316131e-15)}
2024-11-09 17:10:35,941 - INFO - Top 10 Std Stats: {'Max': np.float64(0.9999999966338341), 'Min': np.float64(0.9999999961429679), 'Mean': np.float64(0.9999999963398342), 'Std': np.float64(1.414954716331032e-10)}
2024-11-09 17:10:35,942 - INFO - Bottom 10 Mean Stats: {'Max': np.float64(100.0), 'Min': np.float64(77.0), 'Mean': np.float64(86.2), 'Std': np.float64(8.953211714239757)}
2024-11-09 17:10:35,942 - INFO - Bottom 10 Std Stats: {'Max': np.float64(0.0), 'Min': np.float64(0.0), 'Mean': np.float64(0.0), 'Std': np.float64(0.0)}
[I 2024-11-09 17:10:35,970] Trial 171 finished with value: 60.0 and parameters: {'x_0': -1, 'x_1': 0, 'x_2': 3, 'x_3': 5, 'x_4': -5}. Best is trial 100 with value: 13.0.
2024-11-09 17:10:44,789 - INFO - Candidate Mean Stats: {'Max': np.float64(100.0), 'Min': np.float64(-5.804245972740318e-14), 'Mean': np.float64(0.051219799939149685), 'Std': np.float64(1.674395235777352)}
2024-11-09 17:10:44,790 - INFO - Candidate Std Stats: {'Max': np.float64(0.9999999964902426), 'Min': np.float64(0.0), 'Mean': np.float64(0.9989320017906342), 'Std': np.float64(0.032662578824807165)}
2024-11-09 17:10:44,815 - INFO - Top 10 Mean Stats: {'Max': np.float64(3.2335245592207684e-15), 'Min': np.float64(-4.685141163918161e-15), 'Mean': np.float64(6.022959908591473e-17), 'Std': np.float64(2.4151032266113702e-15)}
2024-11-09 17:10:44,815 - INFO - Top 10 Std Stats: {'Max': np.float64(0.9999999964902426), 'Min': np.float64(0.9999999960154475), 'Mean': np.float64(0.999999996202608), 'Std': np.float64(1.5921506071145245e-10)}
2024-11-09 17:10:44,815 - INFO - Bottom 10 Mean Stats: {'Max': np.float64(100.0), 'Min': np.float64(77.0), 'Mean': np.float64(86.2), 'Std': np.float64(8.953211714239757)}
2024-11-09 17:10:44,815 - INFO - Bottom 10 Std Stats: {'Max': np.float64(0.0), 'Min': np.float64(0.0), 'Mean': np.float64(0.0), 'Std': np.float64(0.0)}
[I 2024-11-09 17:10:44,844] Trial 172 finished with value: 54.0 and parameters: {'x_0': -3, 'x_1': 0, 'x_2': 4, 'x_3': 2, 'x_4': -5}. Best is trial 100 with value: 13.0.
2024-11-09 17:10:54,983 - INFO - Candidate Mean Stats: {'Max': np.float64(100.0), 'Min': np.float64(-6.700508203838496e-14), 'Mean': np.float64(0.05155509745360163), 'Std': np.float64(1.67978302503825)}
2024-11-09 17:10:54,984 - INFO - Candidate Std Stats: {'Max': np.float64(0.9999999981644457), 'Min': np.float64(0.0), 'Mean': np.float64(0.9989257933733323), 'Std': np.float64(0.0327572887922023)}
2024-11-09 17:10:55,008 - INFO - Top 10 Mean Stats: {'Max': np.float64(2.067790383364354e-15), 'Min': np.float64(-1.099120794378905e-15), 'Mean': np.float64(3.505529200253932e-16), 'Std': np.float64(1.0172780453007658e-15)}
2024-11-09 17:10:55,008 - INFO - Top 10 Std Stats: {'Max': np.float64(0.9999999981644457), 'Min': np.float64(0.999999997758135), 'Mean': np.float64(0.9999999978965661), 'Std': np.float64(1.3804456872083225e-10)}
2024-11-09 17:10:55,008 - INFO - Bottom 10 Mean Stats: {'Max': np.float64(100.0), 'Min': np.float64(77.0), 'Mean': np.float64(86.2), 'Std': np.float64(8.953211714239757)}
2024-11-09 17:10:55,008 - INFO - Bottom 10 Std Stats: {'Max': np.float64(0.0), 'Min': np.float64(0.0), 'Mean': np.float64(0.0), 'Std': np.float64(0.0)}
[I 2024-11-09 17:10:55,039] Trial 173 finished with value: 31.0 and parameters: {'x_0': -1, 'x_1': 4, 'x_2': -1, 'x_3': 2, 'x_4': 3}. Best is trial 100 with value: 13.0.
2024-11-09 17:11:03,947 - INFO - Candidate Mean Stats: {'Max': np.float64(100.0), 'Min': np.float64(-6.064038160502606e-14), 'Mean': np.float64(0.05174758306375001), 'Std': np.float64(1.6815523128471983)}
2024-11-09 17:11:03,949 - INFO - Candidate Std Stats: {'Max': np.float64(0.9999999979806914), 'Min': np.float64(0.0), 'Mean': np.float64(0.9989195843480486), 'Std': np.float64(0.03285172452310721)}
2024-11-09 17:11:03,972 - INFO - Top 10 Mean Stats: {'Max': np.float64(2.0650148258027913e-15), 'Min': np.float64(-1.2045919817182948e-15), 'Mean': np.float64(3.170033680000017e-16), 'Std': np.float64(1.0964752460843783e-15)}
2024-11-09 17:11:03,972 - INFO - Top 10 Std Stats: {'Max': np.float64(0.9999999979806914), 'Min': np.float64(0.9999999975765052), 'Mean': np.float64(0.9999999977374925), 'Std': np.float64(1.3660715685391715e-10)}
2024-11-09 17:11:03,972 - INFO - Bottom 10 Mean Stats: {'Max': np.float64(100.0), 'Min': np.float64(77.0), 'Mean': np.float64(86.2), 'Std': np.float64(8.953211714239757)}
2024-11-09 17:11:03,972 - INFO - Bottom 10 Std Stats: {'Max': np.float64(0.0), 'Min': np.float64(0.0), 'Mean': np.float64(0.0), 'Std': np.float64(0.0)}
[I 2024-11-09 17:11:04,003] Trial 174 finished with value: 62.0 and parameters: {'x_0': 2, 'x_1': -2, 'x_2': 2, 'x_3': 5, 'x_4': 5}. Best is trial 100 with value: 13.0.
2024-11-09 17:11:14,360 - INFO - Candidate Mean Stats: {'Max': np.float64(100.0), 'Min': np.float64(-6.648709360845828e-14), 'Mean': np.float64(0.052132554284046645), 'Std': np.float64(1.6886226356521803)}
2024-11-09 17:11:14,361 - INFO - Candidate Std Stats: {'Max': np.float64(0.9999999958888995), 'Min': np.float64(0.0), 'Mean': np.float64(0.9989133749223086), 'Std': np.float64(0.0329458883822281)}
2024-11-09 17:11:14,385 - INFO - Top 10 Mean Stats: {'Max': np.float64(5.240252676230739e-15), 'Min': np.float64(-4.798939023942239e-15), 'Mean': np.float64(7.688294445529212e-16), 'Std': np.float64(2.7622390129021584e-15)}
2024-11-09 17:11:14,385 - INFO - Top 10 Std Stats: {'Max': np.float64(0.9999999958888995), 'Min': np.float64(0.9999999957689789), 'Mean': np.float64(0.9999999958221615), 'Std': np.float64(4.154305608319648e-11)}
2024-11-09 17:11:14,385 - INFO - Bottom 10 Mean Stats: {'Max': np.float64(100.0), 'Min': np.float64(77.0), 'Mean': np.float64(86.2), 'Std': np.float64(8.953211714239757)}
2024-11-09 17:11:14,385 - INFO - Bottom 10 Std Stats: {'Max': np.float64(0.0), 'Min': np.float64(0.0), 'Mean': np.float64(0.0), 'Std': np.float64(0.0)}
