[I 2024-11-09 16:50:31,554] Trial 63 finished with value: 64.0 and parameters: {'x_0': -2, 'x_1': -3, 'x_2': -5, 'x_3': 5, 'x_4': 1}. Best is trial 10 with value: 9.0.
2024-11-09 16:50:39,331 - INFO - Candidate Mean Stats: {'Max': np.float64(116.0), 'Min': np.float64(-8.117950756059145e-14), 'Mean': np.float64(0.01857796598592992), 'Std': np.float64(1.0175894205098486)}
2024-11-09 16:50:39,332 - INFO - Candidate Std Stats: {'Max': np.float64(0.9999999973963426), 'Min': np.float64(0.0), 'Mean': np.float64(0.9996025982771669), 'Std': np.float64(0.01993067280923324)}
2024-11-09 16:50:39,361 - INFO - Top 10 Mean Stats: {'Max': np.float64(3.425038030968608e-15), 'Min': np.float64(-1.1962653090336062e-15), 'Mean': np.float64(3.930189507173054e-16), 'Std': np.float64(1.3084323666172321e-15)}
2024-11-09 16:50:39,361 - INFO - Top 10 Std Stats: {'Max': np.float64(0.9999999973963426), 'Min': np.float64(0.9999999964974609), 'Mean': np.float64(0.9999999967636422), 'Std': np.float64(2.8514031894629105e-10)}
2024-11-09 16:50:39,362 - INFO - Bottom 10 Mean Stats: {'Max': np.float64(116.0), 'Min': np.float64(70.0), 'Mean': np.float64(80.3), 'Std': np.float64(13.183702059740277)}
2024-11-09 16:50:39,362 - INFO - Bottom 10 Std Stats: {'Max': np.float64(0.0), 'Min': np.float64(0.0), 'Mean': np.float64(0.0), 'Std': np.float64(0.0)}
[I 2024-11-09 16:50:39,400] Trial 64 finished with value: 53.0 and parameters: {'x_0': 4, 'x_1': 1, 'x_2': -4, 'x_3': 2, 'x_4': -4}. Best is trial 10 with value: 9.0.
2024-11-09 16:50:46,494 - INFO - Candidate Mean Stats: {'Max': np.float64(116.0), 'Min': np.float64(-5.517808432387028e-14), 'Mean': np.float64(0.018907054287151278), 'Std': np.float64(1.0261177187909085)}
2024-11-09 16:50:46,495 - INFO - Candidate Std Stats: {'Max': np.float64(0.9999999966043364), 'Min': np.float64(0.0), 'Mean': np.float64(0.9995963894619567), 'Std': np.float64(0.020085715285301196)}
2024-11-09 16:50:46,526 - INFO - Top 10 Mean Stats: {'Max': np.float64(3.8635761256955444e-15), 'Min': np.float64(-2.942091015256665e-15), 'Mean': np.float64(6.838279942300573e-16), 'Std': np.float64(2.0503537335475067e-15)}
2024-11-09 16:50:46,527 - INFO - Top 10 Std Stats: {'Max': np.float64(0.9999999966043364), 'Min': np.float64(0.9999999961899346), 'Mean': np.float64(0.9999999962760014), 'Std': np.float64(1.1509885709335009e-10)}
2024-11-09 16:50:46,527 - INFO - Bottom 10 Mean Stats: {'Max': np.float64(116.0), 'Min': np.float64(70.0), 'Mean': np.float64(80.3), 'Std': np.float64(13.183702059740277)}
2024-11-09 16:50:46,527 - INFO - Bottom 10 Std Stats: {'Max': np.float64(0.0), 'Min': np.float64(0.0), 'Mean': np.float64(0.0), 'Std': np.float64(0.0)}
[I 2024-11-09 16:50:46,563] Trial 65 finished with value: 53.0 and parameters: {'x_0': -3, 'x_1': 3, 'x_2': -3, 'x_3': -1, 'x_4': 5}. Best is trial 10 with value: 9.0.
2024-11-09 16:50:55,369 - INFO - Candidate Mean Stats: {'Max': np.float64(116.0), 'Min': np.float64(-6.205591596142313e-14), 'Mean': np.float64(0.019236142588372623), 'Std': np.float64(1.0345756136220914)}
2024-11-09 16:50:55,371 - INFO - Candidate Std Stats: {'Max': np.float64(0.9999999965198352), 'Min': np.float64(0.0), 'Mean': np.float64(0.9995901797347716), 'Std': np.float64(0.020239568191278565)}
2024-11-09 16:50:55,402 - INFO - Top 10 Mean Stats: {'Max': np.float64(3.708144902248023e-15), 'Min': np.float64(-4.082845173059013e-15), 'Mean': np.float64(-1.8993985393843046e-16), 'Std': np.float64(2.370994061215492e-15)}
2024-11-09 16:50:55,402 - INFO - Top 10 Std Stats: {'Max': np.float64(0.9999999965198352), 'Min': np.float64(0.9999999960990354), 'Mean': np.float64(0.9999999962779818), 'Std': np.float64(1.3259263722244553e-10)}
2024-11-09 16:50:55,402 - INFO - Bottom 10 Mean Stats: {'Max': np.float64(116.0), 'Min': np.float64(70.0), 'Mean': np.float64(80.3), 'Std': np.float64(13.183702059740277)}
2024-11-09 16:50:55,402 - INFO - Bottom 10 Std Stats: {'Max': np.float64(0.0), 'Min': np.float64(0.0), 'Mean': np.float64(0.0), 'Std': np.float64(0.0)}
[I 2024-11-09 16:50:55,434] Trial 66 finished with value: 39.0 and parameters: {'x_0': -1, 'x_1': 0, 'x_2': -3, 'x_3': -2, 'x_4': 5}. Best is trial 10 with value: 9.0.
2024-11-09 16:51:05,005 - INFO - Candidate Mean Stats: {'Max': np.float64(116.0), 'Min': np.float64(-5.4695137308158334e-14), 'Mean': np.float64(0.019478301904365707), 'Std': np.float64(1.0391253719171039)}
2024-11-09 16:51:05,006 - INFO - Candidate Std Stats: {'Max': np.float64(0.9999999966089407), 'Min': np.float64(0.0), 'Mean': np.float64(0.9995839709787748), 'Std': np.float64(0.020392258489517156)}
2024-11-09 16:51:05,041 - INFO - Top 10 Mean Stats: {'Max': np.float64(2.192690473634684e-15), 'Min': np.float64(-6.0118576783452225e-15), 'Mean': np.float64(-2.6180446699441975e-16), 'Std': np.float64(2.439567079161971e-15)}
2024-11-09 16:51:05,042 - INFO - Top 10 Std Stats: {'Max': np.float64(0.9999999966089407), 'Min': np.float64(0.999999996094664), 'Mean': np.float64(0.9999999962770516), 'Std': np.float64(1.7621699463606456e-10)}
2024-11-09 16:51:05,042 - INFO - Bottom 10 Mean Stats: {'Max': np.float64(116.0), 'Min': np.float64(70.0), 'Mean': np.float64(80.3), 'Std': np.float64(13.183702059740277)}
2024-11-09 16:51:05,043 - INFO - Bottom 10 Std Stats: {'Max': np.float64(0.0), 'Min': np.float64(0.0), 'Mean': np.float64(0.0), 'Std': np.float64(0.0)}
[I 2024-11-09 16:51:05,080] Trial 67 finished with value: 48.0 and parameters: {'x_0': 3, 'x_1': 1, 'x_2': 3, 'x_3': -5, 'x_4': 2}. Best is trial 10 with value: 9.0.
2024-11-09 16:51:13,295 - INFO - Candidate Mean Stats: {'Max': np.float64(116.0), 'Min': np.float64(-6.304956556846264e-14), 'Mean': np.float64(0.019776344139434097), 'Std': np.float64(1.0459808154563344)}
2024-11-09 16:51:13,296 - INFO - Candidate Std Stats: {'Max': np.float64(0.9999999971369692), 'Min': np.float64(0.0), 'Mean': np.float64(0.9995777616646866), 'Std': np.float64(0.020543812072460445)}
2024-11-09 16:51:13,325 - INFO - Top 10 Mean Stats: {'Max': np.float64(4.773959005888173e-16), 'Min': np.float64(-4.011374565848769e-15), 'Mean': np.float64(-9.708206460956605e-16), 'Std': np.float64(1.4304331594739152e-15)}
2024-11-09 16:51:13,325 - INFO - Top 10 Std Stats: {'Max': np.float64(0.9999999971369692), 'Min': np.float64(0.9999999961884924), 'Mean': np.float64(0.999999996591173), 'Std': np.float64(2.9344931796394634e-10)}
2024-11-09 16:51:13,325 - INFO - Bottom 10 Mean Stats: {'Max': np.float64(116.0), 'Min': np.float64(70.0), 'Mean': np.float64(80.3), 'Std': np.float64(13.183702059740277)}
2024-11-09 16:51:13,326 - INFO - Bottom 10 Std Stats: {'Max': np.float64(0.0), 'Min': np.float64(0.0), 'Mean': np.float64(0.0), 'Std': np.float64(0.0)}
[I 2024-11-09 16:51:13,360] Trial 68 finished with value: 39.0 and parameters: {'x_0': -3, 'x_1': 3, 'x_2': -4, 'x_3': 1, 'x_4': 2}. Best is trial 10 with value: 9.0.
2024-11-09 16:51:22,689 - INFO - Candidate Mean Stats: {'Max': np.float64(116.0), 'Min': np.float64(-5.430655924953953e-14), 'Mean': np.float64(0.02001850345542716), 'Std': np.float64(1.0504810531053639)}
2024-11-09 16:51:22,691 - INFO - Candidate Std Stats: {'Max': np.float64(0.9999999976484597), 'Min': np.float64(0.0), 'Mean': np.float64(0.9995715524062747), 'Std': np.float64(0.02069425392640197)}
2024-11-09 16:51:22,719 - INFO - Top 10 Mean Stats: {'Max': np.float64(1.3100631690576848e-15), 'Min': np.float64(-2.0816681711721685e-15), 'Mean': np.float64(-6.963180032570903e-16), 'Std': np.float64(8.963341413755134e-16)}
2024-11-09 16:51:22,720 - INFO - Top 10 Std Stats: {'Max': np.float64(0.9999999976484597), 'Min': np.float64(0.999999997082985), 'Mean': np.float64(0.9999999973259277), 'Std': np.float64(1.6695578509242508e-10)}
2024-11-09 16:51:22,720 - INFO - Bottom 10 Mean Stats: {'Max': np.float64(116.0), 'Min': np.float64(70.0), 'Mean': np.float64(80.3), 'Std': np.float64(13.183702059740277)}
2024-11-09 16:51:22,720 - INFO - Bottom 10 Std Stats: {'Max': np.float64(0.0), 'Min': np.float64(0.0), 'Mean': np.float64(0.0), 'Std': np.float64(0.0)}
[I 2024-11-09 16:51:22,752] Trial 69 finished with value: 37.0 and parameters: {'x_0': 1, 'x_1': 5, 'x_2': 3, 'x_3': 1, 'x_4': 1}. Best is trial 10 with value: 9.0.
2024-11-09 16:51:29,918 - INFO - Candidate Mean Stats: {'Max': np.float64(116.0), 'Min': np.float64(-5.631051180898794e-14), 'Mean': np.float64(0.020248244344959032), 'Std': np.float64(1.0545148670965128)}
2024-11-09 16:51:29,920 - INFO - Candidate Std Stats: {'Max': np.float64(0.9999999967419643), 'Min': np.float64(0.0), 'Mean': np.float64(0.9995653431891944), 'Std': np.float64(0.020843608123316475)}
2024-11-09 16:51:29,947 - INFO - Top 10 Mean Stats: {'Max': np.float64(1.4710455076283324e-15), 'Min': np.float64(-3.6193270602780105e-15), 'Mean': np.float64(-1.1218803663837207e-15), 'Std': np.float64(1.7142585011048964e-15)}
2024-11-09 16:51:29,947 - INFO - Top 10 Std Stats: {'Max': np.float64(0.9999999967419643), 'Min': np.float64(0.9999999962907051), 'Mean': np.float64(0.99999999646179), 'Std': np.float64(1.377382537602473e-10)}
2024-11-09 16:51:29,948 - INFO - Bottom 10 Mean Stats: {'Max': np.float64(116.0), 'Min': np.float64(70.0), 'Mean': np.float64(80.3), 'Std': np.float64(13.183702059740277)}
2024-11-09 16:51:29,948 - INFO - Bottom 10 Std Stats: {'Max': np.float64(0.0), 'Min': np.float64(0.0), 'Mean': np.float64(0.0), 'Std': np.float64(0.0)}
[I 2024-11-09 16:51:29,985] Trial 70 finished with value: 37.0 and parameters: {'x_0': 0, 'x_1': 2, 'x_2': -2, 'x_3': -5, 'x_4': 2}. Best is trial 10 with value: 9.0.
2024-11-09 16:51:38,368 - INFO - Candidate Mean Stats: {'Max': np.float64(116.0), 'Min': np.float64(-5.90888449281124e-14), 'Mean': np.float64(0.020477985234490924), 'Std': np.float64(1.0585332594491517)}
2024-11-09 16:51:38,369 - INFO - Candidate Std Stats: {'Max': np.float64(0.9999999968885956), 'Min': np.float64(0.0), 'Mean': np.float64(0.9995591337105358), 'Std': np.float64(0.020991897872440646)}
2024-11-09 16:51:38,410 - INFO - Top 10 Mean Stats: {'Max': np.float64(4.890532423473814e-15), 'Min': np.float64(-3.2307490016592057e-15), 'Mean': np.float64(2.8477220581635255e-16), 'Std': np.float64(2.2038515001724054e-15)}
2024-11-09 16:51:38,410 - INFO - Top 10 Std Stats: {'Max': np.float64(0.9999999968885956), 'Min': np.float64(0.9999999966409342), 'Mean': np.float64(0.9999999967650801), 'Std': np.float64(8.477358402049135e-11)}
2024-11-09 16:51:38,411 - INFO - Bottom 10 Mean Stats: {'Max': np.float64(116.0), 'Min': np.float64(70.0), 'Mean': np.float64(80.3), 'Std': np.float64(13.183702059740277)}
2024-11-09 16:51:38,411 - INFO - Bottom 10 Std Stats: {'Max': np.float64(0.0), 'Min': np.float64(0.0), 'Mean': np.float64(0.0), 'Std': np.float64(0.0)}
[I 2024-11-09 16:51:38,448] Trial 71 finished with value: 73.0 and parameters: {'x_0': 4, 'x_1': 4, 'x_2': -3, 'x_3': -4, 'x_4': -4}. Best is trial 10 with value: 9.0.
2024-11-09 16:51:48,230 - INFO - Candidate Mean Stats: {'Max': np.float64(116.0), 'Min': np.float64(-5.440092820663267e-14), 'Mean': np.float64(0.02093125780032411), 'Std': np.float64(1.0740404037986784)}
2024-11-09 16:51:48,231 - INFO - Candidate Std Stats: {'Max': np.float64(0.9999999964440945), 'Min': np.float64(0.0), 'Mean': np.float64(0.9995529246987335), 'Std': np.float64(0.02113914559005984)}
2024-11-09 16:51:48,277 - INFO - Top 10 Mean Stats: {'Max': np.float64(1.126876369994534e-15), 'Min': np.float64(-5.179190409876355e-15), 'Mean': np.float64(-1.2184697695261093e-15), 'Std': np.float64(1.895582678199637e-15)}
2024-11-09 16:51:48,277 - INFO - Top 10 Std Stats: {'Max': np.float64(0.9999999964440945), 'Min': np.float64(0.9999999960724061), 'Mean': np.float64(0.9999999961887985), 'Std': np.float64(1.091237255436609e-10)}
2024-11-09 16:51:48,278 - INFO - Bottom 10 Mean Stats: {'Max': np.float64(116.0), 'Min': np.float64(71.0), 'Mean': np.float64(80.6), 'Std': np.float64(12.978443666326097)}
2024-11-09 16:51:48,278 - INFO - Bottom 10 Std Stats: {'Max': np.float64(0.0), 'Min': np.float64(0.0), 'Mean': np.float64(0.0), 'Std': np.float64(0.0)}
[I 2024-11-09 16:51:48,317] Trial 72 finished with value: 45.0 and parameters: {'x_0': 0, 'x_1': 5, 'x_2': -4, 'x_3': -2, 'x_4': 0}. Best is trial 10 with value: 9.0.
2024-11-09 16:56:33,345 - INFO - Candidate Mean Stats: {'Max': np.float64(116.0), 'Min': np.float64(-6.006306563222097e-14), 'Mean': np.float64(0.021210672395700764), 'Std': np.float64(1.0798725252147134)}
2024-11-09 16:56:33,347 - INFO - Candidate Std Stats: {'Max': np.float64(0.999999996487069), 'Min': np.float64(0.0), 'Mean': np.float64(0.9995467155706745), 'Std': np.float64(0.021285372889838436)}
2024-11-09 16:56:33,375 - INFO - Top 10 Mean Stats: {'Max': np.float64(4.801714581503802e-15), 'Min': np.float64(-6.1728400169158705e-15), 'Mean': np.float64(9.936496070395154e-17), 'Std': np.float64(2.8839485036259918e-15)}
2024-11-09 16:56:33,375 - INFO - Top 10 Std Stats: {'Max': np.float64(0.999999996487069), 'Min': np.float64(0.9999999962013227), 'Mean': np.float64(0.9999999962688083), 'Std': np.float64(8.717470635174863e-11)}
2024-11-09 16:56:33,376 - INFO - Bottom 10 Mean Stats: {'Max': np.float64(116.0), 'Min': np.float64(71.0), 'Mean': np.float64(80.6), 'Std': np.float64(12.978443666326097)}
2024-11-09 16:56:33,376 - INFO - Bottom 10 Std Stats: {'Max': np.float64(0.0), 'Min': np.float64(0.0), 'Mean': np.float64(0.0), 'Std': np.float64(0.0)}
[I 2024-11-09 16:56:33,414] Trial 73 finished with value: 26.0 and parameters: {'x_0': -1, 'x_1': -2, 'x_2': 1, 'x_3': 4, 'x_4': 2}. Best is trial 10 with value: 9.0.
2024-11-09 16:56:39,399 - INFO - Candidate Mean Stats: {'Max': np.float64(116.0), 'Min': np.float64(-5.581091144790662e-14), 'Mean': np.float64(0.02137211193969611), 'Std': np.float64(1.0818110853158218)}
2024-11-09 16:56:39,399 - INFO - Candidate Std Stats: {'Max': np.float64(0.9999999972171872), 'Min': np.float64(0.0), 'Mean': np.float64(0.9995405063184152), 'Std': np.float64(0.021430600659349576)}
2024-11-09 16:56:39,424 - INFO - Top 10 Mean Stats: {'Max': np.float64(3.1308289294429414e-15), 'Min': np.float64(-4.535261055593765e-15), 'Mean': np.float64(-7.6216810640517e-16), 'Std': np.float64(2.7676583634107778e-15)}
2024-11-09 16:56:39,424 - INFO - Top 10 Std Stats: {'Max': np.float64(0.9999999972171872), 'Min': np.float64(0.9999999965505171), 'Mean': np.float64(0.9999999967716585), 'Std': np.float64(2.28867756080654e-10)}
2024-11-09 16:56:39,424 - INFO - Bottom 10 Mean Stats: {'Max': np.float64(116.0), 'Min': np.float64(71.0), 'Mean': np.float64(80.6), 'Std': np.float64(12.978443666326097)}
2024-11-09 16:56:39,425 - INFO - Bottom 10 Std Stats: {'Max': np.float64(0.0), 'Min': np.float64(0.0), 'Mean': np.float64(0.0), 'Std': np.float64(0.0)}
[I 2024-11-09 16:56:39,449] Trial 74 finished with value: 22.0 and parameters: {'x_0': 1, 'x_1': -2, 'x_2': -2, 'x_3': -3, 'x_4': 2}. Best is trial 10 with value: 9.0.
2024-11-09 16:56:45,216 - INFO - Candidate Mean Stats: {'Max': np.float64(116.0), 'Min': np.float64(-6.06514838352723e-14), 'Mean': np.float64(0.021508714630769137), 'Std': np.float64(1.0831964853522642)}
2024-11-09 16:56:45,217 - INFO - Candidate Std Stats: {'Max': np.float64(0.9999999965972761), 'Min': np.float64(0.0), 'Mean': np.float64(0.9995342965984644), 'Std': np.float64(0.02157484907563287)}
2024-11-09 16:56:45,238 - INFO - Top 10 Mean Stats: {'Max': np.float64(2.4119595209981527e-15), 'Min': np.float64(-2.350897254643769e-15), 'Mean': np.float64(4.791739921516937e-16), 'Std': np.float64(1.6345199105875004e-15)}
2024-11-09 16:56:45,238 - INFO - Top 10 Std Stats: {'Max': np.float64(0.9999999965972761), 'Min': np.float64(0.9999999961913809), 'Mean': np.float64(0.9999999963393575), 'Std': np.float64(1.211654648081683e-10)}
2024-11-09 16:56:45,239 - INFO - Bottom 10 Mean Stats: {'Max': np.float64(116.0), 'Min': np.float64(71.0), 'Mean': np.float64(80.6), 'Std': np.float64(12.978443666326097)}
2024-11-09 16:56:45,239 - INFO - Bottom 10 Std Stats: {'Max': np.float64(0.0), 'Min': np.float64(0.0), 'Mean': np.float64(0.0), 'Std': np.float64(0.0)}
[I 2024-11-09 16:56:45,268] Trial 75 finished with value: 82.0 and parameters: {'x_0': 5, 'x_1': 4, 'x_2': -4, 'x_3': -3, 'x_4': 4}. Best is trial 10 with value: 9.0.
2024-11-09 16:56:49,935 - INFO - Candidate Mean Stats: {'Max': np.float64(116.0), 'Min': np.float64(-6.16839912481737e-14), 'Mean': np.float64(0.022017870115677615), 'Std': np.float64(1.1022899862752238)}
2024-11-09 16:56:49,935 - INFO - Candidate Std Stats: {'Max': np.float64(0.9999999969560643), 'Min': np.float64(0.0), 'Mean': np.float64(0.9995280876960742), 'Std': np.float64(0.02171813768034736)}
2024-11-09 16:56:49,956 - INFO - Top 10 Mean Stats: {'Max': np.float64(4.318767565791859e-15), 'Min': np.float64(-1.2323475573339237e-15), 'Mean': np.float64(7.105427357601002e-16), 'Std': np.float64(1.888182250007418e-15)}
2024-11-09 16:56:49,957 - INFO - Top 10 Std Stats: {'Max': np.float64(0.9999999969560643), 'Min': np.float64(0.9999999964943959), 'Mean': np.float64(0.9999999966342228), 'Std': np.float64(1.5493053847904411e-10)}
2024-11-09 16:56:49,962 - INFO - Bottom 10 Mean Stats: {'Max': np.float64(116.0), 'Min': np.float64(71.0), 'Mean': np.float64(81.7), 'Std': np.float64(12.578155667664475)}
2024-11-09 16:56:49,962 - INFO - Bottom 10 Std Stats: {'Max': np.float64(0.0), 'Min': np.float64(0.0), 'Mean': np.float64(0.0), 'Std': np.float64(0.0)}
[I 2024-11-09 16:56:49,988] Trial 76 finished with value: 43.0 and parameters: {'x_0': 1, 'x_1': 3, 'x_2': 4, 'x_3': -4, 'x_4': 1}. Best is trial 10 with value: 9.0.
2024-11-09 16:56:56,794 - INFO - Candidate Mean Stats: {'Max': np.float64(116.0), 'Min': np.float64(-6.354916592954396e-14), 'Mean': np.float64(0.02228486628459309), 'Std': np.float64(1.1074801219187211)}
2024-11-09 16:56:56,794 - INFO - Candidate Std Stats: {'Max': np.float64(0.999999999016317), 'Min': np.float64(0.0), 'Mean': np.float64(0.9995218785693736), 'Std': np.float64(0.021860485325199987)}
2024-11-09 16:56:56,816 - INFO - Top 10 Mean Stats: {'Max': np.float64(1.4266365866433261e-15), 'Min': np.float64(-9.797718192317006e-16), 'Mean': np.float64(2.2093438190040613e-16), 'Std': np.float64(7.473769981178018e-16)}
2024-11-09 16:56:56,816 - INFO - Top 10 Std Stats: {'Max': np.float64(0.999999999016317), 'Min': np.float64(0.9999999986187605), 'Mean': np.float64(0.9999999987471477), 'Std': np.float64(1.3940984174440213e-10)}
2024-11-09 16:56:56,817 - INFO - Bottom 10 Mean Stats: {'Max': np.float64(116.0), 'Min': np.float64(71.0), 'Mean': np.float64(81.7), 'Std': np.float64(12.578155667664475)}
2024-11-09 16:56:56,817 - INFO - Bottom 10 Std Stats: {'Max': np.float64(0.0), 'Min': np.float64(0.0), 'Mean': np.float64(0.0), 'Std': np.float64(0.0)}
[I 2024-11-09 16:56:56,838] Trial 77 finished with value: 58.0 and parameters: {'x_0': 3, 'x_1': -2, 'x_2': -4, 'x_3': -2, 'x_4': 5}. Best is trial 10 with value: 9.0.
2024-11-09 16:57:02,606 - INFO - Candidate Mean Stats: {'Max': np.float64(116.0), 'Min': np.float64(-6.521450046648169e-14), 'Mean': np.float64(0.02264500065196738), 'Std': np.float64(1.1168633904661796)}
2024-11-09 16:57:02,608 - INFO - Candidate Std Stats: {'Max': np.float64(0.999999998485143), 'Min': np.float64(0.0), 'Mean': np.float64(0.9995156693515128), 'Std': np.float64(0.022001910276365468)}
2024-11-09 16:57:02,631 - INFO - Top 10 Mean Stats: {'Max': np.float64(2.0095036745715335e-15), 'Min': np.float64(-2.4480417692984703e-15), 'Mean': np.float64(-2.503552920529728e-16), 'Std': np.float64(1.4147361857791408e-15)}
2024-11-09 16:57:02,631 - INFO - Top 10 Std Stats: {'Max': np.float64(0.999999998485143), 'Min': np.float64(0.9999999978626587), 'Mean': np.float64(0.9999999981474724), 'Std': np.float64(1.8101707446131758e-10)}
2024-11-09 16:57:02,632 - INFO - Bottom 10 Mean Stats: {'Max': np.float64(116.0), 'Min': np.float64(71.0), 'Mean': np.float64(81.7), 'Std': np.float64(12.578155667664475)}
2024-11-09 16:57:02,632 - INFO - Bottom 10 Std Stats: {'Max': np.float64(0.0), 'Min': np.float64(0.0), 'Mean': np.float64(0.0), 'Std': np.float64(0.0)}
[I 2024-11-09 16:57:02,670] Trial 78 finished with value: 46.0 and parameters: {'x_0': -1, 'x_1': 2, 'x_2': 0, 'x_3': -5, 'x_4': -4}. Best is trial 10 with value: 9.0.
2024-11-09 16:57:08,321 - INFO - Candidate Mean Stats: {'Max': np.float64(116.0), 'Min': np.float64(-5.182521078950231e-14), 'Mean': np.float64(0.02293062446057457), 'Std': np.float64(1.122724147186617)}
2024-11-09 16:57:08,321 - INFO - Candidate Std Stats: {'Max': np.float64(0.9999999968976003), 'Min': np.float64(0.0), 'Mean': np.float64(0.9995094600601959), 'Std': np.float64(0.022142430214056267)}
2024-11-09 16:57:08,350 - INFO - Top 10 Mean Stats: {'Max': np.float64(4.046762924758696e-15), 'Min': np.float64(-1.0325074129013957e-15), 'Mean': np.float64(1.1626810625386952e-15), 'Std': np.float64(1.528829133129946e-15)}
2024-11-09 16:57:08,350 - INFO - Top 10 Std Stats: {'Max': np.float64(0.9999999968976003), 'Min': np.float64(0.9999999962998664), 'Mean': np.float64(0.9999999965592468), 'Std': np.float64(1.8623176143281682e-10)}
2024-11-09 16:57:08,351 - INFO - Bottom 10 Mean Stats: {'Max': np.float64(116.0), 'Min': np.float64(71.0), 'Mean': np.float64(81.7), 'Std': np.float64(12.578155667664475)}
2024-11-09 16:57:08,351 - INFO - Bottom 10 Std Stats: {'Max': np.float64(0.0), 'Min': np.float64(0.0), 'Mean': np.float64(0.0), 'Std': np.float64(0.0)}
