[I 2024-11-09 17:24:53,436] Trial 255 finished with value: 36.0 and parameters: {'x_0': -1, 'x_1': 3, 'x_2': -1, 'x_3': -4, 'x_4': 3}. Best is trial 186 with value: 11.0.
2024-11-09 17:25:05,625 - INFO - Candidate Mean Stats: {'Max': np.float64(101.0), 'Min': np.float64(-5.784261958297066e-14), 'Mean': np.float64(0.07795046289684635), 'Std': np.float64(2.0883215561990225)}
2024-11-09 17:25:05,626 - INFO - Candidate Std Stats: {'Max': np.float64(0.9999999968718545), 'Min': np.float64(0.0), 'Mean': np.float64(0.9984104288842276), 'Std': np.float64(0.039837568333164035)}
2024-11-09 17:25:05,678 - INFO - Top 10 Mean Stats: {'Max': np.float64(4.218847493575595e-15), 'Min': np.float64(-2.6645352591003757e-15), 'Mean': np.float64(2.220446049250316e-17), 'Std': np.float64(2.0261615824961487e-15)}
2024-11-09 17:25:05,678 - INFO - Top 10 Std Stats: {'Max': np.float64(0.9999999968718545), 'Min': np.float64(0.9999999962571767), 'Mean': np.float64(0.999999996506628), 'Std': np.float64(1.6776790387448006e-10)}
2024-11-09 17:25:05,678 - INFO - Bottom 10 Mean Stats: {'Max': np.float64(101.0), 'Min': np.float64(84.0), 'Mean': np.float64(92.6), 'Std': np.float64(6.483826030978932)}
2024-11-09 17:25:05,678 - INFO - Bottom 10 Std Stats: {'Max': np.float64(0.0), 'Min': np.float64(0.0), 'Mean': np.float64(0.0), 'Std': np.float64(0.0)}
[I 2024-11-09 17:25:05,805] Trial 256 finished with value: 79.0 and parameters: {'x_0': 4, 'x_1': -3, 'x_2': -5, 'x_3': 2, 'x_4': 5}. Best is trial 186 with value: 11.0.
2024-11-09 17:25:17,240 - INFO - Candidate Mean Stats: {'Max': np.float64(101.0), 'Min': np.float64(-6.110667527536861e-14), 'Mean': np.float64(0.07844099074206307), 'Std': np.float64(2.097560942498421)}
2024-11-09 17:25:17,242 - INFO - Candidate Std Stats: {'Max': np.float64(0.9999999968120047), 'Min': np.float64(0.0), 'Mean': np.float64(0.9984042197868396), 'Std': np.float64(0.03991517613356459)}
2024-11-09 17:25:17,306 - INFO - Top 10 Mean Stats: {'Max': np.float64(1.865174681370263e-15), 'Min': np.float64(-3.796962744218036e-15), 'Mean': np.float64(-4.773959005888172e-17), 'Std': np.float64(1.6354760906741298e-15)}
2024-11-09 17:25:17,307 - INFO - Top 10 Std Stats: {'Max': np.float64(0.9999999968120047), 'Min': np.float64(0.9999999964690169), 'Mean': np.float64(0.9999999965957741), 'Std': np.float64(1.0765683651247512e-10)}
2024-11-09 17:25:17,307 - INFO - Bottom 10 Mean Stats: {'Max': np.float64(101.0), 'Min': np.float64(84.0), 'Mean': np.float64(92.6), 'Std': np.float64(6.483826030978932)}
2024-11-09 17:25:17,310 - INFO - Bottom 10 Std Stats: {'Max': np.float64(0.0), 'Min': np.float64(0.0), 'Mean': np.float64(0.0), 'Std': np.float64(0.0)}
[I 2024-11-09 17:25:17,463] Trial 257 finished with value: 50.0 and parameters: {'x_0': 2, 'x_1': -5, 'x_2': 4, 'x_3': 1, 'x_4': -2}. Best is trial 186 with value: 11.0.
2024-11-09 17:25:25,429 - INFO - Candidate Mean Stats: {'Max': np.float64(101.0), 'Min': np.float64(-6.798450691292146e-14), 'Mean': np.float64(0.0787514514035927), 'Std': np.float64(2.1012463298009036)}
2024-11-09 17:25:25,431 - INFO - Candidate Std Stats: {'Max': np.float64(0.9999999968422203), 'Min': np.float64(0.0), 'Mean': np.float64(0.9983980103188415), 'Std': np.float64(0.03999263235340053)}
2024-11-09 17:25:25,455 - INFO - Top 10 Mean Stats: {'Max': np.float64(3.697042672001771e-15), 'Min': np.float64(-4.585221091701896e-15), 'Mean': np.float64(-2.1288526497187381e-16), 'Std': np.float64(2.353167413356824e-15)}
2024-11-09 17:25:25,455 - INFO - Top 10 Std Stats: {'Max': np.float64(0.9999999968422203), 'Min': np.float64(0.999999996342466), 'Mean': np.float64(0.9999999965521503), 'Std': np.float64(1.5367471498062724e-10)}
2024-11-09 17:25:25,455 - INFO - Bottom 10 Mean Stats: {'Max': np.float64(101.0), 'Min': np.float64(84.0), 'Mean': np.float64(92.6), 'Std': np.float64(6.483826030978932)}
2024-11-09 17:25:25,455 - INFO - Bottom 10 Std Stats: {'Max': np.float64(0.0), 'Min': np.float64(0.0), 'Mean': np.float64(0.0), 'Std': np.float64(0.0)}
[I 2024-11-09 17:25:25,513] Trial 258 finished with value: 43.0 and parameters: {'x_0': 0, 'x_1': 0, 'x_2': -3, 'x_3': -3, 'x_4': -5}. Best is trial 186 with value: 11.0.
2024-11-09 17:25:32,967 - INFO - Candidate Mean Stats: {'Max': np.float64(101.0), 'Min': np.float64(-6.30828722592014e-14), 'Mean': np.float64(0.07901844757250807), 'Std': np.float64(2.103966456435686)}
2024-11-09 17:25:32,967 - INFO - Candidate Std Stats: {'Max': np.float64(0.9999999962900592), 'Min': np.float64(0.0), 'Mean': np.float64(0.9983918010874829), 'Std': np.float64(0.04006993789589857)}
2024-11-09 17:25:32,993 - INFO - Top 10 Mean Stats: {'Max': np.float64(5.045963646921337e-15), 'Min': np.float64(-2.989275493803234e-15), 'Mean': np.float64(2.0088097851811426e-16), 'Std': np.float64(2.563713746682484e-15)}
2024-11-09 17:25:32,993 - INFO - Top 10 Std Stats: {'Max': np.float64(0.9999999962900592), 'Min': np.float64(0.9999999960186021), 'Mean': np.float64(0.9999999961638852), 'Std': np.float64(9.12302205573326e-11)}
2024-11-09 17:25:32,993 - INFO - Bottom 10 Mean Stats: {'Max': np.float64(101.0), 'Min': np.float64(84.0), 'Mean': np.float64(92.6), 'Std': np.float64(6.483826030978932)}
2024-11-09 17:25:32,993 - INFO - Bottom 10 Std Stats: {'Max': np.float64(0.0), 'Min': np.float64(0.0), 'Mean': np.float64(0.0), 'Std': np.float64(0.0)}
[I 2024-11-09 17:25:33,029] Trial 259 finished with value: 34.0 and parameters: {'x_0': 1, 'x_1': -3, 'x_2': -2, 'x_3': 2, 'x_4': 4}. Best is trial 186 with value: 11.0.
2024-11-09 17:25:39,245 - INFO - Candidate Mean Stats: {'Max': np.float64(101.0), 'Min': np.float64(-5.092593013955593e-14), 'Mean': np.float64(0.07922956082234825), 'Std': np.float64(2.1056636227208196)}
2024-11-09 17:25:39,246 - INFO - Candidate Std Stats: {'Max': np.float64(0.9999999981867018), 'Min': np.float64(0.0), 'Mean': np.float64(0.9983855921370287), 'Std': np.float64(0.040147093633362184)}
2024-11-09 17:25:39,270 - INFO - Top 10 Mean Stats: {'Max': np.float64(2.3314683517128287e-15), 'Min': np.float64(-1.4988010832439613e-15), 'Mean': np.float64(3.259892356055616e-16), 'Std': np.float64(1.155075290842827e-15)}
2024-11-09 17:25:39,270 - INFO - Top 10 Std Stats: {'Max': np.float64(0.9999999981867018), 'Min': np.float64(0.9999999976230907), 'Mean': np.float64(0.9999999979882676), 'Std': np.float64(1.9280218853616303e-10)}
2024-11-09 17:25:39,270 - INFO - Bottom 10 Mean Stats: {'Max': np.float64(101.0), 'Min': np.float64(84.0), 'Mean': np.float64(92.6), 'Std': np.float64(6.483826030978932)}
2024-11-09 17:25:39,271 - INFO - Bottom 10 Std Stats: {'Max': np.float64(0.0), 'Min': np.float64(0.0), 'Mean': np.float64(0.0), 'Std': np.float64(0.0)}
[I 2024-11-09 17:25:39,311] Trial 260 finished with value: 64.0 and parameters: {'x_0': 5, 'x_1': -5, 'x_2': 1, 'x_3': 2, 'x_4': 3}. Best is trial 186 with value: 11.0.
2024-11-09 17:25:47,952 - INFO - Candidate Mean Stats: {'Max': np.float64(101.0), 'Min': np.float64(-5.440092820663267e-14), 'Mean': np.float64(0.07962695046910608), 'Std': np.float64(2.1116792136850147)}
2024-11-09 17:25:47,953 - INFO - Candidate Std Stats: {'Max': np.float64(0.9999999979001114), 'Min': np.float64(0.0), 'Mean': np.float64(0.9983793828083263), 'Std': np.float64(0.04022410040140889)}
2024-11-09 17:25:47,978 - INFO - Top 10 Mean Stats: {'Max': np.float64(2.0983215165415457e-15), 'Min': np.float64(-8.881784197001252e-16), 'Mean': np.float64(1.1657341758564144e-15), 'Std': np.float64(9.443554698059168e-16)}
2024-11-09 17:25:47,978 - INFO - Top 10 Std Stats: {'Max': np.float64(0.9999999979001114), 'Min': np.float64(0.9999999975151637), 'Mean': np.float64(0.9999999976816654), 'Std': np.float64(1.5398296875165504e-10)}
2024-11-09 17:25:47,978 - INFO - Bottom 10 Mean Stats: {'Max': np.float64(101.0), 'Min': np.float64(84.0), 'Mean': np.float64(92.6), 'Std': np.float64(6.483826030978932)}
2024-11-09 17:25:47,978 - INFO - Bottom 10 Std Stats: {'Max': np.float64(0.0), 'Min': np.float64(0.0), 'Mean': np.float64(0.0), 'Std': np.float64(0.0)}
[I 2024-11-09 17:25:48,039] Trial 261 finished with value: 28.0 and parameters: {'x_0': 3, 'x_1': 1, 'x_2': 1, 'x_3': 1, 'x_4': 4}. Best is trial 186 with value: 11.0.
2024-11-09 17:25:57,859 - INFO - Candidate Mean Stats: {'Max': np.float64(101.0), 'Min': np.float64(-6.250555628639631e-14), 'Mean': np.float64(0.07980080843956264), 'Std': np.float64(2.1128249825519254)}
2024-11-09 17:25:57,861 - INFO - Candidate Std Stats: {'Max': np.float64(0.9999999963340119), 'Min': np.float64(0.0), 'Mean': np.float64(0.9983731737279459), 'Std': np.float64(0.04030095907910519)}
2024-11-09 17:25:57,925 - INFO - Top 10 Mean Stats: {'Max': np.float64(2.609024107869118e-15), 'Min': np.float64(-3.0864200084579353e-15), 'Mean': np.float64(3.5388358909926865e-16), 'Std': np.float64(1.724870576019936e-15)}
2024-11-09 17:25:57,925 - INFO - Top 10 Std Stats: {'Max': np.float64(0.9999999963340119), 'Min': np.float64(0.9999999959212761), 'Mean': np.float64(0.9999999960894123), 'Std': np.float64(1.309719805401576e-10)}
2024-11-09 17:25:57,925 - INFO - Bottom 10 Mean Stats: {'Max': np.float64(101.0), 'Min': np.float64(84.0), 'Mean': np.float64(92.6), 'Std': np.float64(6.483826030978932)}
2024-11-09 17:25:57,925 - INFO - Bottom 10 Std Stats: {'Max': np.float64(0.0), 'Min': np.float64(0.0), 'Mean': np.float64(0.0), 'Std': np.float64(0.0)}
[I 2024-11-09 17:25:58,001] Trial 262 finished with value: 46.0 and parameters: {'x_0': 1, 'x_1': -4, 'x_2': 2, 'x_3': 5, 'x_4': 0}. Best is trial 186 with value: 11.0.
2024-11-09 17:26:04,637 - INFO - Candidate Mean Stats: {'Max': np.float64(101.0), 'Min': np.float64(-5.782041512247815e-14), 'Mean': np.float64(0.08008643224816982), 'Std': np.float64(2.1159211787041703)}
2024-11-09 17:26:04,638 - INFO - Candidate Std Stats: {'Max': np.float64(0.9999999963404872), 'Min': np.float64(0.0), 'Mean': np.float64(0.9983669644093747), 'Std': np.float64(0.04037767049255694)}
2024-11-09 17:26:04,664 - INFO - Top 10 Mean Stats: {'Max': np.float64(3.3251179587523438e-15), 'Min': np.float64(-2.930988785010413e-15), 'Mean': np.float64(-3.047562202596054e-16), 'Std': np.float64(1.934234189029673e-15)}
2024-11-09 17:26:04,664 - INFO - Top 10 Std Stats: {'Max': np.float64(0.9999999963404872), 'Min': np.float64(0.9999999960460693), 'Mean': np.float64(0.9999999961738775), 'Std': np.float64(9.63136135868487e-11)}
2024-11-09 17:26:04,665 - INFO - Bottom 10 Mean Stats: {'Max': np.float64(101.0), 'Min': np.float64(84.0), 'Mean': np.float64(92.6), 'Std': np.float64(6.483826030978932)}
2024-11-09 17:26:04,665 - INFO - Bottom 10 Std Stats: {'Max': np.float64(0.0), 'Min': np.float64(0.0), 'Mean': np.float64(0.0), 'Std': np.float64(0.0)}
[I 2024-11-09 17:26:04,697] Trial 263 finished with value: 66.0 and parameters: {'x_0': -5, 'x_1': 3, 'x_2': -4, 'x_3': -4, 'x_4': 0}. Best is trial 186 with value: 11.0.
2024-11-09 17:26:11,281 - INFO - Candidate Mean Stats: {'Max': np.float64(101.0), 'Min': np.float64(-5.417888360170764e-14), 'Mean': np.float64(0.08049624032138888), 'Std': np.float64(2.122287435585874)}
2024-11-09 17:26:11,282 - INFO - Candidate Std Stats: {'Max': np.float64(0.9999999959806388), 'Min': np.float64(0.0), 'Mean': np.float64(0.998360755554718), 'Std': np.float64(0.040454235507854354)}
2024-11-09 17:26:11,315 - INFO - Top 10 Mean Stats: {'Max': np.float64(4.345829252017097e-15), 'Min': np.float64(-4.085620730620576e-15), 'Mean': np.float64(-1.946359740045977e-16), 'Std': np.float64(2.5906868884342484e-15)}
2024-11-09 17:26:11,315 - INFO - Top 10 Std Stats: {'Max': np.float64(0.9999999959806388), 'Min': np.float64(0.9999999958267987), 'Mean': np.float64(0.9999999959124942), 'Std': np.float64(5.764614106372758e-11)}
2024-11-09 17:26:11,315 - INFO - Bottom 10 Mean Stats: {'Max': np.float64(101.0), 'Min': np.float64(84.0), 'Mean': np.float64(92.6), 'Std': np.float64(6.483826030978932)}
2024-11-09 17:26:11,315 - INFO - Bottom 10 Std Stats: {'Max': np.float64(0.0), 'Min': np.float64(0.0), 'Mean': np.float64(0.0), 'Std': np.float64(0.0)}
[I 2024-11-09 17:26:11,368] Trial 264 finished with value: 35.0 and parameters: {'x_0': -1, 'x_1': 0, 'x_2': 3, 'x_3': 5, 'x_4': 0}. Best is trial 186 with value: 11.0.
2024-11-09 17:26:20,061 - INFO - Candidate Mean Stats: {'Max': np.float64(101.0), 'Min': np.float64(-7.736589147100404e-14), 'Mean': np.float64(0.0807135627844596), 'Std': np.float64(2.1240704345528787)}
2024-11-09 17:26:20,062 - INFO - Candidate Std Stats: {'Max': np.float64(0.9999999964107326), 'Min': np.float64(0.0), 'Mean': np.float64(0.9983545458048957), 'Std': np.float64(0.04053065489970218)}
2024-11-09 17:26:20,087 - INFO - Top 10 Mean Stats: {'Max': np.float64(5.007105841059456e-15), 'Min': np.float64(-3.480549182199866e-15), 'Mean': np.float64(6.154105003375321e-16), 'Std': np.float64(2.7786429336880498e-15)}
2024-11-09 17:26:20,087 - INFO - Top 10 Std Stats: {'Max': np.float64(0.9999999964107326), 'Min': np.float64(0.999999996192059), 'Mean': np.float64(0.9999999962611998), 'Std': np.float64(6.441607217862493e-11)}
2024-11-09 17:26:20,087 - INFO - Bottom 10 Mean Stats: {'Max': np.float64(101.0), 'Min': np.float64(84.0), 'Mean': np.float64(92.6), 'Std': np.float64(6.483826030978932)}
2024-11-09 17:26:20,087 - INFO - Bottom 10 Std Stats: {'Max': np.float64(0.0), 'Min': np.float64(0.0), 'Mean': np.float64(0.0), 'Std': np.float64(0.0)}
[I 2024-11-09 17:26:20,124] Trial 265 finished with value: 26.0 and parameters: {'x_0': -3, 'x_1': -2, 'x_2': 2, 'x_3': -3, 'x_4': 0}. Best is trial 186 with value: 11.0.
2024-11-09 17:26:29,603 - INFO - Candidate Mean Stats: {'Max': np.float64(101.0), 'Min': np.float64(-5.906386491005833e-14), 'Mean': np.float64(0.08087500232845499), 'Std': np.float64(2.1250521293138362)}
2024-11-09 17:26:29,604 - INFO - Candidate Std Stats: {'Max': np.float64(0.9999999966867203), 'Min': np.float64(0.0), 'Mean': np.float64(0.9983483365584054), 'Std': np.float64(0.0406069295467317)}
2024-11-09 17:26:29,629 - INFO - Top 10 Mean Stats: {'Max': np.float64(3.2085445411667022e-15), 'Min': np.float64(-3.885780586188048e-15), 'Mean': np.float64(-4.263256414560602e-16), 'Std': np.float64(2.1103435705318197e-15)}
2024-11-09 17:26:29,629 - INFO - Top 10 Std Stats: {'Max': np.float64(0.9999999966867203), 'Min': np.float64(0.9999999961996323), 'Mean': np.float64(0.9999999963962418), 'Std': np.float64(1.8650448703407195e-10)}
2024-11-09 17:26:29,630 - INFO - Bottom 10 Mean Stats: {'Max': np.float64(101.0), 'Min': np.float64(84.0), 'Mean': np.float64(92.6), 'Std': np.float64(6.483826030978932)}
2024-11-09 17:26:29,630 - INFO - Bottom 10 Std Stats: {'Max': np.float64(0.0), 'Min': np.float64(0.0), 'Mean': np.float64(0.0), 'Std': np.float64(0.0)}
[I 2024-11-09 17:26:29,683] Trial 266 finished with value: 63.0 and parameters: {'x_0': 2, 'x_1': 3, 'x_2': -3, 'x_3': 4, 'x_4': 5}. Best is trial 186 with value: 11.0.
2024-11-09 17:26:36,496 - INFO - Candidate Mean Stats: {'Max': np.float64(101.0), 'Min': np.float64(-7.167599846980011e-14), 'Mean': np.float64(0.08126618276198225), 'Std': np.float64(2.1308278891441264)}
2024-11-09 17:26:36,496 - INFO - Candidate Std Stats: {'Max': np.float64(0.9999999991787226), 'Min': np.float64(0.0), 'Mean': np.float64(0.9983421274707025), 'Std': np.float64(0.04068306024925756)}
2024-11-09 17:26:36,523 - INFO - Top 10 Mean Stats: {'Max': np.float64(1.0547118733938987e-15), 'Min': np.float64(-1.5265566588595902e-15), 'Mean': np.float64(1.5210055437364646e-16), 'Std': np.float64(6.852792600705963e-16)}
2024-11-09 17:26:36,523 - INFO - Top 10 Std Stats: {'Max': np.float64(0.9999999991787226), 'Min': np.float64(0.9999999987013172), 'Mean': np.float64(0.9999999989235817), 'Std': np.float64(1.5054979931240663e-10)}
2024-11-09 17:26:36,524 - INFO - Bottom 10 Mean Stats: {'Max': np.float64(101.0), 'Min': np.float64(84.0), 'Mean': np.float64(92.6), 'Std': np.float64(6.483826030978932)}
2024-11-09 17:26:36,524 - INFO - Bottom 10 Std Stats: {'Max': np.float64(0.0), 'Min': np.float64(0.0), 'Mean': np.float64(0.0), 'Std': np.float64(0.0)}
[I 2024-11-09 17:26:36,560] Trial 267 finished with value: 45.0 and parameters: {'x_0': 4, 'x_1': 3, 'x_2': 4, 'x_3': 2, 'x_4': 0}. Best is trial 186 with value: 11.0.
2024-11-09 17:26:42,937 - INFO - Candidate Mean Stats: {'Max': np.float64(101.0), 'Min': np.float64(-5.683231663056176e-14), 'Mean': np.float64(0.08154559735735885), 'Std': np.float64(2.1337656052056646)}
2024-11-09 17:26:42,939 - INFO - Candidate Std Stats: {'Max': np.float64(0.9999999967212673), 'Min': np.float64(0.0), 'Mean': np.float64(0.9983359184518236), 'Std': np.float64(0.04075904781026814)}
2024-11-09 17:26:42,961 - INFO - Top 10 Mean Stats: {'Max': np.float64(4.5907722068250225e-15), 'Min': np.float64(-1.992850329202156e-15), 'Mean': np.float64(1.1843304115188856e-15), 'Std': np.float64(2.1433049045296455e-15)}
2024-11-09 17:26:42,961 - INFO - Top 10 Std Stats: {'Max': np.float64(0.9999999967212673), 'Min': np.float64(0.9999999961705693), 'Mean': np.float64(0.9999999963467469), 'Std': np.float64(1.5985031040228847e-10)}
2024-11-09 17:26:42,961 - INFO - Bottom 10 Mean Stats: {'Max': np.float64(101.0), 'Min': np.float64(84.0), 'Mean': np.float64(92.6), 'Std': np.float64(6.483826030978932)}
2024-11-09 17:26:42,961 - INFO - Bottom 10 Std Stats: {'Max': np.float64(0.0), 'Min': np.float64(0.0), 'Mean': np.float64(0.0), 'Std': np.float64(0.0)}
[I 2024-11-09 17:26:42,993] Trial 268 finished with value: 40.0 and parameters: {'x_0': -3, 'x_1': -1, 'x_2': 1, 'x_3': -2, 'x_4': 5}. Best is trial 186 with value: 11.0.
2024-11-09 17:26:48,976 - INFO - Candidate Mean Stats: {'Max': np.float64(101.0), 'Min': np.float64(-5.172529071728604e-14), 'Mean': np.float64(0.0817939658865825), 'Std': np.float64(2.136082823937442)}
2024-11-09 17:26:48,977 - INFO - Candidate Std Stats: {'Max': np.float64(0.9999999965638042), 'Min': np.float64(0.0), 'Mean': np.float64(0.9983297094344519), 'Std': np.float64(0.040834893026135514)}
2024-11-09 17:26:49,002 - INFO - Top 10 Mean Stats: {'Max': np.float64(2.6867397195928787e-15), 'Min': np.float64(-3.247402347028583e-15), 'Mean': np.float64(-4.842480583189257e-16), 'Std': np.float64(1.9440605618648713e-15)}
2024-11-09 17:26:49,003 - INFO - Top 10 Std Stats: {'Max': np.float64(0.9999999965638042), 'Min': np.float64(0.9999999962168524), 'Mean': np.float64(0.9999999964182852), 'Std': np.float64(1.256948828383128e-10)}
2024-11-09 17:26:49,003 - INFO - Bottom 10 Mean Stats: {'Max': np.float64(101.0), 'Min': np.float64(84.0), 'Mean': np.float64(92.6), 'Std': np.float64(6.483826030978932)}
2024-11-09 17:26:49,003 - INFO - Bottom 10 Std Stats: {'Max': np.float64(0.0), 'Min': np.float64(0.0), 'Mean': np.float64(0.0), 'Std': np.float64(0.0)}
[I 2024-11-09 17:26:49,040] Trial 269 finished with value: 39.0 and parameters: {'x_0': 3, 'x_1': -4, 'x_2': -3, 'x_3': -1, 'x_4': 2}. Best is trial 186 with value: 11.0.
2024-11-09 17:26:54,939 - INFO - Candidate Mean Stats: {'Max': np.float64(101.0), 'Min': np.float64(-5.3734794391857577e-14), 'Mean': np.float64(0.08203612520257555), 'Std': np.float64(2.1382830427849084)}
2024-11-09 17:26:54,940 - INFO - Candidate Std Stats: {'Max': np.float64(0.9999999963452124), 'Min': np.float64(0.0), 'Mean': np.float64(0.9983235000717279), 'Std': np.float64(0.04091059667433843)}
2024-11-09 17:26:54,964 - INFO - Top 10 Mean Stats: {'Max': np.float64(6.716849298982197e-15), 'Min': np.float64(-4.642813911104327e-15), 'Mean': np.float64(-6.311097477951223e-16), 'Std': np.float64(2.904338029691145e-15)}
2024-11-09 17:26:54,964 - INFO - Top 10 Std Stats: {'Max': np.float64(0.9999999963452124), 'Min': np.float64(0.9999999957668751), 'Mean': np.float64(0.9999999959417518), 'Std': np.float64(1.516157035381283e-10)}
2024-11-09 17:26:54,964 - INFO - Bottom 10 Mean Stats: {'Max': np.float64(101.0), 'Min': np.float64(84.0), 'Mean': np.float64(92.6), 'Std': np.float64(6.483826030978932)}
2024-11-09 17:26:54,964 - INFO - Bottom 10 Std Stats: {'Max': np.float64(0.0), 'Min': np.float64(0.0), 'Mean': np.float64(0.0), 'Std': np.float64(0.0)}
[I 2024-11-09 17:26:55,001] Trial 270 finished with value: 55.0 and parameters: {'x_0': 4, 'x_1': -2, 'x_2': -5, 'x_3': -1, 'x_4': -3}. Best is trial 186 with value: 11.0.
2024-11-09 17:26:59,610 - INFO - Candidate Mean Stats: {'Max': np.float64(101.0), 'Min': np.float64(-5.806466418789569e-14), 'Mean': np.float64(0.08237763193025814), 'Std': np.float64(2.1426574837523247)}
2024-11-09 17:26:59,610 - INFO - Candidate Std Stats: {'Max': np.float64(0.9999999962905289), 'Min': np.float64(0.0), 'Mean': np.float64(0.99831729070759), 'Std': np.float64(0.04098615955328969)}
2024-11-09 17:26:59,632 - INFO - Top 10 Mean Stats: {'Max': np.float64(4.218847493575595e-15), 'Min': np.float64(-3.508304757815495e-15), 'Mean': np.float64(1.4035994588823544e-15), 'Std': np.float64(2.081984209173183e-15)}
2024-11-09 17:26:59,632 - INFO - Top 10 Std Stats: {'Max': np.float64(0.9999999962905289), 'Min': np.float64(0.9999999958856564), 'Mean': np.float64(0.9999999960300221), 'Std': np.float64(1.3026961690779047e-10)}
2024-11-09 17:26:59,632 - INFO - Bottom 10 Mean Stats: {'Max': np.float64(101.0), 'Min': np.float64(84.0), 'Mean': np.float64(92.6), 'Std': np.float64(6.483826030978932)}
2024-11-09 17:26:59,632 - INFO - Bottom 10 Std Stats: {'Max': np.float64(0.0), 'Min': np.float64(0.0), 'Mean': np.float64(0.0), 'Std': np.float64(0.0)}
