[I 2024-11-09 17:00:48,219] Trial 106 finished with value: 47.0 and parameters: {'x_0': -3, 'x_1': -3, 'x_2': -4, 'x_3': 2, 'x_4': 3}. Best is trial 69 with value: 10.0.
2024-11-09 17:00:56,605 - INFO - Candidate Mean Stats: {'Max': np.float64(86.0), 'Min': np.float64(-5.627165400312606e-14), 'Mean': np.float64(0.03184705465970408), 'Std': np.float64(1.3127274024635207)}
2024-11-09 17:00:56,606 - INFO - Candidate Std Stats: {'Max': np.float64(0.9999999984799118), 'Min': np.float64(0.0), 'Mean': np.float64(0.9993355995816056), 'Std': np.float64(0.025767118344075062)}
2024-11-09 17:00:56,630 - INFO - Top 10 Mean Stats: {'Max': np.float64(9.825473767932635e-16), 'Min': np.float64(-9.159339953157541e-16), 'Mean': np.float64(3.0531133177191777e-17), 'Std': np.float64(6.295378177329821e-16)}
2024-11-09 17:00:56,630 - INFO - Top 10 Std Stats: {'Max': np.float64(0.9999999984799118), 'Min': np.float64(0.9999999983551298), 'Mean': np.float64(0.999999998414466), 'Std': np.float64(4.066551848311815e-11)}
2024-11-09 17:00:56,630 - INFO - Bottom 10 Mean Stats: {'Max': np.float64(86.0), 'Min': np.float64(71.0), 'Mean': np.float64(77.6), 'Std': np.float64(4.521061822182926)}
2024-11-09 17:00:56,630 - INFO - Bottom 10 Std Stats: {'Max': np.float64(0.0), 'Min': np.float64(0.0), 'Mean': np.float64(0.0), 'Std': np.float64(0.0)}
[I 2024-11-09 17:00:56,660] Trial 107 finished with value: 61.0 and parameters: {'x_0': -5, 'x_1': -5, 'x_2': -1, 'x_3': -1, 'x_4': -3}. Best is trial 69 with value: 10.0.
2024-11-09 17:01:06,842 - INFO - Candidate Mean Stats: {'Max': np.float64(86.0), 'Min': np.float64(-5.597744490160039e-14), 'Mean': np.float64(0.03222581666677015), 'Std': np.float64(1.3214891022026296)}
2024-11-09 17:01:06,842 - INFO - Candidate Std Stats: {'Max': np.float64(0.9999999983638169), 'Min': np.float64(0.0), 'Mean': np.float64(0.9993293902332098), 'Std': np.float64(0.02588716499435218)}
2024-11-09 17:01:06,868 - INFO - Top 10 Mean Stats: {'Max': np.float64(1.5543122344752192e-15), 'Min': np.float64(-1.3766765505351941e-15), 'Mean': np.float64(-2.1316282072803e-16), 'Std': np.float64(1.0259902494307235e-15)}
2024-11-09 17:01:06,868 - INFO - Top 10 Std Stats: {'Max': np.float64(0.9999999983638169), 'Min': np.float64(0.9999999978664937), 'Mean': np.float64(0.9999999981135519), 'Std': np.float64(1.7234720173485876e-10)}
2024-11-09 17:01:06,868 - INFO - Bottom 10 Mean Stats: {'Max': np.float64(86.0), 'Min': np.float64(71.0), 'Mean': np.float64(77.6), 'Std': np.float64(4.521061822182926)}
2024-11-09 17:01:06,868 - INFO - Bottom 10 Std Stats: {'Max': np.float64(0.0), 'Min': np.float64(0.0), 'Mean': np.float64(0.0), 'Std': np.float64(0.0)}
[I 2024-11-09 17:01:06,900] Trial 108 finished with value: 40.0 and parameters: {'x_0': -2, 'x_1': -4, 'x_2': -2, 'x_3': 0, 'x_4': 4}. Best is trial 69 with value: 10.0.
2024-11-09 17:01:16,927 - INFO - Candidate Mean Stats: {'Max': np.float64(86.0), 'Min': np.float64(-4.8383519413164323e-14), 'Mean': np.float64(0.032474185195993786), 'Std': np.float64(1.3252366275367409)}
2024-11-09 17:01:16,927 - INFO - Candidate Std Stats: {'Max': np.float64(0.9999999956740054), 'Min': np.float64(0.0), 'Mean': np.float64(0.9993231807585586), 'Std': np.float64(0.02600665602973865)}
2024-11-09 17:01:16,951 - INFO - Top 10 Mean Stats: {'Max': np.float64(2.4202861936828413e-15), 'Min': np.float64(-2.1316282072803005e-15), 'Mean': np.float64(2.5812685322534887e-16), 'Std': np.float64(1.593928544412801e-15)}
2024-11-09 17:01:16,951 - INFO - Top 10 Std Stats: {'Max': np.float64(0.9999999956740054), 'Min': np.float64(0.999999995028154), 'Mean': np.float64(0.9999999951937564), 'Std': np.float64(1.7583601189963237e-10)}
2024-11-09 17:01:16,951 - INFO - Bottom 10 Mean Stats: {'Max': np.float64(86.0), 'Min': np.float64(71.0), 'Mean': np.float64(77.6), 'Std': np.float64(4.521061822182926)}
2024-11-09 17:01:16,951 - INFO - Bottom 10 Std Stats: {'Max': np.float64(0.0), 'Min': np.float64(0.0), 'Mean': np.float64(0.0), 'Std': np.float64(0.0)}
[I 2024-11-09 17:01:16,981] Trial 109 finished with value: 2.0 and parameters: {'x_0': 0, 'x_1': -1, 'x_2': 0, 'x_3': -1, 'x_4': 0}. Best is trial 109 with value: 2.0.
2024-11-09 17:01:28,207 - INFO - Candidate Mean Stats: {'Max': np.float64(86.0), 'Min': np.float64(-4.434230760352875e-14), 'Mean': np.float64(0.03248660362245501), 'Std': np.float64(1.3252456938647637)}
2024-11-09 17:01:28,207 - INFO - Candidate Std Stats: {'Max': np.float64(0.9999999968120057), 'Min': np.float64(0.0), 'Mean': np.float64(0.9993169736271582), 'Std': np.float64(0.026125599138378756)}
2024-11-09 17:01:28,234 - INFO - Top 10 Mean Stats: {'Max': np.float64(1.5987211554602255e-15), 'Min': np.float64(-3.0031532816110485e-15), 'Mean': np.float64(-2.5757174171303625e-16), 'Std': np.float64(1.3338151449550049e-15)}
2024-11-09 17:01:28,234 - INFO - Top 10 Std Stats: {'Max': np.float64(0.9999999968120057), 'Min': np.float64(0.9999999963715203), 'Mean': np.float64(0.9999999965309939), 'Std': np.float64(1.4984973401386837e-10)}
2024-11-09 17:01:28,235 - INFO - Bottom 10 Mean Stats: {'Max': np.float64(86.0), 'Min': np.float64(71.0), 'Mean': np.float64(77.6), 'Std': np.float64(4.521061822182926)}
2024-11-09 17:01:28,235 - INFO - Bottom 10 Std Stats: {'Max': np.float64(0.0), 'Min': np.float64(0.0), 'Mean': np.float64(0.0), 'Std': np.float64(0.0)}
[I 2024-11-09 17:01:28,264] Trial 110 finished with value: 17.0 and parameters: {'x_0': 3, 'x_1': -2, 'x_2': 0, 'x_3': -2, 'x_4': 0}. Best is trial 109 with value: 2.0.
2024-11-09 17:01:40,377 - INFO - Candidate Mean Stats: {'Max': np.float64(86.0), 'Min': np.float64(-5.268008251846368e-14), 'Mean': np.float64(0.03259216024737503), 'Std': np.float64(1.32591996072013)}
2024-11-09 17:01:40,379 - INFO - Candidate Std Stats: {'Max': np.float64(0.9999999975548248), 'Min': np.float64(0.0), 'Mean': np.float64(0.9993107643798275), 'Std': np.float64(0.02624400165477308)}
2024-11-09 17:01:40,409 - INFO - Top 10 Mean Stats: {'Max': np.float64(2.903233209394784e-15), 'Min': np.float64(-2.7977620220553944e-15), 'Mean': np.float64(4.5796699765787705e-17), 'Std': np.float64(1.6800334367040744e-15)}
2024-11-09 17:01:40,409 - INFO - Top 10 Std Stats: {'Max': np.float64(0.9999999975548248), 'Min': np.float64(0.9999999970307357), 'Mean': np.float64(0.9999999972335948), 'Std': np.float64(1.6357874037904485e-10)}
2024-11-09 17:01:40,409 - INFO - Bottom 10 Mean Stats: {'Max': np.float64(86.0), 'Min': np.float64(71.0), 'Mean': np.float64(77.6), 'Std': np.float64(4.521061822182926)}
2024-11-09 17:01:40,409 - INFO - Bottom 10 Std Stats: {'Max': np.float64(0.0), 'Min': np.float64(0.0), 'Mean': np.float64(0.0), 'Std': np.float64(0.0)}
[I 2024-11-09 17:01:40,438] Trial 111 finished with value: 41.0 and parameters: {'x_0': 4, 'x_1': 1, 'x_2': 2, 'x_3': 4, 'x_4': 2}. Best is trial 109 with value: 2.0.
2024-11-09 17:01:50,307 - INFO - Candidate Mean Stats: {'Max': np.float64(86.0), 'Min': np.float64(-5.202505093393484e-14), 'Mean': np.float64(0.032846737989829324), 'Std': np.float64(1.3298438894809097)}
2024-11-09 17:01:50,308 - INFO - Candidate Std Stats: {'Max': np.float64(0.9999999970204364), 'Min': np.float64(0.0), 'Mean': np.float64(0.9993045547277818), 'Std': np.float64(0.026361870906667487)}
2024-11-09 17:01:50,340 - INFO - Top 10 Mean Stats: {'Max': np.float64(1.2656542480726785e-15), 'Min': np.float64(-3.902433931557425e-15), 'Mean': np.float64(-7.868705687030797e-16), 'Std': np.float64(1.547040735775416e-15)}
2024-11-09 17:01:50,340 - INFO - Top 10 Std Stats: {'Max': np.float64(0.9999999970204364), 'Min': np.float64(0.9999999965029139), 'Mean': np.float64(0.9999999966992938), 'Std': np.float64(1.7341674559944498e-10)}
2024-11-09 17:01:50,340 - INFO - Bottom 10 Mean Stats: {'Max': np.float64(86.0), 'Min': np.float64(71.0), 'Mean': np.float64(77.6), 'Std': np.float64(4.521061822182926)}
2024-11-09 17:01:50,340 - INFO - Bottom 10 Std Stats: {'Max': np.float64(0.0), 'Min': np.float64(0.0), 'Mean': np.float64(0.0), 'Std': np.float64(0.0)}
[I 2024-11-09 17:01:50,370] Trial 112 finished with value: 42.0 and parameters: {'x_0': 3, 'x_1': -3, 'x_2': -2, 'x_3': -4, 'x_4': -2}. Best is trial 109 with value: 2.0.
2024-11-09 17:01:58,811 - INFO - Candidate Mean Stats: {'Max': np.float64(86.0), 'Min': np.float64(-5.218048215738236e-14), 'Mean': np.float64(0.033107524945514125), 'Std': np.float64(1.333949257849425)}
2024-11-09 17:01:58,812 - INFO - Candidate Std Stats: {'Max': np.float64(0.9999999979338575), 'Min': np.float64(0.0), 'Mean': np.float64(0.9992983455348049), 'Std': np.float64(0.026479214037967932)}
2024-11-09 17:01:58,840 - INFO - Top 10 Mean Stats: {'Max': np.float64(1.4432899320127035e-15), 'Min': np.float64(-1.5099033134902129e-15), 'Mean': np.float64(-4.0523140398818176e-17), 'Std': np.float64(7.872923697704272e-16)}
2024-11-09 17:01:58,840 - INFO - Top 10 Std Stats: {'Max': np.float64(0.9999999979338575), 'Min': np.float64(0.9999999976302744), 'Mean': np.float64(0.99999999775708), 'Std': np.float64(8.703480873168755e-11)}
2024-11-09 17:01:58,841 - INFO - Bottom 10 Mean Stats: {'Max': np.float64(86.0), 'Min': np.float64(71.0), 'Mean': np.float64(77.6), 'Std': np.float64(4.521061822182926)}
2024-11-09 17:01:58,841 - INFO - Bottom 10 Std Stats: {'Max': np.float64(0.0), 'Min': np.float64(0.0), 'Mean': np.float64(0.0), 'Std': np.float64(0.0)}
[I 2024-11-09 17:01:58,876] Trial 113 finished with value: 88.0 and parameters: {'x_0': 3, 'x_1': -5, 'x_2': -2, 'x_3': 5, 'x_4': 5}. Best is trial 109 with value: 2.0.
2024-11-09 17:02:08,329 - INFO - Candidate Mean Stats: {'Max': np.float64(88.0), 'Min': np.float64(-4.085135008047303e-14), 'Mean': np.float64(0.033653935709806196), 'Std': np.float64(1.3518388552612293)}
2024-11-09 17:02:08,330 - INFO - Candidate Std Stats: {'Max': np.float64(0.9999999968027419), 'Min': np.float64(0.0), 'Mean': np.float64(0.9992921369255768), 'Std': np.float64(0.02659603801613096)}
2024-11-09 17:02:08,354 - INFO - Top 10 Mean Stats: {'Max': np.float64(1.659783421814609e-15), 'Min': np.float64(-1.2823075934420559e-15), 'Mean': np.float64(1.8776646903972954e-16), 'Std': np.float64(9.898908529875254e-16)}
2024-11-09 17:02:08,355 - INFO - Top 10 Std Stats: {'Max': np.float64(0.9999999968027419), 'Min': np.float64(0.9999999961033218), 'Mean': np.float64(0.999999996352452), 'Std': np.float64(2.286308121154318e-10)}
2024-11-09 17:02:08,355 - INFO - Bottom 10 Mean Stats: {'Max': np.float64(88.0), 'Min': np.float64(73.0), 'Mean': np.float64(79.3), 'Std': np.float64(4.8999999999999995)}
2024-11-09 17:02:08,355 - INFO - Bottom 10 Std Stats: {'Max': np.float64(0.0), 'Min': np.float64(0.0), 'Mean': np.float64(0.0), 'Std': np.float64(0.0)}
[I 2024-11-09 17:02:08,384] Trial 114 finished with value: 38.0 and parameters: {'x_0': 0, 'x_1': 0, 'x_2': 3, 'x_3': -2, 'x_4': -5}. Best is trial 109 with value: 2.0.
2024-11-09 17:02:17,559 - INFO - Candidate Mean Stats: {'Max': np.float64(88.0), 'Min': np.float64(-5.696276783595522e-14), 'Mean': np.float64(0.03388988581256871), 'Std': np.float64(1.3551451795019362)}
2024-11-09 17:02:17,559 - INFO - Candidate Std Stats: {'Max': np.float64(0.9999999962991565), 'Min': np.float64(0.0), 'Mean': np.float64(0.9992859277358804), 'Std': np.float64(0.026712349621847594)}
2024-11-09 17:02:17,587 - INFO - Top 10 Mean Stats: {'Max': np.float64(1.5265566588595902e-15), 'Min': np.float64(-3.3417713041217213e-15), 'Mean': np.float64(-5.750955267558313e-16), 'Std': np.float64(1.5892992862751258e-15)}
2024-11-09 17:02:17,587 - INFO - Top 10 Std Stats: {'Max': np.float64(0.9999999962991565), 'Min': np.float64(0.9999999956473393), 'Mean': np.float64(0.9999999958968366), 'Std': np.float64(1.8999732170864603e-10)}
2024-11-09 17:02:17,587 - INFO - Bottom 10 Mean Stats: {'Max': np.float64(88.0), 'Min': np.float64(73.0), 'Mean': np.float64(79.3), 'Std': np.float64(4.8999999999999995)}
2024-11-09 17:02:17,587 - INFO - Bottom 10 Std Stats: {'Max': np.float64(0.0), 'Min': np.float64(0.0), 'Mean': np.float64(0.0), 'Std': np.float64(0.0)}
[I 2024-11-09 17:02:17,618] Trial 115 finished with value: 24.0 and parameters: {'x_0': 1, 'x_1': -3, 'x_2': -1, 'x_3': 3, 'x_4': 2}. Best is trial 109 with value: 2.0.
2024-11-09 17:02:28,207 - INFO - Candidate Mean Stats: {'Max': np.float64(88.0), 'Min': np.float64(-5.837552663479073e-14), 'Mean': np.float64(0.03403890693010287), 'Std': np.float64(1.3564604091249954)}
2024-11-09 17:02:28,209 - INFO - Candidate Std Stats: {'Max': np.float64(0.999999995757802), 'Min': np.float64(0.0), 'Mean': np.float64(0.9992797182701978), 'Std': np.float64(0.026828155526955624)}
2024-11-09 17:02:28,242 - INFO - Top 10 Mean Stats: {'Max': np.float64(5.646871858999702e-15), 'Min': np.float64(-4.399605679772378e-15), 'Mean': np.float64(-4.2822516366225475e-16), 'Std': np.float64(2.4334468196527264e-15)}
2024-11-09 17:02:28,242 - INFO - Top 10 Std Stats: {'Max': np.float64(0.999999995757802), 'Min': np.float64(0.9999999954177105), 'Mean': np.float64(0.9999999955636765), 'Std': np.float64(9.323334996114295e-11)}
2024-11-09 17:02:28,242 - INFO - Bottom 10 Mean Stats: {'Max': np.float64(88.0), 'Min': np.float64(73.0), 'Mean': np.float64(79.3), 'Std': np.float64(4.8999999999999995)}
2024-11-09 17:02:28,242 - INFO - Bottom 10 Std Stats: {'Max': np.float64(0.0), 'Min': np.float64(0.0), 'Mean': np.float64(0.0), 'Std': np.float64(0.0)}
[I 2024-11-09 17:02:28,274] Trial 116 finished with value: 21.0 and parameters: {'x_0': -2, 'x_1': -2, 'x_2': 3, 'x_3': 0, 'x_4': -2}. Best is trial 109 with value: 2.0.
2024-11-09 17:02:38,746 - INFO - Candidate Mean Stats: {'Max': np.float64(88.0), 'Min': np.float64(-4.474198789239381e-14), 'Mean': np.float64(0.0341693004079453), 'Std': np.float64(1.357466099264681)}
2024-11-09 17:02:38,746 - INFO - Candidate Std Stats: {'Max': np.float64(0.9999999970839034), 'Min': np.float64(0.0), 'Mean': np.float64(0.9992735086166795), 'Std': np.float64(0.02694346225430896)}
2024-11-09 17:02:38,770 - INFO - Top 10 Mean Stats: {'Max': np.float64(1.432187701766452e-15), 'Min': np.float64(-1.304512053934559e-15), 'Mean': np.float64(6.827871601444714e-17), 'Std': np.float64(7.804324972022094e-16)}
2024-11-09 17:02:38,771 - INFO - Top 10 Std Stats: {'Max': np.float64(0.9999999970839034), 'Min': np.float64(0.9999999964385374), 'Mean': np.float64(0.9999999967310179), 'Std': np.float64(2.335449473820455e-10)}
2024-11-09 17:02:38,771 - INFO - Bottom 10 Mean Stats: {'Max': np.float64(88.0), 'Min': np.float64(73.0), 'Mean': np.float64(79.3), 'Std': np.float64(4.8999999999999995)}
2024-11-09 17:02:38,771 - INFO - Bottom 10 Std Stats: {'Max': np.float64(0.0), 'Min': np.float64(0.0), 'Mean': np.float64(0.0), 'Std': np.float64(0.0)}
[I 2024-11-09 17:02:38,799] Trial 117 finished with value: 36.0 and parameters: {'x_0': -4, 'x_1': -3, 'x_2': -3, 'x_3': 1, 'x_4': 1}. Best is trial 109 with value: 2.0.
2024-11-09 17:02:48,627 - INFO - Candidate Mean Stats: {'Max': np.float64(88.0), 'Min': np.float64(-4.6207482284899014e-14), 'Mean': np.float64(0.03439283208424663), 'Std': np.float64(1.3604212675459422)}
2024-11-09 17:02:48,628 - INFO - Candidate Std Stats: {'Max': np.float64(0.9999999961676269), 'Min': np.float64(0.0), 'Mean': np.float64(0.9992672998016092), 'Std': np.float64(0.027058276213189774)}
2024-11-09 17:02:48,652 - INFO - Top 10 Mean Stats: {'Max': np.float64(3.4139358007223564e-15), 'Min': np.float64(-3.2807090377673377e-15), 'Mean': np.float64(6.522560269672794e-16), 'Std': np.float64(2.029872480252066e-15)}
2024-11-09 17:02:48,653 - INFO - Top 10 Std Stats: {'Max': np.float64(0.9999999961676269), 'Min': np.float64(0.9999999956441109), 'Mean': np.float64(0.999999995814273), 'Std': np.float64(1.6377899458972855e-10)}
2024-11-09 17:02:48,653 - INFO - Bottom 10 Mean Stats: {'Max': np.float64(88.0), 'Min': np.float64(73.0), 'Mean': np.float64(79.3), 'Std': np.float64(4.8999999999999995)}
2024-11-09 17:02:48,654 - INFO - Bottom 10 Std Stats: {'Max': np.float64(0.0), 'Min': np.float64(0.0), 'Mean': np.float64(0.0), 'Std': np.float64(0.0)}
[I 2024-11-09 17:02:48,683] Trial 118 finished with value: 39.0 and parameters: {'x_0': 3, 'x_1': 3, 'x_2': -1, 'x_3': -4, 'x_4': -2}. Best is trial 109 with value: 2.0.
2024-11-09 17:02:59,366 - INFO - Candidate Mean Stats: {'Max': np.float64(88.0), 'Min': np.float64(-4.64406291200703e-14), 'Mean': np.float64(0.03463499140023965), 'Std': np.float64(1.3638817847542792)}
2024-11-09 17:02:59,367 - INFO - Candidate Std Stats: {'Max': np.float64(0.9999999963551961), 'Min': np.float64(0.0), 'Mean': np.float64(0.9992610910903563), 'Std': np.float64(0.027172603630565412)}
2024-11-09 17:02:59,398 - INFO - Top 10 Mean Stats: {'Max': np.float64(3.677613769070831e-15), 'Min': np.float64(-1.5210055437364644e-15), 'Mean': np.float64(1.1632361740510079e-15), 'Std': np.float64(1.6899213964318888e-15)}
2024-11-09 17:02:59,398 - INFO - Top 10 Std Stats: {'Max': np.float64(0.9999999963551961), 'Min': np.float64(0.9999999957578586), 'Mean': np.float64(0.9999999959347077), 'Std': np.float64(2.1411801042935632e-10)}
2024-11-09 17:02:59,398 - INFO - Bottom 10 Mean Stats: {'Max': np.float64(88.0), 'Min': np.float64(73.0), 'Mean': np.float64(79.3), 'Std': np.float64(4.8999999999999995)}
2024-11-09 17:02:59,398 - INFO - Bottom 10 Std Stats: {'Max': np.float64(0.0), 'Min': np.float64(0.0), 'Mean': np.float64(0.0), 'Std': np.float64(0.0)}
[I 2024-11-09 17:02:59,428] Trial 119 finished with value: 76.0 and parameters: {'x_0': 5, 'x_1': 1, 'x_2': -5, 'x_3': 0, 'x_4': -5}. Best is trial 109 with value: 2.0.
2024-11-09 17:03:09,654 - INFO - Candidate Mean Stats: {'Max': np.float64(88.0), 'Min': np.float64(-7.797096301942474e-14), 'Mean': np.float64(0.03510689160576465), 'Std': np.float64(1.3769549837215054)}
2024-11-09 17:03:09,655 - INFO - Candidate Std Stats: {'Max': np.float64(0.9999999962441058), 'Min': np.float64(0.0), 'Mean': np.float64(0.9992548810356631), 'Std': np.float64(0.02728645058266414)}
2024-11-09 17:03:09,676 - INFO - Top 10 Mean Stats: {'Max': np.float64(3.68594044175552e-15), 'Min': np.float64(-1.3877787807814457e-15), 'Mean': np.float64(1.104359659276355e-15), 'Std': np.float64(1.4685550896858618e-15)}
2024-11-09 17:03:09,676 - INFO - Top 10 Std Stats: {'Max': np.float64(0.9999999962441058), 'Min': np.float64(0.9999999959860456), 'Mean': np.float64(0.9999999960697685), 'Std': np.float64(8.080095394619184e-11)}
2024-11-09 17:03:09,676 - INFO - Bottom 10 Mean Stats: {'Max': np.float64(88.0), 'Min': np.float64(74.0), 'Mean': np.float64(79.6), 'Std': np.float64(4.586937976471886)}
2024-11-09 17:03:09,677 - INFO - Bottom 10 Std Stats: {'Max': np.float64(0.0), 'Min': np.float64(0.0), 'Mean': np.float64(0.0), 'Std': np.float64(0.0)}
[I 2024-11-09 17:03:09,710] Trial 120 finished with value: 70.0 and parameters: {'x_0': 4, 'x_1': 2, 'x_2': 5, 'x_3': 0, 'x_4': -5}. Best is trial 109 with value: 2.0.
2024-11-09 17:03:18,460 - INFO - Candidate Mean Stats: {'Max': np.float64(88.0), 'Min': np.float64(-5.284661597215745e-14), 'Mean': np.float64(0.035541536531906066), 'Std': np.float64(1.387947933117291)}
2024-11-09 17:03:18,461 - INFO - Candidate Std Stats: {'Max': np.float64(0.9999999965540012), 'Min': np.float64(0.0), 'Mean': np.float64(0.9992486721420636), 'Std': np.float64(0.02739982312628415)}
2024-11-09 17:03:18,491 - INFO - Top 10 Mean Stats: {'Max': np.float64(2.453592884421596e-15), 'Min': np.float64(-3.552713678800501e-15), 'Mean': np.float64(6.887546089018316e-16), 'Std': np.float64(1.6342203914813298e-15)}
2024-11-09 17:03:18,491 - INFO - Top 10 Std Stats: {'Max': np.float64(0.9999999965540012), 'Min': np.float64(0.9999999961161972), 'Mean': np.float64(0.9999999962735838), 'Std': np.float64(1.341921395313438e-10)}
2024-11-09 17:03:18,491 - INFO - Bottom 10 Mean Stats: {'Max': np.float64(88.0), 'Min': np.float64(74.0), 'Mean': np.float64(79.6), 'Std': np.float64(4.586937976471886)}
2024-11-09 17:03:18,491 - INFO - Bottom 10 Std Stats: {'Max': np.float64(0.0), 'Min': np.float64(0.0), 'Mean': np.float64(0.0), 'Std': np.float64(0.0)}
[I 2024-11-09 17:03:18,521] Trial 121 finished with value: 54.0 and parameters: {'x_0': 3, 'x_1': -5, 'x_2': -4, 'x_3': 0, 'x_4': 2}. Best is trial 109 with value: 2.0.
2024-11-09 17:03:27,305 - INFO - Candidate Mean Stats: {'Max': np.float64(88.0), 'Min': np.float64(-4.1722181265413384e-14), 'Mean': np.float64(0.03587683404635797), 'Std': np.float64(1.394446694722614)}
2024-11-09 17:03:27,306 - INFO - Candidate Std Stats: {'Max': np.float64(0.9999999974256814), 'Min': np.float64(0.0), 'Mean': np.float64(0.999242462729439), 'Std': np.float64(0.027512727080681684)}
2024-11-09 17:03:27,331 - INFO - Top 10 Mean Stats: {'Max': np.float64(2.0927704014184202e-15), 'Min': np.float64(-3.524958103184872e-15), 'Mean': np.float64(2.228772721935002e-16), 'Std': np.float64(1.5822898634594617e-15)}
2024-11-09 17:03:27,331 - INFO - Top 10 Std Stats: {'Max': np.float64(0.9999999974256814), 'Min': np.float64(0.9999999967622287), 'Mean': np.float64(0.9999999970348613), 'Std': np.float64(2.0580358122356463e-10)}
2024-11-09 17:03:27,332 - INFO - Bottom 10 Mean Stats: {'Max': np.float64(88.0), 'Min': np.float64(74.0), 'Mean': np.float64(79.6), 'Std': np.float64(4.586937976471886)}
2024-11-09 17:03:27,332 - INFO - Bottom 10 Std Stats: {'Max': np.float64(0.0), 'Min': np.float64(0.0), 'Mean': np.float64(0.0), 'Std': np.float64(0.0)}
