[I 2024-11-09 17:16:39,731] Trial 203 finished with value: 52.0 and parameters: {'x_0': -5, 'x_1': 1, 'x_2': 5, 'x_3': 1, 'x_4': 0}. Best is trial 53 with value: 4.0.
2024-11-09 17:16:49,725 - INFO - Candidate Mean Stats: {'Max': np.float64(101.0), 'Min': np.float64(-5.128120150743598e-14), 'Mean': np.float64(0.06266337992312998), 'Std': np.float64(1.9016749178919816)}
2024-11-09 17:16:49,726 - INFO - Candidate Std Stats: {'Max': np.float64(0.9999999977040932), 'Min': np.float64(0.0), 'Mean': np.float64(0.9987333091226741), 'Std': np.float64(0.03556789273013118)}
2024-11-09 17:16:49,750 - INFO - Top 10 Mean Stats: {'Max': np.float64(3.141931159689193e-15), 'Min': np.float64(-7.605027718682322e-16), 'Mean': np.float64(4.810041254188491e-16), 'Std': np.float64(1.0803866632406881e-15)}
2024-11-09 17:16:49,750 - INFO - Top 10 Std Stats: {'Max': np.float64(0.9999999977040932), 'Min': np.float64(0.9999999971191349), 'Mean': np.float64(0.9999999973027041), 'Std': np.float64(1.8250257694560075e-10)}
2024-11-09 17:16:49,750 - INFO - Bottom 10 Mean Stats: {'Max': np.float64(101.0), 'Min': np.float64(88.0), 'Mean': np.float64(92.8), 'Std': np.float64(4.214261501141095)}
2024-11-09 17:16:49,750 - INFO - Bottom 10 Std Stats: {'Max': np.float64(0.0), 'Min': np.float64(0.0), 'Mean': np.float64(0.0), 'Std': np.float64(0.0)}
[I 2024-11-09 17:16:49,778] Trial 204 finished with value: 38.0 and parameters: {'x_0': 3, 'x_1': 0, 'x_2': 2, 'x_3': 0, 'x_4': -5}. Best is trial 53 with value: 4.0.
2024-11-09 17:16:58,913 - INFO - Candidate Mean Stats: {'Max': np.float64(101.0), 'Min': np.float64(-5.0526249850690877e-14), 'Mean': np.float64(0.0628993300258924), 'Std': np.float64(1.9040231014118854)}
2024-11-09 17:16:58,914 - INFO - Candidate Std Stats: {'Max': np.float64(0.999999996922647), 'Min': np.float64(0.0), 'Mean': np.float64(0.9987270996854669), 'Std': np.float64(0.035654851522067495)}
2024-11-09 17:16:58,938 - INFO - Top 10 Mean Stats: {'Max': np.float64(3.744574095243536e-15), 'Min': np.float64(-1.6986412276764896e-15), 'Mean': np.float64(8.168812848374784e-16), 'Std': np.float64(1.752658956335371e-15)}
2024-11-09 17:16:58,939 - INFO - Top 10 Std Stats: {'Max': np.float64(0.999999996922647), 'Min': np.float64(0.9999999964379317), 'Mean': np.float64(0.9999999965406742), 'Std': np.float64(1.3706273602411298e-10)}
2024-11-09 17:16:58,939 - INFO - Bottom 10 Mean Stats: {'Max': np.float64(101.0), 'Min': np.float64(88.0), 'Mean': np.float64(92.8), 'Std': np.float64(4.214261501141095)}
2024-11-09 17:16:58,939 - INFO - Bottom 10 Std Stats: {'Max': np.float64(0.0), 'Min': np.float64(0.0), 'Mean': np.float64(0.0), 'Std': np.float64(0.0)}
[I 2024-11-09 17:16:58,971] Trial 205 finished with value: 53.0 and parameters: {'x_0': -2, 'x_1': 4, 'x_2': 2, 'x_3': -2, 'x_4': -5}. Best is trial 53 with value: 4.0.
2024-11-09 17:17:09,446 - INFO - Candidate Mean Stats: {'Max': np.float64(101.0), 'Min': np.float64(-5.1392223809898494e-14), 'Mean': np.float64(0.06322841832711376), 'Std': np.float64(1.9085869494231649)}
2024-11-09 17:17:09,447 - INFO - Candidate Std Stats: {'Max': np.float64(0.9999999993418649), 'Min': np.float64(0.0), 'Mean': np.float64(0.9987208905620658), 'Std': np.float64(0.03574159767760522)}
2024-11-09 17:17:09,497 - INFO - Top 10 Mean Stats: {'Max': np.float64(1.0158540675320183e-15), 'Min': np.float64(-4.551914400963141e-16), 'Mean': np.float64(5.273559366969496e-17), 'Std': np.float64(4.070693696056267e-16)}
2024-11-09 17:17:09,498 - INFO - Top 10 Std Stats: {'Max': np.float64(0.9999999993418649), 'Min': np.float64(0.9999999989918474), 'Mean': np.float64(0.9999999991452654), 'Std': np.float64(1.1658502265988392e-10)}
2024-11-09 17:17:09,498 - INFO - Bottom 10 Mean Stats: {'Max': np.float64(101.0), 'Min': np.float64(88.0), 'Mean': np.float64(92.8), 'Std': np.float64(4.214261501141095)}
2024-11-09 17:17:09,498 - INFO - Bottom 10 Std Stats: {'Max': np.float64(0.0), 'Min': np.float64(0.0), 'Mean': np.float64(0.0), 'Std': np.float64(0.0)}
[I 2024-11-09 17:17:09,530] Trial 206 finished with value: 40.0 and parameters: {'x_0': -5, 'x_1': 1, 'x_2': 2, 'x_3': 1, 'x_4': -3}. Best is trial 53 with value: 4.0.
2024-11-09 17:17:18,577 - INFO - Candidate Mean Stats: {'Max': np.float64(101.0), 'Min': np.float64(-4.9649173661237e-14), 'Mean': np.float64(0.06347678685633742), 'Std': np.float64(1.9111795873470165)}
2024-11-09 17:17:18,579 - INFO - Candidate Std Stats: {'Max': np.float64(0.9999999969430545), 'Min': np.float64(0.0), 'Mean': np.float64(0.9987146810373494), 'Std': np.float64(0.03582813271574249)}
2024-11-09 17:17:18,610 - INFO - Top 10 Mean Stats: {'Max': np.float64(1.765254609153999e-15), 'Min': np.float64(-3.774758283725532e-15), 'Mean': np.float64(-5.895284260759582e-16), 'Std': np.float64(1.9529163830445744e-15)}
2024-11-09 17:17:18,610 - INFO - Top 10 Std Stats: {'Max': np.float64(0.9999999969430545), 'Min': np.float64(0.9999999966860581), 'Mean': np.float64(0.9999999968098816), 'Std': np.float64(1.0025545285319583e-10)}
2024-11-09 17:17:18,610 - INFO - Bottom 10 Mean Stats: {'Max': np.float64(101.0), 'Min': np.float64(88.0), 'Mean': np.float64(92.8), 'Std': np.float64(4.214261501141095)}
2024-11-09 17:17:18,610 - INFO - Bottom 10 Std Stats: {'Max': np.float64(0.0), 'Min': np.float64(0.0), 'Mean': np.float64(0.0), 'Std': np.float64(0.0)}
[I 2024-11-09 17:17:18,643] Trial 207 finished with value: 56.0 and parameters: {'x_0': 3, 'x_1': -2, 'x_2': 3, 'x_3': 3, 'x_4': 5}. Best is trial 53 with value: 4.0.
2024-11-09 17:17:28,781 - INFO - Candidate Mean Stats: {'Max': np.float64(101.0), 'Min': np.float64(-6.568079413682426e-14), 'Mean': np.float64(0.06382450279725053), 'Std': np.float64(1.9162555265661563)}
2024-11-09 17:17:28,782 - INFO - Candidate Std Stats: {'Max': np.float64(0.9999999970813648), 'Min': np.float64(0.0), 'Mean': np.float64(0.998708472090839), 'Std': np.float64(0.035914458197542805)}
2024-11-09 17:17:28,812 - INFO - Top 10 Mean Stats: {'Max': np.float64(1.759703494030873e-15), 'Min': np.float64(-4.188316360398403e-15), 'Mean': np.float64(-9.134359935103476e-16), 'Std': np.float64(1.8342320812805708e-15)}
2024-11-09 17:17:28,812 - INFO - Top 10 Std Stats: {'Max': np.float64(0.9999999970813648), 'Min': np.float64(0.9999999967224598), 'Mean': np.float64(0.9999999968610741), 'Std': np.float64(1.1774262148215738e-10)}
2024-11-09 17:17:28,812 - INFO - Bottom 10 Mean Stats: {'Max': np.float64(101.0), 'Min': np.float64(88.0), 'Mean': np.float64(92.8), 'Std': np.float64(4.214261501141095)}
2024-11-09 17:17:28,812 - INFO - Bottom 10 Std Stats: {'Max': np.float64(0.0), 'Min': np.float64(0.0), 'Mean': np.float64(0.0), 'Std': np.float64(0.0)}
[I 2024-11-09 17:17:28,844] Trial 208 finished with value: 37.0 and parameters: {'x_0': 3, 'x_1': -2, 'x_2': -2, 'x_3': 2, 'x_4': 4}. Best is trial 53 with value: 4.0.
2024-11-09 17:17:38,394 - INFO - Candidate Mean Stats: {'Max': np.float64(101.0), 'Min': np.float64(-5.956346527113965e-14), 'Mean': np.float64(0.06405424368678245), 'Std': np.float64(1.9184645623599743)}
2024-11-09 17:17:38,395 - INFO - Candidate Std Stats: {'Max': np.float64(0.9999999967777549), 'Min': np.float64(0.0), 'Mean': np.float64(0.9987022629967489), 'Std': np.float64(0.036000575604622914)}
2024-11-09 17:17:38,422 - INFO - Top 10 Mean Stats: {'Max': np.float64(4.385380947269368e-15), 'Min': np.float64(-1.7152945730458668e-15), 'Mean': np.float64(1.1538686672807331e-15), 'Std': np.float64(1.7925650749348337e-15)}
2024-11-09 17:17:38,422 - INFO - Top 10 Std Stats: {'Max': np.float64(0.9999999967777549), 'Min': np.float64(0.9999999963156636), 'Mean': np.float64(0.9999999965193712), 'Std': np.float64(1.4317732614142515e-10)}
2024-11-09 17:17:38,422 - INFO - Bottom 10 Mean Stats: {'Max': np.float64(101.0), 'Min': np.float64(88.0), 'Mean': np.float64(92.8), 'Std': np.float64(4.214261501141095)}
2024-11-09 17:17:38,422 - INFO - Bottom 10 Std Stats: {'Max': np.float64(0.0), 'Min': np.float64(0.0), 'Mean': np.float64(0.0), 'Std': np.float64(0.0)}
[I 2024-11-09 17:17:38,453] Trial 209 finished with value: 79.0 and parameters: {'x_0': -4, 'x_1': 3, 'x_2': 5, 'x_3': -2, 'x_4': 5}. Best is trial 53 with value: 4.0.
2024-11-09 17:17:47,925 - INFO - Candidate Mean Stats: {'Max': np.float64(101.0), 'Min': np.float64(-4.780620344035924e-14), 'Mean': np.float64(0.06454477153199918), 'Std': np.float64(1.9285214272611375)}
2024-11-09 17:17:47,925 - INFO - Candidate Std Stats: {'Max': np.float64(0.9999999968536232), 'Min': np.float64(0.0), 'Mean': np.float64(0.9986960537308677), 'Std': np.float64(0.036086486425691094)}
2024-11-09 17:17:47,950 - INFO - Top 10 Mean Stats: {'Max': np.float64(2.320366121466577e-15), 'Min': np.float64(-1.915655134521188e-15), 'Mean': np.float64(2.295559575760109e-16), 'Std': np.float64(1.638328216276054e-15)}
2024-11-09 17:17:47,950 - INFO - Top 10 Std Stats: {'Max': np.float64(0.9999999968536232), 'Min': np.float64(0.9999999966129689), 'Mean': np.float64(0.9999999967046186), 'Std': np.float64(8.973282763357164e-11)}
2024-11-09 17:17:47,950 - INFO - Bottom 10 Mean Stats: {'Max': np.float64(101.0), 'Min': np.float64(88.0), 'Mean': np.float64(92.8), 'Std': np.float64(4.214261501141095)}
2024-11-09 17:17:47,950 - INFO - Bottom 10 Std Stats: {'Max': np.float64(0.0), 'Min': np.float64(0.0), 'Mean': np.float64(0.0), 'Std': np.float64(0.0)}
[I 2024-11-09 17:17:47,982] Trial 210 finished with value: 14.0 and parameters: {'x_0': 0, 'x_1': 2, 'x_2': 3, 'x_3': 0, 'x_4': -1}. Best is trial 53 with value: 4.0.
2024-11-09 17:17:57,866 - INFO - Candidate Mean Stats: {'Max': np.float64(101.0), 'Min': np.float64(-5.24691401437849e-14), 'Mean': np.float64(0.06463170051722748), 'Std': np.float64(1.928834018784121)}
2024-11-09 17:17:57,867 - INFO - Candidate Std Stats: {'Max': np.float64(0.9999999963690119), 'Min': np.float64(0.0), 'Mean': np.float64(0.9986898440880875), 'Std': np.float64(0.036172192125187214)}
2024-11-09 17:17:57,897 - INFO - Top 10 Mean Stats: {'Max': np.float64(2.886579864025407e-15), 'Min': np.float64(-5.295763827461997e-15), 'Mean': np.float64(-2.1621159723705932e-16), 'Std': np.float64(2.3642812676635817e-15)}
2024-11-09 17:17:57,898 - INFO - Top 10 Std Stats: {'Max': np.float64(0.9999999963690119), 'Min': np.float64(0.9999999961577736), 'Mean': np.float64(0.9999999962497912), 'Std': np.float64(5.730095599847113e-11)}
2024-11-09 17:17:57,898 - INFO - Bottom 10 Mean Stats: {'Max': np.float64(101.0), 'Min': np.float64(88.0), 'Mean': np.float64(92.8), 'Std': np.float64(4.214261501141095)}
2024-11-09 17:17:57,898 - INFO - Bottom 10 Std Stats: {'Max': np.float64(0.0), 'Min': np.float64(0.0), 'Mean': np.float64(0.0), 'Std': np.float64(0.0)}
[I 2024-11-09 17:17:57,929] Trial 211 finished with value: 28.0 and parameters: {'x_0': 4, 'x_1': 3, 'x_2': 1, 'x_3': 1, 'x_4': 1}. Best is trial 53 with value: 4.0.
2024-11-09 17:18:07,192 - INFO - Candidate Mean Stats: {'Max': np.float64(101.0), 'Min': np.float64(-1.254996107036277e-13), 'Mean': np.float64(0.06480555848768403), 'Std': np.float64(1.9300896848313902)}
2024-11-09 17:18:07,194 - INFO - Candidate Std Stats: {'Max': np.float64(0.9999999966749251), 'Min': np.float64(0.0), 'Mean': np.float64(0.9986836352572844), 'Std': np.float64(0.03625769420067543)}
2024-11-09 17:18:07,225 - INFO - Top 10 Mean Stats: {'Max': np.float64(4.907185768843192e-15), 'Min': np.float64(-2.5646151868841118e-15), 'Mean': np.float64(7.85582536522167e-16), 'Std': np.float64(2.4960569736977913e-15)}
2024-11-09 17:18:07,225 - INFO - Top 10 Std Stats: {'Max': np.float64(0.9999999966749251), 'Min': np.float64(0.9999999963260953), 'Mean': np.float64(0.999999996466023), 'Std': np.float64(1.171810411936886e-10)}
2024-11-09 17:18:07,226 - INFO - Bottom 10 Mean Stats: {'Max': np.float64(101.0), 'Min': np.float64(88.0), 'Mean': np.float64(92.8), 'Std': np.float64(4.214261501141095)}
2024-11-09 17:18:07,226 - INFO - Bottom 10 Std Stats: {'Max': np.float64(0.0), 'Min': np.float64(0.0), 'Mean': np.float64(0.0), 'Std': np.float64(0.0)}
[I 2024-11-09 17:18:07,257] Trial 212 finished with value: 100.0 and parameters: {'x_0': -5, 'x_1': 5, 'x_2': 5, 'x_3': 0, 'x_4': 5}. Best is trial 53 with value: 4.0.
2024-11-09 17:18:15,822 - INFO - Candidate Mean Stats: {'Max': np.float64(101.0), 'Min': np.float64(-5.103972799958001e-14), 'Mean': np.float64(0.06542647981074323), 'Std': np.float64(1.9460877318222125)}
2024-11-09 17:18:15,823 - INFO - Candidate Std Stats: {'Max': np.float64(0.9999999967289823), 'Min': np.float64(0.0), 'Mean': np.float64(0.9986774261346147), 'Std': np.float64(0.03634299404956538)}
2024-11-09 17:18:15,850 - INFO - Top 10 Mean Stats: {'Max': np.float64(3.58046925441613e-15), 'Min': np.float64(-3.1599722838393516e-15), 'Mean': np.float64(1.4824252936307404e-15), 'Std': np.float64(1.9421590736326963e-15)}
2024-11-09 17:18:15,851 - INFO - Top 10 Std Stats: {'Max': np.float64(0.9999999967289823), 'Min': np.float64(0.9999999962426167), 'Mean': np.float64(0.9999999964200983), 'Std': np.float64(1.4194949160734533e-10)}
2024-11-09 17:18:15,851 - INFO - Bottom 10 Mean Stats: {'Max': np.float64(101.0), 'Min': np.float64(89.0), 'Mean': np.float64(94.0), 'Std': np.float64(4.381780460041329)}
2024-11-09 17:18:15,851 - INFO - Bottom 10 Std Stats: {'Max': np.float64(0.0), 'Min': np.float64(0.0), 'Mean': np.float64(0.0), 'Std': np.float64(0.0)}
[I 2024-11-09 17:18:15,882] Trial 213 finished with value: 59.0 and parameters: {'x_0': 5, 'x_1': 1, 'x_2': 4, 'x_3': -4, 'x_4': -1}. Best is trial 53 with value: 4.0.
2024-11-09 17:18:25,393 - INFO - Candidate Mean Stats: {'Max': np.float64(101.0), 'Min': np.float64(-4.5169423756874496e-14), 'Mean': np.float64(0.0657928233913481), 'Std': np.float64(1.9516207776756305)}
2024-11-09 17:18:25,394 - INFO - Candidate Std Stats: {'Max': np.float64(0.9999999970037304), 'Min': np.float64(0.0), 'Mean': np.float64(0.9986712165899401), 'Std': np.float64(0.036428093087559434)}
2024-11-09 17:18:25,424 - INFO - Top 10 Mean Stats: {'Max': np.float64(4.6351811278100286e-15), 'Min': np.float64(-4.46309655899313e-15), 'Mean': np.float64(3.5464686742869844e-16), 'Std': np.float64(2.5547814871220853e-15)}
2024-11-09 17:18:25,424 - INFO - Top 10 Std Stats: {'Max': np.float64(0.9999999970037304), 'Min': np.float64(0.999999996310962), 'Mean': np.float64(0.9999999965002326), 'Std': np.float64(1.933205906179638e-10)}
2024-11-09 17:18:25,424 - INFO - Bottom 10 Mean Stats: {'Max': np.float64(101.0), 'Min': np.float64(89.0), 'Mean': np.float64(94.0), 'Std': np.float64(4.381780460041329)}
2024-11-09 17:18:25,424 - INFO - Bottom 10 Std Stats: {'Max': np.float64(0.0), 'Min': np.float64(0.0), 'Mean': np.float64(0.0), 'Std': np.float64(0.0)}
[I 2024-11-09 17:18:25,459] Trial 214 finished with value: 30.0 and parameters: {'x_0': 3, 'x_1': -2, 'x_2': 0, 'x_3': 1, 'x_4': 4}. Best is trial 53 with value: 4.0.
2024-11-09 17:18:34,928 - INFO - Candidate Mean Stats: {'Max': np.float64(101.0), 'Min': np.float64(-5.166977956605478e-14), 'Mean': np.float64(0.06597909978826584), 'Std': np.float64(1.953045674264609)}
2024-11-09 17:18:34,930 - INFO - Candidate Std Stats: {'Max': np.float64(0.9999999973942201), 'Min': np.float64(0.0), 'Mean': np.float64(0.9986650078816711), 'Std': np.float64(0.03651299276451224)}
2024-11-09 17:18:34,954 - INFO - Top 10 Mean Stats: {'Max': np.float64(3.2279734440976426e-15), 'Min': np.float64(-1.304512053934559e-15), 'Mean': np.float64(5.592748486549226e-16), 'Std': np.float64(1.4528670571398852e-15)}
2024-11-09 17:18:34,954 - INFO - Top 10 Std Stats: {'Max': np.float64(0.9999999973942201), 'Min': np.float64(0.9999999967217861), 'Mean': np.float64(0.9999999969418555), 'Std': np.float64(2.5767172822548113e-10)}
2024-11-09 17:18:34,955 - INFO - Bottom 10 Mean Stats: {'Max': np.float64(101.0), 'Min': np.float64(89.0), 'Mean': np.float64(94.0), 'Std': np.float64(4.381780460041329)}
2024-11-09 17:18:34,955 - INFO - Bottom 10 Std Stats: {'Max': np.float64(0.0), 'Min': np.float64(0.0), 'Mean': np.float64(0.0), 'Std': np.float64(0.0)}
[I 2024-11-09 17:18:34,990] Trial 215 finished with value: 25.0 and parameters: {'x_0': 4, 'x_1': -2, 'x_2': 2, 'x_3': 0, 'x_4': 1}. Best is trial 53 with value: 4.0.
2024-11-09 17:18:45,753 - INFO - Candidate Mean Stats: {'Max': np.float64(101.0), 'Min': np.float64(-5.595801599866945e-14), 'Mean': np.float64(0.06613433011903062), 'Std': np.float64(1.9540336885584644)}
2024-11-09 17:18:45,755 - INFO - Candidate Std Stats: {'Max': np.float64(0.9999999968034996), 'Min': np.float64(0.0), 'Mean': np.float64(0.9986587983101427), 'Std': np.float64(0.036597694406001184)}
2024-11-09 17:18:45,787 - INFO - Top 10 Mean Stats: {'Max': np.float64(3.552713678800501e-15), 'Min': np.float64(-2.7533531010703883e-15), 'Mean': np.float64(-2.0171364578658313e-16), 'Std': np.float64(1.771769675869821e-15)}
2024-11-09 17:18:45,787 - INFO - Top 10 Std Stats: {'Max': np.float64(0.9999999968034996), 'Min': np.float64(0.9999999962827004), 'Mean': np.float64(0.999999996505753), 'Std': np.float64(1.5959182726808375e-10)}
2024-11-09 17:18:45,787 - INFO - Bottom 10 Mean Stats: {'Max': np.float64(101.0), 'Min': np.float64(89.0), 'Mean': np.float64(94.0), 'Std': np.float64(4.381780460041329)}
2024-11-09 17:18:45,787 - INFO - Bottom 10 Std Stats: {'Max': np.float64(0.0), 'Min': np.float64(0.0), 'Mean': np.float64(0.0), 'Std': np.float64(0.0)}
[I 2024-11-09 17:18:45,818] Trial 216 finished with value: 42.0 and parameters: {'x_0': 0, 'x_1': 4, 'x_2': 0, 'x_3': 5, 'x_4': -1}. Best is trial 53 with value: 4.0.
2024-11-09 17:18:55,340 - INFO - Candidate Mean Stats: {'Max': np.float64(101.0), 'Min': np.float64(-5.079270337660091e-14), 'Mean': np.float64(0.06639511707471547), 'Std': np.float64(1.9568255277896112)}
2024-11-09 17:18:55,341 - INFO - Candidate Std Stats: {'Max': np.float64(0.9999999964137612), 'Min': np.float64(0.0), 'Mean': np.float64(0.9986525893600422), 'Std': np.float64(0.03668219943795405)}
2024-11-09 17:18:55,369 - INFO - Top 10 Mean Stats: {'Max': np.float64(4.152234112098085e-15), 'Min': np.float64(-2.220446049250313e-15), 'Mean': np.float64(3.1114000265120014e-16), 'Std': np.float64(1.7756283012988868e-15)}
2024-11-09 17:18:55,369 - INFO - Top 10 Std Stats: {'Max': np.float64(0.9999999964137612), 'Min': np.float64(0.9999999960337648), 'Mean': np.float64(0.9999999961905047), 'Std': np.float64(1.295462863034812e-10)}
2024-11-09 17:18:55,369 - INFO - Bottom 10 Mean Stats: {'Max': np.float64(101.0), 'Min': np.float64(89.0), 'Mean': np.float64(94.0), 'Std': np.float64(4.381780460041329)}
2024-11-09 17:18:55,369 - INFO - Bottom 10 Std Stats: {'Max': np.float64(0.0), 'Min': np.float64(0.0), 'Mean': np.float64(0.0), 'Std': np.float64(0.0)}
[I 2024-11-09 17:18:55,400] Trial 217 finished with value: 50.0 and parameters: {'x_0': -4, 'x_1': -1, 'x_2': -5, 'x_3': -2, 'x_4': -2}. Best is trial 53 with value: 4.0.
2024-11-09 17:19:06,283 - INFO - Candidate Mean Stats: {'Max': np.float64(101.0), 'Min': np.float64(-5.4511950509095186e-14), 'Mean': np.float64(0.06670557773624504), 'Std': np.float64(1.9607773603231473)}
2024-11-09 17:19:06,285 - INFO - Candidate Std Stats: {'Max': np.float64(0.9999999971881289), 'Min': np.float64(0.0), 'Mean': np.float64(0.998646379547265), 'Std': np.float64(0.03676650916172292)}
2024-11-09 17:19:06,309 - INFO - Top 10 Mean Stats: {'Max': np.float64(2.842170943040401e-15), 'Min': np.float64(-2.9753977059954196e-15), 'Mean': np.float64(3.1308289294429413e-16), 'Std': np.float64(1.5930833864273673e-15)}
2024-11-09 17:19:06,309 - INFO - Top 10 Std Stats: {'Max': np.float64(0.9999999971881289), 'Min': np.float64(0.9999999967260847), 'Mean': np.float64(0.9999999969314818), 'Std': np.float64(1.6860366469698253e-10)}
2024-11-09 17:19:06,310 - INFO - Bottom 10 Mean Stats: {'Max': np.float64(101.0), 'Min': np.float64(89.0), 'Mean': np.float64(94.0), 'Std': np.float64(4.381780460041329)}
2024-11-09 17:19:06,310 - INFO - Bottom 10 Std Stats: {'Max': np.float64(0.0), 'Min': np.float64(0.0), 'Mean': np.float64(0.0), 'Std': np.float64(0.0)}
[I 2024-11-09 17:19:06,334] Trial 218 finished with value: 17.0 and parameters: {'x_0': 0, 'x_1': 0, 'x_2': -2, 'x_3': 2, 'x_4': 3}. Best is trial 53 with value: 4.0.
2024-11-09 17:19:14,930 - INFO - Candidate Mean Stats: {'Max': np.float64(101.0), 'Min': np.float64(-6.657729922920907e-14), 'Mean': np.float64(0.06681113436116508), 'Std': np.float64(1.9612313034942994)}
2024-11-09 17:19:14,931 - INFO - Candidate Std Stats: {'Max': np.float64(0.999999996901696), 'Min': np.float64(0.0), 'Mean': np.float64(0.9986401703449693), 'Std': np.float64(0.036850624971756)}
2024-11-09 17:19:14,973 - INFO - Top 10 Mean Stats: {'Max': np.float64(2.170486013142181e-15), 'Min': np.float64(-2.4091839634365896e-15), 'Mean': np.float64(1.5820678100908484e-16), 'Std': np.float64(1.5744571369114317e-15)}
2024-11-09 17:19:14,973 - INFO - Top 10 Std Stats: {'Max': np.float64(0.999999996901696), 'Min': np.float64(0.9999999964517844), 'Mean': np.float64(0.9999999966572561), 'Std': np.float64(1.379769418040754e-10)}
2024-11-09 17:19:14,973 - INFO - Bottom 10 Mean Stats: {'Max': np.float64(101.0), 'Min': np.float64(89.0), 'Mean': np.float64(94.0), 'Std': np.float64(4.381780460041329)}
2024-11-09 17:19:14,973 - INFO - Bottom 10 Std Stats: {'Max': np.float64(0.0), 'Min': np.float64(0.0), 'Mean': np.float64(0.0), 'Std': np.float64(0.0)}
