[I 2024-11-09 16:57:08,375] Trial 79 finished with value: 61.0 and parameters: {'x_0': -5, 'x_1': 3, 'x_2': -5, 'x_3': 1, 'x_4': 1}. Best is trial 10 with value: 9.0.
2024-11-09 16:57:13,931 - INFO - Candidate Mean Stats: {'Max': np.float64(116.0), 'Min': np.float64(-6.801226248853709e-14), 'Mean': np.float64(0.02330938646764064), 'Std': np.float64(1.1329591692323258)}
2024-11-09 16:57:13,932 - INFO - Candidate Std Stats: {'Max': np.float64(0.9999999962169474), 'Min': np.float64(0.0), 'Mean': np.float64(0.9995032507708066), 'Std': np.float64(0.022282062262070416)}
2024-11-09 16:57:13,947 - INFO - Top 10 Mean Stats: {'Max': np.float64(5.101474798152595e-15), 'Min': np.float64(-3.552713678800501e-15), 'Mean': np.float64(8.015810237793631e-16), 'Std': np.float64(2.5370250461105503e-15)}
2024-11-09 16:57:13,947 - INFO - Top 10 Std Stats: {'Max': np.float64(0.9999999962169474), 'Min': np.float64(0.9999999956958928), 'Mean': np.float64(0.9999999958897824), 'Std': np.float64(1.7701407136032677e-10)}
2024-11-09 16:57:13,948 - INFO - Bottom 10 Mean Stats: {'Max': np.float64(116.0), 'Min': np.float64(71.0), 'Mean': np.float64(81.7), 'Std': np.float64(12.578155667664475)}
2024-11-09 16:57:13,948 - INFO - Bottom 10 Std Stats: {'Max': np.float64(0.0), 'Min': np.float64(0.0), 'Mean': np.float64(0.0), 'Std': np.float64(0.0)}
[I 2024-11-09 16:57:13,982] Trial 80 finished with value: 36.0 and parameters: {'x_0': 4, 'x_1': 1, 'x_2': 1, 'x_3': 3, 'x_4': 3}. Best is trial 10 with value: 9.0.
2024-11-09 16:57:19,004 - INFO - Candidate Mean Stats: {'Max': np.float64(116.0), 'Min': np.float64(-6.974421040695234e-14), 'Mean': np.float64(0.02353291814394199), 'Std': np.float64(1.1365003954049366)}
2024-11-09 16:57:19,005 - INFO - Candidate Std Stats: {'Max': np.float64(0.9999999965931116), 'Min': np.float64(0.0), 'Mean': np.float64(0.9994970412558324), 'Std': np.float64(0.022420823004068204)}
2024-11-09 16:57:19,024 - INFO - Top 10 Mean Stats: {'Max': np.float64(2.2093438190040614e-15), 'Min': np.float64(-4.6074255521944e-15), 'Mean': np.float64(-2.664535259100377e-16), 'Std': np.float64(1.8266677937538847e-15)}
2024-11-09 16:57:19,024 - INFO - Top 10 Std Stats: {'Max': np.float64(0.9999999965931116), 'Min': np.float64(0.9999999963114734), 'Mean': np.float64(0.9999999964406797), 'Std': np.float64(8.421988671425892e-11)}
2024-11-09 16:57:19,024 - INFO - Bottom 10 Mean Stats: {'Max': np.float64(116.0), 'Min': np.float64(71.0), 'Mean': np.float64(81.7), 'Std': np.float64(12.578155667664475)}
2024-11-09 16:57:19,024 - INFO - Bottom 10 Std Stats: {'Max': np.float64(0.0), 'Min': np.float64(0.0), 'Mean': np.float64(0.0), 'Std': np.float64(0.0)}
[I 2024-11-09 16:57:19,048] Trial 81 finished with value: 15.0 and parameters: {'x_0': 1, 'x_1': 1, 'x_2': -2, 'x_3': 0, 'x_4': -3}. Best is trial 10 with value: 9.0.
2024-11-09 16:57:24,717 - INFO - Candidate Mean Stats: {'Max': np.float64(116.0), 'Min': np.float64(-6.015188347419098e-14), 'Mean': np.float64(0.02362605634240082), 'Std': np.float64(1.1371129360932166)}
2024-11-09 16:57:24,717 - INFO - Candidate Std Stats: {'Max': np.float64(0.9999999983881578), 'Min': np.float64(0.0), 'Mean': np.float64(0.999490832245167), 'Std': np.float64(0.02255872853478477)}
2024-11-09 16:57:24,738 - INFO - Top 10 Mean Stats: {'Max': np.float64(1.8041124150158794e-15), 'Min': np.float64(-1.4849232954361469e-15), 'Mean': np.float64(-2.231548279496565e-16), 'Std': np.float64(8.540667987774281e-16)}
2024-11-09 16:57:24,738 - INFO - Top 10 Std Stats: {'Max': np.float64(0.9999999983881578), 'Min': np.float64(0.9999999981064236), 'Mean': np.float64(0.9999999982206516), 'Std': np.float64(9.427418611833172e-11)}
2024-11-09 16:57:24,738 - INFO - Bottom 10 Mean Stats: {'Max': np.float64(116.0), 'Min': np.float64(71.0), 'Mean': np.float64(81.7), 'Std': np.float64(12.578155667664475)}
2024-11-09 16:57:24,738 - INFO - Bottom 10 Std Stats: {'Max': np.float64(0.0), 'Min': np.float64(0.0), 'Mean': np.float64(0.0), 'Std': np.float64(0.0)}
[I 2024-11-09 16:57:24,765] Trial 82 finished with value: 51.0 and parameters: {'x_0': 4, 'x_1': 3, 'x_2': -1, 'x_3': -5, 'x_4': 0}. Best is trial 10 with value: 9.0.
2024-11-09 16:57:31,794 - INFO - Candidate Mean Stats: {'Max': np.float64(116.0), 'Min': np.float64(-6.828426712957025e-14), 'Mean': np.float64(0.02394272621716102), 'Std': np.float64(1.1441857058375131)}
2024-11-09 16:57:31,797 - INFO - Candidate Std Stats: {'Max': np.float64(0.9999999990584884), 'Min': np.float64(0.0), 'Mean': np.float64(0.9994846229345824), 'Std': np.float64(0.022695794425833846)}
2024-11-09 16:57:31,813 - INFO - Top 10 Mean Stats: {'Max': np.float64(9.908740494779523e-16), 'Min': np.float64(-9.103828801926283e-16), 'Mean': np.float64(-1.7846835120849396e-16), 'Std': np.float64(7.021393196520492e-16)}
2024-11-09 16:57:31,813 - INFO - Top 10 Std Stats: {'Max': np.float64(0.9999999990584884), 'Min': np.float64(0.9999999986214254), 'Mean': np.float64(0.9999999988194542), 'Std': np.float64(1.4242856243265305e-10)}
2024-11-09 16:57:31,813 - INFO - Bottom 10 Mean Stats: {'Max': np.float64(116.0), 'Min': np.float64(71.0), 'Mean': np.float64(81.7), 'Std': np.float64(12.578155667664475)}
2024-11-09 16:57:31,813 - INFO - Bottom 10 Std Stats: {'Max': np.float64(0.0), 'Min': np.float64(0.0), 'Mean': np.float64(0.0), 'Std': np.float64(0.0)}
[I 2024-11-09 16:57:31,838] Trial 83 finished with value: 58.0 and parameters: {'x_0': 5, 'x_1': -3, 'x_2': -4, 'x_3': -2, 'x_4': 2}. Best is trial 10 with value: 9.0.
2024-11-09 16:57:39,699 - INFO - Candidate Mean Stats: {'Max': np.float64(116.0), 'Min': np.float64(-5.81756864903582e-14), 'Mean': np.float64(0.024302860584535364), 'Std': np.float64(1.1532698504065373)}
2024-11-09 16:57:39,700 - INFO - Candidate Std Stats: {'Max': np.float64(0.9999999977408213), 'Min': np.float64(0.0), 'Mean': np.float64(0.9994784140686327), 'Std': np.float64(0.02283203581562649)}
2024-11-09 16:57:39,755 - INFO - Top 10 Mean Stats: {'Max': np.float64(2.4313884239290927e-15), 'Min': np.float64(-2.7700064464397655e-15), 'Mean': np.float64(-1.2823075934420563e-16), 'Std': np.float64(1.5860152793285862e-15)}
2024-11-09 16:57:39,755 - INFO - Top 10 Std Stats: {'Max': np.float64(0.9999999977408213), 'Min': np.float64(0.9999999972739357), 'Mean': np.float64(0.9999999974248557), 'Std': np.float64(1.5468915029531981e-10)}
2024-11-09 16:57:39,756 - INFO - Bottom 10 Mean Stats: {'Max': np.float64(116.0), 'Min': np.float64(71.0), 'Mean': np.float64(81.7), 'Std': np.float64(12.578155667664475)}
2024-11-09 16:57:39,756 - INFO - Bottom 10 Std Stats: {'Max': np.float64(0.0), 'Min': np.float64(0.0), 'Mean': np.float64(0.0), 'Std': np.float64(0.0)}
[I 2024-11-09 16:57:39,800] Trial 84 finished with value: 23.0 and parameters: {'x_0': -2, 'x_1': 0, 'x_2': 1, 'x_3': -3, 'x_4': 3}. Best is trial 10 with value: 9.0.
2024-11-09 16:57:48,620 - INFO - Candidate Mean Stats: {'Max': np.float64(116.0), 'Min': np.float64(-5.684341886080802e-14), 'Mean': np.float64(0.024445672488838978), 'Std': np.float64(1.1546900275766045)}
2024-11-09 16:57:48,621 - INFO - Candidate Std Stats: {'Max': np.float64(0.9999999968406875), 'Min': np.float64(0.0), 'Mean': np.float64(0.9994722049798271), 'Std': np.float64(0.022967467361838585)}
2024-11-09 16:57:48,648 - INFO - Top 10 Mean Stats: {'Max': np.float64(5.5247473262909355e-15), 'Min': np.float64(-3.641531520770513e-15), 'Mean': np.float64(4.397870956296402e-16), 'Std': np.float64(3.1392513371575756e-15)}
2024-11-09 16:57:48,648 - INFO - Top 10 Std Stats: {'Max': np.float64(0.9999999968406875), 'Min': np.float64(0.9999999964831675), 'Mean': np.float64(0.9999999966331596), 'Std': np.float64(1.0926234526433174e-10)}
2024-11-09 16:57:48,648 - INFO - Bottom 10 Mean Stats: {'Max': np.float64(116.0), 'Min': np.float64(71.0), 'Mean': np.float64(81.7), 'Std': np.float64(12.578155667664475)}
2024-11-09 16:57:48,648 - INFO - Bottom 10 Std Stats: {'Max': np.float64(0.0), 'Min': np.float64(0.0), 'Mean': np.float64(0.0), 'Std': np.float64(0.0)}
[I 2024-11-09 16:57:48,677] Trial 85 finished with value: 58.0 and parameters: {'x_0': 2, 'x_1': 2, 'x_2': 0, 'x_3': -5, 'x_4': 5}. Best is trial 10 with value: 9.0.
2024-11-09 16:57:57,363 - INFO - Candidate Mean Stats: {'Max': np.float64(116.0), 'Min': np.float64(-7.238654120556021e-14), 'Mean': np.float64(0.024805806856213225), 'Std': np.float64(1.1636920193686184)}
2024-11-09 16:57:57,364 - INFO - Candidate Std Stats: {'Max': np.float64(0.9999999988026725), 'Min': np.float64(0.0), 'Mean': np.float64(0.9994659953928183), 'Std': np.float64(0.02310210330057742)}
2024-11-09 16:57:57,384 - INFO - Top 10 Mean Stats: {'Max': np.float64(2.4702462297909733e-15), 'Min': np.float64(-2.3647750424515835e-15), 'Mean': np.float64(-1.3905543383430092e-16), 'Std': np.float64(1.5300863424067985e-15)}
2024-11-09 16:57:57,384 - INFO - Top 10 Std Stats: {'Max': np.float64(0.9999999988026725), 'Min': np.float64(0.9999999982711366), 'Mean': np.float64(0.9999999984707324), 'Std': np.float64(1.609917809982931e-10)}
2024-11-09 16:57:57,384 - INFO - Bottom 10 Mean Stats: {'Max': np.float64(116.0), 'Min': np.float64(71.0), 'Mean': np.float64(81.7), 'Std': np.float64(12.578155667664475)}
2024-11-09 16:57:57,384 - INFO - Bottom 10 Std Stats: {'Max': np.float64(0.0), 'Min': np.float64(0.0), 'Mean': np.float64(0.0), 'Std': np.float64(0.0)}
[I 2024-11-09 16:57:57,431] Trial 86 finished with value: 79.0 and parameters: {'x_0': 4, 'x_1': -5, 'x_2': 2, 'x_3': -5, 'x_4': -3}. Best is trial 10 with value: 9.0.
2024-11-09 16:58:04,772 - INFO - Candidate Mean Stats: {'Max': np.float64(116.0), 'Min': np.float64(-6.876721414528219e-14), 'Mean': np.float64(0.025296334701429998), 'Std': np.float64(1.1802144886497523)}
2024-11-09 16:58:04,773 - INFO - Candidate Std Stats: {'Max': np.float64(0.9999999972730299), 'Min': np.float64(0.0), 'Mean': np.float64(0.9994597864465966), 'Std': np.float64(0.0232359574878752)}
2024-11-09 16:58:04,809 - INFO - Top 10 Mean Stats: {'Max': np.float64(3.9246383920499285e-15), 'Min': np.float64(-3.5138558729386203e-15), 'Mean': np.float64(9.603429163007599e-17), 'Std': np.float64(2.1528429147467303e-15)}
2024-11-09 16:58:04,810 - INFO - Top 10 Std Stats: {'Max': np.float64(0.9999999972730299), 'Min': np.float64(0.9999999968814102), 'Mean': np.float64(0.9999999971339445), 'Std': np.float64(1.2443595519049663e-10)}
2024-11-09 16:58:04,810 - INFO - Bottom 10 Mean Stats: {'Max': np.float64(116.0), 'Min': np.float64(73.0), 'Mean': np.float64(82.5), 'Std': np.float64(12.118168178400563)}
2024-11-09 16:58:04,810 - INFO - Bottom 10 Std Stats: {'Max': np.float64(0.0), 'Min': np.float64(0.0), 'Mean': np.float64(0.0), 'Std': np.float64(0.0)}
[I 2024-11-09 16:58:04,845] Trial 87 finished with value: 47.0 and parameters: {'x_0': 2, 'x_1': 5, 'x_2': 0, 'x_3': 3, 'x_4': -3}. Best is trial 10 with value: 9.0.
2024-11-09 16:58:12,200 - INFO - Candidate Mean Stats: {'Max': np.float64(116.0), 'Min': np.float64(-6.765699112065704e-14), 'Mean': np.float64(0.02558816772326775), 'Std': np.float64(1.1860048657012607)}
2024-11-09 16:58:12,201 - INFO - Candidate Std Stats: {'Max': np.float64(0.9999999969829526), 'Min': np.float64(0.0), 'Mean': np.float64(0.9994535769522976), 'Std': np.float64(0.02336904332969504)}
2024-11-09 16:58:12,232 - INFO - Top 10 Mean Stats: {'Max': np.float64(4.651834473179406e-15), 'Min': np.float64(-1.1518563880486e-15), 'Mean': np.float64(1.4130363545916679e-15), 'Std': np.float64(2.0892708618961826e-15)}
2024-11-09 16:58:12,234 - INFO - Top 10 Std Stats: {'Max': np.float64(0.9999999969829526), 'Min': np.float64(0.9999999964828189), 'Mean': np.float64(0.9999999966946783), 'Std': np.float64(1.5449995727205219e-10)}
2024-11-09 16:58:12,234 - INFO - Bottom 10 Mean Stats: {'Max': np.float64(116.0), 'Min': np.float64(73.0), 'Mean': np.float64(82.5), 'Std': np.float64(12.118168178400563)}
2024-11-09 16:58:12,234 - INFO - Bottom 10 Std Stats: {'Max': np.float64(0.0), 'Min': np.float64(0.0), 'Mean': np.float64(0.0), 'Std': np.float64(0.0)}
[I 2024-11-09 16:58:12,277] Trial 88 finished with value: 46.0 and parameters: {'x_0': 4, 'x_1': -1, 'x_2': -4, 'x_3': 3, 'x_4': 2}. Best is trial 10 with value: 9.0.
2024-11-09 16:58:19,714 - INFO - Candidate Mean Stats: {'Max': np.float64(116.0), 'Min': np.float64(-5.3290705182007514e-14), 'Mean': np.float64(0.025873791531874985), 'Std': np.float64(1.1915248792627862)}
2024-11-09 16:58:19,715 - INFO - Candidate Std Stats: {'Max': np.float64(0.9999999965387955), 'Min': np.float64(0.0), 'Mean': np.float64(0.9994473679778966), 'Std': np.float64(0.023501373903900905)}
2024-11-09 16:58:19,738 - INFO - Top 10 Mean Stats: {'Max': np.float64(2.6978419498391305e-15), 'Min': np.float64(-5.540012892879531e-15), 'Mean': np.float64(-6.080552727993906e-16), 'Std': np.float64(2.753148145131558e-15)}
2024-11-09 16:58:19,738 - INFO - Top 10 Std Stats: {'Max': np.float64(0.9999999965387955), 'Min': np.float64(0.9999999960653958), 'Mean': np.float64(0.9999999962779826), 'Std': np.float64(1.9014428939066372e-10)}
2024-11-09 16:58:19,739 - INFO - Bottom 10 Mean Stats: {'Max': np.float64(116.0), 'Min': np.float64(73.0), 'Mean': np.float64(82.5), 'Std': np.float64(12.118168178400563)}
2024-11-09 16:58:19,739 - INFO - Bottom 10 Std Stats: {'Max': np.float64(0.0), 'Min': np.float64(0.0), 'Mean': np.float64(0.0), 'Std': np.float64(0.0)}
[I 2024-11-09 16:58:19,768] Trial 89 finished with value: 29.0 and parameters: {'x_0': -1, 'x_1': 4, 'x_2': -2, 'x_3': -2, 'x_4': -2}. Best is trial 10 with value: 9.0.
2024-11-09 16:58:25,442 - INFO - Candidate Mean Stats: {'Max': np.float64(116.0), 'Min': np.float64(-5.582201367815287e-14), 'Mean': np.float64(0.026053858715562157), 'Std': np.float64(1.1937102394481622)}
2024-11-09 16:58:25,442 - INFO - Candidate Std Stats: {'Max': np.float64(0.9999999970284702), 'Min': np.float64(0.0), 'Mean': np.float64(0.9994411588434444), 'Std': np.float64(0.023632961881980358)}
2024-11-09 16:58:25,466 - INFO - Top 10 Mean Stats: {'Max': np.float64(3.0808688933348094e-15), 'Min': np.float64(-2.7700064464397655e-15), 'Mean': np.float64(2.0997092953223272e-16), 'Std': np.float64(1.8678011498670965e-15)}
2024-11-09 16:58:25,466 - INFO - Top 10 Std Stats: {'Max': np.float64(0.9999999970284702), 'Min': np.float64(0.9999999963820146), 'Mean': np.float64(0.9999999967019256), 'Std': np.float64(2.4385730284813163e-10)}
2024-11-09 16:58:25,466 - INFO - Bottom 10 Mean Stats: {'Max': np.float64(116.0), 'Min': np.float64(73.0), 'Mean': np.float64(82.5), 'Std': np.float64(12.118168178400563)}
2024-11-09 16:58:25,466 - INFO - Bottom 10 Std Stats: {'Max': np.float64(0.0), 'Min': np.float64(0.0), 'Mean': np.float64(0.0), 'Std': np.float64(0.0)}
