[I 2024-11-09 17:27:26,239] Trial 267 finished with value: 70.0 and parameters: {'x_0': -3, 'x_1': 4, 'x_2': -4, 'x_3': 2, 'x_4': -5}. Best is trial 53 with value: 4.0.
2024-11-09 17:27:33,560 - INFO - Candidate Mean Stats: {'Max': np.float64(101.0), 'Min': np.float64(-6.131761765004739e-14), 'Mean': np.float64(0.08221619238626274), 'Std': np.float64(2.170617001486769)}
2024-11-09 17:27:33,561 - INFO - Candidate Std Stats: {'Max': np.float64(0.9999999976847898), 'Min': np.float64(0.0), 'Mean': np.float64(0.9983359194214895), 'Std': np.float64(0.040759047849856664)}
2024-11-09 17:27:33,583 - INFO - Top 10 Mean Stats: {'Max': np.float64(1.2101430968414207e-15), 'Min': np.float64(-2.7366997557010107e-15), 'Mean': np.float64(-4.514097429186848e-16), 'Std': np.float64(1.457795343497401e-15)}
2024-11-09 17:27:33,583 - INFO - Top 10 Std Stats: {'Max': np.float64(0.9999999976847898), 'Min': np.float64(0.9999999972069515), 'Mean': np.float64(0.9999999973465072), 'Std': np.float64(1.4458506824146905e-10)}
2024-11-09 17:27:33,583 - INFO - Bottom 10 Mean Stats: {'Max': np.float64(101.0), 'Min': np.float64(89.0), 'Mean': np.float64(94.0), 'Std': np.float64(4.381780460041329)}
2024-11-09 17:27:33,583 - INFO - Bottom 10 Std Stats: {'Max': np.float64(0.0), 'Min': np.float64(0.0), 'Mean': np.float64(0.0), 'Std': np.float64(0.0)}
[I 2024-11-09 17:27:33,611] Trial 268 finished with value: 86.0 and parameters: {'x_0': 2, 'x_1': -5, 'x_2': -4, 'x_3': 4, 'x_4': -5}. Best is trial 53 with value: 4.0.
2024-11-09 17:27:39,377 - INFO - Candidate Mean Stats: {'Max': np.float64(101.0), 'Min': np.float64(-5.067057884389214e-14), 'Mean': np.float64(0.08275018472409362), 'Std': np.float64(2.181149563284345)}
2024-11-09 17:27:39,377 - INFO - Candidate Std Stats: {'Max': np.float64(0.9999999971142529), 'Min': np.float64(0.0), 'Mean': np.float64(0.9983297100115143), 'Std': np.float64(0.04083489304973925)}
2024-11-09 17:27:39,399 - INFO - Top 10 Mean Stats: {'Max': np.float64(3.3029134982598407e-15), 'Min': np.float64(-2.453592884421596e-15), 'Mean': np.float64(5.931886926102691e-16), 'Std': np.float64(1.8353186953418547e-15)}
2024-11-09 17:27:39,399 - INFO - Top 10 Std Stats: {'Max': np.float64(0.9999999971142529), 'Min': np.float64(0.9999999967068375), 'Mean': np.float64(0.9999999968679925), 'Std': np.float64(1.3093573170291946e-10)}
2024-11-09 17:27:39,399 - INFO - Bottom 10 Mean Stats: {'Max': np.float64(101.0), 'Min': np.float64(89.0), 'Mean': np.float64(94.0), 'Std': np.float64(4.381780460041329)}
2024-11-09 17:27:39,399 - INFO - Bottom 10 Std Stats: {'Max': np.float64(0.0), 'Min': np.float64(0.0), 'Mean': np.float64(0.0), 'Std': np.float64(0.0)}
[I 2024-11-09 17:27:39,427] Trial 269 finished with value: 51.0 and parameters: {'x_0': 1, 'x_1': 3, 'x_2': 0, 'x_3': 5, 'x_4': 4}. Best is trial 53 with value: 4.0.
2024-11-09 17:27:44,868 - INFO - Candidate Mean Stats: {'Max': np.float64(101.0), 'Min': np.float64(-5.717648576819556e-14), 'Mean': np.float64(0.0830668545988538), 'Std': np.float64(2.1848366235870325)}
2024-11-09 17:27:44,869 - INFO - Candidate Std Stats: {'Max': np.float64(0.9999999973710609), 'Min': np.float64(0.0), 'Mean': np.float64(0.9983235007875956), 'Std': np.float64(0.04091059670367419)}
2024-11-09 17:27:44,895 - INFO - Top 10 Mean Stats: {'Max': np.float64(3.0059288391726113e-15), 'Min': np.float64(-2.9837243786801082e-15), 'Mean': np.float64(-6.172146127525483e-17), 'Std': np.float64(1.9094770604457346e-15)}
2024-11-09 17:27:44,895 - INFO - Top 10 Std Stats: {'Max': np.float64(0.9999999973710609), 'Min': np.float64(0.9999999970879184), 'Mean': np.float64(0.9999999972643204), 'Std': np.float64(9.096882753993739e-11)}
2024-11-09 17:27:44,895 - INFO - Bottom 10 Mean Stats: {'Max': np.float64(101.0), 'Min': np.float64(89.0), 'Mean': np.float64(94.0), 'Std': np.float64(4.381780460041329)}
2024-11-09 17:27:44,895 - INFO - Bottom 10 Std Stats: {'Max': np.float64(0.0), 'Min': np.float64(0.0), 'Mean': np.float64(0.0), 'Std': np.float64(0.0)}
[I 2024-11-09 17:27:44,936] Trial 270 finished with value: 30.0 and parameters: {'x_0': 1, 'x_1': 0, 'x_2': 3, 'x_3': 2, 'x_4': -4}. Best is trial 53 with value: 4.0.
2024-11-09 17:27:50,476 - INFO - Candidate Mean Stats: {'Max': np.float64(101.0), 'Min': np.float64(-5.73686931293338e-14), 'Mean': np.float64(0.08325313099577152), 'Std': np.float64(2.1861080444907257)}
2024-11-09 17:27:50,476 - INFO - Candidate Std Stats: {'Max': np.float64(0.9999999966577012), 'Min': np.float64(0.0), 'Mean': np.float64(0.9983172921966023), 'Std': np.float64(0.040986159614421404)}
2024-11-09 17:27:50,500 - INFO - Top 10 Mean Stats: {'Max': np.float64(3.8247183198336646e-15), 'Min': np.float64(-2.9351521213527576e-15), 'Mean': np.float64(2.788047570589926e-16), 'Std': np.float64(2.038094435791574e-15)}
2024-11-09 17:27:50,500 - INFO - Top 10 Std Stats: {'Max': np.float64(0.9999999966577012), 'Min': np.float64(0.9999999961903462), 'Mean': np.float64(0.9999999963520979), 'Std': np.float64(1.5487504986811583e-10)}
2024-11-09 17:27:50,501 - INFO - Bottom 10 Mean Stats: {'Max': np.float64(101.0), 'Min': np.float64(89.0), 'Mean': np.float64(94.0), 'Std': np.float64(4.381780460041329)}
2024-11-09 17:27:50,501 - INFO - Bottom 10 Std Stats: {'Max': np.float64(0.0), 'Min': np.float64(0.0), 'Mean': np.float64(0.0), 'Std': np.float64(0.0)}
[I 2024-11-09 17:27:50,538] Trial 271 finished with value: 32.0 and parameters: {'x_0': -1, 'x_1': -1, 'x_2': -5, 'x_3': 2, 'x_4': 1}. Best is trial 53 with value: 4.0.
2024-11-09 17:27:57,070 - INFO - Candidate Mean Stats: {'Max': np.float64(101.0), 'Min': np.float64(-5.079270337660091e-14), 'Mean': np.float64(0.08345182581915041), 'Std': np.float64(2.187554226327484)}
2024-11-09 17:27:57,071 - INFO - Candidate Std Stats: {'Max': np.float64(0.9999999968011161), 'Min': np.float64(0.0), 'Mean': np.float64(0.9983110822221996), 'Std': np.float64(0.04106158247633528)}
2024-11-09 17:27:57,094 - INFO - Top 10 Mean Stats: {'Max': np.float64(2.656208586415687e-15), 'Min': np.float64(-2.9976021664879227e-15), 'Mean': np.float64(6.744604874597828e-17), 'Std': np.float64(1.7505835844180872e-15)}
2024-11-09 17:27:57,094 - INFO - Top 10 Std Stats: {'Max': np.float64(0.9999999968011161), 'Min': np.float64(0.9999999965491263), 'Mean': np.float64(0.9999999967052909), 'Std': np.float64(8.030382188846332e-11)}
2024-11-09 17:27:57,094 - INFO - Bottom 10 Mean Stats: {'Max': np.float64(101.0), 'Min': np.float64(89.0), 'Mean': np.float64(94.0), 'Std': np.float64(4.381780460041329)}
2024-11-09 17:27:57,094 - INFO - Bottom 10 Std Stats: {'Max': np.float64(0.0), 'Min': np.float64(0.0), 'Mean': np.float64(0.0), 'Std': np.float64(0.0)}
[I 2024-11-09 17:27:57,139] Trial 272 finished with value: 29.0 and parameters: {'x_0': -2, 'x_1': -4, 'x_2': -1, 'x_3': -2, 'x_4': -2}. Best is trial 53 with value: 4.0.
2024-11-09 17:28:02,130 - INFO - Candidate Mean Stats: {'Max': np.float64(101.0), 'Min': np.float64(-5.2158277696889856e-14), 'Mean': np.float64(0.08363189300283758), 'Std': np.float64(2.188740586537262)}
2024-11-09 17:28:02,130 - INFO - Candidate Std Stats: {'Max': np.float64(0.9999999964103339), 'Min': np.float64(0.0), 'Mean': np.float64(0.998304873258903), 'Std': np.float64(0.041136866157781865)}
2024-11-09 17:28:02,153 - INFO - Top 10 Mean Stats: {'Max': np.float64(3.0864200084579353e-15), 'Min': np.float64(-3.566591466608315e-15), 'Mean': np.float64(-3.874678355941797e-16), 'Std': np.float64(2.3204777386925496e-15)}
2024-11-09 17:28:02,154 - INFO - Top 10 Std Stats: {'Max': np.float64(0.9999999964103339), 'Min': np.float64(0.9999999960471909), 'Mean': np.float64(0.9999999962023456), 'Std': np.float64(1.4012300060486257e-10)}
2024-11-09 17:28:02,154 - INFO - Bottom 10 Mean Stats: {'Max': np.float64(101.0), 'Min': np.float64(89.0), 'Mean': np.float64(94.0), 'Std': np.float64(4.381780460041329)}
2024-11-09 17:28:02,154 - INFO - Bottom 10 Std Stats: {'Max': np.float64(0.0), 'Min': np.float64(0.0), 'Mean': np.float64(0.0), 'Std': np.float64(0.0)}
[I 2024-11-09 17:28:02,187] Trial 273 finished with value: 22.0 and parameters: {'x_0': 2, 'x_1': 1, 'x_2': -2, 'x_3': 3, 'x_4': 2}. Best is trial 53 with value: 4.0.
2024-11-09 17:28:07,987 - INFO - Candidate Mean Stats: {'Max': np.float64(101.0), 'Min': np.float64(-6.20503648463e-14), 'Mean': np.float64(0.08376849569391061), 'Std': np.float64(2.1894217837172216)}
2024-11-09 17:28:07,988 - INFO - Candidate Std Stats: {'Max': np.float64(0.9999999965289696), 'Min': np.float64(0.0), 'Mean': np.float64(0.9982986641694012), 'Std': np.float64(0.04121201137500755)}
2024-11-09 17:28:08,012 - INFO - Top 10 Mean Stats: {'Max': np.float64(3.1530333899354444e-15), 'Min': np.float64(-4.840572387365683e-15), 'Mean': np.float64(-3.166217288352868e-16), 'Std': np.float64(2.4666971072401245e-15)}
2024-11-09 17:28:08,012 - INFO - Top 10 Std Stats: {'Max': np.float64(0.9999999965289696), 'Min': np.float64(0.999999996256427), 'Mean': np.float64(0.9999999963744506), 'Std': np.float64(1.064509566151273e-10)}
2024-11-09 17:28:08,012 - INFO - Bottom 10 Mean Stats: {'Max': np.float64(101.0), 'Min': np.float64(89.0), 'Mean': np.float64(94.0), 'Std': np.float64(4.381780460041329)}
2024-11-09 17:28:08,012 - INFO - Bottom 10 Std Stats: {'Max': np.float64(0.0), 'Min': np.float64(0.0), 'Mean': np.float64(0.0), 'Std': np.float64(0.0)}
[I 2024-11-09 17:28:08,044] Trial 274 finished with value: 59.0 and parameters: {'x_0': 0, 'x_1': -3, 'x_2': 4, 'x_3': 5, 'x_4': -3}. Best is trial 53 with value: 4.0.
2024-11-09 17:28:14,922 - INFO - Candidate Mean Stats: {'Max': np.float64(101.0), 'Min': np.float64(-4.7553627702257016e-14), 'Mean': np.float64(0.08413483927451555), 'Std': np.float64(2.1943382847597275)}
2024-11-09 17:28:14,922 - INFO - Candidate Std Stats: {'Max': np.float64(0.9999999971500152), 'Min': np.float64(0.0), 'Mean': np.float64(0.9982924553186358), 'Std': np.float64(0.041287018899091706)}
2024-11-09 17:28:14,947 - INFO - Top 10 Mean Stats: {'Max': np.float64(2.7089441800853818e-15), 'Min': np.float64(-4.1855408028368405e-15), 'Mean': np.float64(-1.2524703496552555e-16), 'Std': np.float64(2.248184903996924e-15)}
2024-11-09 17:28:14,947 - INFO - Top 10 Std Stats: {'Max': np.float64(0.9999999971500152), 'Min': np.float64(0.9999999968539602), 'Mean': np.float64(0.9999999969684374), 'Std': np.float64(1.1118070628083346e-10)}
2024-11-09 17:28:14,947 - INFO - Bottom 10 Mean Stats: {'Max': np.float64(101.0), 'Min': np.float64(89.0), 'Mean': np.float64(94.0), 'Std': np.float64(4.381780460041329)}
2024-11-09 17:28:14,947 - INFO - Bottom 10 Std Stats: {'Max': np.float64(0.0), 'Min': np.float64(0.0), 'Mean': np.float64(0.0), 'Std': np.float64(0.0)}
[I 2024-11-09 17:28:14,976] Trial 275 finished with value: 84.0 and parameters: {'x_0': -5, 'x_1': 5, 'x_2': -3, 'x_3': 0, 'x_4': -5}. Best is trial 53 with value: 4.0.
2024-11-09 17:28:21,087 - INFO - Candidate Mean Stats: {'Max': np.float64(101.0), 'Min': np.float64(-5.593303598061539e-14), 'Mean': np.float64(0.08465641318588521), 'Std': np.float64(2.204278720897965)}
2024-11-09 17:28:21,088 - INFO - Candidate Std Stats: {'Max': np.float64(0.9999999961405526), 'Min': np.float64(0.0), 'Mean': np.float64(0.9982862455625118), 'Std': np.float64(0.04136188943183576)}
2024-11-09 17:28:21,113 - INFO - Top 10 Mean Stats: {'Max': np.float64(6.017408793468349e-15), 'Min': np.float64(-8.291978215169138e-16), 'Mean': np.float64(1.8918894229003057e-15), 'Std': np.float64(2.0046355985314106e-15)}
2024-11-09 17:28:21,113 - INFO - Top 10 Std Stats: {'Max': np.float64(0.9999999961405526), 'Min': np.float64(0.9999999960207383), 'Mean': np.float64(0.9999999960720327), 'Std': np.float64(3.5059769166855806e-11)}
2024-11-09 17:28:21,113 - INFO - Bottom 10 Mean Stats: {'Max': np.float64(101.0), 'Min': np.float64(89.0), 'Mean': np.float64(94.0), 'Std': np.float64(4.381780460041329)}
2024-11-09 17:28:21,114 - INFO - Bottom 10 Std Stats: {'Max': np.float64(0.0), 'Min': np.float64(0.0), 'Mean': np.float64(0.0), 'Std': np.float64(0.0)}
[I 2024-11-09 17:28:21,147] Trial 276 finished with value: 36.0 and parameters: {'x_0': -5, 'x_1': -3, 'x_2': 1, 'x_3': -1, 'x_4': 0}. Best is trial 53 with value: 4.0.
2024-11-09 17:28:28,189 - INFO - Candidate Mean Stats: {'Max': np.float64(101.0), 'Min': np.float64(-5.306866057708248e-14), 'Mean': np.float64(0.08487994486218652), 'Std': np.float64(2.2060947221286997)}
2024-11-09 17:28:28,190 - INFO - Candidate Std Stats: {'Max': np.float64(0.9999999970498137), 'Min': np.float64(0.0), 'Mean': np.float64(0.9982800362918113), 'Std': np.float64(0.041436623773137275)}
2024-11-09 17:28:28,214 - INFO - Top 10 Mean Stats: {'Max': np.float64(1.4210854715202005e-15), 'Min': np.float64(-1.7097434579227411e-15), 'Mean': np.float64(-3.7303493627405253e-16), 'Std': np.float64(1.107805101472047e-15)}
2024-11-09 17:28:28,214 - INFO - Top 10 Std Stats: {'Max': np.float64(0.9999999970498137), 'Min': np.float64(0.999999996601735), 'Mean': np.float64(0.9999999967821808), 'Std': np.float64(1.3496900547479864e-10)}
2024-11-09 17:28:28,214 - INFO - Bottom 10 Mean Stats: {'Max': np.float64(101.0), 'Min': np.float64(89.0), 'Mean': np.float64(94.0), 'Std': np.float64(4.381780460041329)}
2024-11-09 17:28:28,214 - INFO - Bottom 10 Std Stats: {'Max': np.float64(0.0), 'Min': np.float64(0.0), 'Mean': np.float64(0.0), 'Std': np.float64(0.0)}
[I 2024-11-09 17:28:28,252] Trial 277 finished with value: 50.0 and parameters: {'x_0': 4, 'x_1': -1, 'x_2': 2, 'x_3': -5, 'x_4': -2}. Best is trial 53 with value: 4.0.
2024-11-09 17:28:34,832 - INFO - Candidate Mean Stats: {'Max': np.float64(101.0), 'Min': np.float64(-7.48401340899818e-14), 'Mean': np.float64(0.08519040552371611), 'Std': np.float64(2.209598188795215)}
2024-11-09 17:28:34,833 - INFO - Candidate Std Stats: {'Max': np.float64(0.9999999966028325), 'Min': np.float64(0.0), 'Mean': np.float64(0.9982738271202019), 'Std': np.float64(0.041511222642722174)}
2024-11-09 17:28:34,856 - INFO - Top 10 Mean Stats: {'Max': np.float64(4.440892098500626e-15), 'Min': np.float64(-3.304301277040622e-15), 'Mean': np.float64(2.1398681437911914e-16), 'Std': np.float64(2.5562041123315913e-15)}
2024-11-09 17:28:34,856 - INFO - Top 10 Std Stats: {'Max': np.float64(0.9999999966028325), 'Min': np.float64(0.9999999962136733), 'Mean': np.float64(0.9999999963594661), 'Std': np.float64(1.2478356642580028e-10)}
2024-11-09 17:28:34,856 - INFO - Bottom 10 Mean Stats: {'Max': np.float64(101.0), 'Min': np.float64(89.0), 'Mean': np.float64(94.0), 'Std': np.float64(4.381780460041329)}
2024-11-09 17:28:34,856 - INFO - Bottom 10 Std Stats: {'Max': np.float64(0.0), 'Min': np.float64(0.0), 'Mean': np.float64(0.0), 'Std': np.float64(0.0)}
[I 2024-11-09 17:28:34,894] Trial 278 finished with value: 31.0 and parameters: {'x_0': 1, 'x_1': 2, 'x_2': 4, 'x_3': -3, 'x_4': 1}. Best is trial 53 with value: 4.0.
2024-11-09 17:28:42,431 - INFO - Candidate Mean Stats: {'Max': np.float64(101.0), 'Min': np.float64(-4.866107516932061e-14), 'Mean': np.float64(0.08538289113386442), 'Std': np.float64(2.2109406090930195)}
2024-11-09 17:28:42,433 - INFO - Candidate Std Stats: {'Max': np.float64(0.9999999991473658), 'Min': np.float64(0.0), 'Mean': np.float64(0.998267617878289), 'Std': np.float64(0.04158568676262987)}
2024-11-09 17:28:42,457 - INFO - Top 10 Mean Stats: {'Max': np.float64(7.438494264988549e-16), 'Min': np.float64(-1.326716514427062e-15), 'Mean': np.float64(1.2156942119645466e-16), 'Std': np.float64(5.684539749533614e-16)}
2024-11-09 17:28:42,457 - INFO - Top 10 Std Stats: {'Max': np.float64(0.9999999991473658), 'Min': np.float64(0.999999998766128), 'Mean': np.float64(0.9999999989225655), 'Std': np.float64(1.0962344822362916e-10)}
2024-11-09 17:28:42,458 - INFO - Bottom 10 Mean Stats: {'Max': np.float64(101.0), 'Min': np.float64(89.0), 'Mean': np.float64(94.0), 'Std': np.float64(4.381780460041329)}
2024-11-09 17:28:42,458 - INFO - Bottom 10 Std Stats: {'Max': np.float64(0.0), 'Min': np.float64(0.0), 'Mean': np.float64(0.0), 'Std': np.float64(0.0)}
[I 2024-11-09 17:28:42,497] Trial 279 finished with value: 31.0 and parameters: {'x_0': 4, 'x_1': -2, 'x_2': 3, 'x_3': -1, 'x_4': 1}. Best is trial 53 with value: 4.0.
2024-11-09 17:28:49,510 - INFO - Candidate Mean Stats: {'Max': np.float64(101.0), 'Min': np.float64(-7.056022433005182e-14), 'Mean': np.float64(0.08557537674401275), 'Std': np.float64(2.2122821980580842)}
2024-11-09 17:28:49,513 - INFO - Candidate Std Stats: {'Max': np.float64(0.9999999982512376), 'Min': np.float64(0.0), 'Mean': np.float64(0.9982614089767181), 'Std': np.float64(0.041660016872530695)}
2024-11-09 17:28:49,542 - INFO - Top 10 Mean Stats: {'Max': np.float64(1.432187701766452e-15), 'Min': np.float64(-1.8596235662471372e-15), 'Mean': np.float64(-1.8179902028236938e-16), 'Std': np.float64(8.901243824011827e-16)}
2024-11-09 17:28:49,542 - INFO - Top 10 Std Stats: {'Max': np.float64(0.9999999982512376), 'Min': np.float64(0.9999999981101807), 'Mean': np.float64(0.9999999981655361), 'Std': np.float64(4.227341054625816e-11)}
2024-11-09 17:28:49,542 - INFO - Bottom 10 Mean Stats: {'Max': np.float64(101.0), 'Min': np.float64(89.0), 'Mean': np.float64(94.0), 'Std': np.float64(4.381780460041329)}
2024-11-09 17:28:49,542 - INFO - Bottom 10 Std Stats: {'Max': np.float64(0.0), 'Min': np.float64(0.0), 'Mean': np.float64(0.0), 'Std': np.float64(0.0)}
[I 2024-11-09 17:28:49,588] Trial 280 finished with value: 34.0 and parameters: {'x_0': -3, 'x_1': 1, 'x_2': -2, 'x_3': 4, 'x_4': 2}. Best is trial 53 with value: 4.0.
2024-11-09 17:28:55,384 - INFO - Candidate Mean Stats: {'Max': np.float64(101.0), 'Min': np.float64(-6.695755061514319e-14), 'Mean': np.float64(0.08578648999385288), 'Std': np.float64(2.213895706120477)}
2024-11-09 17:28:55,384 - INFO - Candidate Std Stats: {'Max': np.float64(0.9999999970934614), 'Min': np.float64(0.0), 'Mean': np.float64(0.9982551994447043), 'Std': np.float64(0.04173421364802045)}
2024-11-09 17:28:55,409 - INFO - Top 10 Mean Stats: {'Max': np.float64(4.2188474935755947e-16), 'Min': np.float64(-2.0983215165415457e-15), 'Mean': np.float64(-7.549516567451064e-16), 'Std': np.float64(7.355217064332085e-16)}
2024-11-09 17:28:55,410 - INFO - Top 10 Std Stats: {'Max': np.float64(0.9999999970934614), 'Min': np.float64(0.9999999968623623), 'Mean': np.float64(0.9999999969442752), 'Std': np.float64(8.030556577430389e-11)}
2024-11-09 17:28:55,411 - INFO - Bottom 10 Mean Stats: {'Max': np.float64(101.0), 'Min': np.float64(89.0), 'Mean': np.float64(94.0), 'Std': np.float64(4.381780460041329)}
2024-11-09 17:28:55,411 - INFO - Bottom 10 Std Stats: {'Max': np.float64(0.0), 'Min': np.float64(0.0), 'Mean': np.float64(0.0), 'Std': np.float64(0.0)}
[I 2024-11-09 17:28:55,477] Trial 281 finished with value: 60.0 and parameters: {'x_0': 3, 'x_1': -1, 'x_2': 3, 'x_3': 5, 'x_4': 4}. Best is trial 53 with value: 4.0.
2024-11-09 17:29:04,713 - INFO - Candidate Mean Stats: {'Max': np.float64(101.0), 'Min': np.float64(-5.551115123125783e-14), 'Mean': np.float64(0.0861590427876884), 'Std': np.float64(2.2189239073073663)}
2024-11-09 17:29:04,714 - INFO - Candidate Std Stats: {'Max': np.float64(0.9999999965234232), 'Min': np.float64(0.0), 'Mean': np.float64(0.9982489901491143), 'Std': np.float64(0.04180827783500621)}
2024-11-09 17:29:04,737 - INFO - Top 10 Mean Stats: {'Max': np.float64(4.7628567756419214e-15), 'Min': np.float64(-2.4424906541753444e-15), 'Mean': np.float64(5.340172748447003e-16), 'Std': np.float64(2.2694555463286934e-15)}
2024-11-09 17:29:04,737 - INFO - Top 10 Std Stats: {'Max': np.float64(0.9999999965234232), 'Min': np.float64(0.9999999961488598), 'Mean': np.float64(0.9999999962507209), 'Std': np.float64(1.1171615960782142e-10)}
2024-11-09 17:29:04,738 - INFO - Bottom 10 Mean Stats: {'Max': np.float64(101.0), 'Min': np.float64(89.0), 'Mean': np.float64(94.0), 'Std': np.float64(4.381780460041329)}
2024-11-09 17:29:04,738 - INFO - Bottom 10 Std Stats: {'Max': np.float64(0.0), 'Min': np.float64(0.0), 'Mean': np.float64(0.0), 'Std': np.float64(0.0)}
[I 2024-11-09 17:29:04,783] Trial 282 finished with value: 42.0 and parameters: {'x_0': 4, 'x_1': 1, 'x_2': 4, 'x_3': 0, 'x_4': -3}. Best is trial 53 with value: 4.0.
2024-11-09 17:29:09,668 - INFO - Candidate Mean Stats: {'Max': np.float64(101.0), 'Min': np.float64(-4.6473935810809055e-14), 'Mean': np.float64(0.08641982974337321), 'Std': np.float64(2.221380505955738)}
2024-11-09 17:29:09,668 - INFO - Candidate Std Stats: {'Max': np.float64(0.9999999966220866), 'Min': np.float64(0.0), 'Mean': np.float64(0.9982427811117788), 'Std': np.float64(0.041882210137914586)}
2024-11-09 17:29:09,691 - INFO - Top 10 Mean Stats: {'Max': np.float64(1.8060206108394537e-15), 'Min': np.float64(-2.631228568361621e-15), 'Mean': np.float64(-6.678685382510668e-18), 'Std': np.float64(1.410440993212681e-15)}
2024-11-09 17:29:09,691 - INFO - Top 10 Std Stats: {'Max': np.float64(0.9999999966220866), 'Min': np.float64(0.9999999963281756), 'Mean': np.float64(0.999999996435462), 'Std': np.float64(1.1079021980874607e-10)}
2024-11-09 17:29:09,691 - INFO - Bottom 10 Mean Stats: {'Max': np.float64(101.0), 'Min': np.float64(89.0), 'Mean': np.float64(94.0), 'Std': np.float64(4.381780460041329)}
2024-11-09 17:29:09,691 - INFO - Bottom 10 Std Stats: {'Max': np.float64(0.0), 'Min': np.float64(0.0), 'Mean': np.float64(0.0), 'Std': np.float64(0.0)}
