[I 2024-11-09 17:30:51,849] Trial 298 finished with value: 12.0 and parameters: {'x_0': -2, 'x_1': 2, 'x_2': 0, 'x_3': -2, 'x_4': 0}. Best is trial 109 with value: 2.0.
2024-11-09 17:30:54,811 - INFO - Candidate Mean Stats: {'Max': np.float64(109.0), 'Min': np.float64(-4.081179838522076e-14), 'Mean': np.float64(0.09112641337216162), 'Std': np.float64(2.2880402490977443)}
2024-11-09 17:30:54,811 - INFO - Candidate Std Stats: {'Max': np.float64(0.9999999983250221), 'Min': np.float64(0.0), 'Mean': np.float64(0.9981434347401368), 'Std': np.float64(0.04304774002642724)}
2024-11-09 17:30:54,825 - INFO - Top 10 Mean Stats: {'Max': np.float64(1.98729921407903e-15), 'Min': np.float64(-1.4432899320127035e-15), 'Mean': np.float64(-4.6629367034256604e-17), 'Std': np.float64(9.246904877551606e-16)}
2024-11-09 17:30:54,825 - INFO - Top 10 Std Stats: {'Max': np.float64(0.9999999983250221), 'Min': np.float64(0.9999999980055949), 'Mean': np.float64(0.9999999981278753), 'Std': np.float64(1.1062290534007741e-10)}
2024-11-09 17:30:54,825 - INFO - Bottom 10 Mean Stats: {'Max': np.float64(109.0), 'Min': np.float64(86.0), 'Mean': np.float64(96.2), 'Std': np.float64(7.743384273042375)}
2024-11-09 17:30:54,825 - INFO - Bottom 10 Std Stats: {'Max': np.float64(0.0), 'Min': np.float64(0.0), 'Mean': np.float64(0.0), 'Std': np.float64(0.0)}
[I 2024-11-09 17:30:54,837] Trial 299 finished with value: 65.0 and parameters: {'x_0': 2, 'x_1': 2, 'x_2': 5, 'x_3': 4, 'x_4': -4}. Best is trial 109 with value: 2.0.
2024-11-09 17:30:54,839 - INFO - Best value: 2.0
2024-11-09 17:30:54,841 - INFO - Best params: {'x_0': 0, 'x_1': -1, 'x_2': 0, 'x_3': -1, 'x_4': 0}
10 Std Stats: {'Max': np.float64(0.0), 'Min': np.float64(0.0), 'Mean': np.float64(0.0), 'Std': np.float64(0.0)}
[I 2024-11-09 17:25:43,750] Trial 299 finished with value: 95.0 and parameters: {'x_0': 2, 'x_1': 5, 'x_2': 5, 'x_3': -5, 'x_4': -4}. Best is trial 108 with value: 4.0.
2024-11-09 17:25:43,755 - INFO - Best value: 4.0
2024-11-09 17:25:43,760 - INFO - Best params: {'x_0': 0, 'x_1': -1, 'x_2': -1, 'x_3': -1, 'x_4': 1}
