[I 2024-11-09 17:25:25,447] Trial 251 finished with value: 75.0 and parameters: {'x_0': -5, 'x_1': 0, 'x_2': 5, 'x_3': -4, 'x_4': -3}. Best is trial 53 with value: 4.0.
2024-11-09 17:25:33,898 - INFO - Candidate Mean Stats: {'Max': np.float64(101.0), 'Min': np.float64(-5.864198016070077e-14), 'Mean': np.float64(0.07714947439010006), 'Std': np.float64(2.1038808797257094)}
2024-11-09 17:25:33,899 - INFO - Candidate Std Stats: {'Max': np.float64(0.9999999964660764), 'Min': np.float64(0.0), 'Mean': np.float64(0.9984352666596025), 'Std': np.float64(0.03952560364729005)}
2024-11-09 17:25:33,925 - INFO - Top 10 Mean Stats: {'Max': np.float64(3.0142555118573e-15), 'Min': np.float64(-3.5138558729386203e-15), 'Mean': np.float64(2.4924506902834766e-16), 'Std': np.float64(1.7156672118027095e-15)}
2024-11-09 17:25:33,925 - INFO - Top 10 Std Stats: {'Max': np.float64(0.9999999964660764), 'Min': np.float64(0.999999996036921), 'Mean': np.float64(0.9999999962355867), 'Std': np.float64(1.3454910910026813e-10)}
2024-11-09 17:25:33,925 - INFO - Bottom 10 Mean Stats: {'Max': np.float64(101.0), 'Min': np.float64(89.0), 'Mean': np.float64(94.0), 'Std': np.float64(4.381780460041329)}
2024-11-09 17:25:33,925 - INFO - Bottom 10 Std Stats: {'Max': np.float64(0.0), 'Min': np.float64(0.0), 'Mean': np.float64(0.0), 'Std': np.float64(0.0)}
[I 2024-11-09 17:25:33,959] Trial 252 finished with value: 52.0 and parameters: {'x_0': -3, 'x_1': 0, 'x_2': 3, 'x_3': -5, 'x_4': -3}. Best is trial 53 with value: 4.0.
2024-11-09 17:25:40,276 - INFO - Candidate Mean Stats: {'Max': np.float64(101.0), 'Min': np.float64(-5.051514762044462e-14), 'Mean': np.float64(0.07747235347809076), 'Std': np.float64(2.107855437286006)}
2024-11-09 17:25:40,278 - INFO - Candidate Std Stats: {'Max': np.float64(0.9999999964227511), 'Min': np.float64(0.0), 'Mean': np.float64(0.998429057576655), 'Std': np.float64(0.03960382667422862)}
2024-11-09 17:25:40,302 - INFO - Top 10 Mean Stats: {'Max': np.float64(3.4611202792689256e-15), 'Min': np.float64(-4.39648317751562e-15), 'Mean': np.float64(-3.657751185270897e-16), 'Std': np.float64(2.2560174719709626e-15)}
2024-11-09 17:25:40,303 - INFO - Top 10 Std Stats: {'Max': np.float64(0.9999999964227511), 'Min': np.float64(0.9999999961169522), 'Mean': np.float64(0.9999999962272005), 'Std': np.float64(1.0838227023334757e-10)}
2024-11-09 17:25:40,303 - INFO - Bottom 10 Mean Stats: {'Max': np.float64(101.0), 'Min': np.float64(89.0), 'Mean': np.float64(94.0), 'Std': np.float64(4.381780460041329)}
2024-11-09 17:25:40,303 - INFO - Bottom 10 Std Stats: {'Max': np.float64(0.0), 'Min': np.float64(0.0), 'Mean': np.float64(0.0), 'Std': np.float64(0.0)}
[I 2024-11-09 17:25:40,336] Trial 253 finished with value: 34.0 and parameters: {'x_0': 1, 'x_1': -2, 'x_2': 3, 'x_3': -4, 'x_4': -2}. Best is trial 53 with value: 4.0.
2024-11-09 17:25:47,431 - INFO - Candidate Mean Stats: {'Max': np.float64(101.0), 'Min': np.float64(-5.004885395010206e-14), 'Mean': np.float64(0.07768346672793087), 'Std': np.float64(2.1095496295516027)}
2024-11-09 17:25:47,436 - INFO - Candidate Std Stats: {'Max': np.float64(0.9999999975279042), 'Min': np.float64(0.0), 'Mean': np.float64(0.9984228484458729), 'Std': np.float64(0.03968189453070143)}
2024-11-09 17:25:47,467 - INFO - Top 10 Mean Stats: {'Max': np.float64(1.5654144647214707e-15), 'Min': np.float64(-2.453592884421596e-15), 'Mean': np.float64(-4.816980148092397e-16), 'Std': np.float64(1.5763782103081288e-15)}
2024-11-09 17:25:47,467 - INFO - Top 10 Std Stats: {'Max': np.float64(0.9999999975279042), 'Min': np.float64(0.9999999966679204), 'Mean': np.float64(0.9999999970048015), 'Std': np.float64(2.83218248215683e-10)}
2024-11-09 17:25:47,467 - INFO - Bottom 10 Mean Stats: {'Max': np.float64(101.0), 'Min': np.float64(89.0), 'Mean': np.float64(94.0), 'Std': np.float64(4.381780460041329)}
2024-11-09 17:25:47,467 - INFO - Bottom 10 Std Stats: {'Max': np.float64(0.0), 'Min': np.float64(0.0), 'Mean': np.float64(0.0), 'Std': np.float64(0.0)}
[I 2024-11-09 17:25:47,584] Trial 254 finished with value: 47.0 and parameters: {'x_0': 5, 'x_1': -3, 'x_2': -3, 'x_3': -2, 'x_4': 0}. Best is trial 53 with value: 4.0.
2024-11-09 17:25:57,825 - INFO - Candidate Mean Stats: {'Max': np.float64(101.0), 'Min': np.float64(-4.430344979766687e-14), 'Mean': np.float64(0.0779752997497687), 'Std': np.float64(2.1127873450017365)}
2024-11-09 17:25:57,826 - INFO - Candidate Std Stats: {'Max': np.float64(0.9999999968872163), 'Min': np.float64(0.0), 'Mean': np.float64(0.9984166394154474), 'Std': np.float64(0.0397598081366129)}
2024-11-09 17:25:57,852 - INFO - Top 10 Mean Stats: {'Max': np.float64(3.552713678800501e-15), 'Min': np.float64(-3.0198066269804257e-15), 'Mean': np.float64(-2.44804176929847e-16), 'Std': np.float64(2.3424764610428934e-15)}
2024-11-09 17:25:57,852 - INFO - Top 10 Std Stats: {'Max': np.float64(0.9999999968872163), 'Min': np.float64(0.9999999964261468), 'Mean': np.float64(0.9999999966235087), 'Std': np.float64(1.4476519732737487e-10)}
2024-11-09 17:25:57,852 - INFO - Bottom 10 Mean Stats: {'Max': np.float64(101.0), 'Min': np.float64(89.0), 'Mean': np.float64(94.0), 'Std': np.float64(4.381780460041329)}
2024-11-09 17:25:57,853 - INFO - Bottom 10 Std Stats: {'Max': np.float64(0.0), 'Min': np.float64(0.0), 'Mean': np.float64(0.0), 'Std': np.float64(0.0)}
[I 2024-11-09 17:25:57,987] Trial 255 finished with value: 36.0 and parameters: {'x_0': 1, 'x_1': -1, 'x_2': 0, 'x_3': -3, 'x_4': 5}. Best is trial 53 with value: 4.0.
2024-11-09 17:26:05,878 - INFO - Candidate Mean Stats: {'Max': np.float64(101.0), 'Min': np.float64(-6.529499163576702e-14), 'Mean': np.float64(0.07819883142606998), 'Std': np.float64(2.11468262292028)}
2024-11-09 17:26:05,879 - INFO - Candidate Std Stats: {'Max': np.float64(0.9999999967601875), 'Min': np.float64(0.0), 'Mean': np.float64(0.9984104297522834), 'Std': np.float64(0.039837568367800294)}
2024-11-09 17:26:05,902 - INFO - Top 10 Mean Stats: {'Max': np.float64(2.4868995751603505e-15), 'Min': np.float64(-2.4175106361212782e-15), 'Mean': np.float64(5.957734305894745e-16), 'Std': np.float64(1.3135600047443002e-15)}
2024-11-09 17:26:05,903 - INFO - Top 10 Std Stats: {'Max': np.float64(0.9999999967601875), 'Min': np.float64(0.9999999964775714), 'Mean': np.float64(0.9999999966110705), 'Std': np.float64(1.0543717506228373e-10)}
2024-11-09 17:26:05,903 - INFO - Bottom 10 Mean Stats: {'Max': np.float64(101.0), 'Min': np.float64(89.0), 'Mean': np.float64(94.0), 'Std': np.float64(4.381780460041329)}
2024-11-09 17:26:05,903 - INFO - Bottom 10 Std Stats: {'Max': np.float64(0.0), 'Min': np.float64(0.0), 'Mean': np.float64(0.0), 'Std': np.float64(0.0)}
[I 2024-11-09 17:26:05,944] Trial 256 finished with value: 30.0 and parameters: {'x_0': -5, 'x_1': 1, 'x_2': 0, 'x_3': 0, 'x_4': 2}. Best is trial 53 with value: 4.0.
2024-11-09 17:26:11,962 - INFO - Candidate Mean Stats: {'Max': np.float64(101.0), 'Min': np.float64(-8.709699628184353e-14), 'Mean': np.float64(0.07838510782298774), 'Std': np.float64(2.115996625634481)}
2024-11-09 17:26:11,963 - INFO - Candidate Std Stats: {'Max': np.float64(0.9999999978810546), 'Min': np.float64(0.0), 'Mean': np.float64(0.9984042204705562), 'Std': np.float64(0.03991517616089889)}
2024-11-09 17:26:11,993 - INFO - Top 10 Mean Stats: {'Max': np.float64(1.6264767310758544e-15), 'Min': np.float64(-2.604166882136383e-15), 'Mean': np.float64(-2.05460648494693e-16), 'Std': np.float64(1.073861770107521e-15)}
2024-11-09 17:26:11,993 - INFO - Top 10 Std Stats: {'Max': np.float64(0.9999999978810546), 'Min': np.float64(0.9999999972086977), 'Mean': np.float64(0.9999999974479348), 'Std': np.float64(1.9724001349680008e-10)}
2024-11-09 17:26:11,994 - INFO - Bottom 10 Mean Stats: {'Max': np.float64(101.0), 'Min': np.float64(89.0), 'Mean': np.float64(94.0), 'Std': np.float64(4.381780460041329)}
2024-11-09 17:26:11,994 - INFO - Bottom 10 Std Stats: {'Max': np.float64(0.0), 'Min': np.float64(0.0), 'Mean': np.float64(0.0), 'Std': np.float64(0.0)}
[I 2024-11-09 17:26:12,045] Trial 257 finished with value: 82.0 and parameters: {'x_0': 4, 'x_1': -5, 'x_2': 0, 'x_3': -4, 'x_4': 5}. Best is trial 53 with value: 4.0.
2024-11-09 17:26:20,570 - INFO - Candidate Mean Stats: {'Max': np.float64(101.0), 'Min': np.float64(-5.190292640122607e-14), 'Mean': np.float64(0.07889426330789626), 'Std': np.float64(2.125820403939273)}
2024-11-09 17:26:20,571 - INFO - Candidate Std Stats: {'Max': np.float64(0.9999999967773425), 'Min': np.float64(0.0), 'Mean': np.float64(0.9983980115978031), 'Std': np.float64(0.03999263240463163)}
2024-11-09 17:26:20,596 - INFO - Top 10 Mean Stats: {'Max': np.float64(4.2299497238218466e-15), 'Min': np.float64(-2.3092638912203257e-15), 'Mean': np.float64(-5.620504062164855e-17), 'Std': np.float64(1.8727655068961087e-15)}
2024-11-09 17:26:20,596 - INFO - Top 10 Std Stats: {'Max': np.float64(0.9999999967773425), 'Min': np.float64(0.9999999963856464), 'Mean': np.float64(0.9999999965229172), 'Std': np.float64(1.2170659467608237e-10)}
2024-11-09 17:26:20,596 - INFO - Bottom 10 Mean Stats: {'Max': np.float64(101.0), 'Min': np.float64(89.0), 'Mean': np.float64(94.0), 'Std': np.float64(4.381780460041329)}
2024-11-09 17:26:20,596 - INFO - Bottom 10 Std Stats: {'Max': np.float64(0.0), 'Min': np.float64(0.0), 'Mean': np.float64(0.0), 'Std': np.float64(0.0)}
[I 2024-11-09 17:26:20,645] Trial 258 finished with value: 52.0 and parameters: {'x_0': -3, 'x_1': 0, 'x_2': -5, 'x_3': -3, 'x_4': -3}. Best is trial 53 with value: 4.0.
2024-11-09 17:26:30,328 - INFO - Candidate Mean Stats: {'Max': np.float64(101.0), 'Min': np.float64(-4.869438186005937e-14), 'Mean': np.float64(0.079217142395887), 'Std': np.float64(2.1297537537268427)}
2024-11-09 17:26:30,329 - INFO - Candidate Std Stats: {'Max': np.float64(0.999999996907735), 'Min': np.float64(0.0), 'Mean': np.float64(0.9983918024037792), 'Std': np.float64(0.0400699379487274)}
2024-11-09 17:26:30,355 - INFO - Top 10 Mean Stats: {'Max': np.float64(7.993605777301127e-16), 'Min': np.float64(-2.3536728122053318e-15), 'Mean': np.float64(-6.977057820378718e-16), 'Std': np.float64(1.1284121880034198e-15)}
2024-11-09 17:26:30,355 - INFO - Top 10 Std Stats: {'Max': np.float64(0.999999996907735), 'Min': np.float64(0.9999999962792385), 'Mean': np.float64(0.9999999965415587), 'Std': np.float64(2.0326380886137978e-10)}
2024-11-09 17:26:30,355 - INFO - Bottom 10 Mean Stats: {'Max': np.float64(101.0), 'Min': np.float64(89.0), 'Mean': np.float64(94.0), 'Std': np.float64(4.381780460041329)}
2024-11-09 17:26:30,355 - INFO - Bottom 10 Std Stats: {'Max': np.float64(0.0), 'Min': np.float64(0.0), 'Mean': np.float64(0.0), 'Std': np.float64(0.0)}
[I 2024-11-09 17:26:30,400] Trial 259 finished with value: 25.0 and parameters: {'x_0': -2, 'x_1': 4, 'x_2': 1, 'x_3': 0, 'x_4': 2}. Best is trial 53 with value: 4.0.
2024-11-09 17:26:37,799 - INFO - Candidate Mean Stats: {'Max': np.float64(101.0), 'Min': np.float64(-4.58119653323763e-14), 'Mean': np.float64(0.07937237272665178), 'Std': np.float64(2.130658863328386)}
2024-11-09 17:26:37,799 - INFO - Candidate Std Stats: {'Max': np.float64(0.9999999964882821), 'Min': np.float64(0.0), 'Mean': np.float64(0.9983855930090588), 'Std': np.float64(0.040147093668428224)}
2024-11-09 17:26:37,825 - INFO - Top 10 Mean Stats: {'Max': np.float64(2.6673108166619384e-15), 'Min': np.float64(-2.7033930649622563e-15), 'Mean': np.float64(-4.546363285840017e-16), 'Std': np.float64(1.6924251221717819e-15)}
2024-11-09 17:26:37,825 - INFO - Top 10 Std Stats: {'Max': np.float64(0.9999999964882821), 'Min': np.float64(0.999999996144279), 'Mean': np.float64(0.9999999962698487), 'Std': np.float64(1.0507523333205343e-10)}
2024-11-09 17:26:37,825 - INFO - Bottom 10 Mean Stats: {'Max': np.float64(101.0), 'Min': np.float64(89.0), 'Mean': np.float64(94.0), 'Std': np.float64(4.381780460041329)}
2024-11-09 17:26:37,825 - INFO - Bottom 10 Std Stats: {'Max': np.float64(0.0), 'Min': np.float64(0.0), 'Mean': np.float64(0.0), 'Std': np.float64(0.0)}
[I 2024-11-09 17:26:37,856] Trial 260 finished with value: 76.0 and parameters: {'x_0': 3, 'x_1': 5, 'x_2': -1, 'x_3': -4, 'x_4': -5}. Best is trial 53 with value: 4.0.
2024-11-09 17:26:45,403 - INFO - Candidate Mean Stats: {'Max': np.float64(101.0), 'Min': np.float64(-4.9338311214341954e-14), 'Mean': np.float64(0.07984427293217679), 'Std': np.float64(2.1390410171691183)}
2024-11-09 17:26:45,404 - INFO - Candidate Std Stats: {'Max': np.float64(0.9999999976116589), 'Min': np.float64(0.0), 'Mean': np.float64(0.9983793836496032), 'Std': np.float64(0.04022410043530338)}
2024-11-09 17:26:45,427 - INFO - Top 10 Mean Stats: {'Max': np.float64(4.4741987892393805e-15), 'Min': np.float64(-2.4868995751603505e-15), 'Mean': np.float64(6.455946888195285e-16), 'Std': np.float64(2.1340656181180555e-15)}
2024-11-09 17:26:45,427 - INFO - Top 10 Std Stats: {'Max': np.float64(0.9999999976116589), 'Min': np.float64(0.9999999968295634), 'Mean': np.float64(0.9999999969780932), 'Std': np.float64(2.382153007696199e-10)}
2024-11-09 17:26:45,427 - INFO - Bottom 10 Mean Stats: {'Max': np.float64(101.0), 'Min': np.float64(89.0), 'Mean': np.float64(94.0), 'Std': np.float64(4.381780460041329)}
2024-11-09 17:26:45,427 - INFO - Bottom 10 Std Stats: {'Max': np.float64(0.0), 'Min': np.float64(0.0), 'Mean': np.float64(0.0), 'Std': np.float64(0.0)}
[I 2024-11-09 17:26:45,459] Trial 261 finished with value: 42.0 and parameters: {'x_0': 4, 'x_1': -2, 'x_2': -3, 'x_3': -3, 'x_4': -2}. Best is trial 53 with value: 4.0.
2024-11-09 17:26:51,840 - INFO - Candidate Mean Stats: {'Max': np.float64(101.0), 'Min': np.float64(-4.296563105299356e-14), 'Mean': np.float64(0.08010505988786165), 'Std': np.float64(2.141590019721583)}
2024-11-09 17:26:51,840 - INFO - Candidate Std Stats: {'Max': np.float64(0.9999999969158656), 'Min': np.float64(0.0), 'Mean': np.float64(0.9983731746275544), 'Std': np.float64(0.04030095911541933)}
2024-11-09 17:26:51,867 - INFO - Top 10 Mean Stats: {'Max': np.float64(4.318767565791859e-15), 'Min': np.float64(-2.9198865547641618e-15), 'Mean': np.float64(9.797718192317006e-16), 'Std': np.float64(2.1500358207186165e-15)}
2024-11-09 17:26:51,867 - INFO - Top 10 Std Stats: {'Max': np.float64(0.9999999969158656), 'Min': np.float64(0.9999999963740053), 'Mean': np.float64(0.9999999965961273), 'Std': np.float64(1.7449061414143872e-10)}
2024-11-09 17:26:51,868 - INFO - Bottom 10 Mean Stats: {'Max': np.float64(101.0), 'Min': np.float64(89.0), 'Mean': np.float64(94.0), 'Std': np.float64(4.381780460041329)}
2024-11-09 17:26:51,868 - INFO - Bottom 10 Std Stats: {'Max': np.float64(0.0), 'Min': np.float64(0.0), 'Mean': np.float64(0.0), 'Std': np.float64(0.0)}
[I 2024-11-09 17:26:51,900] Trial 262 finished with value: 35.0 and parameters: {'x_0': 2, 'x_1': 1, 'x_2': 5, 'x_3': 1, 'x_4': 2}. Best is trial 53 with value: 4.0.
2024-11-09 17:26:58,712 - INFO - Candidate Mean Stats: {'Max': np.float64(101.0), 'Min': np.float64(-4.911626660941692e-14), 'Mean': np.float64(0.08032238235093228), 'Std': np.float64(2.1433570011296936)}
2024-11-09 17:26:58,712 - INFO - Candidate Std Stats: {'Max': np.float64(0.999999997249131), 'Min': np.float64(0.0), 'Mean': np.float64(0.9983669654068483), 'Std': np.float64(0.040377670532898424)}
2024-11-09 17:26:58,735 - INFO - Top 10 Mean Stats: {'Max': np.float64(2.4369395390522185e-15), 'Min': np.float64(-6.550315845288424e-16), 'Mean': np.float64(6.125829010716899e-16), 'Std': np.float64(9.315909236682384e-16)}
2024-11-09 17:26:58,735 - INFO - Top 10 Std Stats: {'Max': np.float64(0.999999997249131), 'Min': np.float64(0.9999999966421668), 'Mean': np.float64(0.9999999969021134), 'Std': np.float64(1.8615950831606652e-10)}
2024-11-09 17:26:58,735 - INFO - Bottom 10 Mean Stats: {'Max': np.float64(101.0), 'Min': np.float64(89.0), 'Mean': np.float64(94.0), 'Std': np.float64(4.381780460041329)}
2024-11-09 17:26:58,736 - INFO - Bottom 10 Std Stats: {'Max': np.float64(0.0), 'Min': np.float64(0.0), 'Mean': np.float64(0.0), 'Std': np.float64(0.0)}
[I 2024-11-09 17:26:58,769] Trial 263 finished with value: 47.0 and parameters: {'x_0': -4, 'x_1': -5, 'x_2': -1, 'x_3': -2, 'x_4': 1}. Best is trial 53 with value: 4.0.
2024-11-09 17:27:05,455 - INFO - Candidate Mean Stats: {'Max': np.float64(101.0), 'Min': np.float64(-6.457057111219911e-14), 'Mean': np.float64(0.08061421537277011), 'Std': np.float64(2.1465433654376547)}
2024-11-09 17:27:05,456 - INFO - Candidate Std Stats: {'Max': np.float64(0.9999999966403006), 'Min': np.float64(0.0), 'Mean': np.float64(0.9983607560758356), 'Std': np.float64(0.040454235528970366)}
2024-11-09 17:27:05,483 - INFO - Top 10 Mean Stats: {'Max': np.float64(4.618527782440651e-15), 'Min': np.float64(-2.6645352591003757e-15), 'Mean': np.float64(3.644307078332076e-16), 'Std': np.float64(2.077938199340032e-15)}
2024-11-09 17:27:05,483 - INFO - Top 10 Std Stats: {'Max': np.float64(0.9999999966403006), 'Min': np.float64(0.9999999962807903), 'Mean': np.float64(0.9999999964372728), 'Std': np.float64(1.1615698211271864e-10)}
2024-11-09 17:27:05,483 - INFO - Bottom 10 Mean Stats: {'Max': np.float64(101.0), 'Min': np.float64(89.0), 'Mean': np.float64(94.0), 'Std': np.float64(4.381780460041329)}
2024-11-09 17:27:05,483 - INFO - Bottom 10 Std Stats: {'Max': np.float64(0.0), 'Min': np.float64(0.0), 'Mean': np.float64(0.0), 'Std': np.float64(0.0)}
[I 2024-11-09 17:27:05,518] Trial 264 finished with value: 70.0 and parameters: {'x_0': 5, 'x_1': -4, 'x_2': 0, 'x_3': -2, 'x_4': 5}. Best is trial 53 with value: 4.0.
2024-11-09 17:27:12,151 - INFO - Candidate Mean Stats: {'Max': np.float64(101.0), 'Min': np.float64(-5.3312909642500016e-14), 'Mean': np.float64(0.08104886029891155), 'Std': np.float64(2.153602400281613)}
2024-11-09 17:27:12,152 - INFO - Candidate Std Stats: {'Max': np.float64(0.9999999964226394), 'Min': np.float64(0.0), 'Mean': np.float64(0.9983545469704492), 'Std': np.float64(0.04053065494702065)}
2024-11-09 17:27:12,174 - INFO - Top 10 Mean Stats: {'Max': np.float64(3.7636560534792805e-15), 'Min': np.float64(-3.3750779948604757e-15), 'Mean': np.float64(1.319430675827959e-16), 'Std': np.float64(2.4976587694386587e-15)}
2024-11-09 17:27:12,175 - INFO - Top 10 Std Stats: {'Max': np.float64(0.9999999964226394), 'Min': np.float64(0.9999999960978875), 'Mean': np.float64(0.9999999962521363), 'Std': np.float64(9.899362915963335e-11)}
2024-11-09 17:27:12,175 - INFO - Bottom 10 Mean Stats: {'Max': np.float64(101.0), 'Min': np.float64(89.0), 'Mean': np.float64(94.0), 'Std': np.float64(4.381780460041329)}
2024-11-09 17:27:12,175 - INFO - Bottom 10 Std Stats: {'Max': np.float64(0.0), 'Min': np.float64(0.0), 'Mean': np.float64(0.0), 'Std': np.float64(0.0)}
[I 2024-11-09 17:27:12,206] Trial 265 finished with value: 56.0 and parameters: {'x_0': 1, 'x_1': 5, 'x_2': -5, 'x_3': -1, 'x_4': -2}. Best is trial 53 with value: 4.0.
2024-11-09 17:27:17,964 - INFO - Candidate Mean Stats: {'Max': np.float64(101.0), 'Min': np.float64(-5.144773496112975e-14), 'Mean': np.float64(0.08139657623982464), 'Std': np.float64(2.1581053974081175)}
2024-11-09 17:27:17,965 - INFO - Candidate Std Stats: {'Max': np.float64(0.9999999964770497), 'Min': np.float64(0.0), 'Mean': np.float64(0.9983483378934871), 'Std': np.float64(0.0406069296010349)}
2024-11-09 17:27:17,986 - INFO - Top 10 Mean Stats: {'Max': np.float64(3.552713678800501e-15), 'Min': np.float64(-3.5915714846623816e-15), 'Mean': np.float64(1.9151347174783959e-16), 'Std': np.float64(1.957114502812013e-15)}
2024-11-09 17:27:17,986 - INFO - Top 10 Std Stats: {'Max': np.float64(0.9999999964770497), 'Min': np.float64(0.9999999961579255), 'Mean': np.float64(0.9999999963162122), 'Std': np.float64(1.0924240056331343e-10)}
2024-11-09 17:27:17,986 - INFO - Bottom 10 Mean Stats: {'Max': np.float64(101.0), 'Min': np.float64(89.0), 'Mean': np.float64(94.0), 'Std': np.float64(4.381780460041329)}
2024-11-09 17:27:17,986 - INFO - Bottom 10 Std Stats: {'Max': np.float64(0.0), 'Min': np.float64(0.0), 'Mean': np.float64(0.0), 'Std': np.float64(0.0)}
[I 2024-11-09 17:27:18,017] Trial 266 finished with value: 62.0 and parameters: {'x_0': 5, 'x_1': -1, 'x_2': 4, 'x_3': -2, 'x_4': 4}. Best is trial 53 with value: 4.0.
2024-11-09 17:27:26,181 - INFO - Candidate Mean Stats: {'Max': np.float64(101.0), 'Min': np.float64(-6.879496972089782e-14), 'Mean': np.float64(0.08178154746012128), 'Std': np.float64(2.163613713928398)}
2024-11-09 17:27:26,182 - INFO - Candidate Std Stats: {'Max': np.float64(0.9999999969126186), 'Min': np.float64(0.0), 'Mean': np.float64(0.9983421287700611), 'Std': np.float64(0.04068306030220719)}
2024-11-09 17:27:26,207 - INFO - Top 10 Mean Stats: {'Max': np.float64(2.914335439641036e-15), 'Min': np.float64(-2.631228568361621e-15), 'Mean': np.float64(-1.1700709845463552e-17), 'Std': np.float64(1.7687272472260982e-15)}
2024-11-09 17:27:26,207 - INFO - Top 10 Std Stats: {'Max': np.float64(0.9999999969126186), 'Min': np.float64(0.9999999965878411), 'Mean': np.float64(0.9999999967256585), 'Std': np.float64(1.0618524829135244e-10)}
2024-11-09 17:27:26,208 - INFO - Bottom 10 Mean Stats: {'Max': np.float64(101.0), 'Min': np.float64(89.0), 'Mean': np.float64(94.0), 'Std': np.float64(4.381780460041329)}
2024-11-09 17:27:26,208 - INFO - Bottom 10 Std Stats: {'Max': np.float64(0.0), 'Min': np.float64(0.0), 'Mean': np.float64(0.0), 'Std': np.float64(0.0)}
