[I 2024-11-09 16:58:50,115] Trial 95 finished with value: 72.0 and parameters: {'x_0': -3, 'x_1': -2, 'x_2': 5, 'x_3': 5, 'x_4': 3}. Best is trial 89 with value: 11.0.
2024-11-09 16:58:59,439 - INFO - Candidate Mean Stats: {'Max': np.float64(107.0), 'Min': np.float64(-8.98892071887758e-14), 'Mean': np.float64(0.029723503734841762), 'Std': np.float64(1.3097987597912748)}
2024-11-09 16:58:59,439 - INFO - Candidate Std Stats: {'Max': np.float64(0.999999996847187), 'Min': np.float64(0.0), 'Mean': np.float64(0.999403903482367), 'Std': np.float64(0.02440756315322394)}
2024-11-09 16:58:59,460 - INFO - Top 10 Mean Stats: {'Max': np.float64(9.076073226310656e-16), 'Min': np.float64(-3.6016328808230466e-15), 'Mean': np.float64(-8.340897417191684e-16), 'Std': np.float64(1.4055943252605194e-15)}
2024-11-09 16:58:59,460 - INFO - Top 10 Std Stats: {'Max': np.float64(0.999999996847187), 'Min': np.float64(0.9999999962064662), 'Mean': np.float64(0.9999999964265207), 'Std': np.float64(2.3806277522612156e-10)}
2024-11-09 16:58:59,460 - INFO - Bottom 10 Mean Stats: {'Max': np.float64(107.0), 'Min': np.float64(76.0), 'Mean': np.float64(84.9), 'Std': np.float64(9.417536832951598)}
2024-11-09 16:58:59,460 - INFO - Bottom 10 Std Stats: {'Max': np.float64(0.0), 'Min': np.float64(0.0), 'Mean': np.float64(0.0), 'Std': np.float64(0.0)}
[I 2024-11-09 16:58:59,488] Trial 96 finished with value: 59.0 and parameters: {'x_0': -2, 'x_1': 1, 'x_2': 5, 'x_3': -2, 'x_4': -5}. Best is trial 89 with value: 11.0.
2024-11-09 16:59:10,205 - INFO - Candidate Mean Stats: {'Max': np.float64(107.0), 'Min': np.float64(-5.649369860805109e-14), 'Mean': np.float64(0.03008984731544666), 'Std': np.float64(1.3180156107456615)}
2024-11-09 16:59:10,206 - INFO - Candidate Std Stats: {'Max': np.float64(0.9999999968898563), 'Min': np.float64(0.0), 'Mean': np.float64(0.9993976941869573), 'Std': np.float64(0.02453428032519233)}
2024-11-09 16:59:10,228 - INFO - Top 10 Mean Stats: {'Max': np.float64(1.9539925233402757e-15), 'Min': np.float64(-3.241851231905457e-15), 'Mean': np.float64(1.5744350267965495e-16), 'Std': np.float64(1.9663846521073344e-15)}
2024-11-09 16:59:10,228 - INFO - Top 10 Std Stats: {'Max': np.float64(0.9999999968898563), 'Min': np.float64(0.9999999965098806), 'Mean': np.float64(0.9999999966274686), 'Std': np.float64(1.1316069450957079e-10)}
2024-11-09 16:59:10,228 - INFO - Bottom 10 Mean Stats: {'Max': np.float64(107.0), 'Min': np.float64(76.0), 'Mean': np.float64(84.9), 'Std': np.float64(9.417536832951598)}
2024-11-09 16:59:10,228 - INFO - Bottom 10 Std Stats: {'Max': np.float64(0.0), 'Min': np.float64(0.0), 'Mean': np.float64(0.0), 'Std': np.float64(0.0)}
[I 2024-11-09 16:59:10,258] Trial 97 finished with value: 42.0 and parameters: {'x_0': -4, 'x_1': -2, 'x_2': 2, 'x_3': -3, 'x_4': -3}. Best is trial 89 with value: 11.0.
2024-11-09 16:59:20,417 - INFO - Candidate Mean Stats: {'Max': np.float64(107.0), 'Min': np.float64(-6.901146321069973e-14), 'Mean': np.float64(0.030350634271131504), 'Std': np.float64(1.322158250822809)}
2024-11-09 16:59:20,418 - INFO - Candidate Std Stats: {'Max': np.float64(0.9999999964456243), 'Min': np.float64(0.0), 'Mean': np.float64(0.999391485747222), 'Std': np.float64(0.02466034482731901)}
2024-11-09 16:59:20,448 - INFO - Top 10 Mean Stats: {'Max': np.float64(3.708144902248023e-15), 'Min': np.float64(-5.057065877167588e-15), 'Mean': np.float64(2.792080802671571e-16), 'Std': np.float64(2.6747874541460225e-15)}
2024-11-09 16:59:20,448 - INFO - Top 10 Std Stats: {'Max': np.float64(0.9999999964456243), 'Min': np.float64(0.9999999959585611), 'Mean': np.float64(0.999999996109859), 'Std': np.float64(1.557758219395136e-10)}
2024-11-09 16:59:20,448 - INFO - Bottom 10 Mean Stats: {'Max': np.float64(107.0), 'Min': np.float64(76.0), 'Mean': np.float64(84.9), 'Std': np.float64(9.417536832951598)}
2024-11-09 16:59:20,448 - INFO - Bottom 10 Std Stats: {'Max': np.float64(0.0), 'Min': np.float64(0.0), 'Mean': np.float64(0.0), 'Std': np.float64(0.0)}
[I 2024-11-09 16:59:20,482] Trial 98 finished with value: 60.0 and parameters: {'x_0': 5, 'x_1': 0, 'x_2': -1, 'x_3': 5, 'x_4': -3}. Best is trial 89 with value: 11.0.
2024-11-09 16:59:28,628 - INFO - Candidate Mean Stats: {'Max': np.float64(107.0), 'Min': np.float64(-6.511458039426543e-14), 'Mean': np.float64(0.030723187064967013), 'Std': np.float64(1.3305761363507878)}
2024-11-09 16:59:28,629 - INFO - Candidate Std Stats: {'Max': np.float64(0.9999999968607869), 'Min': np.float64(0.0), 'Mean': np.float64(0.9993852765088815), 'Std': np.float64(0.024785766577981247)}
2024-11-09 16:59:28,663 - INFO - Top 10 Mean Stats: {'Max': np.float64(3.164135620181696e-15), 'Min': np.float64(-3.8857805861880476e-17), 'Mean': np.float64(9.450079607731254e-16), 'Std': np.float64(9.956775734934047e-16)}
2024-11-09 16:59:28,664 - INFO - Top 10 Std Stats: {'Max': np.float64(0.9999999968607869), 'Min': np.float64(0.999999996285479), 'Mean': np.float64(0.999999996597056), 'Std': np.float64(2.1575335819975085e-10)}
2024-11-09 16:59:28,664 - INFO - Bottom 10 Mean Stats: {'Max': np.float64(107.0), 'Min': np.float64(76.0), 'Mean': np.float64(84.9), 'Std': np.float64(9.417536832951598)}
2024-11-09 16:59:28,664 - INFO - Bottom 10 Std Stats: {'Max': np.float64(0.0), 'Min': np.float64(0.0), 'Mean': np.float64(0.0), 'Std': np.float64(0.0)}
[I 2024-11-09 16:59:28,691] Trial 99 finished with value: 74.0 and parameters: {'x_0': -5, 'x_1': 2, 'x_2': 4, 'x_3': 5, 'x_4': -2}. Best is trial 89 with value: 11.0.
2024-11-09 16:59:40,783 - INFO - Candidate Mean Stats: {'Max': np.float64(107.0), 'Min': np.float64(-6.274980535181385e-14), 'Mean': np.float64(0.031182668844030762), 'Std': np.float64(1.3432818251074872)}
2024-11-09 16:59:40,784 - INFO - Candidate Std Stats: {'Max': np.float64(0.9999999964565155), 'Min': np.float64(0.0), 'Mean': np.float64(0.9993790669994577), 'Std': np.float64(0.02491055529826952)}
2024-11-09 16:59:40,811 - INFO - Top 10 Mean Stats: {'Max': np.float64(5.123679258645097e-15), 'Min': np.float64(-2.450817326860033e-15), 'Mean': np.float64(3.243239010686238e-16), 'Std': np.float64(1.9663037926361583e-15)}
2024-11-09 16:59:40,811 - INFO - Top 10 Std Stats: {'Max': np.float64(0.9999999964565155), 'Min': np.float64(0.9999999961493479), 'Mean': np.float64(0.9999999962811215), 'Std': np.float64(9.957692428155489e-11)}
2024-11-09 16:59:40,811 - INFO - Bottom 10 Mean Stats: {'Max': np.float64(107.0), 'Min': np.float64(76.0), 'Mean': np.float64(84.9), 'Std': np.float64(9.417536832951598)}
2024-11-09 16:59:40,812 - INFO - Bottom 10 Std Stats: {'Max': np.float64(0.0), 'Min': np.float64(0.0), 'Mean': np.float64(0.0), 'Std': np.float64(0.0)}
[I 2024-11-09 16:59:40,842] Trial 100 finished with value: 56.0 and parameters: {'x_0': 1, 'x_1': 1, 'x_2': -5, 'x_3': -5, 'x_4': 2}. Best is trial 89 with value: 11.0.
2024-11-09 16:59:49,839 - INFO - Candidate Mean Stats: {'Max': np.float64(107.0), 'Min': np.float64(-5.382361223382759e-14), 'Mean': np.float64(0.03153038478494391), 'Std': np.float64(1.35050225769037)}
2024-11-09 16:59:49,840 - INFO - Candidate Std Stats: {'Max': np.float64(0.9999999972419378), 'Min': np.float64(0.0), 'Mean': np.float64(0.9993728578872975), 'Std': np.float64(0.02503472047098529)}
2024-11-09 16:59:49,872 - INFO - Top 10 Mean Stats: {'Max': np.float64(2.7200464103316335e-15), 'Min': np.float64(-2.7533531010703883e-15), 'Mean': np.float64(7.43016759230386e-16), 'Std': np.float64(1.7198462195842725e-15)}
2024-11-09 16:59:49,872 - INFO - Top 10 Std Stats: {'Max': np.float64(0.9999999972419378), 'Min': np.float64(0.999999996873614), 'Mean': np.float64(0.9999999970377489), 'Std': np.float64(1.164471802893399e-10)}
2024-11-09 16:59:49,872 - INFO - Bottom 10 Mean Stats: {'Max': np.float64(107.0), 'Min': np.float64(76.0), 'Mean': np.float64(84.9), 'Std': np.float64(9.417536832951598)}
2024-11-09 16:59:49,872 - INFO - Bottom 10 Std Stats: {'Max': np.float64(0.0), 'Min': np.float64(0.0), 'Mean': np.float64(0.0), 'Std': np.float64(0.0)}
[I 2024-11-09 16:59:49,904] Trial 101 finished with value: 55.0 and parameters: {'x_0': -2, 'x_1': -5, 'x_2': 3, 'x_3': 4, 'x_4': 1}. Best is trial 89 with value: 11.0.
2024-11-09 16:59:58,735 - INFO - Candidate Mean Stats: {'Max': np.float64(107.0), 'Min': np.float64(-5.799805080641818e-14), 'Mean': np.float64(0.03187189151262644), 'Std': np.float64(1.357430501257954)}
2024-11-09 16:59:58,736 - INFO - Candidate Std Stats: {'Max': np.float64(0.9999999970257402), 'Min': np.float64(0.0), 'Mean': np.float64(0.9993666486575575), 'Std': np.float64(0.025158271315762402)}
2024-11-09 16:59:58,760 - INFO - Top 10 Mean Stats: {'Max': np.float64(3.730349362740526e-15), 'Min': np.float64(-2.3495094758629877e-15), 'Mean': np.float64(3.788636071533346e-16), 'Std': np.float64(2.0342417162598757e-15)}
2024-11-09 16:59:58,760 - INFO - Top 10 Std Stats: {'Max': np.float64(0.9999999970257402), 'Min': np.float64(0.9999999965626205), 'Mean': np.float64(0.9999999967118031), 'Std': np.float64(1.454020178651152e-10)}
2024-11-09 16:59:58,760 - INFO - Bottom 10 Mean Stats: {'Max': np.float64(107.0), 'Min': np.float64(76.0), 'Mean': np.float64(84.9), 'Std': np.float64(9.417536832951598)}
2024-11-09 16:59:58,760 - INFO - Bottom 10 Std Stats: {'Max': np.float64(0.0), 'Min': np.float64(0.0), 'Mean': np.float64(0.0), 'Std': np.float64(0.0)}
[I 2024-11-09 16:59:58,790] Trial 102 finished with value: 95.0 and parameters: {'x_0': 2, 'x_1': -5, 'x_2': -5, 'x_3': -4, 'x_4': -5}. Best is trial 89 with value: 11.0.
2024-11-09 17:00:08,417 - INFO - Candidate Mean Stats: {'Max': np.float64(107.0), 'Min': np.float64(-5.6575577556117193e-14), 'Mean': np.float64(0.03246176676953261), 'Std': np.float64(1.3779033951327293)}
2024-11-09 17:00:08,418 - INFO - Candidate Std Stats: {'Max': np.float64(0.9999999968988953), 'Min': np.float64(0.0), 'Mean': np.float64(0.9993604396061616), 'Std': np.float64(0.02528121684677594)}
2024-11-09 17:00:08,459 - INFO - Top 10 Mean Stats: {'Max': np.float64(1.9262369477246468e-15), 'Min': np.float64(-5.509481759702339e-15), 'Mean': np.float64(-2.0282386881120834e-16), 'Std': np.float64(2.260218577806529e-15)}
2024-11-09 17:00:08,459 - INFO - Top 10 Std Stats: {'Max': np.float64(0.9999999968988953), 'Min': np.float64(0.9999999962280076), 'Mean': np.float64(0.9999999964382338), 'Std': np.float64(2.133149291463278e-10)}
2024-11-09 17:00:08,459 - INFO - Bottom 10 Mean Stats: {'Max': np.float64(107.0), 'Min': np.float64(76.0), 'Mean': np.float64(86.8), 'Std': np.float64(9.346657156438338)}
2024-11-09 17:00:08,460 - INFO - Bottom 10 Std Stats: {'Max': np.float64(0.0), 'Min': np.float64(0.0), 'Mean': np.float64(0.0), 'Std': np.float64(0.0)}
[I 2024-11-09 17:00:08,490] Trial 103 finished with value: 26.0 and parameters: {'x_0': 2, 'x_1': -1, 'x_2': -2, 'x_3': 4, 'x_4': 1}. Best is trial 89 with value: 11.0.
2024-11-09 17:00:17,866 - INFO - Candidate Mean Stats: {'Max': np.float64(107.0), 'Min': np.float64(-5.944134073843088e-14), 'Mean': np.float64(0.03262320631352803), 'Std': np.float64(1.3794218670058145)}
2024-11-09 17:00:17,866 - INFO - Candidate Std Stats: {'Max': np.float64(0.9999999988587392), 'Min': np.float64(0.0), 'Mean': np.float64(0.999354230058493), 'Std': np.float64(0.025403565835612953)}
2024-11-09 17:00:17,900 - INFO - Top 10 Mean Stats: {'Max': np.float64(9.228728892196614e-16), 'Min': np.float64(-1.765254609153999e-15), 'Mean': np.float64(-2.747801985947265e-17), 'Std': np.float64(8.726488925377807e-16)}
2024-11-09 17:00:17,901 - INFO - Top 10 Std Stats: {'Max': np.float64(0.9999999988587392), 'Min': np.float64(0.9999999987103899), 'Mean': np.float64(0.999999998774474), 'Std': np.float64(5.5165949322738813e-11)}
2024-11-09 17:00:17,901 - INFO - Bottom 10 Mean Stats: {'Max': np.float64(107.0), 'Min': np.float64(76.0), 'Mean': np.float64(86.8), 'Std': np.float64(9.346657156438338)}
2024-11-09 17:00:17,901 - INFO - Bottom 10 Std Stats: {'Max': np.float64(0.0), 'Min': np.float64(0.0), 'Mean': np.float64(0.0), 'Std': np.float64(0.0)}
[I 2024-11-09 17:00:17,931] Trial 104 finished with value: 50.0 and parameters: {'x_0': 5, 'x_1': 4, 'x_2': 2, 'x_3': -2, 'x_4': 1}. Best is trial 89 with value: 11.0.
2024-11-09 17:00:28,260 - INFO - Candidate Mean Stats: {'Max': np.float64(107.0), 'Min': np.float64(-6.127598428662395e-14), 'Mean': np.float64(0.0329336669750576), 'Std': np.float64(1.3850297352114995)}
2024-11-09 17:00:28,260 - INFO - Candidate Std Stats: {'Max': np.float64(0.9999999971139132), 'Min': np.float64(0.0), 'Mean': np.float64(0.9993480208882228), 'Std': np.float64(0.025525326882335317)}
2024-11-09 17:00:28,285 - INFO - Top 10 Mean Stats: {'Max': np.float64(3.5360603334311237e-15), 'Min': np.float64(-4.2216230511371576e-15), 'Mean': np.float64(-1.1157741397482825e-16), 'Std': np.float64(2.4160742487239893e-15)}
2024-11-09 17:00:28,285 - INFO - Top 10 Std Stats: {'Max': np.float64(0.9999999971139132), 'Min': np.float64(0.9999999966371098), 'Mean': np.float64(0.9999999968038746), 'Std': np.float64(1.3675932336603616e-10)}
2024-11-09 17:00:28,286 - INFO - Bottom 10 Mean Stats: {'Max': np.float64(107.0), 'Min': np.float64(76.0), 'Mean': np.float64(86.8), 'Std': np.float64(9.346657156438338)}
2024-11-09 17:00:28,287 - INFO - Bottom 10 Std Stats: {'Max': np.float64(0.0), 'Min': np.float64(0.0), 'Mean': np.float64(0.0), 'Std': np.float64(0.0)}
[I 2024-11-09 17:00:28,318] Trial 105 finished with value: 30.0 and parameters: {'x_0': -4, 'x_1': 3, 'x_2': 1, 'x_3': 0, 'x_4': 2}. Best is trial 89 with value: 11.0.
2024-11-09 17:00:37,086 - INFO - Candidate Mean Stats: {'Max': np.float64(107.0), 'Min': np.float64(-7.140399382876694e-14), 'Mean': np.float64(0.033119943371975324), 'Std': np.float64(1.3870412232875526)}
2024-11-09 17:00:37,087 - INFO - Candidate Std Stats: {'Max': np.float64(0.9999999968401466), 'Min': np.float64(0.0), 'Mean': np.float64(0.9993418119698882), 'Std': np.float64(0.025646508358056604)}
2024-11-09 17:00:37,144 - INFO - Top 10 Mean Stats: {'Max': np.float64(3.774758283725532e-15), 'Min': np.float64(-3.83026943495679e-15), 'Mean': np.float64(-2.4771851236948776e-17), 'Std': np.float64(1.8686951206379063e-15)}
2024-11-09 17:00:37,145 - INFO - Top 10 Std Stats: {'Max': np.float64(0.9999999968401466), 'Min': np.float64(0.9999999964050003), 'Mean': np.float64(0.9999999965506581), 'Std': np.float64(1.3358061866664626e-10)}
2024-11-09 17:00:37,145 - INFO - Bottom 10 Mean Stats: {'Max': np.float64(107.0), 'Min': np.float64(76.0), 'Mean': np.float64(86.8), 'Std': np.float64(9.346657156438338)}
2024-11-09 17:00:37,145 - INFO - Bottom 10 Std Stats: {'Max': np.float64(0.0), 'Min': np.float64(0.0), 'Mean': np.float64(0.0), 'Std': np.float64(0.0)}
[I 2024-11-09 17:00:37,185] Trial 106 finished with value: 33.0 and parameters: {'x_0': -3, 'x_1': 0, 'x_2': 2, 'x_3': -4, 'x_4': 2}. Best is trial 89 with value: 11.0.
2024-11-09 17:00:48,592 - INFO - Candidate Mean Stats: {'Max': np.float64(107.0), 'Min': np.float64(-6.576406086367115e-14), 'Mean': np.float64(0.03332484740858485), 'Std': np.float64(1.3894716886289196)}
2024-11-09 17:00:48,597 - INFO - Candidate Std Stats: {'Max': np.float64(0.999999996937), 'Min': np.float64(0.0), 'Mean': np.float64(0.9993356027701393), 'Std': np.float64(0.025767118426288836)}
2024-11-09 17:00:48,620 - INFO - Top 10 Mean Stats: {'Max': np.float64(2.264854970235319e-15), 'Min': np.float64(-3.241851231905457e-15), 'Mean': np.float64(-6.245004513516509e-17), 'Std': np.float64(1.8801837730465144e-15)}
2024-11-09 17:00:48,620 - INFO - Top 10 Std Stats: {'Max': np.float64(0.999999996937), 'Min': np.float64(0.9999999964576102), 'Mean': np.float64(0.9999999966626826), 'Std': np.float64(1.426707576635295e-10)}
2024-11-09 17:00:48,621 - INFO - Bottom 10 Mean Stats: {'Max': np.float64(107.0), 'Min': np.float64(76.0), 'Mean': np.float64(86.8), 'Std': np.float64(9.346657156438338)}
2024-11-09 17:00:48,621 - INFO - Bottom 10 Std Stats: {'Max': np.float64(0.0), 'Min': np.float64(0.0), 'Mean': np.float64(0.0), 'Std': np.float64(0.0)}
[I 2024-11-09 17:00:48,655] Trial 107 finished with value: 35.0 and parameters: {'x_0': -5, 'x_1': -1, 'x_2': -2, 'x_3': -2, 'x_4': 1}. Best is trial 89 with value: 11.0.
2024-11-09 17:00:56,661 - INFO - Candidate Mean Stats: {'Max': np.float64(107.0), 'Min': np.float64(-9.307554726945e-14), 'Mean': np.float64(0.03354216987165555), 'Std': np.float64(1.392200893550885)}
2024-11-09 17:00:56,662 - INFO - Candidate Std Stats: {'Max': np.float64(0.9999999978161753), 'Min': np.float64(0.0), 'Mean': np.float64(0.9993293932552654), 'Std': np.float64(0.025887165072637004)}
2024-11-09 17:00:56,689 - INFO - Top 10 Mean Stats: {'Max': np.float64(2.2121193765656245e-15), 'Min': np.float64(-2.375877272697835e-15), 'Mean': np.float64(9.175646353831724e-16), 'Std': np.float64(1.4485347135137912e-15)}
2024-11-09 17:00:56,689 - INFO - Top 10 Std Stats: {'Max': np.float64(0.9999999978161753), 'Min': np.float64(0.9999999970583223), 'Mean': np.float64(0.9999999973221106), 'Std': np.float64(2.6441262409842667e-10)}
2024-11-09 17:00:56,690 - INFO - Bottom 10 Mean Stats: {'Max': np.float64(107.0), 'Min': np.float64(76.0), 'Mean': np.float64(86.8), 'Std': np.float64(9.346657156438338)}
2024-11-09 17:00:56,690 - INFO - Bottom 10 Std Stats: {'Max': np.float64(0.0), 'Min': np.float64(0.0), 'Mean': np.float64(0.0), 'Std': np.float64(0.0)}
[I 2024-11-09 17:00:56,718] Trial 108 finished with value: 52.0 and parameters: {'x_0': 1, 'x_1': 5, 'x_2': -1, 'x_3': -5, 'x_4': 0}. Best is trial 89 with value: 11.0.
2024-11-09 17:01:06,453 - INFO - Candidate Mean Stats: {'Max': np.float64(107.0), 'Min': np.float64(-5.2358117841322385e-14), 'Mean': np.float64(0.033865048959646316), 'Std': np.float64(1.3982100257822723)}
2024-11-09 17:01:06,453 - INFO - Candidate Std Stats: {'Max': np.float64(0.999999996555383), 'Min': np.float64(0.0), 'Mean': np.float64(0.9993231840263059), 'Std': np.float64(0.026006656114779262)}
2024-11-09 17:01:06,476 - INFO - Top 10 Mean Stats: {'Max': np.float64(3.941291737419306e-15), 'Min': np.float64(-2.5146551507759794e-15), 'Mean': np.float64(-4.674038933671908e-16), 'Std': np.float64(1.7309954267539073e-15)}
2024-11-09 17:01:06,476 - INFO - Top 10 Std Stats: {'Max': np.float64(0.999999996555383), 'Min': np.float64(0.9999999961814364), 'Mean': np.float64(0.9999999963802397), 'Std': np.float64(1.0250673271721909e-10)}
2024-11-09 17:01:06,477 - INFO - Bottom 10 Mean Stats: {'Max': np.float64(107.0), 'Min': np.float64(76.0), 'Mean': np.float64(86.8), 'Std': np.float64(9.346657156438338)}
2024-11-09 17:01:06,477 - INFO - Bottom 10 Std Stats: {'Max': np.float64(0.0), 'Min': np.float64(0.0), 'Mean': np.float64(0.0), 'Std': np.float64(0.0)}
[I 2024-11-09 17:01:06,512] Trial 109 finished with value: 68.0 and parameters: {'x_0': 3, 'x_1': -3, 'x_2': 3, 'x_3': 4, 'x_4': 5}. Best is trial 89 with value: 11.0.
2024-11-09 17:01:15,045 - INFO - Candidate Mean Stats: {'Max': np.float64(107.0), 'Min': np.float64(-6.048495038157852e-14), 'Mean': np.float64(0.034287275459326555), 'Std': np.float64(1.4084295873272943)}
2024-11-09 17:01:15,046 - INFO - Candidate Std Stats: {'Max': np.float64(0.9999999977064445), 'Min': np.float64(0.0), 'Mean': np.float64(0.9993169748137091), 'Std': np.float64(0.026125599169399265)}
2024-11-09 17:01:15,082 - INFO - Top 10 Mean Stats: {'Max': np.float64(3.806677195683506e-15), 'Min': np.float64(-2.167710455580618e-15), 'Mean': np.float64(-1.5060869218430633e-16), 'Std': np.float64(1.5841671099601753e-15)}
2024-11-09 17:01:15,082 - INFO - Top 10 Std Stats: {'Max': np.float64(0.9999999977064445), 'Min': np.float64(0.999999997110105), 'Mean': np.float64(0.9999999973639075), 'Std': np.float64(1.948496235975683e-10)}
2024-11-09 17:01:15,082 - INFO - Bottom 10 Mean Stats: {'Max': np.float64(107.0), 'Min': np.float64(76.0), 'Mean': np.float64(86.8), 'Std': np.float64(9.346657156438338)}
2024-11-09 17:01:15,082 - INFO - Bottom 10 Std Stats: {'Max': np.float64(0.0), 'Min': np.float64(0.0), 'Mean': np.float64(0.0), 'Std': np.float64(0.0)}
[I 2024-11-09 17:01:15,111] Trial 110 finished with value: 63.0 and parameters: {'x_0': 3, 'x_1': -4, 'x_2': 5, 'x_3': 3, 'x_4': -2}. Best is trial 89 with value: 11.0.
2024-11-09 17:01:24,231 - INFO - Candidate Mean Stats: {'Max': np.float64(107.0), 'Min': np.float64(-8.439360321688127e-14), 'Mean': np.float64(0.034678455892853816), 'Std': np.float64(1.4171419448052696)}
2024-11-09 17:01:24,232 - INFO - Candidate Std Stats: {'Max': np.float64(0.9999999968230109), 'Min': np.float64(0.0), 'Mean': np.float64(0.9993107657430603), 'Std': np.float64(0.026244001690574406)}
2024-11-09 17:01:24,256 - INFO - Top 10 Mean Stats: {'Max': np.float64(2.603472992745992e-15), 'Min': np.float64(-2.042810365310288e-15), 'Mean': np.float64(5.179190409876356e-16), 'Std': np.float64(1.2753656491393567e-15)}
2024-11-09 17:01:24,256 - INFO - Top 10 Std Stats: {'Max': np.float64(0.9999999968230109), 'Min': np.float64(0.9999999964044469), 'Mean': np.float64(0.9999999965529174), 'Std': np.float64(1.4284020447752897e-10)}
2024-11-09 17:01:24,257 - INFO - Bottom 10 Mean Stats: {'Max': np.float64(107.0), 'Min': np.float64(76.0), 'Mean': np.float64(86.8), 'Std': np.float64(9.346657156438338)}
2024-11-09 17:01:24,257 - INFO - Bottom 10 Std Stats: {'Max': np.float64(0.0), 'Min': np.float64(0.0), 'Mean': np.float64(0.0), 'Std': np.float64(0.0)}
