[I 2024-11-09 17:03:27,359] Trial 122 finished with value: 83.0 and parameters: {'x_0': -4, 'x_1': 4, 'x_2': 5, 'x_3': 1, 'x_4': -5}. Best is trial 109 with value: 2.0.
2024-11-09 17:03:35,611 - INFO - Candidate Mean Stats: {'Max': np.float64(88.0), 'Min': np.float64(-5.101474798152594e-14), 'Mean': np.float64(0.036392198744497076), 'Std': np.float64(1.4096877702030686)}
2024-11-09 17:03:35,612 - INFO - Candidate Std Stats: {'Max': np.float64(0.9999999956419879), 'Min': np.float64(0.0), 'Mean': np.float64(0.9992362534455294), 'Std': np.float64(0.027625168208781845)}
2024-11-09 17:03:35,640 - INFO - Top 10 Mean Stats: {'Max': np.float64(6.217248937900876e-16), 'Min': np.float64(-3.197442310920451e-15), 'Mean': np.float64(-7.514822097931528e-16), 'Std': np.float64(1.1104542825472383e-15)}
2024-11-09 17:03:35,640 - INFO - Top 10 Std Stats: {'Max': np.float64(0.9999999956419879), 'Min': np.float64(0.9999999952641864), 'Mean': np.float64(0.999999995400524), 'Std': np.float64(1.2491036605216959e-10)}
2024-11-09 17:03:35,640 - INFO - Bottom 10 Mean Stats: {'Max': np.float64(88.0), 'Min': np.float64(75.0), 'Mean': np.float64(80.5), 'Std': np.float64(4.272001872658765)}
2024-11-09 17:03:35,640 - INFO - Bottom 10 Std Stats: {'Max': np.float64(0.0), 'Min': np.float64(0.0), 'Mean': np.float64(0.0), 'Std': np.float64(0.0)}
[I 2024-11-09 17:03:35,671] Trial 123 finished with value: 25.0 and parameters: {'x_0': 0, 'x_1': 2, 'x_2': 1, 'x_3': 2, 'x_4': -4}. Best is trial 109 with value: 2.0.
2024-11-09 17:03:44,613 - INFO - Candidate Mean Stats: {'Max': np.float64(88.0), 'Min': np.float64(-6.217804049413189e-14), 'Mean': np.float64(0.03654742907526188), 'Std': np.float64(1.4110595470378515)}
2024-11-09 17:03:44,614 - INFO - Candidate Std Stats: {'Max': np.float64(0.9999999967692833), 'Min': np.float64(0.0), 'Mean': np.float64(0.9992300441017488), 'Std': np.float64(0.027737152134065676)}
2024-11-09 17:03:44,637 - INFO - Top 10 Mean Stats: {'Max': np.float64(3.241851231905457e-15), 'Min': np.float64(-1.5737411374061595e-15), 'Mean': np.float64(6.731941393223196e-16), 'Std': np.float64(1.780876654209843e-15)}
2024-11-09 17:03:44,638 - INFO - Top 10 Std Stats: {'Max': np.float64(0.9999999967692833), 'Min': np.float64(0.9999999963158365), 'Mean': np.float64(0.99999999647179), 'Std': np.float64(1.4260882038729956e-10)}
2024-11-09 17:03:44,638 - INFO - Bottom 10 Mean Stats: {'Max': np.float64(88.0), 'Min': np.float64(75.0), 'Mean': np.float64(80.5), 'Std': np.float64(4.272001872658765)}
2024-11-09 17:03:44,638 - INFO - Bottom 10 Std Stats: {'Max': np.float64(0.0), 'Min': np.float64(0.0), 'Mean': np.float64(0.0), 'Std': np.float64(0.0)}
[I 2024-11-09 17:03:44,667] Trial 124 finished with value: 46.0 and parameters: {'x_0': 0, 'x_1': -4, 'x_2': 1, 'x_3': 2, 'x_4': 5}. Best is trial 109 with value: 2.0.
2024-11-09 17:03:54,047 - INFO - Candidate Mean Stats: {'Max': np.float64(88.0), 'Min': np.float64(-5.3990145687521364e-14), 'Mean': np.float64(0.03683305288386907), 'Std': np.float64(1.4157001028713192)}
2024-11-09 17:03:54,048 - INFO - Candidate Std Stats: {'Max': np.float64(0.9999999978058594), 'Min': np.float64(0.0), 'Mean': np.float64(0.9992238353624812), 'Std': np.float64(0.02784868439046261)}
2024-11-09 17:03:54,079 - INFO - Top 10 Mean Stats: {'Max': np.float64(1.432187701766452e-15), 'Min': np.float64(-2.4424906541753444e-15), 'Mean': np.float64(-2.7200464103316316e-17), 'Std': np.float64(1.0738859972598257e-15)}
2024-11-09 17:03:54,079 - INFO - Top 10 Std Stats: {'Max': np.float64(0.9999999978058594), 'Min': np.float64(0.9999999974967062), 'Mean': np.float64(0.9999999977093289), 'Std': np.float64(1.0651835814133629e-10)}
2024-11-09 17:03:54,080 - INFO - Bottom 10 Mean Stats: {'Max': np.float64(88.0), 'Min': np.float64(75.0), 'Mean': np.float64(80.5), 'Std': np.float64(4.272001872658765)}
2024-11-09 17:03:54,080 - INFO - Bottom 10 Std Stats: {'Max': np.float64(0.0), 'Min': np.float64(0.0), 'Mean': np.float64(0.0), 'Std': np.float64(0.0)}
[I 2024-11-09 17:03:54,110] Trial 125 finished with value: 58.0 and parameters: {'x_0': -5, 'x_1': 4, 'x_2': 3, 'x_3': -2, 'x_4': -2}. Best is trial 109 with value: 2.0.
2024-11-09 17:04:04,180 - INFO - Candidate Mean Stats: {'Max': np.float64(88.0), 'Min': np.float64(-4.789502128232925e-14), 'Mean': np.float64(0.03719318725124339), 'Std': np.float64(1.423048809839077)}
2024-11-09 17:04:04,181 - INFO - Candidate Std Stats: {'Max': np.float64(0.9999999965871473), 'Min': np.float64(0.0), 'Mean': np.float64(0.9992176257877705), 'Std': np.float64(0.027959770343240844)}
2024-11-09 17:04:04,204 - INFO - Top 10 Mean Stats: {'Max': np.float64(3.1488700535931003e-15), 'Min': np.float64(-2.4868995751603505e-15), 'Mean': np.float64(3.5464686742869844e-16), 'Std': np.float64(1.5936764885178346e-15)}
2024-11-09 17:04:04,204 - INFO - Top 10 Std Stats: {'Max': np.float64(0.9999999965871473), 'Min': np.float64(0.9999999958215937), 'Mean': np.float64(0.9999999961064774), 'Std': np.float64(2.308418113918594e-10)}
2024-11-09 17:04:04,204 - INFO - Bottom 10 Mean Stats: {'Max': np.float64(88.0), 'Min': np.float64(75.0), 'Mean': np.float64(80.5), 'Std': np.float64(4.272001872658765)}
2024-11-09 17:04:04,204 - INFO - Bottom 10 Std Stats: {'Max': np.float64(0.0), 'Min': np.float64(0.0), 'Mean': np.float64(0.0), 'Std': np.float64(0.0)}
[I 2024-11-09 17:04:04,237] Trial 126 finished with value: 100.0 and parameters: {'x_0': -5, 'x_1': 3, 'x_2': 5, 'x_3': -4, 'x_4': -5}. Best is trial 109 with value: 2.0.
2024-11-09 17:04:17,047 - INFO - Candidate Mean Stats: {'Max': np.float64(100.0), 'Min': np.float64(-4.4675374510916297e-14), 'Mean': np.float64(0.037814108574302556), 'Std': np.float64(1.4446845586012766)}
2024-11-09 17:04:17,049 - INFO - Candidate Std Stats: {'Max': np.float64(0.9999999982584289), 'Min': np.float64(0.0), 'Mean': np.float64(0.9992114185668112), 'Std': np.float64(0.028070415380049157)}
2024-11-09 17:04:17,071 - INFO - Top 10 Mean Stats: {'Max': np.float64(1.920685832601521e-15), 'Min': np.float64(-1.5987211554602255e-15), 'Mean': np.float64(-3.3140157285060926e-16), 'Std': np.float64(1.0974473170531056e-15)}
2024-11-09 17:04:17,071 - INFO - Top 10 Std Stats: {'Max': np.float64(0.9999999982584289), 'Min': np.float64(0.9999999978926082), 'Mean': np.float64(0.999999998036732), 'Std': np.float64(1.0776270736275961e-10)}
2024-11-09 17:04:17,071 - INFO - Bottom 10 Mean Stats: {'Max': np.float64(100.0), 'Min': np.float64(75.0), 'Mean': np.float64(83.0), 'Std': np.float64(6.855654600401044)}
2024-11-09 17:04:17,071 - INFO - Bottom 10 Std Stats: {'Max': np.float64(0.0), 'Min': np.float64(0.0), 'Mean': np.float64(0.0), 'Std': np.float64(0.0)}
[I 2024-11-09 17:04:17,110] Trial 127 finished with value: 54.0 and parameters: {'x_0': 4, 'x_1': 0, 'x_2': -3, 'x_3': -2, 'x_4': 5}. Best is trial 109 with value: 2.0.
2024-11-09 17:04:25,362 - INFO - Candidate Mean Stats: {'Max': np.float64(100.0), 'Min': np.float64(-4.5452530628153906e-14), 'Mean': np.float64(0.03814940608875447), 'Std': np.float64(1.4509286919982374)}
2024-11-09 17:04:25,363 - INFO - Candidate Std Stats: {'Max': np.float64(0.9999999968187205), 'Min': np.float64(0.0), 'Mean': np.float64(0.9992052092204361), 'Std': np.float64(0.028180624569597162)}
2024-11-09 17:04:25,391 - INFO - Top 10 Mean Stats: {'Max': np.float64(4.7073456244106636e-15), 'Min': np.float64(-1.7430501486614957e-15), 'Mean': np.float64(8.417051777787066e-16), 'Std': np.float64(1.7555994740301005e-15)}
2024-11-09 17:04:25,391 - INFO - Top 10 Std Stats: {'Max': np.float64(0.9999999968187205), 'Min': np.float64(0.9999999965012564), 'Mean': np.float64(0.9999999966650037), 'Std': np.float64(1.283045702659716e-10)}
2024-11-09 17:04:25,391 - INFO - Bottom 10 Mean Stats: {'Max': np.float64(100.0), 'Min': np.float64(75.0), 'Mean': np.float64(83.0), 'Std': np.float64(6.855654600401044)}
2024-11-09 17:04:25,391 - INFO - Bottom 10 Std Stats: {'Max': np.float64(0.0), 'Min': np.float64(0.0), 'Mean': np.float64(0.0), 'Std': np.float64(0.0)}
[I 2024-11-09 17:04:25,422] Trial 128 finished with value: 69.0 and parameters: {'x_0': 5, 'x_1': 5, 'x_2': 1, 'x_3': -3, 'x_4': -3}. Best is trial 109 with value: 2.0.
2024-11-09 17:04:36,293 - INFO - Candidate Mean Stats: {'Max': np.float64(100.0), 'Min': np.float64(-3.836930773104541e-14), 'Mean': np.float64(0.03857784180166534), 'Std': np.float64(1.461069218333414)}
2024-11-09 17:04:36,294 - INFO - Candidate Std Stats: {'Max': np.float64(0.9999999974090118), 'Min': np.float64(0.0), 'Mean': np.float64(0.9991990002529401), 'Std': np.float64(0.028290403075100556)}
2024-11-09 17:04:36,319 - INFO - Top 10 Mean Stats: {'Max': np.float64(2.042810365310288e-15), 'Min': np.float64(-1.0658141036401502e-15), 'Mean': np.float64(3.2418512319054565e-16), 'Std': np.float64(9.912345731336252e-16)}
2024-11-09 17:04:36,319 - INFO - Top 10 Std Stats: {'Max': np.float64(0.9999999974090118), 'Min': np.float64(0.9999999967582862), 'Mean': np.float64(0.9999999970284573), 'Std': np.float64(2.1317615882271117e-10)}
2024-11-09 17:04:36,319 - INFO - Bottom 10 Mean Stats: {'Max': np.float64(100.0), 'Min': np.float64(75.0), 'Mean': np.float64(83.0), 'Std': np.float64(6.855654600401044)}
2024-11-09 17:04:36,319 - INFO - Bottom 10 Std Stats: {'Max': np.float64(0.0), 'Min': np.float64(0.0), 'Mean': np.float64(0.0), 'Std': np.float64(0.0)}
[I 2024-11-09 17:04:36,350] Trial 129 finished with value: 58.0 and parameters: {'x_0': 3, 'x_1': 2, 'x_2': 4, 'x_3': 2, 'x_4': 5}. Best is trial 109 with value: 2.0.
2024-11-09 17:04:46,048 - INFO - Candidate Mean Stats: {'Max': np.float64(100.0), 'Min': np.float64(-3.9812597663058116e-14), 'Mean': np.float64(0.038937976169039636), 'Std': np.float64(1.4681904297328245)}
2024-11-09 17:04:46,049 - INFO - Candidate Std Stats: {'Max': np.float64(0.9999999977650772), 'Min': np.float64(0.0), 'Mean': np.float64(0.9991927911023823), 'Std': np.float64(0.028399755875229755)}
2024-11-09 17:04:46,072 - INFO - Top 10 Mean Stats: {'Max': np.float64(1.8818280267396403e-15), 'Min': np.float64(-4.130029651605583e-15), 'Mean': np.float64(-7.394085344003542e-16), 'Std': np.float64(1.714801009698294e-15)}
2024-11-09 17:04:46,072 - INFO - Top 10 Std Stats: {'Max': np.float64(0.9999999977650772), 'Min': np.float64(0.9999999973477148), 'Mean': np.float64(0.9999999975086153), 'Std': np.float64(1.54365158418055e-10)}
2024-11-09 17:04:46,072 - INFO - Bottom 10 Mean Stats: {'Max': np.float64(100.0), 'Min': np.float64(75.0), 'Mean': np.float64(83.0), 'Std': np.float64(6.855654600401044)}
2024-11-09 17:04:46,072 - INFO - Bottom 10 Std Stats: {'Max': np.float64(0.0), 'Min': np.float64(0.0), 'Mean': np.float64(0.0), 'Std': np.float64(0.0)}
[I 2024-11-09 17:04:46,103] Trial 130 finished with value: 29.0 and parameters: {'x_0': 1, 'x_1': 1, 'x_2': 5, 'x_3': 1, 'x_4': -1}. Best is trial 109 with value: 2.0.
2024-11-09 17:04:55,344 - INFO - Candidate Mean Stats: {'Max': np.float64(100.0), 'Min': np.float64(-4.318767565791859e-14), 'Mean': np.float64(0.0391180433527268), 'Std': np.float64(1.4699629352328507)}
2024-11-09 17:04:55,345 - INFO - Candidate Std Stats: {'Max': np.float64(0.9999999964683121), 'Min': np.float64(0.0), 'Mean': np.float64(0.9991865811722043), 'Std': np.float64(0.028508687851569695)}
2024-11-09 17:04:55,368 - INFO - Top 10 Mean Stats: {'Max': np.float64(3.1530333899354444e-15), 'Min': np.float64(-3.4416913763379853e-15), 'Mean': np.float64(2.386979502944086e-16), 'Std': np.float64(1.975439017702207e-15)}
2024-11-09 17:04:55,368 - INFO - Top 10 Std Stats: {'Max': np.float64(0.9999999964683121), 'Min': np.float64(0.9999999962437255), 'Mean': np.float64(0.9999999963613009), 'Std': np.float64(6.483016750798339e-11)}
2024-11-09 17:04:55,368 - INFO - Bottom 10 Mean Stats: {'Max': np.float64(100.0), 'Min': np.float64(75.0), 'Mean': np.float64(83.0), 'Std': np.float64(6.855654600401044)}
2024-11-09 17:04:55,368 - INFO - Bottom 10 Std Stats: {'Max': np.float64(0.0), 'Min': np.float64(0.0), 'Mean': np.float64(0.0), 'Std': np.float64(0.0)}
[I 2024-11-09 17:04:55,398] Trial 131 finished with value: 59.0 and parameters: {'x_0': -5, 'x_1': 0, 'x_2': -5, 'x_3': 0, 'x_4': -3}. Best is trial 109 with value: 2.0.
2024-11-09 17:05:05,445 - INFO - Candidate Mean Stats: {'Max': np.float64(100.0), 'Min': np.float64(-4.651834473179406e-14), 'Mean': np.float64(0.039484386933331686), 'Std': np.float64(1.47728687353483)}
2024-11-09 17:05:05,445 - INFO - Candidate Std Stats: {'Max': np.float64(0.9999999965590837), 'Min': np.float64(0.0), 'Mean': np.float64(0.9991803724069857), 'Std': np.float64(0.028617203864930617)}
2024-11-09 17:05:05,467 - INFO - Top 10 Mean Stats: {'Max': np.float64(3.81084053202585e-15), 'Min': np.float64(-1.892930256985892e-15), 'Mean': np.float64(-2.5299207173645755e-16), 'Std': np.float64(1.6565777655446467e-15)}
2024-11-09 17:05:05,468 - INFO - Top 10 Std Stats: {'Max': np.float64(0.9999999965590837), 'Min': np.float64(0.99999999638673), 'Mean': np.float64(0.9999999964519268), 'Std': np.float64(5.5670432468412494e-11)}
2024-11-09 17:05:05,468 - INFO - Bottom 10 Mean Stats: {'Max': np.float64(100.0), 'Min': np.float64(75.0), 'Mean': np.float64(83.0), 'Std': np.float64(6.855654600401044)}
2024-11-09 17:05:05,468 - INFO - Bottom 10 Std Stats: {'Max': np.float64(0.0), 'Min': np.float64(0.0), 'Mean': np.float64(0.0), 'Std': np.float64(0.0)}
[I 2024-11-09 17:05:05,502] Trial 132 finished with value: 49.0 and parameters: {'x_0': 2, 'x_1': 4, 'x_2': 3, 'x_3': 4, 'x_4': -2}. Best is trial 109 with value: 2.0.
2024-11-09 17:05:16,396 - INFO - Candidate Mean Stats: {'Max': np.float64(100.0), 'Min': np.float64(-8.744116541947733e-14), 'Mean': np.float64(0.03978863838163067), 'Std': np.float64(1.482315994905337)}
2024-11-09 17:05:16,399 - INFO - Candidate Std Stats: {'Max': np.float64(0.9999999966964944), 'Min': np.float64(0.0), 'Mean': np.float64(0.9991741631767387), 'Std': np.float64(0.028725308583375898)}
2024-11-09 17:05:16,425 - INFO - Top 10 Mean Stats: {'Max': np.float64(1.5321077739827161e-15), 'Min': np.float64(-3.676225990290049e-15), 'Mean': np.float64(-7.61127272319584e-16), 'Std': np.float64(1.726812207037363e-15)}
2024-11-09 17:05:16,425 - INFO - Top 10 Std Stats: {'Max': np.float64(0.9999999966964944), 'Min': np.float64(0.9999999961696163), 'Mean': np.float64(0.9999999963301089), 'Std': np.float64(1.607437777968821e-10)}
2024-11-09 17:05:16,426 - INFO - Bottom 10 Mean Stats: {'Max': np.float64(100.0), 'Min': np.float64(75.0), 'Mean': np.float64(83.0), 'Std': np.float64(6.855654600401044)}
2024-11-09 17:05:16,426 - INFO - Bottom 10 Std Stats: {'Max': np.float64(0.0), 'Min': np.float64(0.0), 'Mean': np.float64(0.0), 'Std': np.float64(0.0)}
[I 2024-11-09 17:05:16,455] Trial 133 finished with value: 93.0 and parameters: {'x_0': -3, 'x_1': -5, 'x_2': -5, 'x_3': 5, 'x_4': 3}. Best is trial 109 with value: 2.0.
2024-11-09 17:05:26,554 - INFO - Candidate Mean Stats: {'Max': np.float64(100.0), 'Min': np.float64(-4.681255383331972e-14), 'Mean': np.float64(0.04036609521207568), 'Std': np.float64(1.50030593816234)}
2024-11-09 17:05:26,555 - INFO - Candidate Std Stats: {'Max': np.float64(0.9999999974958521), 'Min': np.float64(0.0), 'Mean': np.float64(0.9991679541130369), 'Std': np.float64(0.02883300665108301)}
2024-11-09 17:05:26,578 - INFO - Top 10 Mean Stats: {'Max': np.float64(1.7319479184152442e-15), 'Min': np.float64(-1.6431300764452318e-15), 'Mean': np.float64(-1.7319479184152443e-16), 'Std': np.float64(9.134538307845091e-16)}
2024-11-09 17:05:26,578 - INFO - Top 10 Std Stats: {'Max': np.float64(0.9999999974958521), 'Min': np.float64(0.9999999972323529), 'Mean': np.float64(0.9999999973308873), 'Std': np.float64(8.385902272086231e-11)}
2024-11-09 17:05:26,578 - INFO - Bottom 10 Mean Stats: {'Max': np.float64(100.0), 'Min': np.float64(76.0), 'Mean': np.float64(84.8), 'Std': np.float64(6.881860213634101)}
2024-11-09 17:05:26,578 - INFO - Bottom 10 Std Stats: {'Max': np.float64(0.0), 'Min': np.float64(0.0), 'Mean': np.float64(0.0), 'Std': np.float64(0.0)}
[I 2024-11-09 17:05:26,606] Trial 134 finished with value: 22.0 and parameters: {'x_0': -1, 'x_1': 2, 'x_2': 2, 'x_3': 2, 'x_4': -3}. Best is trial 109 with value: 2.0.
2024-11-09 17:05:38,078 - INFO - Candidate Mean Stats: {'Max': np.float64(100.0), 'Min': np.float64(-4.8183679268731794e-14), 'Mean': np.float64(0.04050269790314871), 'Std': np.float64(1.501303473783373)}
2024-11-09 17:05:38,082 - INFO - Candidate Std Stats: {'Max': np.float64(0.999999997003396), 'Min': np.float64(0.0), 'Mean': np.float64(0.9991617441824915), 'Std': np.float64(0.028940302578142358)}
2024-11-09 17:05:38,132 - INFO - Top 10 Mean Stats: {'Max': np.float64(2.3092638912203257e-15), 'Min': np.float64(-2.3980817331903383e-15), 'Mean': np.float64(1.8910220611623177e-16), 'Std': np.float64(1.3996819005781916e-15)}
2024-11-09 17:05:38,132 - INFO - Top 10 Std Stats: {'Max': np.float64(0.999999997003396), 'Min': np.float64(0.9999999966714652), 'Mean': np.float64(0.9999999967849934), 'Std': np.float64(1.0379318289991852e-10)}
2024-11-09 17:05:38,132 - INFO - Bottom 10 Mean Stats: {'Max': np.float64(100.0), 'Min': np.float64(76.0), 'Mean': np.float64(84.8), 'Std': np.float64(6.881860213634101)}
2024-11-09 17:05:38,132 - INFO - Bottom 10 Std Stats: {'Max': np.float64(0.0), 'Min': np.float64(0.0), 'Mean': np.float64(0.0), 'Std': np.float64(0.0)}
[I 2024-11-09 17:05:38,162] Trial 135 finished with value: 42.0 and parameters: {'x_0': 1, 'x_1': 0, 'x_2': 0, 'x_3': -4, 'x_4': -5}. Best is trial 109 with value: 2.0.
2024-11-09 17:05:48,808 - INFO - Candidate Mean Stats: {'Max': np.float64(100.0), 'Min': np.float64(-5.0381920857489605e-14), 'Mean': np.float64(0.04076348485883354), 'Std': np.float64(1.5049398590549667)}
2024-11-09 17:05:48,809 - INFO - Candidate Std Stats: {'Max': np.float64(0.9999999969415122), 'Min': np.float64(0.0), 'Mean': np.float64(0.999155535815306), 'Std': np.float64(0.029047200890987057)}
2024-11-09 17:05:48,833 - INFO - Top 10 Mean Stats: {'Max': np.float64(2.3370194668359546e-15), 'Min': np.float64(-4.213296378452469e-15), 'Mean': np.float64(1.9102774917456596e-16), 'Std': np.float64(2.0624346792014205e-15)}
2024-11-09 17:05:48,833 - INFO - Top 10 Std Stats: {'Max': np.float64(0.9999999969415122), 'Min': np.float64(0.9999999964380637), 'Mean': np.float64(0.9999999966105833), 'Std': np.float64(1.4762461044927008e-10)}
2024-11-09 17:05:48,834 - INFO - Bottom 10 Mean Stats: {'Max': np.float64(100.0), 'Min': np.float64(76.0), 'Mean': np.float64(84.8), 'Std': np.float64(6.881860213634101)}
2024-11-09 17:05:48,834 - INFO - Bottom 10 Std Stats: {'Max': np.float64(0.0), 'Min': np.float64(0.0), 'Mean': np.float64(0.0), 'Std': np.float64(0.0)}
[I 2024-11-09 17:05:48,862] Trial 136 finished with value: 80.0 and parameters: {'x_0': 5, 'x_1': 1, 'x_2': -5, 'x_3': 2, 'x_4': 5}. Best is trial 109 with value: 2.0.
2024-11-09 17:06:00,546 - INFO - Candidate Mean Stats: {'Max': np.float64(100.0), 'Min': np.float64(-4.04565270173407e-14), 'Mean': np.float64(0.04126022191728087), 'Std': np.float64(1.5180718691265385)}
2024-11-09 17:06:00,547 - INFO - Candidate Std Stats: {'Max': np.float64(0.9999999975950242), 'Min': np.float64(0.0), 'Mean': np.float64(0.9991493264443407), 'Std': np.float64(0.029153705889524352)}
2024-11-09 17:06:00,570 - INFO - Top 10 Mean Stats: {'Max': np.float64(2.7922109069322685e-15), 'Min': np.float64(-2.3314683517128287e-15), 'Mean': np.float64(-1.2823075934420556e-16), 'Std': np.float64(1.3031919922694284e-15)}
2024-11-09 17:06:00,570 - INFO - Top 10 Std Stats: {'Max': np.float64(0.9999999975950242), 'Min': np.float64(0.9999999969322557), 'Mean': np.float64(0.9999999971486574), 'Std': np.float64(2.00559762457616e-10)}
2024-11-09 17:06:00,570 - INFO - Bottom 10 Mean Stats: {'Max': np.float64(100.0), 'Min': np.float64(79.0), 'Mean': np.float64(85.2), 'Std': np.float64(6.4621977685614045)}
2024-11-09 17:06:00,570 - INFO - Bottom 10 Std Stats: {'Max': np.float64(0.0), 'Min': np.float64(0.0), 'Mean': np.float64(0.0), 'Std': np.float64(0.0)}
[I 2024-11-09 17:06:00,598] Trial 137 finished with value: 79.0 and parameters: {'x_0': -5, 'x_1': 3, 'x_2': 2, 'x_3': -4, 'x_4': -5}. Best is trial 109 with value: 2.0.
2024-11-09 17:06:11,472 - INFO - Candidate Mean Stats: {'Max': np.float64(100.0), 'Min': np.float64(-4.580780199603396e-14), 'Mean': np.float64(0.041750749762497597), 'Std': np.float64(1.5307688200418759)}
2024-11-09 17:06:11,472 - INFO - Candidate Std Stats: {'Max': np.float64(0.9999999963903851), 'Min': np.float64(0.0), 'Mean': np.float64(0.9991431170938188), 'Std': np.float64(0.02925982189807167)}
2024-11-09 17:06:11,498 - INFO - Top 10 Mean Stats: {'Max': np.float64(3.5929592634431625e-15), 'Min': np.float64(-2.4313884239290927e-15), 'Mean': np.float64(6.225922555280755e-17), 'Std': np.float64(1.7469896004788509e-15)}
2024-11-09 17:06:11,499 - INFO - Top 10 Std Stats: {'Max': np.float64(0.9999999963903851), 'Min': np.float64(0.9999999960517126), 'Mean': np.float64(0.9999999961900837), 'Std': np.float64(9.848190337420142e-11)}
2024-11-09 17:06:11,499 - INFO - Bottom 10 Mean Stats: {'Max': np.float64(100.0), 'Min': np.float64(79.0), 'Mean': np.float64(85.2), 'Std': np.float64(6.4621977685614045)}
2024-11-09 17:06:11,499 - INFO - Bottom 10 Std Stats: {'Max': np.float64(0.0), 'Min': np.float64(0.0), 'Mean': np.float64(0.0), 'Std': np.float64(0.0)}
