[I 2024-11-09 17:14:00,323] Trial 187 finished with value: 100.0 and parameters: {'x_0': 5, 'x_1': -5, 'x_2': 5, 'x_3': 0, 'x_4': -5}. Best is trial 53 with value: 4.0.
2024-11-09 17:14:10,245 - INFO - Candidate Mean Stats: {'Max': np.float64(101.0), 'Min': np.float64(-4.829470157119431e-14), 'Mean': np.float64(0.057267573625745895), 'Std': np.float64(1.8099342018442257)}
2024-11-09 17:14:10,246 - INFO - Candidate Std Stats: {'Max': np.float64(0.9999999987259243), 'Min': np.float64(0.0), 'Mean': np.float64(0.9988326564097937), 'Std': np.float64(0.03414629403454731)}
2024-11-09 17:14:10,271 - INFO - Top 10 Mean Stats: {'Max': np.float64(1.099120794378905e-15), 'Min': np.float64(-3.3306690738754696e-16), 'Mean': np.float64(2.3488155864725974e-16), 'Std': np.float64(4.172302436112404e-16)}
2024-11-09 17:14:10,272 - INFO - Top 10 Std Stats: {'Max': np.float64(0.9999999987259243), 'Min': np.float64(0.999999998167217), 'Mean': np.float64(0.9999999983752442), 'Std': np.float64(1.7984062891281717e-10)}
2024-11-09 17:14:10,272 - INFO - Bottom 10 Mean Stats: {'Max': np.float64(101.0), 'Min': np.float64(83.0), 'Mean': np.float64(90.9), 'Std': np.float64(5.539855593785816)}
2024-11-09 17:14:10,272 - INFO - Bottom 10 Std Stats: {'Max': np.float64(0.0), 'Min': np.float64(0.0), 'Mean': np.float64(0.0), 'Std': np.float64(0.0)}
[I 2024-11-09 17:14:10,300] Trial 188 finished with value: 74.0 and parameters: {'x_0': -2, 'x_1': 5, 'x_2': -4, 'x_3': -5, 'x_4': 2}. Best is trial 53 with value: 4.0.
2024-11-09 17:14:22,274 - INFO - Candidate Mean Stats: {'Max': np.float64(101.0), 'Min': np.float64(-7.763789611203719e-14), 'Mean': np.float64(0.05772705540480966), 'Std': np.float64(1.8192884951869186)}
2024-11-09 17:14:22,276 - INFO - Candidate Std Stats: {'Max': np.float64(0.9999999972368134), 'Min': np.float64(0.0), 'Mean': np.float64(0.9988264471752917), 'Std': np.float64(0.03423688178484672)}
2024-11-09 17:14:22,310 - INFO - Top 10 Mean Stats: {'Max': np.float64(2.986499936241671e-15), 'Min': np.float64(-4.318767565791859e-15), 'Mean': np.float64(-2.9337643425719757e-16), 'Std': np.float64(2.0982023036921057e-15)}
2024-11-09 17:14:22,310 - INFO - Top 10 Std Stats: {'Max': np.float64(0.9999999972368134), 'Min': np.float64(0.9999999968154044), 'Mean': np.float64(0.9999999970105252), 'Std': np.float64(1.247107893404911e-10)}
2024-11-09 17:14:22,310 - INFO - Bottom 10 Mean Stats: {'Max': np.float64(101.0), 'Min': np.float64(83.0), 'Mean': np.float64(90.9), 'Std': np.float64(5.539855593785816)}
2024-11-09 17:14:22,310 - INFO - Bottom 10 Std Stats: {'Max': np.float64(0.0), 'Min': np.float64(0.0), 'Mean': np.float64(0.0), 'Std': np.float64(0.0)}
[I 2024-11-09 17:14:22,343] Trial 189 finished with value: 95.0 and parameters: {'x_0': 5, 'x_1': 5, 'x_2': -5, 'x_3': 4, 'x_4': -2}. Best is trial 53 with value: 4.0.
2024-11-09 17:14:31,928 - INFO - Candidate Mean Stats: {'Max': np.float64(101.0), 'Min': np.float64(-4.9882320496408285e-14), 'Mean': np.float64(0.058316930661715845), 'Std': np.float64(1.8346063138039939)}
2024-11-09 17:14:31,929 - INFO - Candidate Std Stats: {'Max': np.float64(0.9999999969045045), 'Min': np.float64(0.0), 'Mean': np.float64(0.9988202381694203), 'Std': np.float64(0.034327229364392975)}
2024-11-09 17:14:31,961 - INFO - Top 10 Mean Stats: {'Max': np.float64(1.1823875212257918e-15), 'Min': np.float64(-1.9761969838327787e-15), 'Mean': np.float64(-2.2426505097428157e-16), 'Std': np.float64(1.0208112820267078e-15)}
2024-11-09 17:14:31,961 - INFO - Top 10 Std Stats: {'Max': np.float64(0.9999999969045045), 'Min': np.float64(0.999999996518029), 'Mean': np.float64(0.9999999966472751), 'Std': np.float64(1.2665699540382416e-10)}
2024-11-09 17:14:31,961 - INFO - Bottom 10 Mean Stats: {'Max': np.float64(101.0), 'Min': np.float64(84.0), 'Mean': np.float64(92.1), 'Std': np.float64(4.968903299521938)}
2024-11-09 17:14:31,961 - INFO - Bottom 10 Std Stats: {'Max': np.float64(0.0), 'Min': np.float64(0.0), 'Mean': np.float64(0.0), 'Std': np.float64(0.0)}
[I 2024-11-09 17:14:31,991] Trial 190 finished with value: 38.0 and parameters: {'x_0': 4, 'x_1': -4, 'x_2': 1, 'x_3': 2, 'x_4': -1}. Best is trial 53 with value: 4.0.
2024-11-09 17:14:42,862 - INFO - Candidate Mean Stats: {'Max': np.float64(101.0), 'Min': np.float64(-4.9929504974954855e-14), 'Mean': np.float64(0.058552880764478336), 'Std': np.float64(1.837040787546765)}
2024-11-09 17:14:42,864 - INFO - Candidate Std Stats: {'Max': np.float64(0.9999999964083849), 'Min': np.float64(0.0), 'Mean': np.float64(0.9988140292401931), 'Std': np.float64(0.034417338659460624)}
2024-11-09 17:14:42,890 - INFO - Top 10 Mean Stats: {'Max': np.float64(4.8683279629813116e-15), 'Min': np.float64(-2.3092638912203257e-15), 'Mean': np.float64(7.296593884653646e-16), 'Std': np.float64(2.1003736274414417e-15)}
2024-11-09 17:14:42,890 - INFO - Top 10 Std Stats: {'Max': np.float64(0.9999999964083849), 'Min': np.float64(0.999999996135311), 'Mean': np.float64(0.9999999962644651), 'Std': np.float64(9.824647116231254e-11)}
2024-11-09 17:14:42,890 - INFO - Bottom 10 Mean Stats: {'Max': np.float64(101.0), 'Min': np.float64(84.0), 'Mean': np.float64(92.1), 'Std': np.float64(4.968903299521938)}
2024-11-09 17:14:42,890 - INFO - Bottom 10 Std Stats: {'Max': np.float64(0.0), 'Min': np.float64(0.0), 'Mean': np.float64(0.0), 'Std': np.float64(0.0)}
[I 2024-11-09 17:14:42,920] Trial 191 finished with value: 33.0 and parameters: {'x_0': -2, 'x_1': 5, 'x_2': 0, 'x_3': -2, 'x_4': 0}. Best is trial 53 with value: 4.0.
2024-11-09 17:14:53,023 - INFO - Candidate Mean Stats: {'Max': np.float64(101.0), 'Min': np.float64(-5.659916979539048e-14), 'Mean': np.float64(0.05875778480108784), 'Std': np.float64(1.838873745228214)}
2024-11-09 17:14:53,023 - INFO - Candidate Std Stats: {'Max': np.float64(0.9999999974145026), 'Min': np.float64(0.0), 'Mean': np.float64(0.9988078191419327), 'Std': np.float64(0.0345072114937645)}
2024-11-09 17:14:53,059 - INFO - Top 10 Mean Stats: {'Max': np.float64(4.174438572590589e-15), 'Min': np.float64(-1.7957857423311908e-15), 'Mean': np.float64(6.142308883738679e-16), 'Std': np.float64(1.9560463225095186e-15)}
2024-11-09 17:14:53,059 - INFO - Top 10 Std Stats: {'Max': np.float64(0.9999999974145026), 'Min': np.float64(0.9999999967977116), 'Mean': np.float64(0.9999999969341544), 'Std': np.float64(1.7209904663442272e-10)}
2024-11-09 17:14:53,059 - INFO - Bottom 10 Mean Stats: {'Max': np.float64(101.0), 'Min': np.float64(84.0), 'Mean': np.float64(92.1), 'Std': np.float64(4.968903299521938)}
2024-11-09 17:14:53,060 - INFO - Bottom 10 Std Stats: {'Max': np.float64(0.0), 'Min': np.float64(0.0), 'Mean': np.float64(0.0), 'Std': np.float64(0.0)}
[I 2024-11-09 17:14:53,091] Trial 192 finished with value: 55.0 and parameters: {'x_0': -2, 'x_1': -4, 'x_2': 1, 'x_3': 5, 'x_4': -3}. Best is trial 53 with value: 4.0.
2024-11-09 17:15:03,588 - INFO - Candidate Mean Stats: {'Max': np.float64(101.0), 'Min': np.float64(-6.327161017338767e-14), 'Mean': np.float64(0.05909929152877039), 'Std': np.float64(1.8439629258549932)}
2024-11-09 17:15:03,590 - INFO - Candidate Std Stats: {'Max': np.float64(0.9999999970000247), 'Min': np.float64(0.0), 'Mean': np.float64(0.9988016101942989), 'Std': np.float64(0.034596849789798934)}
2024-11-09 17:15:03,615 - INFO - Top 10 Mean Stats: {'Max': np.float64(1.2240208846492351e-15), 'Min': np.float64(-3.1086244689504383e-15), 'Mean': np.float64(-9.812983758905602e-16), 'Std': np.float64(1.4461348036008171e-15)}
2024-11-09 17:15:03,615 - INFO - Top 10 Std Stats: {'Max': np.float64(0.9999999970000247), 'Min': np.float64(0.9999999964472396), 'Mean': np.float64(0.9999999966582938), 'Std': np.float64(1.610240641213538e-10)}
2024-11-09 17:15:03,615 - INFO - Bottom 10 Mean Stats: {'Max': np.float64(101.0), 'Min': np.float64(84.0), 'Mean': np.float64(92.1), 'Std': np.float64(4.968903299521938)}
2024-11-09 17:15:03,616 - INFO - Bottom 10 Std Stats: {'Max': np.float64(0.0), 'Min': np.float64(0.0), 'Mean': np.float64(0.0), 'Std': np.float64(0.0)}
[I 2024-11-09 17:15:03,649] Trial 193 finished with value: 54.0 and parameters: {'x_0': 0, 'x_1': 2, 'x_2': 5, 'x_3': -4, 'x_4': -3}. Best is trial 53 with value: 4.0.
2024-11-09 17:15:13,953 - INFO - Candidate Mean Stats: {'Max': np.float64(101.0), 'Min': np.float64(-6.363798377151398e-14), 'Mean': np.float64(0.059434589043222345), 'Std': np.float64(1.8488552116357244)}
2024-11-09 17:15:13,953 - INFO - Candidate Std Stats: {'Max': np.float64(0.9999999987588041), 'Min': np.float64(0.0), 'Mean': np.float64(0.9987954006884058), 'Std': np.float64(0.03468625530715916)}
2024-11-09 17:15:13,981 - INFO - Top 10 Mean Stats: {'Max': np.float64(5.689893001203927e-16), 'Min': np.float64(-4.968248035197575e-16), 'Mean': np.float64(-3.483324739761428e-17), 'Std': np.float64(3.531156407229193e-16)}
2024-11-09 17:15:13,981 - INFO - Top 10 Std Stats: {'Max': np.float64(0.9999999987588041), 'Min': np.float64(0.9999999982468043), 'Mean': np.float64(0.9999999984554222), 'Std': np.float64(1.7847894369454903e-10)}
2024-11-09 17:15:13,981 - INFO - Bottom 10 Mean Stats: {'Max': np.float64(101.0), 'Min': np.float64(84.0), 'Mean': np.float64(92.1), 'Std': np.float64(4.968903299521938)}
2024-11-09 17:15:13,981 - INFO - Bottom 10 Std Stats: {'Max': np.float64(0.0), 'Min': np.float64(0.0), 'Mean': np.float64(0.0), 'Std': np.float64(0.0)}
[I 2024-11-09 17:15:14,012] Trial 194 finished with value: 29.0 and parameters: {'x_0': 2, 'x_1': 1, 'x_2': 2, 'x_3': -2, 'x_4': 4}. Best is trial 53 with value: 4.0.
2024-11-09 17:15:22,596 - INFO - Candidate Mean Stats: {'Max': np.float64(101.0), 'Min': np.float64(-5.037081862724335e-14), 'Mean': np.float64(0.0596146562269095), 'Std': np.float64(1.850261091050987)}
2024-11-09 17:15:22,597 - INFO - Candidate Std Stats: {'Max': np.float64(0.9999999978792143), 'Min': np.float64(0.0), 'Mean': np.float64(0.9987891917046184), 'Std': np.float64(0.03477542987854125)}
2024-11-09 17:15:22,620 - INFO - Top 10 Mean Stats: {'Max': np.float64(1.9984014443252818e-15), 'Min': np.float64(-1.8540724511240113e-15), 'Mean': np.float64(-1.4585554986012991e-16), 'Std': np.float64(1.2785325727504973e-15)}
2024-11-09 17:15:22,620 - INFO - Top 10 Std Stats: {'Max': np.float64(0.9999999978792143), 'Min': np.float64(0.9999999973151804), 'Mean': np.float64(0.9999999975805369), 'Std': np.float64(2.0830115449753895e-10)}
2024-11-09 17:15:22,620 - INFO - Bottom 10 Mean Stats: {'Max': np.float64(101.0), 'Min': np.float64(84.0), 'Mean': np.float64(92.1), 'Std': np.float64(4.968903299521938)}
2024-11-09 17:15:22,620 - INFO - Bottom 10 Std Stats: {'Max': np.float64(0.0), 'Min': np.float64(0.0), 'Mean': np.float64(0.0), 'Std': np.float64(0.0)}
[I 2024-11-09 17:15:22,651] Trial 195 finished with value: 55.0 and parameters: {'x_0': 2, 'x_1': 4, 'x_2': 5, 'x_3': 1, 'x_4': -3}. Best is trial 53 with value: 4.0.
2024-11-09 17:15:33,595 - INFO - Candidate Mean Stats: {'Max': np.float64(101.0), 'Min': np.float64(-5.4356519285647667e-14), 'Mean': np.float64(0.059956162954592024), 'Std': np.float64(1.8553188784789918)}
2024-11-09 17:15:33,596 - INFO - Candidate Std Stats: {'Max': np.float64(0.9999999973368463), 'Min': np.float64(0.0), 'Mean': np.float64(0.9987829823552521), 'Std': np.float64(0.03486437524534855)}
2024-11-09 17:15:33,623 - INFO - Top 10 Mean Stats: {'Max': np.float64(1.887379141862766e-15), 'Min': np.float64(-1.6792123247455493e-15), 'Mean': np.float64(2.3064883336587624e-16), 'Std': np.float64(1.297746628204339e-15)}
2024-11-09 17:15:33,623 - INFO - Top 10 Std Stats: {'Max': np.float64(0.9999999973368463), 'Min': np.float64(0.9999999968885316), 'Mean': np.float64(0.999999997090559), 'Std': np.float64(1.3191981706940003e-10)}
2024-11-09 17:15:33,624 - INFO - Bottom 10 Mean Stats: {'Max': np.float64(101.0), 'Min': np.float64(84.0), 'Mean': np.float64(92.1), 'Std': np.float64(4.968903299521938)}
2024-11-09 17:15:33,624 - INFO - Bottom 10 Std Stats: {'Max': np.float64(0.0), 'Min': np.float64(0.0), 'Mean': np.float64(0.0), 'Std': np.float64(0.0)}
[I 2024-11-09 17:15:33,652] Trial 196 finished with value: 79.0 and parameters: {'x_0': -5, 'x_1': 0, 'x_2': -5, 'x_3': -2, 'x_4': 5}. Best is trial 53 with value: 4.0.
2024-11-09 17:15:42,193 - INFO - Candidate Mean Stats: {'Max': np.float64(101.0), 'Min': np.float64(-4.8561155097104345e-14), 'Mean': np.float64(0.060446690799808744), 'Std': np.float64(1.8657172292875084)}
2024-11-09 17:15:42,194 - INFO - Candidate Std Stats: {'Max': np.float64(0.9999999966719801), 'Min': np.float64(0.0), 'Mean': np.float64(0.9987767734575445), 'Std': np.float64(0.034953093185761314)}
2024-11-09 17:15:42,221 - INFO - Top 10 Mean Stats: {'Max': np.float64(3.3417713041217213e-15), 'Min': np.float64(-4.58799664926346e-15), 'Mean': np.float64(-1.6264073421368154e-15), 'Std': np.float64(1.992245752806148e-15)}
2024-11-09 17:15:42,222 - INFO - Top 10 Std Stats: {'Max': np.float64(0.9999999966719801), 'Min': np.float64(0.999999996113795), 'Mean': np.float64(0.9999999962488832), 'Std': np.float64(1.553061611558826e-10)}
2024-11-09 17:15:42,222 - INFO - Bottom 10 Mean Stats: {'Max': np.float64(101.0), 'Min': np.float64(84.0), 'Mean': np.float64(92.1), 'Std': np.float64(4.968903299521938)}
2024-11-09 17:15:42,222 - INFO - Bottom 10 Std Stats: {'Max': np.float64(0.0), 'Min': np.float64(0.0), 'Mean': np.float64(0.0), 'Std': np.float64(0.0)}
[I 2024-11-09 17:15:42,260] Trial 197 finished with value: 55.0 and parameters: {'x_0': -2, 'x_1': -1, 'x_2': -5, 'x_3': 3, 'x_4': -4}. Best is trial 53 with value: 4.0.
2024-11-09 17:15:50,745 - INFO - Candidate Mean Stats: {'Max': np.float64(101.0), 'Min': np.float64(-5.906386491005833e-14), 'Mean': np.float64(0.06078819752749129), 'Std': np.float64(1.8707330774733208)}
2024-11-09 17:15:50,746 - INFO - Candidate Std Stats: {'Max': np.float64(0.9999999970724429), 'Min': np.float64(0.0), 'Mean': np.float64(0.9987705640613261), 'Std': np.float64(0.0350415853940711)}
2024-11-09 17:15:50,777 - INFO - Top 10 Mean Stats: {'Max': np.float64(2.170486013142181e-15), 'Min': np.float64(-3.1308289294429414e-15), 'Mean': np.float64(-1.4155343563970742e-16), 'Std': np.float64(1.5969994791016535e-15)}
2024-11-09 17:15:50,777 - INFO - Top 10 Std Stats: {'Max': np.float64(0.9999999970724429), 'Min': np.float64(0.9999999964794579), 'Mean': np.float64(0.9999999967114033), 'Std': np.float64(1.7591569131455773e-10)}
2024-11-09 17:15:50,778 - INFO - Bottom 10 Mean Stats: {'Max': np.float64(101.0), 'Min': np.float64(84.0), 'Mean': np.float64(92.1), 'Std': np.float64(4.968903299521938)}
2024-11-09 17:15:50,778 - INFO - Bottom 10 Std Stats: {'Max': np.float64(0.0), 'Min': np.float64(0.0), 'Mean': np.float64(0.0), 'Std': np.float64(0.0)}
[I 2024-11-09 17:15:50,814] Trial 198 finished with value: 31.0 and parameters: {'x_0': 1, 'x_1': -1, 'x_2': 4, 'x_3': -2, 'x_4': 3}. Best is trial 53 with value: 4.0.
2024-11-09 17:16:01,122 - INFO - Candidate Mean Stats: {'Max': np.float64(101.0), 'Min': np.float64(-5.581091144790662e-14), 'Mean': np.float64(0.06098068313763965), 'Std': np.float64(1.87232098271373)}
2024-11-09 17:16:01,123 - INFO - Candidate Std Stats: {'Max': np.float64(0.9999999960163788), 'Min': np.float64(0.0), 'Mean': np.float64(0.9987643549319642), 'Std': np.float64(0.03512985360279354)}
2024-11-09 17:16:01,147 - INFO - Top 10 Mean Stats: {'Max': np.float64(4.084926841230186e-15), 'Min': np.float64(-4.726774527341604e-15), 'Mean': np.float64(-9.332812300755218e-17), 'Std': np.float64(2.2162085269826998e-15)}
2024-11-09 17:16:01,147 - INFO - Top 10 Std Stats: {'Max': np.float64(0.9999999960163788), 'Min': np.float64(0.9999999958060475), 'Mean': np.float64(0.9999999958893309), 'Std': np.float64(5.986186543920915e-11)}
2024-11-09 17:16:01,147 - INFO - Bottom 10 Mean Stats: {'Max': np.float64(101.0), 'Min': np.float64(84.0), 'Mean': np.float64(92.1), 'Std': np.float64(4.968903299521938)}
2024-11-09 17:16:01,147 - INFO - Bottom 10 Std Stats: {'Max': np.float64(0.0), 'Min': np.float64(0.0), 'Mean': np.float64(0.0), 'Std': np.float64(0.0)}
[I 2024-11-09 17:16:01,182] Trial 199 finished with value: 91.0 and parameters: {'x_0': -5, 'x_1': -4, 'x_2': -3, 'x_3': 4, 'x_4': 5}. Best is trial 53 with value: 4.0.
2024-11-09 17:16:11,152 - INFO - Candidate Mean Stats: {'Max': np.float64(101.0), 'Min': np.float64(-6.392664175791651e-14), 'Mean': np.float64(0.06154572154162347), 'Std': np.float64(1.8859838612640596)}
2024-11-09 17:16:11,153 - INFO - Candidate Std Stats: {'Max': np.float64(0.9999999979218123), 'Min': np.float64(0.0), 'Mean': np.float64(0.9987581458399305), 'Std': np.float64(0.035217899488237156)}
2024-11-09 17:16:11,186 - INFO - Top 10 Mean Stats: {'Max': np.float64(1.7541523789077474e-15), 'Min': np.float64(-1.787459069646502e-15), 'Mean': np.float64(2.5396351688300457e-16), 'Std': np.float64(1.190826925381742e-15)}
2024-11-09 17:16:11,186 - INFO - Top 10 Std Stats: {'Max': np.float64(0.9999999979218123), 'Min': np.float64(0.9999999975933714), 'Mean': np.float64(0.9999999977297845), 'Std': np.float64(9.947987627775132e-11)}
2024-11-09 17:16:11,186 - INFO - Bottom 10 Mean Stats: {'Max': np.float64(101.0), 'Min': np.float64(88.0), 'Mean': np.float64(92.8), 'Std': np.float64(4.214261501141095)}
2024-11-09 17:16:11,186 - INFO - Bottom 10 Std Stats: {'Max': np.float64(0.0), 'Min': np.float64(0.0), 'Mean': np.float64(0.0), 'Std': np.float64(0.0)}
[I 2024-11-09 17:16:11,215] Trial 200 finished with value: 55.0 and parameters: {'x_0': -1, 'x_1': -2, 'x_2': -5, 'x_3': 4, 'x_4': 3}. Best is trial 53 with value: 4.0.
2024-11-09 17:16:20,182 - INFO - Candidate Mean Stats: {'Max': np.float64(101.0), 'Min': np.float64(-4.9132919954786304e-14), 'Mean': np.float64(0.061887228269306), 'Std': np.float64(1.8909457532642897)}
2024-11-09 17:16:20,183 - INFO - Candidate Std Stats: {'Max': np.float64(0.999999998026612), 'Min': np.float64(0.0), 'Mean': np.float64(0.9987519366517342), 'Std': np.float64(0.035305724709001)}
2024-11-09 17:16:20,207 - INFO - Top 10 Mean Stats: {'Max': np.float64(3.3251179587523438e-15), 'Min': np.float64(-2.3647750424515835e-15), 'Mean': np.float64(-2.360611706109238e-16), 'Std': np.float64(1.931968151650217e-15)}
2024-11-09 17:16:20,207 - INFO - Top 10 Std Stats: {'Max': np.float64(0.999999998026612), 'Min': np.float64(0.9999999973814325), 'Mean': np.float64(0.9999999975729666), 'Std': np.float64(2.1528704606020802e-10)}
2024-11-09 17:16:20,207 - INFO - Bottom 10 Mean Stats: {'Max': np.float64(101.0), 'Min': np.float64(88.0), 'Mean': np.float64(92.8), 'Std': np.float64(4.214261501141095)}
2024-11-09 17:16:20,207 - INFO - Bottom 10 Std Stats: {'Max': np.float64(0.0), 'Min': np.float64(0.0), 'Mean': np.float64(0.0), 'Std': np.float64(0.0)}
[I 2024-11-09 17:16:20,238] Trial 201 finished with value: 61.0 and parameters: {'x_0': 3, 'x_1': 5, 'x_2': 3, 'x_3': -3, 'x_4': -3}. Best is trial 53 with value: 4.0.
2024-11-09 17:16:29,038 - INFO - Candidate Mean Stats: {'Max': np.float64(101.0), 'Min': np.float64(-5.753175713607562e-14), 'Mean': np.float64(0.06226599027637206), 'Std': np.float64(1.8970327618934373)}
2024-11-09 17:16:29,040 - INFO - Candidate Std Stats: {'Max': np.float64(0.9999999962731329), 'Min': np.float64(0.0), 'Mean': np.float64(0.9987457273649255), 'Std': np.float64(0.03539333090762359)}
2024-11-09 17:16:29,072 - INFO - Top 10 Mean Stats: {'Max': np.float64(3.641531520770513e-15), 'Min': np.float64(-2.3980817331903383e-15), 'Mean': np.float64(-2.6673108166619384e-16), 'Std': np.float64(1.5855986643055324e-15)}
2024-11-09 17:16:29,072 - INFO - Top 10 Std Stats: {'Max': np.float64(0.9999999962731329), 'Min': np.float64(0.9999999959466238), 'Mean': np.float64(0.9999999960567163), 'Std': np.float64(9.304538408040558e-11)}
2024-11-09 17:16:29,073 - INFO - Bottom 10 Mean Stats: {'Max': np.float64(101.0), 'Min': np.float64(88.0), 'Mean': np.float64(92.8), 'Std': np.float64(4.214261501141095)}
2024-11-09 17:16:29,073 - INFO - Bottom 10 Std Stats: {'Max': np.float64(0.0), 'Min': np.float64(0.0), 'Mean': np.float64(0.0), 'Std': np.float64(0.0)}
[I 2024-11-09 17:16:29,110] Trial 202 finished with value: 12.0 and parameters: {'x_0': 1, 'x_1': 1, 'x_2': 0, 'x_3': -3, 'x_4': -1}. Best is trial 53 with value: 4.0.
2024-11-09 17:16:39,681 - INFO - Candidate Mean Stats: {'Max': np.float64(101.0), 'Min': np.float64(-5.559996907322784e-14), 'Mean': np.float64(0.06234050083513918), 'Std': np.float64(1.8972659649882961)}
2024-11-09 17:16:39,682 - INFO - Candidate Std Stats: {'Max': np.float64(0.9999999965831342), 'Min': np.float64(0.0), 'Mean': np.float64(0.9987395178836038), 'Std': np.float64(0.035480719703023)}
2024-11-09 17:16:39,702 - INFO - Top 10 Mean Stats: {'Max': np.float64(4.0689673852511986e-15), 'Min': np.float64(-3.319566843629218e-15), 'Mean': np.float64(-2.4515979524242174e-17), 'Std': np.float64(1.997223897784899e-15)}
2024-11-09 17:16:39,702 - INFO - Top 10 Std Stats: {'Max': np.float64(0.9999999965831342), 'Min': np.float64(0.9999999963305723), 'Mean': np.float64(0.9999999964702944), 'Std': np.float64(8.144849616463388e-11)}
2024-11-09 17:16:39,702 - INFO - Bottom 10 Mean Stats: {'Max': np.float64(101.0), 'Min': np.float64(88.0), 'Mean': np.float64(92.8), 'Std': np.float64(4.214261501141095)}
2024-11-09 17:16:39,702 - INFO - Bottom 10 Std Stats: {'Max': np.float64(0.0), 'Min': np.float64(0.0), 'Mean': np.float64(0.0), 'Std': np.float64(0.0)}
