2024-11-09 16:41:02,279 - INFO - Experiment settings: {'name': 'bo_parafac_dim5_rank2_mask0.2_tradeoff1.0_seed4', 'seed': 4, 'dimensions': 5, 'iter_bo': 300, 'storage': 'sqlite:////Users/keisukeonoue/ws/constrained_BO_v2/results/dbs/2024-11-09_16-41-02_bo_parafac_dim5_rank2_mask0.2_tradeoff1.0_seed4.db', 'unique_sampling': False, 'decomp_num': 10, 'cp_settings': {'rank': 2, 'als_iterations': 100, 'mask_ratio': 0.2, 'random_dist_type': 'uniform'}, 'acqf_settings': {'trade_off_param': 1.0, 'maximize': False}}
[I 2024-11-09 16:41:03,493] A new study created in RDB with name: bo_parafac_dim5_rank2_mask0.2_tradeoff1.0_seed4
2024-11-09 16:41:03,495 - INFO - Created new study 'bo_parafac_dim5_rank2_mask0.2_tradeoff1.0_seed4' in sqlite:////Users/keisukeonoue/ws/constrained_BO_v2/results/dbs/2024-11-09_16-41-02_bo_parafac_dim5_rank2_mask0.2_tradeoff1.0_seed4.db
2024-11-09 16:41:03,540 - INFO - Using sample_independent for sampling.
2024-11-09 16:41:03,547 - INFO - Using sample_independent for sampling.
2024-11-09 16:41:03,553 - INFO - Using sample_independent for sampling.
2024-11-09 16:41:03,558 - INFO - Using sample_independent for sampling.
2024-11-09 16:41:03,562 - INFO - Using sample_independent for sampling.
[I 2024-11-09 16:41:03,593] Trial 0 finished with value: 43.0 and parameters: {'x_0': 4, 'x_1': -1, 'x_2': -3, 'x_3': 4, 'x_4': 1}. Best is trial 0 with value: 43.0.
2024-11-09 16:41:06,929 - INFO - Candidate Mean Stats: {'Max': np.float64(43.0), 'Min': np.float64(-2.3869173304547075e-11), 'Mean': np.float64(0.00026699616891395474), 'Std': np.float64(0.10714832698838354)}
2024-11-09 16:41:06,929 - INFO - Candidate Std Stats: {'Max': np.float64(0.99999755501556), 'Min': np.float64(0.0), 'Mean': np.float64(0.999986801804115), 'Std': np.float64(0.0024918050467627644)}
2024-11-09 16:41:06,980 - INFO - Top 10 Mean Stats: {'Max': np.float64(2.862488024391041e-12), 'Min': np.float64(-1.7745804825608503e-13), 'Mean': np.float64(5.665010474609211e-13), 'Std': np.float64(8.383135043973769e-13)}
2024-11-09 16:41:06,980 - INFO - Top 10 Std Stats: {'Max': np.float64(0.99999755501556), 'Min': np.float64(0.9999973033422551), 'Mean': np.float64(0.9999974061385408), 'Std': np.float64(8.301188347019053e-08)}
2024-11-09 16:41:06,981 - INFO - Bottom 10 Mean Stats: {'Max': np.float64(43.0), 'Min': np.float64(-2.006368404749992e-11), 'Mean': np.float64(4.300000000008845), 'Std': np.float64(12.899999999997052)}
2024-11-09 16:41:06,981 - INFO - Bottom 10 Std Stats: {'Max': np.float64(0.99997247002977), 'Min': np.float64(0.0), 'Mean': np.float64(0.8999716218435505), 'Std': np.float64(0.2999905406418894)}
[I 2024-11-09 16:41:07,049] Trial 1 finished with value: 92.0 and parameters: {'x_0': -4, 'x_1': -5, 'x_2': -5, 'x_3': 1, 'x_4': -5}. Best is trial 0 with value: 43.0.
2024-11-09 16:41:13,921 - INFO - Candidate Mean Stats: {'Max': np.float64(92.0), 'Min': np.float64(-2.2444268665822164e-13), 'Mean': np.float64(0.000838243786129844), 'Std': np.float64(0.2530512070598472)}
2024-11-09 16:41:13,922 - INFO - Candidate Std Stats: {'Max': np.float64(0.9999999921188543), 'Min': np.float64(0.0), 'Mean': np.float64(0.9999875557376167), 'Std': np.float64(0.003523956810497854)}
2024-11-09 16:41:13,952 - INFO - Top 10 Mean Stats: {'Max': np.float64(1.6625936738456916e-14), 'Min': np.float64(-1.1795425747251898e-14), 'Mean': np.float64(1.799224831622315e-15), 'Std': np.float64(7.964966139085406e-15)}
2024-11-09 16:41:13,953 - INFO - Top 10 Std Stats: {'Max': np.float64(0.9999999921188543), 'Min': np.float64(0.99999999152095), 'Mean': np.float64(0.9999999917906187), 'Std': np.float64(1.8295864965244703e-10)}
2024-11-09 16:41:13,953 - INFO - Bottom 10 Mean Stats: {'Max': np.float64(92.0), 'Min': np.float64(-2.2444268665822164e-13), 'Mean': np.float64(13.499999999999986), 'Std': np.float64(29.138462553813653)}
2024-11-09 16:41:13,953 - INFO - Bottom 10 Std Stats: {'Max': np.float64(0.9999998994794884), 'Min': np.float64(0.0), 'Mean': np.float64(0.7999999075151436), 'Std': np.float64(0.39999995375757236)}
[I 2024-11-09 16:41:13,999] Trial 2 finished with value: 23.0 and parameters: {'x_0': 0, 'x_1': 3, 'x_2': -2, 'x_3': 3, 'x_4': 1}. Best is trial 2 with value: 23.0.
2024-11-09 16:41:23,128 - INFO - Candidate Mean Stats: {'Max': np.float64(92.0), 'Min': np.float64(-1.176170272287891e-13), 'Mean': np.float64(0.0009810556904334712), 'Std': np.float64(0.25945968352675886)}
2024-11-09 16:41:23,129 - INFO - Candidate Std Stats: {'Max': np.float64(0.9999999952788646), 'Min': np.float64(0.0), 'Mean': np.float64(0.9999813534732834), 'Std': np.float64(0.004315934661137989)}
2024-11-09 16:41:23,161 - INFO - Top 10 Mean Stats: {'Max': np.float64(6.328271240363392e-15), 'Min': np.float64(-2.3925306180672124e-15), 'Mean': np.float64(2.225442052861126e-15), 'Std': np.float64(2.5931295613943137e-15)}
2024-11-09 16:41:23,161 - INFO - Top 10 Std Stats: {'Max': np.float64(0.9999999952788646), 'Min': np.float64(0.9999999946110599), 'Mean': np.float64(0.9999999950541193), 'Std': np.float64(1.700751556007848e-10)}
2024-11-09 16:41:23,162 - INFO - Bottom 10 Mean Stats: {'Max': np.float64(92.0), 'Min': np.float64(-4.436451206402126e-14), 'Mean': np.float64(15.800000000000015), 'Std': np.float64(28.888752136428458)}
2024-11-09 16:41:23,162 - INFO - Bottom 10 Std Stats: {'Max': np.float64(0.9999999219369934), 'Min': np.float64(0.0), 'Mean': np.float64(0.6999999396132189), 'Std': np.float64(0.45825752996315616)}
[I 2024-11-09 16:41:23,212] Trial 3 finished with value: 15.0 and parameters: {'x_0': -3, 'x_1': 1, 'x_2': 0, 'x_3': 2, 'x_4': 1}. Best is trial 3 with value: 15.0.
2024-11-09 16:41:33,663 - INFO - Candidate Mean Stats: {'Max': np.float64(92.0), 'Min': np.float64(-7.348288644237755e-14), 'Mean': np.float64(0.0010741938888923312), 'Std': np.float64(0.26213776708144465)}
2024-11-09 16:41:33,665 - INFO - Candidate Std Stats: {'Max': np.float64(0.9999999944033512), 'Min': np.float64(0.0), 'Mean': np.float64(0.9999751463036239), 'Std': np.float64(0.00498359661453985)}
2024-11-09 16:41:33,704 - INFO - Top 10 Mean Stats: {'Max': np.float64(7.155387393709134e-15), 'Min': np.float64(-6.061817714453355e-15), 'Mean': np.float64(-4.080069615497431e-17), 'Std': np.float64(4.282630147758089e-15)}
2024-11-09 16:41:33,705 - INFO - Top 10 Std Stats: {'Max': np.float64(0.9999999944033512), 'Min': np.float64(0.9999999939177662), 'Mean': np.float64(0.9999999941477606), 'Std': np.float64(1.519084218172631e-10)}
2024-11-09 16:41:33,705 - INFO - Bottom 10 Mean Stats: {'Max': np.float64(92.0), 'Min': np.float64(-4.7883919052083e-14), 'Mean': np.float64(17.3), 'Std': np.float64(28.414960848116614)}
2024-11-09 16:41:33,705 - INFO - Bottom 10 Std Stats: {'Max': np.float64(0.9999999347988068), 'Min': np.float64(0.0), 'Mean': np.float64(0.5999999540718574), 'Std': np.float64(0.48989791105646424)}
[I 2024-11-09 16:41:33,789] Trial 4 finished with value: 74.0 and parameters: {'x_0': -5, 'x_1': 4, 'x_2': 2, 'x_3': -2, 'x_4': -5}. Best is trial 3 with value: 15.0.
2024-11-09 16:41:40,125 - INFO - Candidate Mean Stats: {'Max': np.float64(92.0), 'Min': np.float64(-8.217870828275409e-14), 'Mean': np.float64(0.0015336756679561517), 'Std': np.float64(0.3204944029349366)}
2024-11-09 16:41:40,126 - INFO - Candidate Std Stats: {'Max': np.float64(0.9999999958257856), 'Min': np.float64(0.0), 'Mean': np.float64(0.9999689368982921), 'Std': np.float64(0.005571813101405428)}
2024-11-09 16:41:40,172 - INFO - Top 10 Mean Stats: {'Max': np.float64(3.747002708109903e-15), 'Min': np.float64(-3.0087043967341744e-15), 'Mean': np.float64(-6.550315845288424e-16), 'Std': np.float64(1.857850921426153e-15)}
2024-11-09 16:41:40,172 - INFO - Top 10 Std Stats: {'Max': np.float64(0.9999999958257856), 'Min': np.float64(0.9999999953249076), 'Mean': np.float64(0.9999999956066388), 'Std': np.float64(1.5480757351877143e-10)}
2024-11-09 16:41:40,173 - INFO - Bottom 10 Mean Stats: {'Max': np.float64(92.0), 'Min': np.float64(-3.0886404545071854e-14), 'Mean': np.float64(24.700000000000006), 'Std': np.float64(32.31423834782432)}
2024-11-09 16:41:40,174 - INFO - Bottom 10 Std Stats: {'Max': np.float64(0.9999999308043771), 'Min': np.float64(0.0), 'Mean': np.float64(0.49999996436475264), 'Std': np.float64(0.4999999643647527)}
[I 2024-11-09 16:41:40,235] Trial 5 finished with value: 85.0 and parameters: {'x_0': 5, 'x_1': 3, 'x_2': 5, 'x_3': -5, 'x_4': 1}. Best is trial 3 with value: 15.0.
2024-11-09 16:41:47,189 - INFO - Candidate Mean Stats: {'Max': np.float64(92.0), 'Min': np.float64(-8.427841757807641e-14), 'Mean': np.float64(0.00206145879255641), 'Std': np.float64(0.3841566483250635)}
2024-11-09 16:41:47,190 - INFO - Candidate Std Stats: {'Max': np.float64(0.9999999951676993), 'Min': np.float64(0.0), 'Mean': np.float64(0.9999627279064586), 'Std': np.float64(0.006103596495092468)}
2024-11-09 16:41:47,227 - INFO - Top 10 Mean Stats: {'Max': np.float64(2.4202861936828413e-15), 'Min': np.float64(-6.117328865684613e-15), 'Mean': np.float64(-6.059042156891791e-16), 'Std': np.float64(2.9563469453376228e-15)}
2024-11-09 16:41:47,228 - INFO - Top 10 Std Stats: {'Max': np.float64(0.9999999951676993), 'Min': np.float64(0.9999999946095014), 'Mean': np.float64(0.9999999948305494), 'Std': np.float64(1.9430151925607854e-10)}
2024-11-09 16:41:47,228 - INFO - Bottom 10 Mean Stats: {'Max': np.float64(92.0), 'Min': np.float64(-2.2171153801764375e-14), 'Mean': np.float64(33.20000000000001), 'Std': np.float64(35.700980378695476)}
2024-11-09 16:41:47,228 - INFO - Bottom 10 Std Stats: {'Max': np.float64(0.9999999314969038), 'Min': np.float64(0.0), 'Mean': np.float64(0.399999970887218), 'Std': np.float64(0.4898979129009052)}
[I 2024-11-09 16:41:47,283] Trial 6 finished with value: 26.0 and parameters: {'x_0': 2, 'x_1': 1, 'x_2': 1, 'x_3': -4, 'x_4': 2}. Best is trial 3 with value: 15.0.
2024-11-09 16:41:56,293 - INFO - Candidate Mean Stats: {'Max': np.float64(92.0), 'Min': np.float64(-9.001965839416926e-14), 'Mean': np.float64(0.0022228983365517696), 'Std': np.float64(0.3895806295641061)}
2024-11-09 16:41:56,294 - INFO - Candidate Std Stats: {'Max': np.float64(0.9999999961908845), 'Min': np.float64(0.0), 'Mean': np.float64(0.9999565183061534), 'Std': np.float64(0.006592617231173619)}
2024-11-09 16:41:56,321 - INFO - Top 10 Mean Stats: {'Max': np.float64(3.6193270602780105e-15), 'Min': np.float64(-4.618527782440651e-15), 'Mean': np.float64(-7.085998454670062e-16), 'Std': np.float64(2.2456425606500994e-15)}
2024-11-09 16:41:56,322 - INFO - Top 10 Std Stats: {'Max': np.float64(0.9999999961908845), 'Min': np.float64(0.9999999952928533), 'Mean': np.float64(0.99999999559451), 'Std': np.float64(2.5923909994191724e-10)}
2024-11-09 16:41:56,322 - INFO - Bottom 10 Mean Stats: {'Max': np.float64(92.0), 'Min': np.float64(-2.881583860414594e-14), 'Mean': np.float64(35.800000000000026), 'Std': np.float64(34.09926685428879)}
2024-11-09 16:41:56,322 - INFO - Bottom 10 Std Stats: {'Max': np.float64(0.9999999188604703), 'Min': np.float64(0.0), 'Mean': np.float64(0.29999996701755727), 'Std': np.float64(0.45825751911407103)}
[I 2024-11-09 16:41:56,358] Trial 7 finished with value: 76.0 and parameters: {'x_0': 3, 'x_1': -5, 'x_2': 1, 'x_3': -4, 'x_4': 5}. Best is trial 3 with value: 15.0.
2024-11-09 16:42:03,676 - INFO - Candidate Mean Stats: {'Max': np.float64(92.0), 'Min': np.float64(-6.996625501187737e-14), 'Mean': np.float64(0.0026947985420767), 'Std': np.float64(0.4331687452821295)}
2024-11-09 16:42:03,677 - INFO - Candidate Std Stats: {'Max': np.float64(0.9999999948236657), 'Min': np.float64(0.0), 'Mean': np.float64(0.9999503098077875), 'Std': np.float64(0.007047782398019158)}
2024-11-09 16:42:03,706 - INFO - Top 10 Mean Stats: {'Max': np.float64(4.79061235125755e-15), 'Min': np.float64(-5.2652326942848046e-15), 'Mean': np.float64(-4.571343303894082e-16), 'Std': np.float64(3.177167550309163e-15)}
2024-11-09 16:42:03,707 - INFO - Top 10 Std Stats: {'Max': np.float64(0.9999999948236657), 'Min': np.float64(0.9999999942174455), 'Mean': np.float64(0.999999994394304), 'Std': np.float64(1.9366283920163977e-10)}
2024-11-09 16:42:03,707 - INFO - Bottom 10 Mean Stats: {'Max': np.float64(92.0), 'Min': np.float64(-1.1675382882714302e-14), 'Mean': np.float64(43.4), 'Std': np.float64(33.74077651744251)}
2024-11-09 16:42:03,707 - INFO - Bottom 10 Std Stats: {'Max': np.float64(0.9999999326742167), 'Min': np.float64(0.0), 'Mean': np.float64(0.1999999850500817), 'Std': np.float64(0.39999997010016347)}
[I 2024-11-09 16:42:03,745] Trial 8 finished with value: 29.0 and parameters: {'x_0': 2, 'x_1': 2, 'x_2': -4, 'x_3': -1, 'x_4': 2}. Best is trial 3 with value: 15.0.
2024-11-09 16:42:13,085 - INFO - Candidate Mean Stats: {'Max': np.float64(92.0), 'Min': np.float64(-1.2284617767477357e-13), 'Mean': np.float64(0.0028748657257638703), 'Std': np.float64(0.43915385379438837)}
2024-11-09 16:42:13,086 - INFO - Candidate Std Stats: {'Max': np.float64(0.999999995926954), 'Min': np.float64(0.0), 'Mean': np.float64(0.9999440998018869), 'Std': np.float64(0.007475278873962308)}
2024-11-09 16:42:13,123 - INFO - Top 10 Mean Stats: {'Max': np.float64(2.9920510513647968e-15), 'Min': np.float64(-6.5059069243034175e-15), 'Mean': np.float64(-7.453759831577144e-16), 'Std': np.float64(2.908138992078475e-15)}
2024-11-09 16:42:13,124 - INFO - Top 10 Std Stats: {'Max': np.float64(0.999999995926954), 'Min': np.float64(0.9999999950930868), 'Mean': np.float64(0.9999999954287342), 'Std': np.float64(2.614196759373554e-10)}
2024-11-09 16:42:13,124 - INFO - Bottom 10 Mean Stats: {'Max': np.float64(92.0), 'Min': np.float64(-1.2284617767477357e-13), 'Mean': np.float64(46.29999999999999), 'Std': np.float64(31.02273359973297)}
2024-11-09 16:42:13,124 - INFO - Bottom 10 Std Stats: {'Max': np.float64(0.999999898290894), 'Min': np.float64(0.0), 'Mean': np.float64(0.09999998982908939), 'Std': np.float64(0.2999999694872682)}
[I 2024-11-09 16:42:13,163] Trial 9 finished with value: 34.0 and parameters: {'x_0': 1, 'x_1': -2, 'x_2': 4, 'x_3': 3, 'x_4': -2}. Best is trial 3 with value: 15.0.
2024-11-09 16:42:21,626 - INFO - Candidate Mean Stats: {'Max': np.float64(92.0), 'Min': np.float64(-7.323031070427533e-14), 'Mean': np.float64(0.0030859789756039944), 'Std': np.float64(0.44725015302817966)}
2024-11-09 16:42:21,628 - INFO - Candidate Std Stats: {'Max': np.float64(0.9999999956495339), 'Min': np.float64(0.0), 'Mean': np.float64(0.9999378912676863), 'Std': np.float64(0.007879611336328111)}
2024-11-09 16:42:21,657 - INFO - Top 10 Mean Stats: {'Max': np.float64(5.717648576819556e-15), 'Min': np.float64(-4.207745263329343e-15), 'Mean': np.float64(1.7784385075714227e-15), 'Std': np.float64(2.8870392122773213e-15)}
2024-11-09 16:42:21,657 - INFO - Top 10 Std Stats: {'Max': np.float64(0.9999999956495339), 'Min': np.float64(0.9999999949056907), 'Mean': np.float64(0.9999999952466663), 'Std': np.float64(2.7024437394940797e-10)}
2024-11-09 16:42:21,658 - INFO - Bottom 10 Mean Stats: {'Max': np.float64(92.0), 'Min': np.float64(15.0), 'Mean': np.float64(49.7), 'Std': np.float64(27.415506561068685)}
2024-11-09 16:42:21,658 - INFO - Bottom 10 Std Stats: {'Max': np.float64(0.0), 'Min': np.float64(0.0), 'Mean': np.float64(0.0), 'Std': np.float64(0.0)}
[I 2024-11-09 16:42:21,695] Trial 10 finished with value: 91.0 and parameters: {'x_0': -5, 'x_1': -4, 'x_2': 0, 'x_3': -5, 'x_4': 5}. Best is trial 3 with value: 15.0.
2024-11-09 16:42:29,356 - INFO - Candidate Mean Stats: {'Max': np.float64(92.0), 'Min': np.float64(-8.266165529846603e-14), 'Mean': np.float64(0.003651017379587785), 'Std': np.float64(0.5014452985965574)}
2024-11-09 16:42:29,357 - INFO - Candidate Std Stats: {'Max': np.float64(0.9999999950466463), 'Min': np.float64(0.0), 'Mean': np.float64(0.9999316811199137), 'Std': np.float64(0.008264180423216498)}
2024-11-09 16:42:29,391 - INFO - Top 10 Mean Stats: {'Max': np.float64(5.651035195342047e-15), 'Min': np.float64(-6.017408793468349e-15), 'Mean': np.float64(1.640354518883667e-16), 'Std': np.float64(3.1484504993219295e-15)}
2024-11-09 16:42:29,392 - INFO - Top 10 Std Stats: {'Max': np.float64(0.9999999950466463), 'Min': np.float64(0.9999999946560619), 'Mean': np.float64(0.9999999948197497), 'Std': np.float64(1.4922417794389032e-10)}
2024-11-09 16:42:29,392 - INFO - Bottom 10 Mean Stats: {'Max': np.float64(92.0), 'Min': np.float64(23.0), 'Mean': np.float64(57.3), 'Std': np.float64(27.276546702249536)}
2024-11-09 16:42:29,393 - INFO - Bottom 10 Std Stats: {'Max': np.float64(0.0), 'Min': np.float64(0.0), 'Mean': np.float64(0.0), 'Std': np.float64(0.0)}
[I 2024-11-09 16:42:29,433] Trial 11 finished with value: 45.0 and parameters: {'x_0': -3, 'x_1': 5, 'x_2': 1, 'x_3': 3, 'x_4': 1}. Best is trial 3 with value: 15.0.
2024-11-09 16:42:38,007 - INFO - Candidate Mean Stats: {'Max': np.float64(92.0), 'Min': np.float64(-9.461320615855585e-14), 'Mean': np.float64(0.003930431974964391), 'Std': np.float64(0.513827720066692)}
2024-11-09 16:42:38,009 - INFO - Candidate Std Stats: {'Max': np.float64(0.9999999957519824), 'Min': np.float64(0.0), 'Mean': np.float64(0.9999254727210797), 'Std': np.float64(0.00863162814607433)}
2024-11-09 16:42:38,040 - INFO - Top 10 Mean Stats: {'Max': np.float64(3.1308289294429414e-15), 'Min': np.float64(-2.3869795029440866e-15), 'Mean': np.float64(6.079858838603514e-16), 'Std': np.float64(1.896905716137553e-15)}
2024-11-09 16:42:38,040 - INFO - Top 10 Std Stats: {'Max': np.float64(0.9999999957519824), 'Min': np.float64(0.9999999948155996), 'Mean': np.float64(0.9999999952270778), 'Std': np.float64(2.701622599609674e-10)}
2024-11-09 16:42:38,041 - INFO - Bottom 10 Mean Stats: {'Max': np.float64(92.0), 'Min': np.float64(26.0), 'Mean': np.float64(59.5), 'Std': np.float64(25.231924223094836)}
2024-11-09 16:42:38,041 - INFO - Bottom 10 Std Stats: {'Max': np.float64(0.0), 'Min': np.float64(0.0), 'Mean': np.float64(0.0), 'Std': np.float64(0.0)}
[I 2024-11-09 16:42:38,082] Trial 12 finished with value: 68.0 and parameters: {'x_0': -1, 'x_1': 1, 'x_2': -5, 'x_3': 5, 'x_4': -4}. Best is trial 3 with value: 15.0.
2024-11-09 16:42:48,418 - INFO - Candidate Mean Stats: {'Max': np.float64(92.0), 'Min': np.float64(-7.990275108227252e-14), 'Mean': np.float64(0.004352658474644674), 'Std': np.float64(0.5410423555941836)}
2024-11-09 16:42:48,418 - INFO - Candidate Std Stats: {'Max': np.float64(0.9999999952337424), 'Min': np.float64(0.0), 'Mean': np.float64(0.9999192635483074), 'Std': np.float64(0.008984055522054932)}
2024-11-09 16:42:48,471 - INFO - Top 10 Mean Stats: {'Max': np.float64(4.203581926986999e-15), 'Min': np.float64(-4.375666495803898e-15), 'Mean': np.float64(3.615684140978459e-16), 'Std': np.float64(3.0628272072367668e-15)}
2024-11-09 16:42:48,471 - INFO - Top 10 Std Stats: {'Max': np.float64(0.9999999952337424), 'Min': np.float64(0.9999999945697248), 'Mean': np.float64(0.9999999948212424), 'Std': np.float64(2.0862037469803693e-10)}
2024-11-09 16:42:48,471 - INFO - Bottom 10 Mean Stats: {'Max': np.float64(92.0), 'Min': np.float64(29.0), 'Mean': np.float64(63.7), 'Std': np.float64(22.671788636982306)}
2024-11-09 16:42:48,471 - INFO - Bottom 10 Std Stats: {'Max': np.float64(0.0), 'Min': np.float64(0.0), 'Mean': np.float64(0.0), 'Std': np.float64(0.0)}
[I 2024-11-09 16:42:48,510] Trial 13 finished with value: 63.0 and parameters: {'x_0': -2, 'x_1': -4, 'x_2': 3, 'x_3': -5, 'x_4': 3}. Best is trial 3 with value: 15.0.
2024-11-09 16:42:58,167 - INFO - Candidate Mean Stats: {'Max': np.float64(92.0), 'Min': np.float64(-7.38076266770804e-14), 'Mean': np.float64(0.004743838908171954), 'Std': np.float64(0.5633539202733313)}
2024-11-09 16:42:58,168 - INFO - Candidate Std Stats: {'Max': np.float64(0.9999999956710054), 'Min': np.float64(0.0), 'Mean': np.float64(0.999913054300189), 'Std': np.float64(0.009323166075635188)}
2024-11-09 16:42:58,198 - INFO - Top 10 Mean Stats: {'Max': np.float64(3.8635761256955444e-15), 'Min': np.float64(-5.3734794391857575e-15), 'Mean': np.float64(-7.815970093361103e-16), 'Std': np.float64(2.5831490187177452e-15)}
2024-11-09 16:42:58,198 - INFO - Top 10 Std Stats: {'Max': np.float64(0.9999999956710054), 'Min': np.float64(0.9999999949447113), 'Mean': np.float64(0.999999995261039), 'Std': np.float64(2.257439377449099e-10)}
2024-11-09 16:42:58,198 - INFO - Bottom 10 Mean Stats: {'Max': np.float64(92.0), 'Min': np.float64(34.0), 'Mean': np.float64(67.1), 'Std': np.float64(19.54712255039089)}
2024-11-09 16:42:58,198 - INFO - Bottom 10 Std Stats: {'Max': np.float64(0.0), 'Min': np.float64(0.0), 'Mean': np.float64(0.0), 'Std': np.float64(0.0)}
[I 2024-11-09 16:42:58,238] Trial 14 finished with value: 40.0 and parameters: {'x_0': 0, 'x_1': -4, 'x_2': 2, 'x_3': -4, 'x_4': 2}. Best is trial 3 with value: 15.0.
2024-11-09 16:43:07,585 - INFO - Candidate Mean Stats: {'Max': np.float64(92.0), 'Min': np.float64(-7.571721027943568e-14), 'Mean': np.float64(0.004992207437395611), 'Std': np.float64(0.572101356866741)}
2024-11-09 16:43:07,598 - INFO - Candidate Std Stats: {'Max': np.float64(0.9999999957009009), 'Min': np.float64(0.0), 'Mean': np.float64(0.9999068447130067), 'Std': np.float64(0.009650363752299732)}
2024-11-09 16:43:07,645 - INFO - Top 10 Mean Stats: {'Max': np.float64(5.5622173533720344e-15), 'Min': np.float64(-4.840572387365683e-15), 'Mean': np.float64(-4.408973186542653e-16), 'Std': np.float64(2.664510109105288e-15)}
2024-11-09 16:43:07,645 - INFO - Top 10 Std Stats: {'Max': np.float64(0.9999999957009009), 'Min': np.float64(0.9999999949582372), 'Mean': np.float64(0.999999995255585), 'Std': np.float64(2.333713526710373e-10)}
2024-11-09 16:43:07,646 - INFO - Bottom 10 Mean Stats: {'Max': np.float64(92.0), 'Min': np.float64(40.0), 'Mean': np.float64(67.7), 'Std': np.float64(18.59058901702687)}
2024-11-09 16:43:07,646 - INFO - Bottom 10 Std Stats: {'Max': np.float64(0.0), 'Min': np.float64(0.0), 'Mean': np.float64(0.0), 'Std': np.float64(0.0)}
