[I 2024-11-09 16:48:19,960] Trial 47 finished with value: 75.0 and parameters: {'x_0': 0, 'x_1': 5, 'x_2': -4, 'x_3': -3, 'x_4': 5}. Best is trial 10 with value: 9.0.
2024-11-09 16:48:28,099 - INFO - Candidate Mean Stats: {'Max': np.float64(116.0), 'Min': np.float64(-5.258571356137054e-14), 'Mean': np.float64(0.013952102129139192), 'Std': np.float64(0.8810005089140025)}
2024-11-09 16:48:28,101 - INFO - Candidate Std Stats: {'Max': np.float64(0.9999999976439935), 'Min': np.float64(0.0), 'Mean': np.float64(0.9997019456311935), 'Std': np.float64(0.017261326677338373)}
2024-11-09 16:48:28,129 - INFO - Top 10 Mean Stats: {'Max': np.float64(2.220446049250313e-15), 'Min': np.float64(-3.108624468950438e-16), 'Mean': np.float64(8.038014698286133e-16), 'Std': np.float64(7.516660840040072e-16)}
2024-11-09 16:48:28,130 - INFO - Top 10 Std Stats: {'Max': np.float64(0.9999999976439935), 'Min': np.float64(0.9999999972181204), 'Mean': np.float64(0.9999999974982459), 'Std': np.float64(1.449749153018925e-10)}
2024-11-09 16:48:28,130 - INFO - Bottom 10 Mean Stats: {'Max': np.float64(116.0), 'Min': np.float64(63.0), 'Mean': np.float64(75.7), 'Std': np.float64(14.31817027416562)}
2024-11-09 16:48:28,130 - INFO - Bottom 10 Std Stats: {'Max': np.float64(0.0), 'Min': np.float64(0.0), 'Mean': np.float64(0.0), 'Std': np.float64(0.0)}
[I 2024-11-09 16:48:28,165] Trial 48 finished with value: 32.0 and parameters: {'x_0': 3, 'x_1': 3, 'x_2': -3, 'x_3': 2, 'x_4': -1}. Best is trial 10 with value: 9.0.
2024-11-09 16:48:36,435 - INFO - Candidate Mean Stats: {'Max': np.float64(116.0), 'Min': np.float64(-6.112055306317643e-14), 'Mean': np.float64(0.014150796952518132), 'Std': np.float64(0.8845985231472454)}
2024-11-09 16:48:36,436 - INFO - Candidate Std Stats: {'Max': np.float64(0.999999996973358), 'Min': np.float64(0.0), 'Mean': np.float64(0.9996957368475886), 'Std': np.float64(0.01744015115282035)}
2024-11-09 16:48:36,473 - INFO - Top 10 Mean Stats: {'Max': np.float64(3.6193270602780105e-15), 'Min': np.float64(-3.201605647262795e-15), 'Mean': np.float64(-8.388949257476241e-16), 'Std': np.float64(1.7500757567295269e-15)}
2024-11-09 16:48:36,474 - INFO - Top 10 Std Stats: {'Max': np.float64(0.999999996973358), 'Min': np.float64(0.999999996112997), 'Mean': np.float64(0.9999999964754901), 'Std': np.float64(3.0574422778272866e-10)}
2024-11-09 16:48:36,474 - INFO - Bottom 10 Mean Stats: {'Max': np.float64(116.0), 'Min': np.float64(63.0), 'Mean': np.float64(75.7), 'Std': np.float64(14.31817027416562)}
2024-11-09 16:48:36,475 - INFO - Bottom 10 Std Stats: {'Max': np.float64(0.0), 'Min': np.float64(0.0), 'Mean': np.float64(0.0), 'Std': np.float64(0.0)}
[I 2024-11-09 16:48:36,510] Trial 49 finished with value: 36.0 and parameters: {'x_0': 1, 'x_1': -3, 'x_2': 0, 'x_3': 1, 'x_4': 5}. Best is trial 10 with value: 9.0.
2024-11-09 16:48:44,402 - INFO - Candidate Mean Stats: {'Max': np.float64(116.0), 'Min': np.float64(-6.937783680882603e-14), 'Mean': np.float64(0.014374328628819396), 'Std': np.float64(0.8891317738288272)}
2024-11-09 16:48:44,403 - INFO - Candidate Std Stats: {'Max': np.float64(0.9999999966479098), 'Min': np.float64(0.0), 'Mean': np.float64(0.9996895271443547), 'Std': np.float64(0.017617158344513176)}
2024-11-09 16:48:44,437 - INFO - Top 10 Mean Stats: {'Max': np.float64(4.740652315149419e-15), 'Min': np.float64(-3.930189507173054e-15), 'Mean': np.float64(-6.92224055853785e-16), 'Std': np.float64(2.288714465452428e-15)}
2024-11-09 16:48:44,437 - INFO - Top 10 Std Stats: {'Max': np.float64(0.9999999966479098), 'Min': np.float64(0.9999999960523996), 'Mean': np.float64(0.9999999962896249), 'Std': np.float64(1.7464806914936447e-10)}
2024-11-09 16:48:44,437 - INFO - Bottom 10 Mean Stats: {'Max': np.float64(116.0), 'Min': np.float64(63.0), 'Mean': np.float64(75.7), 'Std': np.float64(14.31817027416562)}
2024-11-09 16:48:44,437 - INFO - Bottom 10 Std Stats: {'Max': np.float64(0.0), 'Min': np.float64(0.0), 'Mean': np.float64(0.0), 'Std': np.float64(0.0)}
[I 2024-11-09 16:48:44,474] Trial 50 finished with value: 45.0 and parameters: {'x_0': 3, 'x_1': -4, 'x_2': 0, 'x_3': -4, 'x_4': -2}. Best is trial 10 with value: 9.0.
2024-11-09 16:48:52,787 - INFO - Candidate Mean Stats: {'Max': np.float64(116.0), 'Min': np.float64(-7.89618370689027e-14), 'Mean': np.float64(0.014653743224196084), 'Std': np.float64(0.8961701050341911)}
2024-11-09 16:48:52,789 - INFO - Candidate Std Stats: {'Max': np.float64(0.9999999966419032), 'Min': np.float64(0.0), 'Mean': np.float64(0.9996833180284147), 'Std': np.float64(0.01779240251593933)}
2024-11-09 16:48:52,815 - INFO - Top 10 Mean Stats: {'Max': np.float64(1.7763568394002505e-15), 'Min': np.float64(-4.596323321948148e-15), 'Mean': np.float64(-8.348877145181178e-16), 'Std': np.float64(1.7044060563724262e-15)}
2024-11-09 16:48:52,815 - INFO - Top 10 Std Stats: {'Max': np.float64(0.9999999966419032), 'Min': np.float64(0.9999999961901034), 'Mean': np.float64(0.999999996351353), 'Std': np.float64(1.3200413167821996e-10)}
2024-11-09 16:48:52,816 - INFO - Bottom 10 Mean Stats: {'Max': np.float64(116.0), 'Min': np.float64(63.0), 'Mean': np.float64(75.7), 'Std': np.float64(14.31817027416562)}
2024-11-09 16:48:52,816 - INFO - Bottom 10 Std Stats: {'Max': np.float64(0.0), 'Min': np.float64(0.0), 'Mean': np.float64(0.0), 'Std': np.float64(0.0)}
[I 2024-11-09 16:48:52,852] Trial 51 finished with value: 11.0 and parameters: {'x_0': -2, 'x_1': 1, 'x_2': 1, 'x_3': -1, 'x_4': 2}. Best is trial 10 with value: 9.0.
2024-11-09 16:49:01,341 - INFO - Candidate Mean Stats: {'Max': np.float64(116.0), 'Min': np.float64(-6.983580380648391e-14), 'Mean': np.float64(0.014722044569732553), 'Std': np.float64(0.8965880690440077)}
2024-11-09 16:49:01,341 - INFO - Candidate Std Stats: {'Max': np.float64(0.9999999961366715), 'Min': np.float64(0.0), 'Mean': np.float64(0.9996771088805989), 'Std': np.float64(0.017965935247460162)}
2024-11-09 16:49:01,375 - INFO - Top 10 Mean Stats: {'Max': np.float64(3.0642155479654322e-15), 'Min': np.float64(-4.690692279041286e-15), 'Mean': np.float64(-7.266409696171649e-16), 'Std': np.float64(2.7246900327411793e-15)}
2024-11-09 16:49:01,375 - INFO - Top 10 Std Stats: {'Max': np.float64(0.9999999961366715), 'Min': np.float64(0.9999999959054889), 'Mean': np.float64(0.9999999960388447), 'Std': np.float64(7.681503998521902e-11)}
2024-11-09 16:49:01,375 - INFO - Bottom 10 Mean Stats: {'Max': np.float64(116.0), 'Min': np.float64(63.0), 'Mean': np.float64(75.7), 'Std': np.float64(14.31817027416562)}
2024-11-09 16:49:01,375 - INFO - Bottom 10 Std Stats: {'Max': np.float64(0.0), 'Min': np.float64(0.0), 'Mean': np.float64(0.0), 'Std': np.float64(0.0)}
[I 2024-11-09 16:49:01,410] Trial 52 finished with value: 61.0 and parameters: {'x_0': -4, 'x_1': -4, 'x_2': 2, 'x_3': 3, 'x_4': -4}. Best is trial 10 with value: 9.0.
2024-11-09 16:49:09,898 - INFO - Candidate Mean Stats: {'Max': np.float64(116.0), 'Min': np.float64(-6.15785200608343e-14), 'Mean': np.float64(0.015100806576798635), 'Std': np.float64(0.909375253797978)}
2024-11-09 16:49:09,899 - INFO - Candidate Std Stats: {'Max': np.float64(0.9999999971946526), 'Min': np.float64(0.0), 'Mean': np.float64(0.999670899632359), 'Std': np.float64(0.01813780566026474)}
2024-11-09 16:49:09,930 - INFO - Top 10 Mean Stats: {'Max': np.float64(3.3861802251067274e-15), 'Min': np.float64(-2.964295475749168e-15), 'Mean': np.float64(-9.05386876581815e-16), 'Std': np.float64(1.775991555814587e-15)}
2024-11-09 16:49:09,930 - INFO - Top 10 Std Stats: {'Max': np.float64(0.9999999971946526), 'Min': np.float64(0.9999999968384241), 'Mean': np.float64(0.9999999969824398), 'Std': np.float64(1.130324263103675e-10)}
2024-11-09 16:49:09,930 - INFO - Bottom 10 Mean Stats: {'Max': np.float64(116.0), 'Min': np.float64(63.0), 'Mean': np.float64(75.7), 'Std': np.float64(14.31817027416562)}
2024-11-09 16:49:09,930 - INFO - Bottom 10 Std Stats: {'Max': np.float64(0.0), 'Min': np.float64(0.0), 'Mean': np.float64(0.0), 'Std': np.float64(0.0)}
[I 2024-11-09 16:49:09,970] Trial 53 finished with value: 44.0 and parameters: {'x_0': -5, 'x_1': -3, 'x_2': -3, 'x_3': 0, 'x_4': 1}. Best is trial 10 with value: 9.0.
2024-11-09 16:49:18,204 - INFO - Candidate Mean Stats: {'Max': np.float64(116.0), 'Min': np.float64(-5.24691401437849e-14), 'Mean': np.float64(0.015374011958944679), 'Std': np.float64(0.915956365309024)}
2024-11-09 16:49:18,206 - INFO - Candidate Std Stats: {'Max': np.float64(0.9999999967167283), 'Min': np.float64(0.0), 'Mean': np.float64(0.9996646906406055), 'Std': np.float64(0.018308060576849784)}
2024-11-09 16:49:18,234 - INFO - Top 10 Mean Stats: {'Max': np.float64(3.68594044175552e-15), 'Min': np.float64(-3.3029134982598407e-15), 'Mean': np.float64(-1.9373391779708993e-16), 'Std': np.float64(2.2797551238884176e-15)}
2024-11-09 16:49:18,234 - INFO - Top 10 Std Stats: {'Max': np.float64(0.9999999967167283), 'Min': np.float64(0.9999999964188315), 'Mean': np.float64(0.9999999965414282), 'Std': np.float64(8.75318716406344e-11)}
2024-11-09 16:49:18,234 - INFO - Bottom 10 Mean Stats: {'Max': np.float64(116.0), 'Min': np.float64(63.0), 'Mean': np.float64(75.7), 'Std': np.float64(14.31817027416562)}
2024-11-09 16:49:18,234 - INFO - Bottom 10 Std Stats: {'Max': np.float64(0.0), 'Min': np.float64(0.0), 'Mean': np.float64(0.0), 'Std': np.float64(0.0)}
[I 2024-11-09 16:49:18,270] Trial 54 finished with value: 50.0 and parameters: {'x_0': -4, 'x_1': 2, 'x_2': -5, 'x_3': -1, 'x_4': -2}. Best is trial 10 with value: 9.0.
2024-11-09 16:49:24,529 - INFO - Candidate Mean Stats: {'Max': np.float64(116.0), 'Min': np.float64(-5.905276267981207e-14), 'Mean': np.float64(0.01568447262047428), 'Std': np.float64(0.9243859874473046)}
2024-11-09 16:49:24,530 - INFO - Candidate Std Stats: {'Max': np.float64(0.9999999966086323), 'Min': np.float64(0.0), 'Mean': np.float64(0.9996584817077695), 'Std': np.float64(0.01847674465209592)}
2024-11-09 16:49:24,559 - INFO - Top 10 Mean Stats: {'Max': np.float64(2.3314683517128287e-15), 'Min': np.float64(-2.1649348980190553e-15), 'Mean': np.float64(6.784243306023897e-16), 'Std': np.float64(1.251719959105009e-15)}
2024-11-09 16:49:24,559 - INFO - Top 10 Std Stats: {'Max': np.float64(0.9999999966086323), 'Min': np.float64(0.9999999963597964), 'Mean': np.float64(0.9999999964502496), 'Std': np.float64(8.210983002656916e-11)}
2024-11-09 16:49:24,559 - INFO - Bottom 10 Mean Stats: {'Max': np.float64(116.0), 'Min': np.float64(63.0), 'Mean': np.float64(75.7), 'Std': np.float64(14.31817027416562)}
2024-11-09 16:49:24,559 - INFO - Bottom 10 Std Stats: {'Max': np.float64(0.0), 'Min': np.float64(0.0), 'Mean': np.float64(0.0), 'Std': np.float64(0.0)}
[I 2024-11-09 16:49:24,598] Trial 55 finished with value: 79.0 and parameters: {'x_0': -5, 'x_1': -2, 'x_2': 0, 'x_3': -5, 'x_4': 5}. Best is trial 10 with value: 9.0.
2024-11-09 16:49:34,414 - INFO - Candidate Mean Stats: {'Max': np.float64(116.0), 'Min': np.float64(-6.611378111642807e-14), 'Mean': np.float64(0.016175000465690946), 'Std': np.float64(0.9451060922469854)}
2024-11-09 16:49:34,416 - INFO - Candidate Std Stats: {'Max': np.float64(0.9999999966274649), 'Min': np.float64(0.0), 'Mean': np.float64(0.9996522724456257), 'Std': np.float64(0.018643900516286914)}
2024-11-09 16:49:34,460 - INFO - Top 10 Mean Stats: {'Max': np.float64(4.246603069191224e-15), 'Min': np.float64(-2.55351295663786e-16), 'Mean': np.float64(1.4366285938649527e-15), 'Std': np.float64(1.3904054142261248e-15)}
2024-11-09 16:49:34,461 - INFO - Top 10 Std Stats: {'Max': np.float64(0.9999999966274649), 'Min': np.float64(0.9999999960999784), 'Mean': np.float64(0.9999999962703041), 'Std': np.float64(1.6448598904351662e-10)}
2024-11-09 16:49:34,461 - INFO - Bottom 10 Mean Stats: {'Max': np.float64(116.0), 'Min': np.float64(63.0), 'Mean': np.float64(77.3), 'Std': np.float64(13.689777207829206)}
2024-11-09 16:49:34,461 - INFO - Bottom 10 Std Stats: {'Max': np.float64(0.0), 'Min': np.float64(0.0), 'Mean': np.float64(0.0), 'Std': np.float64(0.0)}
[I 2024-11-09 16:49:34,498] Trial 56 finished with value: 34.0 and parameters: {'x_0': -1, 'x_1': -2, 'x_2': -3, 'x_3': -2, 'x_4': -4}. Best is trial 10 with value: 9.0.
2024-11-09 16:49:44,571 - INFO - Candidate Mean Stats: {'Max': np.float64(116.0), 'Min': np.float64(-7.396305790052793e-14), 'Mean': np.float64(0.016386113715531114), 'Std': np.float64(0.9488922499495388)}
2024-11-09 16:49:44,573 - INFO - Candidate Std Stats: {'Max': np.float64(0.9999999987298246), 'Min': np.float64(0.0), 'Mean': np.float64(0.9996460628617538), 'Std': np.float64(0.018809568911754688)}
2024-11-09 16:49:44,614 - INFO - Top 10 Mean Stats: {'Max': np.float64(1.8596235662471372e-15), 'Min': np.float64(-2.1149748619109233e-15), 'Mean': np.float64(8.326672684688595e-19), 'Std': np.float64(1.0271873557058348e-15)}
2024-11-09 16:49:44,614 - INFO - Top 10 Std Stats: {'Max': np.float64(0.9999999987298246), 'Min': np.float64(0.9999999981311475), 'Mean': np.float64(0.9999999983839528), 'Std': np.float64(1.824319395075239e-10)}
2024-11-09 16:49:44,614 - INFO - Bottom 10 Mean Stats: {'Max': np.float64(116.0), 'Min': np.float64(63.0), 'Mean': np.float64(77.3), 'Std': np.float64(13.689777207829206)}
2024-11-09 16:49:44,615 - INFO - Bottom 10 Std Stats: {'Max': np.float64(0.0), 'Min': np.float64(0.0), 'Mean': np.float64(0.0), 'Std': np.float64(0.0)}
[I 2024-11-09 16:49:44,653] Trial 57 finished with value: 25.0 and parameters: {'x_0': 0, 'x_1': 2, 'x_2': 2, 'x_3': -1, 'x_4': 4}. Best is trial 10 with value: 9.0.
2024-11-09 16:49:54,070 - INFO - Candidate Mean Stats: {'Max': np.float64(116.0), 'Min': np.float64(-5.70321567749943e-14), 'Mean': np.float64(0.0165413440462959), 'Std': np.float64(0.9509322525518094)}
2024-11-09 16:49:54,072 - INFO - Candidate Std Stats: {'Max': np.float64(0.9999999971978089), 'Min': np.float64(0.0), 'Mean': np.float64(0.9996398535416374), 'Std': np.float64(0.018973788812543507)}
2024-11-09 16:49:54,101 - INFO - Top 10 Mean Stats: {'Max': np.float64(2.9740099272146382e-15), 'Min': np.float64(-3.2085445411667022e-15), 'Mean': np.float64(7.341349750333849e-17), 'Std': np.float64(1.9626487854357453e-15)}
2024-11-09 16:49:54,101 - INFO - Top 10 Std Stats: {'Max': np.float64(0.9999999971978089), 'Min': np.float64(0.999999996449517), 'Mean': np.float64(0.9999999966860903), 'Std': np.float64(2.1389025405325774e-10)}
2024-11-09 16:49:54,101 - INFO - Bottom 10 Mean Stats: {'Max': np.float64(116.0), 'Min': np.float64(63.0), 'Mean': np.float64(77.3), 'Std': np.float64(13.689777207829206)}
2024-11-09 16:49:54,102 - INFO - Bottom 10 Std Stats: {'Max': np.float64(0.0), 'Min': np.float64(0.0), 'Mean': np.float64(0.0), 'Std': np.float64(0.0)}
[I 2024-11-09 16:49:54,146] Trial 58 finished with value: 47.0 and parameters: {'x_0': -1, 'x_1': -5, 'x_2': 1, 'x_3': -4, 'x_4': 2}. Best is trial 10 with value: 9.0.
2024-11-09 16:50:01,310 - INFO - Candidate Mean Stats: {'Max': np.float64(116.0), 'Min': np.float64(-6.098455074265984e-14), 'Mean': np.float64(0.01683317706813367), 'Std': np.float64(0.9581119773712702)}
2024-11-09 16:50:01,311 - INFO - Candidate Std Stats: {'Max': np.float64(0.9999999975159461), 'Min': np.float64(0.0), 'Mean': np.float64(0.9996336443403637), 'Std': np.float64(0.01913659750675952)}
2024-11-09 16:50:01,359 - INFO - Top 10 Mean Stats: {'Max': np.float64(2.681188604469753e-15), 'Min': np.float64(-2.989275493803234e-15), 'Mean': np.float64(1.248653958008105e-16), 'Std': np.float64(1.6345003766952824e-15)}
2024-11-09 16:50:01,359 - INFO - Top 10 Std Stats: {'Max': np.float64(0.9999999975159461), 'Min': np.float64(0.9999999967510375), 'Mean': np.float64(0.9999999970779919), 'Std': np.float64(2.3803819760137633e-10)}
2024-11-09 16:50:01,359 - INFO - Bottom 10 Mean Stats: {'Max': np.float64(116.0), 'Min': np.float64(63.0), 'Mean': np.float64(77.3), 'Std': np.float64(13.689777207829206)}
2024-11-09 16:50:01,360 - INFO - Bottom 10 Std Stats: {'Max': np.float64(0.0), 'Min': np.float64(0.0), 'Mean': np.float64(0.0), 'Std': np.float64(0.0)}
[I 2024-11-09 16:50:01,397] Trial 59 finished with value: 29.0 and parameters: {'x_0': -2, 'x_1': -2, 'x_2': 1, 'x_3': 4, 'x_4': 2}. Best is trial 10 with value: 9.0.
2024-11-09 16:50:09,915 - INFO - Candidate Mean Stats: {'Max': np.float64(116.0), 'Min': np.float64(-8.968381592922014e-14), 'Mean': np.float64(0.017013244251820846), 'Std': np.float64(0.9608300655576136)}
2024-11-09 16:50:09,916 - INFO - Candidate Std Stats: {'Max': np.float64(0.9999999962184349), 'Min': np.float64(0.0), 'Mean': np.float64(0.9996274354360164), 'Std': np.float64(0.019298030715109483)}
2024-11-09 16:50:09,953 - INFO - Top 10 Mean Stats: {'Max': np.float64(3.874678355941796e-15), 'Min': np.float64(-4.540118281326499e-15), 'Mean': np.float64(9.686348945159295e-16), 'Std': np.float64(2.6402325739195085e-15)}
2024-11-09 16:50:09,953 - INFO - Top 10 Std Stats: {'Max': np.float64(0.9999999962184349), 'Min': np.float64(0.9999999958344943), 'Mean': np.float64(0.9999999959858205), 'Std': np.float64(1.1599767710135954e-10)}
2024-11-09 16:50:09,955 - INFO - Bottom 10 Mean Stats: {'Max': np.float64(116.0), 'Min': np.float64(63.0), 'Mean': np.float64(77.3), 'Std': np.float64(13.689777207829206)}
2024-11-09 16:50:09,957 - INFO - Bottom 10 Std Stats: {'Max': np.float64(0.0), 'Min': np.float64(0.0), 'Mean': np.float64(0.0), 'Std': np.float64(0.0)}
[I 2024-11-09 16:50:09,989] Trial 60 finished with value: 26.0 and parameters: {'x_0': -2, 'x_1': 3, 'x_2': 0, 'x_3': 2, 'x_4': 3}. Best is trial 10 with value: 9.0.
2024-11-09 16:50:18,139 - INFO - Candidate Mean Stats: {'Max': np.float64(116.0), 'Min': np.float64(-5.652145418366672e-14), 'Mean': np.float64(0.01717468379581625), 'Std': np.float64(0.9630089946307948)}
2024-11-09 16:50:18,140 - INFO - Candidate Std Stats: {'Max': np.float64(0.9999999969454676), 'Min': np.float64(0.0), 'Mean': np.float64(0.9996212263986349), 'Std': np.float64(0.019458122664459242)}
2024-11-09 16:50:18,178 - INFO - Top 10 Mean Stats: {'Max': np.float64(3.485406407932601e-15), 'Min': np.float64(-2.3869795029440866e-15), 'Mean': np.float64(3.8156977577585845e-16), 'Std': np.float64(2.106371219787788e-15)}
2024-11-09 16:50:18,178 - INFO - Top 10 Std Stats: {'Max': np.float64(0.9999999969454676), 'Min': np.float64(0.9999999965150478), 'Mean': np.float64(0.9999999966912118), 'Std': np.float64(1.5336151585751108e-10)}
2024-11-09 16:50:18,179 - INFO - Bottom 10 Mean Stats: {'Max': np.float64(116.0), 'Min': np.float64(63.0), 'Mean': np.float64(77.3), 'Std': np.float64(13.689777207829206)}
2024-11-09 16:50:18,179 - INFO - Bottom 10 Std Stats: {'Max': np.float64(0.0), 'Min': np.float64(0.0), 'Mean': np.float64(0.0), 'Std': np.float64(0.0)}
[I 2024-11-09 16:50:18,221] Trial 61 finished with value: 91.0 and parameters: {'x_0': -5, 'x_1': -4, 'x_2': -3, 'x_3': -5, 'x_4': -4}. Best is trial 10 with value: 9.0.
2024-11-09 16:50:24,395 - INFO - Candidate Mean Stats: {'Max': np.float64(116.0), 'Min': np.float64(-5.818678872060446e-14), 'Mean': np.float64(0.01773972219980005), 'Std': np.float64(0.9893356814156167)}
2024-11-09 16:50:24,395 - INFO - Candidate Std Stats: {'Max': np.float64(0.9999999964706492), 'Min': np.float64(0.0), 'Mean': np.float64(0.9996150162505512), 'Std': np.float64(0.019616906173235124)}
2024-11-09 16:50:24,426 - INFO - Top 10 Mean Stats: {'Max': np.float64(3.2862601528904635e-15), 'Min': np.float64(-4.9127368839663175e-16), 'Mean': np.float64(1.4423878758051958e-15), 'Std': np.float64(1.3153245754207577e-15)}
2024-11-09 16:50:24,426 - INFO - Top 10 Std Stats: {'Max': np.float64(0.9999999964706492), 'Min': np.float64(0.9999999960195292), 'Mean': np.float64(0.999999996250534), 'Std': np.float64(1.6287847945250465e-10)}
2024-11-09 16:50:24,426 - INFO - Bottom 10 Mean Stats: {'Max': np.float64(116.0), 'Min': np.float64(69.0), 'Mean': np.float64(80.1), 'Std': np.float64(13.337541002748596)}
2024-11-09 16:50:24,426 - INFO - Bottom 10 Std Stats: {'Max': np.float64(0.0), 'Min': np.float64(0.0), 'Mean': np.float64(0.0), 'Std': np.float64(0.0)}
[I 2024-11-09 16:50:24,461] Trial 62 finished with value: 71.0 and parameters: {'x_0': 2, 'x_1': 5, 'x_2': -5, 'x_3': -4, 'x_4': 1}. Best is trial 10 with value: 9.0.
2024-11-09 16:50:31,475 - INFO - Candidate Mean Stats: {'Max': np.float64(116.0), 'Min': np.float64(-6.240563621418005e-14), 'Mean': np.float64(0.018180576339172062), 'Std': np.float64(1.0050223374657978)}
2024-11-09 16:50:31,476 - INFO - Candidate Std Stats: {'Max': np.float64(0.9999999960363963), 'Min': np.float64(0.0), 'Mean': np.float64(0.9996088074971218), 'Std': np.float64(0.019774412809312927)}
2024-11-09 16:50:31,504 - INFO - Top 10 Mean Stats: {'Max': np.float64(3.819167204710538e-15), 'Min': np.float64(-2.0872192862952944e-15), 'Mean': np.float64(1.5804024755539107e-15), 'Std': np.float64(1.753924083225849e-15)}
2024-11-09 16:50:31,504 - INFO - Top 10 Std Stats: {'Max': np.float64(0.9999999960363963), 'Min': np.float64(0.9999999958160429), 'Mean': np.float64(0.9999999959055621), 'Std': np.float64(8.114558882584157e-11)}
2024-11-09 16:50:31,505 - INFO - Bottom 10 Mean Stats: {'Max': np.float64(116.0), 'Min': np.float64(70.0), 'Mean': np.float64(80.3), 'Std': np.float64(13.183702059740277)}
2024-11-09 16:50:31,505 - INFO - Bottom 10 Std Stats: {'Max': np.float64(0.0), 'Min': np.float64(0.0), 'Mean': np.float64(0.0), 'Std': np.float64(0.0)}
