[I 2024-11-09 16:43:09,287] Trial 15 finished with value: 63.0 and parameters: {'x_0': 3, 'x_1': -5, 'x_2': -4, 'x_3': -3, 'x_4': -2}. Best is trial 10 with value: 9.0.
2024-11-09 16:43:20,777 - INFO - Candidate Mean Stats: {'Max': np.float64(116.0), 'Min': np.float64(-5.857536677922326e-14), 'Mean': np.float64(0.00506671799616267), 'Std': np.float64(0.5666699539016892)}
2024-11-09 16:43:20,778 - INFO - Candidate Std Stats: {'Max': np.float64(0.999999997217418), 'Min': np.float64(0.0), 'Mean': np.float64(0.9999006405187701), 'Std': np.float64(0.009966821929939152)}
2024-11-09 16:43:20,809 - INFO - Top 10 Mean Stats: {'Max': np.float64(2.786659791809143e-15), 'Min': np.float64(-1.8762769116165144e-15), 'Mean': np.float64(9.16766662584223e-16), 'Std': np.float64(1.6711503003412073e-15)}
2024-11-09 16:43:20,809 - INFO - Top 10 Std Stats: {'Max': np.float64(0.999999997217418), 'Min': np.float64(0.9999999968192187), 'Mean': np.float64(0.9999999969919019), 'Std': np.float64(1.3029833235974452e-10)}
2024-11-09 16:43:20,809 - INFO - Bottom 10 Mean Stats: {'Max': np.float64(116.0), 'Min': np.float64(40.0), 'Mean': np.float64(65.1), 'Std': np.float64(20.280285994038643)}
2024-11-09 16:43:20,810 - INFO - Bottom 10 Std Stats: {'Max': np.float64(0.0), 'Min': np.float64(0.0), 'Mean': np.float64(0.0), 'Std': np.float64(0.0)}
[I 2024-11-09 16:43:20,849] Trial 16 finished with value: 55.0 and parameters: {'x_0': -4, 'x_1': 3, 'x_2': 2, 'x_3': -1, 'x_4': 5}. Best is trial 10 with value: 9.0.
2024-11-09 16:43:28,825 - INFO - Candidate Mean Stats: {'Max': np.float64(116.0), 'Min': np.float64(-6.792344464656707e-14), 'Mean': np.float64(0.00540822472384524), 'Std': np.float64(0.5830043991378375)}
2024-11-09 16:43:28,826 - INFO - Candidate Std Stats: {'Max': np.float64(0.9999999977355725), 'Min': np.float64(0.0), 'Mean': np.float64(0.9998944313299499), 'Std': np.float64(0.010273532993869239)}
2024-11-09 16:43:28,856 - INFO - Top 10 Mean Stats: {'Max': np.float64(2.242650509742816e-15), 'Min': np.float64(-6.866729407306593e-15), 'Mean': np.float64(-1.4576187479242717e-15), 'Std': np.float64(2.223864033316423e-15)}
2024-11-09 16:43:28,856 - INFO - Top 10 Std Stats: {'Max': np.float64(0.9999999977355725), 'Min': np.float64(0.9999999973315289), 'Mean': np.float64(0.9999999974927624), 'Std': np.float64(1.2032698316590615e-10)}
2024-11-09 16:43:28,857 - INFO - Bottom 10 Mean Stats: {'Max': np.float64(116.0), 'Min': np.float64(41.0), 'Mean': np.float64(66.6), 'Std': np.float64(18.874321179846444)}
2024-11-09 16:43:28,857 - INFO - Bottom 10 Std Stats: {'Max': np.float64(0.0), 'Min': np.float64(0.0), 'Mean': np.float64(0.0), 'Std': np.float64(0.0)}
[I 2024-11-09 16:43:28,904] Trial 17 finished with value: 30.0 and parameters: {'x_0': 0, 'x_1': 3, 'x_2': -4, 'x_3': 1, 'x_4': -2}. Best is trial 10 with value: 9.0.
2024-11-09 16:43:37,737 - INFO - Candidate Mean Stats: {'Max': np.float64(116.0), 'Min': np.float64(-6.121769757783113e-14), 'Mean': np.float64(0.005594501120762981), 'Std': np.float64(0.5877757835888416)}
2024-11-09 16:43:37,739 - INFO - Candidate Std Stats: {'Max': np.float64(0.9999999963554627), 'Min': np.float64(0.0), 'Mean': np.float64(0.9998882218641018), 'Std': np.float64(0.010571345411022667)}
2024-11-09 16:43:37,765 - INFO - Top 10 Mean Stats: {'Max': np.float64(4.4922399133895395e-15), 'Min': np.float64(-3.1724622928663847e-15), 'Mean': np.float64(2.276651089871961e-16), 'Std': np.float64(2.300585317930786e-15)}
2024-11-09 16:43:37,765 - INFO - Top 10 Std Stats: {'Max': np.float64(0.9999999963554627), 'Min': np.float64(0.9999999960289503), 'Mean': np.float64(0.9999999962288474), 'Std': np.float64(1.0215031492165324e-10)}
2024-11-09 16:43:37,765 - INFO - Bottom 10 Mean Stats: {'Max': np.float64(116.0), 'Min': np.float64(41.0), 'Mean': np.float64(66.6), 'Std': np.float64(18.874321179846444)}
2024-11-09 16:43:37,765 - INFO - Bottom 10 Std Stats: {'Max': np.float64(0.0), 'Min': np.float64(0.0), 'Mean': np.float64(0.0), 'Std': np.float64(0.0)}
[I 2024-11-09 16:43:37,807] Trial 18 finished with value: 24.0 and parameters: {'x_0': 3, 'x_1': -1, 'x_2': 1, 'x_3': 3, 'x_4': -2}. Best is trial 10 with value: 9.0.
2024-11-09 16:43:46,915 - INFO - Candidate Mean Stats: {'Max': np.float64(116.0), 'Min': np.float64(-5.886680032318737e-14), 'Mean': np.float64(0.0057435222382972075), 'Std': np.float64(0.5908089276486821)}
2024-11-09 16:43:46,916 - INFO - Candidate Std Stats: {'Max': np.float64(0.9999999969966493), 'Min': np.float64(0.0), 'Mean': np.float64(0.999882012710398), 'Std': np.float64(0.010860991224602785)}
2024-11-09 16:43:46,963 - INFO - Top 10 Mean Stats: {'Max': np.float64(1.887379141862766e-15), 'Min': np.float64(-4.1411318818518336e-15), 'Mean': np.float64(-1.1479706074624118e-15), 'Std': np.float64(1.9569390162858283e-15)}
2024-11-09 16:43:46,963 - INFO - Top 10 Std Stats: {'Max': np.float64(0.9999999969966493), 'Min': np.float64(0.9999999966668932), 'Mean': np.float64(0.9999999968147613), 'Std': np.float64(1.3365135063660742e-10)}
2024-11-09 16:43:46,963 - INFO - Bottom 10 Mean Stats: {'Max': np.float64(116.0), 'Min': np.float64(41.0), 'Mean': np.float64(66.6), 'Std': np.float64(18.874321179846444)}
2024-11-09 16:43:46,963 - INFO - Bottom 10 Std Stats: {'Max': np.float64(0.0), 'Min': np.float64(0.0), 'Mean': np.float64(0.0), 'Std': np.float64(0.0)}
[I 2024-11-09 16:43:47,004] Trial 19 finished with value: 30.0 and parameters: {'x_0': 3, 'x_1': 0, 'x_2': 2, 'x_3': -1, 'x_4': -4}. Best is trial 10 with value: 9.0.
2024-11-09 16:43:56,164 - INFO - Candidate Mean Stats: {'Max': np.float64(116.0), 'Min': np.float64(-6.146888553715258e-14), 'Mean': np.float64(0.005929798635214962), 'Std': np.float64(0.5955176793620537)}
2024-11-09 16:43:56,165 - INFO - Candidate Std Stats: {'Max': np.float64(0.9999999976282997), 'Min': np.float64(0.0), 'Mean': np.float64(0.9998758038651417), 'Std': np.float64(0.011143107283521587)}
2024-11-09 16:43:56,196 - INFO - Top 10 Mean Stats: {'Max': np.float64(1.5210055437364644e-15), 'Min': np.float64(-4.2299497238218466e-15), 'Mean': np.float64(-1.3547496457988473e-15), 'Std': np.float64(1.807505844187325e-15)}
2024-11-09 16:43:56,197 - INFO - Top 10 Std Stats: {'Max': np.float64(0.9999999976282997), 'Min': np.float64(0.999999996913744), 'Mean': np.float64(0.9999999970902855), 'Std': np.float64(2.0063445781473771e-10)}
2024-11-09 16:43:56,197 - INFO - Bottom 10 Mean Stats: {'Max': np.float64(116.0), 'Min': np.float64(41.0), 'Mean': np.float64(66.6), 'Std': np.float64(18.874321179846444)}
2024-11-09 16:43:56,197 - INFO - Bottom 10 Std Stats: {'Max': np.float64(0.0), 'Min': np.float64(0.0), 'Mean': np.float64(0.0), 'Std': np.float64(0.0)}
[I 2024-11-09 16:43:56,239] Trial 20 finished with value: 55.0 and parameters: {'x_0': 3, 'x_1': -1, 'x_2': 2, 'x_3': -5, 'x_4': -4}. Best is trial 10 with value: 9.0.
2024-11-09 16:44:03,723 - INFO - Candidate Mean Stats: {'Max': np.float64(116.0), 'Min': np.float64(-7.600031715071509e-14), 'Mean': np.float64(0.006271305362897464), 'Std': np.float64(0.6110810172932921)}
2024-11-09 16:44:03,724 - INFO - Candidate Std Stats: {'Max': np.float64(0.9999999973986312), 'Min': np.float64(0.0), 'Mean': np.float64(0.9998695941433382), 'Std': np.float64(0.011418251711848914)}
2024-11-09 16:44:03,752 - INFO - Top 10 Mean Stats: {'Max': np.float64(4.440892098500626e-15), 'Min': np.float64(-3.8524738954492935e-15), 'Mean': np.float64(-4.740652315149419e-16), 'Std': np.float64(2.277922529831222e-15)}
2024-11-09 16:44:03,753 - INFO - Top 10 Std Stats: {'Max': np.float64(0.9999999973986312), 'Min': np.float64(0.9999999968122221), 'Mean': np.float64(0.999999997089852), 'Std': np.float64(1.9364316744884967e-10)}
2024-11-09 16:44:03,753 - INFO - Bottom 10 Mean Stats: {'Max': np.float64(116.0), 'Min': np.float64(55.0), 'Mean': np.float64(68.0), 'Std': np.float64(17.383900597967074)}
2024-11-09 16:44:03,753 - INFO - Bottom 10 Std Stats: {'Max': np.float64(0.0), 'Min': np.float64(0.0), 'Mean': np.float64(0.0), 'Std': np.float64(0.0)}
[I 2024-11-09 16:44:03,798] Trial 21 finished with value: 41.0 and parameters: {'x_0': -4, 'x_1': 4, 'x_2': 1, 'x_3': -2, 'x_4': -2}. Best is trial 10 with value: 9.0.
2024-11-09 16:44:13,321 - INFO - Candidate Mean Stats: {'Max': np.float64(116.0), 'Min': np.float64(-5.493383525845275e-14), 'Mean': np.float64(0.00652588310535168), 'Std': np.float64(0.6195598754418166)}
2024-11-09 16:44:13,323 - INFO - Candidate Std Stats: {'Max': np.float64(0.9999999965005395), 'Min': np.float64(0.0), 'Mean': np.float64(0.999863385045551), 'Std': np.float64(0.011686916934221789)}
2024-11-09 16:44:13,353 - INFO - Top 10 Mean Stats: {'Max': np.float64(7.049916206369744e-16), 'Min': np.float64(-5.662137425588298e-15), 'Mean': np.float64(-1.5344669979100442e-15), 'Std': np.float64(2.2321438790272033e-15)}
2024-11-09 16:44:13,353 - INFO - Top 10 Std Stats: {'Max': np.float64(0.9999999965005395), 'Min': np.float64(0.9999999962060878), 'Mean': np.float64(0.9999999963695159), 'Std': np.float64(9.348165534830226e-11)}
2024-11-09 16:44:13,353 - INFO - Bottom 10 Mean Stats: {'Max': np.float64(116.0), 'Min': np.float64(55.0), 'Mean': np.float64(68.0), 'Std': np.float64(17.383900597967074)}
2024-11-09 16:44:13,353 - INFO - Bottom 10 Std Stats: {'Max': np.float64(0.0), 'Min': np.float64(0.0), 'Mean': np.float64(0.0), 'Std': np.float64(0.0)}
[I 2024-11-09 16:44:13,396] Trial 22 finished with value: 28.0 and parameters: {'x_0': 0, 'x_1': 2, 'x_2': -2, 'x_3': 4, 'x_4': -2}. Best is trial 10 with value: 9.0.
2024-11-09 16:44:22,681 - INFO - Candidate Mean Stats: {'Max': np.float64(116.0), 'Min': np.float64(-5.681011217006926e-14), 'Mean': np.float64(0.006699741075808316), 'Std': np.float64(0.6234742681539349)}
2024-11-09 16:44:22,682 - INFO - Candidate Std Stats: {'Max': np.float64(0.9999999969671057), 'Min': np.float64(0.0), 'Mean': np.float64(0.999857176048906), 'Std': np.float64(0.011949539975361393)}
2024-11-09 16:44:22,715 - INFO - Top 10 Mean Stats: {'Max': np.float64(2.176037128265307e-15), 'Min': np.float64(-2.5646151868841118e-15), 'Mean': np.float64(2.897682094271659e-16), 'Std': np.float64(1.4878491190663757e-15)}
2024-11-09 16:44:22,715 - INFO - Top 10 Std Stats: {'Max': np.float64(0.9999999969671057), 'Min': np.float64(0.9999999965299098), 'Mean': np.float64(0.999999996713791), 'Std': np.float64(1.3624022693083836e-10)}
2024-11-09 16:44:22,716 - INFO - Bottom 10 Mean Stats: {'Max': np.float64(116.0), 'Min': np.float64(55.0), 'Mean': np.float64(68.0), 'Std': np.float64(17.383900597967074)}
2024-11-09 16:44:22,716 - INFO - Bottom 10 Std Stats: {'Max': np.float64(0.0), 'Min': np.float64(0.0), 'Mean': np.float64(0.0), 'Std': np.float64(0.0)}
[I 2024-11-09 16:44:22,774] Trial 23 finished with value: 51.0 and parameters: {'x_0': 0, 'x_1': -1, 'x_2': -5, 'x_3': -3, 'x_4': -4}. Best is trial 10 with value: 9.0.
2024-11-09 16:44:30,680 - INFO - Candidate Mean Stats: {'Max': np.float64(116.0), 'Min': np.float64(-5.746375597581732e-14), 'Mean': np.float64(0.007016410950568458), 'Std': np.float64(0.6362908007905733)}
2024-11-09 16:44:30,682 - INFO - Candidate Std Stats: {'Max': np.float64(0.9999999965134633), 'Min': np.float64(0.0), 'Mean': np.float64(0.9998509668714666), 'Std': np.float64(0.012206510830739342)}
2024-11-09 16:44:30,715 - INFO - Top 10 Mean Stats: {'Max': np.float64(5.306866057708248e-15), 'Min': np.float64(-5.873079800267078e-15), 'Mean': np.float64(2.078892613610605e-16), 'Std': np.float64(3.0192469864937e-15)}
2024-11-09 16:44:30,715 - INFO - Top 10 Std Stats: {'Max': np.float64(0.9999999965134633), 'Min': np.float64(0.9999999961529163), 'Mean': np.float64(0.9999999962403502), 'Std': np.float64(1.0017637331693591e-10)}
2024-11-09 16:44:30,716 - INFO - Bottom 10 Mean Stats: {'Max': np.float64(116.0), 'Min': np.float64(55.0), 'Mean': np.float64(68.0), 'Std': np.float64(17.383900597967074)}
2024-11-09 16:44:30,716 - INFO - Bottom 10 Std Stats: {'Max': np.float64(0.0), 'Min': np.float64(0.0), 'Mean': np.float64(0.0), 'Std': np.float64(0.0)}
[I 2024-11-09 16:44:30,756] Trial 24 finished with value: 50.0 and parameters: {'x_0': 2, 'x_1': 5, 'x_2': -1, 'x_3': 2, 'x_4': 4}. Best is trial 10 with value: 9.0.
2024-11-09 16:44:39,596 - INFO - Candidate Mean Stats: {'Max': np.float64(116.0), 'Min': np.float64(-8.520406602485764e-14), 'Mean': np.float64(0.0073268716120980125), 'Std': np.float64(0.648370698923228)}
2024-11-09 16:44:39,598 - INFO - Candidate Std Stats: {'Max': np.float64(0.9999999966983453), 'Min': np.float64(0.0), 'Mean': np.float64(0.9998447577837891), 'Std': np.float64(0.012458179265817791)}
2024-11-09 16:44:39,631 - INFO - Top 10 Mean Stats: {'Max': np.float64(1.9012569296705806e-15), 'Min': np.float64(-5.728750807065808e-15), 'Mean': np.float64(-1.0887124535230442e-15), 'Std': np.float64(2.0311974412793553e-15)}
2024-11-09 16:44:39,637 - INFO - Top 10 Std Stats: {'Max': np.float64(0.9999999966983453), 'Min': np.float64(0.9999999962179188), 'Mean': np.float64(0.9999999963794529), 'Std': np.float64(1.3454545027519388e-10)}
2024-11-09 16:44:39,638 - INFO - Bottom 10 Mean Stats: {'Max': np.float64(116.0), 'Min': np.float64(55.0), 'Mean': np.float64(68.0), 'Std': np.float64(17.383900597967074)}
2024-11-09 16:44:39,638 - INFO - Bottom 10 Std Stats: {'Max': np.float64(0.0), 'Min': np.float64(0.0), 'Mean': np.float64(0.0), 'Std': np.float64(0.0)}
[I 2024-11-09 16:44:39,683] Trial 25 finished with value: 33.0 and parameters: {'x_0': -2, 'x_1': 0, 'x_2': 2, 'x_3': 4, 'x_4': -3}. Best is trial 10 with value: 9.0.
2024-11-09 16:44:48,893 - INFO - Candidate Mean Stats: {'Max': np.float64(116.0), 'Min': np.float64(-7.158718062783009e-14), 'Mean': np.float64(0.007531775648707534), 'Std': np.float64(0.6535620489544255)}
2024-11-09 16:44:48,894 - INFO - Candidate Std Stats: {'Max': np.float64(0.9999999972616498), 'Min': np.float64(0.0), 'Mean': np.float64(0.9998385486189523), 'Std': np.float64(0.012704860386761174)}
2024-11-09 16:44:48,926 - INFO - Top 10 Mean Stats: {'Max': np.float64(2.7200464103316335e-15), 'Min': np.float64(-3.2335245592207684e-15), 'Mean': np.float64(3.419486915845482e-16), 'Std': np.float64(1.859734502388179e-15)}
2024-11-09 16:44:48,926 - INFO - Top 10 Std Stats: {'Max': np.float64(0.9999999972616498), 'Min': np.float64(0.9999999964408155), 'Mean': np.float64(0.9999999967695812), 'Std': np.float64(2.5897373722707087e-10)}
2024-11-09 16:44:48,926 - INFO - Bottom 10 Mean Stats: {'Max': np.float64(116.0), 'Min': np.float64(55.0), 'Mean': np.float64(68.0), 'Std': np.float64(17.383900597967074)}
2024-11-09 16:44:48,926 - INFO - Bottom 10 Std Stats: {'Max': np.float64(0.0), 'Min': np.float64(0.0), 'Mean': np.float64(0.0), 'Std': np.float64(0.0)}
[I 2024-11-09 16:44:48,965] Trial 26 finished with value: 77.0 and parameters: {'x_0': -5, 'x_1': -1, 'x_2': 5, 'x_3': -1, 'x_4': -5}. Best is trial 10 with value: 9.0.
2024-11-09 16:44:58,505 - INFO - Candidate Mean Stats: {'Max': np.float64(116.0), 'Min': np.float64(-5.3446136405455033e-14), 'Mean': np.float64(0.0080098850674631), 'Std': np.float64(0.6811390067110477)}
2024-11-09 16:44:58,506 - INFO - Candidate Std Stats: {'Max': np.float64(0.99999999722179), 'Min': np.float64(0.0), 'Mean': np.float64(0.9998323389673787), 'Std': np.float64(0.012946839266951572)}
2024-11-09 16:44:58,552 - INFO - Top 10 Mean Stats: {'Max': np.float64(1.584843367652411e-15), 'Min': np.float64(-3.708144902248023e-15), 'Mean': np.float64(-1.3850032232198827e-15), 'Std': np.float64(1.872562363499627e-15)}
2024-11-09 16:44:58,552 - INFO - Top 10 Std Stats: {'Max': np.float64(0.99999999722179), 'Min': np.float64(0.9999999968528229), 'Mean': np.float64(0.9999999969481529), 'Std': np.float64(1.0115099617134553e-10)}
2024-11-09 16:44:58,552 - INFO - Bottom 10 Mean Stats: {'Max': np.float64(116.0), 'Min': np.float64(55.0), 'Mean': np.float64(70.2), 'Std': np.float64(16.98705389406886)}
2024-11-09 16:44:58,552 - INFO - Bottom 10 Std Stats: {'Max': np.float64(0.0), 'Min': np.float64(0.0), 'Mean': np.float64(0.0), 'Std': np.float64(0.0)}
[I 2024-11-09 16:44:58,608] Trial 27 finished with value: 55.0 and parameters: {'x_0': 1, 'x_1': -2, 'x_2': -4, 'x_3': 5, 'x_4': 3}. Best is trial 10 with value: 9.0.
2024-11-09 16:45:06,384 - INFO - Candidate Mean Stats: {'Max': np.float64(116.0), 'Min': np.float64(-8.548717289613705e-14), 'Mean': np.float64(0.008351391795145637), 'Std': np.float64(0.6947860310913931)}
2024-11-09 16:45:06,386 - INFO - Candidate Std Stats: {'Max': np.float64(0.999999996297574), 'Min': np.float64(0.0), 'Mean': np.float64(0.9998261301244661), 'Std': np.float64(0.013184374832471236)}
2024-11-09 16:45:06,421 - INFO - Top 10 Mean Stats: {'Max': np.float64(2.7533531010703883e-15), 'Min': np.float64(-6.787626016802051e-15), 'Mean': np.float64(-1.0307033004863798e-15), 'Std': np.float64(2.552300779788198e-15)}
2024-11-09 16:45:06,421 - INFO - Top 10 Std Stats: {'Max': np.float64(0.999999996297574), 'Min': np.float64(0.9999999960097253), 'Mean': np.float64(0.999999996115792), 'Std': np.float64(1.0307314615370927e-10)}
2024-11-09 16:45:06,421 - INFO - Bottom 10 Mean Stats: {'Max': np.float64(116.0), 'Min': np.float64(55.0), 'Mean': np.float64(70.2), 'Std': np.float64(16.98705389406886)}
2024-11-09 16:45:06,421 - INFO - Bottom 10 Std Stats: {'Max': np.float64(0.0), 'Min': np.float64(0.0), 'Mean': np.float64(0.0), 'Std': np.float64(0.0)}
[I 2024-11-09 16:45:06,512] Trial 28 finished with value: 77.0 and parameters: {'x_0': 5, 'x_1': 5, 'x_2': -1, 'x_3': -5, 'x_4': 1}. Best is trial 10 with value: 9.0.
2024-11-09 16:45:16,863 - INFO - Candidate Mean Stats: {'Max': np.float64(116.0), 'Min': np.float64(-7.749911823395905e-14), 'Mean': np.float64(0.00882950121390114), 'Std': np.float64(0.7207869587451878)}
2024-11-09 16:45:16,865 - INFO - Candidate Std Stats: {'Max': np.float64(0.9999999972440593), 'Min': np.float64(0.0), 'Mean': np.float64(0.9998199207124095), 'Std': np.float64(0.01341770304998203)}
2024-11-09 16:45:16,905 - INFO - Top 10 Mean Stats: {'Max': np.float64(3.166911177743259e-15), 'Min': np.float64(-1.965094753586527e-15), 'Mean': np.float64(-1.4765966227514578e-16), 'Std': np.float64(1.648961433647183e-15)}
2024-11-09 16:45:16,905 - INFO - Top 10 Std Stats: {'Max': np.float64(0.9999999972440593), 'Min': np.float64(0.9999999966754219), 'Mean': np.float64(0.9999999968759479), 'Std': np.float64(1.687293271353349e-10)}
2024-11-09 16:45:16,906 - INFO - Bottom 10 Mean Stats: {'Max': np.float64(116.0), 'Min': np.float64(55.0), 'Mean': np.float64(72.4), 'Std': np.float64(16.28619046922883)}
2024-11-09 16:45:16,906 - INFO - Bottom 10 Std Stats: {'Max': np.float64(0.0), 'Min': np.float64(0.0), 'Mean': np.float64(0.0), 'Std': np.float64(0.0)}
[I 2024-11-09 16:45:17,544] Trial 29 finished with value: 43.0 and parameters: {'x_0': 0, 'x_1': 4, 'x_2': 1, 'x_3': -5, 'x_4': 1}. Best is trial 10 with value: 9.0.
2024-11-09 16:45:29,403 - INFO - Candidate Mean Stats: {'Max': np.float64(116.0), 'Min': np.float64(-7.129852264142756e-14), 'Mean': np.float64(0.00909649738281666), 'Std': np.float64(0.7287042534441196)}
2024-11-09 16:45:29,404 - INFO - Candidate Std Stats: {'Max': np.float64(0.9999999974424126), 'Min': np.float64(0.0), 'Mean': np.float64(0.999813711368967), 'Std': np.float64(0.013647039732625535)}
2024-11-09 16:45:29,517 - INFO - Top 10 Mean Stats: {'Max': np.float64(3.241851231905457e-15), 'Min': np.float64(-3.68594044175552e-15), 'Mean': np.float64(-3.1155633628543464e-16), 'Std': np.float64(2.0744595247357567e-15)}
2024-11-09 16:45:29,545 - INFO - Top 10 Std Stats: {'Max': np.float64(0.9999999974424126), 'Min': np.float64(0.9999999968852834), 'Mean': np.float64(0.9999999970855994), 'Std': np.float64(1.6349064489540498e-10)}
2024-11-09 16:45:29,545 - INFO - Bottom 10 Mean Stats: {'Max': np.float64(116.0), 'Min': np.float64(55.0), 'Mean': np.float64(72.4), 'Std': np.float64(16.28619046922883)}
2024-11-09 16:45:29,546 - INFO - Bottom 10 Std Stats: {'Max': np.float64(0.0), 'Min': np.float64(0.0), 'Mean': np.float64(0.0), 'Std': np.float64(0.0)}
[I 2024-11-09 16:45:29,606] Trial 30 finished with value: 40.0 and parameters: {'x_0': 0, 'x_1': -4, 'x_2': -4, 'x_3': 2, 'x_4': -2}. Best is trial 10 with value: 9.0.
2024-11-09 16:45:40,784 - INFO - Candidate Mean Stats: {'Max': np.float64(116.0), 'Min': np.float64(-7.797651413454787e-14), 'Mean': np.float64(0.009344865912040302), 'Std': np.float64(0.7354862676503346)}
2024-11-09 16:45:40,786 - INFO - Candidate Std Stats: {'Max': np.float64(0.9999999972143704), 'Min': np.float64(0.0), 'Mean': np.float64(0.9998075020422024), 'Std': np.float64(0.013872582841156531)}
2024-11-09 16:45:40,821 - INFO - Top 10 Mean Stats: {'Max': np.float64(3.2557290197132715e-15), 'Min': np.float64(-4.152234112098085e-15), 'Mean': np.float64(6.022959908591474e-16), 'Std': np.float64(2.2162690697057637e-15)}
2024-11-09 16:45:40,821 - INFO - Top 10 Std Stats: {'Max': np.float64(0.9999999972143704), 'Min': np.float64(0.9999999967964365), 'Mean': np.float64(0.9999999969464122), 'Std': np.float64(1.5791418330625162e-10)}
2024-11-09 16:45:40,822 - INFO - Bottom 10 Mean Stats: {'Max': np.float64(116.0), 'Min': np.float64(55.0), 'Mean': np.float64(72.4), 'Std': np.float64(16.28619046922883)}
2024-11-09 16:45:40,822 - INFO - Bottom 10 Std Stats: {'Max': np.float64(0.0), 'Min': np.float64(0.0), 'Mean': np.float64(0.0), 'Std': np.float64(0.0)}
