[I 2024-11-09 16:47:38,151] Trial 47 finished with value: 92.0 and parameters: {'x_0': -4, 'x_1': 5, 'x_2': -1, 'x_3': 5, 'x_4': 5}. Best is trial 6 with value: 16.0.
2024-11-09 16:47:48,553 - INFO - Candidate Mean Stats: {'Max': np.float64(92.0), 'Min': np.float64(-1.0658696147913815e-13), 'Mean': np.float64(0.015069760510645673), 'Std': np.float64(0.9244667394051044)}
2024-11-09 16:47:48,554 - INFO - Candidate Std Stats: {'Max': np.float64(0.999999996014905), 'Min': np.float64(0.0), 'Mean': np.float64(0.9997019412702273), 'Std': np.float64(0.017261326602040276)}
2024-11-09 16:47:48,591 - INFO - Top 10 Mean Stats: {'Max': np.float64(1.4210854715202005e-15), 'Min': np.float64(-4.019007349143067e-15), 'Mean': np.float64(-9.07052211118753e-16), 'Std': np.float64(1.3647328188499578e-15)}
2024-11-09 16:47:48,591 - INFO - Top 10 Std Stats: {'Max': np.float64(0.999999996014905), 'Min': np.float64(0.9999999953122392), 'Mean': np.float64(0.9999999956430339), 'Std': np.float64(2.183924690082539e-10)}
2024-11-09 16:47:48,592 - INFO - Bottom 10 Mean Stats: {'Max': np.float64(92.0), 'Min': np.float64(67.0), 'Mean': np.float64(77.5), 'Std': np.float64(7.22841614740048)}
2024-11-09 16:47:48,592 - INFO - Bottom 10 Std Stats: {'Max': np.float64(0.0), 'Min': np.float64(0.0), 'Mean': np.float64(0.0), 'Std': np.float64(0.0)}
[I 2024-11-09 16:47:48,627] Trial 48 finished with value: 44.0 and parameters: {'x_0': -1, 'x_1': 5, 'x_2': 1, 'x_3': 4, 'x_4': 1}. Best is trial 6 with value: 16.0.
2024-11-09 16:47:55,795 - INFO - Candidate Mean Stats: {'Max': np.float64(92.0), 'Min': np.float64(-7.620570841027074e-14), 'Mean': np.float64(0.015342965892791719), 'Std': np.float64(0.9309411797531524)}
2024-11-09 16:47:55,797 - INFO - Candidate Std Stats: {'Max': np.float64(0.9999999950270418), 'Min': np.float64(0.0), 'Mean': np.float64(0.9996957311824803), 'Std': np.float64(0.017440151053990525)}
2024-11-09 16:47:55,825 - INFO - Top 10 Mean Stats: {'Max': np.float64(3.508304757815495e-15), 'Min': np.float64(-6.242228955954943e-15), 'Mean': np.float64(-7.494005416219807e-16), 'Std': np.float64(2.6080049248519037e-15)}
2024-11-09 16:47:55,825 - INFO - Top 10 Std Stats: {'Max': np.float64(0.9999999950270418), 'Min': np.float64(0.9999999944823201), 'Mean': np.float64(0.999999994692781), 'Std': np.float64(1.7795542332871385e-10)}
2024-11-09 16:47:55,826 - INFO - Bottom 10 Mean Stats: {'Max': np.float64(92.0), 'Min': np.float64(67.0), 'Mean': np.float64(77.5), 'Std': np.float64(7.22841614740048)}
2024-11-09 16:47:55,826 - INFO - Bottom 10 Std Stats: {'Max': np.float64(0.0), 'Min': np.float64(0.0), 'Mean': np.float64(0.0), 'Std': np.float64(0.0)}
[I 2024-11-09 16:47:55,864] Trial 49 finished with value: 36.0 and parameters: {'x_0': 3, 'x_1': -4, 'x_2': 1, 'x_3': -1, 'x_4': 3}. Best is trial 6 with value: 16.0.
2024-11-09 16:48:05,200 - INFO - Candidate Mean Stats: {'Max': np.float64(92.0), 'Min': np.float64(-1.1037837310823307e-13), 'Mean': np.float64(0.015566497569092988), 'Std': np.float64(0.9352495449145413)}
2024-11-09 16:48:05,202 - INFO - Candidate Std Stats: {'Max': np.float64(0.9999999955931022), 'Min': np.float64(0.0), 'Mean': np.float64(0.9996895223557354), 'Std': np.float64(0.01761715826012551)}
2024-11-09 16:48:05,229 - INFO - Top 10 Mean Stats: {'Max': np.float64(4.918287999089443e-15), 'Min': np.float64(-4.013456234019941e-15), 'Mean': np.float64(-8.33083602103102e-16), 'Std': np.float64(2.4396043441431437e-15)}
2024-11-09 16:48:05,229 - INFO - Top 10 Std Stats: {'Max': np.float64(0.9999999955931022), 'Min': np.float64(0.9999999946164019), 'Mean': np.float64(0.999999994889639), 'Std': np.float64(2.94792413255488e-10)}
2024-11-09 16:48:05,230 - INFO - Bottom 10 Mean Stats: {'Max': np.float64(92.0), 'Min': np.float64(67.0), 'Mean': np.float64(77.5), 'Std': np.float64(7.22841614740048)}
2024-11-09 16:48:05,230 - INFO - Bottom 10 Std Stats: {'Max': np.float64(0.0), 'Min': np.float64(0.0), 'Mean': np.float64(0.0), 'Std': np.float64(0.0)}
[I 2024-11-09 16:48:05,269] Trial 50 finished with value: 19.0 and parameters: {'x_0': 4, 'x_1': 1, 'x_2': 0, 'x_3': -1, 'x_4': 1}. Best is trial 6 with value: 16.0.
2024-11-09 16:48:14,240 - INFO - Candidate Mean Stats: {'Max': np.float64(92.0), 'Min': np.float64(-6.551148512556893e-14), 'Mean': np.float64(0.015684472620474257), 'Std': np.float64(0.9364451667899656)}
2024-11-09 16:48:14,241 - INFO - Candidate Std Stats: {'Max': np.float64(0.9999999955273214), 'Min': np.float64(0.0), 'Mean': np.float64(0.9996833132167433), 'Std': np.float64(0.01779240243030149)}
2024-11-09 16:48:14,269 - INFO - Top 10 Mean Stats: {'Max': np.float64(6.7747890630798226e-15), 'Min': np.float64(-5.595524044110789e-15), 'Mean': np.float64(-1.5950782361606741e-15), 'Std': np.float64(3.4207625559347713e-15)}
2024-11-09 16:48:14,269 - INFO - Top 10 Std Stats: {'Max': np.float64(0.9999999955273214), 'Min': np.float64(0.9999999946919159), 'Mean': np.float64(0.9999999949390765), 'Std': np.float64(2.7501349425907905e-10)}
2024-11-09 16:48:14,269 - INFO - Bottom 10 Mean Stats: {'Max': np.float64(92.0), 'Min': np.float64(67.0), 'Mean': np.float64(77.5), 'Std': np.float64(7.22841614740048)}
2024-11-09 16:48:14,269 - INFO - Bottom 10 Std Stats: {'Max': np.float64(0.0), 'Min': np.float64(0.0), 'Mean': np.float64(0.0), 'Std': np.float64(0.0)}
[I 2024-11-09 16:48:14,306] Trial 51 finished with value: 88.0 and parameters: {'x_0': 3, 'x_1': -5, 'x_2': -5, 'x_3': 2, 'x_4': -5}. Best is trial 6 with value: 16.0.
2024-11-09 16:48:22,564 - INFO - Candidate Mean Stats: {'Max': np.float64(92.0), 'Min': np.float64(-8.538725282392079e-14), 'Mean': np.float64(0.01623088338476626), 'Std': np.float64(0.9617672581076564)}
2024-11-09 16:48:22,565 - INFO - Candidate Std Stats: {'Max': np.float64(0.9999999950230426), 'Min': np.float64(0.0), 'Mean': np.float64(0.9996771037385523), 'Std': np.float64(0.0179659351550491)}
2024-11-09 16:48:22,600 - INFO - Top 10 Mean Stats: {'Max': np.float64(3.0531133177191805e-15), 'Min': np.float64(-5.895284260759581e-15), 'Mean': np.float64(-1.5173409403934635e-15), 'Std': np.float64(2.407201630954341e-15)}
2024-11-09 16:48:22,600 - INFO - Top 10 Std Stats: {'Max': np.float64(0.9999999950230426), 'Min': np.float64(0.9999999942295751), 'Mean': np.float64(0.9999999945416056), 'Std': np.float64(2.4588233932986734e-10)}
2024-11-09 16:48:22,600 - INFO - Bottom 10 Mean Stats: {'Max': np.float64(92.0), 'Min': np.float64(68.0), 'Mean': np.float64(79.6), 'Std': np.float64(6.916646586316233)}
2024-11-09 16:48:22,600 - INFO - Bottom 10 Std Stats: {'Max': np.float64(0.0), 'Min': np.float64(0.0), 'Mean': np.float64(0.0), 'Std': np.float64(0.0)}
[I 2024-11-09 16:48:22,642] Trial 52 finished with value: 39.0 and parameters: {'x_0': 0, 'x_1': 2, 'x_2': -1, 'x_3': -5, 'x_4': 3}. Best is trial 6 with value: 16.0.
2024-11-09 16:48:32,587 - INFO - Candidate Mean Stats: {'Max': np.float64(92.0), 'Min': np.float64(-7.702727344849336e-14), 'Mean': np.float64(0.016473042700759364), 'Std': np.float64(0.9666605156575282)}
2024-11-09 16:48:32,588 - INFO - Candidate Std Stats: {'Max': np.float64(0.9999999953999361), 'Min': np.float64(0.0), 'Mean': np.float64(0.9996708952017038), 'Std': np.float64(0.018137805579876282)}
2024-11-09 16:48:32,632 - INFO - Top 10 Mean Stats: {'Max': np.float64(4.832245714680994e-15), 'Min': np.float64(-4.549138843401579e-15), 'Mean': np.float64(-3.6887159993170834e-16), 'Std': np.float64(2.269268245775412e-15)}
2024-11-09 16:48:32,632 - INFO - Top 10 Std Stats: {'Max': np.float64(0.9999999953999361), 'Min': np.float64(0.9999999947355533), 'Mean': np.float64(0.9999999950380868), 'Std': np.float64(2.2201877170162074e-10)}
2024-11-09 16:48:32,633 - INFO - Bottom 10 Mean Stats: {'Max': np.float64(92.0), 'Min': np.float64(68.0), 'Mean': np.float64(79.6), 'Std': np.float64(6.916646586316233)}
2024-11-09 16:48:32,633 - INFO - Bottom 10 Std Stats: {'Max': np.float64(0.0), 'Min': np.float64(0.0), 'Mean': np.float64(0.0), 'Std': np.float64(0.0)}
[I 2024-11-09 16:48:32,677] Trial 53 finished with value: 43.0 and parameters: {'x_0': -3, 'x_1': 1, 'x_2': 1, 'x_3': -4, 'x_4': -4}. Best is trial 6 with value: 16.0.
2024-11-09 16:48:39,713 - INFO - Candidate Mean Stats: {'Max': np.float64(92.0), 'Min': np.float64(-8.789635685957365e-14), 'Mean': np.float64(0.01674003886967487), 'Std': np.float64(0.9725762283898906)}
2024-11-09 16:48:39,713 - INFO - Candidate Std Stats: {'Max': np.float64(0.9999999948415069), 'Min': np.float64(0.0), 'Mean': np.float64(0.9996646854415284), 'Std': np.float64(0.018308060481633272)}
2024-11-09 16:48:39,746 - INFO - Top 10 Mean Stats: {'Max': np.float64(3.9968028886505635e-15), 'Min': np.float64(-8.86929418797422e-15), 'Mean': np.float64(-6.557688420061325e-16), 'Std': np.float64(3.674466623218369e-15)}
2024-11-09 16:48:39,746 - INFO - Top 10 Std Stats: {'Max': np.float64(0.9999999948415069), 'Min': np.float64(0.9999999944961944), 'Mean': np.float64(0.9999999946498457), 'Std': np.float64(1.1575767862040744e-10)}
2024-11-09 16:48:39,747 - INFO - Bottom 10 Mean Stats: {'Max': np.float64(92.0), 'Min': np.float64(68.0), 'Mean': np.float64(79.6), 'Std': np.float64(6.916646586316233)}
2024-11-09 16:48:39,748 - INFO - Bottom 10 Std Stats: {'Max': np.float64(0.0), 'Min': np.float64(0.0), 'Mean': np.float64(0.0), 'Std': np.float64(0.0)}
[I 2024-11-09 16:48:39,783] Trial 54 finished with value: 55.0 and parameters: {'x_0': 5, 'x_1': 2, 'x_2': 4, 'x_3': 1, 'x_4': 3}. Best is trial 6 with value: 16.0.
2024-11-09 16:48:47,253 - INFO - Candidate Mean Stats: {'Max': np.float64(92.0), 'Min': np.float64(-8.191225475684404e-14), 'Mean': np.float64(0.01708154559735735), 'Std': np.float64(0.9821791281395709)}
2024-11-09 16:48:47,254 - INFO - Candidate Std Stats: {'Max': np.float64(0.9999999947840588), 'Min': np.float64(0.0), 'Mean': np.float64(0.9996584760042944), 'Std': np.float64(0.01847674454667877)}
2024-11-09 16:48:47,282 - INFO - Top 10 Mean Stats: {'Max': np.float64(6.794564910705958e-15), 'Min': np.float64(-3.1308289294429414e-15), 'Mean': np.float64(1.7645607197636079e-15), 'Std': np.float64(2.965173443912373e-15)}
2024-11-09 16:48:47,282 - INFO - Top 10 Std Stats: {'Max': np.float64(0.9999999947840588), 'Min': np.float64(0.9999999943544654), 'Mean': np.float64(0.9999999945556441), 'Std': np.float64(1.6153864546130685e-10)}
2024-11-09 16:48:47,283 - INFO - Bottom 10 Mean Stats: {'Max': np.float64(92.0), 'Min': np.float64(68.0), 'Mean': np.float64(79.6), 'Std': np.float64(6.916646586316233)}
2024-11-09 16:48:47,283 - INFO - Bottom 10 Std Stats: {'Max': np.float64(0.0), 'Min': np.float64(0.0), 'Mean': np.float64(0.0), 'Std': np.float64(0.0)}
[I 2024-11-09 16:48:47,318] Trial 55 finished with value: 75.0 and parameters: {'x_0': 4, 'x_1': 3, 'x_2': 3, 'x_3': 4, 'x_4': 5}. Best is trial 6 with value: 16.0.
2024-11-09 16:48:54,295 - INFO - Candidate Mean Stats: {'Max': np.float64(92.0), 'Min': np.float64(-6.647460359943125e-14), 'Mean': np.float64(0.017547236589651714), 'Std': np.float64(0.9997932475582874)}
2024-11-09 16:48:54,296 - INFO - Candidate Std Stats: {'Max': np.float64(0.9999999949315544), 'Min': np.float64(0.0), 'Mean': np.float64(0.9996522670994277), 'Std': np.float64(0.018643900416578648)}
2024-11-09 16:48:54,330 - INFO - Top 10 Mean Stats: {'Max': np.float64(6.1284310959308644e-15), 'Min': np.float64(-5.4622972811557705e-15), 'Mean': np.float64(-7.238654120556019e-16), 'Std': np.float64(3.923901995415576e-15)}
2024-11-09 16:48:54,331 - INFO - Top 10 Std Stats: {'Max': np.float64(0.9999999949315544), 'Min': np.float64(0.9999999944254019), 'Mean': np.float64(0.99999999460165), 'Std': np.float64(1.4662127031422576e-10)}
2024-11-09 16:48:54,331 - INFO - Bottom 10 Mean Stats: {'Max': np.float64(92.0), 'Min': np.float64(71.0), 'Mean': np.float64(80.3), 'Std': np.float64(6.000833275471)}
2024-11-09 16:48:54,331 - INFO - Bottom 10 Std Stats: {'Max': np.float64(0.0), 'Min': np.float64(0.0), 'Mean': np.float64(0.0), 'Std': np.float64(0.0)}
[I 2024-11-09 16:48:54,368] Trial 56 finished with value: 37.0 and parameters: {'x_0': -3, 'x_1': -1, 'x_2': -1, 'x_3': 5, 'x_4': -1}. Best is trial 6 with value: 16.0.
2024-11-09 16:49:02,788 - INFO - Candidate Mean Stats: {'Max': np.float64(92.0), 'Min': np.float64(-7.654541063495391e-14), 'Mean': np.float64(0.017776977479183626), 'Std': np.float64(1.0040312920220484)}
2024-11-09 16:49:02,789 - INFO - Candidate Std Stats: {'Max': np.float64(0.9999999955690647), 'Min': np.float64(0.0), 'Mean': np.float64(0.9996460586489724), 'Std': np.float64(0.018809568832486315)}
2024-11-09 16:49:02,826 - INFO - Top 10 Mean Stats: {'Max': np.float64(1.8207657603852566e-15), 'Min': np.float64(-3.597122599785507e-15), 'Mean': np.float64(-2.8643754035329044e-16), 'Std': np.float64(1.5823681261316565e-15)}
2024-11-09 16:49:02,826 - INFO - Top 10 Std Stats: {'Max': np.float64(0.9999999955690647), 'Min': np.float64(0.9999999948116943), 'Mean': np.float64(0.9999999950982934), 'Std': np.float64(2.719733347555618e-10)}
2024-11-09 16:49:02,826 - INFO - Bottom 10 Mean Stats: {'Max': np.float64(92.0), 'Min': np.float64(71.0), 'Mean': np.float64(80.3), 'Std': np.float64(6.000833275471)}
2024-11-09 16:49:02,826 - INFO - Bottom 10 Std Stats: {'Max': np.float64(0.0), 'Min': np.float64(0.0), 'Mean': np.float64(0.0), 'Std': np.float64(0.0)}
[I 2024-11-09 16:49:02,864] Trial 57 finished with value: 77.0 and parameters: {'x_0': 5, 'x_1': -5, 'x_2': -1, 'x_3': 1, 'x_4': 5}. Best is trial 6 with value: 16.0.
2024-11-09 16:49:09,274 - INFO - Candidate Mean Stats: {'Max': np.float64(92.0), 'Min': np.float64(-8.012202012963598e-14), 'Mean': np.float64(0.018255086897939195), 'Std': np.float64(1.022191779136521)}
2024-11-09 16:49:09,275 - INFO - Candidate Std Stats: {'Max': np.float64(0.9999999951688653), 'Min': np.float64(0.0), 'Mean': np.float64(0.9996398484932567), 'Std': np.float64(0.018973788716722482)}
2024-11-09 16:49:09,312 - INFO - Top 10 Mean Stats: {'Max': np.float64(6.0840221749458575e-15), 'Min': np.float64(-6.195044477408373e-15), 'Mean': np.float64(-8.058831379997856e-16), 'Std': np.float64(3.810573835175885e-15)}
2024-11-09 16:49:09,313 - INFO - Top 10 Std Stats: {'Max': np.float64(0.9999999951688653), 'Min': np.float64(0.9999999947180367), 'Mean': np.float64(0.9999999949103688), 'Std': np.float64(1.4060975465100142e-10)}
2024-11-09 16:49:09,313 - INFO - Bottom 10 Mean Stats: {'Max': np.float64(92.0), 'Min': np.float64(75.0), 'Mean': np.float64(80.9), 'Std': np.float64(5.3)}
2024-11-09 16:49:09,313 - INFO - Bottom 10 Std Stats: {'Max': np.float64(0.0), 'Min': np.float64(0.0), 'Mean': np.float64(0.0), 'Std': np.float64(0.0)}
[I 2024-11-09 16:49:09,349] Trial 58 finished with value: 74.0 and parameters: {'x_0': -2, 'x_1': 5, 'x_2': 4, 'x_3': -5, 'x_4': 2}. Best is trial 6 with value: 16.0.
2024-11-09 16:49:17,541 - INFO - Candidate Mean Stats: {'Max': np.float64(92.0), 'Min': np.float64(-8.36664071357518e-14), 'Mean': np.float64(0.01871456867700295), 'Std': np.float64(1.0386821930224328)}
2024-11-09 16:49:17,542 - INFO - Candidate Std Stats: {'Max': np.float64(0.9999999950506158), 'Min': np.float64(0.0), 'Mean': np.float64(0.9996336384033011), 'Std': np.float64(0.019136597393103232)}
2024-11-09 16:49:17,580 - INFO - Top 10 Mean Stats: {'Max': np.float64(3.874678355941796e-15), 'Min': np.float64(-4.551914400963142e-15), 'Mean': np.float64(1.4765966227514583e-16), 'Std': np.float64(2.6030175010670696e-15)}
2024-11-09 16:49:17,580 - INFO - Top 10 Std Stats: {'Max': np.float64(0.9999999950506158), 'Min': np.float64(0.9999999941712419), 'Mean': np.float64(0.9999999945039754), 'Std': np.float64(2.412864885928548e-10)}
2024-11-09 16:49:17,580 - INFO - Bottom 10 Mean Stats: {'Max': np.float64(92.0), 'Min': np.float64(75.0), 'Mean': np.float64(80.9), 'Std': np.float64(5.3)}
2024-11-09 16:49:17,580 - INFO - Bottom 10 Std Stats: {'Max': np.float64(0.0), 'Min': np.float64(0.0), 'Mean': np.float64(0.0), 'Std': np.float64(0.0)}
[I 2024-11-09 16:49:17,620] Trial 59 finished with value: 8.0 and parameters: {'x_0': -1, 'x_1': -1, 'x_2': -1, 'x_3': 1, 'x_4': 2}. Best is trial 59 with value: 8.0.
2024-11-09 16:49:26,220 - INFO - Candidate Mean Stats: {'Max': np.float64(92.0), 'Min': np.float64(-7.02105040772949e-14), 'Mean': np.float64(0.018764242382847667), 'Std': np.float64(1.0388725744946836)}
2024-11-09 16:49:26,221 - INFO - Candidate Std Stats: {'Max': np.float64(0.9999999979748756), 'Min': np.float64(0.0), 'Mean': np.float64(0.9996274311580063), 'Std': np.float64(0.019298030632522008)}
2024-11-09 16:49:26,250 - INFO - Top 10 Mean Stats: {'Max': np.float64(1.0269562977782698e-15), 'Min': np.float64(-2.8005375796169575e-15), 'Mean': np.float64(-1.1393663790215668e-15), 'Std': np.float64(1.2095733686629974e-15)}
2024-11-09 16:49:26,250 - INFO - Top 10 Std Stats: {'Max': np.float64(0.9999999979748756), 'Min': np.float64(0.9999999974347891), 'Mean': np.float64(0.9999999976188588), 'Std': np.float64(1.7438698282666567e-10)}
2024-11-09 16:49:26,251 - INFO - Bottom 10 Mean Stats: {'Max': np.float64(92.0), 'Min': np.float64(75.0), 'Mean': np.float64(80.9), 'Std': np.float64(5.3)}
2024-11-09 16:49:26,251 - INFO - Bottom 10 Std Stats: {'Max': np.float64(0.0), 'Min': np.float64(0.0), 'Mean': np.float64(0.0), 'Std': np.float64(0.0)}
[I 2024-11-09 16:49:26,299] Trial 60 finished with value: 13.0 and parameters: {'x_0': -1, 'x_1': -2, 'x_2': 0, 'x_3': -2, 'x_4': 2}. Best is trial 59 with value: 8.0.
2024-11-09 16:49:33,201 - INFO - Candidate Mean Stats: {'Max': np.float64(92.0), 'Min': np.float64(-6.445954880973659e-14), 'Mean': np.float64(0.01884496215484534), 'Std': np.float64(1.0393760374699654)}
2024-11-09 16:49:33,203 - INFO - Candidate Std Stats: {'Max': np.float64(0.9999999961900443), 'Min': np.float64(0.0), 'Mean': np.float64(0.9996212220895841), 'Std': np.float64(0.01945812258058173)}
2024-11-09 16:49:33,238 - INFO - Top 10 Mean Stats: {'Max': np.float64(4.0689673852511986e-15), 'Min': np.float64(-2.4896751327219136e-15), 'Mean': np.float64(5.664566038454665e-16), 'Std': np.float64(1.8711331165043466e-15)}
2024-11-09 16:49:33,238 - INFO - Top 10 Std Stats: {'Max': np.float64(0.9999999961900443), 'Min': np.float64(0.9999999955742123), 'Mean': np.float64(0.9999999957134262), 'Std': np.float64(1.827769429113993e-10)}
2024-11-09 16:49:33,238 - INFO - Bottom 10 Mean Stats: {'Max': np.float64(92.0), 'Min': np.float64(75.0), 'Mean': np.float64(80.9), 'Std': np.float64(5.3)}
2024-11-09 16:49:33,239 - INFO - Bottom 10 Std Stats: {'Max': np.float64(0.0), 'Min': np.float64(0.0), 'Mean': np.float64(0.0), 'Std': np.float64(0.0)}
[I 2024-11-09 16:49:33,273] Trial 61 finished with value: 56.0 and parameters: {'x_0': 1, 'x_1': 1, 'x_2': -5, 'x_3': -2, 'x_4': 5}. Best is trial 59 with value: 8.0.
2024-11-09 16:49:43,090 - INFO - Candidate Mean Stats: {'Max': np.float64(92.0), 'Min': np.float64(-6.17811357628284e-14), 'Mean': np.float64(0.019192678095758503), 'Std': np.float64(1.048695100429115)}
2024-11-09 16:49:43,092 - INFO - Candidate Std Stats: {'Max': np.float64(0.9999999987359607), 'Min': np.float64(0.0), 'Mean': np.float64(0.9996150134944052), 'Std': np.float64(0.019616906119147536)}
2024-11-09 16:49:43,128 - INFO - Top 10 Mean Stats: {'Max': np.float64(1.5265566588595902e-15), 'Min': np.float64(-1.404432126150823e-15), 'Mean': np.float64(5.0792703376600926e-17), 'Std': np.float64(7.545127972132146e-16)}
2024-11-09 16:49:43,128 - INFO - Top 10 Std Stats: {'Max': np.float64(0.9999999987359607), 'Min': np.float64(0.9999999979728831), 'Mean': np.float64(0.9999999982520791), 'Std': np.float64(2.231679010044361e-10)}
2024-11-09 16:49:43,128 - INFO - Bottom 10 Mean Stats: {'Max': np.float64(92.0), 'Min': np.float64(75.0), 'Mean': np.float64(80.9), 'Std': np.float64(5.3)}
2024-11-09 16:49:43,132 - INFO - Bottom 10 Std Stats: {'Max': np.float64(0.0), 'Min': np.float64(0.0), 'Mean': np.float64(0.0), 'Std': np.float64(0.0)}
[I 2024-11-09 16:49:43,171] Trial 62 finished with value: 30.0 and parameters: {'x_0': 0, 'x_1': -5, 'x_2': -2, 'x_3': -1, 'x_4': 0}. Best is trial 59 with value: 8.0.
2024-11-09 16:49:52,109 - INFO - Candidate Mean Stats: {'Max': np.float64(92.0), 'Min': np.float64(-5.186961971048731e-14), 'Mean': np.float64(0.01937895449267626), 'Std': np.float64(1.05135270988704)}
2024-11-09 16:49:52,110 - INFO - Candidate Std Stats: {'Max': np.float64(0.9999999956358262), 'Min': np.float64(0.0), 'Mean': np.float64(0.9996088040949196), 'Std': np.float64(0.019774412742010333)}
2024-11-09 16:49:52,139 - INFO - Top 10 Mean Stats: {'Max': np.float64(2.7644553313166396e-15), 'Min': np.float64(-5.684341886080802e-15), 'Mean': np.float64(-7.077671781985374e-16), 'Std': np.float64(2.8499127157396763e-15)}
2024-11-09 16:49:52,140 - INFO - Top 10 Std Stats: {'Max': np.float64(0.9999999956358262), 'Min': np.float64(0.9999999950523774), 'Mean': np.float64(0.9999999953071483), 'Std': np.float64(2.1826302343130867e-10)}
2024-11-09 16:49:52,140 - INFO - Bottom 10 Mean Stats: {'Max': np.float64(92.0), 'Min': np.float64(75.0), 'Mean': np.float64(80.9), 'Std': np.float64(5.3)}
2024-11-09 16:49:52,140 - INFO - Bottom 10 Std Stats: {'Max': np.float64(0.0), 'Min': np.float64(0.0), 'Mean': np.float64(0.0), 'Std': np.float64(0.0)}
