[I 2024-11-09 17:17:00,368] Trial 207 finished with value: 54.0 and parameters: {'x_0': 2, 'x_1': -3, 'x_2': -4, 'x_3': -3, 'x_4': 4}. Best is trial 162 with value: 9.0.
2024-11-09 17:17:10,620 - INFO - Candidate Mean Stats: {'Max': np.float64(107.0), 'Min': np.float64(-5.2535753525262406e-14), 'Mean': np.float64(0.06514085600213601), 'Std': np.float64(1.9445077466317766)}
2024-11-09 17:17:10,621 - INFO - Candidate Std Stats: {'Max': np.float64(0.9999999965240646), 'Min': np.float64(0.0), 'Mean': np.float64(0.9987084721031619), 'Std': np.float64(0.03591445819798591)}
2024-11-09 17:17:10,648 - INFO - Top 10 Mean Stats: {'Max': np.float64(4.202194148206218e-15), 'Min': np.float64(-2.886579864025407e-15), 'Mean': np.float64(2.5618396293225493e-16), 'Std': np.float64(2.24780617593297e-15)}
2024-11-09 17:17:10,648 - INFO - Top 10 Std Stats: {'Max': np.float64(0.9999999965240646), 'Min': np.float64(0.9999999962840144), 'Mean': np.float64(0.9999999963968176), 'Std': np.float64(7.95027197241586e-11)}
2024-11-09 17:17:10,648 - INFO - Bottom 10 Mean Stats: {'Max': np.float64(107.0), 'Min': np.float64(86.0), 'Mean': np.float64(91.9), 'Std': np.float64(5.699999999999999)}
2024-11-09 17:17:10,649 - INFO - Bottom 10 Std Stats: {'Max': np.float64(0.0), 'Min': np.float64(0.0), 'Mean': np.float64(0.0), 'Std': np.float64(0.0)}
[I 2024-11-09 17:17:10,679] Trial 208 finished with value: 27.0 and parameters: {'x_0': 4, 'x_1': 0, 'x_2': -1, 'x_3': 1, 'x_4': 3}. Best is trial 162 with value: 9.0.
2024-11-09 17:17:19,689 - INFO - Candidate Mean Stats: {'Max': np.float64(107.0), 'Min': np.float64(-7.404632462737482e-14), 'Mean': np.float64(0.06530850475936192), 'Std': np.float64(1.9456657018827457)}
2024-11-09 17:17:19,691 - INFO - Candidate Std Stats: {'Max': np.float64(0.999999996421683), 'Min': np.float64(0.0), 'Mean': np.float64(0.9987022628814415), 'Std': np.float64(0.036000575600466406)}
2024-11-09 17:17:19,715 - INFO - Top 10 Mean Stats: {'Max': np.float64(2.0483614804334137e-15), 'Min': np.float64(-3.066991105526995e-15), 'Mean': np.float64(-5.224293220251752e-16), 'Std': np.float64(1.7130425703096134e-15)}
2024-11-09 17:17:19,716 - INFO - Top 10 Std Stats: {'Max': np.float64(0.999999996421683), 'Min': np.float64(0.999999996004122), 'Mean': np.float64(0.9999999961411531), 'Std': np.float64(1.1333861837444156e-10)}
2024-11-09 17:17:19,716 - INFO - Bottom 10 Mean Stats: {'Max': np.float64(107.0), 'Min': np.float64(86.0), 'Mean': np.float64(91.9), 'Std': np.float64(5.699999999999999)}
2024-11-09 17:17:19,716 - INFO - Bottom 10 Std Stats: {'Max': np.float64(0.0), 'Min': np.float64(0.0), 'Mean': np.float64(0.0), 'Std': np.float64(0.0)}
[I 2024-11-09 17:17:19,754] Trial 209 finished with value: 89.0 and parameters: {'x_0': -4, 'x_1': -4, 'x_2': -4, 'x_3': -4, 'x_4': 5}. Best is trial 162 with value: 9.0.
2024-11-09 17:17:28,957 - INFO - Candidate Mean Stats: {'Max': np.float64(107.0), 'Min': np.float64(-5.4167781371461385e-14), 'Mean': np.float64(0.06586112473688463), 'Std': np.float64(1.9582455705362112)}
2024-11-09 17:17:28,958 - INFO - Candidate Std Stats: {'Max': np.float64(0.9999999974144743), 'Min': np.float64(0.0), 'Mean': np.float64(0.9986960540892916), 'Std': np.float64(0.03608648643864224)}
2024-11-09 17:17:28,993 - INFO - Top 10 Mean Stats: {'Max': np.float64(2.7366997557010107e-15), 'Min': np.float64(-1.9761969838327787e-15), 'Mean': np.float64(6.50937637125537e-16), 'Std': np.float64(1.7538688288879693e-15)}
2024-11-09 17:17:28,993 - INFO - Top 10 Std Stats: {'Max': np.float64(0.9999999974144743), 'Min': np.float64(0.9999999966891973), 'Mean': np.float64(0.9999999970349027), 'Std': np.float64(2.368652391694011e-10)}
2024-11-09 17:17:28,993 - INFO - Bottom 10 Mean Stats: {'Max': np.float64(107.0), 'Min': np.float64(86.0), 'Mean': np.float64(92.2), 'Std': np.float64(5.455272678794342)}
2024-11-09 17:17:28,993 - INFO - Bottom 10 Std Stats: {'Max': np.float64(0.0), 'Min': np.float64(0.0), 'Mean': np.float64(0.0), 'Std': np.float64(0.0)}
[I 2024-11-09 17:17:29,022] Trial 210 finished with value: 41.0 and parameters: {'x_0': 4, 'x_1': -1, 'x_2': 4, 'x_3': 2, 'x_4': -2}. Best is trial 162 with value: 9.0.
2024-11-09 17:17:39,120 - INFO - Candidate Mean Stats: {'Max': np.float64(107.0), 'Min': np.float64(-5.92303983637521e-14), 'Mean': np.float64(0.06611570247933884), 'Std': np.float64(1.9609002533536952)}
2024-11-09 17:17:39,121 - INFO - Candidate Std Stats: {'Max': np.float64(0.9999999973325464), 'Min': np.float64(0.0), 'Mean': np.float64(0.9986898447332927), 'Std': np.float64(0.036172192148556305)}
2024-11-09 17:17:39,158 - INFO - Top 10 Mean Stats: {'Max': np.float64(3.03368441478824e-15), 'Min': np.float64(-1.898481372109018e-15), 'Mean': np.float64(-4.543587728278453e-16), 'Std': np.float64(1.586130514102537e-15)}
2024-11-09 17:17:39,158 - INFO - Top 10 Std Stats: {'Max': np.float64(0.9999999973325464), 'Min': np.float64(0.9999999968753712), 'Mean': np.float64(0.9999999970762052), 'Std': np.float64(1.4440445699588565e-10)}
2024-11-09 17:17:39,159 - INFO - Bottom 10 Mean Stats: {'Max': np.float64(107.0), 'Min': np.float64(86.0), 'Mean': np.float64(92.2), 'Std': np.float64(5.455272678794342)}
2024-11-09 17:17:39,159 - INFO - Bottom 10 Std Stats: {'Max': np.float64(0.0), 'Min': np.float64(0.0), 'Mean': np.float64(0.0), 'Std': np.float64(0.0)}
[I 2024-11-09 17:17:39,231] Trial 211 finished with value: 70.0 and parameters: {'x_0': 4, 'x_1': -3, 'x_2': -5, 'x_3': 2, 'x_4': -4}. Best is trial 162 with value: 9.0.
2024-11-09 17:17:51,360 - INFO - Candidate Mean Stats: {'Max': np.float64(107.0), 'Min': np.float64(-5.824229987183571e-14), 'Mean': np.float64(0.06655034740548026), 'Std': np.float64(1.9686282751720878)}
2024-11-09 17:17:51,361 - INFO - Candidate Std Stats: {'Max': np.float64(0.9999999972392398), 'Min': np.float64(0.0), 'Mean': np.float64(0.9986836352089207), 'Std': np.float64(0.036257694198919554)}
2024-11-09 17:17:51,401 - INFO - Top 10 Mean Stats: {'Max': np.float64(4.107825191113079e-15), 'Min': np.float64(-2.242650509742816e-15), 'Mean': np.float64(4.0856207306205758e-16), 'Std': np.float64(1.7332483838226916e-15)}
2024-11-09 17:17:51,401 - INFO - Top 10 Std Stats: {'Max': np.float64(0.9999999972392398), 'Min': np.float64(0.9999999968032208), 'Mean': np.float64(0.9999999969682932), 'Std': np.float64(1.4333953269926572e-10)}
2024-11-09 17:17:51,402 - INFO - Bottom 10 Mean Stats: {'Max': np.float64(107.0), 'Min': np.float64(86.0), 'Mean': np.float64(92.2), 'Std': np.float64(5.455272678794342)}
2024-11-09 17:17:51,402 - INFO - Bottom 10 Std Stats: {'Max': np.float64(0.0), 'Min': np.float64(0.0), 'Mean': np.float64(0.0), 'Std': np.float64(0.0)}
[I 2024-11-09 17:17:51,448] Trial 212 finished with value: 28.0 and parameters: {'x_0': 4, 'x_1': 3, 'x_2': 1, 'x_3': -1, 'x_4': -1}. Best is trial 162 with value: 9.0.
2024-11-09 17:18:00,780 - INFO - Candidate Mean Stats: {'Max': np.float64(107.0), 'Min': np.float64(-5.682121440031551e-14), 'Mean': np.float64(0.06672420537593682), 'Std': np.float64(1.9698584056059856)}
2024-11-09 17:18:00,781 - INFO - Candidate Std Stats: {'Max': np.float64(0.9999999965261761), 'Min': np.float64(0.0), 'Mean': np.float64(0.9986774263186811), 'Std': np.float64(0.03634299405626376)}
2024-11-09 17:18:00,806 - INFO - Top 10 Mean Stats: {'Max': np.float64(3.552713678800501e-15), 'Min': np.float64(-5.162537064506978e-15), 'Mean': np.float64(-5.1972315340265105e-17), 'Std': np.float64(2.613149754469603e-15)}
2024-11-09 17:18:00,806 - INFO - Top 10 Std Stats: {'Max': np.float64(0.9999999965261761), 'Min': np.float64(0.9999999961507795), 'Mean': np.float64(0.9999999962872383), 'Std': np.float64(1.0860341128552635e-10)}
2024-11-09 17:18:00,806 - INFO - Bottom 10 Mean Stats: {'Max': np.float64(107.0), 'Min': np.float64(86.0), 'Mean': np.float64(92.2), 'Std': np.float64(5.455272678794342)}
2024-11-09 17:18:00,811 - INFO - Bottom 10 Std Stats: {'Max': np.float64(0.0), 'Min': np.float64(0.0), 'Mean': np.float64(0.0), 'Std': np.float64(0.0)}
[I 2024-11-09 17:18:00,839] Trial 213 finished with value: 58.0 and parameters: {'x_0': 2, 'x_1': -5, 'x_2': -3, 'x_3': -2, 'x_4': -4}. Best is trial 162 with value: 9.0.
2024-11-09 17:18:09,970 - INFO - Candidate Mean Stats: {'Max': np.float64(107.0), 'Min': np.float64(-5.201949981881171e-14), 'Mean': np.float64(0.06708433974331111), 'Std': np.float64(1.9751409424110773)}
2024-11-09 17:18:09,971 - INFO - Candidate Std Stats: {'Max': np.float64(0.9999999969412241), 'Min': np.float64(0.0), 'Mean': np.float64(0.9986712169762695), 'Std': np.float64(0.03642809310165137)}
2024-11-09 17:18:09,997 - INFO - Top 10 Mean Stats: {'Max': np.float64(3.4861002973229914e-15), 'Min': np.float64(-2.9920510513647968e-15), 'Mean': np.float64(3.11972669919669e-16), 'Std': np.float64(2.376874189084077e-15)}
2024-11-09 17:18:09,997 - INFO - Top 10 Std Stats: {'Max': np.float64(0.9999999969412241), 'Min': np.float64(0.9999999966813108), 'Mean': np.float64(0.9999999967493448), 'Std': np.float64(7.160254293625049e-11)}
2024-11-09 17:18:09,997 - INFO - Bottom 10 Mean Stats: {'Max': np.float64(107.0), 'Min': np.float64(86.0), 'Mean': np.float64(92.2), 'Std': np.float64(5.455272678794342)}
2024-11-09 17:18:09,997 - INFO - Bottom 10 Std Stats: {'Max': np.float64(0.0), 'Min': np.float64(0.0), 'Mean': np.float64(0.0), 'Std': np.float64(0.0)}
[I 2024-11-09 17:18:10,029] Trial 214 finished with value: 48.0 and parameters: {'x_0': 2, 'x_1': -3, 'x_2': -3, 'x_3': 5, 'x_4': -1}. Best is trial 162 with value: 9.0.
2024-11-09 17:18:18,037 - INFO - Candidate Mean Stats: {'Max': np.float64(107.0), 'Min': np.float64(-7.566169912820442e-14), 'Mean': np.float64(0.06738238197837954), 'Std': np.float64(1.978749022213155)}
2024-11-09 17:18:18,038 - INFO - Candidate Std Stats: {'Max': np.float64(0.9999999972048519), 'Min': np.float64(0.0), 'Mean': np.float64(0.9986650077087329), 'Std': np.float64(0.03651299275818932)}
2024-11-09 17:18:18,067 - INFO - Top 10 Mean Stats: {'Max': np.float64(2.6978419498391305e-15), 'Min': np.float64(-2.886579864025407e-15), 'Mean': np.float64(-6.544070840774906e-16), 'Std': np.float64(1.7514668940653657e-15)}
2024-11-09 17:18:18,067 - INFO - Top 10 Std Stats: {'Max': np.float64(0.9999999972048519), 'Min': np.float64(0.9999999965793841), 'Mean': np.float64(0.9999999968121525), 'Std': np.float64(2.0350844939704954e-10)}
2024-11-09 17:18:18,067 - INFO - Bottom 10 Mean Stats: {'Max': np.float64(107.0), 'Min': np.float64(86.0), 'Mean': np.float64(92.2), 'Std': np.float64(5.455272678794342)}
2024-11-09 17:18:18,067 - INFO - Bottom 10 Std Stats: {'Max': np.float64(0.0), 'Min': np.float64(0.0), 'Mean': np.float64(0.0), 'Std': np.float64(0.0)}
[I 2024-11-09 17:18:18,101] Trial 215 finished with value: 63.0 and parameters: {'x_0': 3, 'x_1': -4, 'x_2': 3, 'x_3': -2, 'x_4': -5}. Best is trial 162 with value: 9.0.
2024-11-09 17:18:28,065 - INFO - Candidate Mean Stats: {'Max': np.float64(107.0), 'Min': np.float64(-7.310818617156656e-14), 'Mean': np.float64(0.06777356241190677), 'Std': np.float64(1.9849531958866977)}
2024-11-09 17:18:28,067 - INFO - Candidate Std Stats: {'Max': np.float64(0.9999999979496165), 'Min': np.float64(0.0), 'Mean': np.float64(0.9986587983023066), 'Std': np.float64(0.036597694405714025)}
2024-11-09 17:18:28,092 - INFO - Top 10 Mean Stats: {'Max': np.float64(-2.7755575615628914e-17), 'Min': np.float64(-3.5138558729386203e-15), 'Mean': np.float64(-1.3616885397027546e-15), 'Std': np.float64(9.28554226528377e-16)}
2024-11-09 17:18:28,092 - INFO - Top 10 Std Stats: {'Max': np.float64(0.9999999979496165), 'Min': np.float64(0.999999997696854), 'Mean': np.float64(0.9999999977897861), 'Std': np.float64(7.287956298184517e-11)}
2024-11-09 17:18:28,092 - INFO - Bottom 10 Mean Stats: {'Max': np.float64(107.0), 'Min': np.float64(86.0), 'Mean': np.float64(92.2), 'Std': np.float64(5.455272678794342)}
2024-11-09 17:18:28,092 - INFO - Bottom 10 Std Stats: {'Max': np.float64(0.0), 'Min': np.float64(0.0), 'Mean': np.float64(0.0), 'Std': np.float64(0.0)}
[I 2024-11-09 17:18:28,123] Trial 216 finished with value: 43.0 and parameters: {'x_0': 4, 'x_1': 0, 'x_2': 5, 'x_3': 1, 'x_4': 1}. Best is trial 162 with value: 9.0.
2024-11-09 17:18:36,881 - INFO - Candidate Mean Stats: {'Max': np.float64(107.0), 'Min': np.float64(-6.989964163039986e-14), 'Mean': np.float64(0.06804055858082224), 'Std': np.float64(1.9878339375496608)}
2024-11-09 17:18:36,883 - INFO - Candidate Std Stats: {'Max': np.float64(0.9999999967123733), 'Min': np.float64(0.0), 'Mean': np.float64(0.9986525895827667), 'Std': np.float64(0.03668219944613511)}
2024-11-09 17:18:36,908 - INFO - Top 10 Mean Stats: {'Max': np.float64(3.941291737419306e-15), 'Min': np.float64(-2.6978419498391305e-15), 'Mean': np.float64(8.001932449985816e-16), 'Std': np.float64(1.9436855456608543e-15)}
2024-11-09 17:18:36,908 - INFO - Top 10 Std Stats: {'Max': np.float64(0.9999999967123733), 'Min': np.float64(0.9999999965360642), 'Mean': np.float64(0.9999999966127653), 'Std': np.float64(6.562871931054026e-11)}
2024-11-09 17:18:36,908 - INFO - Bottom 10 Mean Stats: {'Max': np.float64(107.0), 'Min': np.float64(86.0), 'Mean': np.float64(92.2), 'Std': np.float64(5.455272678794342)}
2024-11-09 17:18:36,908 - INFO - Bottom 10 Std Stats: {'Max': np.float64(0.0), 'Min': np.float64(0.0), 'Mean': np.float64(0.0), 'Std': np.float64(0.0)}
[I 2024-11-09 17:18:36,937] Trial 217 finished with value: 30.0 and parameters: {'x_0': 2, 'x_1': -3, 'x_2': 3, 'x_3': -2, 'x_4': 2}. Best is trial 162 with value: 9.0.
2024-11-09 17:18:44,763 - INFO - Candidate Mean Stats: {'Max': np.float64(107.0), 'Min': np.float64(-5.695721672083209e-14), 'Mean': np.float64(0.06822683497773997), 'Std': np.float64(1.9892326841731292)}
2024-11-09 17:18:44,764 - INFO - Candidate Std Stats: {'Max': np.float64(0.9999999970902519), 'Min': np.float64(0.0), 'Mean': np.float64(0.9986463804878961), 'Std': np.float64(0.03676650919635345)}
2024-11-09 17:18:44,796 - INFO - Top 10 Mean Stats: {'Max': np.float64(2.3980817331903383e-15), 'Min': np.float64(-4.307665335545607e-15), 'Mean': np.float64(-7.946421298754559e-16), 'Std': np.float64(2.0470816350658614e-15)}
2024-11-09 17:18:44,796 - INFO - Top 10 Std Stats: {'Max': np.float64(0.9999999970902519), 'Min': np.float64(0.9999999966092818), 'Mean': np.float64(0.9999999968042674), 'Std': np.float64(1.5363094096870787e-10)}
2024-11-09 17:18:44,796 - INFO - Bottom 10 Mean Stats: {'Max': np.float64(107.0), 'Min': np.float64(86.0), 'Mean': np.float64(92.2), 'Std': np.float64(5.455272678794342)}
2024-11-09 17:18:44,796 - INFO - Bottom 10 Std Stats: {'Max': np.float64(0.0), 'Min': np.float64(0.0), 'Mean': np.float64(0.0), 'Std': np.float64(0.0)}
[I 2024-11-09 17:18:44,827] Trial 218 finished with value: 37.0 and parameters: {'x_0': -4, 'x_1': 0, 'x_2': -1, 'x_3': -4, 'x_4': 2}. Best is trial 162 with value: 9.0.
2024-11-09 17:18:55,859 - INFO - Candidate Mean Stats: {'Max': np.float64(107.0), 'Min': np.float64(-5.990763440877345e-14), 'Mean': np.float64(0.06845657586727184), 'Std': np.float64(1.9913602594525486)}
2024-11-09 17:18:55,860 - INFO - Candidate Std Stats: {'Max': np.float64(0.99999999692972), 'Min': np.float64(0.0), 'Mean': np.float64(0.9986401710054068), 'Std': np.float64(0.03685062499612664)}
2024-11-09 17:18:55,895 - INFO - Top 10 Mean Stats: {'Max': np.float64(3.647082635893639e-15), 'Min': np.float64(-2.5646151868841118e-15), 'Mean': np.float64(4.0967229608668276e-16), 'Std': np.float64(1.810880279707292e-15)}
2024-11-09 17:18:55,895 - INFO - Top 10 Std Stats: {'Max': np.float64(0.99999999692972), 'Min': np.float64(0.9999999966274645), 'Mean': np.float64(0.9999999967486568), 'Std': np.float64(8.428411967055187e-11)}
2024-11-09 17:18:55,896 - INFO - Bottom 10 Mean Stats: {'Max': np.float64(107.0), 'Min': np.float64(86.0), 'Mean': np.float64(92.2), 'Std': np.float64(5.455272678794342)}
2024-11-09 17:18:55,896 - INFO - Bottom 10 Std Stats: {'Max': np.float64(0.0), 'Min': np.float64(0.0), 'Mean': np.float64(0.0), 'Std': np.float64(0.0)}
[I 2024-11-09 17:18:55,930] Trial 219 finished with value: 104.0 and parameters: {'x_0': 2, 'x_1': 5, 'x_2': -5, 'x_3': 5, 'x_4': -5}. Best is trial 162 with value: 9.0.
2024-11-09 17:19:05,877 - INFO - Candidate Mean Stats: {'Max': np.float64(107.0), 'Min': np.float64(-6.064593272014918e-14), 'Mean': np.float64(0.06910233404325336), 'Std': np.float64(2.0081299020327954)}
2024-11-09 17:19:05,879 - INFO - Candidate Std Stats: {'Max': np.float64(0.999999997333005), 'Min': np.float64(0.0), 'Mean': np.float64(0.9986339616855932), 'Std': np.float64(0.036934548190736785)}
2024-11-09 17:19:05,906 - INFO - Top 10 Mean Stats: {'Max': np.float64(2.1649348980190553e-15), 'Min': np.float64(-2.242650509742816e-15), 'Mean': np.float64(5.4400928206632694e-17), 'Std': np.float64(1.7366689169242495e-15)}
2024-11-09 17:19:05,906 - INFO - Top 10 Std Stats: {'Max': np.float64(0.999999997333005), 'Min': np.float64(0.9999999968674452), 'Mean': np.float64(0.9999999970183486), 'Std': np.float64(1.406225152603901e-10)}
2024-11-09 17:19:05,906 - INFO - Bottom 10 Mean Stats: {'Max': np.float64(107.0), 'Min': np.float64(88.0), 'Mean': np.float64(94.0), 'Std': np.float64(6.04979338490167)}
2024-11-09 17:19:05,906 - INFO - Bottom 10 Std Stats: {'Max': np.float64(0.0), 'Min': np.float64(0.0), 'Mean': np.float64(0.0), 'Std': np.float64(0.0)}
[I 2024-11-09 17:19:05,939] Trial 220 finished with value: 26.0 and parameters: {'x_0': -4, 'x_1': -3, 'x_2': 0, 'x_3': 0, 'x_4': 1}. Best is trial 162 with value: 9.0.
2024-11-09 17:19:15,272 - INFO - Candidate Mean Stats: {'Max': np.float64(107.0), 'Min': np.float64(-4.8205883729224296e-14), 'Mean': np.float64(0.06926377358724876), 'Std': np.float64(2.0091691799897795)}
2024-11-09 17:19:15,274 - INFO - Candidate Std Stats: {'Max': np.float64(0.9999999973747054), 'Min': np.float64(0.0), 'Mean': np.float64(0.9986277528758136), 'Std': np.float64(0.03701828010309269)}
2024-11-09 17:19:15,307 - INFO - Top 10 Mean Stats: {'Max': np.float64(3.0198066269804257e-15), 'Min': np.float64(-8.548717289613706e-16), 'Mean': np.float64(8.021361352916756e-16), 'Std': np.float64(1.1600482590778253e-15)}
2024-11-09 17:19:15,307 - INFO - Top 10 Std Stats: {'Max': np.float64(0.9999999973747054), 'Min': np.float64(0.9999999967155627), 'Mean': np.float64(0.9999999970091465), 'Std': np.float64(1.6611888648513593e-10)}
2024-11-09 17:19:15,308 - INFO - Bottom 10 Mean Stats: {'Max': np.float64(107.0), 'Min': np.float64(88.0), 'Mean': np.float64(94.0), 'Std': np.float64(6.04979338490167)}
2024-11-09 17:19:15,308 - INFO - Bottom 10 Std Stats: {'Max': np.float64(0.0), 'Min': np.float64(0.0), 'Mean': np.float64(0.0), 'Std': np.float64(0.0)}
[I 2024-11-09 17:19:15,340] Trial 221 finished with value: 36.0 and parameters: {'x_0': 1, 'x_1': 4, 'x_2': -3, 'x_3': -1, 'x_4': 3}. Best is trial 162 with value: 9.0.
2024-11-09 17:19:25,176 - INFO - Candidate Mean Stats: {'Max': np.float64(107.0), 'Min': np.float64(-6.602496327445806e-14), 'Mean': np.float64(0.06948730526355006), 'Std': np.float64(2.0111630761592676)}
2024-11-09 17:19:25,177 - INFO - Candidate Std Stats: {'Max': np.float64(0.9999999971715338), 'Min': np.float64(0.0), 'Mean': np.float64(0.9986215433227372), 'Std': np.float64(0.03710182198195091)}
2024-11-09 17:19:25,207 - INFO - Top 10 Mean Stats: {'Max': np.float64(4.107825191113079e-15), 'Min': np.float64(-2.8824165276830625e-15), 'Mean': np.float64(6.284556208768776e-16), 'Std': np.float64(1.988299966597865e-15)}
2024-11-09 17:19:25,207 - INFO - Top 10 Std Stats: {'Max': np.float64(0.9999999971715338), 'Min': np.float64(0.999999996902625), 'Mean': np.float64(0.9999999970087273), 'Std': np.float64(8.712920006707141e-11)}
2024-11-09 17:19:25,208 - INFO - Bottom 10 Mean Stats: {'Max': np.float64(107.0), 'Min': np.float64(88.0), 'Mean': np.float64(94.0), 'Std': np.float64(6.04979338490167)}
2024-11-09 17:19:25,208 - INFO - Bottom 10 Std Stats: {'Max': np.float64(0.0), 'Min': np.float64(0.0), 'Mean': np.float64(0.0), 'Std': np.float64(0.0)}
[I 2024-11-09 17:19:25,237] Trial 222 finished with value: 22.0 and parameters: {'x_0': 0, 'x_1': 3, 'x_2': 0, 'x_3': -3, 'x_4': 2}. Best is trial 162 with value: 9.0.
2024-11-09 17:19:34,399 - INFO - Candidate Mean Stats: {'Max': np.float64(107.0), 'Min': np.float64(-5.91415805217821e-14), 'Mean': np.float64(0.06962390795462307), 'Std': np.float64(2.011905359390428)}
2024-11-09 17:19:34,400 - INFO - Candidate Std Stats: {'Max': np.float64(0.9999999966331089), 'Min': np.float64(0.0), 'Mean': np.float64(0.99861533409936), 'Std': np.float64(0.037185175147707215)}
2024-11-09 17:19:34,423 - INFO - Top 10 Mean Stats: {'Max': np.float64(3.68594044175552e-15), 'Min': np.float64(-1.7763568394002505e-15), 'Mean': np.float64(7.763234499691409e-16), 'Std': np.float64(1.809566489447268e-15)}
2024-11-09 17:19:34,423 - INFO - Top 10 Std Stats: {'Max': np.float64(0.9999999966331089), 'Min': np.float64(0.9999999960974664), 'Mean': np.float64(0.9999999962957391), 'Std': np.float64(1.4821409507115456e-10)}
2024-11-09 17:19:34,423 - INFO - Bottom 10 Mean Stats: {'Max': np.float64(107.0), 'Min': np.float64(88.0), 'Mean': np.float64(94.0), 'Std': np.float64(6.04979338490167)}
2024-11-09 17:19:34,423 - INFO - Bottom 10 Std Stats: {'Max': np.float64(0.0), 'Min': np.float64(0.0), 'Mean': np.float64(0.0), 'Std': np.float64(0.0)}
