[I 2024-11-09 16:47:39,749] Trial 47 finished with value: 63.0 and parameters: {'x_0': -2, 'x_1': -4, 'x_2': 3, 'x_3': -5, 'x_4': 3}. Best is trial 13 with value: 19.0.
2024-11-09 16:47:46,431 - INFO - Candidate Mean Stats: {'Max': np.float64(109.0), 'Min': np.float64(-1.0165202013467934e-13), 'Mean': np.float64(0.01602597934815679), 'Std': np.float64(0.9906443939425704)}
2024-11-09 16:47:46,432 - INFO - Candidate Std Stats: {'Max': np.float64(0.9999999960511663), 'Min': np.float64(0.0), 'Mean': np.float64(0.9997019430990842), 'Std': np.float64(0.01726132663361798)}
2024-11-09 16:47:46,462 - INFO - Top 10 Mean Stats: {'Max': np.float64(4.263256414560601e-15), 'Min': np.float64(-3.1086244689504383e-15), 'Mean': np.float64(-1.8596235662471373e-16), 'Std': np.float64(1.966096913396573e-15)}
2024-11-09 16:47:46,462 - INFO - Top 10 Std Stats: {'Max': np.float64(0.9999999960511663), 'Min': np.float64(0.9999999954399365), 'Mean': np.float64(0.9999999956179911), 'Std': np.float64(1.8566207558319767e-10)}
2024-11-09 16:47:46,462 - INFO - Bottom 10 Mean Stats: {'Max': np.float64(109.0), 'Min': np.float64(71.0), 'Mean': np.float64(81.7), 'Std': np.float64(11.19866063420086)}
2024-11-09 16:47:46,463 - INFO - Bottom 10 Std Stats: {'Max': np.float64(0.0), 'Min': np.float64(0.0), 'Mean': np.float64(0.0), 'Std': np.float64(0.0)}
[I 2024-11-09 16:47:46,497] Trial 48 finished with value: 55.0 and parameters: {'x_0': -5, 'x_1': 1, 'x_2': -2, 'x_3': 4, 'x_4': -3}. Best is trial 13 with value: 19.0.
2024-11-09 16:47:54,266 - INFO - Candidate Mean Stats: {'Max': np.float64(109.0), 'Min': np.float64(-9.95981075391228e-14), 'Mean': np.float64(0.016367486075839332), 'Std': np.float64(1.0000740586006653)}
2024-11-09 16:47:54,267 - INFO - Candidate Std Stats: {'Max': np.float64(0.9999999965801937), 'Min': np.float64(0.0), 'Mean': np.float64(0.9996957338896253), 'Std': np.float64(0.017440151101217587)}
2024-11-09 16:47:54,308 - INFO - Top 10 Mean Stats: {'Max': np.float64(4.8072656966269275e-15), 'Min': np.float64(-6.242228955954943e-15), 'Mean': np.float64(-3.4972025275692425e-16), 'Std': np.float64(3.534537806226987e-15)}
2024-11-09 16:47:54,309 - INFO - Top 10 Std Stats: {'Max': np.float64(0.9999999965801937), 'Min': np.float64(0.9999999957416088), 'Mean': np.float64(0.9999999959914503), 'Std': np.float64(2.744783400189063e-10)}
2024-11-09 16:47:54,309 - INFO - Bottom 10 Mean Stats: {'Max': np.float64(109.0), 'Min': np.float64(71.0), 'Mean': np.float64(81.7), 'Std': np.float64(11.19866063420086)}
2024-11-09 16:47:54,309 - INFO - Bottom 10 Std Stats: {'Max': np.float64(0.0), 'Min': np.float64(0.0), 'Mean': np.float64(0.0), 'Std': np.float64(0.0)}
[I 2024-11-09 16:47:54,347] Trial 49 finished with value: 52.0 and parameters: {'x_0': 3, 'x_1': -5, 'x_2': 4, 'x_3': 1, 'x_4': 1}. Best is trial 13 with value: 19.0.
2024-11-09 16:48:01,423 - INFO - Candidate Mean Stats: {'Max': np.float64(109.0), 'Min': np.float64(-1.0056400157054667e-13), 'Mean': np.float64(0.01669036516383009), 'Std': np.float64(1.0084280646494659)}
2024-11-09 16:48:01,424 - INFO - Candidate Std Stats: {'Max': np.float64(0.9999999958900461), 'Min': np.float64(0.0), 'Mean': np.float64(0.9996895251803922), 'Std': np.float64(0.0176171583099031)}
2024-11-09 16:48:01,452 - INFO - Top 10 Mean Stats: {'Max': np.float64(3.519406988061746e-15), 'Min': np.float64(-9.22595333463505e-15), 'Mean': np.float64(-8.121281425133021e-16), 'Std': np.float64(3.693848192113011e-15)}
2024-11-09 16:48:01,452 - INFO - Top 10 Std Stats: {'Max': np.float64(0.9999999958900461), 'Min': np.float64(0.9999999955408289), 'Mean': np.float64(0.9999999956992195), 'Std': np.float64(1.098136734528209e-10)}
2024-11-09 16:48:01,453 - INFO - Bottom 10 Mean Stats: {'Max': np.float64(109.0), 'Min': np.float64(71.0), 'Mean': np.float64(81.7), 'Std': np.float64(11.19866063420086)}
2024-11-09 16:48:01,453 - INFO - Bottom 10 Std Stats: {'Max': np.float64(0.0), 'Min': np.float64(0.0), 'Mean': np.float64(0.0), 'Std': np.float64(0.0)}
[I 2024-11-09 16:48:01,489] Trial 50 finished with value: 31.0 and parameters: {'x_0': 0, 'x_1': -1, 'x_2': 1, 'x_3': 5, 'x_4': -2}. Best is trial 13 with value: 19.0.
2024-11-09 16:48:08,125 - INFO - Candidate Mean Stats: {'Max': np.float64(109.0), 'Min': np.float64(-8.495426584431698e-14), 'Mean': np.float64(0.016882850773978407), 'Std': np.float64(1.0113791342154093)}
2024-11-09 16:48:08,127 - INFO - Candidate Std Stats: {'Max': np.float64(0.9999999953205846), 'Min': np.float64(0.0), 'Mean': np.float64(0.9996833151846963), 'Std': np.float64(0.017792402465326946)}
2024-11-09 16:48:08,154 - INFO - Top 10 Mean Stats: {'Max': np.float64(5.5622173533720344e-15), 'Min': np.float64(-5.3915205633359164e-15), 'Mean': np.float64(-8.229528170033974e-16), 'Std': np.float64(3.737673650716873e-15)}
2024-11-09 16:48:08,154 - INFO - Top 10 Std Stats: {'Max': np.float64(0.9999999953205846), 'Min': np.float64(0.9999999948114658), 'Mean': np.float64(0.9999999949577967), 'Std': np.float64(1.4614649200114955e-10)}
2024-11-09 16:48:08,154 - INFO - Bottom 10 Mean Stats: {'Max': np.float64(109.0), 'Min': np.float64(71.0), 'Mean': np.float64(81.7), 'Std': np.float64(11.19866063420086)}
2024-11-09 16:48:08,154 - INFO - Bottom 10 Std Stats: {'Max': np.float64(0.0), 'Min': np.float64(0.0), 'Mean': np.float64(0.0), 'Std': np.float64(0.0)}
[I 2024-11-09 16:48:08,188] Trial 51 finished with value: 50.0 and parameters: {'x_0': 1, 'x_1': 5, 'x_2': -2, 'x_3': -2, 'x_4': 4}. Best is trial 13 with value: 19.0.
2024-11-09 16:48:16,378 - INFO - Candidate Mean Stats: {'Max': np.float64(109.0), 'Min': np.float64(-1.0453859999870474e-13), 'Mean': np.float64(0.017193311435508018), 'Std': np.float64(1.0190192377452585)}
2024-11-09 16:48:16,380 - INFO - Candidate Std Stats: {'Max': np.float64(0.9999999957237825), 'Min': np.float64(0.0), 'Mean': np.float64(0.9996771064587954), 'Std': np.float64(0.017965935203936318)}
2024-11-09 16:48:16,423 - INFO - Top 10 Mean Stats: {'Max': np.float64(4.7628567756419214e-15), 'Min': np.float64(-8.670841822322472e-15), 'Mean': np.float64(-1.8318679906315075e-16), 'Std': np.float64(4.126309325734594e-15)}
2024-11-09 16:48:16,423 - INFO - Top 10 Std Stats: {'Max': np.float64(0.9999999957237825), 'Min': np.float64(0.9999999953328326), 'Mean': np.float64(0.9999999954888914), 'Std': np.float64(1.2407908537260152e-10)}
2024-11-09 16:48:16,424 - INFO - Bottom 10 Mean Stats: {'Max': np.float64(109.0), 'Min': np.float64(71.0), 'Mean': np.float64(81.7), 'Std': np.float64(11.19866063420086)}
2024-11-09 16:48:16,425 - INFO - Bottom 10 Std Stats: {'Max': np.float64(0.0), 'Min': np.float64(0.0), 'Mean': np.float64(0.0), 'Std': np.float64(0.0)}
[I 2024-11-09 16:48:16,464] Trial 52 finished with value: 46.0 and parameters: {'x_0': -2, 'x_1': 1, 'x_2': 4, 'x_3': -5, 'x_4': 0}. Best is trial 13 with value: 19.0.
2024-11-09 16:48:22,784 - INFO - Candidate Mean Stats: {'Max': np.float64(109.0), 'Min': np.float64(-9.339196083146817e-14), 'Mean': np.float64(0.017478935244115226), 'Std': np.float64(1.0254408802421087)}
2024-11-09 16:48:22,784 - INFO - Candidate Std Stats: {'Max': np.float64(0.9999999958908927), 'Min': np.float64(0.0), 'Mean': np.float64(0.9996708969697439), 'Std': np.float64(0.018137805611955115)}
2024-11-09 16:48:22,821 - INFO - Top 10 Mean Stats: {'Max': np.float64(4.907185768843192e-15), 'Min': np.float64(-6.694644838489694e-15), 'Mean': np.float64(-4.799112496289836e-16), 'Std': np.float64(3.1147116220422877e-15)}
2024-11-09 16:48:22,821 - INFO - Top 10 Std Stats: {'Max': np.float64(0.9999999958908927), 'Min': np.float64(0.9999999953385009), 'Mean': np.float64(0.9999999955396346), 'Std': np.float64(1.64100776116742e-10)}
2024-11-09 16:48:22,822 - INFO - Bottom 10 Mean Stats: {'Max': np.float64(109.0), 'Min': np.float64(71.0), 'Mean': np.float64(81.7), 'Std': np.float64(11.19866063420086)}
2024-11-09 16:48:22,822 - INFO - Bottom 10 Std Stats: {'Max': np.float64(0.0), 'Min': np.float64(0.0), 'Mean': np.float64(0.0), 'Std': np.float64(0.0)}
[I 2024-11-09 16:48:22,855] Trial 53 finished with value: 68.0 and parameters: {'x_0': 5, 'x_1': -3, 'x_2': 0, 'x_3': -3, 'x_4': 5}. Best is trial 13 with value: 19.0.
2024-11-09 16:48:29,597 - INFO - Candidate Mean Stats: {'Max': np.float64(109.0), 'Min': np.float64(-9.287015600989434e-14), 'Mean': np.float64(0.017901161743795416), 'Std': np.float64(1.039338954545367)}
2024-11-09 16:48:29,597 - INFO - Candidate Std Stats: {'Max': np.float64(0.9999999956671447), 'Min': np.float64(0.0), 'Mean': np.float64(0.9996646881614744), 'Std': np.float64(0.018308060531446662)}
2024-11-09 16:48:29,629 - INFO - Top 10 Mean Stats: {'Max': np.float64(7.219225217625081e-15), 'Min': np.float64(-4.685141163918161e-15), 'Mean': np.float64(1.5737411374061623e-16), 'Std': np.float64(3.964181096972965e-15)}
2024-11-09 16:48:29,629 - INFO - Top 10 Std Stats: {'Max': np.float64(0.9999999956671447), 'Min': np.float64(0.9999999951693888), 'Mean': np.float64(0.9999999954281458), 'Std': np.float64(1.655810873493822e-10)}
2024-11-09 16:48:29,629 - INFO - Bottom 10 Mean Stats: {'Max': np.float64(109.0), 'Min': np.float64(71.0), 'Mean': np.float64(81.7), 'Std': np.float64(11.19866063420086)}
2024-11-09 16:48:29,631 - INFO - Bottom 10 Std Stats: {'Max': np.float64(0.0), 'Min': np.float64(0.0), 'Mean': np.float64(0.0), 'Std': np.float64(0.0)}
[I 2024-11-09 16:48:29,670] Trial 54 finished with value: 54.0 and parameters: {'x_0': 2, 'x_1': 3, 'x_2': 5, 'x_3': 0, 'x_4': 4}. Best is trial 13 with value: 19.0.
2024-11-09 16:48:38,029 - INFO - Candidate Mean Stats: {'Max': np.float64(109.0), 'Min': np.float64(-1.3433698597964394e-13), 'Mean': np.float64(0.01823645925824742), 'Std': np.float64(1.0480073527229476)}
2024-11-09 16:48:38,030 - INFO - Candidate Std Stats: {'Max': np.float64(0.9999999960790642), 'Min': np.float64(0.0), 'Mean': np.float64(0.9996584788848072), 'Std': np.float64(0.018476744599919145)}
2024-11-09 16:48:38,066 - INFO - Top 10 Mean Stats: {'Max': np.float64(7.760458942129845e-15), 'Min': np.float64(-8.959499808725014e-15), 'Mean': np.float64(-1.4649392809928939e-15), 'Std': np.float64(4.2096887666716335e-15)}
2024-11-09 16:48:38,066 - INFO - Top 10 Std Stats: {'Max': np.float64(0.9999999960790642), 'Min': np.float64(0.999999995425045), 'Mean': np.float64(0.999999995619399), 'Std': np.float64(2.0222116302678386e-10)}
2024-11-09 16:48:38,066 - INFO - Bottom 10 Mean Stats: {'Max': np.float64(109.0), 'Min': np.float64(71.0), 'Mean': np.float64(81.7), 'Std': np.float64(11.19866063420086)}
2024-11-09 16:48:38,067 - INFO - Bottom 10 Std Stats: {'Max': np.float64(0.0), 'Min': np.float64(0.0), 'Mean': np.float64(0.0), 'Std': np.float64(0.0)}
[I 2024-11-09 16:48:38,114] Trial 55 finished with value: 32.0 and parameters: {'x_0': -1, 'x_1': -1, 'x_2': 5, 'x_3': -2, 'x_4': -1}. Best is trial 13 with value: 19.0.
2024-11-09 16:48:46,972 - INFO - Candidate Mean Stats: {'Max': np.float64(109.0), 'Min': np.float64(-7.325251516476782e-14), 'Mean': np.float64(0.01843515408162632), 'Std': np.float64(1.0510329962706932)}
2024-11-09 16:48:46,974 - INFO - Candidate Std Stats: {'Max': np.float64(0.9999999963799461), 'Min': np.float64(0.0), 'Mean': np.float64(0.9996522701914345), 'Std': np.float64(0.018643900474245544)}
2024-11-09 16:48:47,008 - INFO - Top 10 Mean Stats: {'Max': np.float64(2.298161660974074e-15), 'Min': np.float64(-2.858824288409778e-15), 'Mean': np.float64(-3.65818486613989e-16), 'Std': np.float64(1.7736124685805996e-15)}
2024-11-09 16:48:47,008 - INFO - Top 10 Std Stats: {'Max': np.float64(0.9999999963799461), 'Min': np.float64(0.9999999957966336), 'Mean': np.float64(0.9999999960388495), 'Std': np.float64(1.7311478375641212e-10)}
2024-11-09 16:48:47,009 - INFO - Bottom 10 Mean Stats: {'Max': np.float64(109.0), 'Min': np.float64(71.0), 'Mean': np.float64(81.7), 'Std': np.float64(11.19866063420086)}
2024-11-09 16:48:47,009 - INFO - Bottom 10 Std Stats: {'Max': np.float64(0.0), 'Min': np.float64(0.0), 'Mean': np.float64(0.0), 'Std': np.float64(0.0)}
[I 2024-11-09 16:48:47,048] Trial 56 finished with value: 42.0 and parameters: {'x_0': 0, 'x_1': 5, 'x_2': 2, 'x_3': -2, 'x_4': 3}. Best is trial 13 with value: 19.0.
2024-11-09 16:48:55,080 - INFO - Candidate Mean Stats: {'Max': np.float64(109.0), 'Min': np.float64(-9.079022256219815e-14), 'Mean': np.float64(0.018695941037311144), 'Std': np.float64(1.0562261727884126)}
2024-11-09 16:48:55,081 - INFO - Candidate Std Stats: {'Max': np.float64(0.9999999988748208), 'Min': np.float64(0.0), 'Mean': np.float64(0.9996460601898087), 'Std': np.float64(0.018809568861479)}
2024-11-09 16:48:55,113 - INFO - Top 10 Mean Stats: {'Max': np.float64(3.608224830031759e-16), 'Min': np.float64(-2.0539125955565396e-15), 'Mean': np.float64(-3.6054492724701954e-16), 'Std': np.float64(6.783844819908536e-16)}
2024-11-09 16:48:55,113 - INFO - Top 10 Std Stats: {'Max': np.float64(0.9999999988748208), 'Min': np.float64(0.9999999982814948), 'Mean': np.float64(0.9999999985641077), 'Std': np.float64(2.50521665506208e-10)}
2024-11-09 16:48:55,113 - INFO - Bottom 10 Mean Stats: {'Max': np.float64(109.0), 'Min': np.float64(71.0), 'Mean': np.float64(81.7), 'Std': np.float64(11.19866063420086)}
2024-11-09 16:48:55,113 - INFO - Bottom 10 Std Stats: {'Max': np.float64(0.0), 'Min': np.float64(0.0), 'Mean': np.float64(0.0), 'Std': np.float64(0.0)}
[I 2024-11-09 16:48:55,149] Trial 57 finished with value: 49.0 and parameters: {'x_0': 2, 'x_1': -2, 'x_2': 0, 'x_3': -5, 'x_4': 4}. Best is trial 13 with value: 19.0.
2024-11-09 16:49:03,882 - INFO - Candidate Mean Stats: {'Max': np.float64(109.0), 'Min': np.float64(-8.757439218243234e-14), 'Mean': np.float64(0.01900019248561008), 'Std': np.float64(1.063254710756876)}
2024-11-09 16:49:03,884 - INFO - Candidate Std Stats: {'Max': np.float64(0.9999999956707006), 'Min': np.float64(0.0), 'Mean': np.float64(0.9996398515746702), 'Std': np.float64(0.018973788775209298)}
2024-11-09 16:49:03,921 - INFO - Top 10 Mean Stats: {'Max': np.float64(9.103828801926284e-15), 'Min': np.float64(-1.1679546219056647e-14), 'Mean': np.float64(-4.451994328746878e-16), 'Std': np.float64(5.270593536314055e-15)}
2024-11-09 16:49:03,922 - INFO - Top 10 Std Stats: {'Max': np.float64(0.9999999956707006), 'Min': np.float64(0.9999999948659514), 'Mean': np.float64(0.9999999951706698), 'Std': np.float64(2.7884775794040674e-10)}
2024-11-09 16:49:03,922 - INFO - Bottom 10 Mean Stats: {'Max': np.float64(109.0), 'Min': np.float64(71.0), 'Mean': np.float64(81.7), 'Std': np.float64(11.19866063420086)}
2024-11-09 16:49:03,922 - INFO - Bottom 10 Std Stats: {'Max': np.float64(0.0), 'Min': np.float64(0.0), 'Mean': np.float64(0.0), 'Std': np.float64(0.0)}
[I 2024-11-09 16:49:03,959] Trial 58 finished with value: 46.0 and parameters: {'x_0': -5, 'x_1': -2, 'x_2': 0, 'x_3': -1, 'x_4': 4}. Best is trial 13 with value: 19.0.
2024-11-09 16:49:11,625 - INFO - Candidate Mean Stats: {'Max': np.float64(109.0), 'Min': np.float64(-8.759659664292485e-14), 'Mean': np.float64(0.019285816294217346), 'Std': np.float64(1.069410276623044)}
2024-11-09 16:49:11,626 - INFO - Candidate Std Stats: {'Max': np.float64(0.9999999961572212), 'Min': np.float64(0.0), 'Mean': np.float64(0.9996336425077748), 'Std': np.float64(0.01913659747167731)}
2024-11-09 16:49:11,659 - INFO - Top 10 Mean Stats: {'Max': np.float64(7.460698725481052e-15), 'Min': np.float64(-5.684341886080802e-15), 'Mean': np.float64(9.625633623500107e-16), 'Std': np.float64(3.5050852147835224e-15)}
2024-11-09 16:49:11,659 - INFO - Top 10 Std Stats: {'Max': np.float64(0.9999999961572212), 'Min': np.float64(0.999999995527608), 'Mean': np.float64(0.9999999958413095), 'Std': np.float64(2.1858553148111448e-10)}
2024-11-09 16:49:11,660 - INFO - Bottom 10 Mean Stats: {'Max': np.float64(109.0), 'Min': np.float64(71.0), 'Mean': np.float64(81.7), 'Std': np.float64(11.19866063420086)}
2024-11-09 16:49:11,660 - INFO - Bottom 10 Std Stats: {'Max': np.float64(0.0), 'Min': np.float64(0.0), 'Mean': np.float64(0.0), 'Std': np.float64(0.0)}
[I 2024-11-09 16:49:11,694] Trial 59 finished with value: 57.0 and parameters: {'x_0': -5, 'x_1': 0, 'x_2': 0, 'x_3': 4, 'x_4': 4}. Best is trial 13 with value: 19.0.
2024-11-09 16:49:21,127 - INFO - Candidate Mean Stats: {'Max': np.float64(109.0), 'Min': np.float64(-8.100187187665142e-14), 'Mean': np.float64(0.019639741448361097), 'Std': np.float64(1.0787948353598769)}
2024-11-09 16:49:21,128 - INFO - Candidate Std Stats: {'Max': np.float64(0.9999999957496174), 'Min': np.float64(0.0), 'Mean': np.float64(0.9996274327099836), 'Std': np.float64(0.01929803066248305)}
2024-11-09 16:49:21,163 - INFO - Top 10 Mean Stats: {'Max': np.float64(3.644307078332077e-15), 'Min': np.float64(-5.12645481620666e-15), 'Mean': np.float64(-1.1884937478612299e-15), 'Std': np.float64(3.109033291609338e-15)}
2024-11-09 16:49:21,163 - INFO - Top 10 Std Stats: {'Max': np.float64(0.9999999957496174), 'Min': np.float64(0.999999995197777), 'Mean': np.float64(0.9999999953888986), 'Std': np.float64(1.5821646808484e-10)}
2024-11-09 16:49:21,164 - INFO - Bottom 10 Mean Stats: {'Max': np.float64(109.0), 'Min': np.float64(71.0), 'Mean': np.float64(81.7), 'Std': np.float64(11.19866063420086)}
2024-11-09 16:49:21,164 - INFO - Bottom 10 Std Stats: {'Max': np.float64(0.0), 'Min': np.float64(0.0), 'Mean': np.float64(0.0), 'Std': np.float64(0.0)}
[I 2024-11-09 16:49:21,198] Trial 60 finished with value: 75.0 and parameters: {'x_0': 5, 'x_1': -4, 'x_2': -5, 'x_3': 0, 'x_4': -3}. Best is trial 13 with value: 19.0.
2024-11-09 16:49:29,182 - INFO - Candidate Mean Stats: {'Max': np.float64(109.0), 'Min': np.float64(-7.36369298870443e-14), 'Mean': np.float64(0.020105432440655432), 'Std': np.float64(1.0948546078140942)}
2024-11-09 16:49:29,184 - INFO - Candidate Std Stats: {'Max': np.float64(0.99999999604173), 'Min': np.float64(0.0), 'Mean': np.float64(0.9996212234304823), 'Std': np.float64(0.01945812260668283)}
2024-11-09 16:49:29,217 - INFO - Top 10 Mean Stats: {'Max': np.float64(7.405187574249794e-15), 'Min': np.float64(-3.819167204710538e-15), 'Mean': np.float64(4.3201553445726407e-16), 'Std': np.float64(2.784238562261963e-15)}
2024-11-09 16:49:29,217 - INFO - Top 10 Std Stats: {'Max': np.float64(0.99999999604173), 'Min': np.float64(0.9999999956541665), 'Mean': np.float64(0.999999995810524), 'Std': np.float64(1.2196680964848213e-10)}
2024-11-09 16:49:29,217 - INFO - Bottom 10 Mean Stats: {'Max': np.float64(109.0), 'Min': np.float64(72.0), 'Mean': np.float64(82.1), 'Std': np.float64(10.87612063191651)}
2024-11-09 16:49:29,217 - INFO - Bottom 10 Std Stats: {'Max': np.float64(0.0), 'Min': np.float64(0.0), 'Mean': np.float64(0.0), 'Std': np.float64(0.0)}
[I 2024-11-09 16:49:29,253] Trial 61 finished with value: 49.0 and parameters: {'x_0': -2, 'x_1': 4, 'x_2': 3, 'x_3': -2, 'x_4': 4}. Best is trial 13 with value: 19.0.
2024-11-09 16:49:38,876 - INFO - Candidate Mean Stats: {'Max': np.float64(109.0), 'Min': np.float64(-7.68815566765113e-14), 'Mean': np.float64(0.020409683888954467), 'Std': np.float64(1.101636331297939)}
2024-11-09 16:49:38,877 - INFO - Candidate Std Stats: {'Max': np.float64(0.9999999989167057), 'Min': np.float64(0.0), 'Mean': np.float64(0.9996150148275766), 'Std': np.float64(0.019616906145310108)}
2024-11-09 16:49:38,906 - INFO - Top 10 Mean Stats: {'Max': np.float64(3.219646771412954e-15), 'Min': np.float64(-1.3183898417423734e-15), 'Mean': np.float64(4.028374855913341e-16), 'Std': np.float64(1.2141153651251523e-15)}
2024-11-09 16:49:38,906 - INFO - Top 10 Std Stats: {'Max': np.float64(0.9999999989167057), 'Min': np.float64(0.9999999983902109), 'Mean': np.float64(0.9999999985550712), 'Std': np.float64(1.5463866226703154e-10)}
2024-11-09 16:49:38,906 - INFO - Bottom 10 Mean Stats: {'Max': np.float64(109.0), 'Min': np.float64(72.0), 'Mean': np.float64(82.1), 'Std': np.float64(10.87612063191651)}
2024-11-09 16:49:38,906 - INFO - Bottom 10 Std Stats: {'Max': np.float64(0.0), 'Min': np.float64(0.0), 'Mean': np.float64(0.0), 'Std': np.float64(0.0)}
[I 2024-11-09 16:49:38,941] Trial 62 finished with value: 38.0 and parameters: {'x_0': -4, 'x_1': 3, 'x_2': 2, 'x_3': 0, 'x_4': 3}. Best is trial 13 with value: 19.0.
2024-11-09 16:49:47,763 - INFO - Candidate Mean Stats: {'Max': np.float64(109.0), 'Min': np.float64(-8.193445921733655e-14), 'Mean': np.float64(0.020645633991716882), 'Std': np.float64(1.105693910326942)}
2024-11-09 16:49:47,764 - INFO - Candidate Std Stats: {'Max': np.float64(0.9999999968610921), 'Min': np.float64(0.0), 'Mean': np.float64(0.999608805224469), 'Std': np.float64(0.01977441276435515)}
2024-11-09 16:49:47,789 - INFO - Top 10 Mean Stats: {'Max': np.float64(5.01577945843934e-15), 'Min': np.float64(-4.739958425759028e-15), 'Mean': np.float64(-4.627721816863329e-16), 'Std': np.float64(3.1134431725749483e-15)}
2024-11-09 16:49:47,790 - INFO - Top 10 Std Stats: {'Max': np.float64(0.9999999968610921), 'Min': np.float64(0.999999996081407), 'Mean': np.float64(0.9999999963206514), 'Std': np.float64(2.7068689975078435e-10)}
2024-11-09 16:49:47,790 - INFO - Bottom 10 Mean Stats: {'Max': np.float64(109.0), 'Min': np.float64(72.0), 'Mean': np.float64(82.1), 'Std': np.float64(10.87612063191651)}
2024-11-09 16:49:47,790 - INFO - Bottom 10 Std Stats: {'Max': np.float64(0.0), 'Min': np.float64(0.0), 'Mean': np.float64(0.0), 'Std': np.float64(0.0)}
