[I 2024-11-09 17:14:23,703] Trial 191 finished with value: 48.0 and parameters: {'x_0': 3, 'x_1': -5, 'x_2': -1, 'x_3': -3, 'x_4': 2}. Best is trial 162 with value: 9.0.
2024-11-09 17:14:35,297 - INFO - Candidate Mean Stats: {'Max': np.float64(107.0), 'Min': np.float64(-5.3135273958559995e-14), 'Mean': np.float64(0.06021074069704629), 'Std': np.float64(1.871991025913161)}
2024-11-09 17:14:35,298 - INFO - Candidate Std Stats: {'Max': np.float64(0.9999999966138357), 'Min': np.float64(0.0), 'Mean': np.float64(0.9988078195802241), 'Std': np.float64(0.03450721150890674)}
2024-11-09 17:14:35,328 - INFO - Top 10 Mean Stats: {'Max': np.float64(2.423061751244404e-15), 'Min': np.float64(-3.1807889655510733e-15), 'Mean': np.float64(-3.702593787124897e-16), 'Std': np.float64(1.706775270310429e-15)}
2024-11-09 17:14:35,329 - INFO - Top 10 Std Stats: {'Max': np.float64(0.9999999966138357), 'Min': np.float64(0.9999999961881617), 'Mean': np.float64(0.9999999963690115), 'Std': np.float64(1.422356941552899e-10)}
2024-11-09 17:14:35,329 - INFO - Bottom 10 Mean Stats: {'Max': np.float64(107.0), 'Min': np.float64(86.0), 'Mean': np.float64(91.9), 'Std': np.float64(5.699999999999999)}
2024-11-09 17:14:35,329 - INFO - Bottom 10 Std Stats: {'Max': np.float64(0.0), 'Min': np.float64(0.0), 'Mean': np.float64(0.0), 'Std': np.float64(0.0)}
[I 2024-11-09 17:14:35,357] Trial 192 finished with value: 60.0 and parameters: {'x_0': 3, 'x_1': 5, 'x_2': 1, 'x_3': -3, 'x_4': 4}. Best is trial 162 with value: 9.0.
2024-11-09 17:14:43,775 - INFO - Candidate Mean Stats: {'Max': np.float64(107.0), 'Min': np.float64(-5.986322548778845e-14), 'Mean': np.float64(0.06058329349088175), 'Std': np.float64(1.8779399794920555)}
2024-11-09 17:14:43,777 - INFO - Candidate Std Stats: {'Max': np.float64(0.9999999969861281), 'Min': np.float64(0.0), 'Mean': np.float64(0.9988016100118694), 'Std': np.float64(0.03459684978347989)}
2024-11-09 17:14:43,805 - INFO - Top 10 Mean Stats: {'Max': np.float64(2.964295475749168e-15), 'Min': np.float64(-4.246603069191224e-15), 'Mean': np.float64(-9.472977957614149e-16), 'Std': np.float64(1.946920999559933e-15)}
2024-11-09 17:14:43,805 - INFO - Top 10 Std Stats: {'Max': np.float64(0.9999999969861281), 'Min': np.float64(0.9999999963875089), 'Mean': np.float64(0.9999999966833967), 'Std': np.float64(1.983263047216936e-10)}
2024-11-09 17:14:43,805 - INFO - Bottom 10 Mean Stats: {'Max': np.float64(107.0), 'Min': np.float64(86.0), 'Mean': np.float64(91.9), 'Std': np.float64(5.699999999999999)}
2024-11-09 17:14:43,806 - INFO - Bottom 10 Std Stats: {'Max': np.float64(0.0), 'Min': np.float64(0.0), 'Mean': np.float64(0.0), 'Std': np.float64(0.0)}
[I 2024-11-09 17:14:43,835] Trial 193 finished with value: 32.0 and parameters: {'x_0': 3, 'x_1': -1, 'x_2': 3, 'x_3': 3, 'x_4': -2}. Best is trial 162 with value: 9.0.
2024-11-09 17:14:55,535 - INFO - Candidate Mean Stats: {'Max': np.float64(107.0), 'Min': np.float64(-6.400435736964027e-14), 'Mean': np.float64(0.0607819883142607), 'Std': np.float64(1.8796256771680673)}
2024-11-09 17:14:55,536 - INFO - Candidate Std Stats: {'Max': np.float64(0.9999999965637445), 'Min': np.float64(0.0), 'Mean': np.float64(0.9987954012250142), 'Std': np.float64(0.034686255325794516)}
2024-11-09 17:14:55,569 - INFO - Top 10 Mean Stats: {'Max': np.float64(3.907985046680551e-15), 'Min': np.float64(-4.585221091701896e-15), 'Mean': np.float64(-5.255214666211038e-16), 'Std': np.float64(2.8989946602902406e-15)}
2024-11-09 17:14:55,569 - INFO - Top 10 Std Stats: {'Max': np.float64(0.9999999965637445), 'Min': np.float64(0.9999999962297019), 'Mean': np.float64(0.9999999963798791), 'Std': np.float64(1.0334624756829006e-10)}
2024-11-09 17:14:55,570 - INFO - Bottom 10 Mean Stats: {'Max': np.float64(107.0), 'Min': np.float64(86.0), 'Mean': np.float64(91.9), 'Std': np.float64(5.699999999999999)}
2024-11-09 17:14:55,570 - INFO - Bottom 10 Std Stats: {'Max': np.float64(0.0), 'Min': np.float64(0.0), 'Mean': np.float64(0.0), 'Std': np.float64(0.0)}
[I 2024-11-09 17:14:55,603] Trial 194 finished with value: 54.0 and parameters: {'x_0': 2, 'x_1': 5, 'x_2': 0, 'x_3': 0, 'x_4': 5}. Best is trial 162 with value: 9.0.
2024-11-09 17:15:04,999 - INFO - Candidate Mean Stats: {'Max': np.float64(107.0), 'Min': np.float64(-5.944134073843088e-14), 'Mean': np.float64(0.06111728582871264), 'Std': np.float64(1.8844250793083515)}
2024-11-09 17:15:05,000 - INFO - Candidate Std Stats: {'Max': np.float64(0.9999999969457387), 'Min': np.float64(0.0), 'Mean': np.float64(0.9987891919893882), 'Std': np.float64(0.034775429888456263)}
2024-11-09 17:15:05,026 - INFO - Top 10 Mean Stats: {'Max': np.float64(2.0539125955565396e-15), 'Min': np.float64(-3.0753177782116835e-15), 'Mean': np.float64(-5.17363929475323e-16), 'Std': np.float64(1.853654907066173e-15)}
2024-11-09 17:15:05,027 - INFO - Top 10 Std Stats: {'Max': np.float64(0.9999999969457387), 'Min': np.float64(0.9999999966637897), 'Mean': np.float64(0.9999999967764209), 'Std': np.float64(9.596666343068017e-11)}
2024-11-09 17:15:05,027 - INFO - Bottom 10 Mean Stats: {'Max': np.float64(107.0), 'Min': np.float64(86.0), 'Mean': np.float64(91.9), 'Std': np.float64(5.699999999999999)}
2024-11-09 17:15:05,027 - INFO - Bottom 10 Std Stats: {'Max': np.float64(0.0), 'Min': np.float64(0.0), 'Mean': np.float64(0.0), 'Std': np.float64(0.0)}
[I 2024-11-09 17:15:05,064] Trial 195 finished with value: 34.0 and parameters: {'x_0': -3, 'x_1': -4, 'x_2': -2, 'x_3': 2, 'x_4': 1}. Best is trial 162 with value: 9.0.
2024-11-09 17:15:13,423 - INFO - Candidate Mean Stats: {'Max': np.float64(107.0), 'Min': np.float64(-7.073230889886873e-14), 'Mean': np.float64(0.06132839907855275), 'Std': np.float64(1.8863217859406651)}
2024-11-09 17:15:13,425 - INFO - Candidate Std Stats: {'Max': np.float64(0.9999999961584704), 'Min': np.float64(0.0), 'Mean': np.float64(0.9987829826675739), 'Std': np.float64(0.0348643752562507)}
2024-11-09 17:15:13,458 - INFO - Top 10 Mean Stats: {'Max': np.float64(3.984312879623531e-15), 'Min': np.float64(-3.752553823233029e-15), 'Mean': np.float64(3.9343528435153987e-16), 'Std': np.float64(2.2240620200304115e-15)}
2024-11-09 17:15:13,458 - INFO - Top 10 Std Stats: {'Max': np.float64(0.9999999961584704), 'Min': np.float64(0.9999999958716516), 'Mean': np.float64(0.9999999959774797), 'Std': np.float64(9.935535702723136e-11)}
2024-11-09 17:15:13,459 - INFO - Bottom 10 Mean Stats: {'Max': np.float64(107.0), 'Min': np.float64(86.0), 'Mean': np.float64(91.9), 'Std': np.float64(5.699999999999999)}
2024-11-09 17:15:13,459 - INFO - Bottom 10 Std Stats: {'Max': np.float64(0.0), 'Min': np.float64(0.0), 'Mean': np.float64(0.0), 'Std': np.float64(0.0)}
[I 2024-11-09 17:15:13,487] Trial 196 finished with value: 23.0 and parameters: {'x_0': 2, 'x_1': 3, 'x_2': 0, 'x_3': -3, 'x_4': -1}. Best is trial 162 with value: 9.0.
2024-11-09 17:15:23,053 - INFO - Candidate Mean Stats: {'Max': np.float64(107.0), 'Min': np.float64(-6.270539643082884e-14), 'Mean': np.float64(0.06147121098285635), 'Std': np.float64(1.8871875944556238)}
2024-11-09 17:15:23,054 - INFO - Candidate Std Stats: {'Max': np.float64(0.9999999983638241), 'Min': np.float64(0.0), 'Mean': np.float64(0.9987767736869541), 'Std': np.float64(0.034953093193789725)}
2024-11-09 17:15:23,080 - INFO - Top 10 Mean Stats: {'Max': np.float64(1.920685832601521e-15), 'Min': np.float64(-1.2323475573339237e-15), 'Mean': np.float64(5.151434834260725e-16), 'Std': np.float64(8.47031958353095e-16)}
2024-11-09 17:15:23,081 - INFO - Top 10 Std Stats: {'Max': np.float64(0.9999999983638241), 'Min': np.float64(0.9999999980535523), 'Mean': np.float64(0.9999999981547457), 'Std': np.float64(1.0915375514332497e-10)}
2024-11-09 17:15:23,081 - INFO - Bottom 10 Mean Stats: {'Max': np.float64(107.0), 'Min': np.float64(86.0), 'Mean': np.float64(91.9), 'Std': np.float64(5.699999999999999)}
2024-11-09 17:15:23,081 - INFO - Bottom 10 Std Stats: {'Max': np.float64(0.0), 'Min': np.float64(0.0), 'Mean': np.float64(0.0), 'Std': np.float64(0.0)}
[I 2024-11-09 17:15:23,112] Trial 197 finished with value: 83.0 and parameters: {'x_0': -5, 'x_1': 1, 'x_2': 4, 'x_3': 5, 'x_4': 4}. Best is trial 162 with value: 9.0.
2024-11-09 17:15:33,525 - INFO - Candidate Mean Stats: {'Max': np.float64(107.0), 'Min': np.float64(-6.634692795159936e-14), 'Mean': np.float64(0.061986575680995436), 'Std': np.float64(1.898470084259373)}
2024-11-09 17:15:33,526 - INFO - Candidate Std Stats: {'Max': np.float64(0.9999999968072534), 'Min': np.float64(0.0), 'Mean': np.float64(0.9987705639143756), 'Std': np.float64(0.035041585388915365)}
2024-11-09 17:15:33,563 - INFO - Top 10 Mean Stats: {'Max': np.float64(3.738676035425214e-15), 'Min': np.float64(-7.882583474838611e-16), 'Mean': np.float64(7.437800375598159e-16), 'Std': np.float64(1.3156415289386168e-15)}
2024-11-09 17:15:33,563 - INFO - Top 10 Std Stats: {'Max': np.float64(0.9999999968072534), 'Min': np.float64(0.9999999962653507), 'Mean': np.float64(0.999999996451694), 'Std': np.float64(2.1217048318121426e-10)}
2024-11-09 17:15:33,563 - INFO - Bottom 10 Mean Stats: {'Max': np.float64(107.0), 'Min': np.float64(86.0), 'Mean': np.float64(91.9), 'Std': np.float64(5.699999999999999)}
2024-11-09 17:15:33,563 - INFO - Bottom 10 Std Stats: {'Max': np.float64(0.0), 'Min': np.float64(0.0), 'Mean': np.float64(0.0), 'Std': np.float64(0.0)}
[I 2024-11-09 17:15:33,600] Trial 198 finished with value: 74.0 and parameters: {'x_0': -5, 'x_1': -2, 'x_2': -5, 'x_3': 2, 'x_4': 4}. Best is trial 162 with value: 9.0.
2024-11-09 17:15:42,793 - INFO - Candidate Mean Stats: {'Max': np.float64(107.0), 'Min': np.float64(-6.284417430890698e-14), 'Mean': np.float64(0.06244605746005923), 'Std': np.float64(1.9073890892921823)}
2024-11-09 17:15:42,793 - INFO - Candidate Std Stats: {'Max': np.float64(0.9999999963752009), 'Min': np.float64(0.0), 'Mean': np.float64(0.9987643550974621), 'Std': np.float64(0.03512985360861466)}
2024-11-09 17:15:42,821 - INFO - Top 10 Mean Stats: {'Max': np.float64(3.257116798494053e-15), 'Min': np.float64(-2.2093438190040614e-15), 'Mean': np.float64(6.569744748219362e-16), 'Std': np.float64(1.4637901133357753e-15)}
2024-11-09 17:15:42,821 - INFO - Top 10 Std Stats: {'Max': np.float64(0.9999999963752009), 'Min': np.float64(0.9999999960925493), 'Mean': np.float64(0.9999999961967772), 'Std': np.float64(9.23144094689972e-11)}
2024-11-09 17:15:42,821 - INFO - Bottom 10 Mean Stats: {'Max': np.float64(107.0), 'Min': np.float64(86.0), 'Mean': np.float64(91.9), 'Std': np.float64(5.699999999999999)}
2024-11-09 17:15:42,821 - INFO - Bottom 10 Std Stats: {'Max': np.float64(0.0), 'Min': np.float64(0.0), 'Mean': np.float64(0.0), 'Std': np.float64(0.0)}
[I 2024-11-09 17:15:42,852] Trial 199 finished with value: 42.0 and parameters: {'x_0': -4, 'x_1': 3, 'x_2': 2, 'x_3': -2, 'x_4': 3}. Best is trial 162 with value: 9.0.
2024-11-09 17:15:52,523 - INFO - Candidate Mean Stats: {'Max': np.float64(107.0), 'Min': np.float64(-5.519612544802044e-14), 'Mean': np.float64(0.06270684441574408), 'Std': np.float64(1.9102496045923814)}
2024-11-09 17:15:52,524 - INFO - Candidate Std Stats: {'Max': np.float64(0.9999999974617422), 'Min': np.float64(0.0), 'Mean': np.float64(0.9987581460262365), 'Std': np.float64(0.03521789949480662)}
2024-11-09 17:15:52,553 - INFO - Top 10 Mean Stats: {'Max': np.float64(4.574118861455645e-15), 'Min': np.float64(-1.3322676295501878e-15), 'Mean': np.float64(7.005507285384737e-16), 'Std': np.float64(2.096484732691488e-15)}
2024-11-09 17:15:52,553 - INFO - Top 10 Std Stats: {'Max': np.float64(0.9999999974617422), 'Min': np.float64(0.9999999969433542), 'Mean': np.float64(0.9999999971876099), 'Std': np.float64(1.5434172849078094e-10)}
2024-11-09 17:15:52,553 - INFO - Bottom 10 Mean Stats: {'Max': np.float64(107.0), 'Min': np.float64(86.0), 'Mean': np.float64(91.9), 'Std': np.float64(5.699999999999999)}
2024-11-09 17:15:52,553 - INFO - Bottom 10 Std Stats: {'Max': np.float64(0.0), 'Min': np.float64(0.0), 'Mean': np.float64(0.0), 'Std': np.float64(0.0)}
[I 2024-11-09 17:15:52,585] Trial 200 finished with value: 56.0 and parameters: {'x_0': 4, 'x_1': 2, 'x_2': -2, 'x_3': -4, 'x_4': -4}. Best is trial 162 with value: 9.0.
2024-11-09 17:16:02,419 - INFO - Candidate Mean Stats: {'Max': np.float64(107.0), 'Min': np.float64(-5.785927292834003e-14), 'Mean': np.float64(0.06305456035665721), 'Std': np.float64(1.9153281482010585)}
2024-11-09 17:16:02,420 - INFO - Candidate Std Stats: {'Max': np.float64(0.9999999974675828), 'Min': np.float64(0.0), 'Mean': np.float64(0.998751936928774), 'Std': np.float64(0.0353057247187943)}
2024-11-09 17:16:02,452 - INFO - Top 10 Mean Stats: {'Max': np.float64(3.991251773527438e-15), 'Min': np.float64(-3.0198066269804257e-15), 'Mean': np.float64(4.746203430272545e-16), 'Std': np.float64(2.373265321310766e-15)}
2024-11-09 17:16:02,452 - INFO - Top 10 Std Stats: {'Max': np.float64(0.9999999974675828), 'Min': np.float64(0.9999999969434274), 'Mean': np.float64(0.9999999971319948), 'Std': np.float64(1.763775124986475e-10)}
2024-11-09 17:16:02,452 - INFO - Bottom 10 Mean Stats: {'Max': np.float64(107.0), 'Min': np.float64(86.0), 'Mean': np.float64(91.9), 'Std': np.float64(5.699999999999999)}
2024-11-09 17:16:02,452 - INFO - Bottom 10 Std Stats: {'Max': np.float64(0.0), 'Min': np.float64(0.0), 'Mean': np.float64(0.0), 'Std': np.float64(0.0)}
[I 2024-11-09 17:16:02,486] Trial 201 finished with value: 52.0 and parameters: {'x_0': -3, 'x_1': 4, 'x_2': -3, 'x_3': 3, 'x_4': 3}. Best is trial 162 with value: 9.0.
2024-11-09 17:16:11,057 - INFO - Candidate Mean Stats: {'Max': np.float64(107.0), 'Min': np.float64(-7.140399382876694e-14), 'Mean': np.float64(0.06337743944464795), 'Std': np.float64(1.9196954981501688)}
2024-11-09 17:16:11,057 - INFO - Candidate Std Stats: {'Max': np.float64(0.9999999988555361), 'Min': np.float64(0.0), 'Mean': np.float64(0.9987457278182397), 'Std': np.float64(0.03539333092368803)}
2024-11-09 17:16:11,096 - INFO - Top 10 Mean Stats: {'Max': np.float64(1.5321077739827161e-15), 'Min': np.float64(-1.815214645262131e-15), 'Mean': np.float64(2.7366997557010097e-16), 'Std': np.float64(1.0416495580115143e-15)}
2024-11-09 17:16:11,096 - INFO - Top 10 Std Stats: {'Max': np.float64(0.9999999988555361), 'Min': np.float64(0.9999999983701238), 'Mean': np.float64(0.9999999985553292), 'Std': np.float64(1.5870710222163693e-10)}
2024-11-09 17:16:11,097 - INFO - Bottom 10 Mean Stats: {'Max': np.float64(107.0), 'Min': np.float64(86.0), 'Mean': np.float64(91.9), 'Std': np.float64(5.699999999999999)}
2024-11-09 17:16:11,097 - INFO - Bottom 10 Std Stats: {'Max': np.float64(0.0), 'Min': np.float64(0.0), 'Mean': np.float64(0.0), 'Std': np.float64(0.0)}
[I 2024-11-09 17:16:11,135] Trial 202 finished with value: 51.0 and parameters: {'x_0': -4, 'x_1': 3, 'x_2': -1, 'x_3': 5, 'x_4': 0}. Best is trial 162 with value: 9.0.
2024-11-09 17:16:21,222 - INFO - Candidate Mean Stats: {'Max': np.float64(107.0), 'Min': np.float64(-6.448175327022909e-14), 'Mean': np.float64(0.06369410931940812), 'Std': np.float64(1.9238868806401692)}
2024-11-09 17:16:21,223 - INFO - Candidate Std Stats: {'Max': np.float64(0.9999999970530106), 'Min': np.float64(0.0), 'Mean': np.float64(0.9987395182245816), 'Std': np.float64(0.03548071971513638)}
2024-11-09 17:16:21,246 - INFO - Top 10 Mean Stats: {'Max': np.float64(9.658940314238861e-16), 'Min': np.float64(-2.0539125955565396e-15), 'Mean': np.float64(-8.201772594418342e-16), 'Std': np.float64(9.738175322320328e-16)}
2024-11-09 17:16:21,246 - INFO - Top 10 Std Stats: {'Max': np.float64(0.9999999970530106), 'Min': np.float64(0.9999999964363097), 'Mean': np.float64(0.9999999966544397), 'Std': np.float64(1.86179158164178e-10)}
2024-11-09 17:16:21,247 - INFO - Bottom 10 Mean Stats: {'Max': np.float64(107.0), 'Min': np.float64(86.0), 'Mean': np.float64(91.9), 'Std': np.float64(5.699999999999999)}
2024-11-09 17:16:21,247 - INFO - Bottom 10 Std Stats: {'Max': np.float64(0.0), 'Min': np.float64(0.0), 'Mean': np.float64(0.0), 'Std': np.float64(0.0)}
[I 2024-11-09 17:16:21,272] Trial 203 finished with value: 55.0 and parameters: {'x_0': -4, 'x_1': 1, 'x_2': -3, 'x_3': -5, 'x_4': -2}. Best is trial 162 with value: 9.0.
2024-11-09 17:16:30,642 - INFO - Candidate Mean Stats: {'Max': np.float64(107.0), 'Min': np.float64(-7.593925488436071e-14), 'Mean': np.float64(0.06403561604709071), 'Std': np.float64(1.9287508856670321)}
2024-11-09 17:16:30,643 - INFO - Candidate Std Stats: {'Max': np.float64(0.9999999966845018), 'Min': np.float64(0.0), 'Mean': np.float64(0.9987333091349561), 'Std': np.float64(0.03556789273056856)}
2024-11-09 17:16:30,669 - INFO - Top 10 Mean Stats: {'Max': np.float64(5.972999872483342e-15), 'Min': np.float64(-3.2307490016592057e-15), 'Mean': np.float64(-2.3592239273284576e-16), 'Std': np.float64(2.6213294895330796e-15)}
2024-11-09 17:16:30,669 - INFO - Top 10 Std Stats: {'Max': np.float64(0.9999999966845018), 'Min': np.float64(0.9999999963565568), 'Mean': np.float64(0.999999996492353), 'Std': np.float64(8.609178578801296e-11)}
2024-11-09 17:16:30,669 - INFO - Bottom 10 Mean Stats: {'Max': np.float64(107.0), 'Min': np.float64(86.0), 'Mean': np.float64(91.9), 'Std': np.float64(5.699999999999999)}
2024-11-09 17:16:30,669 - INFO - Bottom 10 Std Stats: {'Max': np.float64(0.0), 'Min': np.float64(0.0), 'Mean': np.float64(0.0), 'Std': np.float64(0.0)}
[I 2024-11-09 17:16:30,701] Trial 204 finished with value: 10.0 and parameters: {'x_0': 0, 'x_1': -2, 'x_2': 1, 'x_3': -1, 'x_4': -2}. Best is trial 162 with value: 9.0.
2024-11-09 17:16:41,918 - INFO - Candidate Mean Stats: {'Max': np.float64(107.0), 'Min': np.float64(-5.61189983372401e-14), 'Mean': np.float64(0.06409770817939658), 'Std': np.float64(1.9289097812528975)}
2024-11-09 17:16:41,919 - INFO - Candidate Std Stats: {'Max': np.float64(0.9999999969821571), 'Min': np.float64(0.0), 'Mean': np.float64(0.9987270997438377), 'Std': np.float64(0.03565485152415133)}
2024-11-09 17:16:41,943 - INFO - Top 10 Mean Stats: {'Max': np.float64(2.786659791809143e-15), 'Min': np.float64(-4.030109579389318e-15), 'Mean': np.float64(-5.695444116327053e-16), 'Std': np.float64(2.1283878830764907e-15)}
2024-11-09 17:16:41,943 - INFO - Top 10 Std Stats: {'Max': np.float64(0.9999999969821571), 'Min': np.float64(0.9999999962032513), 'Mean': np.float64(0.9999999964676725), 'Std': np.float64(2.516659995970783e-10)}
2024-11-09 17:16:41,943 - INFO - Bottom 10 Mean Stats: {'Max': np.float64(107.0), 'Min': np.float64(86.0), 'Mean': np.float64(91.9), 'Std': np.float64(5.699999999999999)}
2024-11-09 17:16:41,943 - INFO - Bottom 10 Std Stats: {'Max': np.float64(0.0), 'Min': np.float64(0.0), 'Mean': np.float64(0.0), 'Std': np.float64(0.0)}
[I 2024-11-09 17:16:41,973] Trial 205 finished with value: 44.0 and parameters: {'x_0': -4, 'x_1': 1, 'x_2': 3, 'x_3': 3, 'x_4': 3}. Best is trial 162 with value: 9.0.
2024-11-09 17:16:50,436 - INFO - Candidate Mean Stats: {'Max': np.float64(107.0), 'Min': np.float64(-7.137346269558975e-14), 'Mean': np.float64(0.06437091356154265), 'Std': np.float64(1.9320142035473318)}
2024-11-09 17:16:50,438 - INFO - Candidate Std Stats: {'Max': np.float64(0.9999999969813946), 'Min': np.float64(0.0), 'Mean': np.float64(0.9987208902627193), 'Std': np.float64(0.03574159766689237)}
2024-11-09 17:16:50,465 - INFO - Top 10 Mean Stats: {'Max': np.float64(2.864375403532904e-15), 'Min': np.float64(-4.8072656966269275e-15), 'Mean': np.float64(5.515032874825465e-16), 'Std': np.float64(2.226785411207474e-15)}
2024-11-09 17:16:50,466 - INFO - Top 10 Std Stats: {'Max': np.float64(0.9999999969813946), 'Min': np.float64(0.9999999963006877), 'Mean': np.float64(0.9999999965636409), 'Std': np.float64(1.9126098064782838e-10)}
2024-11-09 17:16:50,467 - INFO - Bottom 10 Mean Stats: {'Max': np.float64(107.0), 'Min': np.float64(86.0), 'Mean': np.float64(91.9), 'Std': np.float64(5.699999999999999)}
2024-11-09 17:16:50,467 - INFO - Bottom 10 Std Stats: {'Max': np.float64(0.0), 'Min': np.float64(0.0), 'Mean': np.float64(0.0), 'Std': np.float64(0.0)}
[I 2024-11-09 17:16:50,501] Trial 206 finished with value: 70.0 and parameters: {'x_0': -4, 'x_1': -2, 'x_2': 0, 'x_3': 5, 'x_4': 5}. Best is trial 162 with value: 9.0.
2024-11-09 17:17:00,303 - INFO - Candidate Mean Stats: {'Max': np.float64(107.0), 'Min': np.float64(-6.145084441300241e-14), 'Mean': np.float64(0.06480555848768406), 'Std': np.float64(1.93985769623454)}
2024-11-09 17:17:00,304 - INFO - Candidate Std Stats: {'Max': np.float64(0.9999999983647597), 'Min': np.float64(0.0), 'Mean': np.float64(0.998714682001377), 'Std': np.float64(0.035828132750326196)}
2024-11-09 17:17:00,332 - INFO - Top 10 Mean Stats: {'Max': np.float64(9.381384558082572e-16), 'Min': np.float64(-1.4488410471358294e-15), 'Mean': np.float64(-4.554689958524705e-16), 'Std': np.float64(7.566560883681465e-16)}
2024-11-09 17:17:00,332 - INFO - Top 10 Std Stats: {'Max': np.float64(0.9999999983647597), 'Min': np.float64(0.9999999978089127), 'Mean': np.float64(0.9999999981036076), 'Std': np.float64(1.6922634561594466e-10)}
2024-11-09 17:17:00,332 - INFO - Bottom 10 Mean Stats: {'Max': np.float64(107.0), 'Min': np.float64(86.0), 'Mean': np.float64(91.9), 'Std': np.float64(5.699999999999999)}
2024-11-09 17:17:00,332 - INFO - Bottom 10 Std Stats: {'Max': np.float64(0.0), 'Min': np.float64(0.0), 'Mean': np.float64(0.0), 'Std': np.float64(0.0)}
