[I 2024-11-09 17:11:20,237] Trial 171 finished with value: 76.0 and parameters: {'x_0': 1, 'x_1': -3, 'x_2': 5, 'x_3': 5, 'x_4': 4}. Best is trial 53 with value: 4.0.
2024-11-09 17:11:30,171 - INFO - Candidate Mean Stats: {'Max': np.float64(91.0), 'Min': np.float64(-5.930811397547587e-14), 'Mean': np.float64(0.05164202643882991), 'Std': np.float64(1.7030983193188907)}
2024-11-09 17:11:30,172 - INFO - Candidate Std Stats: {'Max': np.float64(0.9999999965852607), 'Min': np.float64(0.0), 'Mean': np.float64(0.9989320024072919), 'Std': np.float64(0.03266257884497029)}
2024-11-09 17:11:30,204 - INFO - Top 10 Mean Stats: {'Max': np.float64(2.6145752229922437e-15), 'Min': np.float64(-5.118128143521972e-15), 'Mean': np.float64(-9.558326352632207e-16), 'Std': np.float64(2.0377819458345582e-15)}
2024-11-09 17:11:30,204 - INFO - Top 10 Std Stats: {'Max': np.float64(0.9999999965852607), 'Min': np.float64(0.999999995886044), 'Mean': np.float64(0.9999999961521409), 'Std': np.float64(2.2152011300447764e-10)}
2024-11-09 17:11:30,205 - INFO - Bottom 10 Mean Stats: {'Max': np.float64(91.0), 'Min': np.float64(83.0), 'Mean': np.float64(87.4), 'Std': np.float64(3.5270384177096794)}
2024-11-09 17:11:30,205 - INFO - Bottom 10 Std Stats: {'Max': np.float64(0.0), 'Min': np.float64(0.0), 'Mean': np.float64(0.0), 'Std': np.float64(0.0)}
[I 2024-11-09 17:11:30,235] Trial 172 finished with value: 63.0 and parameters: {'x_0': 2, 'x_1': -3, 'x_2': 3, 'x_3': 4, 'x_4': -5}. Best is trial 53 with value: 4.0.
2024-11-09 17:11:39,823 - INFO - Candidate Mean Stats: {'Max': np.float64(91.0), 'Min': np.float64(-8.637535131583718e-14), 'Mean': np.float64(0.052033206872357206), 'Std': np.float64(1.710306316674395)}
2024-11-09 17:11:39,824 - INFO - Candidate Std Stats: {'Max': np.float64(0.9999999968742899), 'Min': np.float64(0.0), 'Mean': np.float64(0.9989257932759664), 'Std': np.float64(0.0327572887890094)}
2024-11-09 17:11:39,849 - INFO - Top 10 Mean Stats: {'Max': np.float64(3.214095656289828e-15), 'Min': np.float64(-1.94844140821715e-15), 'Mean': np.float64(5.880018694170985e-16), 'Std': np.float64(1.7726147910978374e-15)}
2024-11-09 17:11:39,849 - INFO - Top 10 Std Stats: {'Max': np.float64(0.9999999968742899), 'Min': np.float64(0.9999999961772299), 'Mean': np.float64(0.9999999964656754), 'Std': np.float64(2.0356743480212346e-10)}
2024-11-09 17:11:39,849 - INFO - Bottom 10 Mean Stats: {'Max': np.float64(91.0), 'Min': np.float64(83.0), 'Mean': np.float64(87.4), 'Std': np.float64(3.5270384177096794)}
2024-11-09 17:11:39,849 - INFO - Bottom 10 Std Stats: {'Max': np.float64(0.0), 'Min': np.float64(0.0), 'Mean': np.float64(0.0), 'Std': np.float64(0.0)}
[I 2024-11-09 17:11:39,887] Trial 173 finished with value: 79.0 and parameters: {'x_0': 0, 'x_1': 2, 'x_2': 5, 'x_3': 5, 'x_4': -5}. Best is trial 53 with value: 4.0.
2024-11-09 17:11:50,239 - INFO - Candidate Mean Stats: {'Max': np.float64(91.0), 'Min': np.float64(-5.871900188303413e-14), 'Mean': np.float64(0.052523734717573926), 'Std': np.float64(1.7215830240035466)}
2024-11-09 17:11:50,240 - INFO - Candidate Std Stats: {'Max': np.float64(0.9999999966010674), 'Min': np.float64(0.0), 'Mean': np.float64(0.9989195841018492), 'Std': np.float64(0.03285172451501039)}
2024-11-09 17:11:50,275 - INFO - Top 10 Mean Stats: {'Max': np.float64(2.475797344914099e-15), 'Min': np.float64(-2.176037128265307e-15), 'Mean': np.float64(3.680389326632394e-16), 'Std': np.float64(1.301477971012063e-15)}
2024-11-09 17:11:50,275 - INFO - Top 10 Std Stats: {'Max': np.float64(0.9999999966010674), 'Min': np.float64(0.999999996075738), 'Mean': np.float64(0.9999999962822548), 'Std': np.float64(1.8218277149894104e-10)}
2024-11-09 17:11:50,275 - INFO - Bottom 10 Mean Stats: {'Max': np.float64(91.0), 'Min': np.float64(83.0), 'Mean': np.float64(87.4), 'Std': np.float64(3.5270384177096794)}
2024-11-09 17:11:50,276 - INFO - Bottom 10 Std Stats: {'Max': np.float64(0.0), 'Min': np.float64(0.0), 'Mean': np.float64(0.0), 'Std': np.float64(0.0)}
[I 2024-11-09 17:11:50,310] Trial 174 finished with value: 32.0 and parameters: {'x_0': -4, 'x_1': 2, 'x_2': 2, 'x_3': 2, 'x_4': 2}. Best is trial 53 with value: 4.0.
2024-11-09 17:12:00,275 - INFO - Candidate Mean Stats: {'Max': np.float64(91.0), 'Min': np.float64(-7.157885395514541e-14), 'Mean': np.float64(0.05272242954095285), 'Std': np.float64(1.7234225921164268)}
2024-11-09 17:12:00,276 - INFO - Candidate Std Stats: {'Max': np.float64(0.9999999967934725), 'Min': np.float64(0.0), 'Mean': np.float64(0.998913374638644), 'Std': np.float64(0.0329458883728724)}
2024-11-09 17:12:00,304 - INFO - Top 10 Mean Stats: {'Max': np.float64(2.4424906541753444e-15), 'Min': np.float64(-2.6201263381153696e-15), 'Mean': np.float64(-2.833844270355713e-16), 'Std': np.float64(1.5420646367299947e-15)}
2024-11-09 17:12:00,305 - INFO - Top 10 Std Stats: {'Max': np.float64(0.9999999967934725), 'Min': np.float64(0.9999999963524534), 'Mean': np.float64(0.99999999651623), 'Std': np.float64(1.388123385536789e-10)}
2024-11-09 17:12:00,305 - INFO - Bottom 10 Mean Stats: {'Max': np.float64(91.0), 'Min': np.float64(83.0), 'Mean': np.float64(87.4), 'Std': np.float64(3.5270384177096794)}
2024-11-09 17:12:00,306 - INFO - Bottom 10 Std Stats: {'Max': np.float64(0.0), 'Min': np.float64(0.0), 'Mean': np.float64(0.0), 'Std': np.float64(0.0)}
[I 2024-11-09 17:12:00,339] Trial 175 finished with value: 33.0 and parameters: {'x_0': 2, 'x_1': 3, 'x_2': -4, 'x_3': 2, 'x_4': 0}. Best is trial 53 with value: 4.0.
2024-11-09 17:12:09,762 - INFO - Candidate Mean Stats: {'Max': np.float64(91.0), 'Min': np.float64(-4.719558077681541e-14), 'Mean': np.float64(0.0529273335775624), 'Std': np.float64(1.7253769490063577)}
2024-11-09 17:12:09,764 - INFO - Candidate Std Stats: {'Max': np.float64(0.9999999975891584), 'Min': np.float64(0.0), 'Mean': np.float64(0.998907165743036), 'Std': np.float64(0.03303978271525249)}
2024-11-09 17:12:09,795 - INFO - Top 10 Mean Stats: {'Max': np.float64(1.909583602355269e-15), 'Min': np.float64(-2.4868995751603505e-15), 'Mean': np.float64(-1.8818280267396402e-16), 'Std': np.float64(1.316932774565034e-15)}
2024-11-09 17:12:09,795 - INFO - Top 10 Std Stats: {'Max': np.float64(0.9999999975891584), 'Min': np.float64(0.9999999970138417), 'Mean': np.float64(0.9999999972909454), 'Std': np.float64(1.8522582333558977e-10)}
2024-11-09 17:12:09,795 - INFO - Bottom 10 Mean Stats: {'Max': np.float64(91.0), 'Min': np.float64(83.0), 'Mean': np.float64(87.4), 'Std': np.float64(3.5270384177096794)}
2024-11-09 17:12:09,795 - INFO - Bottom 10 Std Stats: {'Max': np.float64(0.0), 'Min': np.float64(0.0), 'Mean': np.float64(0.0), 'Std': np.float64(0.0)}
[I 2024-11-09 17:12:09,836] Trial 176 finished with value: 101.0 and parameters: {'x_0': 5, 'x_1': -5, 'x_2': 1, 'x_3': 5, 'x_4': 5}. Best is trial 53 with value: 4.0.
2024-11-09 17:12:21,717 - INFO - Candidate Mean Stats: {'Max': np.float64(101.0), 'Min': np.float64(-5.95523630408934e-14), 'Mean': np.float64(0.0535544641138521), 'Std': np.float64(1.7436166500526604)}
2024-11-09 17:12:21,718 - INFO - Candidate Std Stats: {'Max': np.float64(0.9999999968455365), 'Min': np.float64(0.0), 'Mean': np.float64(0.9989009574552875), 'Std': np.float64(0.03313340983508596)}
2024-11-09 17:12:21,753 - INFO - Top 10 Mean Stats: {'Max': np.float64(2.7089441800853818e-15), 'Min': np.float64(-2.2641610808449287e-15), 'Mean': np.float64(3.1467883854219287e-16), 'Std': np.float64(1.7443352279613798e-15)}
2024-11-09 17:12:21,753 - INFO - Top 10 Std Stats: {'Max': np.float64(0.9999999968455365), 'Min': np.float64(0.9999999963813719), 'Mean': np.float64(0.9999999965303943), 'Std': np.float64(1.526613717705058e-10)}
2024-11-09 17:12:21,754 - INFO - Bottom 10 Mean Stats: {'Max': np.float64(101.0), 'Min': np.float64(83.0), 'Mean': np.float64(89.2), 'Std': np.float64(5.075431016179808)}
2024-11-09 17:12:21,754 - INFO - Bottom 10 Std Stats: {'Max': np.float64(0.0), 'Min': np.float64(0.0), 'Mean': np.float64(0.0), 'Std': np.float64(0.0)}
[I 2024-11-09 17:12:21,787] Trial 177 finished with value: 55.0 and parameters: {'x_0': 4, 'x_1': 5, 'x_2': 3, 'x_3': 1, 'x_4': 2}. Best is trial 53 with value: 4.0.
2024-11-09 17:12:31,787 - INFO - Candidate Mean Stats: {'Max': np.float64(101.0), 'Min': np.float64(-4.689582056016661e-14), 'Mean': np.float64(0.05389597084153469), 'Std': np.float64(1.7489840471876723)}
2024-11-09 17:12:31,789 - INFO - Candidate Std Stats: {'Max': np.float64(0.9999999965109054), 'Min': np.float64(0.0), 'Mean': np.float64(0.9988947487169518), 'Std': np.float64(0.033226771956462425)}
2024-11-09 17:12:31,817 - INFO - Top 10 Mean Stats: {'Max': np.float64(3.3154035072868738e-15), 'Min': np.float64(-1.898481372109018e-15), 'Mean': np.float64(8.565630843504479e-16), 'Std': np.float64(1.8224813463437103e-15)}
2024-11-09 17:12:31,818 - INFO - Top 10 Std Stats: {'Max': np.float64(0.9999999965109054), 'Min': np.float64(0.9999999962652487), 'Mean': np.float64(0.9999999963502981), 'Std': np.float64(7.626251326636278e-11)}
2024-11-09 17:12:31,818 - INFO - Bottom 10 Mean Stats: {'Max': np.float64(101.0), 'Min': np.float64(83.0), 'Mean': np.float64(89.2), 'Std': np.float64(5.075431016179808)}
2024-11-09 17:12:31,818 - INFO - Bottom 10 Std Stats: {'Max': np.float64(0.0), 'Min': np.float64(0.0), 'Mean': np.float64(0.0), 'Std': np.float64(0.0)}
[I 2024-11-09 17:12:31,851] Trial 178 finished with value: 46.0 and parameters: {'x_0': -1, 'x_1': 2, 'x_2': -4, 'x_3': -4, 'x_4': -3}. Best is trial 53 with value: 4.0.
2024-11-09 17:12:41,474 - INFO - Candidate Mean Stats: {'Max': np.float64(101.0), 'Min': np.float64(-4.701794509287538e-14), 'Mean': np.float64(0.05418159465014186), 'Std': np.float64(1.7527273099335852)}
2024-11-09 17:12:41,475 - INFO - Candidate Std Stats: {'Max': np.float64(0.9999999979826457), 'Min': np.float64(0.0), 'Mean': np.float64(0.9988885392632915), 'Std': np.float64(0.033319871297872554)}
2024-11-09 17:12:41,501 - INFO - Top 10 Mean Stats: {'Max': np.float64(2.3425705819590805e-15), 'Min': np.float64(-2.210731597784843e-15), 'Mean': np.float64(-3.536060333431123e-16), 'Std': np.float64(1.1292927869695403e-15)}
2024-11-09 17:12:41,501 - INFO - Top 10 Std Stats: {'Max': np.float64(0.9999999979826457), 'Min': np.float64(0.9999999974407074), 'Mean': np.float64(0.9999999976323922), 'Std': np.float64(1.692802263417767e-10)}
2024-11-09 17:12:41,502 - INFO - Bottom 10 Mean Stats: {'Max': np.float64(101.0), 'Min': np.float64(83.0), 'Mean': np.float64(89.2), 'Std': np.float64(5.075431016179808)}
2024-11-09 17:12:41,502 - INFO - Bottom 10 Std Stats: {'Max': np.float64(0.0), 'Min': np.float64(0.0), 'Mean': np.float64(0.0), 'Std': np.float64(0.0)}
[I 2024-11-09 17:12:41,535] Trial 179 finished with value: 28.0 and parameters: {'x_0': 3, 'x_1': 0, 'x_2': -1, 'x_3': 3, 'x_4': -3}. Best is trial 53 with value: 4.0.
2024-11-09 17:12:52,013 - INFO - Candidate Mean Stats: {'Max': np.float64(101.0), 'Min': np.float64(-5.49671419491915e-14), 'Mean': np.float64(0.054355452620598446), 'Std': np.float64(1.754110080961012)}
2024-11-09 17:12:52,014 - INFO - Candidate Std Stats: {'Max': np.float64(0.9999999969992014), 'Min': np.float64(0.0), 'Mean': np.float64(0.9988823303524991), 'Std': np.float64(0.03341271009759123)}
2024-11-09 17:12:52,037 - INFO - Top 10 Mean Stats: {'Max': np.float64(1.9539925233402757e-15), 'Min': np.float64(-2.3647750424515835e-15), 'Mean': np.float64(-5.417888360170764e-16), 'Std': np.float64(1.3149540745417446e-15)}
2024-11-09 17:12:52,038 - INFO - Top 10 Std Stats: {'Max': np.float64(0.9999999969992014), 'Min': np.float64(0.9999999968758676), 'Mean': np.float64(0.999999996941083), 'Std': np.float64(3.751671382822449e-11)}
2024-11-09 17:12:52,038 - INFO - Bottom 10 Mean Stats: {'Max': np.float64(101.0), 'Min': np.float64(83.0), 'Mean': np.float64(89.2), 'Std': np.float64(5.075431016179808)}
2024-11-09 17:12:52,038 - INFO - Bottom 10 Std Stats: {'Max': np.float64(0.0), 'Min': np.float64(0.0), 'Mean': np.float64(0.0), 'Std': np.float64(0.0)}
[I 2024-11-09 17:12:52,069] Trial 180 finished with value: 72.0 and parameters: {'x_0': -3, 'x_1': 3, 'x_2': -5, 'x_3': -5, 'x_4': 2}. Best is trial 53 with value: 4.0.
2024-11-09 17:13:02,041 - INFO - Candidate Mean Stats: {'Max': np.float64(101.0), 'Min': np.float64(-5.2732818112133375e-14), 'Mean': np.float64(0.054802515973201044), 'Std': np.float64(1.7632475540856511)}
2024-11-09 17:13:02,043 - INFO - Candidate Std Stats: {'Max': np.float64(0.999999996544719), 'Min': np.float64(0.0), 'Mean': np.float64(0.9988761207617077), 'Std': np.float64(0.03350529048068313)}
2024-11-09 17:13:02,069 - INFO - Top 10 Mean Stats: {'Max': np.float64(3.0531133177191805e-15), 'Min': np.float64(-3.902433931557425e-15), 'Mean': np.float64(-9.464651284929458e-16), 'Std': np.float64(2.174739947322459e-15)}
2024-11-09 17:13:02,069 - INFO - Top 10 Std Stats: {'Max': np.float64(0.999999996544719), 'Min': np.float64(0.9999999961265793), 'Mean': np.float64(0.9999999963050735), 'Std': np.float64(1.4211505133486165e-10)}
2024-11-09 17:13:02,069 - INFO - Bottom 10 Mean Stats: {'Max': np.float64(101.0), 'Min': np.float64(83.0), 'Mean': np.float64(89.2), 'Std': np.float64(5.075431016179808)}
2024-11-09 17:13:02,069 - INFO - Bottom 10 Std Stats: {'Max': np.float64(0.0), 'Min': np.float64(0.0), 'Mean': np.float64(0.0), 'Std': np.float64(0.0)}
[I 2024-11-09 17:13:02,101] Trial 181 finished with value: 39.0 and parameters: {'x_0': 0, 'x_1': 3, 'x_2': -2, 'x_3': -1, 'x_4': 5}. Best is trial 53 with value: 4.0.
2024-11-09 17:13:11,084 - INFO - Candidate Mean Stats: {'Max': np.float64(101.0), 'Min': np.float64(-5.540012892879531e-14), 'Mean': np.float64(0.055044675289194114), 'Std': np.float64(1.7659160653304171)}
2024-11-09 17:13:11,085 - INFO - Candidate Std Stats: {'Max': np.float64(0.9999999963092655), 'Min': np.float64(0.0), 'Mean': np.float64(0.9988699118386591), 'Std': np.float64(0.03359761462835423)}
2024-11-09 17:13:11,113 - INFO - Top 10 Mean Stats: {'Max': np.float64(2.8199664825478975e-15), 'Min': np.float64(-4.6629367034256575e-15), 'Mean': np.float64(-7.610578833805447e-16), 'Std': np.float64(2.2236338480409593e-15)}
2024-11-09 17:13:11,114 - INFO - Top 10 Std Stats: {'Max': np.float64(0.9999999963092655), 'Min': np.float64(0.9999999960516358), 'Mean': np.float64(0.9999999961279071), 'Std': np.float64(7.753064953542082e-11)}
2024-11-09 17:13:11,114 - INFO - Bottom 10 Mean Stats: {'Max': np.float64(101.0), 'Min': np.float64(83.0), 'Mean': np.float64(89.2), 'Std': np.float64(5.075431016179808)}
2024-11-09 17:13:11,114 - INFO - Bottom 10 Std Stats: {'Max': np.float64(0.0), 'Min': np.float64(0.0), 'Mean': np.float64(0.0), 'Std': np.float64(0.0)}
[I 2024-11-09 17:13:11,151] Trial 182 finished with value: 72.0 and parameters: {'x_0': 2, 'x_1': -5, 'x_2': -3, 'x_3': -5, 'x_4': 3}. Best is trial 53 with value: 4.0.
2024-11-09 17:13:21,855 - INFO - Candidate Mean Stats: {'Max': np.float64(101.0), 'Min': np.float64(-5.871969577242453e-14), 'Mean': np.float64(0.0554917386417967), 'Std': np.float64(1.7749925899562657)}
2024-11-09 17:13:21,856 - INFO - Candidate Std Stats: {'Max': np.float64(0.9999999993707716), 'Min': np.float64(0.0), 'Mean': np.float64(0.9988637022380574), 'Std': np.float64(0.033689684602183655)}
2024-11-09 17:13:21,887 - INFO - Top 10 Mean Stats: {'Max': np.float64(6.217248937900876e-16), 'Min': np.float64(-1.1379786002407855e-15), 'Mean': np.float64(-2.8699265186560296e-16), 'Std': np.float64(6.076382062108643e-16)}
2024-11-09 17:13:21,887 - INFO - Top 10 Std Stats: {'Max': np.float64(0.9999999993707716), 'Min': np.float64(0.9999999989034396), 'Mean': np.float64(0.999999999134063), 'Std': np.float64(1.3785465793940226e-10)}
2024-11-09 17:13:21,887 - INFO - Bottom 10 Mean Stats: {'Max': np.float64(101.0), 'Min': np.float64(83.0), 'Mean': np.float64(89.2), 'Std': np.float64(5.075431016179808)}
2024-11-09 17:13:21,887 - INFO - Bottom 10 Std Stats: {'Max': np.float64(0.0), 'Min': np.float64(0.0), 'Mean': np.float64(0.0), 'Std': np.float64(0.0)}
[I 2024-11-09 17:13:21,926] Trial 183 finished with value: 15.0 and parameters: {'x_0': -3, 'x_1': 1, 'x_2': -2, 'x_3': 0, 'x_4': -1}. Best is trial 53 with value: 4.0.
2024-11-09 17:13:30,214 - INFO - Candidate Mean Stats: {'Max': np.float64(101.0), 'Min': np.float64(-4.616307336391401e-14), 'Mean': np.float64(0.05558487684025557), 'Std': np.float64(1.775383176077964)}
2024-11-09 17:13:30,216 - INFO - Candidate Std Stats: {'Max': np.float64(0.9999999987750378), 'Min': np.float64(0.0), 'Mean': np.float64(0.9988574930365051), 'Std': np.float64(0.033781502516426996)}
2024-11-09 17:13:30,247 - INFO - Top 10 Mean Stats: {'Max': np.float64(1.0269562977782698e-15), 'Min': np.float64(-5.578870698741412e-16), 'Mean': np.float64(2.506328478091291e-16), 'Std': np.float64(4.979044697194772e-16)}
2024-11-09 17:13:30,247 - INFO - Top 10 Std Stats: {'Max': np.float64(0.9999999987750378), 'Min': np.float64(0.9999999985226232), 'Mean': np.float64(0.9999999986248783), 'Std': np.float64(9.237981720797987e-11)}
2024-11-09 17:13:30,248 - INFO - Bottom 10 Mean Stats: {'Max': np.float64(101.0), 'Min': np.float64(83.0), 'Mean': np.float64(89.2), 'Std': np.float64(5.075431016179808)}
2024-11-09 17:13:30,248 - INFO - Bottom 10 Std Stats: {'Max': np.float64(0.0), 'Min': np.float64(0.0), 'Mean': np.float64(0.0), 'Std': np.float64(0.0)}
[I 2024-11-09 17:13:30,279] Trial 184 finished with value: 48.0 and parameters: {'x_0': 3, 'x_1': 5, 'x_2': -1, 'x_3': -2, 'x_4': -3}. Best is trial 53 with value: 4.0.
2024-11-09 17:13:39,531 - INFO - Candidate Mean Stats: {'Max': np.float64(101.0), 'Min': np.float64(-4.351380367140223e-14), 'Mean': np.float64(0.05588291907532395), 'Std': np.float64(1.7793982766859497)}
2024-11-09 17:13:39,532 - INFO - Candidate Std Stats: {'Max': np.float64(0.9999999970449047), 'Min': np.float64(0.0), 'Mean': np.float64(0.9988512839703061), 'Std': np.float64(0.03387307041209446)}
2024-11-09 17:13:39,557 - INFO - Top 10 Mean Stats: {'Max': np.float64(2.6201263381153696e-15), 'Min': np.float64(-1.6042722705833511e-15), 'Mean': np.float64(1.9206858326015208e-16), 'Std': np.float64(1.5778983953389701e-15)}
2024-11-09 17:13:39,558 - INFO - Top 10 Std Stats: {'Max': np.float64(0.9999999970449047), 'Min': np.float64(0.9999999965540197), 'Mean': np.float64(0.9999999967845351), 'Std': np.float64(1.7010014344954542e-10)}
2024-11-09 17:13:39,558 - INFO - Bottom 10 Mean Stats: {'Max': np.float64(101.0), 'Min': np.float64(83.0), 'Mean': np.float64(89.2), 'Std': np.float64(5.075431016179808)}
2024-11-09 17:13:39,558 - INFO - Bottom 10 Std Stats: {'Max': np.float64(0.0), 'Min': np.float64(0.0), 'Mean': np.float64(0.0), 'Std': np.float64(0.0)}
[I 2024-11-09 17:13:39,587] Trial 185 finished with value: 54.0 and parameters: {'x_0': -3, 'x_1': 0, 'x_2': -5, 'x_3': 2, 'x_4': -4}. Best is trial 53 with value: 4.0.
2024-11-09 17:13:49,312 - INFO - Candidate Mean Stats: {'Max': np.float64(101.0), 'Min': np.float64(-4.9327208984095706e-14), 'Mean': np.float64(0.05621821658977591), 'Std': np.float64(1.7844681856567735)}
2024-11-09 17:13:49,313 - INFO - Candidate Std Stats: {'Max': np.float64(0.9999999972710847), 'Min': np.float64(0.0), 'Mean': np.float64(0.9988450746673977), 'Std': np.float64(0.03396439029875692)}
2024-11-09 17:13:49,337 - INFO - Top 10 Mean Stats: {'Max': np.float64(4.432565425815937e-15), 'Min': np.float64(-1.98729921407903e-15), 'Mean': np.float64(4.0356606945124433e-16), 'Std': np.float64(2.1369328242581683e-15)}
2024-11-09 17:13:49,338 - INFO - Top 10 Std Stats: {'Max': np.float64(0.9999999972710847), 'Min': np.float64(0.9999999966617277), 'Mean': np.float64(0.9999999968980589), 'Std': np.float64(1.840673827228207e-10)}
2024-11-09 17:13:49,338 - INFO - Bottom 10 Mean Stats: {'Max': np.float64(101.0), 'Min': np.float64(83.0), 'Mean': np.float64(89.2), 'Std': np.float64(5.075431016179808)}
2024-11-09 17:13:49,338 - INFO - Bottom 10 Std Stats: {'Max': np.float64(0.0), 'Min': np.float64(0.0), 'Mean': np.float64(0.0), 'Std': np.float64(0.0)}
[I 2024-11-09 17:13:49,374] Trial 186 finished with value: 69.0 and parameters: {'x_0': 1, 'x_1': -3, 'x_2': -5, 'x_3': -5, 'x_4': -3}. Best is trial 53 with value: 4.0.
2024-11-09 17:14:00,259 - INFO - Candidate Mean Stats: {'Max': np.float64(101.0), 'Min': np.float64(-4.5574655160862676e-14), 'Mean': np.float64(0.056646652302686736), 'Std': np.float64(1.7927187215153015)}
2024-11-09 17:14:00,260 - INFO - Candidate Std Stats: {'Max': np.float64(0.9999999972502971), 'Min': np.float64(0.0), 'Mean': np.float64(0.9988388657986224), 'Std': np.float64(0.03405546419426923)}
2024-11-09 17:14:00,293 - INFO - Top 10 Mean Stats: {'Max': np.float64(3.0253577421035516e-15), 'Min': np.float64(-2.964295475749168e-15), 'Mean': np.float64(5.618422393993682e-16), 'Std': np.float64(1.850450353918279e-15)}
2024-11-09 17:14:00,293 - INFO - Top 10 Std Stats: {'Max': np.float64(0.9999999972502971), 'Min': np.float64(0.9999999967401164), 'Mean': np.float64(0.9999999969556959), 'Std': np.float64(1.7200386802379585e-10)}
2024-11-09 17:14:00,294 - INFO - Bottom 10 Mean Stats: {'Max': np.float64(101.0), 'Min': np.float64(83.0), 'Mean': np.float64(89.2), 'Std': np.float64(5.075431016179808)}
2024-11-09 17:14:00,294 - INFO - Bottom 10 Std Stats: {'Max': np.float64(0.0), 'Min': np.float64(0.0), 'Mean': np.float64(0.0), 'Std': np.float64(0.0)}
