[I 2024-11-09 16:43:07,683] Trial 15 finished with value: 35.0 and parameters: {'x_0': 1, 'x_1': -1, 'x_2': 2, 'x_3': 5, 'x_4': 2}. Best is trial 3 with value: 15.0.
2024-11-09 16:43:18,958 - INFO - Candidate Mean Stats: {'Max': np.float64(92.0), 'Min': np.float64(-7.528977441495499e-14), 'Mean': np.float64(0.005209529900466331), 'Std': np.float64(0.578708935190701)}
2024-11-09 16:43:18,960 - INFO - Candidate Std Stats: {'Max': np.float64(0.9999999949068862), 'Min': np.float64(0.0), 'Mean': np.float64(0.999900635737264), 'Std': np.float64(0.00996682188227872)}
2024-11-09 16:43:18,988 - INFO - Top 10 Mean Stats: {'Max': np.float64(5.906386491005833e-15), 'Min': np.float64(-5.037636974236648e-15), 'Mean': np.float64(3.1766256292087297e-16), 'Std': np.float64(2.9213750331251828e-15)}
2024-11-09 16:43:18,988 - INFO - Top 10 Std Stats: {'Max': np.float64(0.9999999949068862), 'Min': np.float64(0.9999999944575612), 'Mean': np.float64(0.9999999946089388), 'Std': np.float64(1.320347866993645e-10)}
2024-11-09 16:43:18,989 - INFO - Bottom 10 Mean Stats: {'Max': np.float64(92.0), 'Min': np.float64(40.0), 'Mean': np.float64(67.7), 'Std': np.float64(18.59058901702687)}
2024-11-09 16:43:18,989 - INFO - Bottom 10 Std Stats: {'Max': np.float64(0.0), 'Min': np.float64(0.0), 'Mean': np.float64(0.0), 'Std': np.float64(0.0)}
[I 2024-11-09 16:43:19,035] Trial 16 finished with value: 43.0 and parameters: {'x_0': -5, 'x_1': 3, 'x_2': 2, 'x_3': -2, 'x_4': 1}. Best is trial 3 with value: 15.0.
2024-11-09 16:43:27,555 - INFO - Candidate Mean Stats: {'Max': np.float64(92.0), 'Min': np.float64(-6.565858967633176e-14), 'Mean': np.float64(0.00547652606938174), 'Std': np.float64(0.5885422786826057)}
2024-11-09 16:43:27,557 - INFO - Candidate Std Stats: {'Max': np.float64(0.9999999952732298), 'Min': np.float64(0.0), 'Mean': np.float64(0.9998944268604167), 'Std': np.float64(0.01027353294794714)}
2024-11-09 16:43:27,588 - INFO - Top 10 Mean Stats: {'Max': np.float64(2.536859611268483e-15), 'Min': np.float64(-3.034378304178631e-15), 'Mean': np.float64(-1.1535564170550572e-15), 'Std': np.float64(1.7961751847356646e-15)}
2024-11-09 16:43:27,588 - INFO - Top 10 Std Stats: {'Max': np.float64(0.9999999952732298), 'Min': np.float64(0.9999999949265937), 'Mean': np.float64(0.9999999950750377), 'Std': np.float64(1.30060624771395e-10)}
2024-11-09 16:43:27,588 - INFO - Bottom 10 Mean Stats: {'Max': np.float64(92.0), 'Min': np.float64(43.0), 'Mean': np.float64(68.0), 'Std': np.float64(18.16039647144302)}
2024-11-09 16:43:27,588 - INFO - Bottom 10 Std Stats: {'Max': np.float64(0.0), 'Min': np.float64(0.0), 'Mean': np.float64(0.0), 'Std': np.float64(0.0)}
[I 2024-11-09 16:43:27,627] Trial 17 finished with value: 45.0 and parameters: {'x_0': 4, 'x_1': 0, 'x_2': 2, 'x_3': 5, 'x_4': 0}. Best is trial 3 with value: 15.0.
2024-11-09 16:43:36,313 - INFO - Candidate Mean Stats: {'Max': np.float64(92.0), 'Min': np.float64(-6.608047442568932e-14), 'Mean': np.float64(0.0057559406647583414), 'Std': np.float64(0.5991264741886427)}
2024-11-09 16:43:36,314 - INFO - Candidate Std Stats: {'Max': np.float64(0.9999999951649975), 'Min': np.float64(0.0), 'Mean': np.float64(0.9998882178042926), 'Std': np.float64(0.010571345368100716)}
2024-11-09 16:43:36,344 - INFO - Top 10 Mean Stats: {'Max': np.float64(5.029310301551959e-15), 'Min': np.float64(-5.478950626525148e-15), 'Mean': np.float64(8.881784197001247e-17), 'Std': np.float64(2.6469251336103212e-15)}
2024-11-09 16:43:36,344 - INFO - Top 10 Std Stats: {'Max': np.float64(0.9999999951649975), 'Min': np.float64(0.9999999945567377), 'Mean': np.float64(0.9999999948098713), 'Std': np.float64(2.1244662370108869e-10)}
2024-11-09 16:43:36,356 - INFO - Bottom 10 Mean Stats: {'Max': np.float64(92.0), 'Min': np.float64(43.0), 'Mean': np.float64(68.2), 'Std': np.float64(17.89301539707603)}
2024-11-09 16:43:36,356 - INFO - Bottom 10 Std Stats: {'Max': np.float64(0.0), 'Min': np.float64(0.0), 'Mean': np.float64(0.0), 'Std': np.float64(0.0)}
[I 2024-11-09 16:43:36,435] Trial 18 finished with value: 65.0 and parameters: {'x_0': 4, 'x_1': -2, 'x_2': 5, 'x_3': 4, 'x_4': -2}. Best is trial 3 with value: 15.0.
2024-11-09 16:43:46,441 - INFO - Candidate Mean Stats: {'Max': np.float64(92.0), 'Min': np.float64(-8.029132914089133e-14), 'Mean': np.float64(0.006159539524746821), 'Std': np.float64(0.6206300418919012)}
2024-11-09 16:43:46,443 - INFO - Candidate Std Stats: {'Max': np.float64(0.9999999957042923), 'Min': np.float64(0.0), 'Mean': np.float64(0.9998820077860817), 'Std': np.float64(0.010860991171114123)}
2024-11-09 16:43:46,471 - INFO - Top 10 Mean Stats: {'Max': np.float64(4.873879078104437e-15), 'Min': np.float64(-4.75175454539567e-15), 'Mean': np.float64(-4.883246584874712e-16), 'Std': np.float64(2.8662020767976084e-15)}
2024-11-09 16:43:46,471 - INFO - Top 10 Std Stats: {'Max': np.float64(0.9999999957042923), 'Min': np.float64(0.9999999947576937), 'Mean': np.float64(0.9999999950903413), 'Std': np.float64(3.1999586428743143e-10)}
2024-11-09 16:43:46,471 - INFO - Bottom 10 Mean Stats: {'Max': np.float64(92.0), 'Min': np.float64(45.0), 'Mean': np.float64(70.4), 'Std': np.float64(15.900943368240766)}
2024-11-09 16:43:46,472 - INFO - Bottom 10 Std Stats: {'Max': np.float64(0.0), 'Min': np.float64(0.0), 'Mean': np.float64(0.0), 'Std': np.float64(0.0)}
[I 2024-11-09 16:43:46,512] Trial 19 finished with value: 82.0 and parameters: {'x_0': 4, 'x_1': -4, 'x_2': -4, 'x_3': 3, 'x_4': 5}. Best is trial 3 with value: 15.0.
2024-11-09 16:43:54,120 - INFO - Candidate Mean Stats: {'Max': np.float64(92.0), 'Min': np.float64(-7.576161920042068e-14), 'Mean': np.float64(0.0066686950096552814), 'Std': np.float64(0.6533956436151573)}
2024-11-09 16:43:54,122 - INFO - Candidate Std Stats: {'Max': np.float64(0.999999995944056), 'Min': np.float64(0.0), 'Mean': np.float64(0.9998757988713619), 'Std': np.float64(0.011143107227869207)}
2024-11-09 16:43:54,157 - INFO - Top 10 Mean Stats: {'Max': np.float64(4.41591208044656e-15), 'Min': np.float64(-4.124478536482456e-15), 'Mean': np.float64(-3.138114768042046e-17), 'Std': np.float64(2.7816439575160147e-15)}
2024-11-09 16:43:54,157 - INFO - Top 10 Std Stats: {'Max': np.float64(0.999999995944056), 'Min': np.float64(0.9999999951803181), 'Mean': np.float64(0.9999999954369277), 'Std': np.float64(2.7176469426042177e-10)}
2024-11-09 16:43:54,157 - INFO - Bottom 10 Mean Stats: {'Max': np.float64(92.0), 'Min': np.float64(45.0), 'Mean': np.float64(74.1), 'Std': np.float64(13.71459077041674)}
2024-11-09 16:43:54,157 - INFO - Bottom 10 Std Stats: {'Max': np.float64(0.0), 'Min': np.float64(0.0), 'Mean': np.float64(0.0), 'Std': np.float64(0.0)}
[I 2024-11-09 16:43:54,197] Trial 20 finished with value: 40.0 and parameters: {'x_0': -2, 'x_1': 1, 'x_2': -5, 'x_3': -1, 'x_4': 3}. Best is trial 3 with value: 15.0.
2024-11-09 16:44:04,059 - INFO - Candidate Mean Stats: {'Max': np.float64(92.0), 'Min': np.float64(-6.303846333821638e-14), 'Mean': np.float64(0.006917063538878995), 'Std': np.float64(0.6609517637387338)}
2024-11-09 16:44:04,060 - INFO - Candidate Std Stats: {'Max': np.float64(0.9999999955450993), 'Min': np.float64(0.0), 'Mean': np.float64(0.9998695900507841), 'Std': np.float64(0.011418251665113453)}
2024-11-09 16:44:04,096 - INFO - Top 10 Mean Stats: {'Max': np.float64(4.052314039881821e-15), 'Min': np.float64(-1.887379141862766e-15), 'Mean': np.float64(4.032364719908085e-17), 'Std': np.float64(1.9981803190156673e-15)}
2024-11-09 16:44:04,097 - INFO - Top 10 Std Stats: {'Max': np.float64(0.9999999955450993), 'Min': np.float64(0.999999994967117), 'Mean': np.float64(0.9999999951714627), 'Std': np.float64(1.7332628776707035e-10)}
2024-11-09 16:44:04,097 - INFO - Bottom 10 Mean Stats: {'Max': np.float64(92.0), 'Min': np.float64(45.0), 'Mean': np.float64(74.1), 'Std': np.float64(13.71459077041674)}
2024-11-09 16:44:04,097 - INFO - Bottom 10 Std Stats: {'Max': np.float64(0.0), 'Min': np.float64(0.0), 'Mean': np.float64(0.0), 'Std': np.float64(0.0)}
[I 2024-11-09 16:44:04,136] Trial 21 finished with value: 27.0 and parameters: {'x_0': 4, 'x_1': -3, 'x_2': 1, 'x_3': 0, 'x_4': -1}. Best is trial 3 with value: 15.0.
2024-11-09 16:44:10,275 - INFO - Candidate Mean Stats: {'Max': np.float64(92.0), 'Min': np.float64(-8.375522497772181e-14), 'Mean': np.float64(0.007084712296104976), 'Std': np.float64(0.6643654138003623)}
2024-11-09 16:44:10,275 - INFO - Candidate Std Stats: {'Max': np.float64(0.9999999954046983), 'Min': np.float64(0.0), 'Mean': np.float64(0.9998633807647792), 'Std': np.float64(0.011686916884186424)}
2024-11-09 16:44:10,308 - INFO - Top 10 Mean Stats: {'Max': np.float64(5.284661597215745e-15), 'Min': np.float64(-4.174438572590589e-15), 'Mean': np.float64(9.237055564881303e-16), 'Std': np.float64(2.4807699341114242e-15)}
2024-11-09 16:44:10,308 - INFO - Top 10 Std Stats: {'Max': np.float64(0.9999999954046983), 'Min': np.float64(0.999999994638833), 'Mean': np.float64(0.99999999489634), 'Std': np.float64(2.7464766095595795e-10)}
2024-11-09 16:44:10,309 - INFO - Bottom 10 Mean Stats: {'Max': np.float64(92.0), 'Min': np.float64(45.0), 'Mean': np.float64(74.1), 'Std': np.float64(13.71459077041674)}
2024-11-09 16:44:10,309 - INFO - Bottom 10 Std Stats: {'Max': np.float64(0.0), 'Min': np.float64(0.0), 'Mean': np.float64(0.0), 'Std': np.float64(0.0)}
[I 2024-11-09 16:44:10,347] Trial 22 finished with value: 63.0 and parameters: {'x_0': 5, 'x_1': -2, 'x_2': 3, 'x_3': 0, 'x_4': 5}. Best is trial 3 with value: 15.0.
2024-11-09 16:44:19,718 - INFO - Candidate Mean Stats: {'Max': np.float64(92.0), 'Min': np.float64(-6.264433416447446e-14), 'Mean': np.float64(0.0074758927296322145), 'Std': np.float64(0.682656630043654)}
2024-11-09 16:44:19,718 - INFO - Candidate Std Stats: {'Max': np.float64(0.9999999962704116), 'Min': np.float64(0.0), 'Mean': np.float64(0.999857171753128), 'Std': np.float64(0.011949539924021967)}
2024-11-09 16:44:19,764 - INFO - Top 10 Mean Stats: {'Max': np.float64(3.730349362740526e-15), 'Min': np.float64(-5.379030554308884e-15), 'Mean': np.float64(-2.187139358511559e-16), 'Std': np.float64(2.677980370127858e-15)}
2024-11-09 16:44:19,764 - INFO - Top 10 Std Stats: {'Max': np.float64(0.9999999962704116), 'Min': np.float64(0.9999999950084475), 'Mean': np.float64(0.9999999954001613), 'Std': np.float64(3.7052497544248343e-10)}
2024-11-09 16:44:19,765 - INFO - Bottom 10 Mean Stats: {'Max': np.float64(92.0), 'Min': np.float64(63.0), 'Mean': np.float64(75.9), 'Std': np.float64(10.6061303028013)}
2024-11-09 16:44:19,765 - INFO - Bottom 10 Std Stats: {'Max': np.float64(0.0), 'Min': np.float64(0.0), 'Mean': np.float64(0.0), 'Std': np.float64(0.0)}
[I 2024-11-09 16:44:19,811] Trial 23 finished with value: 58.0 and parameters: {'x_0': -4, 'x_1': 4, 'x_2': -1, 'x_3': -3, 'x_4': -4}. Best is trial 3 with value: 15.0.
2024-11-09 16:44:27,905 - INFO - Candidate Mean Stats: {'Max': np.float64(92.0), 'Min': np.float64(-8.283373986728293e-14), 'Mean': np.float64(0.007836027097006563), 'Std': np.float64(0.6977838873904356)}
2024-11-09 16:44:27,908 - INFO - Candidate Std Stats: {'Max': np.float64(0.9999999940640959), 'Min': np.float64(0.0), 'Mean': np.float64(0.999850961321633), 'Std': np.float64(0.012206510762985689)}
2024-11-09 16:44:27,934 - INFO - Top 10 Mean Stats: {'Max': np.float64(4.785061236134425e-15), 'Min': np.float64(-8.992806499463768e-16), 'Mean': np.float64(2.1521673332358657e-15), 'Std': np.float64(1.9653112194727646e-15)}
2024-11-09 16:44:27,934 - INFO - Top 10 Std Stats: {'Max': np.float64(0.9999999940640959), 'Min': np.float64(0.9999999931772643), 'Mean': np.float64(0.9999999934572592), 'Std': np.float64(2.7195765277639195e-10)}
2024-11-09 16:44:27,935 - INFO - Bottom 10 Mean Stats: {'Max': np.float64(92.0), 'Min': np.float64(63.0), 'Mean': np.float64(75.9), 'Std': np.float64(10.6061303028013)}
2024-11-09 16:44:27,935 - INFO - Bottom 10 Std Stats: {'Max': np.float64(0.0), 'Min': np.float64(0.0), 'Mean': np.float64(0.0), 'Std': np.float64(0.0)}
[I 2024-11-09 16:44:27,969] Trial 24 finished with value: 39.0 and parameters: {'x_0': -3, 'x_1': 3, 'x_2': 2, 'x_3': 1, 'x_4': 4}. Best is trial 3 with value: 15.0.
2024-11-09 16:44:39,045 - INFO - Candidate Mean Stats: {'Max': np.float64(92.0), 'Min': np.float64(-7.015499292606364e-14), 'Mean': np.float64(0.00807818641299958), 'Std': np.float64(0.7045159423677932)}
2024-11-09 16:44:39,046 - INFO - Candidate Std Stats: {'Max': np.float64(0.9999999956077799), 'Min': np.float64(0.0), 'Mean': np.float64(0.9998447532948875), 'Std': np.float64(0.012458179209885996)}
2024-11-09 16:44:39,076 - INFO - Top 10 Mean Stats: {'Max': np.float64(5.057065877167588e-15), 'Min': np.float64(-3.9523939676655574e-15), 'Mean': np.float64(-3.819167204710539e-16), 'Std': np.float64(2.807410328584454e-15)}
2024-11-09 16:44:39,076 - INFO - Top 10 Std Stats: {'Max': np.float64(0.9999999956077799), 'Min': np.float64(0.9999999948206706), 'Mean': np.float64(0.9999999951535591), 'Std': np.float64(2.8133529506527304e-10)}
2024-11-09 16:44:39,076 - INFO - Bottom 10 Mean Stats: {'Max': np.float64(92.0), 'Min': np.float64(63.0), 'Mean': np.float64(75.9), 'Std': np.float64(10.6061303028013)}
2024-11-09 16:44:39,076 - INFO - Bottom 10 Std Stats: {'Max': np.float64(0.0), 'Min': np.float64(0.0), 'Mean': np.float64(0.0), 'Std': np.float64(0.0)}
[I 2024-11-09 16:44:39,115] Trial 25 finished with value: 59.0 and parameters: {'x_0': -5, 'x_1': 2, 'x_2': 2, 'x_3': -5, 'x_4': 1}. Best is trial 3 with value: 15.0.
2024-11-09 16:44:45,786 - INFO - Candidate Mean Stats: {'Max': np.float64(92.0), 'Min': np.float64(-7.706058013923212e-14), 'Mean': np.float64(0.008444529993604556), 'Std': np.float64(0.7196880791808207)}
2024-11-09 16:44:45,787 - INFO - Candidate Std Stats: {'Max': np.float64(0.9999999948452724), 'Min': np.float64(0.0), 'Mean': np.float64(0.9998385433593642), 'Std': np.float64(0.012704860319928752)}
2024-11-09 16:44:45,817 - INFO - Top 10 Mean Stats: {'Max': np.float64(5.284661597215745e-15), 'Min': np.float64(-3.552713678800501e-15), 'Mean': np.float64(6.306066779870889e-16), 'Std': np.float64(2.6130652608100076e-15)}
2024-11-09 16:44:45,818 - INFO - Top 10 Std Stats: {'Max': np.float64(0.9999999948452724), 'Min': np.float64(0.9999999943311567), 'Mean': np.float64(0.9999999945393819), 'Std': np.float64(1.8173601365399684e-10)}
2024-11-09 16:44:45,818 - INFO - Bottom 10 Mean Stats: {'Max': np.float64(92.0), 'Min': np.float64(63.0), 'Mean': np.float64(75.9), 'Std': np.float64(10.6061303028013)}
2024-11-09 16:44:45,818 - INFO - Bottom 10 Std Stats: {'Max': np.float64(0.0), 'Min': np.float64(0.0), 'Mean': np.float64(0.0), 'Std': np.float64(0.0)}
[I 2024-11-09 16:44:45,856] Trial 26 finished with value: 88.0 and parameters: {'x_0': 2, 'x_1': -5, 'x_2': -3, 'x_3': -5, 'x_4': -5}. Best is trial 3 with value: 15.0.
2024-11-09 16:44:53,281 - INFO - Candidate Mean Stats: {'Max': np.float64(92.0), 'Min': np.float64(-7.497336085293682e-14), 'Mean': np.float64(0.008990940757896582), 'Std': np.float64(0.7523466964397337)}
2024-11-09 16:44:53,283 - INFO - Candidate Std Stats: {'Max': np.float64(0.9999999961616743), 'Min': np.float64(0.0), 'Mean': np.float64(0.9998323344767442), 'Std': np.float64(0.0129468392088029)}
2024-11-09 16:44:53,336 - INFO - Top 10 Mean Stats: {'Max': np.float64(5.224987109642143e-15), 'Min': np.float64(-5.753730825119874e-15), 'Mean': np.float64(2.8137214780343814e-16), 'Std': np.float64(2.672521869224254e-15)}
2024-11-09 16:44:53,336 - INFO - Top 10 Std Stats: {'Max': np.float64(0.9999999961616743), 'Min': np.float64(0.999999995101073), 'Mean': np.float64(0.99999999547292), 'Std': np.float64(3.7130853938824523e-10)}
2024-11-09 16:44:53,337 - INFO - Bottom 10 Mean Stats: {'Max': np.float64(92.0), 'Min': np.float64(63.0), 'Mean': np.float64(78.4), 'Std': np.float64(10.209799214480176)}
2024-11-09 16:44:53,337 - INFO - Bottom 10 Std Stats: {'Max': np.float64(0.0), 'Min': np.float64(0.0), 'Mean': np.float64(0.0), 'Std': np.float64(0.0)}
[I 2024-11-09 16:44:53,396] Trial 27 finished with value: 30.0 and parameters: {'x_0': 2, 'x_1': -1, 'x_2': 0, 'x_3': 0, 'x_4': -5}. Best is trial 3 with value: 15.0.
2024-11-09 16:45:00,588 - INFO - Candidate Mean Stats: {'Max': np.float64(92.0), 'Min': np.float64(-1.1370904218210854e-13), 'Mean': np.float64(0.009177217154814317), 'Std': np.float64(0.756049243933435)}
2024-11-09 16:45:00,589 - INFO - Candidate Std Stats: {'Max': np.float64(0.9999999956828832), 'Min': np.float64(0.0), 'Mean': np.float64(0.9998261252923346), 'Std': np.float64(0.013184374768752085)}
2024-11-09 16:45:00,622 - INFO - Top 10 Mean Stats: {'Max': np.float64(5.66352520436908e-15), 'Min': np.float64(-3.586020369539255e-15), 'Mean': np.float64(6.220718384852831e-16), 'Std': np.float64(2.556891645577784e-15)}
2024-11-09 16:45:00,623 - INFO - Top 10 Std Stats: {'Max': np.float64(0.9999999956828832), 'Min': np.float64(0.9999999951707955), 'Mean': np.float64(0.9999999953792675), 'Std': np.float64(1.613575720894295e-10)}
2024-11-09 16:45:00,623 - INFO - Bottom 10 Mean Stats: {'Max': np.float64(92.0), 'Min': np.float64(63.0), 'Mean': np.float64(78.4), 'Std': np.float64(10.209799214480176)}
2024-11-09 16:45:00,623 - INFO - Bottom 10 Std Stats: {'Max': np.float64(0.0), 'Min': np.float64(0.0), 'Mean': np.float64(0.0), 'Std': np.float64(0.0)}
[I 2024-11-09 16:45:00,663] Trial 28 finished with value: 58.0 and parameters: {'x_0': -2, 'x_1': -3, 'x_2': -5, 'x_3': 2, 'x_4': -4}. Best is trial 3 with value: 15.0.
2024-11-09 16:45:11,013 - INFO - Candidate Mean Stats: {'Max': np.float64(92.0), 'Min': np.float64(-7.212008767965017e-14), 'Mean': np.float64(0.009537351522188629), 'Std': np.float64(0.7697347028689024)}
2024-11-09 16:45:11,014 - INFO - Candidate Std Stats: {'Max': np.float64(0.9999999948281697), 'Min': np.float64(0.0), 'Mean': np.float64(0.9998199155312657), 'Std': np.float64(0.013417702980451059)}
2024-11-09 16:45:11,041 - INFO - Top 10 Mean Stats: {'Max': np.float64(2.4424906541753444e-15), 'Min': np.float64(-6.256106743762757e-15), 'Mean': np.float64(-1.5857454238599191e-15), 'Std': np.float64(3.0266111949481843e-15)}
2024-11-09 16:45:11,041 - INFO - Top 10 Std Stats: {'Max': np.float64(0.9999999948281697), 'Min': np.float64(0.9999999942173163), 'Mean': np.float64(0.9999999944719974), 'Std': np.float64(2.3424560869420393e-10)}
2024-11-09 16:45:11,041 - INFO - Bottom 10 Mean Stats: {'Max': np.float64(92.0), 'Min': np.float64(63.0), 'Mean': np.float64(78.4), 'Std': np.float64(10.209799214480176)}
2024-11-09 16:45:11,041 - INFO - Bottom 10 Std Stats: {'Max': np.float64(0.0), 'Min': np.float64(0.0), 'Mean': np.float64(0.0), 'Std': np.float64(0.0)}
[I 2024-11-09 16:45:11,080] Trial 29 finished with value: 46.0 and parameters: {'x_0': 1, 'x_1': -2, 'x_2': 4, 'x_3': 3, 'x_4': -4}. Best is trial 3 with value: 15.0.
2024-11-09 16:45:20,785 - INFO - Candidate Mean Stats: {'Max': np.float64(92.0), 'Min': np.float64(-9.15267861500979e-14), 'Mean': np.float64(0.009822975330795836), 'Std': np.float64(0.7782189140764426)}
2024-11-09 16:45:20,786 - INFO - Candidate Std Stats: {'Max': np.float64(0.9999999950421405), 'Min': np.float64(0.0), 'Mean': np.float64(0.9998137066358106), 'Std': np.float64(0.013647039668020451)}
2024-11-09 16:45:20,866 - INFO - Top 10 Mean Stats: {'Max': np.float64(2.2815083156046968e-15), 'Min': np.float64(-3.608224830031759e-15), 'Mean': np.float64(-7.882583474838609e-17), 'Std': np.float64(2.0131787711274928e-15)}
2024-11-09 16:45:20,866 - INFO - Top 10 Std Stats: {'Max': np.float64(0.9999999950421405), 'Min': np.float64(0.9999999944124665), 'Mean': np.float64(0.9999999946594025), 'Std': np.float64(1.7725397074544957e-10)}
2024-11-09 16:45:20,866 - INFO - Bottom 10 Mean Stats: {'Max': np.float64(92.0), 'Min': np.float64(63.0), 'Mean': np.float64(78.4), 'Std': np.float64(10.209799214480176)}
2024-11-09 16:45:20,867 - INFO - Bottom 10 Std Stats: {'Max': np.float64(0.0), 'Min': np.float64(0.0), 'Mean': np.float64(0.0), 'Std': np.float64(0.0)}
[I 2024-11-09 16:45:20,911] Trial 30 finished with value: 19.0 and parameters: {'x_0': -1, 'x_1': -2, 'x_2': 3, 'x_3': -1, 'x_4': -2}. Best is trial 3 with value: 15.0.
2024-11-09 16:45:29,929 - INFO - Candidate Mean Stats: {'Max': np.float64(92.0), 'Min': np.float64(-1.1073364447611311e-13), 'Mean': np.float64(0.009940950382177086), 'Std': np.float64(0.7796562528142834)}
2024-11-09 16:45:29,930 - INFO - Candidate Std Stats: {'Max': np.float64(0.9999999954309796), 'Min': np.float64(0.0), 'Mean': np.float64(0.9998074971400641), 'Std': np.float64(0.013872582773138683)}
2024-11-09 16:45:29,961 - INFO - Top 10 Mean Stats: {'Max': np.float64(4.596323321948148e-15), 'Min': np.float64(-2.7533531010703883e-15), 'Mean': np.float64(2.6346980153135745e-16), 'Std': np.float64(2.4286033511428065e-15)}
2024-11-09 16:45:29,965 - INFO - Top 10 Std Stats: {'Max': np.float64(0.9999999954309796), 'Min': np.float64(0.9999999946039627), 'Mean': np.float64(0.9999999950393157), 'Std': np.float64(2.901239787923787e-10)}
2024-11-09 16:45:29,970 - INFO - Bottom 10 Mean Stats: {'Max': np.float64(92.0), 'Min': np.float64(63.0), 'Mean': np.float64(78.4), 'Std': np.float64(10.209799214480176)}
2024-11-09 16:45:29,971 - INFO - Bottom 10 Std Stats: {'Max': np.float64(0.0), 'Min': np.float64(0.0), 'Mean': np.float64(0.0), 'Std': np.float64(0.0)}
