2024-11-09 16:41:02,291 - INFO - Experiment settings: {'name': 'bo_parafac_dim5_rank2_mask0.2_tradeoff1.0_seed2', 'seed': 2, 'dimensions': 5, 'iter_bo': 300, 'storage': 'sqlite:////Users/keisukeonoue/ws/constrained_BO_v2/results/dbs/2024-11-09_16-41-02_bo_parafac_dim5_rank2_mask0.2_tradeoff1.0_seed2.db', 'unique_sampling': False, 'decomp_num': 10, 'cp_settings': {'rank': 2, 'als_iterations': 100, 'mask_ratio': 0.2, 'random_dist_type': 'uniform'}, 'acqf_settings': {'trade_off_param': 1.0, 'maximize': False}}
[I 2024-11-09 16:41:03,485] A new study created in RDB with name: bo_parafac_dim5_rank2_mask0.2_tradeoff1.0_seed2
2024-11-09 16:41:03,487 - INFO - Created new study 'bo_parafac_dim5_rank2_mask0.2_tradeoff1.0_seed2' in sqlite:////Users/keisukeonoue/ws/constrained_BO_v2/results/dbs/2024-11-09_16-41-02_bo_parafac_dim5_rank2_mask0.2_tradeoff1.0_seed2.db
2024-11-09 16:41:03,534 - INFO - Using sample_independent for sampling.
2024-11-09 16:41:03,543 - INFO - Using sample_independent for sampling.
2024-11-09 16:41:03,548 - INFO - Using sample_independent for sampling.
2024-11-09 16:41:03,553 - INFO - Using sample_independent for sampling.
2024-11-09 16:41:03,557 - INFO - Using sample_independent for sampling.
[I 2024-11-09 16:41:03,583] Trial 0 finished with value: 48.0 and parameters: {'x_0': -2, 'x_1': -5, 'x_2': 1, 'x_3': 3, 'x_4': 3}. Best is trial 0 with value: 48.0.
2024-11-09 16:41:06,933 - INFO - Candidate Mean Stats: {'Max': np.float64(48.0), 'Min': np.float64(-2.6212876313991274e-11), 'Mean': np.float64(0.0002980422350685951), 'Std': np.float64(0.11960743477773043)}
2024-11-09 16:41:06,934 - INFO - Candidate Std Stats: {'Max': np.float64(0.999997820069189), 'Min': np.float64(0.0), 'Mean': np.float64(0.9999871664443356), 'Std': np.float64(0.0024918058684663524)}
2024-11-09 16:41:06,984 - INFO - Top 10 Mean Stats: {'Max': np.float64(1.3820278255138874e-12), 'Min': np.float64(-1.3252066111135718e-12), 'Mean': np.float64(1.0371314917989596e-13), 'Std': np.float64(9.446994632079447e-13)}
2024-11-09 16:41:06,985 - INFO - Top 10 Std Stats: {'Max': np.float64(0.999997820069189), 'Min': np.float64(0.9999975672291819), 'Mean': np.float64(0.9999976608555137), 'Std': np.float64(7.660255509319087e-08)}
2024-11-09 16:41:06,985 - INFO - Bottom 10 Mean Stats: {'Max': np.float64(48.0), 'Min': np.float64(-1.709770103275332e-11), 'Mean': np.float64(4.800000000000822), 'Std': np.float64(14.399999999999727)}
2024-11-09 16:41:06,985 - INFO - Bottom 10 Std Stats: {'Max': np.float64(0.9999744496948264), 'Min': np.float64(0.0), 'Mean': np.float64(0.8999728283901864), 'Std': np.float64(0.2999909428669671)}
[I 2024-11-09 16:41:07,039] Trial 1 finished with value: 79.0 and parameters: {'x_0': -3, 'x_1': -5, 'x_2': 2, 'x_3': -5, 'x_4': 4}. Best is trial 0 with value: 48.0.
2024-11-09 16:41:14,043 - INFO - Candidate Mean Stats: {'Max': np.float64(79.0), 'Min': np.float64(-2.4755753003091743e-13), 'Mean': np.float64(0.0007885700802851282), 'Std': np.float64(0.23034127987104971)}
2024-11-09 16:41:14,043 - INFO - Candidate Std Stats: {'Max': np.float64(0.9999999872334026), 'Min': np.float64(0.0), 'Mean': np.float64(0.9999875387138188), 'Std': np.float64(0.003523956750525135)}
2024-11-09 16:41:14,081 - INFO - Top 10 Mean Stats: {'Max': np.float64(6.961098364399732e-15), 'Min': np.float64(-1.170175067954915e-14), 'Mean': np.float64(-2.134403764841864e-15), 'Std': np.float64(5.8586171571192956e-15)}
2024-11-09 16:41:14,081 - INFO - Top 10 Std Stats: {'Max': np.float64(0.9999999872334026), 'Min': np.float64(0.9999999860060635), 'Mean': np.float64(0.9999999865447166), 'Std': np.float64(3.994186401552872e-10)}
2024-11-09 16:41:14,081 - INFO - Bottom 10 Mean Stats: {'Max': np.float64(79.0), 'Min': np.float64(-1.5858425683745737e-13), 'Mean': np.float64(12.699999999999966), 'Std': np.float64(26.328881480230052)}
2024-11-09 16:41:14,082 - INFO - Bottom 10 Std Stats: {'Max': np.float64(0.9999998313604301), 'Min': np.float64(0.0), 'Mean': np.float64(0.7999998585163188), 'Std': np.float64(0.39999992925815947)}
[I 2024-11-09 16:41:14,121] Trial 2 finished with value: 27.0 and parameters: {'x_0': 1, 'x_1': 3, 'x_2': 0, 'x_3': 4, 'x_4': -1}. Best is trial 2 with value: 27.0.
2024-11-09 16:41:20,947 - INFO - Candidate Mean Stats: {'Max': np.float64(79.0), 'Min': np.float64(-1.3207768212453176e-13), 'Mean': np.float64(0.0009562188375111524), 'Std': np.float64(0.239965266540891)}
2024-11-09 16:41:20,948 - INFO - Candidate Std Stats: {'Max': np.float64(0.9999999969487869), 'Min': np.float64(0.0), 'Mean': np.float64(0.9999813467778734), 'Std': np.float64(0.0043159346322449894)}
2024-11-09 16:41:20,991 - INFO - Top 10 Mean Stats: {'Max': np.float64(2.9198865547641618e-15), 'Min': np.float64(-3.1363800445660672e-15), 'Mean': np.float64(-5.555918138749893e-16), 'Std': np.float64(2.1293874412025973e-15)}
2024-11-09 16:41:20,991 - INFO - Top 10 Std Stats: {'Max': np.float64(0.9999999969487869), 'Min': np.float64(0.9999999958792231), 'Mean': np.float64(0.999999996193558), 'Std': np.float64(3.3591012866372693e-10)}
2024-11-09 16:41:20,991 - INFO - Bottom 10 Mean Stats: {'Max': np.float64(79.0), 'Min': np.float64(-3.9612757518625587e-14), 'Mean': np.float64(15.400000000000029), 'Std': np.float64(26.272418997876823)}
2024-11-09 16:41:20,991 - INFO - Bottom 10 Std Stats: {'Max': np.float64(0.9999998921105909), 'Min': np.float64(0.0), 'Mean': np.float64(0.6999999172809074), 'Std': np.float64(0.4582575153432265)}
[I 2024-11-09 16:41:21,040] Trial 3 finished with value: 21.0 and parameters: {'x_0': 0, 'x_1': 4, 'x_2': 0, 'x_3': -2, 'x_4': -1}. Best is trial 3 with value: 21.0.
2024-11-09 16:41:28,492 - INFO - Candidate Mean Stats: {'Max': np.float64(79.0), 'Min': np.float64(-9.270639811376213e-14), 'Mean': np.float64(0.0010866123153535356), 'Std': np.float64(0.24560400202128835)}
2024-11-09 16:41:28,494 - INFO - Candidate Std Stats: {'Max': np.float64(0.9999999941061445), 'Min': np.float64(0.0), 'Mean': np.float64(0.9999751406186791), 'Std': np.float64(0.004983596586210858)}
2024-11-09 16:41:28,530 - INFO - Top 10 Mean Stats: {'Max': np.float64(4.6351811278100286e-15), 'Min': np.float64(-6.217248937900877e-15), 'Mean': np.float64(-1.933314619506632e-15), 'Std': np.float64(3.787782183809958e-15)}
2024-11-09 16:41:28,531 - INFO - Top 10 Std Stats: {'Max': np.float64(0.9999999941061445), 'Min': np.float64(0.9999999935282482), 'Mean': np.float64(0.9999999937509365), 'Std': np.float64(1.5898292487331094e-10)}
2024-11-09 16:41:28,531 - INFO - Bottom 10 Mean Stats: {'Max': np.float64(79.0), 'Min': np.float64(-6.278866315767572e-14), 'Mean': np.float64(17.499999999999993), 'Std': np.float64(25.792440753057868)}
2024-11-09 16:41:28,531 - INFO - Bottom 10 Std Stats: {'Max': np.float64(0.9999999102487488), 'Min': np.float64(0.0), 'Mean': np.float64(0.5999999275944798), 'Std': np.float64(0.48989788943777723)}
[I 2024-11-09 16:41:28,572] Trial 4 finished with value: 30.0 and parameters: {'x_0': -5, 'x_1': 0, 'x_2': -2, 'x_3': 1, 'x_4': 0}. Best is trial 3 with value: 21.0.
2024-11-09 16:41:36,779 - INFO - Candidate Mean Stats: {'Max': np.float64(79.0), 'Min': np.float64(-1.143085626154061e-13), 'Mean': np.float64(0.001272888712271264), 'Std': np.float64(0.25672782902727065)}
2024-11-09 16:41:36,780 - INFO - Candidate Std Stats: {'Max': np.float64(0.9999999938320091), 'Min': np.float64(0.0), 'Mean': np.float64(0.9999689320453519), 'Std': np.float64(0.005571813074366607)}
2024-11-09 16:41:36,815 - INFO - Top 10 Mean Stats: {'Max': np.float64(4.7073456244106636e-15), 'Min': np.float64(-3.5117742047674484e-15), 'Mean': np.float64(6.841055499862137e-16), 'Std': np.float64(2.5480005692054667e-15)}
2024-11-09 16:41:36,815 - INFO - Top 10 Std Stats: {'Max': np.float64(0.9999999938320091), 'Min': np.float64(0.9999999933027965), 'Mean': np.float64(0.999999993488004), 'Std': np.float64(1.6518406765804538e-10)}
2024-11-09 16:41:36,815 - INFO - Bottom 10 Mean Stats: {'Max': np.float64(79.0), 'Min': np.float64(-4.2676973066591015e-14), 'Mean': np.float64(20.500000000000007), 'Std': np.float64(25.322914524201195)}
2024-11-09 16:41:36,815 - INFO - Bottom 10 Std Stats: {'Max': np.float64(0.9999999044927447), 'Min': np.float64(0.0), 'Mean': np.float64(0.4999999479354679), 'Std': np.float64(0.499999947935468)}
[I 2024-11-09 16:41:36,856] Trial 5 finished with value: 77.0 and parameters: {'x_0': 4, 'x_1': 4, 'x_2': -2, 'x_3': -5, 'x_4': -4}. Best is trial 3 with value: 21.0.
2024-11-09 16:41:45,380 - INFO - Candidate Mean Stats: {'Max': np.float64(79.0), 'Min': np.float64(-8.689715613741101e-14), 'Mean': np.float64(0.0017509981310268288), 'Std': np.float64(0.3205029761054517)}
2024-11-09 16:41:45,382 - INFO - Candidate Std Stats: {'Max': np.float64(0.999999993063123), 'Min': np.float64(0.0), 'Mean': np.float64(0.9999627226217344), 'Std': np.float64(0.006103596462836924)}
2024-11-09 16:41:45,423 - INFO - Top 10 Mean Stats: {'Max': np.float64(4.218847493575595e-15), 'Min': np.float64(-3.608224830031759e-15), 'Mean': np.float64(-5.3179682879545e-16), 'Std': np.float64(2.665077362864815e-15)}
2024-11-09 16:41:45,423 - INFO - Top 10 Std Stats: {'Max': np.float64(0.999999993063123), 'Min': np.float64(0.999999992369573), 'Mean': np.float64(0.9999999926473521), 'Std': np.float64(2.1363608143203372e-10)}
2024-11-09 16:41:45,424 - INFO - Bottom 10 Mean Stats: {'Max': np.float64(79.0), 'Min': np.float64(-3.557154570899001e-14), 'Mean': np.float64(28.20000000000001), 'Std': np.float64(29.31143121718896)}
2024-11-09 16:41:45,424 - INFO - Bottom 10 Std Stats: {'Max': np.float64(0.9999999078478629), 'Min': np.float64(0.0), 'Mean': np.float64(0.39999996003791827), 'Std': np.float64(0.489897899613281)}
[I 2024-11-09 16:41:45,511] Trial 6 finished with value: 16.0 and parameters: {'x_0': -1, 'x_1': 1, 'x_2': 2, 'x_3': 1, 'x_4': -3}. Best is trial 6 with value: 16.0.
2024-11-09 16:41:53,170 - INFO - Candidate Mean Stats: {'Max': np.float64(79.0), 'Min': np.float64(-7.983613770079501e-14), 'Mean': np.float64(0.0018503455427163213), 'Std': np.float64(0.32297269001466766)}
2024-11-09 16:41:53,171 - INFO - Candidate Std Stats: {'Max': np.float64(0.9999999948355643), 'Min': np.float64(0.0), 'Mean': np.float64(0.9999565144758472), 'Std': np.float64(0.006592617205922251)}
2024-11-09 16:41:53,201 - INFO - Top 10 Mean Stats: {'Max': np.float64(4.340972026284362e-15), 'Min': np.float64(-3.708144902248023e-15), 'Mean': np.float64(7.957523529000811e-16), 'Std': np.float64(2.0121012248821003e-15)}
2024-11-09 16:41:53,201 - INFO - Top 10 Std Stats: {'Max': np.float64(0.9999999948355643), 'Min': np.float64(0.9999999937017693), 'Mean': np.float64(0.9999999941317148), 'Std': np.float64(3.8835566389512825e-10)}
2024-11-09 16:41:53,201 - INFO - Bottom 10 Mean Stats: {'Max': np.float64(79.0), 'Min': np.float64(-4.408695630786497e-14), 'Mean': np.float64(29.8), 'Std': np.float64(28.141783880912737)}
2024-11-09 16:41:53,201 - INFO - Bottom 10 Std Stats: {'Max': np.float64(0.999999898729904), 'Min': np.float64(0.0), 'Mean': np.float64(0.29999996890235286), 'Std': np.float64(0.4582575219931434)}
[I 2024-11-09 16:41:53,239] Trial 7 finished with value: 82.0 and parameters: {'x_0': -4, 'x_1': 4, 'x_2': -3, 'x_3': 4, 'x_4': 5}. Best is trial 6 with value: 16.0.
2024-11-09 16:41:59,565 - INFO - Candidate Mean Stats: {'Max': np.float64(82.0), 'Min': np.float64(-8.959499808725013e-14), 'Mean': np.float64(0.0023595010276248073), 'Std': np.float64(0.3821779229512561)}
2024-11-09 16:41:59,565 - INFO - Candidate Std Stats: {'Max': np.float64(0.9999999954527479), 'Min': np.float64(0.0), 'Mean': np.float64(0.9999503069035345), 'Std': np.float64(0.007047782377550356)}
2024-11-09 16:41:59,603 - INFO - Top 10 Mean Stats: {'Max': np.float64(3.733124920302089e-15), 'Min': np.float64(-3.3528735343679727e-15), 'Mean': np.float64(-3.419660388193079e-16), 'Std': np.float64(2.357697175195386e-15)}
2024-11-09 16:41:59,603 - INFO - Top 10 Std Stats: {'Max': np.float64(0.9999999954527479), 'Min': np.float64(0.9999999939703962), 'Mean': np.float64(0.9999999943903864), 'Std': np.float64(3.9664706541132163e-10)}
2024-11-09 16:41:59,604 - INFO - Bottom 10 Mean Stats: {'Max': np.float64(82.0), 'Min': np.float64(2.091660178393795e-14), 'Mean': np.float64(38.000000000000014), 'Std': np.float64(30.13967484894287)}
2024-11-09 16:41:59,604 - INFO - Bottom 10 Std Stats: {'Max': np.float64(0.9999999076276558), 'Min': np.float64(0.0), 'Mean': np.float64(0.1999999809311579), 'Std': np.float64(0.39999996186231584)}
[I 2024-11-09 16:41:59,641] Trial 8 finished with value: 43.0 and parameters: {'x_0': 0, 'x_1': 3, 'x_2': 3, 'x_3': -3, 'x_4': -4}. Best is trial 6 with value: 16.0.
2024-11-09 16:42:07,035 - INFO - Candidate Mean Stats: {'Max': np.float64(82.0), 'Min': np.float64(-7.472911178751929e-14), 'Mean': np.float64(0.0026264971965402374), 'Std': np.float64(0.39691241957423806)}
2024-11-09 16:42:07,036 - INFO - Candidate Std Stats: {'Max': np.float64(0.9999999953228365), 'Min': np.float64(0.0), 'Mean': np.float64(0.9999440974220646), 'Std': np.float64(0.007475278856171884)}
2024-11-09 16:42:07,068 - INFO - Top 10 Mean Stats: {'Max': np.float64(3.1308289294429414e-15), 'Min': np.float64(-3.7997383017795984e-15), 'Mean': np.float64(3.622102617839571e-17), 'Std': np.float64(1.8870177184382034e-15)}
2024-11-09 16:42:07,069 - INFO - Top 10 Std Stats: {'Max': np.float64(0.9999999953228365), 'Min': np.float64(0.9999999944683637), 'Mean': np.float64(0.9999999947975098), 'Std': np.float64(2.6730460391075517e-10)}
2024-11-09 16:42:07,069 - INFO - Bottom 10 Mean Stats: {'Max': np.float64(82.0), 'Min': np.float64(-7.904787935331115e-15), 'Mean': np.float64(42.3), 'Std': np.float64(27.3497714798497)}
2024-11-09 16:42:07,069 - INFO - Bottom 10 Std Stats: {'Max': np.float64(0.9999998881625981), 'Min': np.float64(0.0), 'Mean': np.float64(0.09999998881625981), 'Std': np.float64(0.29999996644877946)}
[I 2024-11-09 16:42:07,107] Trial 9 finished with value: 54.0 and parameters: {'x_0': 5, 'x_1': 0, 'x_2': -5, 'x_3': 2, 'x_4': 0}. Best is trial 6 with value: 16.0.
2024-11-09 16:42:13,352 - INFO - Candidate Mean Stats: {'Max': np.float64(82.0), 'Min': np.float64(-7.945866187242246e-14), 'Mean': np.float64(0.002961794710992183), 'Std': np.float64(0.4190986290269801)}
2024-11-09 16:42:13,352 - INFO - Candidate Std Stats: {'Max': np.float64(0.9999999933151557), 'Min': np.float64(0.0), 'Mean': np.float64(0.9999378884898422), 'Std': np.float64(0.007879611314438905)}
2024-11-09 16:42:13,382 - INFO - Top 10 Mean Stats: {'Max': np.float64(6.3171690101171406e-15), 'Min': np.float64(-3.957945082788683e-15), 'Mean': np.float64(1.2061011911423948e-15), 'Std': np.float64(2.9644564186038893e-15)}
2024-11-09 16:42:13,383 - INFO - Top 10 Std Stats: {'Max': np.float64(0.9999999933151557), 'Min': np.float64(0.9999999930301923), 'Mean': np.float64(0.9999999931653974), 'Std': np.float64(9.124258431488837e-11)}
2024-11-09 16:42:13,385 - INFO - Bottom 10 Mean Stats: {'Max': np.float64(82.0), 'Min': np.float64(16.0), 'Mean': np.float64(47.7), 'Std': np.float64(23.528918377180023)}
2024-11-09 16:42:13,386 - INFO - Bottom 10 Std Stats: {'Max': np.float64(0.0), 'Min': np.float64(0.0), 'Mean': np.float64(0.0), 'Std': np.float64(0.0)}
[I 2024-11-09 16:42:13,420] Trial 10 finished with value: 76.0 and parameters: {'x_0': 4, 'x_1': 3, 'x_2': 5, 'x_3': -1, 'x_4': 5}. Best is trial 6 with value: 16.0.
2024-11-09 16:42:19,346 - INFO - Candidate Mean Stats: {'Max': np.float64(82.0), 'Min': np.float64(-7.354117315117037e-14), 'Mean': np.float64(0.00343369491651713), 'Std': np.float64(0.45989679107308573)}
2024-11-09 16:42:19,346 - INFO - Candidate Std Stats: {'Max': np.float64(0.9999999963315546), 'Min': np.float64(0.0), 'Mean': np.float64(0.9999316788580714), 'Std': np.float64(0.008264180404523183)}
2024-11-09 16:42:19,383 - INFO - Top 10 Mean Stats: {'Max': np.float64(1.7541523789077474e-15), 'Min': np.float64(-3.164135620181696e-15), 'Mean': np.float64(-8.534839501805903e-18), 'Std': np.float64(1.5355755606787689e-15)}
2024-11-09 16:42:19,383 - INFO - Top 10 Std Stats: {'Max': np.float64(0.9999999963315546), 'Min': np.float64(0.999999994691243), 'Mean': np.float64(0.9999999953505142), 'Std': np.float64(4.4139304682658016e-10)}
2024-11-09 16:42:19,383 - INFO - Bottom 10 Mean Stats: {'Max': np.float64(82.0), 'Min': np.float64(21.0), 'Mean': np.float64(53.7), 'Std': np.float64(22.298206205881225)}
2024-11-09 16:42:19,384 - INFO - Bottom 10 Std Stats: {'Max': np.float64(0.0), 'Min': np.float64(0.0), 'Mean': np.float64(0.0), 'Std': np.float64(0.0)}
[I 2024-11-09 16:42:19,425] Trial 11 finished with value: 31.0 and parameters: {'x_0': -3, 'x_1': -4, 'x_2': -2, 'x_3': -1, 'x_4': -1}. Best is trial 6 with value: 16.0.
2024-11-09 16:42:28,386 - INFO - Candidate Mean Stats: {'Max': np.float64(82.0), 'Min': np.float64(-6.7346128673762e-14), 'Mean': np.float64(0.003626180526665455), 'Std': np.float64(0.4663375959854487)}
2024-11-09 16:42:28,387 - INFO - Candidate Std Stats: {'Max': np.float64(0.9999999937752955), 'Min': np.float64(0.0), 'Mean': np.float64(0.9999254700741103), 'Std': np.float64(0.00863162812322551)}
2024-11-09 16:42:28,417 - INFO - Top 10 Mean Stats: {'Max': np.float64(3.186340080674199e-15), 'Min': np.float64(-4.75175454539567e-15), 'Mean': np.float64(-1.0352829704629584e-15), 'Std': np.float64(2.588777580451643e-15)}
2024-11-09 16:42:28,417 - INFO - Top 10 Std Stats: {'Max': np.float64(0.9999999937752955), 'Min': np.float64(0.9999999931224366), 'Mean': np.float64(0.9999999934046157), 'Std': np.float64(2.3116995660689664e-10)}
2024-11-09 16:42:28,417 - INFO - Bottom 10 Mean Stats: {'Max': np.float64(82.0), 'Min': np.float64(27.0), 'Mean': np.float64(54.7), 'Std': np.float64(20.9954757031128)}
2024-11-09 16:42:28,417 - INFO - Bottom 10 Std Stats: {'Max': np.float64(0.0), 'Min': np.float64(0.0), 'Mean': np.float64(0.0), 'Std': np.float64(0.0)}
[I 2024-11-09 16:42:28,458] Trial 12 finished with value: 67.0 and parameters: {'x_0': -1, 'x_1': -4, 'x_2': 5, 'x_3': 5, 'x_4': 0}. Best is trial 6 with value: 16.0.
2024-11-09 16:42:34,418 - INFO - Candidate Mean Stats: {'Max': np.float64(82.0), 'Min': np.float64(-7.663869538987455e-14), 'Mean': np.float64(0.004042197813115121), 'Std': np.float64(0.49531880788403826)}
2024-11-09 16:42:34,419 - INFO - Candidate Std Stats: {'Max': np.float64(0.9999999937198586), 'Min': np.float64(0.0), 'Mean': np.float64(0.9999192613242067), 'Std': np.float64(0.008984055502072015)}
2024-11-09 16:42:34,445 - INFO - Top 10 Mean Stats: {'Max': np.float64(2.375877272697835e-15), 'Min': np.float64(-2.298161660974074e-15), 'Mean': np.float64(2.560451850541767e-16), 'Std': np.float64(1.5739139577744471e-15)}
2024-11-09 16:42:34,445 - INFO - Top 10 Std Stats: {'Max': np.float64(0.9999999937198586), 'Min': np.float64(0.9999999932137854), 'Mean': np.float64(0.9999999934527999), 'Std': np.float64(1.9868190048566828e-10)}
2024-11-09 16:42:34,451 - INFO - Bottom 10 Mean Stats: {'Max': np.float64(82.0), 'Min': np.float64(30.0), 'Mean': np.float64(58.7), 'Std': np.float64(19.058069157183787)}
2024-11-09 16:42:34,452 - INFO - Bottom 10 Std Stats: {'Max': np.float64(0.0), 'Min': np.float64(0.0), 'Mean': np.float64(0.0), 'Std': np.float64(0.0)}
[I 2024-11-09 16:42:34,492] Trial 13 finished with value: 43.0 and parameters: {'x_0': -5, 'x_1': 2, 'x_2': -2, 'x_3': 1, 'x_4': 3}. Best is trial 6 with value: 16.0.
2024-11-09 16:42:42,965 - INFO - Candidate Mean Stats: {'Max': np.float64(82.0), 'Min': np.float64(-7.651934641472735e-14), 'Mean': np.float64(0.004309193982030521), 'Std': np.float64(0.5067734473286996)}
2024-11-09 16:42:42,966 - INFO - Candidate Std Stats: {'Max': np.float64(0.9999999952975202), 'Min': np.float64(0.0), 'Mean': np.float64(0.9999130514619257), 'Std': np.float64(0.009323166049171815)}
2024-11-09 16:42:43,003 - INFO - Top 10 Mean Stats: {'Max': np.float64(5.7065463465733045e-15), 'Min': np.float64(-3.891331701311173e-15), 'Mean': np.float64(8.010953012060895e-16), 'Std': np.float64(2.799496091973312e-15)}
2024-11-09 16:42:43,003 - INFO - Top 10 Std Stats: {'Max': np.float64(0.9999999952975202), 'Min': np.float64(0.9999999945054482), 'Mean': np.float64(0.9999999947390824), 'Std': np.float64(2.356047114252678e-10)}
2024-11-09 16:42:43,003 - INFO - Bottom 10 Mean Stats: {'Max': np.float64(82.0), 'Min': np.float64(31.0), 'Mean': np.float64(60.0), 'Std': np.float64(17.429859437184227)}
2024-11-09 16:42:43,003 - INFO - Bottom 10 Std Stats: {'Max': np.float64(0.0), 'Min': np.float64(0.0), 'Mean': np.float64(0.0), 'Std': np.float64(0.0)}
[I 2024-11-09 16:42:43,043] Trial 14 finished with value: 54.0 and parameters: {'x_0': 3, 'x_1': -2, 'x_2': -5, 'x_3': 4, 'x_4': 0}. Best is trial 6 with value: 16.0.
2024-11-09 16:42:51,773 - INFO - Candidate Mean Stats: {'Max': np.float64(82.0), 'Min': np.float64(-9.254819133275305e-14), 'Mean': np.float64(0.004644491496482472), 'Std': np.float64(0.5243304211557184)}
2024-11-09 16:42:51,774 - INFO - Candidate Std Stats: {'Max': np.float64(0.9999999985760014), 'Min': np.float64(0.0), 'Mean': np.float64(0.9999068424563905), 'Std': np.float64(0.009650363730520976)}
2024-11-09 16:42:51,821 - INFO - Top 10 Mean Stats: {'Max': np.float64(1.1990408665951691e-15), 'Min': np.float64(-1.1046719095020307e-15), 'Mean': np.float64(2.1926904736346833e-17), 'Std': np.float64(6.812130373964896e-16)}
2024-11-09 16:42:51,821 - INFO - Top 10 Std Stats: {'Max': np.float64(0.9999999985760014), 'Min': np.float64(0.9999999979048765), 'Mean': np.float64(0.9999999981561111), 'Std': np.float64(2.2519846188350413e-10)}
2024-11-09 16:42:51,821 - INFO - Bottom 10 Mean Stats: {'Max': np.float64(82.0), 'Min': np.float64(43.0), 'Mean': np.float64(62.3), 'Std': np.float64(14.76516169908071)}
2024-11-09 16:42:51,821 - INFO - Bottom 10 Std Stats: {'Max': np.float64(0.0), 'Min': np.float64(0.0), 'Mean': np.float64(0.0), 'Std': np.float64(0.0)}
