[I 2024-11-09 16:56:46,972] Trial 79 finished with value: 116.0 and parameters: {'x_0': 4, 'x_1': 5, 'x_2': 5, 'x_3': -5, 'x_4': 5}. Best is trial 3 with value: 15.0.
2024-11-09 16:56:53,100 - INFO - Candidate Mean Stats: {'Max': np.float64(116.0), 'Min': np.float64(-8.104628079763643e-14), 'Mean': np.float64(0.026507131281395306), 'Std': np.float64(1.2894436306774757)}
2024-11-09 16:56:53,101 - INFO - Candidate Std Stats: {'Max': np.float64(0.9999999970774849), 'Min': np.float64(0.0), 'Mean': np.float64(0.9995032503362309), 'Std': np.float64(0.022282062252382412)}
2024-11-09 16:56:53,125 - INFO - Top 10 Mean Stats: {'Max': np.float64(2.758904216193514e-15), 'Min': np.float64(-3.730349362740526e-15), 'Mean': np.float64(-6.589173651150305e-16), 'Std': np.float64(2.0331440166249038e-15)}
2024-11-09 16:56:53,125 - INFO - Top 10 Std Stats: {'Max': np.float64(0.9999999970774849), 'Min': np.float64(0.9999999964123757), 'Mean': np.float64(0.9999999966531492), 'Std': np.float64(1.9897591836140263e-10)}
2024-11-09 16:56:53,126 - INFO - Bottom 10 Mean Stats: {'Max': np.float64(116.0), 'Min': np.float64(84.0), 'Mean': np.float64(93.1), 'Std': np.float64(9.353608929178085)}
2024-11-09 16:56:53,126 - INFO - Bottom 10 Std Stats: {'Max': np.float64(0.0), 'Min': np.float64(0.0), 'Mean': np.float64(0.0), 'Std': np.float64(0.0)}
[I 2024-11-09 16:56:53,153] Trial 80 finished with value: 35.0 and parameters: {'x_0': -3, 'x_1': -5, 'x_2': 0, 'x_3': 1, 'x_4': 0}. Best is trial 3 with value: 15.0.
2024-11-09 16:56:59,832 - INFO - Candidate Mean Stats: {'Max': np.float64(116.0), 'Min': np.float64(-7.185363415374014e-14), 'Mean': np.float64(0.026724453744465995), 'Std': np.float64(1.2923852345500602)}
2024-11-09 16:56:59,833 - INFO - Candidate Std Stats: {'Max': np.float64(0.9999999967561736), 'Min': np.float64(0.0), 'Mean': np.float64(0.9994970415976108), 'Std': np.float64(0.022420823011734974)}
2024-11-09 16:56:59,853 - INFO - Top 10 Mean Stats: {'Max': np.float64(2.3980817331903383e-15), 'Min': np.float64(-4.701794509287538e-15), 'Mean': np.float64(-5.062616992290714e-16), 'Std': np.float64(1.77945201202703e-15)}
2024-11-09 16:56:59,853 - INFO - Top 10 Std Stats: {'Max': np.float64(0.9999999967561736), 'Min': np.float64(0.9999999962593813), 'Mean': np.float64(0.9999999964710728), 'Std': np.float64(1.3458827047211586e-10)}
2024-11-09 16:56:59,854 - INFO - Bottom 10 Mean Stats: {'Max': np.float64(116.0), 'Min': np.float64(84.0), 'Mean': np.float64(93.1), 'Std': np.float64(9.353608929178085)}
2024-11-09 16:56:59,854 - INFO - Bottom 10 Std Stats: {'Max': np.float64(0.0), 'Min': np.float64(0.0), 'Mean': np.float64(0.0), 'Std': np.float64(0.0)}
[I 2024-11-09 16:56:59,885] Trial 81 finished with value: 91.0 and parameters: {'x_0': 4, 'x_1': 5, 'x_2': 0, 'x_3': 5, 'x_4': -5}. Best is trial 3 with value: 15.0.
2024-11-09 16:57:06,364 - INFO - Candidate Mean Stats: {'Max': np.float64(116.0), 'Min': np.float64(-9.475475959419555e-14), 'Mean': np.float64(0.027289492148449883), 'Std': np.float64(1.312115684416493)}
2024-11-09 16:57:06,365 - INFO - Candidate Std Stats: {'Max': np.float64(0.9999999969750769), 'Min': np.float64(0.0), 'Mean': np.float64(0.9994908317355596), 'Std': np.float64(0.022558728523282844)}
2024-11-09 16:57:06,386 - INFO - Top 10 Mean Stats: {'Max': np.float64(4.013456234019941e-15), 'Min': np.float64(-6.0396132539608514e-15), 'Mean': np.float64(7.510658761589185e-16), 'Std': np.float64(3.2051968072234584e-15)}
2024-11-09 16:57:06,386 - INFO - Top 10 Std Stats: {'Max': np.float64(0.9999999969750769), 'Min': np.float64(0.9999999964457403), 'Mean': np.float64(0.9999999966575949), 'Std': np.float64(1.4950228516123383e-10)}
2024-11-09 16:57:06,387 - INFO - Bottom 10 Mean Stats: {'Max': np.float64(116.0), 'Min': np.float64(84.0), 'Mean': np.float64(93.8), 'Std': np.float64(8.89719056781409)}
2024-11-09 16:57:06,387 - INFO - Bottom 10 Std Stats: {'Max': np.float64(0.0), 'Min': np.float64(0.0), 'Mean': np.float64(0.0), 'Std': np.float64(0.0)}
[I 2024-11-09 16:57:06,416] Trial 82 finished with value: 43.0 and parameters: {'x_0': 4, 'x_1': 1, 'x_2': 0, 'x_3': 1, 'x_4': -5}. Best is trial 3 with value: 15.0.
2024-11-09 16:57:12,578 - INFO - Candidate Mean Stats: {'Max': np.float64(116.0), 'Min': np.float64(-7.53036522027628e-14), 'Mean': np.float64(0.0275564883173653), 'Std': np.float64(1.3164777859456882)}
2024-11-09 16:57:12,579 - INFO - Candidate Std Stats: {'Max': np.float64(0.9999999968314025), 'Min': np.float64(0.0), 'Mean': np.float64(0.9994846229632188), 'Std': np.float64(0.022695794426484072)}
2024-11-09 16:57:12,601 - INFO - Top 10 Mean Stats: {'Max': np.float64(4.485301019485632e-15), 'Min': np.float64(-2.3536728122053318e-15), 'Mean': np.float64(4.315298118839904e-16), 'Std': np.float64(2.3386935233552115e-15)}
2024-11-09 16:57:12,601 - INFO - Top 10 Std Stats: {'Max': np.float64(0.9999999968314025), 'Min': np.float64(0.9999999961811801), 'Mean': np.float64(0.9999999964414193), 'Std': np.float64(1.7852842262121953e-10)}
2024-11-09 16:57:12,601 - INFO - Bottom 10 Mean Stats: {'Max': np.float64(116.0), 'Min': np.float64(84.0), 'Mean': np.float64(93.8), 'Std': np.float64(8.89719056781409)}
2024-11-09 16:57:12,601 - INFO - Bottom 10 Std Stats: {'Max': np.float64(0.0), 'Min': np.float64(0.0), 'Mean': np.float64(0.0), 'Std': np.float64(0.0)}
[I 2024-11-09 16:57:12,634] Trial 83 finished with value: 41.0 and parameters: {'x_0': -2, 'x_1': 4, 'x_2': 2, 'x_3': -4, 'x_4': 1}. Best is trial 3 with value: 15.0.
2024-11-09 16:57:18,094 - INFO - Candidate Mean Stats: {'Max': np.float64(116.0), 'Min': np.float64(-7.058797990566745e-14), 'Mean': np.float64(0.02781106605981956), 'Std': np.float64(1.32043074524266)}
2024-11-09 16:57:18,094 - INFO - Candidate Std Stats: {'Max': np.float64(0.9999999961883943), 'Min': np.float64(0.0), 'Mean': np.float64(0.9994784136306113), 'Std': np.float64(0.022832035805620356)}
2024-11-09 16:57:18,124 - INFO - Top 10 Mean Stats: {'Max': np.float64(4.188316360398403e-15), 'Min': np.float64(-1.7097434579227411e-15), 'Mean': np.float64(1.387232342886513e-15), 'Std': np.float64(1.748645530532136e-15)}
2024-11-09 16:57:18,124 - INFO - Top 10 Std Stats: {'Max': np.float64(0.9999999961883943), 'Min': np.float64(0.99999999582147), 'Mean': np.float64(0.9999999959930956), 'Std': np.float64(1.1188846355517125e-10)}
2024-11-09 16:57:18,124 - INFO - Bottom 10 Mean Stats: {'Max': np.float64(116.0), 'Min': np.float64(84.0), 'Mean': np.float64(93.8), 'Std': np.float64(8.89719056781409)}
2024-11-09 16:57:18,125 - INFO - Bottom 10 Std Stats: {'Max': np.float64(0.0), 'Min': np.float64(0.0), 'Mean': np.float64(0.0), 'Std': np.float64(0.0)}
[I 2024-11-09 16:57:18,149] Trial 84 finished with value: 88.0 and parameters: {'x_0': 3, 'x_1': -5, 'x_2': 5, 'x_3': 2, 'x_4': -5}. Best is trial 3 with value: 15.0.
2024-11-09 16:57:25,841 - INFO - Candidate Mean Stats: {'Max': np.float64(116.0), 'Min': np.float64(-8.345546476107302e-14), 'Mean': np.float64(0.0283574768241116), 'Std': np.float64(1.3385031972854384)}
2024-11-09 16:57:25,842 - INFO - Candidate Std Stats: {'Max': np.float64(0.9999999961767326), 'Min': np.float64(0.0), 'Mean': np.float64(0.9994722039763152), 'Std': np.float64(0.022967467338778327)}
2024-11-09 16:57:25,870 - INFO - Top 10 Mean Stats: {'Max': np.float64(4.7073456244106636e-15), 'Min': np.float64(-3.241851231905457e-15), 'Mean': np.float64(2.6423307986078715e-16), 'Std': np.float64(2.6925359882677298e-15)}
2024-11-09 16:57:25,870 - INFO - Top 10 Std Stats: {'Max': np.float64(0.9999999961767326), 'Min': np.float64(0.9999999958129315), 'Mean': np.float64(0.9999999959561178), 'Std': np.float64(1.1750246051628946e-10)}
2024-11-09 16:57:25,871 - INFO - Bottom 10 Mean Stats: {'Max': np.float64(116.0), 'Min': np.float64(85.0), 'Mean': np.float64(94.2), 'Std': np.float64(8.52994724485445)}
2024-11-09 16:57:25,871 - INFO - Bottom 10 Std Stats: {'Max': np.float64(0.0), 'Min': np.float64(0.0), 'Mean': np.float64(0.0), 'Std': np.float64(0.0)}
[I 2024-11-09 16:57:25,899] Trial 85 finished with value: 65.0 and parameters: {'x_0': -5, 'x_1': 4, 'x_2': 4, 'x_3': 2, 'x_4': -2}. Best is trial 3 with value: 15.0.
2024-11-09 16:57:32,246 - INFO - Candidate Mean Stats: {'Max': np.float64(116.0), 'Min': np.float64(-8.589795541524837e-14), 'Mean': np.float64(0.028761075684100045), 'Std': np.float64(1.3482587593113993)}
2024-11-09 16:57:32,247 - INFO - Candidate Std Stats: {'Max': np.float64(0.9999999963209759), 'Min': np.float64(0.0), 'Mean': np.float64(0.9994659951928446), 'Std': np.float64(0.023102103295955086)}
2024-11-09 16:57:32,306 - INFO - Top 10 Mean Stats: {'Max': np.float64(3.569367024169878e-15), 'Min': np.float64(-4.1945613649119196e-15), 'Mean': np.float64(3.8614944575243725e-16), 'Std': np.float64(2.3675465580836602e-15)}
2024-11-09 16:57:32,306 - INFO - Top 10 Std Stats: {'Max': np.float64(0.9999999963209759), 'Min': np.float64(0.9999999957847582), 'Mean': np.float64(0.9999999959633648), 'Std': np.float64(1.6964840066868863e-10)}
2024-11-09 16:57:32,307 - INFO - Bottom 10 Mean Stats: {'Max': np.float64(116.0), 'Min': np.float64(85.0), 'Mean': np.float64(94.2), 'Std': np.float64(8.52994724485445)}
2024-11-09 16:57:32,307 - INFO - Bottom 10 Std Stats: {'Max': np.float64(0.0), 'Min': np.float64(0.0), 'Mean': np.float64(0.0), 'Std': np.float64(0.0)}
[I 2024-11-09 16:57:32,335] Trial 86 finished with value: 62.0 and parameters: {'x_0': -4, 'x_1': -5, 'x_2': -4, 'x_3': 1, 'x_4': -2}. Best is trial 3 with value: 15.0.
2024-11-09 16:57:38,753 - INFO - Candidate Mean Stats: {'Max': np.float64(116.0), 'Min': np.float64(-7.820133429703446e-14), 'Mean': np.float64(0.029146046904396768), 'Std': np.float64(1.3570731760456627)}
2024-11-09 16:57:38,754 - INFO - Candidate Std Stats: {'Max': np.float64(0.999999995957556), 'Min': np.float64(0.0), 'Mean': np.float64(0.999459785431537), 'Std': np.float64(0.023235957464276622)}
2024-11-09 16:57:38,784 - INFO - Top 10 Mean Stats: {'Max': np.float64(3.1336044870045045e-15), 'Min': np.float64(-5.195843755245732e-15), 'Mean': np.float64(-6.626990622926598e-16), 'Std': np.float64(2.9290881802488525e-15)}
2024-11-09 16:57:38,784 - INFO - Top 10 Std Stats: {'Max': np.float64(0.999999995957556), 'Min': np.float64(0.9999999955639443), 'Mean': np.float64(0.9999999956757992), 'Std': np.float64(1.2393217496700392e-10)}
2024-11-09 16:57:38,784 - INFO - Bottom 10 Mean Stats: {'Max': np.float64(116.0), 'Min': np.float64(85.0), 'Mean': np.float64(94.2), 'Std': np.float64(8.52994724485445)}
2024-11-09 16:57:38,785 - INFO - Bottom 10 Std Stats: {'Max': np.float64(0.0), 'Min': np.float64(0.0), 'Mean': np.float64(0.0), 'Std': np.float64(0.0)}
[I 2024-11-09 16:57:38,818] Trial 87 finished with value: 59.0 and parameters: {'x_0': 5, 'x_1': -1, 'x_2': -4, 'x_3': -4, 'x_4': 1}. Best is trial 3 with value: 15.0.
2024-11-09 16:57:46,936 - INFO - Candidate Mean Stats: {'Max': np.float64(116.0), 'Min': np.float64(-8.312239785368548e-14), 'Mean': np.float64(0.02951239048500159), 'Std': np.float64(1.365005636346006)}
2024-11-09 16:57:46,937 - INFO - Candidate Std Stats: {'Max': np.float64(0.9999999974368359), 'Min': np.float64(0.0), 'Mean': np.float64(0.9994535764858605), 'Std': np.float64(0.023369043318788887)}
2024-11-09 16:57:46,962 - INFO - Top 10 Mean Stats: {'Max': np.float64(5.195843755245732e-15), 'Min': np.float64(-2.509104035652854e-15), 'Mean': np.float64(1.0821898932533712e-15), 'Std': np.float64(2.23213108774009e-15)}
2024-11-09 16:57:46,962 - INFO - Top 10 Std Stats: {'Max': np.float64(0.9999999974368359), 'Min': np.float64(0.9999999965982448), 'Mean': np.float64(0.9999999969881994), 'Std': np.float64(2.961993146025437e-10)}
2024-11-09 16:57:46,962 - INFO - Bottom 10 Mean Stats: {'Max': np.float64(116.0), 'Min': np.float64(85.0), 'Mean': np.float64(94.2), 'Std': np.float64(8.52994724485445)}
2024-11-09 16:57:46,962 - INFO - Bottom 10 Std Stats: {'Max': np.float64(0.0), 'Min': np.float64(0.0), 'Mean': np.float64(0.0), 'Std': np.float64(0.0)}
[I 2024-11-09 16:57:46,992] Trial 88 finished with value: 104.0 and parameters: {'x_0': -5, 'x_1': 5, 'x_2': 2, 'x_3': 5, 'x_4': -5}. Best is trial 3 with value: 15.0.
2024-11-09 16:57:53,199 - INFO - Candidate Mean Stats: {'Max': np.float64(116.0), 'Min': np.float64(-8.923972671937008e-14), 'Mean': np.float64(0.030158148660983167), 'Std': np.float64(1.389374213385265)}
2024-11-09 16:57:53,200 - INFO - Candidate Std Stats: {'Max': np.float64(0.9999999953873115), 'Min': np.float64(0.0), 'Mean': np.float64(0.9994473673378057), 'Std': np.float64(0.02350137388884958)}
2024-11-09 16:57:53,223 - INFO - Top 10 Mean Stats: {'Max': np.float64(6.850076061937216e-15), 'Min': np.float64(-6.927791673660977e-15), 'Mean': np.float64(-7.02250757544931e-16), 'Std': np.float64(3.7643369106770435e-15)}
2024-11-09 16:57:53,224 - INFO - Top 10 Std Stats: {'Max': np.float64(0.9999999953873115), 'Min': np.float64(0.9999999951687439), 'Mean': np.float64(0.9999999952689299), 'Std': np.float64(6.802379803719602e-11)}
2024-11-09 16:57:53,224 - INFO - Bottom 10 Mean Stats: {'Max': np.float64(116.0), 'Min': np.float64(88.0), 'Mean': np.float64(96.1), 'Std': np.float64(8.383913167489272)}
2024-11-09 16:57:53,224 - INFO - Bottom 10 Std Stats: {'Max': np.float64(0.0), 'Min': np.float64(0.0), 'Mean': np.float64(0.0), 'Std': np.float64(0.0)}
[I 2024-11-09 16:57:53,269] Trial 89 finished with value: 47.0 and parameters: {'x_0': 3, 'x_1': 2, 'x_2': 0, 'x_3': 5, 'x_4': 3}. Best is trial 3 with value: 15.0.
2024-11-09 16:58:00,311 - INFO - Candidate Mean Stats: {'Max': np.float64(116.0), 'Min': np.float64(-1.1085993234516423e-13), 'Mean': np.float64(0.030449981682820957), 'Std': np.float64(1.3942952231835535)}
2024-11-09 16:58:00,313 - INFO - Candidate Std Stats: {'Max': np.float64(0.9999999965652653), 'Min': np.float64(0.0), 'Mean': np.float64(0.9994411577077064), 'Std': np.float64(0.023632961855124594)}
2024-11-09 16:58:00,339 - INFO - Top 10 Mean Stats: {'Max': np.float64(5.206945985491984e-15), 'Min': np.float64(-5.340172748447003e-15), 'Mean': np.float64(-4.501954364855009e-16), 'Std': np.float64(3.2467033531945947e-15)}
2024-11-09 16:58:00,339 - INFO - Top 10 Std Stats: {'Max': np.float64(0.9999999965652653), 'Min': np.float64(0.9999999960507648), 'Mean': np.float64(0.99999999620997), 'Std': np.float64(1.5236052604619908e-10)}
2024-11-09 16:58:00,339 - INFO - Bottom 10 Mean Stats: {'Max': np.float64(116.0), 'Min': np.float64(88.0), 'Mean': np.float64(96.1), 'Std': np.float64(8.383913167489272)}
2024-11-09 16:58:00,339 - INFO - Bottom 10 Std Stats: {'Max': np.float64(0.0), 'Min': np.float64(0.0), 'Mean': np.float64(0.0), 'Std': np.float64(0.0)}
[I 2024-11-09 16:58:00,371] Trial 90 finished with value: 66.0 and parameters: {'x_0': -3, 'x_1': 4, 'x_2': 5, 'x_3': 0, 'x_4': 4}. Best is trial 3 with value: 15.0.
2024-11-09 16:58:09,461 - INFO - Candidate Mean Stats: {'Max': np.float64(116.0), 'Min': np.float64(-9.26259069444768e-14), 'Mean': np.float64(0.03085978975603998), 'Std': np.float64(1.4039520565124823)}
2024-11-09 16:58:09,463 - IN2024-11-09 16:58:11,755 - INFO - Candidate Mean Stats: {'Max': np.float64(107.0), 'Min': np.float64(-7.798206524967099e-14), 'Mean': np.float64(0.02814636357427148), 'Std': np.float64(1.276194727571774)}
2024-11-09 16:58:11,756 - INFO - Candidate Std Stats: {'Max': np.float64(0.999999996699727), 'Min': np.float64(0.0), 'Mean': np.float64(0.999434949709733), 'Std': np.float64(0.023763819603621346)}
2024-11-09 16:58:11,787 - INFO - Top 10 Mean Stats: {'Max': np.float64(2.7200464103316335e-15), 'Min': np.float64(-5.2291504459844875e-15), 'Mean': np.float64(-9.4840801878604e-16), 'Std': np.float64(2.302394862009112e-15)}
2024-11-09 16:58:11,787 - INFO - Top 10 Std Stats: {'Max': np.float64(0.999999996699727), 'Min': np.float64(0.9999999964762779), 'Mean': np.float64(0.9999999965433327), 'Std': np.float64(6.97035324596017e-11)}
2024-11-09 16:58:11,787 - INFO - Bottom 10 Mean Stats: {'Max': np.float64(107.0), 'Min': np.float64(76.0), 'Mean': np.float64(84.9), 'Std': np.float64(9.417536832951598)}
2024-11-09 16:58:11,787 - INFO - Bottom 10 Std Stats: {'Max': np.float64(0.0), 'Min': np.flo2024-11-09 16:58:15,215 - INFO - Candidate Mean Stats: {'Max': np.float64(116.0), 'Min': np.float64(-1.1453060722033114e-13), 'Mean': np.float64(0.031170250417569607), 'Std': np.float64(1.4094627175540333)}
2024-11-09 16:58:15,2024-11-09 16:58:20,845 - INFO - Candidate Mean Stats: {'Max': np.float64(107.0), 'Min': np.float64(-5.694333893302428e-14), 'Mean': np.float64(0.02846303344903167), 'Std': np.float64(1.2824995983641072)}
2024-11-09 16:58:20,849 - INFO - Candidate Std Stats: {'Max': np.float64(0.9999999972192813), 'Min': np.float64(0.0), 'Mean': np.float64(0.9994287407941012), 'Std': np.float64(0.023893959071996568)}
2024-11-09 16:58:20,874 - INFO - Top 10 Mean Stats: {'Max': np.float64(3.4194869158454822e-15), 'Min': np.float64(-1.5987211554602255e-15), 'Mean': np.float64(3.728614639264549e-16), 'Std': np.float64(1.4806995437182224e-15)}
2024-11-09 16:58:20,874 - INFO - Top 10 Std Stats: {'Max': np.float64(0.9999999972192813), 'Min': np.float64(0.9999999966975629), 'Mean': np.float64(0.9999999968933808), 'Std': np.float64(1.4361777724678142e-10)}
2024-11-09 16:58:20,874 - INFO - Bottom 10 Mean Stats: {'Max': np.float64(107.0), 'Min': np.float64(76.0), 'Mean': np.float64(84.9), 'Std': np.float64(9.417536832951598)}
2024-11-09 16:58:20,874 - INFO - Bottom 10 Std Stats: {'Max': np.float64(0.0), 'Min': np.flo2024-11-09 16:58:23,463 - INFO - Candidate Mean Stats: {'Max': np.float64(116.0), 'Min': np.float64(-8.306411114489264e-14), 'Mean': np.float64(0.03141240973356271), 'Std': np.float64(1.4128036701977933)}
2024-11-09 16:58:23,4642024-11-09 16:58:29,866 - INFO - Candidate Mean Stats: {'Max': np.float64(107.0), 'Min': np.float64(-5.504485756091526e-14), 'Mean': np.float64(0.02867414669887182), 'Std': np.float64(1.285290242662284)}
2024-11-09 16:58:29,868 - INFO - Candidate Std Stats: {'Max': np.float64(0.9999999970524656), 'Min': np.float64(0.0), 'Mean': np.float64(0.9994225317614993), 'Std': np.float64(0.024023391951984666)}
2024-11-09 16:58:29,890 - INFO - Top 10 Mean Stats: {'Max': np.float64(3.0975222387041866e-15), 'Min': np.float64(-5.295763827461997e-15), 'Mean': np.float64(2.320019176771381e-16), 'Std': np.float64(2.316028817995143e-15)}
2024-11-09 16:58:29,890 - INFO - Top 10 Std Stats: {'Max': np.float64(0.9999999970524656), 'Min': np.float64(0.9999999967411212), 'Mean': np.float64(0.9999999968295453), 'Std': np.float64(8.874480427919334e-11)}
2024-11-09 16:58:29,891 - INFO - Bottom 10 Mean Stats: {'Max': np.float64(107.0), 'Min': np.float64(76.0), 'Mean': np.float64(84.9), 'Std': np.float64(9.417536832951598)}
2024-11-09 16:58:29,891 - INFO - Bottom 10 Std Stats: {'Max': np.float64(0.0), 'Min': np.float64(0.0), 'Mean': np.float64(0.0), 'Std': np.float64(0.0)}
[I 2024-11-09 16:58:29,924] Trial 93 finished with value: 62.0 and parameters: {'x_0': 1, 'x_1': 5, 'x_2': 2, 'x_3': 4, 'x_4': 4}. Best is trial 89 with value: 11.0.
2024-11-09 16:58:40,321 - INFO - Candidate Mean Stats: {'Max': np.float64(107.0), 'Min': np.float64(-5.369038547087257e-14), 'Mean': np.float64(0.029059117919168438), 'Std': np.float64(1.2945335058993008)}
2024-11-09 16:58:40,321 - INFO - Candidate Std Stats: {'Max': np.float64(0.9999999970135347), 'Min': np.float64(0.0), 'Mean': np.float64(0.9994163221961476), 'Std': np.float64(0.024152129593413677)}
2024-11-09 16:58:40,352 - INFO - Top 10 Mean Stats: {'Max': np.float64(2.55351295663786e-15), 'Min': np.float64(-4.674038933671909e-15), 'Mean': np.float64(5.377642775527155e-19), 'Std': np.float64(2.6083079199298888e-15)}
2024-11-09 16:58:40,352 - INFO - Top 10 Std Stats: {'Max': np.float64(0.9999999970135347), 'Min': np.float64(0.9999999963800669), 'Mean': np.float64(0.9999999965779416), 'Std': np.float64(2.0655018336708537e-10)}
2024-11-09 16:58:40,352 - INFO - Bottom 10 Mean Stats: {'Max': np.float64(107.0), 'Min': np.float64(76.0), 'Mean': np.float64(84.9), 'Std': np.float64(9.417536832951598)}
2024-11-09 16:58:40,353 - INFO - Bottom 10 Std Stats: {'Max': np.float64(0.0), 'Min': np.float64(0.0), 'Mean': np.float64(0.0), 'Std': np.float64(0.0)}
[I 2024-11-09 16:58:40,383] Trial 94 finished with value: 35.0 and parameters: {'x_0': -4, 'x_1': -1, 'x_2': 0, 'x_3': -3, 'x_4': -3}. Best is trial 89 with value: 11.0.
2024-11-09 16:58:50,059 - INFO - Candidate Mean Stats: {'Max': np.float64(107.0), 'Min': np.float64(-5.129230373768223e-14), 'Mean': np.float64(0.029276440382239168), 'Std': np.float64(1.2974631426272563)}
2024-11-09 16:58:50,061 - INFO - Candidate Std Stats: {'Max': np.float64(0.9999999969424055), 'Min': np.float64(0.0), 'Mean': np.float64(0.9994101132975048), 'Std': np.float64(0.024280183083835297)}
2024-11-09 16:58:50,085 - INFO - Top 10 Mean Stats: {'Max': np.float64(2.609024107869118e-15), 'Min': np.float64(-3.5360603334311237e-15), 'Mean': np.float64(-1.0491607582707729e-16), 'Std': np.float64(2.3188177334970655e-15)}
2024-11-09 16:58:50,085 - INFO - Top 10 Std Stats: {'Max': np.float64(0.9999999969424055), 'Min': np.float64(0.9999999965045491), 'Mean': np.float64(0.9999999967149306), 'Std': np.float64(1.2276789691864177e-10)}
2024-11-09 16:58:50,085 - INFO - Bottom 10 Mean Stats: {'Max': np.float64(107.0), 'Min': np.float64(76.0), 'Mean': np.float64(84.9), 'Std': np.float64(9.417536832951598)}
2024-11-09 16:58:50,085 - INFO - Bottom 10 Std Stats: {'Max': np.float64(0.0), 'Min': np.float64(0.0), 'Mean': np.float64(0.0), 'Std': np.float64(0.0)}
