[I 2024-11-09 16:47:39,315] Trial 47 finished with value: 22.0 and parameters: {'x_0': -1, 'x_1': 1, 'x_2': -2, 'x_3': -4, 'x_4': 0}. Best is trial 19 with value: 6.0.
2024-11-09 16:47:45,936 - INFO - Candidate Mean Stats: {'Max': np.float64(101.0), 'Min': np.float64(-6.076666947407716e-14), 'Mean': np.float64(0.013026929357781035), 'Std': np.float64(0.8363444431023035)}
2024-11-09 16:47:45,936 - INFO - Candidate Std Stats: {'Max': np.float64(0.9999999979506785), 'Min': np.float64(0.0), 'Mean': np.float64(0.9997019439896281), 'Std': np.float64(0.01726132664899442)}
2024-11-09 16:47:45,970 - INFO - Top 10 Mean Stats: {'Max': np.float64(1.7784385075714227e-15), 'Min': np.float64(-1.7957857423311908e-15), 'Mean': np.float64(-4.364564265557644e-17), 'Std': np.float64(1.2012694591636189e-15)}
2024-11-09 16:47:45,970 - INFO - Top 10 Std Stats: {'Max': np.float64(0.9999999979506785), 'Min': np.float64(0.9999999972615549), 'Mean': np.float64(0.9999999974906457), 'Std': np.float64(2.2536440784209148e-10)}
2024-11-09 16:47:45,970 - INFO - Bottom 10 Mean Stats: {'Max': np.float64(101.0), 'Min': np.float64(63.0), 'Mean': np.float64(74.7), 'Std': np.float64(11.489560478973946)}
2024-11-09 16:47:45,970 - INFO - Bottom 10 Std Stats: {'Max': np.float64(0.0), 'Min': np.float64(0.0), 'Mean': np.float64(0.0), 'Std': np.float64(0.0)}
[I 2024-11-09 16:47:46,007] Trial 48 finished with value: 25.0 and parameters: {'x_0': 2, 'x_1': 4, 'x_2': 2, 'x_3': 0, 'x_4': 1}. Best is trial 19 with value: 6.0.
2024-11-09 16:47:55,004 - INFO - Candidate Mean Stats: {'Max': np.float64(101.0), 'Min': np.float64(-6.479261571712414e-14), 'Mean': np.float64(0.013182159688545856), 'Std': np.float64(0.8386588801960309)}
2024-11-09 16:47:55,006 - INFO - Candidate Std Stats: {'Max': np.float64(0.9999999984771241), 'Min': np.float64(0.0), 'Mean': np.float64(0.9996957348902095), 'Std': np.float64(0.017440151118673173)}
2024-11-09 16:47:55,039 - INFO - Top 10 Mean Stats: {'Max': np.float64(8.659739592076221e-16), 'Min': np.float64(-4.884981308350689e-16), 'Mean': np.float64(1.39194211712379e-16), 'Std': np.float64(4.3532036716334086e-16)}
2024-11-09 16:47:55,040 - INFO - Top 10 Std Stats: {'Max': np.float64(0.9999999984771241), 'Min': np.float64(0.9999999980140811), 'Mean': np.float64(0.9999999982247438), 'Std': np.float64(1.4281752247562522e-10)}
2024-11-09 16:47:55,040 - INFO - Bottom 10 Mean Stats: {'Max': np.float64(101.0), 'Min': np.float64(63.0), 'Mean': np.float64(74.7), 'Std': np.float64(11.489560478973946)}
2024-11-09 16:47:55,040 - INFO - Bottom 10 Std Stats: {'Max': np.float64(0.0), 'Min': np.float64(0.0), 'Mean': np.float64(0.0), 'Std': np.float64(0.0)}
[I 2024-11-09 16:47:55,073] Trial 49 finished with value: 70.0 and parameters: {'x_0': 4, 'x_1': -5, 'x_2': -2, 'x_3': 4, 'x_4': -3}. Best is trial 19 with value: 6.0.
2024-11-09 16:48:02,242 - INFO - Candidate Mean Stats: {'Max': np.float64(101.0), 'Min': np.float64(-5.810907310888069e-14), 'Mean': np.float64(0.013616804614687261), 'Std': np.float64(0.8565992144099238)}
2024-11-09 16:48:02,243 - INFO - Candidate Std Stats: {'Max': np.float64(0.9999999967179957), 'Min': np.float64(0.0), 'Mean': np.float64(0.9996895255375954), 'Std': np.float64(0.01761715831619799)}
2024-11-09 16:48:02,276 - INFO - Top 10 Mean Stats: {'Max': np.float64(1.0658141036401502e-15), 'Min': np.float64(-4.75175454539567e-15), 'Mean': np.float64(-1.1568523916594131e-15), 'Std': np.float64(1.4486500421553948e-15)}
2024-11-09 16:48:02,276 - INFO - Top 10 Std Stats: {'Max': np.float64(0.9999999967179957), 'Min': np.float64(0.9999999963321757), 'Mean': np.float64(0.9999999965017349), 'Std': np.float64(1.2853302461376456e-10)}
2024-11-09 16:48:02,276 - INFO - Bottom 10 Mean Stats: {'Max': np.float64(101.0), 'Min': np.float64(63.0), 'Mean': np.float64(75.4), 'Std': np.float64(10.95627673984187)}
2024-11-09 16:48:02,276 - INFO - Bottom 10 Std Stats: {'Max': np.float64(0.0), 'Min': np.float64(0.0), 'Mean': np.float64(0.0), 'Std': np.float64(0.0)}
[I 2024-11-09 16:48:02,316] Trial 50 finished with value: 39.0 and parameters: {'x_0': 0, 'x_1': -5, 'x_2': 3, 'x_3': 2, 'x_4': 1}. Best is trial 19 with value: 6.0.
2024-11-09 16:48:13,118 - INFO - Candidate Mean Stats: {'Max': np.float64(101.0), 'Min': np.float64(-5.1958437552457326e-14), 'Mean': np.float64(0.01385896393068034), 'Std': np.float64(0.8620903513774592)}
2024-11-09 16:48:13,119 - INFO - Candidate Std Stats: {'Max': np.float64(0.9999999965741028), 'Min': np.float64(0.0), 'Mean': np.float64(0.9996833169675172), 'Std': np.float64(0.017792402497057484)}
2024-11-09 16:48:13,150 - INFO - Top 10 Mean Stats: {'Max': np.float64(1.787459069646502e-15), 'Min': np.float64(-1.9317880628477722e-15), 'Mean': np.float64(1.25732757538799e-16), 'Std': np.float64(1.1556270145865958e-15)}
2024-11-09 16:48:13,150 - INFO - Top 10 Std Stats: {'Max': np.float64(0.9999999965741028), 'Min': np.float64(0.9999999961593994), 'Mean': np.float64(0.9999999963285985), 'Std': np.float64(1.407781535543307e-10)}
2024-11-09 16:48:13,150 - INFO - Bottom 10 Mean Stats: {'Max': np.float64(101.0), 'Min': np.float64(63.0), 'Mean': np.float64(75.4), 'Std': np.float64(10.95627673984187)}
2024-11-09 16:48:13,150 - INFO - Bottom 10 Std Stats: {'Max': np.float64(0.0), 'Min': np.float64(0.0), 'Mean': np.float64(0.0), 'Std': np.float64(0.0)}
[I 2024-11-09 16:48:13,193] Trial 51 finished with value: 51.0 and parameters: {'x_0': 5, 'x_1': -2, 'x_2': 3, 'x_3': 2, 'x_4': -3}. Best is trial 19 with value: 6.0.
2024-11-09 16:48:22,076 - INFO - Candidate Mean Stats: {'Max': np.float64(101.0), 'Min': np.float64(-7.42718386792518e-14), 'Mean': np.float64(0.014175633805440535), 'Std': np.float64(0.8714017786522619)}
2024-11-09 16:48:22,078 - INFO - Candidate Std Stats: {'Max': np.float64(0.999999998400948), 'Min': np.float64(0.0), 'Mean': np.float64(0.9996771068211056), 'Std': np.float64(0.017965935210447793)}
2024-11-09 16:48:22,112 - INFO - Top 10 Mean Stats: {'Max': np.float64(1.5709655798445965e-15), 'Min': np.float64(-1.4099832412739487e-15), 'Mean': np.float64(-2.023381462379347e-16), 'Std': np.float64(9.161950707879126e-16)}
2024-11-09 16:48:22,113 - INFO - Top 10 Std Stats: {'Max': np.float64(0.999999998400948), 'Min': np.float64(0.999999998179713), 'Mean': np.float64(0.9999999982937468), 'Std': np.float64(7.041012628342876e-11)}
2024-11-09 16:48:22,113 - INFO - Bottom 10 Mean Stats: {'Max': np.float64(101.0), 'Min': np.float64(63.0), 'Mean': np.float64(75.4), 'Std': np.float64(10.95627673984187)}
2024-11-09 16:48:22,113 - INFO - Bottom 10 Std Stats: {'Max': np.float64(0.0), 'Min': np.float64(0.0), 'Mean': np.float64(0.0), 'Std': np.float64(0.0)}
[I 2024-11-09 16:48:22,157] Trial 52 finished with value: 38.0 and parameters: {'x_0': 2, 'x_1': -1, 'x_2': -2, 'x_3': 5, 'x_4': -2}. Best is trial 19 with value: 6.0.
2024-11-09 16:48:30,220 - INFO - Candidate Mean Stats: {'Max': np.float64(101.0), 'Min': np.float64(-7.009948177483238e-14), 'Mean': np.float64(0.014411583908203), 'Std': np.float64(0.876527477370985)}
2024-11-09 16:48:30,221 - INFO - Candidate Std Stats: {'Max': np.float64(0.9999999966843172), 'Min': np.float64(0.0), 'Mean': np.float64(0.9996708984537328), 'Std': np.float64(0.018137805638880088)}
2024-11-09 16:48:30,249 - INFO - Top 10 Mean Stats: {'Max': np.float64(4.252154184314349e-15), 'Min': np.float64(-3.530509218307998e-15), 'Mean': np.float64(-8.672923490493645e-16), 'Std': np.float64(2.156973009955812e-15)}
2024-11-09 16:48:30,249 - INFO - Top 10 Std Stats: {'Max': np.float64(0.9999999966843172), 'Min': np.float64(0.9999999962436227), 'Mean': np.float64(0.9999999963971977), 'Std': np.float64(1.3466724032485892e-10)}
2024-11-09 16:48:30,249 - INFO - Bottom 10 Mean Stats: {'Max': np.float64(101.0), 'Min': np.float64(63.0), 'Mean': np.float64(75.4), 'Std': np.float64(10.95627673984187)}
2024-11-09 16:48:30,249 - INFO - Bottom 10 Std Stats: {'Max': np.float64(0.0), 'Min': np.float64(0.0), 'Mean': np.float64(0.0), 'Std': np.float64(0.0)}
[I 2024-11-09 16:48:30,286] Trial 53 finished with value: 47.0 and parameters: {'x_0': -1, 'x_1': -5, 'x_2': -2, 'x_3': 1, 'x_4': 4}. Best is trial 19 with value: 6.0.
2024-11-09 16:48:38,191 - INFO - Candidate Mean Stats: {'Max': np.float64(101.0), 'Min': np.float64(-6.215028491851626e-14), 'Mean': np.float64(0.014703416930040777), 'Std': np.float64(0.8843122038590465)}
2024-11-09 16:48:38,193 - INFO - Candidate Std Stats: {'Max': np.float64(0.9999999966737289), 'Min': np.float64(0.0), 'Mean': np.float64(0.999664688848811), 'Std': np.float64(0.018308060544034603)}
2024-11-09 16:48:38,228 - INFO - Top 10 Mean Stats: {'Max': np.float64(5.599687380453133e-15), 'Min': np.float64(-2.3869795029440866e-15), 'Mean': np.float64(7.895767373256035e-16), 'Std': np.float64(2.2902229541890382e-15)}
2024-11-09 16:48:38,228 - INFO - Top 10 Std Stats: {'Max': np.float64(0.9999999966737289), 'Min': np.float64(0.9999999958293951), 'Mean': np.float64(0.9999999961619425), 'Std': np.float64(2.97495921089907e-10)}
2024-11-09 16:48:38,228 - INFO - Bottom 10 Mean Stats: {'Max': np.float64(101.0), 'Min': np.float64(63.0), 'Mean': np.float64(75.4), 'Std': np.float64(10.95627673984187)}
2024-11-09 16:48:38,229 - INFO - Bottom 10 Std Stats: {'Max': np.float64(0.0), 'Min': np.float64(0.0), 'Mean': np.float64(0.0), 'Std': np.float64(0.0)}
[I 2024-11-09 16:48:38,266] Trial 54 finished with value: 18.0 and parameters: {'x_0': -2, 'x_1': -2, 'x_2': -3, 'x_3': 0, 'x_4': -1}. Best is trial 19 with value: 6.0.
2024-11-09 16:48:47,023 - INFO - Candidate Mean Stats: {'Max': np.float64(101.0), 'Min': np.float64(-6.318279233141766e-14), 'Mean': np.float64(0.014815182768191429), 'Std': np.float64(0.8854470959971122)}
2024-11-09 16:48:47,024 - INFO - Candidate Std Stats: {'Max': np.float64(0.9999999968984399), 'Min': np.float64(0.0), 'Mean': np.float64(0.9996584793921168), 'Std': np.float64(0.018476744609295794)}
2024-11-09 16:48:47,063 - INFO - Top 10 Mean Stats: {'Max': np.float64(2.8976820942716587e-15), 'Min': np.float64(-2.7033930649622563e-15), 'Mean': np.float64(-3.802513859341161e-16), 'Std': np.float64(1.8491751017458284e-15)}
2024-11-09 16:48:47,064 - INFO - Top 10 Std Stats: {'Max': np.float64(0.9999999968984399), 'Min': np.float64(0.9999999964095595), 'Mean': np.float64(0.9999999965590813), 'Std': np.float64(1.5106084894013248e-10)}
2024-11-09 16:48:47,064 - INFO - Bottom 10 Mean Stats: {'Max': np.float64(101.0), 'Min': np.float64(63.0), 'Mean': np.float64(75.4), 'Std': np.float64(10.95627673984187)}
2024-11-09 16:48:47,064 - INFO - Bottom 10 Std Stats: {'Max': np.float64(0.0), 'Min': np.float64(0.0), 'Mean': np.float64(0.0), 'Std': np.float64(0.0)}
[I 2024-11-09 16:48:47,098] Trial 55 finished with value: 47.0 and parameters: {'x_0': -5, 'x_1': 2, 'x_2': 1, 'x_3': -4, 'x_4': -1}. Best is trial 19 with value: 6.0.
2024-11-09 16:48:54,944 - INFO - Candidate Mean Stats: {'Max': np.float64(101.0), 'Min': np.float64(-6.610267888618182e-14), 'Mean': np.float64(0.015107015790029254), 'Std': np.float64(0.8931539506437123)}
2024-11-09 16:48:54,945 - INFO - Candidate Std Stats: {'Max': np.float64(0.99999999735096), 'Min': np.float64(0.0), 'Mean': np.float64(0.9996522704987771), 'Std': np.float64(0.018643900479977608)}
2024-11-09 16:48:54,974 - INFO - Top 10 Mean Stats: {'Max': np.float64(1.2101430968414207e-15), 'Min': np.float64(-2.864375403532904e-15), 'Mean': np.float64(-1.096345236817342e-15), 'Std': np.float64(1.4129594535805991e-15)}
2024-11-09 16:48:54,974 - INFO - Top 10 Std Stats: {'Max': np.float64(0.99999999735096), 'Min': np.float64(0.9999999969111594), 'Mean': np.float64(0.9999999970599831), 'Std': np.float64(1.3886283248367867e-10)}
2024-11-09 16:48:54,975 - INFO - Bottom 10 Mean Stats: {'Max': np.float64(101.0), 'Min': np.float64(63.0), 'Mean': np.float64(75.4), 'Std': np.float64(10.95627673984187)}
2024-11-09 16:48:54,975 - INFO - Bottom 10 Std Stats: {'Max': np.float64(0.0), 'Min': np.float64(0.0), 'Mean': np.float64(0.0), 'Std': np.float64(0.0)}
[I 2024-11-09 16:48:55,022] Trial 56 finished with value: 63.0 and parameters: {'x_0': -2, 'x_1': -3, 'x_2': -3, 'x_3': -5, 'x_4': -4}. Best is trial 19 with value: 6.0.
2024-11-09 16:49:03,193 - INFO - Candidate Mean Stats: {'Max': np.float64(101.0), 'Min': np.float64(-5.284661597215745e-14), 'Mean': np.float64(0.015498196223556502), 'Std': np.float64(0.9068386707141382)}
2024-11-09 16:49:03,194 - INFO - Candidate Std Stats: {'Max': np.float64(0.9999999963260231), 'Min': np.float64(0.0), 'Mean': np.float64(0.999646061140404), 'Std': np.float64(0.01880956887936546)}
2024-11-09 16:49:03,223 - INFO - Top 10 Mean Stats: {'Max': np.float64(1.965094753586527e-15), 'Min': np.float64(-3.164135620181696e-15), 'Mean': np.float64(-9.42787514723875e-16), 'Std': np.float64(1.728531426028498e-15)}
2024-11-09 16:49:03,224 - INFO - Top 10 Std Stats: {'Max': np.float64(0.9999999963260231), 'Min': np.float64(0.999999995875902), 'Mean': np.float64(0.9999999960005244), 'Std': np.float64(1.277657615289444e-10)}
2024-11-09 16:49:03,224 - INFO - Bottom 10 Mean Stats: {'Max': np.float64(101.0), 'Min': np.float64(63.0), 'Mean': np.float64(75.4), 'Std': np.float64(10.95627673984187)}
2024-11-09 16:49:03,224 - INFO - Bottom 10 Std Stats: {'Max': np.float64(0.0), 'Min': np.float64(0.0), 'Mean': np.float64(0.0), 'Std': np.float64(0.0)}
[I 2024-11-09 16:49:03,262] Trial 57 finished with value: 51.0 and parameters: {'x_0': 5, 'x_1': 1, 'x_2': 0, 'x_3': 4, 'x_4': 3}. Best is trial 19 with value: 6.0.
2024-11-09 16:49:09,924 - INFO - Candidate Mean Stats: {'Max': np.float64(101.0), 'Min': np.float64(-8.108019464159178e-14), 'Mean': np.float64(0.015814866098316664), 'Std': np.float64(0.9156946119814344)}
2024-11-09 16:49:09,925 - INFO - Candidate Std Stats: {'Max': np.float64(0.9999999973129385), 'Min': np.float64(0.0), 'Mean': np.float64(0.9996398519761549), 'Std': np.float64(0.018973788782829792)}
2024-11-09 16:49:09,958 - INFO - Top 10 Mean Stats: {'Max': np.float64(4.7628567756419214e-15), 'Min': np.float64(-9.339751194659129e-16), 'Mean': np.float64(7.270573032513995e-16), 'Std': np.float64(1.630199160687688e-15)}
2024-11-09 16:49:09,958 - INFO - Top 10 Std Stats: {'Max': np.float64(0.9999999973129385), 'Min': np.float64(0.9999999965956042), 'Mean': np.float64(0.9999999967911138), 'Std': np.float64(2.21961395180226e-10)}
2024-11-09 16:49:09,959 - INFO - Bottom 10 Mean Stats: {'Max': np.float64(101.0), 'Min': np.float64(63.0), 'Mean': np.float64(75.4), 'Std': np.float64(10.95627673984187)}
2024-11-09 16:49:09,959 - INFO - Bottom 10 Std Stats: {'Max': np.float64(0.0), 'Min': np.float64(0.0), 'Mean': np.float64(0.0), 'Std': np.float64(0.0)}
[I 2024-11-09 16:49:09,992] Trial 58 finished with value: 63.0 and parameters: {'x_0': 2, 'x_1': 5, 'x_2': 0, 'x_3': 3, 'x_4': -5}. Best is trial 19 with value: 6.0.
2024-11-09 16:49:20,363 - INFO - Candidate Mean Stats: {'Max': np.float64(101.0), 'Min': np.float64(-6.054601264793291e-14), 'Mean': np.float64(0.016206046531843956), 'Std': np.float64(0.9290470729567814)}
2024-11-09 16:49:20,364 - INFO - Candidate Std Stats: {'Max': np.float64(0.9999999961575783), 'Min': np.float64(0.0), 'Mean': np.float64(0.9996336432134161), 'Std': np.float64(0.01913659748518576)}
2024-11-09 16:49:20,398 - INFO - Top 10 Mean Stats: {'Max': np.float64(2.9753977059954196e-15), 'Min': np.float64(-2.4050206270942455e-15), 'Mean': np.float64(6.240841177174162e-16), 'Std': np.float64(1.3995020762596201e-15)}
2024-11-09 16:49:20,398 - INFO - Top 10 Std Stats: {'Max': np.float64(0.9999999961575783), 'Min': np.float64(0.9999999956310265), 'Mean': np.float64(0.9999999958007957), 'Std': np.float64(1.505610250851953e-10)}
2024-11-09 16:49:20,398 - INFO - Bottom 10 Mean Stats: {'Max': np.float64(101.0), 'Min': np.float64(63.0), 'Mean': np.float64(75.4), 'Std': np.float64(10.95627673984187)}
2024-11-09 16:49:20,398 - INFO - Bottom 10 Std Stats: {'Max': np.float64(0.0), 'Min': np.float64(0.0), 'Mean': np.float64(0.0), 'Std': np.float64(0.0)}
[I 2024-11-09 16:49:20,435] Trial 59 finished with value: 58.0 and parameters: {'x_0': -4, 'x_1': -3, 'x_2': 1, 'x_3': -4, 'x_4': -4}. Best is trial 19 with value: 6.0.
2024-11-09 16:49:28,853 - INFO - Candidate Mean Stats: {'Max': np.float64(101.0), 'Min': np.float64(-5.5089266481900266e-14), 'Mean': np.float64(0.016566180899218245), 'Std': np.float64(0.940215110850639)}
2024-11-09 16:49:28,855 - INFO - Candidate Std Stats: {'Max': np.float64(0.9999999971277675), 'Min': np.float64(0.0), 'Mean': np.float64(0.9996274334780882), 'Std': np.float64(0.01929803067731141)}
2024-11-09 16:49:28,890 - INFO - Top 10 Mean Stats: {'Max': np.float64(1.84297022087776e-15), 'Min': np.float64(-2.453592884421596e-15), 'Mean': np.float64(-1.0991207943789048e-16), 'Std': np.float64(1.2308884005333205e-15)}
2024-11-09 16:49:28,891 - INFO - Top 10 Std Stats: {'Max': np.float64(0.9999999971277675), 'Min': np.float64(0.9999999967006264), 'Mean': np.float64(0.99999999685882), 'Std': np.float64(1.300370394555856e-10)}
2024-11-09 16:49:28,891 - INFO - Bottom 10 Mean Stats: {'Max': np.float64(101.0), 'Min': np.float64(63.0), 'Mean': np.float64(75.4), 'Std': np.float64(10.95627673984187)}
2024-11-09 16:49:28,891 - INFO - Bottom 10 Std Stats: {'Max': np.float64(0.0), 'Min': np.float64(0.0), 'Mean': np.float64(0.0), 'Std': np.float64(0.0)}
[I 2024-11-09 16:49:28,924] Trial 60 finished with value: 24.0 and parameters: {'x_0': -1, 'x_1': -1, 'x_2': 3, 'x_3': -3, 'x_4': -2}. Best is trial 19 with value: 6.0.
2024-11-09 16:49:37,656 - INFO - Candidate Mean Stats: {'Max': np.float64(101.0), 'Min': np.float64(-5.162537064506978e-14), 'Mean': np.float64(0.01671520201675246), 'Std': np.float64(0.9421125208083294)}
2024-11-09 16:49:37,657 - INFO - Candidate Std Stats: {'Max': np.float64(0.999999995922643), 'Min': np.float64(0.0), 'Mean': np.float64(0.9996212244548375), 'Std': np.float64(0.019458122626622398)}
2024-11-09 16:49:37,690 - INFO - Top 10 Mean Stats: {'Max': np.float64(1.5099033134902129e-15), 'Min': np.float64(-3.2585045772748346e-15), 'Mean': np.float64(-5.803690861228005e-16), 'Std': np.float64(1.4140350061514696e-15)}
2024-11-09 16:49:37,690 - INFO - Top 10 Std Stats: {'Max': np.float64(0.999999995922643), 'Min': np.float64(0.9999999952593941), 'Mean': np.float64(0.9999999955177543), 'Std': np.float64(2.039168619590938e-10)}
2024-11-09 16:49:37,691 - INFO - Bottom 10 Mean Stats: {'Max': np.float64(101.0), 'Min': np.float64(63.0), 'Mean': np.float64(75.4), 'Std': np.float64(10.95627673984187)}
2024-11-09 16:49:37,691 - INFO - Bottom 10 Std Stats: {'Max': np.float64(0.0), 'Min': np.float64(0.0), 'Mean': np.float64(0.0), 'Std': np.float64(0.0)}
[I 2024-11-09 16:49:37,727] Trial 61 finished with value: 37.0 and parameters: {'x_0': 1, 'x_1': 0, 'x_2': 2, 'x_3': -4, 'x_4': 4}. Best is trial 19 with value: 6.0.
2024-11-09 16:49:45,358 - INFO - Candidate Mean Stats: {'Max': np.float64(101.0), 'Min': np.float64(-6.73683331342545e-14), 'Mean': np.float64(0.016944942906284313), 'Std': np.float64(0.9466090437265369)}
2024-11-09 16:49:45,359 - INFO - Candidate Std Stats: {'Max': np.float64(0.9999999968241898), 'Min': np.float64(0.0), 'Mean': np.float64(0.9996150156143637), 'Std': np.float64(0.019616906160750305)}
2024-11-09 16:49:45,388 - INFO - Top 10 Mean Stats: {'Max': np.float64(1.587618925213974e-15), 'Min': np.float64(-3.26405569239796e-15), 'Mean': np.float64(-3.642225410160904e-16), 'Std': np.float64(1.3032857459211814e-15)}
2024-11-09 16:49:45,388 - INFO - Top 10 Std Stats: {'Max': np.float64(0.9999999968241898), 'Min': np.float64(0.9999999964335103), 'Mean': np.float64(0.9999999965441146), 'Std': np.float64(1.3112885283380773e-10)}
2024-11-09 16:49:45,388 - INFO - Bottom 10 Mean Stats: {'Max': np.float64(101.0), 'Min': np.float64(63.0), 'Mean': np.float64(75.4), 'Std': np.float64(10.95627673984187)}
2024-11-09 16:49:45,388 - INFO - Bottom 10 Std Stats: {'Max': np.float64(0.0), 'Min': np.float64(0.0), 'Mean': np.float64(0.0), 'Std': np.float64(0.0)}
[I 2024-11-09 16:49:45,425] Trial 62 finished with value: 39.0 and parameters: {'x_0': -2, 'x_1': 1, 'x_2': 3, 'x_3': 3, 'x_4': 4}. Best is trial 19 with value: 6.0.
2024-11-09 16:49:52,273 - INFO - Candidate Mean Stats: {'Max': np.float64(101.0), 'Min': np.float64(-5.161704397238509e-14), 'Mean': np.float64(0.01718710222227742), 'Std': np.float64(0.951580069986702)}
2024-11-09 16:49:52,274 - INFO - Candidate Std Stats: {'Max': np.float64(0.9999999956332966), 'Min': np.float64(0.0), 'Mean': np.float64(0.9996088062334207), 'Std': np.float64(0.019774412784314292)}
2024-11-09 16:49:52,301 - INFO - Top 10 Mean Stats: {'Max': np.float64(4.241051954068098e-15), 'Min': np.float64(-5.154210391822289e-15), 'Mean': np.float64(2.262079412673757e-16), 'Std': np.float64(3.2330947957296444e-15)}
2024-11-09 16:49:52,301 - INFO - Top 10 Std Stats: {'Max': np.float64(0.9999999956332966), 'Min': np.float64(0.999999995367418), 'Mean': np.float64(0.9999999954413997), 'Std': np.float64(7.5595717903794e-11)}
2024-11-09 16:49:52,301 - INFO - Bottom 10 Mean Stats: {'Max': np.float64(101.0), 'Min': np.float64(63.0), 'Mean': np.float64(75.4), 'Std': np.float64(10.95627673984187)}
2024-11-09 16:49:52,302 - INFO - Bottom 10 Std Stats: {'Max': np.float64(0.0), 'Min': np.float64(0.0), 'Mean': np.float64(0.0), 'Std': np.float64(0.0)}
