[I 2024-11-09 17:01:24,287] Trial 111 finished with value: 53.0 and parameters: {'x_0': 1, 'x_1': -5, 'x_2': 3, 'x_3': -3, 'x_4': -3}. Best is trial 89 with value: 11.0.
2024-11-09 17:01:34,369 - INFO - Candidate Mean Stats: {'Max': np.float64(107.0), 'Min': np.float64(-6.770140004164204e-14), 'Mean': np.float64(0.03500754419407518), 'Std': np.float64(1.423274407429504)}
2024-11-09 17:01:34,371 - INFO - Candidate Std Stats: {'Max': np.float64(0.9999999963358273), 'Min': np.float64(0.0), 'Mean': np.float64(0.9993045566524517), 'Std': np.float64(0.026361870957440588)}
2024-11-09 17:01:34,399 - INFO - Top 10 Mean Stats: {'Max': np.float64(1.5987211554602255e-15), 'Min': np.float64(-4.9238391142125694e-15), 'Mean': np.float64(-1.1945999744966686e-15), 'Std': np.float64(1.8448800188119677e-15)}
2024-11-09 17:01:34,402 - INFO - Top 10 Std Stats: {'Max': np.float64(0.9999999963358273), 'Min': np.float64(0.9999999961000353), 'Mean': np.float64(0.9999999961889691), 'Std': np.float64(6.309473742077888e-11)}
2024-11-09 17:01:34,403 - INFO - Bottom 10 Mean Stats: {'Max': np.float64(107.0), 'Min': np.float64(76.0), 'Mean': np.float64(86.8), 'Std': np.float64(9.346657156438338)}
2024-11-09 17:01:34,403 - INFO - Bottom 10 Std Stats: {'Max': np.float64(0.0), 'Min': np.float64(0.0), 'Mean': np.float64(0.0), 'Std': np.float64(0.0)}
[I 2024-11-09 17:01:34,433] Trial 112 finished with value: 63.0 and parameters: {'x_0': 3, 'x_1': -3, 'x_2': 2, 'x_3': 5, 'x_4': -4}. Best is trial 89 with value: 11.0.
2024-11-09 17:01:44,581 - INFO - Candidate Mean Stats: {'Max': np.float64(107.0), 'Min': np.float64(-5.2535753525262406e-14), 'Mean': np.float64(0.03539872462760246), 'Std': np.float64(1.4318962478480288)}
2024-11-09 17:01:44,581 - INFO - Candidate Std Stats: {'Max': np.float64(0.9999999973844574), 'Min': np.float64(0.0), 'Mean': np.float64(0.9992983473603152), 'Std': np.float64(0.026479214086339783)}
2024-11-09 17:01:44,604 - INFO - Top 10 Mean Stats: {'Max': np.float64(3.0309088572266774e-15), 'Min': np.float64(-5.098699240591031e-15), 'Mean': np.float64(-1.156019724390944e-16), 'Std': np.float64(2.1523787693994287e-15)}
2024-11-09 17:01:44,604 - INFO - Top 10 Std Stats: {'Max': np.float64(0.9999999973844574), 'Min': np.float64(0.9999999968544185), 'Mean': np.float64(0.9999999970415019), 'Std': np.float64(1.498348280319796e-10)}
2024-11-09 17:01:44,604 - INFO - Bottom 10 Mean Stats: {'Max': np.float64(107.0), 'Min': np.float64(76.0), 'Mean': np.float64(86.8), 'Std': np.float64(9.346657156438338)}
2024-11-09 17:01:44,604 - INFO - Bottom 10 Std Stats: {'Max': np.float64(0.0), 'Min': np.float64(0.0), 'Mean': np.float64(0.0), 'Std': np.float64(0.0)}
[I 2024-11-09 17:01:44,630] Trial 113 finished with value: 67.0 and parameters: {'x_0': 5, 'x_1': 4, 'x_2': 3, 'x_3': 1, 'x_4': -4}. Best is trial 89 with value: 11.0.
2024-11-09 17:01:54,562 - INFO - Candidate Mean Stats: {'Max': np.float64(107.0), 'Min': np.float64(-5.535572000781031e-14), 'Mean': np.float64(0.03581474191405208), 'Std': np.float64(1.4415860698412282)}
2024-11-09 17:01:54,564 - INFO - Candidate Std Stats: {'Max': np.float64(0.9999999971647932), 'Min': np.float64(0.0), 'Mean': np.float64(0.9992921381654014), 'Std': np.float64(0.026596038049128704)}
2024-11-09 17:01:54,584 - INFO - Top 10 Mean Stats: {'Max': np.float64(3.141931159689193e-15), 'Min': np.float64(-1.5543122344752192e-15), 'Mean': np.float64(6.336597913048081e-16), 'Std': np.float64(1.3927481513961688e-15)}
2024-11-09 17:01:54,585 - INFO - Top 10 Std Stats: {'Max': np.float64(0.9999999971647932), 'Min': np.float64(0.9999999966753664), 'Mean': np.float64(0.999999996885151), 'Std': np.float64(1.5311469418701787e-10)}
2024-11-09 17:01:54,585 - INFO - Bottom 10 Mean Stats: {'Max': np.float64(107.0), 'Min': np.float64(76.0), 'Mean': np.float64(86.8), 'Std': np.float64(9.346657156438338)}
2024-11-09 17:01:54,585 - INFO - Bottom 10 Std Stats: {'Max': np.float64(0.0), 'Min': np.float64(0.0), 'Mean': np.float64(0.0), 'Std': np.float64(0.0)}
[I 2024-11-09 17:01:54,620] Trial 114 finished with value: 85.0 and parameters: {'x_0': 5, 'x_1': 5, 'x_2': 1, 'x_3': 3, 'x_4': 5}. Best is trial 89 with value: 11.0.
2024-11-09 17:02:02,069 - INFO - Candidate Mean Stats: {'Max': np.float64(107.0), 'Min': np.float64(-7.661926648694362e-14), 'Mean': np.float64(0.03634252503865232), 'Std': np.float64(1.4570497173959058)}
2024-11-09 17:02:02,069 - INFO - Candidate Std Stats: {'Max': np.float64(0.9999999961552236), 'Min': np.float64(0.0), 'Mean': np.float64(0.9992859285958745), 'Std': np.float64(0.02671234964483647)}
2024-11-09 17:02:02,090 - INFO - Top 10 Mean Stats: {'Max': np.float64(3.7359004778636516e-15), 'Min': np.float64(-3.969047313034935e-15), 'Mean': np.float64(-1.0458647836664168e-15), 'Std': np.float64(2.5290619417733417e-15)}
2024-11-09 17:02:02,091 - INFO - Top 10 Std Stats: {'Max': np.float64(0.9999999961552236), 'Min': np.float64(0.99999999598815), 'Mean': np.float64(0.9999999960718396), 'Std': np.float64(6.106912144485206e-11)}
2024-11-09 17:02:02,091 - INFO - Bottom 10 Mean Stats: {'Max': np.float64(107.0), 'Min': np.float64(79.0), 'Mean': np.float64(87.7), 'Std': np.float64(8.672369918309528)}
2024-11-09 17:02:02,091 - INFO - Bottom 10 Std Stats: {'Max': np.float64(0.0), 'Min': np.float64(0.0), 'Mean': np.float64(0.0), 'Std': np.float64(0.0)}
[I 2024-11-09 17:02:02,118] Trial 115 finished with value: 27.0 and parameters: {'x_0': -1, 'x_1': 0, 'x_2': 1, 'x_3': 4, 'x_4': -3}. Best is trial 89 with value: 11.0.
2024-11-09 17:02:11,231 - INFO - Candidate Mean Stats: {'Max': np.float64(107.0), 'Min': np.float64(-5.868916463924734e-14), 'Mean': np.float64(0.03651017379587837), 'Std': np.float64(1.4585980192445656)}
2024-11-09 17:02:11,232 - INFO - Candidate Std Stats: {'Max': np.float64(0.9999999966902147), 'Min': np.float64(0.0), 'Mean': np.float64(0.9992797196111737), 'Std': np.float64(0.026828155562957402)}
2024-11-09 17:02:11,258 - INFO - Top 10 Mean Stats: {'Max': np.float64(3.635980405647388e-15), 'Min': np.float64(-1.992850329202156e-15), 'Mean': np.float64(5.190292640122607e-16), 'Std': np.float64(1.8517308616695808e-15)}
2024-11-09 17:02:11,258 - INFO - Top 10 Std Stats: {'Max': np.float64(0.9999999966902147), 'Min': np.float64(0.9999999963434548), 'Mean': np.float64(0.9999999964655671), 'Std': np.float64(1.1623000210237788e-10)}
2024-11-09 17:02:11,258 - INFO - Bottom 10 Mean Stats: {'Max': np.float64(107.0), 'Min': np.float64(79.0), 'Mean': np.float64(87.7), 'Std': np.float64(8.672369918309528)}
2024-11-09 17:02:11,258 - INFO - Bottom 10 Std Stats: {'Max': np.float64(0.0), 'Min': np.float64(0.0), 'Mean': np.float64(0.0), 'Std': np.float64(0.0)}
[I 2024-11-09 17:02:11,299] Trial 116 finished with value: 42.0 and parameters: {'x_0': 4, 'x_1': -3, 'x_2': 0, 'x_3': 4, 'x_4': -1}. Best is trial 89 with value: 11.0.
2024-11-09 17:02:20,359 - INFO - Candidate Mean Stats: {'Max': np.float64(107.0), 'Min': np.float64(-6.041278588497789e-14), 'Mean': np.float64(0.03677096075156323), 'Std': np.float64(1.462341315534422)}
2024-11-09 17:02:20,360 - INFO - Candidate Std Stats: {'Max': np.float64(0.9999999969046848), 'Min': np.float64(0.0), 'Mean': np.float64(0.9992735102709113), 'Std': np.float64(0.026943462298912025)}
2024-11-09 17:02:20,386 - INFO - Top 10 Mean Stats: {'Max': np.float64(4.9127368839663175e-16), 'Min': np.float64(-5.7967519673240984e-15), 'Mean': np.float64(-1.2879974864432596e-15), 'Std': np.float64(2.051973708287067e-15)}
2024-11-09 17:02:20,386 - INFO - Top 10 Std Stats: {'Max': np.float64(0.9999999969046848), 'Min': np.float64(0.9999999962744602), 'Mean': np.float64(0.9999999964618187), 'Std': np.float64(1.790611395812343e-10)}
2024-11-09 17:02:20,386 - INFO - Bottom 10 Mean Stats: {'Max': np.float64(107.0), 'Min': np.float64(79.0), 'Mean': np.float64(87.7), 'Std': np.float64(8.672369918309528)}
2024-11-09 17:02:20,386 - INFO - Bottom 10 Std Stats: {'Max': np.float64(0.0), 'Min': np.float64(0.0), 'Mean': np.float64(0.0), 'Std': np.float64(0.0)}
[I 2024-11-09 17:02:20,416] Trial 117 finished with value: 86.0 and parameters: {'x_0': 4, 'x_1': 2, 'x_2': 4, 'x_3': -5, 'x_4': 5}. Best is trial 89 with value: 11.0.
2024-11-09 17:02:29,427 - INFO - Candidate Mean Stats: {'Max': np.float64(107.0), 'Min': np.float64(-6.475930902638538e-14), 'Mean': np.float64(0.03730495308939408), 'Std': np.float64(1.4779465173686062)}
2024-11-09 17:02:29,427 - INFO - Candidate Std Stats: {'Max': np.float64(0.9999999968118686), 'Min': np.float64(0.0), 'Mean': np.float64(0.9992673015677122), 'Std': np.float64(0.027058276261012378)}
2024-11-09 17:02:29,454 - INFO - Top 10 Mean Stats: {'Max': np.float64(4.39648317751562e-15), 'Min': np.float64(-2.6867397195928787e-15), 'Mean': np.float64(4.106437412332298e-16), 'Std': np.float64(1.9716168010217138e-15)}
2024-11-09 17:02:29,454 - INFO - Top 10 Std Stats: {'Max': np.float64(0.9999999968118686), 'Min': np.float64(0.9999999964974967), 'Mean': np.float64(0.9999999966029621), 'Std': np.float64(1.1353779393856148e-10)}
2024-11-09 17:02:29,454 - INFO - Bottom 10 Mean Stats: {'Max': np.float64(107.0), 'Min': np.float64(79.0), 'Mean': np.float64(88.4), 'Std': np.float64(8.212186067059125)}
2024-11-09 17:02:29,454 - INFO - Bottom 10 Std Stats: {'Max': np.float64(0.0), 'Min': np.float64(0.0), 'Mean': np.float64(0.0), 'Std': np.float64(0.0)}
[I 2024-11-09 17:02:29,483] Trial 118 finished with value: 64.0 and parameters: {'x_0': 3, 'x_1': -2, 'x_2': 5, 'x_3': 5, 'x_4': 1}. Best is trial 89 with value: 11.0.
2024-11-09 17:02:40,581 - INFO - Candidate Mean Stats: {'Max': np.float64(107.0), 'Min': np.float64(-6.359357485052896e-14), 'Mean': np.float64(0.0377023427361519), 'Std': np.float64(1.4865157377141023)}
2024-11-09 17:02:40,581 - INFO - Candidate Std Stats: {'Max': np.float64(0.9999999967836994), 'Min': np.float64(0.0), 'Mean': np.float64(0.9992610920726569), 'Std': np.float64(0.02717260365727679)}
2024-11-09 17:02:40,605 - INFO - Top 10 Mean Stats: {'Max': np.float64(2.4896751327219136e-15), 'Min': np.float64(-5.662137425588298e-15), 'Mean': np.float64(-1.232347557333924e-15), 'Std': np.float64(2.3863373066436384e-15)}
2024-11-09 17:02:40,605 - INFO - Top 10 Std Stats: {'Max': np.float64(0.9999999967836994), 'Min': np.float64(0.9999999964409928), 'Mean': np.float64(0.9999999966182772), 'Std': np.float64(1.001857277924767e-10)}
2024-11-09 17:02:40,605 - INFO - Bottom 10 Mean Stats: {'Max': np.float64(107.0), 'Min': np.float64(79.0), 'Mean': np.float64(88.4), 'Std': np.float64(8.212186067059125)}
2024-11-09 17:02:40,605 - INFO - Bottom 10 Std Stats: {'Max': np.float64(0.0), 'Min': np.float64(0.0), 'Mean': np.float64(0.0), 'Std': np.float64(0.0)}
[I 2024-11-09 17:02:40,636] Trial 119 finished with value: 46.0 and parameters: {'x_0': 2, 'x_1': 3, 'x_2': -2, 'x_3': -2, 'x_4': -5}. Best is trial 89 with value: 11.0.
2024-11-09 17:02:51,846 - INFO - Candidate Mean Stats: {'Max': np.float64(107.0), 'Min': np.float64(-5.164757510556228e-14), 'Mean': np.float64(0.037987966544759146), 'Std': np.float64(1.4909212302174863)}
2024-11-09 17:02:51,847 - INFO - Candidate Std Stats: {'Max': np.float64(0.999999997301646), 'Min': np.float64(0.0), 'Mean': np.float64(0.9992548830668042), 'Std': np.float64(0.02728645063812795)}
2024-11-09 17:02:51,871 - INFO - Top 10 Mean Stats: {'Max': np.float64(2.2065682614424986e-15), 'Min': np.float64(-3.450018049022674e-15), 'Mean': np.float64(-6.090635808198019e-16), 'Std': np.float64(1.3775695907516642e-15)}
2024-11-09 17:02:51,871 - INFO - Top 10 Std Stats: {'Max': np.float64(0.999999997301646), 'Min': np.float64(0.9999999968008658), 'Mean': np.float64(0.9999999969207508), 'Std': np.float64(1.6584514240687492e-10)}
2024-11-09 17:02:51,871 - INFO - Bottom 10 Mean Stats: {'Max': np.float64(107.0), 'Min': np.float64(79.0), 'Mean': np.float64(88.4), 'Std': np.float64(8.212186067059125)}
2024-11-09 17:02:51,871 - INFO - Bottom 10 Std Stats: {'Max': np.float64(0.0), 'Min': np.float64(0.0), 'Mean': np.float64(0.0), 'Std': np.float64(0.0)}
[I 2024-11-09 17:02:51,903] Trial 120 finished with value: 52.0 and parameters: {'x_0': 0, 'x_1': -4, 'x_2': -4, 'x_3': 4, 'x_4': 2}. Best is trial 89 with value: 11.0.
2024-11-09 17:03:02,999 - INFO - Candidate Mean Stats: {'Max': np.float64(107.0), 'Min': np.float64(-5.756506382681437e-14), 'Mean': np.float64(0.03831084563274985), 'Std': np.float64(1.4965330574357025)}
2024-11-09 17:03:03,000 - INFO - Candidate Std Stats: {'Max': np.float64(0.9999999971129113), 'Min': np.float64(0.0), 'Mean': np.float64(0.9992486735000687), 'Std': np.float64(0.027399823163521155)}
2024-11-09 17:03:03,026 - INFO - Top 10 Mean Stats: {'Max': np.float64(2.5202062658991053e-15), 'Min': np.float64(-2.3092638912203257e-15), 'Mean': np.float64(3.327199626923516e-16), 'Std': np.float64(1.3010047940872703e-15)}
2024-11-09 17:03:03,026 - INFO - Top 10 Std Stats: {'Max': np.float64(0.9999999971129113), 'Min': np.float64(0.9999999964468278), 'Mean': np.float64(0.9999999966851492), 'Std': np.float64(2.1608200926567274e-10)}
2024-11-09 17:03:03,027 - INFO - Bottom 10 Mean Stats: {'Max': np.float64(107.0), 'Min': np.float64(79.0), 'Mean': np.float64(88.4), 'Std': np.float64(8.212186067059125)}
2024-11-09 17:03:03,027 - INFO - Bottom 10 Std Stats: {'Max': np.float64(0.0), 'Min': np.float64(0.0), 'Mean': np.float64(0.0), 'Std': np.float64(0.0)}
[I 2024-11-09 17:03:03,071] Trial 121 finished with value: 34.0 and parameters: {'x_0': -3, 'x_1': -1, 'x_2': 4, 'x_3': 2, 'x_4': -2}. Best is trial 89 with value: 11.0.
2024-11-09 17:03:14,084 - INFO - Candidate Mean Stats: {'Max': np.float64(107.0), 'Min': np.float64(-5.608846720406291e-14), 'Mean': np.float64(0.038521958882589996), 'Std': np.float64(1.4989238880174536)}
2024-11-09 17:03:14,085 - INFO - Candidate Std Stats: {'Max': np.float64(0.9999999969359036), 'Min': np.float64(0.0), 'Mean': np.float64(0.9992424645854753), 'Std': np.float64(0.02751272713178489)}
2024-11-09 17:03:14,110 - INFO - Top 10 Mean Stats: {'Max': np.float64(3.197442310920451e-15), 'Min': np.float64(-4.574118861455645e-15), 'Mean': np.float64(-8.526512829121204e-16), 'Std': np.float64(2.119268901717125e-15)}
2024-11-09 17:03:14,110 - INFO - Top 10 Std Stats: {'Max': np.float64(0.9999999969359036), 'Min': np.float64(0.9999999965298527), 'Mean': np.float64(0.9999999967175164), 'Std': np.float64(1.4409704042717302e-10)}
2024-11-09 17:03:14,111 - INFO - Bottom 10 Mean Stats: {'Max': np.float64(107.0), 'Min': np.float64(79.0), 'Mean': np.float64(88.4), 'Std': np.float64(8.212186067059125)}
2024-11-09 17:03:14,111 - INFO - Bottom 10 Std Stats: {'Max': np.float64(0.0), 'Min': np.float64(0.0), 'Mean': np.float64(0.0), 'Std': np.float64(0.0)}
[I 2024-11-09 17:03:14,138] Trial 122 finished with value: 25.0 and parameters: {'x_0': -1, 'x_1': 2, 'x_2': 0, 'x_3': 4, 'x_4': 2}. Best is trial 89 with value: 11.0.
2024-11-09 17:03:23,975 - INFO - Candidate Mean Stats: {'Max': np.float64(107.0), 'Min': np.float64(-6.501466032204917e-14), 'Mean': np.float64(0.03867718921335481), 'Std': np.float64(1.5002138503190756)}
2024-11-09 17:03:23,975 - INFO - Candidate Std Stats: {'Max': np.float64(0.999999996619656), 'Min': np.float64(0.0), 'Mean': np.float64(0.9992362549814157), 'Std': np.float64(0.027625168251243313)}
2024-11-09 17:03:24,007 - INFO - Top 10 Mean Stats: {'Max': np.float64(2.050443148604586e-15), 'Min': np.float64(-3.779268564763072e-15), 'Mean': np.float64(-2.118097364167681e-16), 'Std': np.float64(1.639799616210556e-15)}
2024-11-09 17:03:24,007 - INFO - Top 10 Std Stats: {'Max': np.float64(0.999999996619656), 'Min': np.float64(0.9999999962029903), 'Mean': np.float64(0.9999999964246168), 'Std': np.float64(1.3598454512023394e-10)}
2024-11-09 17:03:24,007 - INFO - Bottom 10 Mean Stats: {'Max': np.float64(107.0), 'Min': np.float64(79.0), 'Mean': np.float64(88.4), 'Std': np.float64(8.212186067059125)}
2024-11-09 17:03:24,007 - INFO - Bottom 10 Std Stats: {'Max': np.float64(0.0), 'Min': np.float64(0.0), 'Mean': np.float64(0.0), 'Std': np.float64(0.0)}
[I 2024-11-09 17:03:24,033] Trial 123 finished with value: 42.0 and parameters: {'x_0': 0, 'x_1': 4, 'x_2': 1, 'x_3': 5, 'x_4': 0}. Best is trial 89 with value: 11.0.
2024-11-09 17:03:33,099 - INFO - Candidate Mean Stats: {'Max': np.float64(107.0), 'Min': np.float64(-6.035172361862351e-14), 'Mean': np.float64(0.038937976169039615), 'Std': np.float64(1.503853186918608)}
2024-11-09 17:03:33,100 - INFO - Candidate Std Stats: {'Max': np.float64(0.9999999980230299), 'Min': np.float64(0.0), 'Mean': np.float64(0.9992300457810177), 'Std': np.float64(0.027737152180679576)}
2024-11-09 17:03:33,128 - INFO - Top 10 Mean Stats: {'Max': np.float64(4.0967229608668275e-15), 'Min': np.float64(-1.7152945730458668e-15), 'Mean': np.float64(6.902811655606911e-16), 'Std': np.float64(1.6832344975879108e-15)}
2024-11-09 17:03:33,128 - INFO - Top 10 Std Stats: {'Max': np.float64(0.9999999980230299), 'Min': np.float64(0.9999999976811869), 'Mean': np.float64(0.9999999978194675), 'Std': np.float64(9.742247948507065e-11)}
2024-11-09 17:03:33,128 - INFO - Bottom 10 Mean Stats: {'Max': np.float64(107.0), 'Min': np.float64(79.0), 'Mean': np.float64(88.4), 'Std': np.float64(8.212186067059125)}
2024-11-09 17:03:33,129 - INFO - Bottom 10 Std Stats: {'Max': np.float64(0.0), 'Min': np.float64(0.0), 'Mean': np.float64(0.0), 'Std': np.float64(0.0)}
[I 2024-11-09 17:03:33,162] Trial 124 finished with value: 48.0 and parameters: {'x_0': -2, 'x_1': 5, 'x_2': -1, 'x_3': 3, 'x_4': 3}. Best is trial 89 with value: 11.0.
2024-11-09 17:03:42,574 - INFO - Candidate Mean Stats: {'Max': np.float64(107.0), 'Min': np.float64(-6.41819930535803e-14), 'Mean': np.float64(0.03923601840410804), 'Std': np.float64(1.508594423937882)}
2024-11-09 17:03:42,574 - INFO - Candidate Std Stats: {'Max': np.float64(0.9999999975104005), 'Min': np.float64(0.0), 'Mean': np.float64(0.9992238369550603), 'Std': np.float64(0.02784868443484819)}
2024-11-09 17:03:42,606 - INFO - Top 10 Mean Stats: {'Max': np.float64(1.2628786905111156e-15), 'Min': np.float64(-1.584843367652411e-15), 'Mean': np.float64(1.830480211850727e-16), 'Std': np.float64(8.7104462238228135e-16)}
2024-11-09 17:03:42,606 - INFO - Top 10 Std Stats: {'Max': np.float64(0.9999999975104005), 'Min': np.float64(0.9999999969394607), 'Mean': np.float64(0.9999999972583034), 'Std': np.float64(1.8458761983312438e-10)}
2024-11-09 17:03:42,606 - INFO - Bottom 10 Mean Stats: {'Max': np.float64(107.0), 'Min': np.float64(79.0), 'Mean': np.float64(88.4), 'Std': np.float64(8.212186067059125)}
2024-11-09 17:03:42,606 - INFO - Bottom 10 Std Stats: {'Max': np.float64(0.0), 'Min': np.float64(0.0), 'Mean': np.float64(0.0), 'Std': np.float64(0.0)}
[I 2024-11-09 17:03:42,636] Trial 125 finished with value: 63.0 and parameters: {'x_0': -3, 'x_1': -4, 'x_2': 2, 'x_3': -5, 'x_4': -3}. Best is trial 89 with value: 11.0.
2024-11-09 17:03:50,145 - INFO - Candidate Mean Stats: {'Max': np.float64(107.0), 'Min': np.float64(-8.462119893692944e-14), 'Mean': np.float64(0.03962719883763524), 'Std': np.float64(1.51673025073715)}
2024-11-09 17:03:50,146 - INFO - Candidate Std Stats: {'Max': np.float64(0.9999999964571007), 'Min': np.float64(0.0), 'Mean': np.float64(0.9992176270643076), 'Std': np.float64(0.027959770378960445)}
2024-11-09 17:03:50,169 - INFO - Top 10 Mean Stats: {'Max': np.float64(6.572520305780927e-15), 'Min': np.float64(-1.9040324872321433e-15), 'Mean': np.float64(1.6142642778049777e-15), 'Std': np.float64(2.4471426004419693e-15)}
2024-11-09 17:03:50,169 - INFO - Top 10 Std Stats: {'Max': np.float64(0.9999999964571007), 'Min': np.float64(0.9999999961521746), 'Mean': np.float64(0.9999999962252062), 'Std': np.float64(8.975361105894605e-11)}
2024-11-09 17:03:50,169 - INFO - Bottom 10 Mean Stats: {'Max': np.float64(107.0), 'Min': np.float64(79.0), 'Mean': np.float64(88.4), 'Std': np.float64(8.212186067059125)}
2024-11-09 17:03:50,169 - INFO - Bottom 10 Std Stats: {'Max': np.float64(0.0), 'Min': np.float64(0.0), 'Mean': np.float64(0.0), 'Std': np.float64(0.0)}
[I 2024-11-09 17:03:50,200] Trial 126 finished with value: 67.0 and parameters: {'x_0': 5, 'x_1': -1, 'x_2': -5, 'x_3': -4, 'x_4': 0}. Best is trial 89 with value: 11.0.
2024-11-09 17:03:58,274 - INFO - Candidate Mean Stats: {'Max': np.float64(107.0), 'Min': np.float64(-1.1242118347354335e-13), 'Mean': np.float64(0.04004321612408491), 'Std': np.float64(1.5258802926256898)}
2024-11-09 17:03:58,276 - INFO - Candidate Std Stats: {'Max': np.float64(0.9999999975278037), 'Min': np.float64(0.0), 'Mean': np.float64(0.999211418346344), 'Std': np.float64(0.028070415373855632)}
2024-11-09 17:03:58,305 - INFO - Top 10 Mean Stats: {'Max': np.float64(1.587618925213974e-15), 'Min': np.float64(-3.969047313034935e-15), 'Mean': np.float64(-4.149371818362724e-16), 'Std': np.float64(1.792797000683174e-15)}
2024-11-09 17:03:58,305 - INFO - Top 10 Std Stats: {'Max': np.float64(0.9999999975278037), 'Min': np.float64(0.9999999967013687), 'Mean': np.float64(0.9999999970100844), 'Std': np.float64(2.911452629865992e-10)}
2024-11-09 17:03:58,306 - INFO - Bottom 10 Mean Stats: {'Max': np.float64(107.0), 'Min': np.float64(79.0), 'Mean': np.float64(88.4), 'Std': np.float64(8.212186067059125)}
2024-11-09 17:03:58,306 - INFO - Bottom 10 Std Stats: {'Max': np.float64(0.0), 'Min': np.float64(0.0), 'Mean': np.float64(0.0), 'Std': np.float64(0.0)}
