[I 2024-11-09 17:11:29,005] Trial 170 finished with value: 62.0 and parameters: {'x_0': 4, 'x_1': 4, 'x_2': 1, 'x_3': -2, 'x_4': -5}. Best is trial 109 with value: 2.0.
2024-11-09 17:11:39,342 - INFO - Candidate Mean Stats: {'Max': np.float64(100.0), 'Min': np.float64(-4.551914400963142e-14), 'Mean': np.float64(0.05184693047543949), 'Std': np.float64(1.7130906461548665)}
2024-11-09 17:11:39,344 - INFO - Candidate Std Stats: {'Max': np.float64(0.9999999976183688), 'Min': np.float64(0.0), 'Mean': np.float64(0.998938213234536), 'Std': np.float64(0.032567592347239646)}
2024-11-09 17:11:39,368 - INFO - Top 10 Mean Stats: {'Max': np.float64(2.86992651865603e-15), 'Min': np.float64(-1.6819878823071122e-15), 'Mean': np.float64(7.382983113757288e-17), 'Std': np.float64(1.322057941038367e-15)}
2024-11-09 17:11:39,368 - INFO - Top 10 Std Stats: {'Max': np.float64(0.9999999976183688), 'Min': np.float64(0.9999999971176915), 'Mean': np.float64(0.9999999972739188), 'Std': np.float64(1.6236376298310978e-10)}
2024-11-09 17:11:39,368 - INFO - Bottom 10 Mean Stats: {'Max': np.float64(100.0), 'Min': np.float64(80.0), 'Mean': np.float64(86.7), 'Std': np.float64(6.017474553332153)}
2024-11-09 17:11:39,368 - INFO - Bottom 10 Std Stats: {'Max': np.float64(0.0), 'Min': np.float64(0.0), 'Mean': np.float64(0.0), 'Std': np.float64(0.0)}
[I 2024-11-09 17:11:39,400] Trial 171 finished with value: 18.0 and parameters: {'x_0': 2, 'x_1': -1, 'x_2': -2, 'x_3': 0, 'x_4': -3}. Best is trial 109 with value: 2.0.
2024-11-09 17:11:49,296 - INFO - Candidate Mean Stats: {'Max': np.float64(100.0), 'Min': np.float64(-5.46007683510652e-14), 'Mean': np.float64(0.0519586963135901), 'Std': np.float64(1.7136743404471941)}
2024-11-09 17:11:49,298 - INFO - Candidate Std Stats: {'Max': np.float64(0.9999999966735567), 'Min': np.float64(0.0), 'Mean': np.float64(0.9989320042061198), 'Std': np.float64(0.0326625789037874)}
2024-11-09 17:11:49,321 - INFO - Top 10 Mean Stats: {'Max': np.float64(2.881028748902281e-15), 'Min': np.float64(-2.481348460037225e-15), 'Mean': np.float64(3.8885561437496107e-16), 'Std': np.float64(1.609894424056329e-15)}
2024-11-09 17:11:49,321 - INFO - Top 10 Std Stats: {'Max': np.float64(0.9999999966735567), 'Min': np.float64(0.9999999963773332), 'Mean': np.float64(0.9999999964982903), 'Std': np.float64(1.1556806117867385e-10)}
2024-11-09 17:11:49,322 - INFO - Bottom 10 Mean Stats: {'Max': np.float64(100.0), 'Min': np.float64(80.0), 'Mean': np.float64(86.7), 'Std': np.float64(6.017474553332153)}
2024-11-09 17:11:49,322 - INFO - Bottom 10 Std Stats: {'Max': np.float64(0.0), 'Min': np.float64(0.0), 'Mean': np.float64(0.0), 'Std': np.float64(0.0)}
[I 2024-11-09 17:11:49,352] Trial 172 finished with value: 51.0 and parameters: {'x_0': 0, 'x_1': -3, 'x_2': -5, 'x_3': -1, 'x_4': 4}. Best is trial 109 with value: 2.0.
2024-11-09 17:11:59,580 - INFO - Candidate Mean Stats: {'Max': np.float64(100.0), 'Min': np.float64(-4.7353787557824487e-14), 'Mean': np.float64(0.0522753661883503), 'Std': np.float64(1.7183704201749916)}
2024-11-09 17:11:59,581 - INFO - Candidate Std Stats: {'Max': np.float64(0.9999999970616035), 'Min': np.float64(0.0), 'Mean': np.float64(0.9989257951834375), 'Std': np.float64(0.03275728885156011)}
2024-11-09 17:11:59,604 - INFO - Top 10 Mean Stats: {'Max': np.float64(2.9337643425719762e-15), 'Min': np.float64(-3.1086244689504383e-15), 'Mean': np.float64(-2.9341112872671713e-16), 'Std': np.float64(1.77363998761516e-15)}
2024-11-09 17:11:59,605 - INFO - Top 10 Std Stats: {'Max': np.float64(0.9999999970616035), 'Min': np.float64(0.9999999967069281), 'Mean': np.float64(0.9999999969003295), 'Std': np.float64(1.1211154653529852e-10)}
2024-11-09 17:11:59,605 - INFO - Bottom 10 Mean Stats: {'Max': np.float64(100.0), 'Min': np.float64(80.0), 'Mean': np.float64(86.7), 'Std': np.float64(6.017474553332153)}
2024-11-09 17:11:59,605 - INFO - Bottom 10 Std Stats: {'Max': np.float64(0.0), 'Min': np.float64(0.0), 'Mean': np.float64(0.0), 'Std': np.float64(0.0)}
[I 2024-11-09 17:11:59,638] Trial 173 finished with value: 43.0 and parameters: {'x_0': 1, 'x_1': 5, 'x_2': 0, 'x_3': -4, 'x_4': 1}. Best is trial 109 with value: 2.0.
2024-11-09 17:12:09,981 - INFO - Candidate Mean Stats: {'Max': np.float64(100.0), 'Min': np.float64(-3.592681707687007e-14), 'Mean': np.float64(0.05254236235726569), 'Std': np.float64(1.7216996690084436)}
2024-11-09 17:12:09,983 - INFO - Candidate Std Stats: {'Max': np.float64(0.9999999977891579), 'Min': np.float64(0.0), 'Mean': np.float64(0.9989195860570192), 'Std': np.float64(0.03285172457931047)}
2024-11-09 17:12:10,013 - INFO - Top 10 Mean Stats: {'Max': np.float64(1.3766765505351941e-15), 'Min': np.float64(-1.2878587085651815e-15), 'Mean': np.float64(-6.106226635438363e-17), 'Std': np.float64(9.107246834833519e-16)}
2024-11-09 17:12:10,013 - INFO - Top 10 Std Stats: {'Max': np.float64(0.9999999977891579), 'Min': np.float64(0.9999999973309586), 'Mean': np.float64(0.9999999974734282), 'Std': np.float64(1.5152230930604477e-10)}
2024-11-09 17:12:10,013 - INFO - Bottom 10 Mean Stats: {'Max': np.float64(100.0), 'Min': np.float64(80.0), 'Mean': np.float64(86.7), 'Std': np.float64(6.017474553332153)}
2024-11-09 17:12:10,013 - INFO - Bottom 10 Std Stats: {'Max': np.float64(0.0), 'Min': np.float64(0.0), 'Mean': np.float64(0.0), 'Std': np.float64(0.0)}
[I 2024-11-09 17:12:10,043] Trial 174 finished with value: 61.0 and parameters: {'x_0': -1, 'x_1': -5, 'x_2': -5, 'x_3': -1, 'x_4': -3}. Best is trial 109 with value: 2.0.
2024-11-09 17:12:18,258 - INFO - Candidate Mean Stats: {'Max': np.float64(100.0), 'Min': np.float64(-4.793943020331426e-14), 'Mean': np.float64(0.05292112436433179), 'Std': np.float64(1.7283848781833615)}
2024-11-09 17:12:18,259 - INFO - Candidate Std Stats: {'Max': np.float64(0.9999999968687511), 'Min': np.float64(0.0), 'Mean': np.float64(0.9989133763754608), 'Std': np.float64(0.03294588843015554)}
2024-11-09 17:12:18,293 - INFO - Top 10 Mean Stats: {'Max': np.float64(2.9753977059954196e-15), 'Min': np.float64(-8.604228440844963e-16), 'Mean': np.float64(6.433742427702782e-16), 'Std': np.float64(1.1010296456090743e-15)}
2024-11-09 17:12:18,293 - INFO - Top 10 Std Stats: {'Max': np.float64(0.9999999968687511), 'Min': np.float64(0.9999999964338177), 'Mean': np.float64(0.9999999966214819), 'Std': np.float64(1.1582522396688536e-10)}
2024-11-09 17:12:18,293 - INFO - Bottom 10 Mean Stats: {'Max': np.float64(100.0), 'Min': np.float64(80.0), 'Mean': np.float64(86.7), 'Std': np.float64(6.017474553332153)}
2024-11-09 17:12:18,294 - INFO - Bottom 10 Std Stats: {'Max': np.float64(0.0), 'Min': np.float64(0.0), 'Mean': np.float64(0.0), 'Std': np.float64(0.0)}
[I 2024-11-09 17:12:18,324] Trial 175 finished with value: 44.0 and parameters: {'x_0': 0, 'x_1': -3, 'x_2': 3, 'x_3': 1, 'x_4': 5}. Best is trial 109 with value: 2.0.
2024-11-09 17:12:29,353 - INFO - Candidate Mean Stats: {'Max': np.float64(100.0), 'Min': np.float64(-3.732569808789776e-14), 'Mean': np.float64(0.0531943297464778), 'Std': np.float64(1.73185055147208)}
2024-11-09 17:12:29,354 - INFO - Candidate Std Stats: {'Max': np.float64(0.9999999969526158), 'Min': np.float64(0.0), 'Mean': np.float64(0.9989071670953739), 'Std': np.float64(0.033039782759982296)}
2024-11-09 17:12:29,379 - INFO - Top 10 Mean Stats: {'Max': np.float64(3.1530333899354444e-15), 'Min': np.float64(-3.919087276926802e-15), 'Mean': np.float64(-8.604228440844948e-18), 'Std': np.float64(2.232514837606748e-15)}
2024-11-09 17:12:29,380 - INFO - Top 10 Std Stats: {'Max': np.float64(0.9999999969526158), 'Min': np.float64(0.9999999966520783), 'Mean': np.float64(0.9999999967726039), 'Std': np.float64(1.0946982230525562e-10)}
2024-11-09 17:12:29,383 - INFO - Bottom 10 Mean Stats: {'Max': np.float64(100.0), 'Min': np.float64(80.0), 'Mean': np.float64(86.7), 'Std': np.float64(6.017474553332153)}
2024-11-09 17:12:29,384 - INFO - Bottom 10 Std Stats: {'Max': np.float64(0.0), 'Min': np.float64(0.0), 'Mean': np.float64(0.0), 'Std': np.float64(0.0)}
[I 2024-11-09 17:12:29,416] Trial 176 finished with value: 76.0 and parameters: {'x_0': -5, 'x_1': -1, 'x_2': 3, 'x_3': -5, 'x_4': -4}. Best is trial 109 with value: 2.0.
2024-11-09 17:12:39,034 - INFO - Candidate Mean Stats: {'Max': np.float64(100.0), 'Min': np.float64(-5.092593013955593e-14), 'Mean': np.float64(0.053666229952002785), 'Std': np.float64(1.7421596714233627)}
2024-11-09 17:12:39,035 - INFO - Candidate Std Stats: {'Max': np.float64(0.9999999971596372), 'Min': np.float64(0.0), 'Mean': np.float64(0.9989009581021215), 'Std': np.float64(0.03313340985654134)}
2024-11-09 17:12:39,063 - INFO - Top 10 Mean Stats: {'Max': np.float64(3.1086244689504383e-15), 'Min': np.float64(-2.2870594307278226e-15), 'Mean': np.float64(1.0817735596191368e-16), 'Std': np.float64(1.6506114002753022e-15)}
2024-11-09 17:12:39,064 - INFO - Top 10 Std Stats: {'Max': np.float64(0.9999999971596372), 'Min': np.float64(0.9999999967871962), 'Mean': np.float64(0.9999999970049849), 'Std': np.float64(1.0739132844356225e-10)}
2024-11-09 17:12:39,064 - INFO - Bottom 10 Mean Stats: {'Max': np.float64(100.0), 'Min': np.float64(80.0), 'Mean': np.float64(86.7), 'Std': np.float64(6.017474553332153)}
2024-11-09 17:12:39,064 - INFO - Bottom 10 Std Stats: {'Max': np.float64(0.0), 'Min': np.float64(0.0), 'Mean': np.float64(0.0), 'Std': np.float64(0.0)}
[I 2024-11-09 17:12:39,103] Trial 177 finished with value: 71.0 and parameters: {'x_0': 2, 'x_1': 4, 'x_2': 5, 'x_3': -5, 'x_4': 1}. Best is trial 109 with value: 2.0.
2024-11-09 17:12:47,589 - INFO - Candidate Mean Stats: {'Max': np.float64(100.0), 'Min': np.float64(-5.5791482544975677e-14), 'Mean': np.float64(0.05410708409137478), 'Std': np.float64(1.7511063509443854)}
2024-11-09 17:12:47,590 - INFO - Candidate Std Stats: {'Max': np.float64(0.9999999971967739), 'Min': np.float64(0.0), 'Mean': np.float64(0.998894749274525), 'Std': np.float64(0.033226771975009256)}
2024-11-09 17:12:47,617 - INFO - Top 10 Mean Stats: {'Max': np.float64(3.11972669919669e-15), 'Min': np.float64(-2.7700064464397655e-15), 'Mean': np.float64(-2.4341639814906556e-16), 'Std': np.float64(1.8489355603101675e-15)}
2024-11-09 17:12:47,617 - INFO - Top 10 Std Stats: {'Max': np.float64(0.9999999971967739), 'Min': np.float64(0.9999999966951535), 'Mean': np.float64(0.9999999968979523), 'Std': np.float64(1.8693608177230905e-10)}
2024-11-09 17:12:47,617 - INFO - Bottom 10 Mean Stats: {'Max': np.float64(100.0), 'Min': np.float64(80.0), 'Mean': np.float64(86.7), 'Std': np.float64(6.017474553332153)}
2024-11-09 17:12:47,618 - INFO - Bottom 10 Std Stats: {'Max': np.float64(0.0), 'Min': np.float64(0.0), 'Mean': np.float64(0.0), 'Std': np.float64(0.0)}
[I 2024-11-09 17:12:47,647] Trial 178 finished with value: 70.0 and parameters: {'x_0': 2, 'x_1': -4, 'x_2': 5, 'x_3': -5, 'x_4': 0}. Best is trial 109 with value: 2.0.
2024-11-09 17:12:58,279 - INFO - Candidate Mean Stats: {'Max': np.float64(100.0), 'Min': np.float64(-4.01650934733766e-14), 'Mean': np.float64(0.054541729017516215), 'Std': np.float64(1.7597588964094801)}
2024-11-09 17:12:58,281 - INFO - Candidate Std Stats: {'Max': np.float64(0.9999999976875537), 'Min': np.float64(0.0), 'Mean': np.float64(0.9988885395076998), 'Std': np.float64(0.03331987130602527)}
2024-11-09 17:12:58,305 - INFO - Top 10 Mean Stats: {'Max': np.float64(3.141931159689193e-15), 'Min': np.float64(-2.220446049250313e-15), 'Mean': np.float64(4.618527782440652e-16), 'Std': np.float64(1.6509893630645035e-15)}
2024-11-09 17:12:58,306 - INFO - Top 10 Std Stats: {'Max': np.float64(0.9999999976875537), 'Min': np.float64(0.9999999969728767), 'Mean': np.float64(0.9999999972227602), 'Std': np.float64(2.0422958914532198e-10)}
2024-11-09 17:12:58,306 - INFO - Bottom 10 Mean Stats: {'Max': np.float64(100.0), 'Min': np.float64(80.0), 'Mean': np.float64(86.7), 'Std': np.float64(6.017474553332153)}
2024-11-09 17:12:58,306 - INFO - Bottom 10 Std Stats: {'Max': np.float64(0.0), 'Min': np.float64(0.0), 'Mean': np.float64(0.0), 'Std': np.float64(0.0)}
[I 2024-11-09 17:12:58,336] Trial 179 finished with value: 23.0 and parameters: {'x_0': -2, 'x_1': 0, 'x_2': 3, 'x_3': 3, 'x_4': -1}. Best is trial 109 with value: 2.0.
2024-11-09 17:13:09,201 - INFO - Candidate Mean Stats: {'Max': np.float64(100.0), 'Min': np.float64(-4.39648317751562e-14), 'Mean': np.float64(0.054684540921819805), 'Std': np.float64(1.760687493134339)}
2024-11-09 17:13:09,202 - INFO - Candidate Std Stats: {'Max': np.float64(0.9999999992821678), 'Min': np.float64(0.0), 'Mean': np.float64(0.9988823301061381), 'Std': np.float64(0.03341271008935046)}
2024-11-09 17:13:09,227 - INFO - Top 10 Mean Stats: {'Max': np.float64(6.106226635438361e-16), 'Min': np.float64(-8.437694987151189e-16), 'Mean': np.float64(-1.0602629885170243e-16), 'Std': np.float64(4.693004126521851e-16)}
2024-11-09 17:13:09,227 - INFO - Top 10 Std Stats: {'Max': np.float64(0.9999999992821678), 'Min': np.float64(0.9999999986684545), 'Mean': np.float64(0.9999999989078916), 'Std': np.float64(1.6093644101880807e-10)}
2024-11-09 17:13:09,228 - INFO - Bottom 10 Mean Stats: {'Max': np.float64(100.0), 'Min': np.float64(80.0), 'Mean': np.float64(86.7), 'Std': np.float64(6.017474553332153)}
2024-11-09 17:13:09,228 - INFO - Bottom 10 Std Stats: {'Max': np.float64(0.0), 'Min': np.float64(0.0), 'Mean': np.float64(0.0), 'Std': np.float64(0.0)}
[I 2024-11-09 17:13:09,255] Trial 180 finished with value: 38.0 and parameters: {'x_0': 0, 'x_1': 3, 'x_2': 3, 'x_3': -2, 'x_4': 4}. Best is trial 109 with value: 2.0.
2024-11-09 17:13:19,014 - INFO - Candidate Mean Stats: {'Max': np.float64(100.0), 'Min': np.float64(-4.3398618032597367e-14), 'Mean': np.float64(0.054920491024582276), 'Std': np.float64(1.7632245152181008)}
2024-11-09 17:13:19,015 - INFO - Candidate Std Stats: {'Max': np.float64(0.9999999961897829), 'Min': np.float64(0.0), 'Mean': np.float64(0.9988761212289674), 'Std': np.float64(0.033505290496356394)}
2024-11-09 17:13:19,043 - INFO - Top 10 Mean Stats: {'Max': np.float64(5.153863447127094e-15), 'Min': np.float64(-5.026534743990396e-15), 'Mean': np.float64(2.369979212879514e-16), 'Std': np.float64(2.8269824307198825e-15)}
2024-11-09 17:13:19,043 - INFO - Top 10 Std Stats: {'Max': np.float64(0.9999999961897829), 'Min': np.float64(0.9999999959441849), 'Mean': np.float64(0.9999999960384385), 'Std': np.float64(7.964616598319514e-11)}
2024-11-09 17:13:19,043 - INFO - Bottom 10 Mean Stats: {'Max': np.float64(100.0), 'Min': np.float64(80.0), 'Mean': np.float64(86.7), 'Std': np.float64(6.017474553332153)}
2024-11-09 17:13:19,043 - INFO - Bottom 10 Std Stats: {'Max': np.float64(0.0), 'Min': np.float64(0.0), 'Mean': np.float64(0.0), 'Std': np.float64(0.0)}
[I 2024-11-09 17:13:19,073] Trial 181 finished with value: 14.0 and parameters: {'x_0': 0, 'x_1': 2, 'x_2': 0, 'x_3': 3, 'x_4': 1}. Best is trial 109 with value: 2.0.
2024-11-09 17:13:28,846 - INFO - Candidate Mean Stats: {'Max': np.float64(100.0), 'Min': np.float64(-5.521694212973216e-14), 'Mean': np.float64(0.055007420009810556), 'Std': np.float64(1.7635668801997693)}
2024-11-09 17:13:28,847 - INFO - Candidate Std Stats: {'Max': np.float64(0.9999999977007611), 'Min': np.float64(0.0), 'Mean': np.float64(0.9988699120148301), 'Std': np.float64(0.033597614634279856)}
2024-11-09 17:13:28,886 - INFO - Top 10 Mean Stats: {'Max': np.float64(2.3536728122053318e-15), 'Min': np.float64(-2.6645352591003757e-15), 'Mean': np.float64(-5.134781488891349e-16), 'Std': np.float64(1.5572896376858832e-15)}
2024-11-09 17:13:28,886 - INFO - Top 10 Std Stats: {'Max': np.float64(0.9999999977007611), 'Min': np.float64(0.9999999971987957), 'Mean': np.float64(0.9999999974077923), 'Std': np.float64(1.4638554208128225e-10)}
2024-11-09 17:13:28,886 - INFO - Bottom 10 Mean Stats: {'Max': np.float64(100.0), 'Min': np.float64(80.0), 'Mean': np.float64(86.7), 'Std': np.float64(6.017474553332153)}
2024-11-09 17:13:28,886 - INFO - Bottom 10 Std Stats: {'Max': np.float64(0.0), 'Min': np.float64(0.0), 'Mean': np.float64(0.0), 'Std': np.float64(0.0)}
[I 2024-11-09 17:13:28,917] Trial 182 finished with value: 43.0 and parameters: {'x_0': -2, 'x_1': -5, 'x_2': 1, 'x_3': 2, 'x_4': -3}. Best is trial 109 with value: 2.0.
2024-11-09 17:13:38,005 - INFO - Candidate Mean Stats: {'Max': np.float64(100.0), 'Min': np.float64(-4.853895063661184e-14), 'Mean': np.float64(0.055274416178725985), 'Std': np.float64(1.766810553334213)}
2024-11-09 17:13:38,006 - INFO - Candidate Std Stats: {'Max': np.float64(0.9999999966390595), 'Min': np.float64(0.0), 'Mean': np.float64(0.9988637025441365), 'Std': np.float64(0.0336896846125071)}
2024-11-09 17:13:38,030 - INFO - Top 10 Mean Stats: {'Max': np.float64(1.8762769116165144e-15), 'Min': np.float64(-3.3306690738754696e-15), 'Mean': np.float64(-5.400107444542001e-16), 'Std': np.float64(1.6979699466308601e-15)}
2024-11-09 17:13:38,030 - INFO - Top 10 Std Stats: {'Max': np.float64(0.9999999966390595), 'Min': np.float64(0.9999999960812024), 'Mean': np.float64(0.9999999962590789), 'Std': np.float64(1.5673082302698175e-10)}
2024-11-09 17:13:38,031 - INFO - Bottom 10 Mean Stats: {'Max': np.float64(100.0), 'Min': np.float64(80.0), 'Mean': np.float64(86.7), 'Std': np.float64(6.017474553332153)}
2024-11-09 17:13:38,031 - INFO - Bottom 10 Std Stats: {'Max': np.float64(0.0), 'Min': np.float64(0.0), 'Mean': np.float64(0.0), 'Std': np.float64(0.0)}
[I 2024-11-09 17:13:38,060] Trial 183 finished with value: 48.0 and parameters: {'x_0': -5, 'x_1': -1, 'x_2': 3, 'x_3': 3, 'x_4': 2}. Best is trial 109 with value: 2.0.
2024-11-09 17:13:48,327 - INFO - Candidate Mean Stats: {'Max': np.float64(100.0), 'Min': np.float64(-4.2299497238218464e-14), 'Mean': np.float64(0.055572458413794414), 'Std': np.float64(1.7708451433160886)}
2024-11-09 17:13:48,329 - INFO - Candidate Std Stats: {'Max': np.float64(0.9999999988955911), 'Min': np.float64(0.0), 'Mean': np.float64(0.9988574934511295), 'Std': np.float64(0.033781502530449654)}
2024-11-09 17:13:48,363 - INFO - Top 10 Mean Stats: {'Max': np.float64(8.881784197001252e-16), 'Min': np.float64(-1.3433698597964394e-15), 'Mean': np.float64(-1.126876369994534e-16), 'Std': np.float64(5.811678200828268e-16)}
2024-11-09 17:13:48,363 - INFO - Top 10 Std Stats: {'Max': np.float64(0.9999999988955911), 'Min': np.float64(0.999999998461453), 'Mean': np.float64(0.9999999986745933), 'Std': np.float64(1.5292751127375243e-10)}
2024-11-09 17:13:48,363 - INFO - Bottom 10 Mean Stats: {'Max': np.float64(100.0), 'Min': np.float64(80.0), 'Mean': np.float64(86.7), 'Std': np.float64(6.017474553332153)}
2024-11-09 17:13:48,363 - INFO - Bottom 10 Std Stats: {'Max': np.float64(0.0), 'Min': np.float64(0.0), 'Mean': np.float64(0.0), 'Std': np.float64(0.0)}
[I 2024-11-09 17:13:48,396] Trial 184 finished with value: 35.0 and parameters: {'x_0': 3, 'x_1': -3, 'x_2': 0, 'x_3': 4, 'x_4': 1}. Best is trial 109 with value: 2.0.
2024-11-09 17:13:57,363 - INFO - Candidate Mean Stats: {'Max': np.float64(100.0), 'Min': np.float64(-4.9527049128528236e-14), 'Mean': np.float64(0.055789780876865105), 'Std': np.float64(1.7729846604800383)}
2024-11-09 17:13:57,365 - INFO - Candidate Std Stats: {'Max': np.float64(0.9999999968441905), 'Min': np.float64(0.0), 'Mean': np.float64(0.9988512840034655), 'Std': np.float64(0.03387307041321897)}
2024-11-09 17:13:57,397 - INFO - Top 10 Mean Stats: {'Max': np.float64(3.7997383017795984e-15), 'Min': np.float64(-2.958744360626042e-15), 'Mean': np.float64(2.9184987759833804e-16), 'Std': np.float64(2.2598773108992636e-15)}
2024-11-09 17:13:57,397 - INFO - Top 10 Std Stats: {'Max': np.float64(0.9999999968441905), 'Min': np.float64(0.999999996430412), 'Mean': np.float64(0.9999999965409051), 'Std': np.float64(1.3082556815793052e-10)}
2024-11-09 17:13:57,397 - INFO - Bottom 10 Mean Stats: {'Max': np.float64(100.0), 'Min': np.float64(80.0), 'Mean': np.float64(86.7), 'Std': np.float64(6.017474553332153)}
2024-11-09 17:13:57,397 - INFO - Bottom 10 Std Stats: {'Max': np.float64(0.0), 'Min': np.float64(0.0), 'Mean': np.float64(0.0), 'Std': np.float64(0.0)}
[I 2024-11-09 17:13:57,427] Trial 185 finished with value: 63.0 and parameters: {'x_0': 5, 'x_1': 3, 'x_2': -2, 'x_3': -3, 'x_4': -4}. Best is trial 109 with value: 2.0.
2024-11-09 17:14:06,639 - INFO - Candidate Mean Stats: {'Max': np.float64(100.0), 'Min': np.float64(-4.701794509287538e-14), 'Mean': np.float64(0.05618096131039234), 'Std': np.float64(1.779908754078777)}
2024-11-09 17:14:06,640 - INFO - Candidate Std Stats: {'Max': np.float64(0.999999996829893), 'Min': np.float64(0.0), 'Mean': np.float64(0.9988450750308633), 'Std': np.float64(0.03396439031111604)}
2024-11-09 17:14:06,665 - INFO - Top 10 Mean Stats: {'Max': np.float64(2.531308496145357e-15), 'Min': np.float64(-2.930988785010413e-15), 'Mean': np.float64(-2.0712598303163078e-16), 'Std': np.float64(1.6396705033656863e-15)}
2024-11-09 17:14:06,665 - INFO - Top 10 Std Stats: {'Max': np.float64(0.999999996829893), 'Min': np.float64(0.999999996615594), 'Mean': np.float64(0.9999999966966151), 'Std': np.float64(6.655328664310496e-11)}
2024-11-09 17:14:06,666 - INFO - Bottom 10 Mean Stats: {'Max': np.float64(100.0), 'Min': np.float64(80.0), 'Mean': np.float64(86.7), 'Std': np.float64(6.017474553332153)}
2024-11-09 17:14:06,666 - INFO - Bottom 10 Std Stats: {'Max': np.float64(0.0), 'Min': np.float64(0.0), 'Mean': np.float64(0.0), 'Std': np.float64(0.0)}
