[I 2024-11-09 17:08:46,010] Trial 154 finished with value: 38.0 and parameters: {'x_0': -4, 'x_1': 0, 'x_2': 3, 'x_3': -2, 'x_4': -3}. Best is trial 109 with value: 2.0.
2024-11-09 17:08:55,285 - INFO - Candidate Mean Stats: {'Max': np.float64(100.0), 'Min': np.float64(-6.135647545590927e-14), 'Mean': np.float64(0.04682367697189092), 'Std': np.float64(1.619324623093328)}
2024-11-09 17:08:55,288 - INFO - Candidate Std Stats: {'Max': np.float64(0.9999999965778603), 'Min': np.float64(0.0), 'Mean': np.float64(0.999037560394759), 'Std': np.float64(0.031008091859192212)}
2024-11-09 17:08:55,326 - INFO - Top 10 Mean Stats: {'Max': np.float64(3.497202527569243e-15), 'Min': np.float64(-5.451195050909519e-15), 'Mean': np.float64(-2.88935542158697e-16), 'Std': np.float64(2.8335893887669063e-15)}
2024-11-09 17:08:55,326 - INFO - Top 10 Std Stats: {'Max': np.float64(0.9999999965778603), 'Min': np.float64(0.9999999962519109), 'Mean': np.float64(0.9999999963861519), 'Std': np.float64(1.0951018021386233e-10)}
2024-11-09 17:08:55,326 - INFO - Bottom 10 Mean Stats: {'Max': np.float64(100.0), 'Min': np.float64(79.0), 'Mean': np.float64(85.5), 'Std': np.float64(6.232976816898969)}
2024-11-09 17:08:55,326 - INFO - Bottom 10 Std Stats: {'Max': np.float64(0.0), 'Min': np.float64(0.0), 'Mean': np.float64(0.0), 'Std': np.float64(0.0)}
[I 2024-11-09 17:08:55,357] Trial 155 finished with value: 58.0 and parameters: {'x_0': 2, 'x_1': -3, 'x_2': 5, 'x_3': -4, 'x_4': 2}. Best is trial 109 with value: 2.0.
2024-11-09 17:09:04,743 - INFO - Candidate Mean Stats: {'Max': np.float64(100.0), 'Min': np.float64(-6.279421427279886e-14), 'Mean': np.float64(0.0471838113392652), 'Std': np.float64(1.6257509566156583)}
2024-11-09 17:09:04,743 - INFO - Candidate Std Stats: {'Max': np.float64(0.9999999974912642), 'Min': np.float64(0.0), 'Mean': np.float64(0.999031351169944), 'Std': np.float64(0.031107860476356487)}
2024-11-09 17:09:04,776 - INFO - Top 10 Mean Stats: {'Max': np.float64(4.030109579389318e-15), 'Min': np.float64(-1.8041124150158794e-15), 'Mean': np.float64(5.590666818378053e-16), 'Std': np.float64(1.645002805087252e-15)}
2024-11-09 17:09:04,777 - INFO - Top 10 Std Stats: {'Max': np.float64(0.9999999974912642), 'Min': np.float64(0.9999999968310834), 'Mean': np.float64(0.9999999970562532), 'Std': np.float64(1.8708201459347996e-10)}
2024-11-09 17:09:04,778 - INFO - Bottom 10 Mean Stats: {'Max': np.float64(100.0), 'Min': np.float64(79.0), 'Mean': np.float64(85.5), 'Std': np.float64(6.232976816898969)}
2024-11-09 17:09:04,778 - INFO - Bottom 10 Std Stats: {'Max': np.float64(0.0), 'Min': np.float64(0.0), 'Mean': np.float64(0.0), 'Std': np.float64(0.0)}
[I 2024-11-09 17:09:04,808] Trial 156 finished with value: 38.0 and parameters: {'x_0': 0, 'x_1': 3, 'x_2': 0, 'x_3': -2, 'x_4': -5}. Best is trial 109 with value: 2.0.
2024-11-09 17:09:14,877 - INFO - Candidate Mean Stats: {'Max': np.float64(100.0), 'Min': np.float64(-4.9604764740251995e-14), 'Mean': np.float64(0.04741976144202765), 'Std': np.float64(1.6284992954002104)}
2024-11-09 17:09:14,879 - INFO - Candidate Std Stats: {'Max': np.float64(0.9999999967442662), 'Min': np.float64(0.0), 'Mean': np.float64(0.9990251419333254), 'Std': np.float64(0.031207308902769255)}
2024-11-09 17:09:14,912 - INFO - Top 10 Mean Stats: {'Max': np.float64(4.4103609653234345e-15), 'Min': np.float64(-2.9920510513647968e-15), 'Mean': np.float64(-1.211530875622202e-16), 'Std': np.float64(2.378647976267403e-15)}
2024-11-09 17:09:14,912 - INFO - Top 10 Std Stats: {'Max': np.float64(0.9999999967442662), 'Min': np.float64(0.9999999965055877), 'Mean': np.float64(0.9999999966636735), 'Std': np.float64(7.668873842377608e-11)}
2024-11-09 17:09:14,913 - INFO - Bottom 10 Mean Stats: {'Max': np.float64(100.0), 'Min': np.float64(79.0), 'Mean': np.float64(85.5), 'Std': np.float64(6.232976816898969)}
2024-11-09 17:09:14,913 - INFO - Bottom 10 Std Stats: {'Max': np.float64(0.0), 'Min': np.float64(0.0), 'Mean': np.float64(0.0), 'Std': np.float64(0.0)}
[I 2024-11-09 17:09:14,944] Trial 157 finished with value: 79.0 and parameters: {'x_0': 2, 'x_1': 0, 'x_2': -5, 'x_3': -5, 'x_4': -5}. Best is trial 109 with value: 2.0.
2024-11-09 17:09:24,305 - INFO - Candidate Mean Stats: {'Max': np.float64(100.0), 'Min': np.float64(-6.534772722943672e-14), 'Mean': np.float64(0.04791028928724441), 'Std': np.float64(1.6403398711385198)}
2024-11-09 17:09:24,307 - INFO - Candidate Std Stats: {'Max': np.float64(0.9999999974428132), 'Min': np.float64(0.0), 'Mean': np.float64(0.9990189326529055), 'Std': np.float64(0.031306440188786734)}
2024-11-09 17:09:24,339 - INFO - Top 10 Mean Stats: {'Max': np.float64(1.3766765505351941e-15), 'Min': np.float64(-3.197442310920451e-15), 'Mean': np.float64(-1.126876369994534e-15), 'Std': np.float64(1.3116757634169287e-15)}
2024-11-09 17:09:24,339 - INFO - Top 10 Std Stats: {'Max': np.float64(0.9999999974428132), 'Min': np.float64(0.9999999971588102), 'Mean': np.float64(0.9999999972954289), 'Std': np.float64(1.1001246019153653e-10)}
2024-11-09 17:09:24,339 - INFO - Bottom 10 Mean Stats: {'Max': np.float64(100.0), 'Min': np.float64(79.0), 'Mean': np.float64(85.5), 'Std': np.float64(6.232976816898969)}
2024-11-09 17:09:24,340 - INFO - Bottom 10 Std Stats: {'Max': np.float64(0.0), 'Min': np.float64(0.0), 'Mean': np.float64(0.0), 'Std': np.float64(0.0)}
[I 2024-11-09 17:09:24,371] Trial 158 finished with value: 31.0 and parameters: {'x_0': 0, 'x_1': 5, 'x_2': 1, 'x_3': 1, 'x_4': -2}. Best is trial 109 with value: 2.0.
2024-11-09 17:09:35,095 - INFO - Candidate Mean Stats: {'Max': np.float64(100.0), 'Min': np.float64(-4.315992008230296e-14), 'Mean': np.float64(0.04810277489739275), 'Std': np.float64(1.6421520835866854)}
2024-11-09 17:09:35,097 - INFO - Candidate Std Stats: {'Max': np.float64(0.9999999984350956), 'Min': np.float64(0.0), 'Mean': np.float64(0.9990127232880244), 'Std': np.float64(0.03140525733628373)}
2024-11-09 17:09:35,123 - INFO - Top 10 Mean Stats: {'Max': np.float64(1.787459069646502e-15), 'Min': np.float64(-2.1149748619109233e-15), 'Mean': np.float64(-2.4091839634365896e-16), 'Std': np.float64(1.226316033830106e-15)}
2024-11-09 17:09:35,123 - INFO - Top 10 Std Stats: {'Max': np.float64(0.9999999984350956), 'Min': np.float64(0.999999997820662), 'Mean': np.float64(0.999999998024219), 'Std': np.float64(1.984374290459173e-10)}
2024-11-09 17:09:35,124 - INFO - Bottom 10 Mean Stats: {'Max': np.float64(100.0), 'Min': np.float64(79.0), 'Mean': np.float64(85.5), 'Std': np.float64(6.232976816898969)}
2024-11-09 17:09:35,124 - INFO - Bottom 10 Std Stats: {'Max': np.float64(0.0), 'Min': np.float64(0.0), 'Mean': np.float64(0.0), 'Std': np.float64(0.0)}
[I 2024-11-09 17:09:35,156] Trial 159 finished with value: 64.0 and parameters: {'x_0': 2, 'x_1': -5, 'x_2': 5, 'x_3': -3, 'x_4': 1}. Best is trial 109 with value: 2.0.
2024-11-09 17:09:44,633 - INFO - Candidate Mean Stats: {'Max': np.float64(100.0), 'Min': np.float64(-4.030109579389318e-14), 'Mean': np.float64(0.048500164544150605), 'Std': np.float64(1.6498660594159198)}
2024-11-09 17:09:44,634 - INFO - Candidate Std Stats: {'Max': np.float64(0.9999999976339933), 'Min': np.float64(0.0), 'Mean': np.float64(0.9990065142277422), 'Std': np.float64(0.03150376331353319)}
2024-11-09 17:09:44,671 - INFO - Top 10 Mean Stats: {'Max': np.float64(2.609024107869118e-15), 'Min': np.float64(-1.7430501486614957e-15), 'Mean': np.float64(-8.215650382226157e-17), 'Std': np.float64(1.224825091587133e-15)}
2024-11-09 17:09:44,671 - INFO - Top 10 Std Stats: {'Max': np.float64(0.9999999976339933), 'Min': np.float64(0.999999997214214), 'Mean': np.float64(0.999999997395798), 'Std': np.float64(1.3235997453125925e-10)}
2024-11-09 17:09:44,672 - INFO - Bottom 10 Mean Stats: {'Max': np.float64(100.0), 'Min': np.float64(79.0), 'Mean': np.float64(85.5), 'Std': np.float64(6.232976816898969)}
2024-11-09 17:09:44,672 - INFO - Bottom 10 Std Stats: {'Max': np.float64(0.0), 'Min': np.float64(0.0), 'Mean': np.float64(0.0), 'Std': np.float64(0.0)}
[I 2024-11-09 17:09:44,699] Trial 160 finished with value: 3.0 and parameters: {'x_0': -1, 'x_1': 0, 'x_2': -1, 'x_3': 0, 'x_4': 1}. Best is trial 109 with value: 2.0.
2024-11-09 17:09:55,390 - INFO - Candidate Mean Stats: {'Max': np.float64(100.0), 'Min': np.float64(-4.9604764740251995e-14), 'Mean': np.float64(0.04851879218384238), 'Std': np.float64(1.649882447236021)}
2024-11-09 17:09:55,391 - INFO - Candidate Std Stats: {'Max': np.float64(0.9999999974268877), 'Min': np.float64(0.0), 'Mean': np.float64(0.9990003054594944), 'Std': np.float64(0.031601961030149096)}
2024-11-09 17:09:55,417 - INFO - Top 10 Mean Stats: {'Max': np.float64(3.0586644328423063e-15), 'Min': np.float64(-2.5701663020072372e-15), 'Mean': np.float64(6.919811945671483e-16), 'Std': np.float64(1.7269536744103392e-15)}
2024-11-09 17:09:55,417 - INFO - Top 10 Std Stats: {'Max': np.float64(0.9999999974268877), 'Min': np.float64(0.9999999968717764), 'Mean': np.float64(0.9999999971044844), 'Std': np.float64(1.5860109895196787e-10)}
2024-11-09 17:09:55,417 - INFO - Bottom 10 Mean Stats: {'Max': np.float64(100.0), 'Min': np.float64(79.0), 'Mean': np.float64(85.5), 'Std': np.float64(6.232976816898969)}
2024-11-09 17:09:55,417 - INFO - Bottom 10 Std Stats: {'Max': np.float64(0.0), 'Min': np.float64(0.0), 'Mean': np.float64(0.0), 'Std': np.float64(0.0)}
[I 2024-11-09 17:09:55,447] Trial 161 finished with value: 64.0 and parameters: {'x_0': -1, 'x_1': 2, 'x_2': 5, 'x_3': 3, 'x_4': -5}. Best is trial 109 with value: 2.0.
2024-11-09 17:10:05,119 - INFO - Candidate Mean Stats: {'Max': np.float64(100.0), 'Min': np.float64(-5.314637618880624e-14), 'Mean': np.float64(0.04891618183060023), 'Std': np.float64(1.6575603480537653)}
2024-11-09 17:10:05,120 - INFO - Candidate Std Stats: {'Max': np.float64(0.9999999991710709), 'Min': np.float64(0.0), 'Mean': np.float64(0.9989940959401848), 'Std': np.float64(0.03169985331793234)}
2024-11-09 17:10:05,146 - INFO - Top 10 Mean Stats: {'Max': np.float64(9.43689570931383e-16), 'Min': np.float64(-3.885780586188048e-16), 'Mean': np.float64(1.1601830607332883e-16), 'Std': np.float64(4.171724878295087e-16)}
2024-11-09 17:10:05,146 - INFO - Top 10 Std Stats: {'Max': np.float64(0.9999999991710709), 'Min': np.float64(0.9999999989591634), 'Mean': np.float64(0.99999999904691), 'Std': np.float64(6.52599305858183e-11)}
2024-11-09 17:10:05,146 - INFO - Bottom 10 Mean Stats: {'Max': np.float64(100.0), 'Min': np.float64(79.0), 'Mean': np.float64(85.5), 'Std': np.float64(6.232976816898969)}
2024-11-09 17:10:05,146 - INFO - Bottom 10 Std Stats: {'Max': np.float64(0.0), 'Min': np.float64(0.0), 'Mean': np.float64(0.0), 'Std': np.float64(0.0)}
[I 2024-11-09 17:10:05,177] Trial 162 finished with value: 34.0 and parameters: {'x_0': -4, 'x_1': -2, 'x_2': -2, 'x_3': 3, 'x_4': 1}. Best is trial 109 with value: 2.0.
2024-11-09 17:10:15,391 - INFO - Candidate Mean Stats: {'Max': np.float64(100.0), 'Min': np.float64(-6.274980535181385e-14), 'Mean': np.float64(0.04912729508044037), 'Std': np.float64(1.659717885562979)}
2024-11-09 17:10:15,392 - INFO - Candidate Std Stats: {'Max': np.float64(0.9999999969388608), 'Min': np.float64(0.0), 'Mean': np.float64(0.9989878868238489), 'Std': np.float64(0.031797443034074745)}
2024-11-09 17:10:15,420 - INFO - Top 10 Mean Stats: {'Max': np.float64(2.936539900133539e-15), 'Min': np.float64(-1.4876988529977098e-15), 'Mean': np.float64(6.723094303495713e-16), 'Std': np.float64(1.395031941829228e-15)}
2024-11-09 17:10:15,420 - INFO - Top 10 Std Stats: {'Max': np.float64(0.9999999969388608), 'Min': np.float64(0.9999999962484922), 'Mean': np.float64(0.9999999965408461), 'Std': np.float64(2.5409801153486636e-10)}
2024-11-09 17:10:15,421 - INFO - Bottom 10 Mean Stats: {'Max': np.float64(100.0), 'Min': np.float64(79.0), 'Mean': np.float64(85.5), 'Std': np.float64(6.232976816898969)}
2024-11-09 17:10:15,421 - INFO - Bottom 10 Std Stats: {'Max': np.float64(0.0), 'Min': np.float64(0.0), 'Mean': np.float64(0.0), 'Std': np.float64(0.0)}
[I 2024-11-09 17:10:15,449] Trial 163 finished with value: 7.0 and parameters: {'x_0': 1, 'x_1': -2, 'x_2': 1, 'x_3': 0, 'x_4': -1}. Best is trial 109 with value: 2.0.
2024-11-09 17:10:26,036 - INFO - Candidate Mean Stats: {'Max': np.float64(100.0), 'Min': np.float64(-4.4469983251360646e-14), 'Mean': np.float64(0.049170759573054466), 'Std': np.float64(1.659808253573549)}
2024-11-09 17:10:26,037 - INFO - Candidate Std Stats: {'Max': np.float64(0.9999999970892057), 'Min': np.float64(0.0), 'Mean': np.float64(0.9989816775602084), 'Std': np.float64(0.0318947329386182)}
2024-11-09 17:10:26,066 - INFO - Top 10 Mean Stats: {'Max': np.float64(2.614922167687439e-15), 'Min': np.float64(-2.8171909249863347e-15), 'Mean': np.float64(4.329869796038113e-17), 'Std': np.float64(1.7096718413491982e-15)}
2024-11-09 17:10:26,066 - INFO - Top 10 Std Stats: {'Max': np.float64(0.9999999970892057), 'Min': np.float64(0.9999999966090986), 'Mean': np.float64(0.9999999967251518), 'Std': np.float64(1.3666549223707486e-10)}
2024-11-09 17:10:26,067 - INFO - Bottom 10 Mean Stats: {'Max': np.float64(100.0), 'Min': np.float64(79.0), 'Mean': np.float64(85.5), 'Std': np.float64(6.232976816898969)}
2024-11-09 17:10:26,067 - INFO - Bottom 10 Std Stats: {'Max': np.float64(0.0), 'Min': np.float64(0.0), 'Mean': np.float64(0.0), 'Std': np.float64(0.0)}
[I 2024-11-09 17:10:26,097] Trial 164 finished with value: 70.0 and parameters: {'x_0': 3, 'x_1': 2, 'x_2': 4, 'x_3': -4, 'x_4': 5}. Best is trial 109 with value: 2.0.
2024-11-09 17:10:36,811 - INFO - Candidate Mean Stats: {'Max': np.float64(100.0), 'Min': np.float64(-5.693223670277802e-14), 'Mean': np.float64(0.04960540449919592), 'Std': np.float64(1.6689354843439081)}
2024-11-09 17:10:36,813 - INFO - Candidate Std Stats: {'Max': np.float64(0.9999999971483126), 'Min': np.float64(0.0), 'Mean': np.float64(0.9989754684234798), 'Std': np.float64(0.0319917257755261)}
2024-11-09 17:10:36,838 - INFO - Top 10 Mean Stats: {'Max': np.float64(2.3425705819590805e-15), 'Min': np.float64(-1.3322676295501878e-15), 'Mean': np.float64(1.0846878950587779e-15), 'Std': np.float64(1.2984560213203026e-15)}
2024-11-09 17:10:36,839 - INFO - Top 10 Std Stats: {'Max': np.float64(0.9999999971483126), 'Min': np.float64(0.9999999967258112), 'Mean': np.float64(0.9999999968815748), 'Std': np.float64(1.5156687848791897e-10)}
2024-11-09 17:10:36,839 - INFO - Bottom 10 Mean Stats: {'Max': np.float64(100.0), 'Min': np.float64(79.0), 'Mean': np.float64(85.5), 'Std': np.float64(6.232976816898969)}
2024-11-09 17:10:36,839 - INFO - Bottom 10 Std Stats: {'Max': np.float64(0.0), 'Min': np.float64(0.0), 'Mean': np.float64(0.0), 'Std': np.float64(0.0)}
[I 2024-11-09 17:10:36,865] Trial 165 finished with value: 80.0 and parameters: {'x_0': 5, 'x_1': -5, 'x_2': -1, 'x_3': 2, 'x_4': 5}. Best is trial 109 with value: 2.0.
2024-11-09 17:10:47,623 - INFO - Candidate Mean Stats: {'Max': np.float64(100.0), 'Min': np.float64(-4.4231285301066234e-14), 'Mean': np.float64(0.050102141557643205), 'Std': np.float64(1.680784069160845)}
2024-11-09 17:10:47,623 - INFO - Candidate Std Stats: {'Max': np.float64(0.9999999970328862), 'Min': np.float64(0.0), 'Mean': np.float64(0.9989692590887427), 'Std': np.float64(0.032088424228250985)}
2024-11-09 17:10:47,647 - INFO - Top 10 Mean Stats: {'Max': np.float64(2.202404925100154e-15), 'Min': np.float64(-2.9677649227011215e-15), 'Mean': np.float64(-1.1275702593849246e-16), 'Std': np.float64(1.7262003737288014e-15)}
2024-11-09 17:10:47,647 - INFO - Top 10 Std Stats: {'Max': np.float64(0.9999999970328862), 'Min': np.float64(0.9999999965785396), 'Mean': np.float64(0.9999999967778228), 'Std': np.float64(1.4947153795150304e-10)}
2024-11-09 17:10:47,647 - INFO - Bottom 10 Mean Stats: {'Max': np.float64(100.0), 'Min': np.float64(80.0), 'Mean': np.float64(85.6), 'Std': np.float64(6.135144660071187)}
2024-11-09 17:10:47,647 - INFO - Bottom 10 Std Stats: {'Max': np.float64(0.0), 'Min': np.float64(0.0), 'Mean': np.float64(0.0), 'Std': np.float64(0.0)}
[I 2024-11-09 17:10:47,679] Trial 166 finished with value: 91.0 and parameters: {'x_0': -5, 'x_1': 4, 'x_2': 3, 'x_3': 5, 'x_4': 4}. Best is trial 109 with value: 2.0.
2024-11-09 17:10:56,696 - INFO - Candidate Mean Stats: {'Max': np.float64(100.0), 'Min': np.float64(-5.337952302397753e-14), 'Mean': np.float64(0.05066717996162707), 'Std': np.float64(1.695994293436984)}
2024-11-09 17:10:56,697 - INFO - Candidate Std Stats: {'Max': np.float64(0.9999999970312848), 'Min': np.float64(0.0), 'Mean': np.float64(0.9989630502195959), 'Std': np.float64(0.032184830971466134)}
2024-11-09 17:10:56,722 - INFO - Top 10 Mean Stats: {'Max': np.float64(4.324318680914985e-15), 'Min': np.float64(-3.0420110874729288e-15), 'Mean': np.float64(1.5282913823355733e-17), 'Std': np.float64(2.3036324554978366e-15)}
2024-11-09 17:10:56,723 - INFO - Top 10 Std Stats: {'Max': np.float64(0.9999999970312848), 'Min': np.float64(0.9999999965690592), 'Mean': np.float64(0.9999999967639155), 'Std': np.float64(1.5398277216338336e-10)}
2024-11-09 17:10:56,723 - INFO - Bottom 10 Mean Stats: {'Max': np.float64(100.0), 'Min': np.float64(80.0), 'Mean': np.float64(86.7), 'Std': np.float64(6.017474553332153)}
2024-11-09 17:10:56,723 - INFO - Bottom 10 Std Stats: {'Max': np.float64(0.0), 'Min': np.float64(0.0), 'Mean': np.float64(0.0), 'Std': np.float64(0.0)}
[I 2024-11-09 17:10:56,753] Trial 167 finished with value: 44.0 and parameters: {'x_0': 0, 'x_1': 1, 'x_2': 5, 'x_3': -3, 'x_4': 3}. Best is trial 109 with value: 2.0.
2024-11-09 17:11:07,352 - INFO - Candidate Mean Stats: {'Max': np.float64(100.0), 'Min': np.float64(-5.375144773722695e-14), 'Mean': np.float64(0.05094038534377308), 'Std': np.float64(1.6995263812167)}
2024-11-09 17:11:07,354 - INFO - Candidate Std Stats: {'Max': np.float64(0.9999999979125425), 'Min': np.float64(0.0), 'Mean': np.float64(0.9989568406624579), 'Std': np.float64(0.03228094858172584)}
2024-11-09 17:11:07,388 - INFO - Top 10 Mean Stats: {'Max': np.float64(1.021405182655144e-15), 'Min': np.float64(-7.008282842946301e-16), 'Mean': np.float64(-2.844946500601961e-17), 'Std': np.float64(5.829461363949051e-16)}
2024-11-09 17:11:07,388 - INFO - Top 10 Std Stats: {'Max': np.float64(0.9999999979125425), 'Min': np.float64(0.9999999975400278), 'Mean': np.float64(0.9999999976822496), 'Std': np.float64(1.1951645936833225e-10)}
2024-11-09 17:11:07,388 - INFO - Bottom 10 Mean Stats: {'Max': np.float64(100.0), 'Min': np.float64(80.0), 'Mean': np.float64(86.7), 'Std': np.float64(6.017474553332153)}
2024-11-09 17:11:07,388 - INFO - Bottom 10 Std Stats: {'Max': np.float64(0.0), 'Min': np.float64(0.0), 'Mean': np.float64(0.0), 'Std': np.float64(0.0)}
[I 2024-11-09 17:11:07,418] Trial 168 finished with value: 35.0 and parameters: {'x_0': 3, 'x_1': -3, 'x_2': 0, 'x_3': 4, 'x_4': -1}. Best is trial 109 with value: 2.0.
2024-11-09 17:11:17,829 - INFO - Candidate Mean Stats: {'Max': np.float64(100.0), 'Min': np.float64(-3.880923360455313e-14), 'Mean': np.float64(0.0511577078068438), 'Std': np.float64(1.7017561571652764)}
2024-11-09 17:11:17,829 - INFO - Candidate Std Stats: {'Max': np.float64(0.9999999971039576), 'Min': np.float64(0.0), 'Mean': np.float64(0.9989506318045588), 'Std': np.float64(0.03237677967866023)}
2024-11-09 17:11:17,854 - INFO - Top 10 Mean Stats: {'Max': np.float64(2.9753977059954196e-15), 'Min': np.float64(-3.563815909046753e-15), 'Mean': np.float64(2.2926105458509477e-16), 'Std': np.float64(2.084666278872326e-15)}
2024-11-09 17:11:17,854 - INFO - Top 10 Std Stats: {'Max': np.float64(0.9999999971039576), 'Min': np.float64(0.9999999966353468), 'Mean': np.float64(0.9999999968176612), 'Std': np.float64(1.5543245914501542e-10)}
2024-11-09 17:11:17,855 - INFO - Bottom 10 Mean Stats: {'Max': np.float64(100.0), 'Min': np.float64(80.0), 'Mean': np.float64(86.7), 'Std': np.float64(6.017474553332153)}
2024-11-09 17:11:17,855 - INFO - Bottom 10 Std Stats: {'Max': np.float64(0.0), 'Min': np.float64(0.0), 'Mean': np.float64(0.0), 'Std': np.float64(0.0)}
[I 2024-11-09 17:11:17,885] Trial 169 finished with value: 49.0 and parameters: {'x_0': -2, 'x_1': -2, 'x_2': 4, 'x_3': 0, 'x_4': 5}. Best is trial 109 with value: 2.0.
2024-11-09 17:11:28,948 - INFO - Candidate Mean Stats: {'Max': np.float64(100.0), 'Min': np.float64(-6.16839912481737e-14), 'Mean': np.float64(0.05146195925514278), 'Std': np.float64(1.706121659564244)}
2024-11-09 17:11:28,949 - INFO - Candidate Std Stats: {'Max': np.float64(0.9999999967011398), 'Min': np.float64(0.0), 'Mean': np.float64(0.9989444223722309), 'Std': np.float64(0.03247232675790975)}
2024-11-09 17:11:28,975 - INFO - Top 10 Mean Stats: {'Max': np.float64(2.6978419498391305e-15), 'Min': np.float64(-1.8762769116165144e-15), 'Mean': np.float64(4.71289673953379e-16), 'Std': np.float64(1.3833267507666718e-15)}
2024-11-09 17:11:28,975 - INFO - Top 10 Std Stats: {'Max': np.float64(0.9999999967011398), 'Min': np.float64(0.9999999965668106), 'Mean': np.float64(0.999999996639495), 'Std': np.float64(4.8463486773051434e-11)}
2024-11-09 17:11:28,976 - INFO - Bottom 10 Mean Stats: {'Max': np.float64(100.0), 'Min': np.float64(80.0), 'Mean': np.float64(86.7), 'Std': np.float64(6.017474553332153)}
2024-11-09 17:11:28,976 - INFO - Bottom 10 Std Stats: {'Max': np.float64(0.0), 'Min': np.float64(0.0), 'Mean': np.float64(0.0), 'Std': np.float64(0.0)}
