[I 2024-11-09 17:29:20,739] Trial 282 finished with value: 35.0 and parameters: {'x_0': 1, 'x_1': 3, 'x_2': 0, 'x_3': 3, 'x_4': -4}. Best is trial 109 with value: 2.0.
2024-11-09 17:29:25,860 - INFO - Candidate Mean Stats: {'Max': np.float64(109.0), 'Min': np.float64(-4.658495811327157e-14), 'Mean': np.float64(0.08654401400798502), 'Std': np.float64(2.227154241543922)}
2024-11-09 17:29:25,861 - INFO - Candidate Std Stats: {'Max': np.float64(0.999999996516144), 'Min': np.float64(0.0), 'Mean': np.float64(0.9982427819467898), 'Std': np.float64(0.04188221017294823)}
2024-11-09 17:29:25,883 - INFO - Top 10 Mean Stats: {'Max': np.float64(2.1538326677728035e-15), 'Min': np.float64(-4.785061236134425e-15), 'Mean': np.float64(-5.065392549852278e-16), 'Std': np.float64(2.2604476306434406e-15)}
2024-11-09 17:29:25,883 - INFO - Top 10 Std Stats: {'Max': np.float64(0.999999996516144), 'Min': np.float64(0.9999999962334304), 'Mean': np.float64(0.999999996361861), 'Std': np.float64(9.309339113996494e-11)}
2024-11-09 17:29:25,884 - INFO - Bottom 10 Mean Stats: {'Max': np.float64(109.0), 'Min': np.float64(86.0), 'Mean': np.float64(94.8), 'Std': np.float64(8.182909018191515)}
2024-11-09 17:29:25,884 - INFO - Bottom 10 Std Stats: {'Max': np.float64(0.0), 'Min': np.float64(0.0), 'Mean': np.float64(0.0), 'Std': np.float64(0.0)}
[I 2024-11-09 17:29:25,911] Trial 283 finished with value: 29.0 and parameters: {'x_0': 0, 'x_1': 0, 'x_2': -2, 'x_3': 0, 'x_4': 5}. Best is trial 109 with value: 2.0.
2024-11-09 17:29:31,501 - INFO - Candidate Mean Stats: {'Max': np.float64(109.0), 'Min': np.float64(-8.473222123939195e-14), 'Mean': np.float64(0.08672408119167219), 'Std': np.float64(2.2283192688786952)}
2024-11-09 17:29:31,503 - INFO - Candidate Std Stats: {'Max': np.float64(0.9999999983020441), 'Min': np.float64(0.0), 'Mean': np.float64(0.9982365730995755), 'Std': np.float64(0.04195601128628625)}
2024-11-09 17:29:31,528 - INFO - Top 10 Mean Stats: {'Max': np.float64(8.881784197001252e-16), 'Min': np.float64(-1.3322676295501878e-15), 'Mean': np.float64(-2.2204460492503132e-17), 'Std': np.float64(7.819627926950468e-16)}
2024-11-09 17:29:31,528 - INFO - Top 10 Std Stats: {'Max': np.float64(0.9999999983020441), 'Min': np.float64(0.9999999979304223), 'Mean': np.float64(0.9999999981056178), 'Std': np.float64(1.0992109683817177e-10)}
2024-11-09 17:29:31,529 - INFO - Bottom 10 Mean Stats: {'Max': np.float64(109.0), 'Min': np.float64(86.0), 'Mean': np.float64(94.8), 'Std': np.float64(8.182909018191515)}
2024-11-09 17:29:31,529 - INFO - Bottom 10 Std Stats: {'Max': np.float64(0.0), 'Min': np.float64(0.0), 'Mean': np.float64(0.0), 'Std': np.float64(0.0)}
[I 2024-11-09 17:29:31,565] Trial 284 finished with value: 25.0 and parameters: {'x_0': -4, 'x_1': -2, 'x_2': 0, 'x_3': 1, 'x_4': -2}. Best is trial 109 with value: 2.0.
2024-11-09 17:29:37,749 - INFO - Candidate Mean Stats: {'Max': np.float64(109.0), 'Min': np.float64(-5.985212325754219e-14), 'Mean': np.float64(0.086879311522437), 'Std': np.float64(2.2291838358047382)}
2024-11-09 17:29:37,750 - INFO - Candidate Std Stats: {'Max': np.float64(0.9999999973423256), 'Min': np.float64(0.0), 'Mean': np.float64(0.9982303639369617), 'Std': np.float64(0.04202968187987037)}
2024-11-09 17:29:37,771 - INFO - Top 10 Mean Stats: {'Max': np.float64(3.2057689836051395e-15), 'Min': np.float64(-1.920685832601521e-15), 'Mean': np.float64(2.811813282210806e-16), 'Std': np.float64(1.363434081761854e-15)}
2024-11-09 17:29:37,771 - INFO - Top 10 Std Stats: {'Max': np.float64(0.9999999973423256), 'Min': np.float64(0.99999999713998), 'Mean': np.float64(0.999999997263726), 'Std': np.float64(7.172936311928922e-11)}
2024-11-09 17:29:37,771 - INFO - Bottom 10 Mean Stats: {'Max': np.float64(109.0), 'Min': np.float64(86.0), 'Mean': np.float64(94.8), 'Std': np.float64(8.182909018191515)}
2024-11-09 17:29:37,771 - INFO - Bottom 10 Std Stats: {'Max': np.float64(0.0), 'Min': np.float64(0.0), 'Mean': np.float64(0.0), 'Std': np.float64(0.0)}
[I 2024-11-09 17:29:37,800] Trial 285 finished with value: 56.0 and parameters: {'x_0': -3, 'x_1': -2, 'x_2': -5, 'x_3': 3, 'x_4': -3}. Best is trial 109 with value: 2.0.
2024-11-09 17:29:44,580 - INFO - Candidate Mean Stats: {'Max': np.float64(109.0), 'Min': np.float64(-5.910827383104333e-14), 'Mean': np.float64(0.08722702746335013), 'Std': np.float64(2.233533551786224)}
2024-11-09 17:29:44,581 - INFO - Candidate Std Stats: {'Max': np.float64(0.9999999971399128), 'Min': np.float64(0.0), 'Mean': np.float64(0.9982241542928632), 'Std': np.float64(0.0421032226316912)}
2024-11-09 17:29:44,604 - INFO - Top 10 Mean Stats: {'Max': np.float64(2.665923037881157e-15), 'Min': np.float64(-1.6209256159527285e-15), 'Mean': np.float64(-1.623440964992895e-16), 'Std': np.float64(1.0657716241265983e-15)}
2024-11-09 17:29:44,604 - INFO - Top 10 Std Stats: {'Max': np.float64(0.9999999971399128), 'Min': np.float64(0.9999999968256444), 'Mean': np.float64(0.9999999969746904), 'Std': np.float64(1.1759536326806528e-10)}
2024-11-09 17:29:44,605 - INFO - Bottom 10 Mean Stats: {'Max': np.float64(109.0), 'Min': np.float64(86.0), 'Mean': np.float64(94.8), 'Std': np.float64(8.182909018191515)}
2024-11-09 17:29:44,605 - INFO - Bottom 10 Std Stats: {'Max': np.float64(0.0), 'Min': np.float64(0.0), 'Mean': np.float64(0.0), 'Std': np.float64(0.0)}
[I 2024-11-09 17:29:44,634] Trial 286 finished with value: 44.0 and parameters: {'x_0': -3, 'x_1': 3, 'x_2': -3, 'x_3': -1, 'x_4': 4}. Best is trial 109 with value: 2.0.
2024-11-09 17:29:54,519 - INFO - Candidate Mean Stats: {'Max': np.float64(109.0), 'Min': np.float64(-5.672962100078394e-14), 'Mean': np.float64(0.08750023284549613), 'Std': np.float64(2.236212294783589)}
2024-11-09 17:29:54,521 - INFO - Candidate Std Stats: {'Max': np.float64(0.999999997887484), 'Min': np.float64(0.0), 'Mean': np.float64(0.9982179456376357), 'Std': np.float64(0.04217663428285226)}
2024-11-09 17:29:54,585 - INFO - Top 10 Mean Stats: {'Max': np.float64(1.965094753586527e-15), 'Min': np.float64(-1.965094753586527e-15), 'Mean': np.float64(-4.612976667317527e-16), 'Std': np.float64(1.3070712061669678e-15)}
2024-11-09 17:29:54,585 - INFO - Top 10 Std Stats: {'Max': np.float64(0.999999997887484), 'Min': np.float64(0.9999999971812041), 'Mean': np.float64(0.9999999974664778), 'Std': np.float64(2.0734097486835767e-10)}
2024-11-09 17:29:54,585 - INFO - Bottom 10 Mean Stats: {'Max': np.float64(109.0), 'Min': np.float64(86.0), 'Mean': np.float64(94.8), 'Std': np.float64(8.182909018191515)}
2024-11-09 17:29:54,585 - INFO - Bottom 10 Std Stats: {'Max': np.float64(0.0), 'Min': np.float64(0.0), 'Mean': np.float64(0.0), 'Std': np.float64(0.0)}
[I 2024-11-09 17:29:54,734] Trial 287 finished with value: 43.0 and parameters: {'x_0': 0, 'x_1': -4, 'x_2': 1, 'x_3': -5, 'x_4': -1}. Best is trial 109 with value: 2.0.
2024-11-09 17:30:01,715 - INFO - Candidate Mean Stats: {'Max': np.float64(109.0), 'Min': np.float64(-4.013456234019941e-14), 'Mean': np.float64(0.0877672290144116), 'Std': np.float64(2.2387673990086148)}
2024-11-09 17:30:01,716 - INFO - Candidate Std Stats: {'Max': np.float64(0.999999997569821), 'Min': np.float64(0.0), 'Mean': np.float64(0.9982117362974949), 'Std': np.float64(0.04224991743590496)}
2024-11-09 17:30:01,740 - INFO - Top 10 Mean Stats: {'Max': np.float64(4.451994328746878e-15), 'Min': np.float64(-4.174438572590589e-15), 'Mean': np.float64(1.067201882420933e-16), 'Std': np.float64(2.4079778648396054e-15)}
2024-11-09 17:30:01,740 - INFO - Top 10 Std Stats: {'Max': np.float64(0.999999997569821), 'Min': np.float64(0.9999999968717498), 'Mean': np.float64(0.999999997109966), 'Std': np.float64(1.9425145658845933e-10)}
2024-11-09 17:30:01,741 - INFO - Bottom 10 Mean Stats: {'Max': np.float64(109.0), 'Min': np.float64(86.0), 'Mean': np.float64(94.8), 'Std': np.float64(8.182909018191515)}
2024-11-09 17:30:01,741 - INFO - Bottom 10 Std Stats: {'Max': np.float64(0.0), 'Min': np.float64(0.0), 'Mean': np.float64(0.0), 'Std': np.float64(0.0)}
[I 2024-11-09 17:30:01,770] Trial 288 finished with value: 37.0 and parameters: {'x_0': -3, 'x_1': -1, 'x_2': -1, 'x_3': 1, 'x_4': -5}. Best is trial 109 with value: 2.0.
2024-11-09 17:30:06,901 - INFO - Candidate Mean Stats: {'Max': np.float64(109.0), 'Min': np.float64(-5.0547760421792985e-14), 'Mean': np.float64(0.08799696990394348), 'Std': np.float64(2.240656042223587)}
2024-11-09 17:30:06,901 - INFO - Candidate Std Stats: {'Max': np.float64(0.9999999975335878), 'Min': np.float64(0.0), 'Mean': np.float64(0.9982055264312025), 'Std': np.float64(0.04232307276476958)}
2024-11-09 17:30:06,921 - INFO - Top 10 Mean Stats: {'Max': np.float64(1.6486811915683574e-15), 'Min': np.float64(-2.423061751244404e-15), 'Mean': np.float64(-6.744604874597819e-17), 'Std': np.float64(1.08086786624375e-15)}
2024-11-09 17:30:06,922 - INFO - Top 10 Std Stats: {'Max': np.float64(0.9999999975335878), 'Min': np.float64(0.999999996943733), 'Mean': np.float64(0.9999999972350235), 'Std': np.float64(2.006099133478351e-10)}
2024-11-09 17:30:06,922 - INFO - Bottom 10 Mean Stats: {'Max': np.float64(109.0), 'Min': np.float64(86.0), 'Mean': np.float64(94.8), 'Std': np.float64(8.182909018191515)}
2024-11-09 17:30:06,922 - INFO - Bottom 10 Std Stats: {'Max': np.float64(0.0), 'Min': np.float64(0.0), 'Mean': np.float64(0.0), 'Std': np.float64(0.0)}
[I 2024-11-09 17:30:06,949] Trial 289 finished with value: 100.0 and parameters: {'x_0': 5, 'x_1': 5, 'x_2': 5, 'x_3': -3, 'x_4': 4}. Best is trial 109 with value: 2.0.
2024-11-09 17:30:11,438 - INFO - Candidate Mean Stats: {'Max': np.float64(109.0), 'Min': np.float64(-5.0787152261477785e-14), 'Mean': np.float64(0.08861789122700264), 'Std': np.float64(2.2544449356606022)}
2024-11-09 17:30:11,439 - INFO - Candidate Std Stats: {'Max': np.float64(0.9999999983541017), 'Min': np.float64(0.0), 'Mean': np.float64(0.99819931784299), 'Std': np.float64(0.04239610100753482)}
2024-11-09 17:30:11,460 - INFO - Top 10 Mean Stats: {'Max': np.float64(2.6700863742235016e-15), 'Min': np.float64(-1.126876369994534e-15), 'Mean': np.float64(5.404010572362949e-16), 'Std': np.float64(1.250849936586075e-15)}
2024-11-09 17:30:11,460 - INFO - Top 10 Std Stats: {'Max': np.float64(0.9999999983541017), 'Min': np.float64(0.9999999977937898), 'Mean': np.float64(0.9999999979596668), 'Std': np.float64(1.7144335225975831e-10)}
2024-11-09 17:30:11,460 - INFO - Bottom 10 Mean Stats: {'Max': np.float64(109.0), 'Min': np.float64(86.0), 'Mean': np.float64(96.2), 'Std': np.float64(7.743384273042375)}
2024-11-09 17:30:11,460 - INFO - Bottom 10 Std Stats: {'Max': np.float64(0.0), 'Min': np.float64(0.0), 'Mean': np.float64(0.0), 'Std': np.float64(0.0)}
[I 2024-11-09 17:30:11,488] Trial 290 finished with value: 47.0 and parameters: {'x_0': -5, 'x_1': 3, 'x_2': 0, 'x_3': 3, 'x_4': -2}. Best is trial 109 with value: 2.0.
2024-11-09 17:30:16,239 - INFO - Candidate Mean Stats: {'Max': np.float64(109.0), 'Min': np.float64(-8.106848525812894e-14), 'Mean': np.float64(0.0889097242488404), 'Std': np.float64(2.2574734353988823)}
2024-11-09 17:30:16,239 - INFO - Candidate Std Stats: {'Max': np.float64(0.9999999972043015), 'Min': np.float64(0.0), 'Mean': np.float64(0.9981931089091396), 'Std': np.float64(0.04246900275127756)}
2024-11-09 17:30:16,279 - INFO - Top 10 Mean Stats: {'Max': np.float64(2.597921877622866e-15), 'Min': np.float64(-5.540012892879531e-15), 'Mean': np.float64(-6.203371150093062e-16), 'Std': np.float64(2.3525313000952145e-15)}
2024-11-09 17:30:16,279 - INFO - Top 10 Std Stats: {'Max': np.float64(0.9999999972043015), 'Min': np.float64(0.9999999966748507), 'Mean': np.float64(0.9999999968879767), 'Std': np.float64(1.5192961797216693e-10)}
2024-11-09 17:30:16,280 - INFO - Bottom 10 Mean Stats: {'Max': np.float64(109.0), 'Min': np.float64(86.0), 'Mean': np.float64(96.2), 'Std': np.float64(7.743384273042375)}
2024-11-09 17:30:16,280 - INFO - Bottom 10 Std Stats: {'Max': np.float64(0.0), 'Min': np.float64(0.0), 'Mean': np.float64(0.0), 'Std': np.float64(0.0)}
[I 2024-11-09 17:30:16,483] Trial 291 finished with value: 77.0 and parameters: {'x_0': -2, 'x_1': 4, 'x_2': -4, 'x_3': -4, 'x_4': -5}. Best is trial 109 with value: 2.0.
2024-11-09 17:30:25,195 - INFO - Candidate Mean Stats: {'Max': np.float64(109.0), 'Min': np.float64(-4.338751580235112e-14), 'Mean': np.float64(0.089387833667596), 'Std': np.float64(2.2655938495312937)}
2024-11-09 17:30:25,198 - INFO - Candidate Std Stats: {'Max': np.float64(0.9999999975797539), 'Min': np.float64(0.0), 'Mean': np.float64(0.9981868990711332), 'Std': np.float64(0.04254177862236841)}
2024-11-09 17:30:25,231 - INFO - Top 10 Mean Stats: {'Max': np.float64(2.6867397195928787e-15), 'Min': np.float64(-1.8762769116165144e-15), 'Mean': np.float64(5.330458296981532e-16), 'Std': np.float64(1.4493950491156585e-15)}
2024-11-09 17:30:25,231 - INFO - Top 10 Std Stats: {'Max': np.float64(0.9999999975797539), 'Min': np.float64(0.9999999972094404), 'Mean': np.float64(0.9999999973730305), 'Std': np.float64(1.1446346954058522e-10)}
2024-11-09 17:30:25,232 - INFO - Bottom 10 Mean Stats: {'Max': np.float64(109.0), 'Min': np.float64(86.0), 'Mean': np.float64(96.2), 'Std': np.float64(7.743384273042375)}
2024-11-09 17:30:25,232 - INFO - Bottom 10 Std Stats: {'Max': np.float64(0.0), 'Min': np.float64(0.0), 'Mean': np.float64(0.0), 'Std': np.float64(0.0)}
[I 2024-11-09 17:30:25,293] Trial 292 finished with value: 18.0 and parameters: {'x_0': 0, 'x_1': -2, 'x_2': 3, 'x_3': 1, 'x_4': -2}. Best is trial 109 with value: 2.0.
2024-11-09 17:30:30,535 - INFO - Candidate Mean Stats: {'Max': np.float64(109.0), 'Min': np.float64(-8.053488431691846e-14), 'Mean': np.float64(0.08949959950574662), 'Std': np.float64(2.266033380737547)}
2024-11-09 17:30:30,535 - INFO - Candidate Std Stats: {'Max': np.float64(0.9999999973940802), 'Min': np.float64(0.0), 'Mean': np.float64(0.9981806899452155), 'Std': np.float64(0.042614429334299535)}
2024-11-09 17:30:30,558 - INFO - Top 10 Mean Stats: {'Max': np.float64(3.641531520770513e-15), 'Min': np.float64(-1.2934098236883074e-15), 'Mean': np.float64(2.1316282072803005e-16), 'Std': np.float64(1.508061750888341e-15)}
2024-11-09 17:30:30,558 - INFO - Top 10 Std Stats: {'Max': np.float64(0.9999999973940802), 'Min': np.float64(0.9999999969303284), 'Mean': np.float64(0.9999999971146145), 'Std': np.float64(1.5561253110512606e-10)}
2024-11-09 17:30:30,558 - INFO - Bottom 10 Mean Stats: {'Max': np.float64(109.0), 'Min': np.float64(86.0), 'Mean': np.float64(96.2), 'Std': np.float64(7.743384273042375)}
2024-11-09 17:30:30,558 - INFO - Bottom 10 Std Stats: {'Max': np.float64(0.0), 'Min': np.float64(0.0), 'Mean': np.float64(0.0), 'Std': np.float64(0.0)}
[I 2024-11-09 17:30:30,588] Trial 293 finished with value: 84.0 and parameters: {'x_0': 3, 'x_1': 3, 'x_2': -5, 'x_3': -4, 'x_4': -5}. Best is trial 109 with value: 2.0.
2024-11-09 17:30:35,280 - INFO - Candidate Mean Stats: {'Max': np.float64(109.0), 'Min': np.float64(-6.138145547396334e-14), 'Mean': np.float64(0.09002117341711632), 'Std': np.float64(2.2756594336192277)}
2024-11-09 17:30:35,281 - INFO - Candidate Std Stats: {'Max': np.float64(0.9999999973097138), 'Min': np.float64(0.0), 'Mean': np.float64(0.9981744810317141), 'Std': np.float64(0.042686955505054004)}
2024-11-09 17:30:35,302 - INFO - Top 10 Mean Stats: {'Max': np.float64(1.8207657603852566e-15), 'Min': np.float64(-3.819167204710538e-15), 'Mean': np.float64(-9.69502256253918e-16), 'Std': np.float64(2.087707922846807e-15)}
2024-11-09 17:30:35,302 - INFO - Top 10 Std Stats: {'Max': np.float64(0.9999999973097138), 'Min': np.float64(0.9999999967653032), 'Mean': np.float64(0.9999999969633258), 'Std': np.float64(1.5032745343561914e-10)}
2024-11-09 17:30:35,303 - INFO - Bottom 10 Mean Stats: {'Max': np.float64(109.0), 'Min': np.float64(86.0), 'Mean': np.float64(96.2), 'Std': np.float64(7.743384273042375)}
2024-11-09 17:30:35,303 - INFO - Bottom 10 Std Stats: {'Max': np.float64(0.0), 'Min': np.float64(0.0), 'Mean': np.float64(0.0), 'Std': np.float64(0.0)}
[I 2024-11-09 17:30:35,345] Trial 294 finished with value: 22.0 and parameters: {'x_0': 3, 'x_1': 0, 'x_2': 3, 'x_3': 0, 'x_4': -2}. Best is trial 109 with value: 2.0.
2024-11-09 17:30:39,650 - INFO - Candidate Mean Stats: {'Max': np.float64(109.0), 'Min': np.float64(-5.626055177287981e-14), 'Mean': np.float64(0.09015777610818931), 'Std': np.float64(2.2763142366761255)}
2024-11-09 17:30:39,651 - INFO - Candidate Std Stats: {'Max': np.float64(0.9999999974816978), 'Min': np.float64(0.0), 'Mean': np.float64(0.998168271911628), 'Std': np.float64(0.04275935775049588)}
2024-11-09 17:30:39,669 - INFO - Top 10 Mean Stats: {'Max': np.float64(2.3423971096114825e-15), 'Min': np.float64(-1.3433698597964394e-15), 'Mean': np.float64(7.01348701337423e-17), 'Std': np.float64(1.2052545019914707e-15)}
2024-11-09 17:30:39,669 - INFO - Top 10 Std Stats: {'Max': np.float64(0.9999999974816978), 'Min': np.float64(0.9999999971311152), 'Mean': np.float64(0.9999999972492976), 'Std': np.float64(1.10549876575989e-10)}
2024-11-09 17:30:39,669 - INFO - Bottom 10 Mean Stats: {'Max': np.float64(109.0), 'Min': np.float64(86.0), 'Mean': np.float64(96.2), 'Std': np.float64(7.743384273042375)}
2024-11-09 17:30:39,669 - INFO - Bottom 10 Std Stats: {'Max': np.float64(0.0), 'Min': np.float64(0.0), 'Mean': np.float64(0.0), 'Std': np.float64(0.0)}
[I 2024-11-09 17:30:39,693] Trial 295 finished with value: 74.0 and parameters: {'x_0': -2, 'x_1': 5, 'x_2': 2, 'x_3': -4, 'x_4': 5}. Best is trial 109 with value: 2.0.
2024-11-09 17:30:43,607 - INFO - Candidate Mean Stats: {'Max': np.float64(109.0), 'Min': np.float64(-4.2721381987576025e-14), 'Mean': np.float64(0.09061725788725311), 'Std': np.float64(2.2837524149764787)}
2024-11-09 17:30:43,607 - INFO - Candidate Std Stats: {'Max': np.float64(0.9999999987476188), 'Min': np.float64(0.0), 'Mean': np.float64(0.9981620625539763), 'Std': np.float64(0.04283163669765285)}
2024-11-09 17:30:43,626 - INFO - Top 10 Mean Stats: {'Max': np.float64(1.2601031329495526e-15), 'Min': np.float64(-1.5432100042289676e-15), 'Mean': np.float64(-4.871103520542875e-17), 'Std': np.float64(9.02361563233606e-16)}
2024-11-09 17:30:43,626 - INFO - Top 10 Std Stats: {'Max': np.float64(0.9999999987476188), 'Min': np.float64(0.999999998363926), 'Mean': np.float64(0.9999999985039734), 'Std': np.float64(1.0752643223067796e-10)}
2024-11-09 17:30:43,626 - INFO - Bottom 10 Mean Stats: {'Max': np.float64(109.0), 'Min': np.float64(86.0), 'Mean': np.float64(96.2), 'Std': np.float64(7.743384273042375)}
2024-11-09 17:30:43,626 - INFO - Bottom 10 Std Stats: {'Max': np.float64(0.0), 'Min': np.float64(0.0), 'Mean': np.float64(0.0), 'Std': np.float64(0.0)}
[I 2024-11-09 17:30:43,648] Trial 296 finished with value: 52.0 and parameters: {'x_0': 4, 'x_1': 0, 'x_2': 2, 'x_3': -4, 'x_4': -4}. Best is trial 109 with value: 2.0.
2024-11-09 17:30:48,180 - INFO - Candidate Mean Stats: {'Max': np.float64(109.0), 'Min': np.float64(-4.9454884631927597e-14), 'Mean': np.float64(0.09094013697524389), 'Std': np.float64(2.287412552295792)}
2024-11-09 17:30:48,181 - INFO - Candidate Std Stats: {'Max': np.float64(0.9999999967721915), 'Min': np.float64(0.0), 'Mean': np.float64(0.9981558533785541), 'Std': np.float64(0.04290379298761843)}
2024-11-09 17:30:48,201 - INFO - Top 10 Mean Stats: {'Max': np.float64(3.22519788653608e-15), 'Min': np.float64(-4.052314039881821e-15), 'Mean': np.float64(-5.139638714624085e-16), 'Std': np.float64(2.0213423144357256e-15)}
2024-11-09 17:30:48,201 - INFO - Top 10 Std Stats: {'Max': np.float64(0.9999999967721915), 'Min': np.float64(0.9999999963280806), 'Mean': np.float64(0.9999999965047826), 'Std': np.float64(1.44041853955171e-10)}
2024-11-09 17:30:48,201 - INFO - Bottom 10 Mean Stats: {'Max': np.float64(109.0), 'Min': np.float64(86.0), 'Mean': np.float64(96.2), 'Std': np.float64(7.743384273042375)}
2024-11-09 17:30:48,201 - INFO - Bottom 10 Std Stats: {'Max': np.float64(0.0), 'Min': np.float64(0.0), 'Mean': np.float64(0.0), 'Std': np.float64(0.0)}
[I 2024-11-09 17:30:48,224] Trial 297 finished with value: 18.0 and parameters: {'x_0': -2, 'x_1': -3, 'x_2': 0, 'x_3': 2, 'x_4': 1}. Best is trial 109 with value: 2.0.
2024-11-09 17:30:51,821 - INFO - Candidate Mean Stats: {'Max': np.float64(109.0), 'Min': np.float64(-6.556075127228666e-14), 'Mean': np.float64(0.09105190281339451), 'Std': np.float64(2.287847815960274)}
2024-11-09 17:30:51,821 - INFO - Candidate Std Stats: {'Max': np.float64(0.9999999976450559), 'Min': np.float64(0.0), 'Mean': np.float64(0.9981496438708777), 'Std': np.float64(0.04297582721614358)}
2024-11-09 17:30:51,835 - INFO - Top 10 Mean Stats: {'Max': np.float64(1.7430501486614957e-15), 'Min': np.float64(-1.1990408665951691e-15), 'Mean': np.float64(-1.4849232954361468e-16), 'Std': np.float64(7.458757751110487e-16)}
2024-11-09 17:30:51,835 - INFO - Top 10 Std Stats: {'Max': np.float64(0.9999999976450559), 'Min': np.float64(0.9999999971495669), 'Mean': np.float64(0.9999999973824745), 'Std': np.float64(1.3352945625595323e-10)}
2024-11-09 17:30:51,836 - INFO - Bottom 10 Mean Stats: {'Max': np.float64(109.0), 'Min': np.float64(86.0), 'Mean': np.float64(96.2), 'Std': np.float64(7.743384273042375)}
2024-11-09 17:30:51,836 - INFO - Bottom 10 Std Stats: {'Max': np.float64(0.0), 'Min': np.float64(0.0), 'Mean': np.float64(0.0), 'Std': np.float64(0.0)}
