[I 2024-11-09 17:14:06,716] Trial 186 finished with value: 28.0 and parameters: {'x_0': -3, 'x_1': 0, 'x_2': 1, 'x_3': -3, 'x_4': 3}. Best is trial 109 with value: 2.0.
2024-11-09 17:14:17,776 - INFO - Candidate Mean Stats: {'Max': np.float64(100.0), 'Min': np.float64(-4.048289481417555e-14), 'Mean': np.float64(0.056354819280848935), 'Std': np.float64(1.7812702295768124)}
2024-11-09 17:14:17,777 - INFO - Candidate Std Stats: {'Max': np.float64(0.99999999730371), 'Min': np.float64(0.0), 'Mean': np.float64(0.9988388658347859), 'Std': np.float64(0.03405546419550221)}
2024-11-09 17:14:17,802 - INFO - Top 10 Mean Stats: {'Max': np.float64(3.4583447217073625e-15), 'Min': np.float64(-2.886579864025407e-15), 'Mean': np.float64(7.988054662178e-16), 'Std': np.float64(2.010454882971831e-15)}
2024-11-09 17:14:17,802 - INFO - Top 10 Std Stats: {'Max': np.float64(0.99999999730371), 'Min': np.float64(0.9999999966332092), 'Mean': np.float64(0.9999999968624623), 'Std': np.float64(2.145179675748034e-10)}
2024-11-09 17:14:17,803 - INFO - Bottom 10 Mean Stats: {'Max': np.float64(100.0), 'Min': np.float64(80.0), 'Mean': np.float64(86.7), 'Std': np.float64(6.017474553332153)}
2024-11-09 17:14:17,803 - INFO - Bottom 10 Std Stats: {'Max': np.float64(0.0), 'Min': np.float64(0.0), 'Mean': np.float64(0.0), 'Std': np.float64(0.0)}
[I 2024-11-09 17:14:17,832] Trial 187 finished with value: 52.0 and parameters: {'x_0': -4, 'x_1': -5, 'x_2': 1, 'x_3': 3, 'x_4': -1}. Best is trial 109 with value: 2.0.
2024-11-09 17:14:29,460 - INFO - Candidate Mean Stats: {'Max': np.float64(100.0), 'Min': np.float64(-4.3326453535996734e-14), 'Mean': np.float64(0.05667769836883969), 'Std': np.float64(1.7859666423301241)}
2024-11-09 17:14:29,461 - INFO - Candidate Std Stats: {'Max': np.float64(0.999999997376937), 'Min': np.float64(0.0), 'Mean': np.float64(0.9988326566002258), 'Std': np.float64(0.034146294041057464)}
2024-11-09 17:14:29,502 - INFO - Top 10 Mean Stats: {'Max': np.float64(4.174438572590589e-15), 'Min': np.float64(-2.4424906541753444e-15), 'Mean': np.float64(1.8540724511240118e-16), 'Std': np.float64(2.0717371479725744e-15)}
2024-11-09 17:14:29,502 - INFO - Top 10 Std Stats: {'Max': np.float64(0.999999997376937), 'Min': np.float64(0.9999999968633261), 'Mean': np.float64(0.999999997118677), 'Std': np.float64(1.6894088411706382e-10)}
2024-11-09 17:14:29,502 - INFO - Bottom 10 Mean Stats: {'Max': np.float64(100.0), 'Min': np.float64(80.0), 'Mean': np.float64(86.7), 'Std': np.float64(6.017474553332153)}
2024-11-09 17:14:29,502 - INFO - Bottom 10 Std Stats: {'Max': np.float64(0.0), 'Min': np.float64(0.0), 'Mean': np.float64(0.0), 'Std': np.float64(0.0)}
[I 2024-11-09 17:14:29,532] Trial 188 finished with value: 51.0 and parameters: {'x_0': 5, 'x_1': 4, 'x_2': 1, 'x_3': 0, 'x_4': 3}. Best is trial 109 with value: 2.0.
2024-11-09 17:14:38,857 - INFO - Candidate Mean Stats: {'Max': np.float64(100.0), 'Min': np.float64(-5.517808432387028e-14), 'Mean': np.float64(0.05699436824359983), 'Std': np.float64(1.790472288143441)}
2024-11-09 17:14:38,858 - INFO - Candidate Std Stats: {'Max': np.float64(0.9999999970342156), 'Min': np.float64(0.0), 'Mean': np.float64(0.9988264469274588), 'Std': np.float64(0.034236881776351764)}
2024-11-09 17:14:38,886 - INFO - Top 10 Mean Stats: {'Max': np.float64(2.273181642920008e-15), 'Min': np.float64(-3.0475622025960546e-15), 'Mean': np.float64(2.6784130469081916e-17), 'Std': np.float64(1.6499556389712925e-15)}
2024-11-09 17:14:38,886 - INFO - Top 10 Std Stats: {'Max': np.float64(0.9999999970342156), 'Min': np.float64(0.9999999964017366), 'Mean': np.float64(0.999999996626561), 'Std': np.float64(1.9691627192634393e-10)}
2024-11-09 17:14:38,886 - INFO - Bottom 10 Mean Stats: {'Max': np.float64(100.0), 'Min': np.float64(80.0), 'Mean': np.float64(86.7), 'Std': np.float64(6.017474553332153)}
2024-11-09 17:14:38,886 - INFO - Bottom 10 Std Stats: {'Max': np.float64(0.0), 'Min': np.float64(0.0), 'Mean': np.float64(0.0), 'Std': np.float64(0.0)}
[I 2024-11-09 17:14:38,917] Trial 189 finished with value: 25.0 and parameters: {'x_0': 2, 'x_1': 2, 'x_2': 0, 'x_3': 1, 'x_4': 4}. Best is trial 109 with value: 2.0.
2024-11-09 17:14:49,033 - INFO - Candidate Mean Stats: {'Max': np.float64(100.0), 'Min': np.float64(-3.737565812400589e-14), 'Mean': np.float64(0.05714959857436463), 'Std': np.float64(1.791550740077714)}
2024-11-09 17:14:49,034 - INFO - Candidate Std Stats: {'Max': np.float64(0.9999999967992462), 'Min': np.float64(0.0), 'Mean': np.float64(0.9988202384257187), 'Std': np.float64(0.034327229373201366)}
2024-11-09 17:14:49,063 - INFO - Top 10 Mean Stats: {'Max': np.float64(2.298161660974074e-15), 'Min': np.float64(-3.219646771412954e-15), 'Mean': np.float64(-4.851327672916739e-16), 'Std': np.float64(1.9918559858279185e-15)}
2024-11-09 17:14:49,063 - INFO - Top 10 Std Stats: {'Max': np.float64(0.9999999967992462), 'Min': np.float64(0.999999996435991), 'Mean': np.float64(0.9999999966574895), 'Std': np.float64(1.205125845475594e-10)}
2024-11-09 17:14:49,063 - INFO - Bottom 10 Mean Stats: {'Max': np.float64(100.0), 'Min': np.float64(80.0), 'Mean': np.float64(86.7), 'Std': np.float64(6.017474553332153)}
2024-11-09 17:14:49,063 - INFO - Bottom 10 Std Stats: {'Max': np.float64(0.0), 'Min': np.float64(0.0), 'Mean': np.float64(0.0), 'Std': np.float64(0.0)}
[I 2024-11-09 17:14:49,097] Trial 190 finished with value: 43.0 and parameters: {'x_0': -3, 'x_1': 2, 'x_2': 2, 'x_3': 5, 'x_4': 1}. Best is trial 109 with value: 2.0.
2024-11-09 17:14:59,735 - INFO - Candidate Mean Stats: {'Max': np.float64(100.0), 'Min': np.float64(-3.662625758238391e-14), 'Mean': np.float64(0.05741659474328006), 'Std': np.float64(1.7947435195040167)}
2024-11-09 17:14:59,736 - INFO - Candidate Std Stats: {'Max': np.float64(0.9999999972784609), 'Min': np.float64(0.0), 'Mean': np.float64(0.9988140292272607), 'Std': np.float64(0.034417338659015015)}
2024-11-09 17:14:59,807 - INFO - Top 10 Mean Stats: {'Max': np.float64(1.6431300764452318e-15), 'Min': np.float64(-1.9539925233402757e-15), 'Mean': np.float64(-2.0861784522097085e-16), 'Std': np.float64(1.2600141970532341e-15)}
2024-11-09 17:14:59,808 - INFO - Top 10 Std Stats: {'Max': np.float64(0.9999999972784609), 'Min': np.float64(0.99999999693622), 'Mean': np.float64(0.9999999970677832), 'Std': np.float64(1.3038940268224487e-10)}
2024-11-09 17:14:59,808 - INFO - Bottom 10 Mean Stats: {'Max': np.float64(100.0), 'Min': np.float64(80.0), 'Mean': np.float64(86.7), 'Std': np.float64(6.017474553332153)}
2024-11-09 17:14:59,808 - INFO - Bottom 10 Std Stats: {'Max': np.float64(0.0), 'Min': np.float64(0.0), 'Mean': np.float64(0.0), 'Std': np.float64(0.0)}
[I 2024-11-09 17:14:59,841] Trial 191 finished with value: 59.0 and parameters: {'x_0': -5, 'x_1': 2, 'x_2': 5, 'x_3': -2, 'x_4': 1}. Best is trial 109 with value: 2.0.
2024-11-09 17:15:10,476 - INFO - Candidate Mean Stats: {'Max': np.float64(100.0), 'Min': np.float64(-3.717026686445024e-14), 'Mean': np.float64(0.057782938323885), 'Std': np.float64(1.8007432824941834)}
2024-11-09 17:15:10,476 - INFO - Candidate Std Stats: {'Max': np.float64(0.9999999969993077), 'Min': np.float64(0.0), 'Mean': np.float64(0.9988078201188755), 'Std': np.float64(0.03450721152751628)}
2024-11-09 17:15:10,501 - INFO - Top 10 Mean Stats: {'Max': np.float64(1.8623991238087e-15), 'Min': np.float64(-1.0325074129013957e-15), 'Mean': np.float64(6.607908664690853e-16), 'Std': np.float64(8.822401281144582e-16)}
2024-11-09 17:15:10,501 - INFO - Top 10 Std Stats: {'Max': np.float64(0.9999999969993077), 'Min': np.float64(0.9999999967023536), 'Mean': np.float64(0.9999999968317704), 'Std': np.float64(1.0932258376654582e-10)}
2024-11-09 17:15:10,501 - INFO - Bottom 10 Mean Stats: {'Max': np.float64(100.0), 'Min': np.float64(80.0), 'Mean': np.float64(86.7), 'Std': np.float64(6.017474553332153)}
2024-11-09 17:15:10,502 - INFO - Bottom 10 Std Stats: {'Max': np.float64(0.0), 'Min': np.float64(0.0), 'Mean': np.float64(0.0), 'Std': np.float64(0.0)}
[I 2024-11-09 17:15:10,533] Trial 192 finished with value: 50.0 and parameters: {'x_0': 1, 'x_1': -4, 'x_2': -4, 'x_3': -1, 'x_4': 4}. Best is trial 109 with value: 2.0.
2024-11-09 17:15:19,821 - INFO - Candidate Mean Stats: {'Max': np.float64(100.0), 'Min': np.float64(-3.634870182622762e-14), 'Mean': np.float64(0.05809339898541453), 'Std': np.float64(1.8050383451550467)}
2024-11-09 17:15:19,821 - INFO - Candidate Std Stats: {'Max': np.float64(0.9999999972719662), 'Min': np.float64(0.0), 'Mean': np.float64(0.99880161091483), 'Std': np.float64(0.03459684981475692)}
2024-11-09 17:15:19,847 - INFO - Top 10 Mean Stats: {'Max': np.float64(4.840572387365683e-15), 'Min': np.float64(-3.1530333899354444e-15), 'Mean': np.float64(1.9623191960249648e-16), 'Std': np.float64(1.9728760182529643e-15)}
2024-11-09 17:15:19,847 - INFO - Top 10 Std Stats: {'Max': np.float64(0.9999999972719662), 'Min': np.float64(0.9999999968560921), 'Mean': np.float64(0.999999997041875), 'Std': np.float64(1.1805996861296473e-10)}
2024-11-09 17:15:19,848 - INFO - Bottom 10 Mean Stats: {'Max': np.float64(100.0), 'Min': np.float64(80.0), 'Mean': np.float64(86.7), 'Std': np.float64(6.017474553332153)}
2024-11-09 17:15:19,848 - INFO - Bottom 10 Std Stats: {'Max': np.float64(0.0), 'Min': np.float64(0.0), 'Mean': np.float64(0.0), 'Std': np.float64(0.0)}
[I 2024-11-09 17:15:19,875] Trial 193 finished with value: 29.0 and parameters: {'x_0': 2, 'x_1': 1, 'x_2': -2, 'x_3': 2, 'x_4': 4}. Best is trial 109 with value: 2.0.
2024-11-09 17:15:31,121 - INFO - Candidate Mean Stats: {'Max': np.float64(100.0), 'Min': np.float64(-4.2221781626494704e-14), 'Mean': np.float64(0.05827346616910168), 'Std': np.float64(1.8064784587570681)}
2024-11-09 17:15:31,122 - INFO - Candidate Std Stats: {'Max': np.float64(0.9999999966924191), 'Min': np.float64(0.0), 'Mean': np.float64(0.9987954015577936), 'Std': np.float64(0.034686255337351285)}
2024-11-09 17:15:31,187 - INFO - Top 10 Mean Stats: {'Max': np.float64(1.3600232051658168e-15), 'Min': np.float64(-4.1855408028368405e-15), 'Mean': np.float64(-4.0578651550049474e-16), 'Std': np.float64(1.7192219147964323e-15)}
2024-11-09 17:15:31,187 - INFO - Top 10 Std Stats: {'Max': np.float64(0.9999999966924191), 'Min': np.float64(0.9999999962119418), 'Mean': np.float64(0.9999999963934638), 'Std': np.float64(1.5822233967684148e-10)}
2024-11-09 17:15:31,187 - INFO - Bottom 10 Mean Stats: {'Max': np.float64(100.0), 'Min': np.float64(80.0), 'Mean': np.float64(86.7), 'Std': np.float64(6.017474553332153)}
2024-11-09 17:15:31,188 - INFO - Bottom 10 Std Stats: {'Max': np.float64(0.0), 'Min': np.float64(0.0), 'Mean': np.float64(0.0), 'Std': np.float64(0.0)}
[I 2024-11-09 17:15:31,242] Trial 194 finished with value: 64.0 and parameters: {'x_0': -2, 'x_1': -1, 'x_2': 5, 'x_3': -3, 'x_4': -5}. Best is trial 109 with value: 2.0.
2024-11-09 17:15:39,963 - INFO - Candidate Mean Stats: {'Max': np.float64(100.0), 'Min': np.float64(-4.406475184737246e-14), 'Mean': np.float64(0.05867085581585958), 'Std': np.float64(1.8134913528558696)}
2024-11-09 17:15:39,964 - INFO - Candidate Std Stats: {'Max': np.float64(0.9999999962595477), 'Min': np.float64(0.0), 'Mean': np.float64(0.9987891920592915), 'Std': np.float64(0.0347754298908901)}
2024-11-09 17:15:39,996 - INFO - Top 10 Mean Stats: {'Max': np.float64(3.0642155479654322e-15), 'Min': np.float64(-3.9523939676655574e-15), 'Mean': np.float64(-1.0713652187632757e-16), 'Std': np.float64(2.1704676276574468e-15)}
2024-11-09 17:15:39,996 - INFO - Top 10 Std Stats: {'Max': np.float64(0.9999999962595477), 'Min': np.float64(0.999999995875776), 'Mean': np.float64(0.9999999960482244), 'Std': np.float64(1.3261109944368292e-10)}
2024-11-09 17:15:39,996 - INFO - Bottom 10 Mean Stats: {'Max': np.float64(100.0), 'Min': np.float64(80.0), 'Mean': np.float64(86.7), 'Std': np.float64(6.017474553332153)}
2024-11-09 17:15:39,996 - INFO - Bottom 10 Std Stats: {'Max': np.float64(0.0), 'Min': np.float64(0.0), 'Mean': np.float64(0.0), 'Std': np.float64(0.0)}
[I 2024-11-09 17:15:40,029] Trial 195 finished with value: 33.0 and parameters: {'x_0': -3, 'x_1': 2, 'x_2': 0, 'x_3': -2, 'x_4': 4}. Best is trial 109 with value: 2.0.
2024-11-09 17:15:49,983 - INFO - Candidate Mean Stats: {'Max': np.float64(100.0), 'Min': np.float64(-4.005684672847565e-14), 'Mean': np.float64(0.058875759852469095), 'Std': np.float64(1.8153480752503321)}
2024-11-09 17:15:49,984 - INFO - Candidate Std Stats: {'Max': np.float64(0.99999999856689), 'Min': np.float64(0.0), 'Mean': np.float64(0.9987829828983299), 'Std': np.float64(0.03486437526430567)}
2024-11-09 17:15:50,006 - INFO - Top 10 Mean Stats: {'Max': np.float64(-1.3600232051658169e-16), 'Min': np.float64(-3.347322419244847e-15), 'Mean': np.float64(-1.0158540675320183e-15), 'Std': np.float64(8.624555534248285e-16)}
2024-11-09 17:15:50,007 - INFO - Top 10 Std Stats: {'Max': np.float64(0.99999999856689), 'Min': np.float64(0.9999999979705919), 'Mean': np.float64(0.9999999981819121), 'Std': np.float64(1.8749536867454331e-10)}
2024-11-09 17:15:50,007 - INFO - Bottom 10 Mean Stats: {'Max': np.float64(100.0), 'Min': np.float64(80.0), 'Mean': np.float64(86.7), 'Std': np.float64(6.017474553332153)}
2024-11-09 17:15:50,008 - INFO - Bottom 10 Std Stats: {'Max': np.float64(0.0), 'Min': np.float64(0.0), 'Mean': np.float64(0.0), 'Std': np.float64(0.0)}
[I 2024-11-09 17:15:50,038] Trial 196 finished with value: 28.0 and parameters: {'x_0': -1, 'x_1': -1, 'x_2': -3, 'x_3': 4, 'x_4': -1}. Best is trial 109 with value: 2.0.
2024-11-09 17:16:01,296 - INFO - Candidate Mean Stats: {'Max': np.float64(100.0), 'Min': np.float64(-4.3970382890279326e-14), 'Mean': np.float64(0.059049617822925636), 'Std': np.float64(1.8166827337818352)}
2024-11-09 17:16:01,297 - INFO - Candidate Std Stats: {'Max': np.float64(0.9999999974890449), 'Min': np.float64(0.0), 'Mean': np.float64(0.9987767738612082), 'Std': np.float64(0.03495309319988787)}
2024-11-09 17:16:01,324 - INFO - Top 10 Mean Stats: {'Max': np.float64(3.0420110874729288e-15), 'Min': np.float64(-3.061439990403869e-15), 'Mean': np.float64(-6.478151348687787e-16), 'Std': np.float64(1.9679134512172986e-15)}
2024-11-09 17:16:01,324 - INFO - Top 10 Std Stats: {'Max': np.float64(0.9999999974890449), 'Min': np.float64(0.9999999969120842), 'Mean': np.float64(0.9999999971259428), 'Std': np.float64(2.252588517183201e-10)}
2024-11-09 17:16:01,325 - INFO - Bottom 10 Mean Stats: {'Max': np.float64(100.0), 'Min': np.float64(80.0), 'Mean': np.float64(86.7), 'Std': np.float64(6.017474553332153)}
2024-11-09 17:16:01,325 - INFO - Bottom 10 Std Stats: {'Max': np.float64(0.0), 'Min': np.float64(0.0), 'Mean': np.float64(0.0), 'Std': np.float64(0.0)}
[I 2024-11-09 17:16:01,357] Trial 197 finished with value: 58.0 and parameters: {'x_0': 0, 'x_1': -1, 'x_2': -4, 'x_3': 4, 'x_4': -5}. Best is trial 109 with value: 2.0.
2024-11-09 17:16:11,983 - INFO - Candidate Mean Stats: {'Max': np.float64(100.0), 'Min': np.float64(-4.225508831723346e-14), 'Mean': np.float64(0.05940975219029998), 'Std': np.float64(1.8224108447983052)}
2024-11-09 17:16:11,984 - INFO - Candidate Std Stats: {'Max': np.float64(0.9999999968784509), 'Min': np.float64(0.0), 'Mean': np.float64(0.9987705645683856), 'Std': np.float64(0.03504158541186112)}
2024-11-09 17:16:12,012 - INFO - Top 10 Mean Stats: {'Max': np.float64(1.4654943925052066e-15), 'Min': np.float64(-2.0261570199409107e-15), 'Mean': np.float64(-5.034861416675086e-16), 'Std': np.float64(1.006728206659141e-15)}
2024-11-09 17:16:12,012 - INFO - Top 10 Std Stats: {'Max': np.float64(0.9999999968784509), 'Min': np.float64(0.9999999966126275), 'Mean': np.float64(0.9999999967252299), 'Std': np.float64(8.790068360590113e-11)}
2024-11-09 17:16:12,012 - INFO - Bottom 10 Mean Stats: {'Max': np.float64(100.0), 'Min': np.float64(80.0), 'Mean': np.float64(86.7), 'Std': np.float64(6.017474553332153)}
2024-11-09 17:16:12,012 - INFO - Bottom 10 Std Stats: {'Max': np.float64(0.0), 'Min': np.float64(0.0), 'Mean': np.float64(0.0), 'Std': np.float64(0.0)}
[I 2024-11-09 17:16:12,041] Trial 198 finished with value: 30.0 and parameters: {'x_0': -3, 'x_1': 0, 'x_2': -1, 'x_3': 2, 'x_4': -4}. Best is trial 109 with value: 2.0.
2024-11-09 17:16:20,733 - INFO - Candidate Mean Stats: {'Max': np.float64(100.0), 'Min': np.float64(-4.6707082645980334e-14), 'Mean': np.float64(0.059596028587217714), 'Std': np.float64(1.8239373375140795)}
2024-11-09 17:16:20,735 - INFO - Candidate Std Stats: {'Max': np.float64(0.9999999984538551), 'Min': np.float64(0.0), 'Mean': np.float64(0.9987643553868195), 'Std': np.float64(0.035129853618792325)}
2024-11-09 17:16:20,757 - INFO - Top 10 Mean Stats: {'Max': np.float64(1.4765966227514583e-15), 'Min': np.float64(-1.915134717478395e-15), 'Mean': np.float64(2.395306175628775e-16), 'Std': np.float64(9.960509352503096e-16)}
2024-11-09 17:16:20,757 - INFO - Top 10 Std Stats: {'Max': np.float64(0.9999999984538551), 'Min': np.float64(0.9999999979553607), 'Mean': np.float64(0.9999999981748624), 'Std': np.float64(1.699862018853631e-10)}
2024-11-09 17:16:20,757 - INFO - Bottom 10 Mean Stats: {'Max': np.float64(100.0), 'Min': np.float64(80.0), 'Mean': np.float64(86.7), 'Std': np.float64(6.017474553332153)}
2024-11-09 17:16:20,757 - INFO - Bottom 10 Std Stats: {'Max': np.float64(0.0), 'Min': np.float64(0.0), 'Mean': np.float64(0.0), 'Std': np.float64(0.0)}
[I 2024-11-09 17:16:20,786] Trial 199 finished with value: 27.0 and parameters: {'x_0': -4, 'x_1': -1, 'x_2': -3, 'x_3': 0, 'x_4': 1}. Best is trial 109 with value: 2.0.
2024-11-09 17:16:29,632 - INFO - Candidate Mean Stats: {'Max': np.float64(100.0), 'Min': np.float64(-6.596390100810367e-14), 'Mean': np.float64(0.05976367734444366), 'Std': np.float64(1.8251722979260583)}
2024-11-09 17:16:29,633 - INFO - Candidate Std Stats: {'Max': np.float64(0.9999999969949721), 'Min': np.float64(0.0), 'Mean': np.float64(0.9987581456141811), 'Std': np.float64(0.03521789948027687)}
2024-11-09 17:16:29,659 - INFO - Top 10 Mean Stats: {'Max': np.float64(2.5729418595688004e-15), 'Min': np.float64(-1.920685832601521e-15), 'Mean': np.float64(4.1244785364824574e-16), 'Std': np.float64(1.3605885084057896e-15)}
2024-11-09 17:16:29,660 - INFO - Top 10 Std Stats: {'Max': np.float64(0.9999999969949721), 'Min': np.float64(0.999999996632525), 'Mean': np.float64(0.9999999967783092), 'Std': np.float64(1.1206469590660991e-10)}
2024-11-09 17:16:29,660 - INFO - Bottom 10 Mean Stats: {'Max': np.float64(100.0), 'Min': np.float64(80.0), 'Mean': np.float64(86.7), 'Std': np.float64(6.017474553332153)}
2024-11-09 17:16:29,660 - INFO - Bottom 10 Std Stats: {'Max': np.float64(0.0), 'Min': np.float64(0.0), 'Mean': np.float64(0.0), 'Std': np.float64(0.0)}
[I 2024-11-09 17:16:29,692] Trial 200 finished with value: 76.0 and parameters: {'x_0': 5, 'x_1': -3, 'x_2': 1, 'x_3': 4, 'x_4': 5}. Best is trial 109 with value: 2.0.
2024-11-09 17:16:40,712 - INFO - Candidate Mean Stats: {'Max': np.float64(100.0), 'Min': np.float64(-5.878630915390204e-14), 'Mean': np.float64(0.06023557754996863), 'Std': np.float64(1.8349555049274457)}
2024-11-09 17:16:40,713 - INFO - Candidate Std Stats: {'Max': np.float64(0.9999999968471451), 'Min': np.float64(0.0), 'Mean': np.float64(0.9987519366182973), 'Std': np.float64(0.035305724707819015)}
2024-11-09 17:16:40,744 - INFO - Top 10 Mean Stats: {'Max': np.float64(3.089195566019498e-15), 'Min': np.float64(-4.035660694512444e-15), 'Mean': np.float64(-3.981450585888169e-16), 'Std': np.float64(2.154294975212929e-15)}
2024-11-09 17:16:40,745 - INFO - Top 10 Std Stats: {'Max': np.float64(0.9999999968471451), 'Min': np.float64(0.9999999965508676), 'Mean': np.float64(0.9999999966703428), 'Std': np.float64(9.592750519782802e-11)}
2024-11-09 17:16:40,745 - INFO - Bottom 10 Mean Stats: {'Max': np.float64(100.0), 'Min': np.float64(80.0), 'Mean': np.float64(86.7), 'Std': np.float64(6.017474553332153)}
2024-11-09 17:16:40,745 - INFO - Bottom 10 Std Stats: {'Max': np.float64(0.0), 'Min': np.float64(0.0), 'Mean': np.float64(0.0), 'Std': np.float64(0.0)}
[I 2024-11-09 17:16:40,773] Trial 201 finished with value: 40.0 and parameters: {'x_0': 4, 'x_1': 0, 'x_2': -4, 'x_3': -2, 'x_4': 2}. Best is trial 109 with value: 2.0.
2024-11-09 17:16:50,545 - INFO - Candidate Mean Stats: {'Max': np.float64(100.0), 'Min': np.float64(-4.238831508018848e-14), 'Mean': np.float64(0.0604839460791923), 'Std': np.float64(1.8376524326710841)}
2024-11-09 17:16:50,545 - INFO - Candidate Std Stats: {'Max': np.float64(0.999999997088978), 'Min': np.float64(0.0), 'Mean': np.float64(0.9987457277398942), 'Std': np.float64(0.03539333092091166)}
2024-11-09 17:16:50,578 - INFO - Top 10 Mean Stats: {'Max': np.float64(2.581268532253489e-15), 'Min': np.float64(-3.0461744238152733e-15), 'Mean': np.float64(-4.87596074627561e-16), 'Std': np.float64(1.7506336755671184e-15)}
2024-11-09 17:16:50,578 - INFO - Top 10 Std Stats: {'Max': np.float64(0.999999997088978), 'Min': np.float64(0.9999999969042558), 'Mean': np.float64(0.9999999969886586), 'Std': np.float64(6.129551365123348e-11)}
2024-11-09 17:16:50,579 - INFO - Bottom 10 Mean Stats: {'Max': np.float64(100.0), 'Min': np.float64(80.0), 'Mean': np.float64(86.7), 'Std': np.float64(6.017474553332153)}
2024-11-09 17:16:50,579 - INFO - Bottom 10 Std Stats: {'Max': np.float64(0.0), 'Min': np.float64(0.0), 'Mean': np.float64(0.0), 'Std': np.float64(0.0)}
