[I 2024-11-09 17:19:15,010] Trial 219 finished with value: 69.0 and parameters: {'x_0': -3, 'x_1': -5, 'x_2': 1, 'x_3': 5, 'x_4': 3}. Best is trial 53 with value: 4.0.
2024-11-09 17:19:24,355 - INFO - Candidate Mean Stats: {'Max': np.float64(101.0), 'Min': np.float64(-6.711298183859071e-14), 'Mean': np.float64(0.06723957007407591), 'Std': np.float64(1.9687389003846278)}
2024-11-09 17:19:24,356 - INFO - Candidate Std Stats: {'Max': np.float64(0.9999999963304214), 'Min': np.float64(0.0), 'Mean': np.float64(0.9986339612880896), 'Std': np.float64(0.03693454817603512)}
2024-11-09 17:19:24,384 - INFO - Top 10 Mean Stats: {'Max': np.float64(2.4202861936828413e-15), 'Min': np.float64(-2.6645352591003757e-15), 'Mean': np.float64(-1.8041124150158799e-16), 'Std': np.float64(1.5963066209005213e-15)}
2024-11-09 17:19:24,385 - INFO - Top 10 Std Stats: {'Max': np.float64(0.9999999963304214), 'Min': np.float64(0.9999999961281693), 'Mean': np.float64(0.9999999962221333), 'Std': np.float64(5.723419536363265e-11)}
2024-11-09 17:19:24,385 - INFO - Bottom 10 Mean Stats: {'Max': np.float64(101.0), 'Min': np.float64(89.0), 'Mean': np.float64(94.0), 'Std': np.float64(4.381780460041329)}
2024-11-09 17:19:24,385 - INFO - Bottom 10 Std Stats: {'Max': np.float64(0.0), 'Min': np.float64(0.0), 'Mean': np.float64(0.0), 'Std': np.float64(0.0)}
[I 2024-11-09 17:19:24,416] Trial 220 finished with value: 31.0 and parameters: {'x_0': 3, 'x_1': -4, 'x_2': 1, 'x_3': 2, 'x_4': 1}. Best is trial 53 with value: 4.0.
2024-11-09 17:19:35,809 - INFO - Candidate Mean Stats: {'Max': np.float64(101.0), 'Min': np.float64(-6.401545959988653e-14), 'Mean': np.float64(0.06743205568422428), 'Std': np.float64(1.9702471899363845)}
2024-11-09 17:19:35,810 - INFO - Candidate Std Stats: {'Max': np.float64(0.9999999972198811), 'Min': np.float64(0.0), 'Mean': np.float64(0.9986277522767246), 'Std': np.float64(0.03701828008088502)}
2024-11-09 17:19:35,834 - INFO - Top 10 Mean Stats: {'Max': np.float64(2.2669366384064914e-15), 'Min': np.float64(-2.3869795029440866e-15), 'Mean': np.float64(-2.4458733649534997e-16), 'Std': np.float64(1.5148141218262616e-15)}
2024-11-09 17:19:35,835 - INFO - Top 10 Std Stats: {'Max': np.float64(0.9999999972198811), 'Min': np.float64(0.9999999968590247), 'Mean': np.float64(0.9999999970232863), 'Std': np.float64(1.269047361753582e-10)}
2024-11-09 17:19:35,835 - INFO - Bottom 10 Mean Stats: {'Max': np.float64(101.0), 'Min': np.float64(89.0), 'Mean': np.float64(94.0), 'Std': np.float64(4.381780460041329)}
2024-11-09 17:19:35,835 - INFO - Bottom 10 Std Stats: {'Max': np.float64(0.0), 'Min': np.float64(0.0), 'Mean': np.float64(0.0), 'Std': np.float64(0.0)}
[I 2024-11-09 17:19:35,864] Trial 221 finished with value: 14.0 and parameters: {'x_0': 1, 'x_1': 1, 'x_2': -2, 'x_3': -2, 'x_4': 2}. Best is trial 53 with value: 4.0.
2024-11-09 17:19:46,208 - INFO - Candidate Mean Stats: {'Max': np.float64(101.0), 'Min': np.float64(-8.042455590384634e-14), 'Mean': np.float64(0.06751898466945254), 'Std': np.float64(1.9705530350864502)}
2024-11-09 17:19:46,209 - INFO - Candidate Std Stats: {'Max': np.float64(0.999999996550144), 'Min': np.float64(0.0), 'Mean': np.float64(0.9986215432646596), 'Std': np.float64(0.037101821979793156)}
2024-11-09 17:19:46,238 - INFO - Top 10 Mean Stats: {'Max': np.float64(4.135580766728708e-15), 'Min': np.float64(-3.241851231905457e-15), 'Mean': np.float64(4.444881962495373e-16), 'Std': np.float64(2.2011148044496854e-15)}
2024-11-09 17:19:46,238 - INFO - Top 10 Std Stats: {'Max': np.float64(0.999999996550144), 'Min': np.float64(0.9999999961137923), 'Mean': np.float64(0.9999999962291144), 'Std': np.float64(1.3240620509425114e-10)}
2024-11-09 17:19:46,239 - INFO - Bottom 10 Mean Stats: {'Max': np.float64(101.0), 'Min': np.float64(89.0), 'Mean': np.float64(94.0), 'Std': np.float64(4.381780460041329)}
2024-11-09 17:19:46,239 - INFO - Bottom 10 Std Stats: {'Max': np.float64(0.0), 'Min': np.float64(0.0), 'Mean': np.float64(0.0), 'Std': np.float64(0.0)}
[I 2024-11-09 17:19:46,274] Trial 222 finished with value: 36.0 and parameters: {'x_0': 3, 'x_1': 1, 'x_2': -4, 'x_3': 1, 'x_4': 3}. Best is trial 53 with value: 4.0.
2024-11-09 17:19:57,731 - INFO - Candidate Mean Stats: {'Max': np.float64(101.0), 'Min': np.float64(-5.608846720406291e-14), 'Mean': np.float64(0.06774251634575384), 'Std': np.float64(1.9725861626821797)}
2024-11-09 17:19:57,733 - INFO - Candidate Std Stats: {'Max': np.float64(0.999999996219987), 'Min': np.float64(0.0), 'Mean': np.float64(0.9986153337589806), 'Std': np.float64(0.03718517513503262)}
2024-11-09 17:19:57,760 - INFO - Top 10 Mean Stats: {'Max': np.float64(4.618527782440651e-15), 'Min': np.float64(-5.237477118669176e-15), 'Mean': np.float64(-5.312417172831373e-16), 'Std': np.float64(2.881553115777495e-15)}
2024-11-09 17:19:57,760 - INFO - Top 10 Std Stats: {'Max': np.float64(0.999999996219987), 'Min': np.float64(0.9999999958410899), 'Mean': np.float64(0.9999999959791683), 'Std': np.float64(1.1426538964542821e-10)}
2024-11-09 17:19:57,760 - INFO - Bottom 10 Mean Stats: {'Max': np.float64(101.0), 'Min': np.float64(89.0), 'Mean': np.float64(94.0), 'Std': np.float64(4.381780460041329)}
2024-11-09 17:19:57,760 - INFO - Bottom 10 Std Stats: {'Max': np.float64(0.0), 'Min': np.float64(0.0), 'Mean': np.float64(0.0), 'Std': np.float64(0.0)}
[I 2024-11-09 17:19:57,789] Trial 223 finished with value: 36.0 and parameters: {'x_0': 4, 'x_1': 0, 'x_2': -4, 'x_3': -2, 'x_4': 0}. Best is trial 53 with value: 4.0.
2024-11-09 17:20:09,663 - INFO - Candidate Mean Stats: {'Max': np.float64(101.0), 'Min': np.float64(-4.3698378249246164e-14), 'Mean': np.float64(0.06796604802205512), 'Std': np.float64(1.9746171716029346)}
2024-11-09 17:20:09,664 - INFO - Candidate Std Stats: {'Max': np.float64(0.9999999966866272), 'Min': np.float64(0.0), 'Mean': np.float64(0.9986091244071885), 'Std': np.float64(0.03726834083693535)}
2024-11-09 17:20:09,688 - INFO - Top 10 Mean Stats: {'Max': np.float64(2.264854970235319e-15), 'Min': np.float64(-2.3078761124395443e-15), 'Mean': np.float64(-2.9884081320652463e-16), 'Std': np.float64(1.6089874058855595e-15)}
2024-11-09 17:20:09,691 - INFO - Top 10 Std Stats: {'Max': np.float64(0.9999999966866272), 'Min': np.float64(0.9999999964612253), 'Mean': np.float64(0.9999999965495789), 'Std': np.float64(9.215347143449809e-11)}
2024-11-09 17:20:09,695 - INFO - Bottom 10 Mean Stats: {'Max': np.float64(101.0), 'Min': np.float64(89.0), 'Mean': np.float64(94.0), 'Std': np.float64(4.381780460041329)}
2024-11-09 17:20:09,695 - INFO - Bottom 10 Std Stats: {'Max': np.float64(0.0), 'Min': np.float64(0.0), 'Mean': np.float64(0.0), 'Std': np.float64(0.0)}
[I 2024-11-09 17:20:09,729] Trial 224 finished with value: 59.0 and parameters: {'x_0': -4, 'x_1': 1, 'x_2': 5, 'x_3': -4, 'x_4': -1}. Best is trial 53 with value: 4.0.
2024-11-09 17:20:20,743 - INFO - Candidate Mean Stats: {'Max': np.float64(101.0), 'Min': np.float64(-6.137312880127865e-14), 'Mean': np.float64(0.06833239160265998), 'Std': np.float64(1.9800700274451046)}
2024-11-09 17:20:20,747 - INFO - Candidate Std Stats: {'Max': np.float64(0.999999997507703), 'Min': np.float64(0.0), 'Mean': np.float64(0.9986029153075491), 'Std': np.float64(0.03735132034139318)}
2024-11-09 17:20:20,774 - INFO - Top 10 Mean Stats: {'Max': np.float64(2.6798008256889715e-15), 'Min': np.float64(-2.3647750424515835e-15), 'Mean': np.float64(1.318780154524468e-16), 'Std': np.float64(1.5307976513567973e-15)}
2024-11-09 17:20:20,774 - INFO - Top 10 Std Stats: {'Max': np.float64(0.999999997507703), 'Min': np.float64(0.9999999970704595), 'Mean': np.float64(0.9999999972077471), 'Std': np.float64(1.5231607500788744e-10)}
2024-11-09 17:20:20,774 - INFO - Bottom 10 Mean Stats: {'Max': np.float64(101.0), 'Min': np.float64(89.0), 'Mean': np.float64(94.0), 'Std': np.float64(4.381780460041329)}
2024-11-09 17:20:20,774 - INFO - Bottom 10 Std Stats: {'Max': np.float64(0.0), 'Min': np.float64(0.0), 'Mean': np.float64(0.0), 'Std': np.float64(0.0)}
[I 2024-11-09 17:20:20,807] Trial 225 finished with value: 18.0 and parameters: {'x_0': -3, 'x_1': 2, 'x_2': 2, 'x_3': 1, 'x_4': 0}. Best is trial 53 with value: 4.0.
2024-11-09 17:20:31,375 - INFO - Candidate Mean Stats: {'Max': np.float64(101.0), 'Min': np.float64(-5.74651437545981e-14), 'Mean': np.float64(0.06844415744081066), 'Std': np.float64(1.9805741116473088)}
2024-11-09 17:20:31,376 - INFO - Candidate Std Stats: {'Max': np.float64(0.9999999971653778), 'Min': np.float64(0.0), 'Mean': np.float64(0.9985967062125759), 'Std': np.float64(0.037434114877475284)}
2024-11-09 17:20:31,441 - INFO - Top 10 Mean Stats: {'Max': np.float64(4.8960835385969405e-15), 'Min': np.float64(-2.6145752229922437e-15), 'Mean': np.float64(3.355649091929535e-16), 'Std': np.float64(2.145803081260028e-15)}
2024-11-09 17:20:31,441 - INFO - Top 10 Std Stats: {'Max': np.float64(0.9999999971653778), 'Min': np.float64(0.999999996605546), 'Mean': np.float64(0.9999999967840939), 'Std': np.float64(1.7590586013298761e-10)}
2024-11-09 17:20:31,441 - INFO - Bottom 10 Mean Stats: {'Max': np.float64(101.0), 'Min': np.float64(89.0), 'Mean': np.float64(94.0), 'Std': np.float64(4.381780460041329)}
2024-11-09 17:20:31,442 - INFO - Bottom 10 Std Stats: {'Max': np.float64(0.0), 'Min': np.float64(0.0), 'Mean': np.float64(0.0), 'Std': np.float64(0.0)}
[I 2024-11-09 17:20:31,480] Trial 226 finished with value: 44.0 and parameters: {'x_0': -1, 'x_1': -4, 'x_2': 3, 'x_3': 3, 'x_4': 3}. Best is trial 53 with value: 4.0.
2024-11-09 17:20:40,972 - INFO - Candidate Mean Stats: {'Max': np.float64(101.0), 'Min': np.float64(-5.3512749786932545e-14), 'Mean': np.float64(0.06871736282295672), 'Std': np.float64(1.9835970798719162)}
2024-11-09 17:20:40,973 - INFO - Candidate Std Stats: {'Max': np.float64(0.9999999993767311), 'Min': np.float64(0.0), 'Mean': np.float64(0.9985904969070127), 'Std': np.float64(0.03751672566170042)}
2024-11-09 17:20:41,003 - INFO - Top 10 Mean Stats: {'Max': np.float64(1.7763568394002506e-16), 'Min': np.float64(-5.273559366969494e-16), 'Mean': np.float64(-1.6958656701149267e-16), 'Std': np.float64(2.5530437839697555e-16)}
2024-11-09 17:20:41,003 - INFO - Top 10 Std Stats: {'Max': np.float64(0.9999999993767311), 'Min': np.float64(0.9999999989058411), 'Mean': np.float64(0.9999999991213556), 'Std': np.float64(1.4089079524886061e-10)}
2024-11-09 17:20:41,003 - INFO - Bottom 10 Mean Stats: {'Max': np.float64(101.0), 'Min': np.float64(89.0), 'Mean': np.float64(94.0), 'Std': np.float64(4.381780460041329)}
2024-11-09 17:20:41,003 - INFO - Bottom 10 Std Stats: {'Max': np.float64(0.0), 'Min': np.float64(0.0), 'Mean': np.float64(0.0), 'Std': np.float64(0.0)}
[I 2024-11-09 17:20:41,034] Trial 227 finished with value: 32.0 and parameters: {'x_0': 3, 'x_1': -3, 'x_2': -1, 'x_3': -3, 'x_4': -2}. Best is trial 53 with value: 4.0.
2024-11-09 17:20:49,996 - INFO - Candidate Mean Stats: {'Max': np.float64(101.0), 'Min': np.float64(-5.697664562376304e-14), 'Mean': np.float64(0.06891605764633564), 'Std': np.float64(1.9851922482662347)}
2024-11-09 17:20:49,998 - INFO - Candidate Std Stats: {'Max': np.float64(0.9999999971360565), 'Min': np.float64(0.0), 'Mean': np.float64(0.9985842880131846), 'Std': np.float64(0.037599153928584664)}
2024-11-09 17:20:50,028 - INFO - Top 10 Mean Stats: {'Max': np.float64(1.4210854715202005e-15), 'Min': np.float64(-1.4155343563970746e-15), 'Mean': np.float64(3.4248645586210104e-16), 'Std': np.float64(8.881023801609396e-16)}
2024-11-09 17:20:50,028 - INFO - Top 10 Std Stats: {'Max': np.float64(0.9999999971360565), 'Min': np.float64(0.9999999966348235), 'Mean': np.float64(0.9999999968474522), 'Std': np.float64(1.539637856683853e-10)}
2024-11-09 17:20:50,028 - INFO - Bottom 10 Mean Stats: {'Max': np.float64(101.0), 'Min': np.float64(89.0), 'Mean': np.float64(94.0), 'Std': np.float64(4.381780460041329)}
2024-11-09 17:20:50,028 - INFO - Bottom 10 Std Stats: {'Max': np.float64(0.0), 'Min': np.float64(0.0), 'Mean': np.float64(0.0), 'Std': np.float64(0.0)}
[I 2024-11-09 17:20:50,069] Trial 228 finished with value: 75.0 and parameters: {'x_0': -5, 'x_1': -3, 'x_2': -4, 'x_3': 0, 'x_4': -5}. Best is trial 53 with value: 4.0.
2024-11-09 17:21:04,008 - INFO - Candidate Mean Stats: {'Max': np.float64(101.0), 'Min': np.float64(-4.5474735088646414e-14), 'Mean': np.float64(0.06938174863863), 'Std': np.float64(1.9939535307914735)}
2024-11-09 17:21:04,010 - INFO - Candidate Std Stats: {'Max': np.float64(0.9999999984195496), 'Min': np.float64(0.0), 'Mean': np.float64(0.9985780782995576), 'Std': np.float64(0.03768140082963256)}
2024-11-09 17:21:04,112 - INFO - Top 10 Mean Stats: {'Max': np.float64(1.7763568394002505e-15), 'Min': np.float64(-1.1546319456101628e-15), 'Mean': np.float64(-7.598088824778415e-17), 'Std': np.float64(9.643384690732889e-16)}
2024-11-09 17:21:04,112 - INFO - Top 10 Std Stats: {'Max': np.float64(0.9999999984195496), 'Min': np.float64(0.9999999981673191), 'Mean': np.float64(0.9999999982565961), 'Std': np.float64(7.585777665968836e-11)}
2024-11-09 17:21:04,112 - INFO - Bottom 10 Mean Stats: {'Max': np.float64(101.0), 'Min': np.float64(89.0), 'Mean': np.float64(94.0), 'Std': np.float64(4.381780460041329)}
2024-11-09 17:21:04,112 - INFO - Bottom 10 Std Stats: {'Max': np.float64(0.0), 'Min': np.float64(0.0), 'Mean': np.float64(0.0), 'Std': np.float64(0.0)}
[I 2024-11-09 17:21:04,166] Trial 229 finished with value: 29.0 and parameters: {'x_0': 4, 'x_1': -2, 'x_2': -2, 'x_3': -1, 'x_4': 2}. Best is trial 53 with value: 4.0.
2024-11-09 17:21:14,833 - INFO - Candidate Mean Stats: {'Max': np.float64(101.0), 'Min': np.float64(-5.037081862724335e-14), 'Mean': np.float64(0.06956181582231716), 'Std': np.float64(1.995256277300329)}
2024-11-09 17:21:14,834 - INFO - Candidate Std Stats: {'Max': np.float64(0.9999999981057579), 'Min': np.float64(0.0), 'Mean': np.float64(0.9985718694917166), 'Std': np.float64(0.037763467614713456)}
2024-11-09 17:21:14,866 - INFO - Top 10 Mean Stats: {'Max': np.float64(3.594347042223944e-15), 'Min': np.float64(-1.9317880628477722e-15), 'Mean': np.float64(4.163336342344337e-16), 'Std': np.float64(1.4832933820753888e-15)}
2024-11-09 17:21:14,866 - INFO - Top 10 Std Stats: {'Max': np.float64(0.9999999981057579), 'Min': np.float64(0.9999999974996664), 'Mean': np.float64(0.9999999977978075), 'Std': np.float64(2.0435313033222014e-10)}
2024-11-09 17:21:14,866 - INFO - Bottom 10 Mean Stats: {'Max': np.float64(101.0), 'Min': np.float64(89.0), 'Mean': np.float64(94.0), 'Std': np.float64(4.381780460041329)}
2024-11-09 17:21:14,866 - INFO - Bottom 10 Std Stats: {'Max': np.float64(0.0), 'Min': np.float64(0.0), 'Mean': np.float64(0.0), 'Std': np.float64(0.0)}
[I 2024-11-09 17:21:14,898] Trial 230 finished with value: 38.0 and parameters: {'x_0': 2, 'x_1': 1, 'x_2': -4, 'x_3': -4, 'x_4': -1}. Best is trial 53 with value: 4.0.
2024-11-09 17:21:25,931 - INFO - Candidate Mean Stats: {'Max': np.float64(101.0), 'Min': np.float64(-6.130651541980115e-14), 'Mean': np.float64(0.06979776592507965), 'Std': np.float64(1.9974936380633874)}
2024-11-09 17:21:25,932 - INFO - Candidate Std Stats: {'Max': np.float64(0.999999996885234), 'Min': np.float64(0.0), 'Mean': np.float64(0.9985656602629475), 'Std': np.float64(0.03784535540572327)}
2024-11-09 17:21:25,963 - INFO - Top 10 Mean Stats: {'Max': np.float64(4.174438572590589e-15), 'Min': np.float64(-3.0642155479654322e-15), 'Mean': np.float64(2.247540261540726e-16), 'Std': np.float64(2.114834611161319e-15)}
2024-11-09 17:21:25,964 - INFO - Top 10 Std Stats: {'Max': np.float64(0.999999996885234), 'Min': np.float64(0.9999999966814076), 'Mean': np.float64(0.9999999967568686), 'Std': np.float64(6.594104137266448e-11)}
2024-11-09 17:21:25,964 - INFO - Bottom 10 Mean Stats: {'Max': np.float64(101.0), 'Min': np.float64(89.0), 'Mean': np.float64(94.0), 'Std': np.float64(4.381780460041329)}
2024-11-09 17:21:25,964 - INFO - Bottom 10 Std Stats: {'Max': np.float64(0.0), 'Min': np.float64(0.0), 'Mean': np.float64(0.0), 'Std': np.float64(0.0)}
[I 2024-11-09 17:21:26,019] Trial 231 finished with value: 64.0 and parameters: {'x_0': -5, 'x_1': 3, 'x_2': 1, 'x_3': -5, 'x_4': 2}. Best is trial 53 with value: 4.0.
2024-11-09 17:21:40,156 - INFO - Candidate Mean Stats: {'Max': np.float64(101.0), 'Min': np.float64(-5.144773496112975e-14), 'Mean': np.float64(0.07019515557183752), 'Std': np.float64(2.0038358564908925)}
2024-11-09 17:21:40,178 - INFO - Candidate Std Stats: {'Max': np.float64(0.9999999967367547), 'Min': np.float64(0.0), 'Mean': np.float64(0.9985594510511471), 'Std': np.float64(0.037927065378477995)}
2024-11-09 17:21:40,214 - INFO - Top 10 Mean Stats: {'Max': np.float64(3.094746681142624e-15), 'Min': np.float64(-3.597122599785507e-15), 'Mean': np.float64(7.306655280814308e-16), 'Std': np.float64(2.0957657173914355e-15)}
2024-11-09 17:21:40,215 - INFO - Top 10 Std Stats: {'Max': np.float64(0.9999999967367547), 'Min': np.float64(0.9999999963515767), 'Mean': np.float64(0.9999999965046646), 'Std': np.float64(1.0721110709503602e-10)}
2024-11-09 17:21:40,215 - INFO - Bottom 10 Mean Stats: {'Max': np.float64(101.0), 'Min': np.float64(89.0), 'Mean': np.float64(94.0), 'Std': np.float64(4.381780460041329)}
2024-11-09 17:21:40,215 - INFO - Bottom 10 Std Stats: {'Max': np.float64(0.0), 'Min': np.float64(0.0), 'Mean': np.float64(0.0), 'Std': np.float64(0.0)}
[I 2024-11-09 17:21:40,252] Trial 232 finished with value: 44.0 and parameters: {'x_0': 1, 'x_1': -3, 'x_2': 4, 'x_3': -3, 'x_4': 3}. Best is trial 53 with value: 4.0.
2024-11-09 17:21:54,378 - INFO - Candidate Mean Stats: {'Max': np.float64(101.0), 'Min': np.float64(-5.814099202083867e-14), 'Mean': np.float64(0.07046836095398352), 'Std': np.float64(2.0068235464393043)}
2024-11-09 17:21:54,380 - INFO - Candidate Std Stats: {'Max': np.float64(0.999999996676193), 'Min': np.float64(0.0), 'Mean': np.float64(0.9985532418470474), 'Std': np.float64(0.0380085986794415)}
2024-11-09 17:21:54,407 - INFO - Top 10 Mean Stats: {'Max': np.float64(4.418687638008123e-15), 'Min': np.float64(-2.65898414397725e-15), 'Mean': np.float64(8.187894806610528e-16), 'Std': np.float64(2.2213801748245413e-15)}
2024-11-09 17:21:54,407 - INFO - Top 10 Std Stats: {'Max': np.float64(0.999999996676193), 'Min': np.float64(0.999999996445682), 'Mean': np.float64(0.9999999965458468), 'Std': np.float64(7.013646381667722e-11)}
2024-11-09 17:21:54,408 - INFO - Bottom 10 Mean Stats: {'Max': np.float64(101.0), 'Min': np.float64(89.0), 'Mean': np.float64(94.0), 'Std': np.float64(4.381780460041329)}
2024-11-09 17:21:54,408 - INFO - Bottom 10 Std Stats: {'Max': np.float64(0.0), 'Min': np.float64(0.0), 'Mean': np.float64(0.0), 'Std': np.float64(0.0)}
[I 2024-11-09 17:21:54,474] Trial 233 finished with value: 67.0 and parameters: {'x_0': 5, 'x_1': -3, 'x_2': 1, 'x_3': -4, 'x_4': 4}. Best is trial 53 with value: 4.0.
2024-11-09 17:22:05,372 - INFO - Candidate Mean Stats: {'Max': np.float64(101.0), 'Min': np.float64(-4.6906922790412864e-14), 'Mean': np.float64(0.07088437824043313), 'Std': np.float64(2.01374156722067)}
2024-11-09 17:22:05,373 - INFO - Candidate Std Stats: {'Max': np.float64(0.9999999963796712), 'Min': np.float64(0.0), 'Mean': np.float64(0.9985470323804382), 'Std': np.float64(0.03808995643283253)}
2024-11-09 17:22:05,429 - INFO - Top 10 Mean Stats: {'Max': np.float64(6.306066779870889e-15), 'Min': np.float64(-1.647293412787576e-15), 'Mean': np.float64(1.460082055260159e-15), 'Std': np.float64(2.7442293185949304e-15)}
2024-11-09 17:22:05,429 - INFO - Top 10 Std Stats: {'Max': np.float64(0.9999999963796712), 'Min': np.float64(0.9999999959240615), 'Mean': np.float64(0.9999999961338808), 'Std': np.float64(1.3899914811787886e-10)}
2024-11-09 17:22:05,430 - INFO - Bottom 10 Mean Stats: {'Max': np.float64(101.0), 'Min': np.float64(89.0), 'Mean': np.float64(94.0), 'Std': np.float64(4.381780460041329)}
2024-11-09 17:22:05,430 - INFO - Bottom 10 Std Stats: {'Max': np.float64(0.0), 'Min': np.float64(0.0), 'Mean': np.float64(0.0), 'Std': np.float64(0.0)}
[I 2024-11-09 17:22:05,458] Trial 234 finished with value: 46.0 and parameters: {'x_0': -5, 'x_1': 0, 'x_2': -1, 'x_3': -4, 'x_4': -2}. Best is trial 53 with value: 4.0.
2024-11-09 17:22:16,529 - INFO - Candidate Mean Stats: {'Max': np.float64(101.0), 'Min': np.float64(-4.839878497975292e-14), 'Mean': np.float64(0.07117000204904039), 'Std': np.float64(2.0169911305296226)}
2024-11-09 17:22:16,530 - INFO - Candidate Std Stats: {'Max': np.float64(0.9999999970097792), 'Min': np.float64(0.0), 'Mean': np.float64(0.9985408234302335), 'Std': np.float64(0.038171139790781794)}
2024-11-09 17:22:16,568 - INFO - Top 10 Mean Stats: {'Max': np.float64(2.339101135007127e-15), 'Min': np.float64(-8.215650382226159e-16), 'Mean': np.float64(3.252606517456514e-16), 'Std': np.float64(1.1655042945854016e-15)}
2024-11-09 17:22:16,568 - INFO - Top 10 Std Stats: {'Max': np.float64(0.9999999970097792), 'Min': np.float64(0.9999999965100002), 'Mean': np.float64(0.9999999966812778), 'Std': np.float64(1.4413984253556644e-10)}
2024-11-09 17:22:16,569 - INFO - Bottom 10 Mean Stats: {'Max': np.float64(101.0), 'Min': np.float64(89.0), 'Mean': np.float64(94.0), 'Std': np.float64(4.381780460041329)}
2024-11-09 17:22:16,569 - INFO - Bottom 10 Std Stats: {'Max': np.float64(0.0), 'Min': np.float64(0.0), 'Mean': np.float64(0.0), 'Std': np.float64(0.0)}
