[I 2024-11-09 17:17:26,066] Trial 207 finished with value: 60.0 and parameters: {'x_0': 5, 'x_1': 3, 'x_2': -4, 'x_3': -3, 'x_4': 1}. Best is trial 176 with value: 7.0.
2024-11-09 17:17:35,676 - INFO - Candidate Mean Stats: {'Max': np.float64(107.0), 'Min': np.float64(-5.805356195764943e-14), 'Mean': np.float64(0.0665751842584026), 'Std': np.float64(1.9751927497232638)}
2024-11-09 17:17:35,676 - INFO - Candidate Std Stats: {'Max': np.float64(0.9999999969343987), 'Min': np.float64(0.0), 'Mean': np.float64(0.9987084726171483), 'Std': np.float64(0.035914458216469325)}
2024-11-09 17:17:35,710 - INFO - Top 10 Mean Stats: {'Max': np.float64(7.105427357601002e-16), 'Min': np.float64(-3.377853552422039e-15), 'Mean': np.float64(-1.3969381207346034e-15), 'Std': np.float64(1.3813456988787528e-15)}
2024-11-09 17:17:35,710 - INFO - Top 10 Std Stats: {'Max': np.float64(0.9999999969343987), 'Min': np.float64(0.9999999963570522), 'Mean': np.float64(0.9999999965436276), 'Std': np.float64(1.955812514341626e-10)}
2024-11-09 17:17:35,711 - INFO - Bottom 10 Mean Stats: {'Max': np.float64(107.0), 'Min': np.float64(83.0), 'Mean': np.float64(91.5), 'Std': np.float64(8.261355820929152)}
2024-11-09 17:17:35,711 - INFO - Bottom 10 Std Stats: {'Max': np.float64(0.0), 'Min': np.float64(0.0), 'Mean': np.float64(0.0), 'Std': np.float64(0.0)}
[I 2024-11-09 17:17:35,745] Trial 208 finished with value: 65.0 and parameters: {'x_0': -5, 'x_1': 2, 'x_2': -4, 'x_3': -2, 'x_4': -4}. Best is trial 176 with value: 7.0.
2024-11-09 17:17:45,936 - INFO - Candidate Mean Stats: {'Max': np.float64(107.0), 'Min': np.float64(-6.343814362708144e-14), 'Mean': np.float64(0.06697878311839106), 'Std': np.float64(1.981808876312147)}
2024-11-09 17:17:45,937 - INFO - Candidate Std Stats: {'Max': np.float64(0.9999999974994791), 'Min': np.float64(0.0), 'Mean': np.float64(0.9987022629608419), 'Std': np.float64(0.03600057560332859)}
2024-11-09 17:17:45,967 - INFO - Top 10 Mean Stats: {'Max': np.float64(3.3639757646142244e-15), 'Min': np.float64(-3.47499806707674e-15), 'Mean': np.float64(7.990830219739564e-16), 'Std': np.float64(1.9666271616079438e-15)}
2024-11-09 17:17:45,967 - INFO - Top 10 Std Stats: {'Max': np.float64(0.9999999974994791), 'Min': np.float64(0.9999999968425587), 'Mean': np.float64(0.9999999970705146), 'Std': np.float64(1.9664875446949485e-10)}
2024-11-09 17:17:45,968 - INFO - Bottom 10 Mean Stats: {'Max': np.float64(107.0), 'Min': np.float64(83.0), 'Mean': np.float64(91.5), 'Std': np.float64(8.261355820929152)}
2024-11-09 17:17:45,968 - INFO - Bottom 10 Std Stats: {'Max': np.float64(0.0), 'Min': np.float64(0.0), 'Mean': np.float64(0.0), 'Std': np.float64(0.0)}
[I 2024-11-09 17:17:45,998] Trial 209 finished with value: 67.0 and parameters: {'x_0': -1, 'x_1': 4, 'x_2': -3, 'x_3': -4, 'x_4': -5}. Best is trial 176 with value: 7.0.
2024-11-09 17:17:57,368 - INFO - Candidate Mean Stats: {'Max': np.float64(107.0), 'Min': np.float64(-5.1736392947532295e-14), 'Mean': np.float64(0.06739480040484068), 'Std': np.float64(1.9888146416114685)}
2024-11-09 17:17:57,370 - INFO - Candidate Std Stats: {'Max': np.float64(0.9999999970896467), 'Min': np.float64(0.0), 'Mean': np.float64(0.9986960543379277), 'Std': np.float64(0.03608648644762634)}
2024-11-09 17:17:57,396 - INFO - Top 10 Mean Stats: {'Max': np.float64(2.575717417130363e-15), 'Min': np.float64(-4.279909759929978e-15), 'Mean': np.float64(-2.9122537714698627e-16), 'Std': np.float64(2.0627749795625144e-15)}
2024-11-09 17:17:57,396 - INFO - Top 10 Std Stats: {'Max': np.float64(0.9999999970896467), 'Min': np.float64(0.9999999966393763), 'Mean': np.float64(0.9999999967974436), 'Std': np.float64(1.539754931685109e-10)}
2024-11-09 17:17:57,396 - INFO - Bottom 10 Mean Stats: {'Max': np.float64(107.0), 'Min': np.float64(83.0), 'Mean': np.float64(91.5), 'Std': np.float64(8.261355820929152)}
2024-11-09 17:17:57,396 - INFO - Bottom 10 Std Stats: {'Max': np.float64(0.0), 'Min': np.float64(0.0), 'Mean': np.float64(0.0), 'Std': np.float64(0.0)}
[I 2024-11-09 17:17:57,424] Trial 210 finished with value: 50.0 and parameters: {'x_0': 5, 'x_1': -1, 'x_2': 2, 'x_3': -2, 'x_4': 4}. Best is trial 176 with value: 7.0.
2024-11-09 17:18:07,910 - INFO - Candidate Mean Stats: {'Max': np.float64(107.0), 'Min': np.float64(-5.88418203051333e-14), 'Mean': np.float64(0.06770526106637027), 'Std': np.float64(1.9927028801379736)}
2024-11-09 17:18:07,912 - INFO - Candidate Std Stats: {'Max': np.float64(0.9999999970120573), 'Min': np.float64(0.0), 'Mean': np.float64(0.9986898445072805), 'Std': np.float64(0.036172192140370235)}
2024-11-09 17:18:07,944 - INFO - Top 10 Mean Stats: {'Max': np.float64(2.6645352591003757e-15), 'Min': np.float64(-4.1411318818518336e-15), 'Mean': np.float64(-5.218048215738236e-16), 'Std': np.float64(1.7669174149059262e-15)}
2024-11-09 17:18:07,944 - INFO - Top 10 Std Stats: {'Max': np.float64(0.9999999970120573), 'Min': np.float64(0.9999999965365451), 'Mean': np.float64(0.9999999966805502), 'Std': np.float64(1.370596238861371e-10)}
2024-11-09 17:18:07,945 - INFO - Bottom 10 Mean Stats: {'Max': np.float64(107.0), 'Min': np.float64(83.0), 'Mean': np.float64(91.5), 'Std': np.float64(8.261355820929152)}
2024-11-09 17:18:07,945 - INFO - Bottom 10 Std Stats: {'Max': np.float64(0.0), 'Min': np.float64(0.0), 'Mean': np.float64(0.0), 'Std': np.float64(0.0)}
[I 2024-11-09 17:18:07,977] Trial 211 finished with value: 34.0 and parameters: {'x_0': 1, 'x_1': -5, 'x_2': -2, 'x_3': 0, 'x_4': 2}. Best is trial 176 with value: 7.0.
2024-11-09 17:18:16,772 - INFO - Candidate Mean Stats: {'Max': np.float64(107.0), 'Min': np.float64(-5.107442246909955e-14), 'Mean': np.float64(0.06791637431621038), 'Std': np.float64(1.9944959231546564)}
2024-11-09 17:18:16,773 - INFO - Candidate Std Stats: {'Max': np.float64(0.9999999974745736), 'Min': np.float64(0.0), 'Mean': np.float64(0.9986836358016277), 'Std': np.float64(0.036257694220438036)}
2024-11-09 17:18:16,805 - INFO - Top 10 Mean Stats: {'Max': np.float64(1.808275751358224e-15), 'Min': np.float64(-2.8976820942716587e-15), 'Mean': np.float64(-9.714451465469963e-19), 'Std': np.float64(1.6350507878298457e-15)}
2024-11-09 17:18:16,806 - INFO - Top 10 Std Stats: {'Max': np.float64(0.9999999974745736), 'Min': np.float64(0.9999999968215606), 'Mean': np.float64(0.9999999970666897), 'Std': np.float64(2.458503719267838e-10)}
2024-11-09 17:18:16,806 - INFO - Bottom 10 Mean Stats: {'Max': np.float64(107.0), 'Min': np.float64(83.0), 'Mean': np.float64(91.5), 'Std': np.float64(8.261355820929152)}
2024-11-09 17:18:16,806 - INFO - Bottom 10 Std Stats: {'Max': np.float64(0.0), 'Min': np.float64(0.0), 'Mean': np.float64(0.0), 'Std': np.float64(0.0)}
[I 2024-11-09 17:18:16,840] Trial 212 finished with value: 83.0 and parameters: {'x_0': -5, 'x_1': 4, 'x_2': 5, 'x_3': -1, 'x_4': 4}. Best is trial 176 with value: 7.0.
2024-11-09 17:18:24,645 - INFO - Candidate Mean Stats: {'Max': np.float64(107.0), 'Min': np.float64(-5.969669203409467e-14), 'Mean': np.float64(0.06843173901434949), 'Std': np.float64(2.0051730569758366)}
2024-11-09 17:18:24,646 - INFO - Candidate Std Stats: {'Max': np.float64(0.9999999971085327), 'Min': np.float64(0.0), 'Mean': np.float64(0.9986774263931417), 'Std': np.float64(0.03634299405897348)}
2024-11-09 17:18:24,675 - INFO - Top 10 Mean Stats: {'Max': np.float64(1.2656542480726785e-15), 'Min': np.float64(-2.4424906541753444e-15), 'Mean': np.float64(-9.658940314238863e-17), 'Std': np.float64(1.0499100381104505e-15)}
2024-11-09 17:18:24,675 - INFO - Top 10 Std Stats: {'Max': np.float64(0.9999999971085327), 'Min': np.float64(0.9999999968406265), 'Mean': np.float64(0.9999999969636262), 'Std': np.float64(8.512467187807913e-11)}
2024-11-09 17:18:24,675 - INFO - Bottom 10 Mean Stats: {'Max': np.float64(107.0), 'Min': np.float64(83.0), 'Mean': np.float64(91.5), 'Std': np.float64(8.261355820929152)}
2024-11-09 17:18:24,675 - INFO - Bottom 10 Std Stats: {'Max': np.float64(0.0), 'Min': np.float64(0.0), 'Mean': np.float64(0.0), 'Std': np.float64(0.0)}
[I 2024-11-09 17:18:24,710] Trial 213 finished with value: 36.0 and parameters: {'x_0': -4, 'x_1': -1, 'x_2': 1, 'x_3': -3, 'x_4': -3}. Best is trial 176 with value: 7.0.
2024-11-09 17:18:33,260 - INFO - Candidate Mean Stats: {'Max': np.float64(107.0), 'Min': np.float64(-6.290523657526137e-14), 'Mean': np.float64(0.06865527069065079), 'Std': np.float64(2.0071710155040576)}
2024-11-09 17:18:33,260 - INFO - Candidate Std Stats: {'Max': np.float64(0.999999997705552), 'Min': np.float64(0.0), 'Mean': np.float64(0.9986712173051978), 'Std': np.float64(0.03642809311364953)}
2024-11-09 17:18:33,291 - INFO - Top 10 Mean Stats: {'Max': np.float64(2.1607715616767108e-15), 'Min': np.float64(-2.2641610808449287e-15), 'Mean': np.float64(1.0498546476611637e-16), 'Std': np.float64(1.3495104397276237e-15)}
2024-11-09 17:18:33,291 - INFO - Top 10 Std Stats: {'Max': np.float64(0.999999997705552), 'Min': np.float64(0.9999999973220285), 'Mean': np.float64(0.9999999974986917), 'Std': np.float64(1.2685797546425402e-10)}
2024-11-09 17:18:33,292 - INFO - Bottom 10 Mean Stats: {'Max': np.float64(107.0), 'Min': np.float64(83.0), 'Mean': np.float64(91.5), 'Std': np.float64(8.261355820929152)}
2024-11-09 17:18:33,292 - INFO - Bottom 10 Std Stats: {'Max': np.float64(0.0), 'Min': np.float64(0.0), 'Mean': np.float64(0.0), 'Std': np.float64(0.0)}
[I 2024-11-09 17:18:33,328] Trial 214 finished with value: 75.0 and parameters: {'x_0': 0, 'x_1': -3, 'x_2': -5, 'x_3': -5, 'x_4': 4}. Best is trial 176 with value: 7.0.
2024-11-09 17:18:44,510 - INFO - Candidate Mean Stats: {'Max': np.float64(107.0), 'Min': np.float64(-5.5366822238056555e-14), 'Mean': np.float64(0.06912096168294515), 'Std': np.float64(2.0158368358454264)}
2024-11-09 17:18:44,510 - INFO - Candidate Std Stats: {'Max': np.float64(0.9999999992654025), 'Min': np.float64(0.0), 'Mean': np.float64(0.9986650083128991), 'Std': np.float64(0.0365129927802787)}
2024-11-09 17:18:44,539 - INFO - Top 10 Mean Stats: {'Max': np.float64(1.5210055437364644e-15), 'Min': np.float64(-1.1102230246251565e-16), 'Mean': np.float64(4.1133763062362046e-16), 'Std': np.float64(4.635726235206336e-16)}
2024-11-09 17:18:44,539 - INFO - Top 10 Std Stats: {'Max': np.float64(0.9999999992654025), 'Min': np.float64(0.9999999988378848), 'Mean': np.float64(0.9999999990060795), 'Std': np.float64(1.5848539331230872e-10)}
2024-11-09 17:18:44,539 - INFO - Bottom 10 Mean Stats: {'Max': np.float64(107.0), 'Min': np.float64(83.0), 'Mean': np.float64(91.5), 'Std': np.float64(8.261355820929152)}
2024-11-09 17:18:44,539 - INFO - Bottom 10 Std Stats: {'Max': np.float64(0.0), 'Min': np.float64(0.0), 'Mean': np.float64(0.0), 'Std': np.float64(0.0)}
[I 2024-11-09 17:18:44,569] Trial 215 finished with value: 25.0 and parameters: {'x_0': -2, 'x_1': 1, 'x_2': -4, 'x_3': 0, 'x_4': 2}. Best is trial 176 with value: 7.0.
2024-11-09 17:18:53,778 - INFO - Candidate Mean Stats: {'Max': np.float64(107.0), 'Min': np.float64(-4.9810155999807646e-14), 'Mean': np.float64(0.06927619201370994), 'Std': np.float64(2.0167938475670915)}
2024-11-09 17:18:53,778 - INFO - Candidate Std Stats: {'Max': np.float64(0.9999999975559344), 'Min': np.float64(0.0), 'Mean': np.float64(0.9986587991550467), 'Std': np.float64(0.03659769443696418)}
2024-11-09 17:18:53,810 - INFO - Top 10 Mean Stats: {'Max': np.float64(1.63202784619898e-15), 'Min': np.float64(-3.566591466608315e-15), 'Mean': np.float64(-4.479749904362507e-16), 'Std': np.float64(1.6713296822712131e-15)}
2024-11-09 17:18:53,810 - INFO - Top 10 Std Stats: {'Max': np.float64(0.9999999975559344), 'Min': np.float64(0.9999999970105872), 'Mean': np.float64(0.9999999972358016), 'Std': np.float64(1.824675601618314e-10)}
2024-11-09 17:18:53,811 - INFO - Bottom 10 Mean Stats: {'Max': np.float64(107.0), 'Min': np.float64(83.0), 'Mean': np.float64(91.5), 'Std': np.float64(8.261355820929152)}
2024-11-09 17:18:53,811 - INFO - Bottom 10 Std Stats: {'Max': np.float64(0.0), 'Min': np.float64(0.0), 'Mean': np.float64(0.0), 'Std': np.float64(0.0)}
[I 2024-11-09 17:18:53,845] Trial 216 finished with value: 55.0 and parameters: {'x_0': -5, 'x_1': -2, 'x_2': -3, 'x_3': -1, 'x_4': -4}. Best is trial 176 with value: 7.0.
2024-11-09 17:19:04,985 - INFO - Candidate Mean Stats: {'Max': np.float64(107.0), 'Min': np.float64(-5.6410431881204206e-14), 'Mean': np.float64(0.06961769874139248), 'Std': np.float64(2.0214333677885317)}
2024-11-09 17:19:04,986 - INFO - Candidate Std Stats: {'Max': np.float64(0.9999999971314116), 'Min': np.float64(0.0), 'Mean': np.float64(0.9986525895231038), 'Std': np.float64(0.036682199443943596)}
2024-11-09 17:19:05,015 - INFO - Top 10 Mean Stats: {'Max': np.float64(3.2751579226442118e-15), 'Min': np.float64(-9.769962616701378e-16), 'Mean': np.float64(3.09197112358106e-16), 'Std': np.float64(1.4803748947112029e-15)}
2024-11-09 17:19:05,016 - INFO - Top 10 Std Stats: {'Max': np.float64(0.9999999971314116), 'Min': np.float64(0.9999999966045447), 'Mean': np.float64(0.9999999967440969), 'Std': np.float64(1.599367835416583e-10)}
2024-11-09 17:19:05,016 - INFO - Bottom 10 Mean Stats: {'Max': np.float64(107.0), 'Min': np.float64(83.0), 'Mean': np.float64(91.5), 'Std': np.float64(8.261355820929152)}
2024-11-09 17:19:05,016 - INFO - Bottom 10 Std Stats: {'Max': np.float64(0.0), 'Min': np.float64(0.0), 'Mean': np.float64(0.0), 'Std': np.float64(0.0)}
[I 2024-11-09 17:19:05,047] Trial 217 finished with value: 47.0 and parameters: {'x_0': 4, 'x_1': 5, 'x_2': -1, 'x_3': -2, 'x_4': -1}. Best is trial 176 with value: 7.0.
2024-11-09 17:19:13,805 - INFO - Candidate Mean Stats: {'Max': np.float64(107.0), 'Min': np.float64(-4.8705484090305616e-14), 'Mean': np.float64(0.06990953176323028), 'Std': np.float64(2.0248131503380637)}
2024-11-09 17:19:13,806 - INFO - Candidate Std Stats: {'Max': np.float64(0.9999999966573145), 'Min': np.float64(0.0), 'Mean': np.float64(0.9986463803953486), 'Std': np.float64(0.03676650919294621)}
2024-11-09 17:19:13,844 - INFO - Top 10 Mean Stats: {'Max': np.float64(4.019007349143067e-15), 'Min': np.float64(-3.0586644328423063e-15), 'Mean': np.float64(6.757788773015251e-16), 'Std': np.float64(2.1963705864826894e-15)}
2024-11-09 17:19:13,845 - INFO - Top 10 Std Stats: {'Max': np.float64(0.9999999966573145), 'Min': np.float64(0.9999999963522165), 'Mean': np.float64(0.9999999964660363), 'Std': np.float64(8.795683391300894e-11)}
2024-11-09 17:19:13,845 - INFO - Bottom 10 Mean Stats: {'Max': np.float64(107.0), 'Min': np.float64(83.0), 'Mean': np.float64(91.5), 'Std': np.float64(8.261355820929152)}
2024-11-09 17:19:13,845 - INFO - Bottom 10 Std Stats: {'Max': np.float64(0.0), 'Min': np.float64(0.0), 'Mean': np.float64(0.0), 'Std': np.float64(0.0)}
[I 2024-11-09 17:19:13,884] Trial 218 finished with value: 35.0 and parameters: {'x_0': 4, 'x_1': 4, 'x_2': 1, 'x_3': 1, 'x_4': -1}. Best is trial 176 with value: 7.0.
2024-11-09 17:19:24,794 - INFO - Candidate Mean Stats: {'Max': np.float64(107.0), 'Min': np.float64(-5.875855357828641e-14), 'Mean': np.float64(0.070126854226301), 'Std': np.float64(2.026683040570752)}
2024-11-09 17:19:24,795 - INFO - Candidate Std Stats: {'Max': np.float64(0.9999999976893867), 'Min': np.float64(0.0), 'Mean': np.float64(0.9986401709670369), 'Std': np.float64(0.0368506249947108)}
2024-11-09 17:19:24,824 - INFO - Top 10 Mean Stats: {'Max': np.float64(2.7991498008361758e-15), 'Min': np.float64(-1.9692580899288715e-15), 'Mean': np.float64(-1.0609568779074157e-16), 'Std': np.float64(1.472669701573935e-15)}
2024-11-09 17:19:24,825 - INFO - Top 10 Std Stats: {'Max': np.float64(0.9999999976893867), 'Min': np.float64(0.9999999973576014), 'Mean': np.float64(0.9999999975082339), 'Std': np.float64(1.0148743636916313e-10)}
2024-11-09 17:19:24,825 - INFO - Bottom 10 Mean Stats: {'Max': np.float64(107.0), 'Min': np.float64(83.0), 'Mean': np.float64(91.5), 'Std': np.float64(8.261355820929152)}
2024-11-09 17:19:24,825 - INFO - Bottom 10 Std Stats: {'Max': np.float64(0.0), 'Min': np.float64(0.0), 'Mean': np.float64(0.0), 'Std': np.float64(0.0)}
[I 2024-11-09 17:19:24,857] Trial 219 finished with value: 55.0 and parameters: {'x_0': -1, 'x_1': -4, 'x_2': -2, 'x_3': 3, 'x_4': 5}. Best is trial 176 with value: 7.0.
2024-11-09 17:19:35,046 - INFO - Candidate Mean Stats: {'Max': np.float64(107.0), 'Min': np.float64(-5.95745675013859e-14), 'Mean': np.float64(0.07046836095398352), 'Std': np.float64(2.03129983083438)}
2024-11-09 17:19:35,048 - INFO - Candidate Std Stats: {'Max': np.float64(0.9999999973522953), 'Min': np.float64(0.0), 'Mean': np.float64(0.998633962141445), 'Std': np.float64(0.036934548207596465)}
2024-11-09 17:19:35,089 - INFO - Top 10 Mean Stats: {'Max': np.float64(4.04121180963557e-15), 'Min': np.float64(-3.3750779948604757e-15), 'Mean': np.float64(7.882583474838611e-16), 'Std': np.float64(2.4733055570357257e-15)}
2024-11-09 17:19:35,089 - INFO - Top 10 Std Stats: {'Max': np.float64(0.9999999973522953), 'Min': np.float64(0.9999999969831749), 'Mean': np.float64(0.9999999971472219), 'Std': np.float64(1.1501223196322605e-10)}
2024-11-09 17:19:35,089 - INFO - Bottom 10 Mean Stats: {'Max': np.float64(107.0), 'Min': np.float64(83.0), 'Mean': np.float64(91.5), 'Std': np.float64(8.261355820929152)}
2024-11-09 17:19:35,089 - INFO - Bottom 10 Std Stats: {'Max': np.float64(0.0), 'Min': np.float64(0.0), 'Mean': np.float64(0.0), 'Std': np.float64(0.0)}
[I 2024-11-09 17:19:35,122] Trial 220 finished with value: 40.0 and parameters: {'x_0': -5, 'x_1': 1, 'x_2': -1, 'x_3': -3, 'x_4': -2}. Best is trial 176 with value: 7.0.
2024-11-09 17:19:43,450 - INFO - Candidate Mean Stats: {'Max': np.float64(107.0), 'Min': np.float64(-4.9338311214341954e-14), 'Mean': np.float64(0.07071672948320717), 'Std': np.float64(2.0337351543363433)}
2024-11-09 17:19:43,452 - INFO - Candidate Std Stats: {'Max': np.float64(0.9999999965045686), 'Min': np.float64(0.0), 'Mean': np.float64(0.998627752548629), 'Std': np.float64(0.037018280090964265)}
2024-11-09 17:19:43,480 - INFO - Top 10 Mean Stats: {'Max': np.float64(1.3211653993039363e-15), 'Min': np.float64(-4.6629367034256575e-15), 'Mean': np.float64(-1.389999226830696e-15), 'Std': np.float64(1.837543540436023e-15)}
2024-11-09 17:19:43,480 - INFO - Top 10 Std Stats: {'Max': np.float64(0.9999999965045686), 'Min': np.float64(0.9999999962320122), 'Mean': np.float64(0.9999999963490545), 'Std': np.float64(9.536349603033896e-11)}
2024-11-09 17:19:43,480 - INFO - Bottom 10 Mean Stats: {'Max': np.float64(107.0), 'Min': np.float64(83.0), 'Mean': np.float64(91.5), 'Std': np.float64(8.261355820929152)}
2024-11-09 17:19:43,481 - INFO - Bottom 10 Std Stats: {'Max': np.float64(0.0), 'Min': np.float64(0.0), 'Mean': np.float64(0.0), 'Std': np.float64(0.0)}
[I 2024-11-09 17:19:43,513] Trial 221 finished with value: 63.0 and parameters: {'x_0': 3, 'x_1': 3, 'x_2': 4, 'x_3': 5, 'x_4': -2}. Best is trial 176 with value: 7.0.
2024-11-09 17:19:52,964 - INFO - Candidate Mean Stats: {'Max': np.float64(107.0), 'Min': np.float64(-5.2891024893142455e-14), 'Mean': np.float64(0.07110790991673448), 'Std': np.float64(2.0397714495187356)}
2024-11-09 17:19:52,965 - INFO - Candidate Std Stats: {'Max': np.float64(0.9999999972545686), 'Min': np.float64(0.0), 'Mean': np.float64(0.9986215434327499), 'Std': np.float64(0.037101821986038216)}
2024-11-09 17:19:52,990 - INFO - Top 10 Mean Stats: {'Max': np.float64(5.10702591327572e-15), 'Min': np.float64(-5.10702591327572e-15), 'Mean': np.float64(-6.258882301324323e-17), 'Std': np.float64(2.7047889218994036e-15)}
2024-11-09 17:19:52,990 - INFO - Top 10 Std Stats: {'Max': np.float64(0.9999999972545686), 'Min': np.float64(0.99999999658373), 'Mean': np.float64(0.9999999967485824), 'Std': np.float64(1.8532352215292925e-10)}
2024-11-09 17:19:52,991 - INFO - Bottom 10 Mean Stats: {'Max': np.float64(107.0), 'Min': np.float64(83.0), 'Mean': np.float64(91.5), 'Std': np.float64(8.261355820929152)}
2024-11-09 17:19:52,991 - INFO - Bottom 10 Std Stats: {'Max': np.float64(0.0), 'Min': np.float64(0.0), 'Mean': np.float64(0.0), 'Std': np.float64(0.0)}
[I 2024-11-09 17:19:53,021] Trial 222 finished with value: 60.0 and parameters: {'x_0': 0, 'x_1': -1, 'x_2': -3, 'x_3': 5, 'x_4': -5}. Best is trial 176 with value: 7.0.
2024-11-09 17:20:04,405 - INFO - Candidate Mean Stats: {'Max': np.float64(107.0), 'Min': np.float64(-5.574429806642911e-14), 'Mean': np.float64(0.07148046271056997), 'Std': np.float64(2.0452304545467)}
2024-11-09 17:20:04,406 - INFO - Candidate Std Stats: {'Max': np.float64(0.9999999970479384), 'Min': np.float64(0.0), 'Mean': np.float64(0.9986153346174349), 'Std': np.float64(0.03718517516699862)}
2024-11-09 17:20:04,439 - INFO - Top 10 Mean Stats: {'Max': np.float64(2.8976820942716587e-15), 'Min': np.float64(-3.4486302702418925e-15), 'Mean': np.float64(4.688957555565311e-17), 'Std': np.float64(2.20430431425279e-15)}
2024-11-09 17:20:04,439 - INFO - Top 10 Std Stats: {'Max': np.float64(0.9999999970479384), 'Min': np.float64(0.9999999964957483), 'Mean': np.float64(0.9999999966633277), 'Std': np.float64(1.653880626981031e-10)}
2024-11-09 17:20:04,439 - INFO - Bottom 10 Mean Stats: {'Max': np.float64(107.0), 'Min': np.float64(83.0), 'Mean': np.float64(91.5), 'Std': np.float64(8.261355820929152)}
2024-11-09 17:20:04,439 - INFO - Bottom 10 Std Stats: {'Max': np.float64(0.0), 'Min': np.float64(0.0), 'Mean': np.float64(0.0), 'Std': np.float64(0.0)}
