[I 2024-11-09 16:56:36,658] Trial 79 finished with value: 61.0 and parameters: {'x_0': -4, 'x_1': -4, 'x_2': -4, 'x_3': -2, 'x_4': -3}. Best is trial 13 with value: 19.0.
2024-11-09 16:56:42,971 - INFO - Candidate Mean Stats: {'Max': np.float64(109.0), 'Min': np.float64(-1.3231082895970303e-13), 'Mean': np.float64(0.026438829935858846), 'Std': np.float64(1.247900108165453)}
2024-11-09 16:56:42,972 - INFO - Candidate Std Stats: {'Max': np.float64(0.9999999961950637), 'Min': np.float64(0.0), 'Mean': np.float64(0.9995032487211852), 'Std': np.float64(0.022282062216378098)}
2024-11-09 16:56:42,988 - INFO - Top 10 Mean Stats: {'Max': np.float64(6.850076061937216e-15), 'Min': np.float64(-3.8635761256955444e-15), 'Mean': np.float64(5.943856518086933e-16), 'Std': np.float64(3.4761462338537944e-15)}
2024-11-09 16:56:42,988 - INFO - Top 10 Std Stats: {'Max': np.float64(0.9999999961950637), 'Min': np.float64(0.9999999957500576), 'Mean': np.float64(0.9999999959633623), 'Std': np.float64(1.5053588955911764e-10)}
2024-11-09 16:56:42,989 - INFO - Bottom 10 Mean Stats: {'Max': np.float64(109.0), 'Min': np.float64(74.0), 'Mean': np.float64(82.9), 'Std': np.float64(10.387011119662866)}
2024-11-09 16:56:42,989 - INFO - Bottom 10 Std Stats: {'Max': np.float64(0.0), 'Min': np.float64(0.0), 'Mean': np.float64(0.0), 'Std': np.float64(0.0)}
[I 2024-11-09 16:56:43,018] Trial 80 finished with value: 27.0 and parameters: {'x_0': -3, 'x_1': -1, 'x_2': 0, 'x_3': -1, 'x_4': 4}. Best is trial 13 with value: 19.0.
2024-11-09 16:56:49,546 - INFO - Candidate Mean Stats: {'Max': np.float64(109.0), 'Min': np.float64(-1.0135642325437288e-13), 'Mean': np.float64(0.026606478693084783), 'Std': np.float64(1.249708887471151)}
2024-11-09 16:56:49,546 - INFO - Candidate Std Stats: {'Max': np.float64(0.9999999960893132), 'Min': np.float64(0.0), 'Mean': np.float64(0.9994970395868359), 'Std': np.float64(0.022420822966629166)}
2024-11-09 16:56:49,565 - INFO - Top 10 Mean Stats: {'Max': np.float64(7.127631818093505e-15), 'Min': np.float64(-6.095124405192109e-15), 'Mean': np.float64(2.214894934127187e-16), 'Std': np.float64(3.735674013546943e-15)}
2024-11-09 16:56:49,565 - INFO - Top 10 Std Stats: {'Max': np.float64(0.9999999960893132), 'Min': np.float64(0.9999999957503954), 'Mean': np.float64(0.9999999958873331), 'Std': np.float64(1.1977880846466494e-10)}
2024-11-09 16:56:49,566 - INFO - Bottom 10 Mean Stats: {'Max': np.float64(109.0), 'Min': np.float64(74.0), 'Mean': np.float64(82.9), 'Std': np.float64(10.387011119662866)}
2024-11-09 16:56:49,566 - INFO - Bottom 10 Std Stats: {'Max': np.float64(0.0), 'Min': np.float64(0.0), 'Mean': np.float64(0.0), 'Std': np.float64(0.0)}
[I 2024-11-09 16:56:49,589] Trial 81 finished with value: 79.0 and parameters: {'x_0': -4, 'x_1': 5, 'x_2': 3, 'x_3': 5, 'x_4': 2}. Best is trial 13 with value: 19.0.
2024-11-09 16:56:55,123 - INFO - Candidate Mean Stats: {'Max': np.float64(109.0), 'Min': np.float64(-8.135714324453147e-14), 'Mean': np.float64(0.02709700653830154), 'Std': np.float64(1.2651077662166226)}
2024-11-09 16:56:55,123 - INFO - Candidate Std Stats: {'Max': np.float64(0.9999999952767753), 'Min': np.float64(0.0), 'Mean': np.float64(0.9994908293643708), 'Std': np.float64(0.02255872846976481)}
2024-11-09 16:56:55,141 - INFO - Top 10 Mean Stats: {'Max': np.float64(6.694644838489694e-15), 'Min': np.float64(-1.2667644710973035e-14), 'Mean': np.float64(-8.963663145067358e-16), 'Std': np.float64(5.530085567375109e-15)}
2024-11-09 16:56:55,141 - INFO - Top 10 Std Stats: {'Max': np.float64(0.9999999952767753), 'Min': np.float64(0.9999999947605381), 'Mean': np.float64(0.999999994938023), 'Std': np.float64(1.5939140756171198e-10)}
2024-11-09 16:56:55,142 - INFO - Bottom 10 Mean Stats: {'Max': np.float64(109.0), 'Min': np.float64(75.0), 'Mean': np.float64(83.4), 'Std': np.float64(10.061808982484212)}
2024-11-09 16:56:55,151 - INFO - Bottom 10 Std Stats: {'Max': np.float64(0.0), 'Min': np.float64(0.0), 'Mean': np.float64(0.0), 'Std': np.float64(0.0)}
[I 2024-11-09 16:56:55,180] Trial 82 finished with value: 67.0 and parameters: {'x_0': 2, 'x_1': -2, 'x_2': 5, 'x_3': -5, 'x_4': -3}. Best is trial 13 with value: 19.0.
2024-11-09 16:57:00,685 - INFO - Candidate Mean Stats: {'Max': np.float64(109.0), 'Min': np.float64(-9.071632334212154e-14), 'Mean': np.float64(0.027513023824751154), 'Std': np.float64(1.2760674353720862)}
2024-11-09 16:57:00,686 - INFO - Candidate Std Stats: {'Max': np.float64(0.9999999984416094), 'Min': np.float64(0.0), 'Mean': np.float64(0.9994846207787242), 'Std': np.float64(0.022695794376879876)}
2024-11-09 16:57:00,712 - INFO - Top 10 Mean Stats: {'Max': np.float64(1.9512169657787125e-15), 'Min': np.float64(-2.4980018054066022e-15), 'Mean': np.float64(-1.9678703111480902e-16), 'Std': np.float64(1.381296286064786e-15)}
2024-11-09 16:57:00,713 - INFO - Top 10 Std Stats: {'Max': np.float64(0.9999999984416094), 'Min': np.float64(0.999999997793414), 'Mean': np.float64(0.9999999980162574), 'Std': np.float64(2.1542130351534862e-10)}
2024-11-09 16:57:00,713 - INFO - Bottom 10 Mean Stats: {'Max': np.float64(109.0), 'Min': np.float64(75.0), 'Mean': np.float64(83.4), 'Std': np.float64(10.061808982484212)}
2024-11-09 16:57:00,713 - INFO - Bottom 10 Std Stats: {'Max': np.float64(0.0), 'Min': np.float64(0.0), 'Mean': np.float64(0.0), 'Std': np.float64(0.0)}
[I 2024-11-09 16:57:00,744] Trial 83 finished with value: 39.0 and parameters: {'x_0': 3, 'x_1': 2, 'x_2': 3, 'x_3': -1, 'x_4': -4}. Best is trial 13 with value: 19.0.
2024-11-09 16:57:04,834 - INFO - Candidate Mean Stats: {'Max': np.float64(109.0), 'Min': np.float64(-8.947287355454136e-14), 'Mean': np.float64(0.027755183140744235), 'Std': np.float64(1.2797573712347308)}
2024-11-09 16:57:04,835 - INFO - Candidate Std Stats: {'Max': np.float64(0.9999999962468401), 'Min': np.float64(0.0), 'Mean': np.float64(0.9994784119885084), 'Std': np.float64(0.022832035768108355)}
2024-11-09 16:57:04,856 - INFO - Top 10 Mean Stats: {'Max': np.float64(5.262457136723242e-15), 'Min': np.float64(-8.260059303211165e-15), 'Mean': np.float64(4.163336342344321e-17), 'Std': np.float64(3.737585434588786e-15)}
2024-11-09 16:57:04,856 - INFO - Top 10 Std Stats: {'Max': np.float64(0.9999999962468401), 'Min': np.float64(0.9999999956082863), 'Mean': np.float64(0.9999999958126148), 'Std': np.float64(2.259622601586438e-10)}
2024-11-09 16:57:04,857 - INFO - Bottom 10 Mean Stats: {'Max': np.float64(109.0), 'Min': np.float64(75.0), 'Mean': np.float64(83.4), 'Std': np.float64(10.061808982484212)}
2024-11-09 16:57:04,857 - INFO - Bottom 10 Std Stats: {'Max': np.float64(0.0), 'Min': np.float64(0.0), 'Mean': np.float64(0.0), 'Std': np.float64(0.0)}
[I 2024-11-09 16:57:04,887] Trial 84 finished with value: 51.0 and parameters: {'x_0': 5, 'x_1': -1, 'x_2': -4, 'x_3': 0, 'x_4': 3}. Best is trial 13 with value: 19.0.
2024-11-09 16:57:11,429 - INFO - Candidate Mean Stats: {'Max': np.float64(109.0), 'Min': np.float64(-9.57456336436735e-14), 'Mean': np.float64(0.028071853015504394), 'Std': np.float64(1.2860448725071179)}
2024-11-09 16:57:11,430 - INFO - Candidate Std Stats: {'Max': np.float64(0.999999996590992), 'Min': np.float64(0.0), 'Mean': np.float64(0.9994722028661885), 'Std': np.float64(0.02296746731326814)}
2024-11-09 16:57:11,449 - INFO - Top 10 Mean Stats: {'Max': np.float64(4.535261055593765e-15), 'Min': np.float64(-3.3084646133829666e-15), 'Mean': np.float64(8.493206138382448e-16), 'Std': np.float64(2.4237137446894075e-15)}
2024-11-09 16:57:11,449 - INFO - Top 10 Std Stats: {'Max': np.float64(0.999999996590992), 'Min': np.float64(0.999999996120966), 'Mean': np.float64(0.99999999631148), 'Std': np.float64(1.4800043410008163e-10)}
2024-11-09 16:57:11,450 - INFO - Bottom 10 Mean Stats: {'Max': np.float64(109.0), 'Min': np.float64(75.0), 'Mean': np.float64(83.4), 'Std': np.float64(10.061808982484212)}
2024-11-09 16:57:11,450 - INFO - Bottom 10 Std Stats: {'Max': np.float64(0.0), 'Min': np.float64(0.0), 'Mean': np.float62024-11-09 16:57:11,516 - INFO - Candidate Mean Stats: {'Max': np.float64(100.0), 'Min': np.float64(-5.114797474448096e-14), 'Mean': np.float64(0.026867265648769626), 'Std': np.float64(1.23967629685432024-11-09 16:57:16,553 - INFO - Candidate Mean Stats: {'Max': np.float64(109.0), 'Min': np.float64(-1.5831780331154732e-13), 'Mean': np.float64(0.02866172827241059), 'Std': np.float64(1.3076376018500313)}
2024-11-09 16:57:16,554 - INFO - Candidate Std Stats: {'Max': np.float64(0.9999999982516324), 'Min': np.float64(0.0), 'Mean': np.float64(0.9994659927284715), 'Std': np.float64(0.023102103238992703)}
2024-11-09 16:57:16,579 - INFO - Top 10 Mean Stats: {'Max': np.float64(2.348121697082206e-15), 'Min': np.float64(-3.913536161803677e-15), 'Mean': np.float64(-4.601874437071273e-16), 'Std': np.float64(1.701906082354988e-15)}
2024-11-09 16:57:16,580 - INFO - Top 10 Std Stats: {'Max': np.float64(0.9999999982516324), 'Min': np.float64(0.9999999978104074), 'Mean': np.float64(0.9999999980130647), 'Std': np.float64(1.5408785192013112e-10)}
2024-11-09 16:57:16,580 - INFO - Bottom 10 Mean Stats: {'Max': np.float64(109.0), 'Min': np.float64(75.0), 'Mean': np.float64(85.4), 'Std': np.float64(10.180373274099532)}
2024-11-09 16:57:16,580 - INFO - Bottom 10 Std Stats: {'Max': np.float64(0.0), 'Min': np.float64(0.0), 'Mean': np.floa2024-11-09 16:57:19,447 - INFO - Candidate Mean Stats: {'Max': np.float64(100.0), 'Min': np.float64(-5.717960827045233e-14), 'Mean': np.float64(0.02712805260445448), 'Std': np.float64(1.2440805005491018)2024-11-09 16:57:21,935 - INFO - Candidate Mean Stats: {'Max': np.float64(109.0), 'Min': np.float64(-9.596212713347541e-14), 'Mean': np.float64(0.029040490279476694), 'Std': np.float64(1.316434094360603)}
2024-11-09 16:57:21,936 - INFO - Candidate Std Stats: {'Max': np.float64(0.9999999952205508), 'Min': np.float64(0.0), 'Mean': np.float64(0.9994597839530003), 'Std': np.float64(0.02323595742990297)}
2024-11-09 16:57:21,958 - INFO - Top 10 Mean Stats: {'Max': np.float64(5.204170427930421e-15), 'Min': np.float64(-6.045164369083978e-15), 'Mean': np.float64(-8.985867605559863e-16), 'Std': np.float64(3.1161625691277652e-15)}
2024-11-09 16:57:21,958 - INFO - Top 10 Std Stats: {'Max': np.float64(0.9999999952205508), 'Min': np.float64(0.999999994930339), 'Mean': np.float64(0.9999999950794202), 'Std': np.float64(8.00864457236022e-11)}
2024-11-09 16:57:21,959 - INFO - Bottom 10 Mean Stats: {'Max': np.float64(109.0), 'Min': np.float64(75.0), 'Mean': np.float64(85.4), 'Std': np.float64(10.180373274099532)}
2024-11-09 16:57:21,959 - INFO - Bottom 10 Std Stats: {'Max': np.float64(0.0), 'Min': np.float64(0.0), 'Mean': np.float62024-11-09 16:57:27,507 - INFO - Candidate Mean Stats: {'Max': np.float64(100.0), 'Min': np.float64(-5.67768054793305e-14), 'Mean': np.float64(0.027438513265984062), 'Std': np.float64(1.250296918396122024-11-09 16:57:28,050 - INFO - Candidate Mean Stats: {'Max': np.float64(109.0), 'Min': np.float64(-1.070699084948501e-13), 'Mean': np.float64(0.029574482617307545), 'Std': np.float64(1.3337506385760673)}
2024-11-09 16:57:28,052 - INFO - Candidate Std Stats: {'Max': np.float64(0.9999999962664086), 'Min': np.float64(0.0), 'Mean': np.float64(0.9994535748673129), 'Std': np.float64(0.023369043280944423)}
2024-11-09 16:57:28,111 - INFO - Top 10 Mean Stats: {'Max': np.float64(2.9531932455029166e-15), 'Min': np.float64(-4.118927421359331e-15), 'Mean': np.float64(-3.164135620181698e-17), 'Std': np.float64(2.4292976822601728e-15)}
2024-11-09 16:57:28,113 - INFO - Top 10 Std Stats: {'Max': np.float64(0.9999999962664086), 'Min': np.float64(0.9999999958745752), 'Mean': np.float64(0.9999999960416475), 'Std': np.float64(1.3105148390797017e-10)}
2024-11-09 16:57:28,122 - INFO - Bottom 10 Mean Stats: {'Max': np.float64(109.0), 'Min': np.float64(77.0), 'Mean': np.float64(86.5), 'Std': np.float64(9.573400649716902)}
2024-11-09 16:57:28,124 - INFO - Bottom 10 Std Stats: {'Max': np.float64(0.0), 'Min': np.float64(0.0), 'Mean': np.f2024-11-09 16:57:38,438 - INFO - Candidate Mean Stats: {'Max': np.float64(100.0), 'Min': np.float64(-6.112887973586112e-14), 'Mean': np.float64(0.027544069890904146), 'Std': np.float64(1.25101200753573)}
2024-11-09 16:57:38,439 - INFO - Candidate Std Stats: {'Max': np.float64(0.9999999965592407), 'Min': np.float64(0.0), 'Mean': np.float64(0.9994473672310858), 'Std': np.float64(0.02350137388634014)}
2024-11-09 16:57:38,461 - INFO - Top 10 Mean Stats: {'Max': np.float64(2.0761170560490427e-15), 'Min': np.float64(-2.1260770921571746e-15), 'Mean': np.float64(-4.404809850200309e-16), 'Std': np.float64(1.294429141630568e-15)}
2024-11-09 16:57:38,461 - INFO - Top 10 Std Stats: {'Max': np.float64(0.9999999965592407), 'Min': np.float64(0.9999999959990764), 'Mean': np.float64(0.9999999962610344), 'Std': np.float64(1.587810019805513e-10)}
2024-11-09 16:57:38,461 - INFO - Bottom 10 Mean Stats: {'Max': np.float64(100.0), 'Min': np.float64(75.0), 'Mean': np.float64(82.5), 'Std': np.float64(8.651589449343975)}
2024-11-09 16:57:38,462 - INFO - Bottom 10 Std Stats: {'Max': np.float64(0.0), 'Min': np.float64(0.0), 'Mean': np.float64(0.0), 'Std': np.float64(0.0)}
[I 2024-11-09 16:57:38,500] Trial 89 finished with value: 56.0 and parameters: {'x_0': -2, 'x_1': -3, 'x_2': 3, 'x_3': 5, 'x_4': -3}. Best is trial 9 with value: 14.0.
2024-11-09 16:57:48,740 - INFO - Candidate Mean Stats: {'Max': np.float64(100.0), 'Min': np.float64(-6.512845818207325e-14), 'Mean': np.float64(0.027891785831817232), 'Std': np.float64(1.2587628290345165)}
2024-11-09 16:57:48,741 - INFO - Candidate Std Stats: {'Max': np.float64(0.9999999966669901), 'Min': np.float64(0.0), 'Mean': np.float64(0.9994411574466876), 'Std': np.float64(0.023632961848952538)}
2024-11-09 16:57:48,776 - INFO - Top 10 Mean Stats: {'Max': np.float64(2.836619827917275e-15), 'Min': np.float64(-2.831068712794149e-15), 'Mean': np.float64(2.6471880243406075e-16), 'Std': np.float64(1.7243427857631839e-15)}
2024-11-09 16:57:48,777 - INFO - Top 10 Std Stats: {'Max': np.float64(0.9999999966669901), 'Min': np.float64(0.9999999958959142), 'Mean': np.float64(0.9999999961304104), 'Std': np.float64(2.345388969667289e-10)}
2024-11-09 16:57:48,777 - INFO - Bottom 10 Mean Stats: {'Max': np.float64(100.0), 'Min': np.float64(75.0), 'Mean': np.float64(82.5), 'Std': np.float64(8.651589449343975)}
2024-11-09 16:57:48,777 - INFO - Bottom 10 Std Stats: {'Max': np.float64(0.0), 'Min': np.float64(0.0), 'Mean': np.float64(0.0), 'Std': np.float64(0.0)}
[I 2024-11-09 16:57:48,803] Trial 90 finished with value: 34.0 and parameters: {'x_0': 2, 'x_1': 4, 'x_2': -1, 'x_3': 3, 'x_4': 2}. Best is trial 9 with value: 14.0.
2024-11-09 16:58:00,136 - INFO - Candidate Mean Stats: {'Max': np.float64(100.0), 'Min': np.float64(-9.569012249244224e-14), 'Mean': np.float64(0.02810289908165738), 'Std': np.float64(1.2616060752206442)}
2024-11-09 16:58:00,137 - INFO - Candidate Std Stats: {'Max': np.float64(0.9999999967347198), 'Min': np.float64(0.0), 'Mean': np.float64(0.9994349482023314), 'Std': np.float64(0.02376381956777955)}
2024-11-09 16:58:00,167 - INFO - Top 10 Mean Stats: {'Max': np.float64(2.203792703880936e-15), 'Min': np.float64(-4.279909759929978e-15), 'Mean': np.float64(-3.336220188998595e-16), 'Std': np.float64(1.922724624891752e-15)}
2024-11-09 16:58:00,167 - INFO - Top 10 Std Stats: {'Max': np.float64(0.9999999967347198), 'Min': np.float64(0.9999999961828069), 'Mean': np.float64(0.9999999964348003), 'Std': np.float64(1.8541890088569933e-10)}
2024-11-09 16:58:00,167 - INFO - Bottom 10 Mean Stats: {'Max': np.float64(100.0), 'Min': np.float64(75.0), 'Mean': np.float64(82.5), 'Std': np.float64(8.651589449343975)}
2024-11-09 16:58:00,167 - INFO - Bottom 10 Std Stats: {'Max': np.float64(0.0), 'Min': np.float64(0.0), 'Mean': np.float64(0.0), 'Std': np.float64(0.0)}
[I 2024-11-09 16:58:00,211] Trial 91 finished with value: 14.0 and parameters: {'x_0': -3, 'x_1': 2, 'x_2': 1, 'x_3': 0, 'x_4': 0}. Best is trial 9 with value: 14.0.
2024-11-09 16:58:11,469 - INFO - Candidate Mean Stats: {'Max': np.float64(100.0), 'Min': np.float64(-7.12874204111813e-14), 'Mean': np.float64(0.02818982806688563), 'Std': np.float64(1.2620863684222197)}
2024-11-09 16:58:11,475 - INFO - Candidate Std Stats: {'Max': np.float64(0.9999999973928771), 'Min': np.float64(0.0), 'Mean': np.float64(0.999428739272983), 'Std': np.float64(0.023893959035630293)}
2024-11-09 16:58:11,513 - INFO - Top 10 Mean Stats: {'Max': np.float64(2.986499936241671e-15), 'Min': np.float64(-3.1086244689504383e-15), 'Mean': np.float64(-3.719247132494276e-16), 'Std': np.float64(1.9988084846473887e-15)}
2024-11-09 16:58:11,514 - INFO - Top 10 Std Stats: {'Max': np.float64(0.9999999973928771), 'Min': np.float64(0.999999996927777), 'Mean': np.float64(0.9999999971064899), 'Std': np.float64(1.836360931022857e-10)}
2024-11-09 16:58:11,514 - INFO - Bottom 10 Mean Stats: {'Max': np.float64(100.0), 'Min': np.float64(75.0), 'Mean': np.float64(82.5), 'Std': np.float64(8.651589449343975)}
2024-11-09 16:58:11,514 - INFO - Bottom 10 Std Stats: {'Max': np.float64(0.0), 'Min': np.float64(0.0), 'Mean': np.float64(0.0), 'Std': np.float64(0.0)}
[I 2024-11-09 16:58:11,555] Trial 92 finished with value: 58.0 and parameters: {'x_0': 5, 'x_1': 2, 'x_2': -4, 'x_3': -3, 'x_4': -2}. Best is trial 9 with value: 14.0.
2024-11-09 16:58:22,210 - INFO - Candidate Mean Stats: {'Max': np.float64(100.0), 'Min': np.float64(-7.016609515630989e-14), 'Mean': np.float64(0.028549962434259994), 'Std': np.float64(1.2703264780033279)}
2024-11-09 16:58:22,212 - INFO - Candidate Std Stats: {'Max': np.float64(0.9999999965656032), 'Min': np.float64(0.0), 'Mean': np.float64(0.9994225304038941), 'Std': np.float64(0.024023391919351593)}
2024-11-09 16:58:22,237 - INFO - Top 10 Mean Stats: {'Max': np.float64(3.624878175401136e-15), 'Min': np.float64(-6.095124405192109e-15), 'Mean': np.float64(-2.8588242884097773e-16), 'Std': np.float64(2.8553276422131704e-15)}
2024-11-09 16:58:22,237 - INFO - Top 10 Std Stats: {'Max': np.float64(0.9999999965656032), 'Min': np.float64(0.9999999960923043), 'Mean': np.float64(0.9999999962575918), 'Std': np.float64(1.4708929553625247e-10)}
2024-11-09 16:58:22,237 - INFO - Bottom 10 Mean Stats: {'Max': np.float64(100.0), 'Min': np.float64(75.0), 'Mean': np.float64(82.5), 'Std': np.float64(8.651589449343975)}
2024-11-09 16:58:22,238 - INFO - Bottom 10 Std Stats: {'Max': np.float64(0.0), 'Min': np.float64(0.0), 'Mean': np.float64(0.0), 'Std': np.float64(0.0)}
[I 2024-11-09 16:58:22,265] Trial 93 finished with value: 83.0 and parameters: {'x_0': -5, 'x_1': -4, 'x_2': -4, 'x_3': 1, 'x_4': 5}. Best is trial 9 with value: 14.0.
2024-11-09 16:58:30,029 - INFO - Candidate Mean Stats: {'Max': np.float64(100.0), 'Min': np.float64(-8.5131901528257e-14), 'Mean': np.float64(0.02906532713239904), 'Std': np.float64(1.2870411562089108)}
2024-11-09 16:58:30,029 - INFO - Candidate Std Stats: {'Max': np.float64(0.999999996508035), 'Min': np.float64(0.0), 'Mean': np.float64(0.999416320158256), 'Std': np.float64(0.024152129544165724)}
2024-11-09 16:58:30,055 - INFO - Top 10 Mean Stats: {'Max': np.float64(1.942890293094024e-15), 'Min': np.float64(-4.193867475521529e-15), 'Mean': np.float64(-9.45632461224477e-16), 'Std': np.float64(1.7315432357658788e-15)}
2024-11-09 16:58:30,055 - INFO - Top 10 Std Stats: {'Max': np.float64(0.999999996508035), 'Min': np.float64(0.9999999960106869), 'Mean': np.float64(0.9999999961639796), 'Std': np.float64(1.7346648638768833e-10)}
2024-11-09 16:58:30,055 - INFO - Bottom 10 Mean Stats: {'Max': np.float64(100.0), 'Min': np.float64(77.0), 'Mean': np.float64(83.3), 'Std': np.float64(8.283115355951528)}
2024-11-09 16:58:30,056 - INFO - Bottom 10 Std Stats: {'Max': np.float64(0.0), 'Min': np.float64(0.0), 'Mean': np.float64(0.0), 'Std': np.float64(0.0)}
[I 2024-11-09 16:58:30,083] Trial 94 finished with value: 27.0 and parameters: {'x_0': -3, 'x_1': 2, 'x_2': -2, 'x_3': 1, 'x_4': -3}. Best is trial 9 with value: 14.0.
2024-11-09 16:58:41,048 - INFO - Candidate Mean Stats: {'Max': np.float64(100.0), 'Min': np.float64(-5.311376338745788e-14), 'Mean': np.float64(0.029232975889625014), 'Std': np.float64(1.2887946619157844)}
2024-11-09 16:58:41,049 - INFO - Candidate Std Stats: {'Max': np.float64(0.9999999962961033), 'Min': np.float64(0.0), 'Mean': np.float64(0.999410111737788), 'Std': np.float64(0.024280183045942826)}
2024-11-09 16:58:41,080 - INFO - Top 10 Mean Stats: {'Max': np.float64(2.9531932455029166e-15), 'Min': np.float64(-1.7985612998927535e-15), 'Mean': np.float64(-3.946842852542431e-16), 'Std': np.float64(1.5593485518221179e-15)}
2024-11-09 16:58:41,080 - INFO - Top 10 Std Stats: {'Max': np.float64(0.9999999962961033), 'Min': np.float64(0.9999999958097524), 'Mean': np.float64(0.9999999959729824), 'Std': np.float64(1.5783199438294987e-10)}
2024-11-09 16:58:41,081 - INFO - Bottom 10 Mean Stats: {'Max': np.float64(100.0), 'Min': np.float64(77.0), 'Mean': np.float64(83.3), 'Std': np.float64(8.283115355951528)}
2024-11-09 16:58:41,081 - INFO - Bottom 10 Std Stats: {'Max': np.float64(0.0), 'Min': np.float64(0.0), 'Mean': np.float64(0.0), 'Std': np.float64(0.0)}
