[I 2024-11-09 16:49:52,336] Trial 63 finished with value: 49.0 and parameters: {'x_0': 4, 'x_1': -3, 'x_2': -4, 'x_3': -2, 'x_4': -2}. Best is trial 19 with value: 6.0.
2024-11-09 16:50:01,998 - INFO - Candidate Mean Stats: {'Max': np.float64(101.0), 'Min': np.float64(-1.1233167174218295e-13), 'Mean': np.float64(0.017491353670576405), 'Std': np.float64(0.9593760470181213)}
2024-11-09 16:50:01,999 - INFO - Candidate Std Stats: {'Max': np.float64(0.9999999965708294), 'Min': np.float64(0.0), 'Mean': np.float64(0.9996025967017559), 'Std': np.float64(0.019930672777821897)}
2024-11-09 16:50:02,035 - INFO - Top 10 Mean Stats: {'Max': np.float64(2.5875135367670053e-15), 'Min': np.float64(-4.39648317751562e-15), 'Mean': np.float64(-5.268702141236759e-16), 'Std': np.float64(1.9820934598385206e-15)}
2024-11-09 16:50:02,035 - INFO - Top 10 Std Stats: {'Max': np.float64(0.9999999965708294), 'Min': np.float64(0.9999999959511287), 'Mean': np.float64(0.999999996242753), 'Std': np.float64(2.1964637895091567e-10)}
2024-11-09 16:50:02,035 - INFO - Bottom 10 Mean Stats: {'Max': np.float64(101.0), 'Min': np.float64(63.0), 'Mean': np.float64(75.4), 'Std': np.float64(10.95627673984187)}
2024-11-09 16:50:02,035 - INFO - Bottom 10 Std Stats: {'Max': np.float64(0.0), 'Min': np.float64(0.0), 'Mean': np.float64(0.0), 'Std': np.float64(0.0)}
[I 2024-11-09 16:50:02,069] Trial 64 finished with value: 62.0 and parameters: {'x_0': 4, 'x_1': 5, 'x_2': -2, 'x_3': 4, 'x_4': -1}. Best is trial 19 with value: 6.0.
2024-11-09 16:50:12,565 - INFO - Candidate Mean Stats: {'Max': np.float64(101.0), 'Min': np.float64(-9.032774528350274e-14), 'Mean': np.float64(0.017876324890873065), 'Std': np.float64(0.9717288715028156)}
2024-11-09 16:50:12,566 - INFO - Candidate Std Stats: {'Max': np.float64(0.9999999962410726), 'Min': np.float64(0.0), 'Mean': np.float64(0.9995963872539929), 'Std': np.float64(0.0200857152409349)}
2024-11-09 16:50:12,593 - INFO - Top 10 Mean Stats: {'Max': np.float64(3.874678355941796e-15), 'Min': np.float64(-2.864375403532904e-15), 'Mean': np.float64(2.031708135064036e-16), 'Std': np.float64(2.2016036103514453e-15)}
2024-11-09 16:50:12,593 - INFO - Top 10 Std Stats: {'Max': np.float64(0.9999999962410726), 'Min': np.float64(0.9999999957749216), 'Mean': np.float64(0.9999999959457606), 'Std': np.float64(1.5108422263894564e-10)}
2024-11-09 16:50:12,593 - INFO - Bottom 10 Mean Stats: {'Max': np.float64(101.0), 'Min': np.float64(63.0), 'Mean': np.float64(75.4), 'Std': np.float64(10.95627673984187)}
2024-11-09 16:50:12,593 - INFO - Bottom 10 Std Stats: {'Max': np.float64(0.0), 'Min': np.float64(0.0), 'Mean': np.float64(0.0), 'Std': np.float64(0.0)}
[I 2024-11-09 16:50:12,625] Trial 65 finished with value: 63.0 and parameters: {'x_0': 5, 'x_1': 0, 'x_2': 3, 'x_3': 2, 'x_4': 5}. Best is trial 19 with value: 6.0.
2024-11-09 16:50:20,360 - INFO - Candidate Mean Stats: {'Max': np.float64(101.0), 'Min': np.float64(-6.262768081910508e-14), 'Mean': np.float64(0.01826750532440036), 'Std': np.float64(0.9843206938113108)}
2024-11-09 16:50:20,362 - INFO - Candidate Std Stats: {'Max': np.float64(0.9999999976866262), 'Min': np.float64(0.0), 'Mean': np.float64(0.9995901788033479), 'Std': np.float64(0.020239568172419266)}
2024-11-09 16:50:20,384 - INFO - Top 10 Mean Stats: {'Max': np.float64(3.991251773527438e-15), 'Min': np.float64(-1.1435297153639113e-15), 'Mean': np.float64(9.159339953157546e-17), 'Std': np.float64(1.496558914387003e-15)}
2024-11-09 16:50:20,384 - INFO - Top 10 Std Stats: {'Max': np.float64(0.9999999976866262), 'Min': np.float64(0.9999999974522068), 'Mean': np.float64(0.9999999975770807), 'Std': np.float64(8.363131482300086e-11)}
2024-11-09 16:50:20,384 - INFO - Bottom 10 Mean Stats: {'Max': np.float64(101.0), 'Min': np.float64(63.0), 'Mean': np.float64(75.4), 'Std': np.float64(10.95627673984187)}
2024-11-09 16:50:20,384 - INFO - Bottom 10 Std Stats: {'Max': np.float64(0.0), 'Min': np.float64(0.0), 'Mean': np.float64(0.0), 'Std': np.float64(0.0)}
[I 2024-11-09 16:50:20,418] Trial 66 finished with value: 100.0 and parameters: {'x_0': 5, 'x_1': 5, 'x_2': 4, 'x_3': -5, 'x_4': 3}. Best is trial 19 with value: 6.0.
2024-11-09 16:50:30,449 - INFO - Candidate Mean Stats: {'Max': np.float64(101.0), 'Min': np.float64(-6.137590435884022e-14), 'Mean': np.float64(0.018888426647459527), 'Std': np.float64(1.015360177306879)}
2024-11-09 16:50:30,450 - INFO - Candidate Std Stats: {'Max': np.float64(0.9999999966781982), 'Min': np.float64(0.0), 'Mean': np.float64(0.9995839692867067), 'Std': np.float64(0.020392258454997866)}
2024-11-09 16:50:30,481 - INFO - Top 10 Mean Stats: {'Max': np.float64(3.5371011675167097e-15), 'Min': np.float64(-2.1427304375265522e-15), 'Mean': np.float64(1.4532472447648104e-15), 'Std': np.float64(1.7294922530467727e-15)}
2024-11-09 16:50:30,481 - INFO - Top 10 Std Stats: {'Max': np.float64(0.9999999966781982), 'Min': np.float64(0.9999999961825969), 'Mean': np.float64(0.9999999962816852), 'Std': np.float64(1.3793528293532677e-10)}
2024-11-09 16:50:30,481 - INFO - Bottom 10 Mean Stats: {'Max': np.float64(101.0), 'Min': np.float64(65.0), 'Mean': np.float64(79.1), 'Std': np.float64(12.308127396155761)}
2024-11-09 16:50:30,482 - INFO - Bottom 10 Std Stats: {'Max': np.float64(0.0), 'Min': np.float64(0.0), 'Mean': np.float64(0.0), 'Std': np.float64(0.0)}
[I 2024-11-09 16:50:30,518] Trial 67 finished with value: 46.0 and parameters: {'x_0': 3, 'x_1': 2, 'x_2': 1, 'x_3': 4, 'x_4': 4}. Best is trial 19 with value: 6.0.
2024-11-09 16:50:39,141 - INFO - Candidate Mean Stats: {'Max': np.float64(101.0), 'Min': np.float64(-7.442380045574737e-14), 'Mean': np.float64(0.01917405045606674), 'Std': np.float64(1.021804341988677)}
2024-11-09 16:50:39,142 - INFO - Candidate Std Stats: {'Max': np.float64(0.9999999982538382), 'Min': np.float64(0.0), 'Mean': np.float64(0.9995777600531244), 'Std': np.float64(0.020543812039338975)}
2024-11-09 16:50:39,170 - INFO - Top 10 Mean Stats: {'Max': np.float64(9.71445146547012e-16), 'Min': np.float64(-1.254552017826427e-15), 'Mean': np.float64(-3.2279734440976424e-16), 'Std': np.float64(7.000702845666408e-16)}
2024-11-09 16:50:39,170 - INFO - Top 10 Std Stats: {'Max': np.float64(0.9999999982538382), 'Min': np.float64(0.9999999977957033), 'Mean': np.float64(0.99999999801625), 'Std': np.float64(1.3174533696922348e-10)}
2024-11-09 16:50:39,170 - INFO - Bottom 10 Mean Stats: {'Max': np.float64(101.0), 'Min': np.float64(65.0), 'Mean': np.float64(79.1), 'Std': np.float64(12.308127396155761)}
2024-11-09 16:50:39,170 - INFO - Bottom 10 Std Stats: {'Max': np.float64(0.0), 'Min': np.float64(0.0), 'Mean': np.float64(0.0), 'Std': np.float64(0.0)}
[I 2024-11-09 16:50:39,219] Trial 68 finished with value: 69.0 and parameters: {'x_0': -3, 'x_1': -5, 'x_2': 3, 'x_3': 1, 'x_4': -5}. Best is trial 19 with value: 6.0.
2024-11-09 16:50:47,016 - INFO - Candidate Mean Stats: {'Max': np.float64(101.0), 'Min': np.float64(-6.252220963176569e-14), 'Mean': np.float64(0.019602486168977543), 'Std': np.float64(1.0361609740984488)}
2024-11-09 16:50:47,017 - INFO - Candidate Std Stats: {'Max': np.float64(0.9999999961252046), 'Min': np.float64(0.0), 'Mean': np.float64(0.9995715505096847), 'Std': np.float64(0.0206942538871368)}
2024-11-09 16:50:47,048 - INFO - Top 10 Mean Stats: {'Max': np.float64(4.946043574705072e-15), 'Min': np.float64(-2.8782531913407184e-15), 'Mean': np.float64(-2.1649348980190584e-17), 'Std': np.float64(2.068407173013968e-15)}
2024-11-09 16:50:47,048 - INFO - Top 10 Std Stats: {'Max': np.float64(0.9999999961252046), 'Min': np.float64(0.9999999959336139), 'Mean': np.float64(0.999999996022883), 'Std': np.float64(7.293421625502456e-11)}
2024-11-09 16:50:47,048 - INFO - Bottom 10 Mean Stats: {'Max': np.float64(101.0), 'Min': np.float64(69.0), 'Mean': np.float64(79.5), 'Std': np.float64(11.901680553602503)}
2024-11-09 16:50:47,048 - INFO - Bottom 10 Std Stats: {'Max': np.float64(0.0), 'Min': np.float64(0.0), 'Mean': np.float64(0.0), 'Std': np.float64(0.0)}
[I 2024-11-09 16:50:47,081] Trial 69 finished with value: 26.0 and parameters: {'x_0': -2, 'x_1': -1, 'x_2': -1, 'x_3': 4, 'x_4': 2}. Best is trial 19 with value: 6.0.
2024-11-09 16:50:55,138 - INFO - Candidate Mean Stats: {'Max': np.float64(101.0), 'Min': np.float64(-5.346834086594754e-14), 'Mean': np.float64(0.0197639257129729), 'Std': np.float64(1.0381814085664138)}
2024-11-09 16:50:55,139 - INFO - Candidate Std Stats: {'Max': np.float64(0.9999999957955606), 'Min': np.float64(0.0), 'Mean': np.float64(0.9995653415152078), 'Std': np.float64(0.02084360808840948)}
2024-11-09 16:50:55,169 - INFO - Top 10 Mean Stats: {'Max': np.float64(4.225786387479502e-15), 'Min': np.float64(-2.1871393585115583e-15), 'Mean': np.float64(9.158646063767151e-16), 'Std': np.float64(2.0133939426197765e-15)}
2024-11-09 16:50:55,169 - INFO - Top 10 Std Stats: {'Max': np.float64(0.9999999957955606), 'Min': np.float64(0.9999999954069534), 'Mean': np.float64(0.9999999956031885), 'Std': np.float64(1.2282001849850672e-10)}
2024-11-09 16:50:55,169 - INFO - Bottom 10 Mean Stats: {'Max': np.float64(101.0), 'Min': np.float64(69.0), 'Mean': np.float64(79.5), 'Std': np.float64(11.901680553602503)}
2024-11-09 16:50:55,170 - INFO - Bottom 10 Std Stats: {'Max': np.float64(0.0), 'Min': np.float64(0.0), 'Mean': np.float64(0.0), 'Std': np.float64(0.0)}
[I 2024-11-09 16:50:55,204] Trial 70 finished with value: 912024-11-09 16:50:58,043 - INFO - Candidate Mean Stats: {'Max': np.float64(104.0), 'Min': np.float64(-6.84672024-11-09 16:51:03,559 - INFO - Candidate Mean Stats: {'Max': np.float64(101.0), 'Min': np.float64(-5.725420137991933e-14), 'Mean': np.float64(0.020328964116956748), 'Std': np.float64(1.062645979540219)}
2024-11-09 16:51:03,560 - INFO - Candidate Std Stats: {'Max': np.float64(0.99999999686309), 'Min': np.float64(0.0), 'Mean': np.float64(0.9995591322619306), 'Std': np.float64(0.02099189784201832)}
2024-11-09 16:51:03,589 - INFO - Top 10 Mean Stats: {'Max': np.float64(7.660538869913581e-16), 'Min': np.float64(-3.169686735304822e-15), 'Mean': np.float64(-1.2076450950360142e-15), 'Std': np.float64(1.2872672414032597e-15)}
2024-11-09 16:51:03,589 - INFO - Top 10 Std Stats: {'Max': np.float64(0.99999999686309), 'Min': np.float64(0.9999999962223939), 'Mean': np.float64(0.9999999963915809), 'Std': np.float64(2.1150261302897774e-10)}
2024-11-09 16:51:03,590 - INFO - Bottom 10 Mean Stats: {'Max': np.float64(101.0), 'Min': np.float64(69.0), 'Mean': np.float64(81.7), 'Std': np.float64(11.79025020938911)}
2024-11-09 16:51:03,590 - INFO - Bottom 10 Std Stats: {'Max': np.float64(0.0), 'Min': np.float64(0.0), 'Mean': np.float64(0.0), 'Std': np.float64(0.0)}
[I 2024-11-09 16:51:03,624] Trial 71 finished w2024-11-09 16:51:07,289 - INFO - Candidate Mean Stats: {'Max': np.float64(104.0), 'Min': np.float64(-5.1958437552457326e2024-11-09 16:51:14,294 - INFO - Candidate Mean Stats: {'Max': np.float64(101.0), 'Min': np.float64(-7.267519919196275e-14), 'Mean': np.float64(0.020707726124022868), 'Std': np.float64(1.0734548975736538)}
2024-11-09 16:51:14,295 - INFO - Candidate Std Stats: {'Max': np.float64(0.9999999964457281), 'Min': np.float64(0.0), 'Mean': np.float64(0.9995529228054965), 'Std': np.float64(0.021139145550020687)}
2024-11-09 16:51:14,329 - INFO - Top 10 Mean Stats: {'Max': np.float64(-2.2204460492503132e-17), 'Min': np.float64(-4.640732242933154e-15), 'Mean': np.float64(-1.759703494030873e-15), 'Std': np.float64(1.6027195118605293e-15)}
2024-11-09 16:51:14,329 - INFO - Top 10 Std Stats: {'Max': np.float64(0.9999999964457281), 'Min': np.float64(0.9999999960631233), 'Mean': np.float64(0.9999999961600183), 'Std': np.float64(1.1589119261263279e-10)}
2024-11-09 16:51:14,329 - INFO - Bottom 10 Mean Stats: {'Max': np.float64(101.0), 'Min': np.float64(69.0), 'Mean': np.float64(81.7), 'Std': np.float64(11.79025020938911)}
2024-11-09 16:51:14,329 - INFO - Bottom 10 Std Stats: {'Max': np.float64(0.0), 'Min': np.float64(0.0), 'Mean': np.float64(0.0), 'Std': np.float64(0.0)}
[I 2024-11-09 16:51:14,364]2024-11-09 16:51:19,269 - INFO - Candidate Mean Stats: {'Max': np.float64(104.0), 'Min': np.float64(-7.48928696836515e-14), 'Mean': np.floa2024-11-09 16:51:22,783 - INFO - Candidate Mean Stats: {'Max': np.float64(101.0), 'Min': np.float64(-7.418510250545297e-14), 'Mean': np.float64(0.021198253969239567), 'Std': np.float64(1.091346214932213)}
2024-11-09 16:51:22,783 - INFO - Candidate Std Stats: {'Max': np.float64(0.9999999962747956), 'Min': np.float64(0.0), 'Mean': np.float64(0.9995467133249133), 'Std': np.float64(0.02128537284201503)}
2024-11-09 16:51:22,811 - INFO - Top 10 Mean Stats: {'Max': np.float64(4.39648317751562e-15), 'Min': np.float64(-2.5701663020072372e-15), 'Mean': np.float64(9.942047185518279e-16), 'Std': np.float64(2.281953239345178e-15)}
2024-11-09 16:51:22,811 - INFO - Top 10 Std Stats: {'Max': np.float64(0.9999999962747956), 'Min': np.float64(0.9999999958778336), 'Mean': np.float64(0.9999999960250475), 'Std': np.float64(1.4914891140721708e-10)}
2024-11-09 16:51:22,811 - INFO - Bottom 10 Mean Stats: {'Max': np.float64(101.0), 'Min': np.float64(70.0), 'Mean': np.float64(82.7), 'Std': np.float64(11.072939989000211)}
2024-11-09 16:51:22,812 - INFO - Bottom 10 Std Stats: {'Max': np.float64(0.0), 'Min': np.float64(0.0), 'Mean': np.float64(0.0), 'Std': np.float64(0.0)}
[I 2024-11-09 16:2024-11-09 16:51:30,877 - INFO - Candidate Mean Stats: {'Max': np.float64(104.0), 'Min': np.float64(-5.446754158811018e-14), 'Mean': np.float64(0.0242024-11-09 16:51:30,950 - INFO - Candidate Mean Stats: {'Max': np.float64(101.0), 'Min': np.float64(-5.198064201294983e-14), 'Mean': np.float64(0.021378321152926733), 'Std': np.float64(1.093732527874079)}
2024-11-09 16:51:30,950 - INFO - Candidate Std Stats: {'Max': np.float64(0.9999999964061137), 'Min': np.float64(0.0), 'Mean': np.float64(0.9995405046224181), 'Std': np.float64(0.021430600622986774)}
2024-11-09 16:51:30,976 - INFO - Top 10 Mean Stats: {'Max': np.float64(1.865174681370263e-15), 'Min': np.float64(-3.730349362740526e-15), 'Mean': np.float64(-6.705747068735946e-16), 'Std': np.float64(1.5969252862393393e-15)}
2024-11-09 16:51:30,976 - INFO - Top 10 Std Stats: {'Max': np.float64(0.9999999964061137), 'Min': np.float64(0.9999999959521052), 'Mean': np.float64(0.9999999961083829), 'Std': np.float64(1.5618381526290249e-10)}
2024-11-09 16:51:30,976 - INFO - Bottom 10 Mean Stats: {'Max': np.float64(101.0), 'Min': np.float64(70.0), 'Mean': np.float64(82.7), 'Std': np.float64(11.072939989000211)}
2024-11-09 16:51:30,976 - INFO - Bottom 10 Std Stats: {'Max': np.float64(0.0), 'Min': np.float64(0.0), 'Mean': np.float64(0.0), 'Std': np.float64(0.0)}
[I 2024-11-09 16:51:41,248 - INFO - Candidate Mean Stats: {'Max': np.float64(104.0), 'Min': np.float64(-8.639755577632969e-14), 'Mean': np.float64(0.02497345561343922), 'Std': np.float64(1.228266000526006)}
2024-11-09 16:51:41,249 - INFO - Candidate Std Stats: {'Max': np.float64(0.999999996819979), 'Min': np.float64(0.0), 'Mean': np.float64(0.9995342963938944), 'Std': np.float64(0.02157484907121726)}
2024-11-09 16:51:41,286 - INFO - Top 10 Mean Stats: {'Max': np.float64(1.4654943925052066e-15), 'Min': np.float64(-3.0531133177191805e-15), 'Mean': np.float64(-2.7006175074006934e-16), 'Std': np.float64(1.633072617774108e-15)}
2024-11-09 16:51:41,286 - INFO - Top 10 Std Stats: {'Max': np.float64(0.999999996819979), 'Min': np.float64(0.9999999963957953), 'Mean': np.float64(0.9999999965721627), 'Std': np.float64(1.4820776626185805e-10)}
2024-11-09 16:51:41,287 - INFO - Bottom 10 Mean Stats: {'Max': np.float64(104.0), 'Min': np.float64(73.0), 'Mean': np.float64(82.9), 'Std': np.float64(10.3)}
2024-11-09 16:51:41,287 - INFO - Bottom 10 Std Stats: {'Max': np.float64(0.0), 'Min': np.float64(0.0), 'Mean': np.float64(0.0), 'Std': np.float64(0.0)}
[I 2024-11-09 16:51:41,322] Trial 75 finished with value: 56.0 and parameters: {'x_0': 5, 'x_1': -2, 'x_2': 1, 'x_3': -5, 'x_4': 1}. Best is trial 2 with value: 13.0.
2024-11-09 16:51:51,192 - INFO - Candidate Mean Stats: {'Max': np.float64(104.0), 'Min': np.float64(-7.785994071696222e-14), 'Mean': np.float64(0.02532117155435235), 'Std': np.float64(1.236160172670062)}
2024-11-09 16:51:51,193 - INFO - Candidate Std Stats: {'Max': np.float64(0.9999999963575519), 'Min': np.float64(0.0), 'Mean': np.float64(0.9995280873991482), 'Std': np.float64(0.021718137673895615)}
2024-11-09 16:51:51,226 - INFO - Top 10 Mean Stats: {'Max': np.float64(4.6265075104301445e-15), 'Min': np.float64(-4.218847493575595e-15), 'Mean': np.float64(1.356900702909059e-16), 'Std': np.float64(2.4732520434089004e-15)}
2024-11-09 16:51:51,226 - INFO - Top 10 Std Stats: {'Max': np.float64(0.9999999963575519), 'Min': np.float64(0.9999999957482003), 'Mean': np.float64(0.9999999959483654), 'Std': np.float64(1.934145665340032e-10)}
2024-11-09 16:51:51,226 - INFO - Bottom 10 Mean Stats: {'Max': np.float64(104.0), 'Min': np.float64(73.0), 'Mean': np.float64(82.9), 'Std': np.float64(10.3)}
2024-11-09 16:51:51,226 - INFO - Bottom 10 Std Stats: {'Max': np.float64(0.0), 'Min': np.float64(0.0), 'Mean': np.float64(0.0), 'Std': np.float64(0.0)}
[I 2024-11-09 16:51:51,286] Trial 76 finished with value: 18.0 and parameters: {'x_0': -3, 'x_1': 1, 'x_2': 0, 'x_3': 2, 'x_4': -2}. Best is trial 2 with value: 13.0.
2024-11-09 16:56:36,558 - INFO - Candidate Mean Stats: {'Max': np.float64(104.0), 'Min': np.float64(-6.698808174832038e-14), 'Mean': np.float64(0.02543293739250299), 'Std': np.float64(1.2369713355639502)}
2024-11-09 16:56:36,559 - INFO - Candidate Std Stats: {'Max': np.float64(0.9999999968017215), 'Min': np.float64(0.0), 'Mean': np.float64(0.9995218782431209), 'Std': np.float64(0.021860485318064556)}
2024-11-09 16:56:36,582 - INFO - Top 10 Mean Stats: {'Max': np.float64(4.307665335545607e-15), 'Min': np.float64(-4.207745263329343e-15), 'Mean': np.float64(-5.395683899678262e-16), 'Std': np.float64(2.5496300162679298e-15)}
2024-11-09 16:56:36,582 - INFO - Top 10 Std Stats: {'Max': np.float64(0.9999999968017215), 'Min': np.float64(0.9999999962989498), 'Mean': np.float64(0.999999996523934), 'Std': np.float64(1.741325847842166e-10)}
2024-11-09 16:56:36,583 - INFO - Bottom 10 Mean Stats: {'Max': np.float64(104.0), 'Min': np.float64(73.0), 'Mean': np.float64(82.9), 'Std': np.float64(10.3)}
2024-11-09 16:56:36,583 - INFO - Bottom 10 Std Stats: {'Max': np.float64(0.0), 'Min': np.float64(0.0), 'Mean': np.float64(0.0), 'Std': np.float64(0.0)}
[I 2024-11-09 16:56:36,632] Trial 77 finished with value: 14.0 and parameters: {'x_0': 2, 'x_1': 2, 'x_2': 1, 'x_3': 1, 'x_4': -2}. Best is trial 2 with value: 13.0.
2024-11-09 16:56:44,816 - INFO - Candidate Mean Stats: {'Max': np.float64(104.0), 'Min': np.float64(-6.63441523940378e-14), 'Mean': np.float64(0.025519866377731282), 'Std': np.float64(1.2374613777910537)}
2024-11-09 16:56:44,817 - INFO - Candidate Std Stats: {'Max': np.float64(0.9999999968332022), 'Min': np.float64(0.0), 'Mean': np.float64(0.9995156690859099), 'Std': np.float64(0.02200191027051893)}
2024-11-09 16:56:44,839 - INFO - Top 10 Mean Stats: {'Max': np.float64(3.730349362740526e-15), 'Min': np.float64(-5.240252676230739e-15), 'Mean': np.float64(-1.9428902930940238e-17), 'Std': np.float64(2.6822621223326033e-15)}
2024-11-09 16:56:44,839 - INFO - Top 10 Std Stats: {'Max': np.float64(0.9999999968332022), 'Min': np.float64(0.9999999964885107), 'Mean': np.float64(0.9999999966202513), 'Std': np.float64(1.2698150788553563e-10)}
2024-11-09 16:56:44,839 - INFO - Bottom 10 Mean Stats: {'Max': np.float64(104.0), 'Min': np.float64(73.0), 'Mean': np.float64(82.9), 'Std': np.float64(10.3)}
2024-11-09 16:56:44,839 - INFO - Bottom 10 Std Stats: {'Max': np.float64(0.0), 'Min': np.float64(0.0), 'Mean': np.float64(0.0), 'Std': np.float64(0.0)}
[I 2024-11-09 16:56:44,861] Trial 78 finished with value: 55.0 and parameters: {'x_0': 2, 'x_1': 1, 'x_2': 4, 'x_3': -5, 'x_4': -3}. Best is trial 2 with value: 13.0.
2024-11-09 16:56:53,903 - INFO - Candidate Mean Stats: {'Max': np.float64(104.0), 'Min': np.float64(-7.633893517322577e-14), 'Mean': np.float64(0.025861373105413806), 'Std': np.float64(1.2450204755376968)}
2024-11-09 16:56:53,904 - INFO - Candidate Std Stats: {'Max': np.float64(0.9999999965634832), 'Min': np.float64(0.0), 'Mean': np.float64(0.9995094596655215), 'Std': np.float64(0.02214243020531292)}
2024-11-09 16:56:53,921 - INFO - Top 10 Mean Stats: {'Max': np.float64(5.284661597215745e-15), 'Min': np.float64(-2.8255175976710233e-15), 'Mean': np.float64(9.325873406851315e-16), 'Std': np.float64(2.520727087643028e-15)}
2024-11-09 16:56:53,922 - INFO - Top 10 Std Stats: {'Max': np.float64(0.9999999965634832), 'Min': np.float64(0.9999999962378442), 'Mean': np.float64(0.9999999963457114), 'Std': np.float64(8.932250461250868e-11)}
2024-11-09 16:56:53,922 - INFO - Bottom 10 Mean Stats: {'Max': np.float64(104.0), 'Min': np.float64(73.0), 'Mean': np.float64(82.9), 'Std': np.float64(10.3)}
2024-11-09 16:56:53,923 - INFO - Bottom 10 Std Stats: {'Max': np.float64(0.0), 'Min': np.float64(0.0), 'Mean': np.float64(0.0), 'Std': np.float64(0.0)}
