[I 2024-11-09 16:45:30,019] Trial 31 finished with value: 77.0 and parameters: {'x_0': 4, 'x_1': 4, 'x_2': 4, 'x_3': -5, 'x_4': -2}. Best is trial 3 with value: 15.0.
2024-11-09 16:45:37,983 - INFO - Candidate Mean Stats: {'Max': np.float64(92.0), 'Min': np.float64(-9.758860386455126e-14), 'Mean': np.float64(0.010419059800932644), 'Std': np.float64(0.802912550334065)}
2024-11-09 16:45:37,985 - INFO - Candidate Std Stats: {'Max': np.float64(0.9999999958176407), 'Min': np.float64(0.0), 'Mean': np.float64(0.9998012884270537), 'Std': np.float64(0.014094514432573275)}
2024-11-09 16:45:38,024 - INFO - Top 10 Mean Stats: {'Max': np.float64(5.040759476493406e-15), 'Min': np.float64(-2.481348460037225e-15), 'Mean': np.float64(8.009738705627712e-16), 'Std': np.float64(2.5166889307134388e-15)}
2024-11-09 16:45:38,025 - INFO - Top 10 Std Stats: {'Max': np.float64(0.9999999958176407), 'Min': np.float64(0.9999999948787491), 'Mean': np.float64(0.9999999951599834), 'Std': np.float64(3.0125265499711475e-10)}
2024-11-09 16:45:38,025 - INFO - Bottom 10 Mean Stats: {'Max': np.float64(92.0), 'Min': np.float64(65.0), 'Mean': np.float64(79.8), 'Std': np.float64(8.874683092933516)}
2024-11-09 16:45:38,025 - INFO - Bottom 10 Std Stats: {'Max': np.float64(0.0), 'Min': np.float64(0.0), 'Mean': np.float64(0.0), 'Std': np.float64(0.0)}
[I 2024-11-09 16:45:38,066] Trial 32 finished with value: 45.0 and parameters: {'x_0': -5, 'x_1': 1, 'x_2': -3, 'x_3': 1, 'x_4': 3}. Best is trial 3 with value: 15.0.
2024-11-09 16:45:44,350 - INFO - Candidate Mean Stats: {'Max': np.float64(92.0), 'Min': np.float64(-9.064970996064403e-14), 'Mean': np.float64(0.010698474396309216), 'Std': np.float64(0.8107011284860947)}
2024-11-09 16:45:44,352 - INFO - Candidate Std Stats: {'Max': np.float64(0.9999999954630164), 'Min': np.float64(0.0), 'Mean': np.float64(0.9997950789434428), 'Std': np.float64(0.014313002618962319)}
2024-11-09 16:45:44,381 - INFO - Top 10 Mean Stats: {'Max': np.float64(3.197442310920451e-15), 'Min': np.float64(-2.7366997557010107e-15), 'Mean': np.float64(7.696621118213898e-16), 'Std': np.float64(1.4682264272100418e-15)}
2024-11-09 16:45:44,381 - INFO - Top 10 Std Stats: {'Max': np.float64(0.9999999954630164), 'Min': np.float64(0.9999999950343429), 'Mean': np.float64(0.9999999951701899), 'Std': np.float64(1.3929023876304055e-10)}
2024-11-09 16:45:44,381 - INFO - Bottom 10 Mean Stats: {'Max': np.float64(92.0), 'Min': np.float64(65.0), 'Mean': np.float64(79.8), 'Std': np.float64(8.874683092933516)}
2024-11-09 16:45:44,381 - INFO - Bottom 10 Std Stats: {'Max': np.float64(0.0), 'Min': np.float64(0.0), 'Mean': np.float64(0.0), 'Std': np.float64(0.0)}
[I 2024-11-09 16:45:44,429] Trial 33 finished with value: 75.0 and parameters: {'x_0': 5, 'x_1': 0, 'x_2': 5, 'x_3': 4, 'x_4': 3}. Best is trial 3 with value: 15.0.
2024-11-09 16:45:53,723 - INFO - Candidate Mean Stats: {'Max': np.float64(92.0), 'Min': np.float64(-1.0611511669367246e-13), 'Mean': np.float64(0.011164165388603584), 'Std': np.float64(0.8319573083495867)}
2024-11-09 16:45:53,724 - INFO - Candidate Std Stats: {'Max': np.float64(0.9999999953022054), 'Min': np.float64(0.0), 'Mean': np.float64(0.9997888696964389), 'Std': np.float64(0.014528202704923741)}
2024-11-09 16:45:53,761 - INFO - Top 10 Mean Stats: {'Max': np.float64(4.984901380566953e-15), 'Min': np.float64(-8.415490526658686e-15), 'Mean': np.float64(-5.528910662633282e-16), 'Std': np.float64(4.545194080139612e-15)}
2024-11-09 16:45:53,761 - INFO - Top 10 Std Stats: {'Max': np.float64(0.9999999953022054), 'Min': np.float64(0.9999999946067605), 'Mean': np.float64(0.9999999948206607), 'Std': np.float64(2.0183520439523165e-10)}
2024-11-09 16:45:53,761 - INFO - Bottom 10 Mean Stats: {'Max': np.float64(92.0), 'Min': np.float64(68.0), 'Mean': np.float64(80.8), 'Std': np.float64(7.626270385975047)}
2024-11-09 16:45:53,761 - INFO - Bottom 10 Std Stats: {'Max': np.float64(0.0), 'Min': np.float64(0.0), 'Mean': np.float64(0.0), 'Std': np.float64(0.0)}
[I 2024-11-09 16:45:53,801] Trial 34 finished with value: 30.0 and parameters: {'x_0': 0, 'x_1': -1, 'x_2': -3, 'x_3': -4, 'x_4': -2}. Best is trial 3 with value: 15.0.
2024-11-09 16:46:04,540 - INFO - Candidate Mean Stats: {'Max': np.float64(92.0), 'Min': np.float64(-1.0459966226505912e-13), 'Mean': np.float64(0.011350441785521359), 'Std': np.float64(0.8353065670063411)}
2024-11-09 16:46:04,541 - INFO - Candidate Std Stats: {'Max': np.float64(0.9999999976988513), 'Min': np.float64(0.0), 'Mean': np.float64(0.9997826608308786), 'Std': np.float64(0.014740258707247354)}
2024-11-09 16:46:04,574 - INFO - Top 10 Mean Stats: {'Max': np.float64(2.4424906541753444e-15), 'Min': np.float64(-1.2434497875801752e-15), 'Mean': np.float64(3.2862601528904633e-16), 'Std': np.float64(1.2097172666683315e-15)}
2024-11-09 16:46:04,574 - INFO - Top 10 Std Stats: {'Max': np.float64(0.9999999976988513), 'Min': np.float64(0.9999999973563293), 'Mean': np.float64(0.9999999975004474), 'Std': np.float64(1.121499417242966e-10)}
2024-11-09 16:46:04,575 - INFO - Bottom 10 Mean Stats: {'Max': np.float64(92.0), 'Min': np.float64(68.0), 'Mean': np.float64(80.8), 'Std': np.float64(7.626270385975047)}
2024-11-09 16:46:04,575 - INFO - Bottom 10 Std Stats: {'Max': np.float64(0.0), 'Min': np.float64(0.0), 'Mean': np.float64(0.0), 'Std': np.float64(0.0)}
[I 2024-11-09 16:46:04,619] Trial 35 finished with value: 34.0 and parameters: {'x_0': 2, 'x_1': -5, 'x_2': 2, 'x_3': 0, 'x_4': 1}. Best is trial 3 with value: 15.0.
2024-11-09 16:46:15,455 - INFO - Candidate Mean Stats: {'Max': np.float64(92.0), 'Min': np.float64(-7.83928477687823e-14), 'Mean': np.float64(0.01156155503536148), 'Std': np.float64(0.839589229535714)}
2024-11-09 16:46:15,456 - INFO - Candidate Std Stats: {'Max': np.float64(0.9999999959187374), 'Min': np.float64(0.0), 'Mean': np.float64(0.9997764517120783), 'Std': np.float64(0.014949304414071132)}
2024-11-09 16:46:15,502 - INFO - Top 10 Mean Stats: {'Max': np.float64(3.03368441478824e-15), 'Min': np.float64(-3.649858193455202e-15), 'Mean': np.float64(-8.595207878769884e-16), 'Std': np.float64(1.8454612631650472e-15)}
2024-11-09 16:46:15,502 - INFO - Top 10 Std Stats: {'Max': np.float64(0.9999999959187374), 'Min': np.float64(0.9999999950741977), 'Mean': np.float64(0.999999995408643), 'Std': np.float64(3.0928646302739747e-10)}
2024-11-09 16:46:15,503 - INFO - Bottom 10 Mean Stats: {'Max': np.float64(92.0), 'Min': np.float64(68.0), 'Mean': np.float64(80.8), 'Std': np.float64(7.626270385975047)}
2024-11-09 16:46:15,503 - INFO - Bottom 10 Std Stats: {'Max': np.float64(0.0), 'Min': np.float64(0.0), 'Mean': np.float64(0.0), 'Std': np.float64(0.0)}
[I 2024-11-09 16:46:15,580] Trial 36 finished with value: 64.0 and parameters: {'x_0': 5, 'x_1': -3, 'x_2': -5, 'x_3': 1, 'x_4': 2}. Best is trial 3 with value: 15.0.
2024-11-09 16:46:27,484 - INFO - Candidate Mean Stats: {'Max': np.float64(92.0), 'Min': np.float64(-7.100986465502501e-14), 'Mean': np.float64(0.01195894468211931), 'Std': np.float64(0.854595614862259)}
2024-11-09 16:46:27,485 - INFO - Candidate Std Stats: {'Max': np.float64(0.9999999955290118), 'Min': np.float64(0.0), 'Mean': np.float64(0.999770242872943), 'Std': np.float64(0.015155464400497408)}
2024-11-09 16:46:27,555 - INFO - Top 10 Mean Stats: {'Max': np.float64(4.1966430330830914e-15), 'Min': np.float64(-2.842170943040401e-15), 'Mean': np.float64(1.1726730697603214e-15), 'Std': np.float64(1.9625854469744457e-15)}
2024-11-09 16:46:27,555 - INFO - Top 10 Std Stats: {'Max': np.float64(0.9999999955290118), 'Min': np.float64(0.9999999950472915), 'Mean': np.float64(0.9999999952650678), 'Std': np.float64(1.5206700708895406e-10)}
2024-11-09 16:46:27,556 - INFO - Bottom 10 Mean Stats: {'Max': np.float64(92.0), 'Min': np.float64(68.0), 'Mean': np.float64(80.8), 'Std': np.float64(7.626270385975047)}
2024-11-09 16:46:27,557 - INFO - Bottom 10 Std Stats: {'Max': np.float64(0.0), 'Min': np.float64(0.0), 'Mean': np.float64(0.0), 'Std': np.float64(0.0)}
[I 2024-11-09 16:46:27,598] Trial 37 finished with value: 19.0 and parameters: {'x_0': -2, 'x_1': -1, 'x_2': -1, 'x_3': 2, 'x_4': -3}. Best is trial 3 with value: 15.0.
2024-11-09 16:46:37,851 - INFO - Candidate Mean Stats: {'Max': np.float64(92.0), 'Min': np.float64(-8.041345367360008e-14), 'Mean': np.float64(0.012076919733500549), 'Std': np.float64(0.8559044077966339)}
2024-11-09 16:46:37,852 - INFO - Candidate Std Stats: {'Max': np.float64(0.9999999954138848), 'Min': np.float64(0.0), 'Mean': np.float64(0.9997640326484437), 'Std': np.float64(0.015358854845717165)}
2024-11-09 16:46:37,894 - INFO - Top 10 Mean Stats: {'Max': np.float64(5.494910082504134e-15), 'Min': np.float64(-2.180200464607651e-15), 'Mean': np.float64(2.1739554600941343e-16), 'Std': np.float64(2.4495753597786952e-15)}
2024-11-09 16:46:37,894 - INFO - Top 10 Std Stats: {'Max': np.float64(0.9999999954138848), 'Min': np.float64(0.999999994840605), 'Mean': np.float64(0.9999999950526959), 'Std': np.float64(1.7799470301894503e-10)}
2024-11-09 16:46:37,896 - INFO - Bottom 10 Mean Stats: {'Max': np.float64(92.0), 'Min': np.float64(68.0), 'Mean': np.float64(80.8), 'Std': np.float64(7.626270385975047)}
2024-11-09 16:46:37,896 - INFO - Bottom 10 Std Stats: {'Max': np.float64(0.0), 'Min': np.float64(0.0), 'Mean': np.float64(0.0), 'Std': np.float64(0.0)}
[I 2024-11-09 16:46:37,929] Trial 38 finished with value: 23.0 and parameters: {'x_0': -2, 'x_1': -1, 'x_2': -4, 'x_3': -1, 'x_4': -1}. Best is trial 3 with value: 15.0.
2024-11-09 16:46:52,753 - INFO - Candidate Mean Stats: {'Max': np.float64(92.0), 'Min': np.float64(-1.148858785882112e-13), 'Mean': np.float64(0.012219731637804165), 'Std': np.float64(0.8578190713860582)}
2024-11-09 16:46:52,755 - INFO - Candidate Std Stats: {'Max': np.float64(0.9999999947848034), 'Min': np.float64(0.0), 'Mean': np.float64(0.9997578234909247), 'Std': np.float64(0.015559584394573354)}
2024-11-09 16:46:52,795 - INFO - Top 10 Mean Stats: {'Max': np.float64(6.0285110237146e-15), 'Min': np.float64(-3.0531133177191805e-15), 'Mean': np.float64(2.1296159280481676e-15), 'Std': np.float64(3.2523190487681836e-15)}
2024-11-09 16:46:52,795 - INFO - Top 10 Std Stats: {'Max': np.float64(0.9999999947848034), 'Min': np.float64(0.9999999939064794), 'Mean': np.float64(0.9999999941476639), 'Std': np.float64(2.589083670215745e-10)}
2024-11-09 16:46:52,796 - INFO - Bottom 10 Mean Stats: {'Max': np.float64(92.0), 'Min': np.float64(68.0), 'Mean': np.float64(80.8), 'Std': np.float64(7.626270385975047)}
2024-11-09 16:46:52,796 - INFO - Bottom 10 Std Stats: {'Max': np.float64(0.0), 'Min': np.float64(0.0), 'Mean': np.float64(0.0), 'Std': np.float64(0.0)}
[I 2024-11-09 16:46:52,855] Trial 39 finished with value: 84.0 and parameters: {'x_0': 4, 'x_1': -5, 'x_2': -3, 'x_3': 3, 'x_4': -5}. Best is trial 3 with value: 15.0.
2024-11-09 16:47:02,758 - INFO - Candidate Mean Stats: {'Max': np.float64(92.0), 'Min': np.float64(-1.1042278202921807e-13), 'Mean': np.float64(0.012741305549173904), 'Std': np.float64(0.8829794724470641)}
2024-11-09 16:47:02,759 - INFO - Candidate Std Stats: {'Max': np.float64(0.9999999953821231), 'Min': np.float64(0.0), 'Mean': np.float64(0.9997516147015177), 'Std': np.float64(0.015757754724816345)}
2024-11-09 16:47:02,790 - INFO - Top 10 Mean Stats: {'Max': np.float64(2.99482660892636e-15), 'Min': np.float64(-4.378442053365461e-15), 'Mean': np.float64(-4.582445534140333e-16), 'Std': np.float64(2.1480906618314306e-15)}
2024-11-09 16:47:02,790 - INFO - Top 10 Std Stats: {'Max': np.float64(0.9999999953821231), 'Min': np.float64(0.9999999946319039), 'Mean': np.float64(0.9999999948574253), 'Std': np.float64(2.351323470735986e-10)}
2024-11-09 16:47:02,790 - INFO - Bottom 10 Mean Stats: {'Max': np.float64(92.0), 'Min': np.float64(74.0), 'Mean': np.float64(82.4), 'Std': np.float64(6.343500610861483)}
2024-11-09 16:47:02,791 - INFO - Bottom 10 Std Stats: {'Max': np.float64(0.0), 'Min': np.float64(0.0), 'Mean': np.float64(0.0), 'Std': np.float64(0.0)}
[I 2024-11-09 16:47:02,822] Trial 40 finished with value: 26.0 and parameters: {'x_0': -2, 'x_1': -2, 'x_2': -1, 'x_3': 4, 'x_4': 1}. Best is trial 3 with value: 15.0.
2024-11-09 16:47:11,156 - INFO - Candidate Mean Stats: {'Max': np.float64(92.0), 'Min': np.float64(-7.29027949120109e-14), 'Mean': np.float64(0.012902745093169273), 'Std': np.float64(0.8853507988040296)}
2024-11-09 16:47:11,157 - INFO - Candidate Std Stats: {'Max': np.float64(0.999999995809658), 'Min': np.float64(0.0), 'Mean': np.float64(0.99974540516453), 'Std': np.float64(0.015953461189482685)}
2024-11-09 16:47:11,194 - INFO - Top 10 Mean Stats: {'Max': np.float64(3.26405569239796e-15), 'Min': np.float64(-2.8199664825478975e-15), 'Mean': np.float64(-1.720151798778602e-16), 'Std': np.float64(1.908529579154004e-15)}
2024-11-09 16:47:11,194 - INFO - Top 10 Std Stats: {'Max': np.float64(0.999999995809658), 'Min': np.float64(0.9999999953693346), 'Mean': np.float64(0.9999999955255567), 'Std': np.float64(1.5263891054297695e-10)}
2024-11-09 16:47:11,194 - INFO - Bottom 10 Mean Stats: {'Max': np.float64(92.0), 'Min': np.float64(74.0), 'Mean': np.float64(82.4), 'Std': np.float64(6.343500610861483)}
2024-11-09 16:47:11,194 - INFO - Bottom 10 Std Stats: {'Max': np.float64(0.0), 'Min': np.float64(0.0), 'Mean': np.float64(0.0), 'Std': np.float64(0.0)}
[I 2024-11-09 16:47:11,229] Trial 41 finished with value: 60.0 and parameters: {'x_0': -1, 'x_1': 5, 'x_2': -5, 'x_3': 3, 'x_4': 0}. Best is trial 3 with value: 15.0.
2024-11-09 16:47:18,799 - INFO - Candidate Mean Stats: {'Max': np.float64(92.0), 'Min': np.float64(-8.071321389024888e-14), 'Mean': np.float64(0.013275297887004758), 'Std': np.float64(0.897880533183571)}
2024-11-09 16:47:18,800 - INFO - Candidate Std Stats: {'Max': np.float64(0.9999999957837834), 'Min': np.float64(0.0), 'Mean': np.float64(0.9997391957985476), 'Std': np.float64(0.016146793392301798)}
2024-11-09 16:47:18,832 - INFO - Top 10 Mean Stats: {'Max': np.float64(3.68594044175552e-15), 'Min': np.float64(-6.1284310959308644e-15), 'Mean': np.float64(-9.908740494779525e-17), 'Std': np.float64(2.819774235851528e-15)}
2024-11-09 16:47:18,832 - INFO - Top 10 Std Stats: {'Max': np.float64(0.9999999957837834), 'Min': np.float64(0.999999995269031), 'Mean': np.float64(0.9999999955037836), 'Std': np.float64(1.9547889151852982e-10)}
2024-11-09 16:47:18,832 - INFO - Bottom 10 Mean Stats: {'Max': np.float64(92.0), 'Min': np.float64(74.0), 'Mean': np.float64(82.4), 'Std': np.float64(6.343500610861483)}
2024-11-09 16:47:18,832 - INFO - Bottom 10 Std Stats: {'Max': np.float64(0.0), 'Min': np.float64(0.0), 'Mean': np.float64(0.0), 'Std': np.float64(0.0)}
[I 2024-11-09 16:47:18,866] Trial 42 finished with value: 63.0 and parameters: {'x_0': -2, 'x_1': -3, 'x_2': 4, 'x_3': -5, 'x_4': 3}. Best is trial 3 with value: 15.0.
2024-11-09 16:47:26,665 - INFO - Candidate Mean Stats: {'Max': np.float64(92.0), 'Min': np.float64(-8.129052986305397e-14), 'Mean': np.float64(0.013666478320532017), 'Std': np.float64(0.9114950795734086)}
2024-11-09 16:47:26,666 - INFO - Candidate Std Stats: {'Max': np.float64(0.9999999952686612), 'Min': np.float64(0.0), 'Mean': np.float64(0.9997329868675737), 'Std': np.float64(0.01633783562479646)}
2024-11-09 16:47:26,699 - INFO - Top 10 Mean Stats: {'Max': np.float64(5.728750807065808e-15), 'Min': np.float64(-6.883382752675971e-16), 'Mean': np.float64(2.4030777368011513e-15), 'Std': np.float64(2.318074756709962e-15)}
2024-11-09 16:47:26,699 - INFO - Top 10 Std Stats: {'Max': np.float64(0.9999999952686612), 'Min': np.float64(0.9999999946259207), 'Mean': np.float64(0.9999999947804519), 'Std': np.float64(1.8555358973165877e-10)}
2024-11-09 16:47:26,699 - INFO - Bottom 10 Mean Stats: {'Max': np.float64(92.0), 'Min': np.float64(74.0), 'Mean': np.float64(82.4), 'Std': np.float64(6.343500610861483)}
2024-11-09 16:47:26,699 - INFO - Bottom 10 Std Stats: {'Max': np.float64(0.0), 'Min': np.float64(0.0), 'Mean': np.float64(0.0), 'Std': np.float64(0.0)}
[I 2024-11-09 16:47:26,733] Trial 43 finished with value: 53.0 and parameters: {'x_0': 1, 'x_1': -5, 'x_2': -1, 'x_3': -1, 'x_4': 5}. Best is trial 3 with value: 15.0.
2024-11-09 16:47:36,228 - INFO - Candidate Mean Stats: {'Max': np.float64(92.0), 'Min': np.float64(-7.324835182842549e-14), 'Mean': np.float64(0.013995566621753382), 'Std': np.float64(0.9210080655433415)}
2024-11-09 16:47:36,235 - INFO - Candidate Std Stats: {'Max': np.float64(0.999999997949327), 'Min': np.float64(0.0), 'Mean': np.float64(0.9997267779586133), 'Std': np.float64(0.01652666729448001)}
2024-11-09 16:47:36,282 - INFO - Top 10 Mean Stats: {'Max': np.float64(1.432187701766452e-15), 'Min': np.float64(-1.6986412276764896e-15), 'Mean': np.float64(-4.5935477643865865e-17), 'Std': np.float64(1.0031731391810475e-15)}
2024-11-09 16:47:36,282 - INFO - Top 10 Std Stats: {'Max': np.float64(0.999999997949327), 'Min': np.float64(0.9999999974345287), 'Mean': np.float64(0.9999999976037174), 'Std': np.float64(1.6135162145807015e-10)}
2024-11-09 16:47:36,283 - INFO - Bottom 10 Mean Stats: {'Max': np.float64(92.0), 'Min': np.float64(74.0), 'Mean': np.float64(82.4), 'Std': np.float64(6.343500610861483)}
2024-11-09 16:47:36,283 - INFO - Bottom 10 Std Stats: {'Max': np.float64(0.0), 'Min': np.float64(0.0), 'Mean': np.float64(0.0), 'Std': np.float64(0.0)}
[I 2024-11-09 16:47:36,341] Trial 44 finished with value: 42.0 and parameters: {'x_0': 1, 'x_1': 0, 'x_2': 4, 'x_3': -4, 'x_4': 3}. Best is trial 3 with value: 15.0.
2024-11-09 16:47:43,585 - INFO - Candidate Mean Stats: {'Max': np.float64(92.0), 'Min': np.float64(-1.0311751452718453e-13), 'Mean': np.float64(0.01425635357743822), 'Std': np.float64(0.926931249447547)}
2024-11-09 16:47:43,587 - INFO - Candidate Std Stats: {'Max': np.float64(0.9999999952399423), 'Min': np.float64(0.0), 'Mean': np.float64(0.9997205684290267), 'Std': np.float64(0.016713363317240538)}
2024-11-09 16:47:43,621 - INFO - Top 10 Mean Stats: {'Max': np.float64(5.226374888422925e-15), 'Min': np.float64(-5.2291504459844875e-15), 'Mean': np.float64(3.7247982476173997e-16), 'Std': np.float64(2.9339270902410653e-15)}
2024-11-09 16:47:43,622 - INFO - Top 10 Std Stats: {'Max': np.float64(0.9999999952399423), 'Min': np.float64(0.9999999947492226), 'Mean': np.float64(0.999999994905315), 'Std': np.float64(1.6081554137101772e-10)}
2024-11-09 16:47:43,623 - INFO - Bottom 10 Mean Stats: {'Max': np.float64(92.0), 'Min': np.float64(74.0), 'Mean': np.float64(82.4), 'Std': np.float64(6.343500610861483)}
2024-11-09 16:47:43,623 - INFO - Bottom 10 Std Stats: {'Max': np.float64(0.0), 'Min': np.float64(0.0), 'Mean': np.float64(0.0), 'Std': np.float64(0.0)}
[I 2024-11-09 16:47:43,659] Trial 45 finished with value: 98.0 and parameters: {'x_0': 5, 'x_1': 4, 'x_2': 4, 'x_3': -4, 'x_4': 5}. Best is trial 3 with value: 15.0.
2024-11-09 16:47:53,430 - INFO - Candidate Mean Stats: {'Max': np.float64(98.0), 'Min': np.float64(-5.799805080641818e-14), 'Mean': np.float64(0.014864856474036205), 'Std': np.float64(0.9585494795410004)}
2024-11-09 16:47:53,431 - INFO - Candidate Std Stats: {'Max': np.float64(0.9999999963854019), 'Min': np.float64(0.0), 'Mean': np.float64(0.9997143613689878), 'Std': np.float64(0.016897994531302432)}
2024-11-09 16:47:53,461 - INFO - Top 10 Mean Stats: {'Max': np.float64(4.418687638008123e-15), 'Min': np.float64(-4.574118861455645e-15), 'Mean': np.float64(-6.072919944699607e-16), 'Std': np.float64(2.2992812653909227e-15)}
2024-11-09 16:47:53,461 - INFO - Top 10 Std Stats: {'Max': np.float64(0.9999999963854019), 'Min': np.float64(0.999999995721737), 'Mean': np.float64(0.9999999960405404), 'Std': np.float64(2.1059999367156707e-10)}
2024-11-09 16:47:53,462 - INFO - Bottom 10 Mean Stats: {'Max': np.float64(98.0), 'Min': np.float64(75.0), 'Mean': np.float64(84.8), 'Std': np.float64(7.19444229944198)}
2024-11-09 16:47:53,462 - INFO - Bottom 10 Std Stats: {'Max': np.float64(0.0), 'Min': np.float64(0.0), 'Mean': np.float64(0.0), 'Std': np.float64(0.0)}
[I 2024-11-09 16:47:53,498] Trial 46 finished with value: 55.0 and parameters: {'x_0': 2, 'x_1': 1, 'x_2': 0, 'x_3': 5, 'x_4': 5}. Best is trial 3 with value: 15.0.
2024-11-09 16:48:02,604 - INFO - Candidate Mean Stats: {'Max': np.float64(98.0), 'Min': np.float64(-9.362510766663945e-14), 'Mean': np.float64(0.015206363201718719), 'Std': np.float64(0.9682921590238318)}
2024-11-09 16:48:02,606 - INFO - Candidate Std Stats: {'Max': np.float64(0.9999999987583871), 'Min': np.float64(0.0), 'Mean': np.float64(0.9997081515756188), 'Std': np.float64(0.017080627808580422)}
2024-11-09 16:48:02,634 - INFO - Top 10 Mean Stats: {'Max': np.float64(2.0705659409259168e-15), 'Min': np.float64(-4.773959005888173e-16), 'Mean': np.float64(4.757305660518796e-16), 'Std': np.float64(6.791446227941449e-16)}
2024-11-09 16:48:02,634 - INFO - Top 10 Std Stats: {'Max': np.float64(0.9999999987583871), 'Min': np.float64(0.9999999983708721), 'Mean': np.float64(0.9999999985335372), 'Std': np.float64(1.2978523915613455e-10)}
2024-11-09 16:48:02,634 - INFO - Bottom 10 Mean Stats: {'Max': np.float64(98.0), 'Min': np.float64(75.0), 'Mean': np.float64(84.8), 'Std': np.float64(7.19444229944198)}
2024-11-09 16:48:02,634 - INFO - Bottom 10 Std Stats: {'Max': np.float64(0.0), 'Min': np.float64(0.0), 'Mean': np.float64(0.0), 'Std': np.float64(0.0)}
