[I 2024-11-09 17:27:51,315] Trial 271 finished with value: 14.0 and parameters: {'x_0': 0, 'x_1': 2, 'x_2': 0, 'x_3': -1, 'x_4': -3}. Best is trial 176 with value: 7.0.
2024-11-09 17:27:58,183 - INFO - Candidate Mean Stats: {'Max': np.float64(107.0), 'Min': np.float64(-4.564126854234019e-14), 'Mean': np.float64(0.08718356297073598), 'Std': np.float64(2.2564238067796847)}
2024-11-09 17:27:58,184 - INFO - Candidate Std Stats: {'Max': np.float64(0.9999999973799986), 'Min': np.float64(0.0), 'Mean': np.float64(0.9983110832443952), 'Std': np.float64(0.04106158251837924)}
2024-11-09 17:27:58,207 - INFO - Top 10 Mean Stats: {'Max': np.float64(4.499178807293447e-15), 'Min': np.float64(-1.8818280267396403e-15), 'Mean': np.float64(4.130029651605582e-16), 'Std': np.float64(1.7530839030061047e-15)}
2024-11-09 17:27:58,207 - INFO - Top 10 Std Stats: {'Max': np.float64(0.9999999973799986), 'Min': np.float64(0.9999999966607832), 'Mean': np.float64(0.9999999969074282), 'Std': np.float64(2.2140326335758796e-10)}
2024-11-09 17:27:58,208 - INFO - Bottom 10 Mean Stats: {'Max': np.float64(107.0), 'Min': np.float64(84.0), 'Mean': np.float64(92.7), 'Std': np.float64(7.5372408744845085)}
2024-11-09 17:27:58,208 - INFO - Bottom 10 Std Stats: {'Max': np.float64(0.0), 'Min': np.float64(0.0), 'Mean': np.float64(0.0), 'Std': np.float64(0.0)}
[I 2024-11-09 17:27:58,239] Trial 272 finished with value: 64.0 and parameters: {'x_0': 5, 'x_1': -5, 'x_2': -2, 'x_3': 1, 'x_4': 3}. Best is trial 176 with value: 7.0.
2024-11-09 17:28:04,678 - INFO - Candidate Mean Stats: {'Max': np.float64(107.0), 'Min': np.float64(-5.1358917119159744e-14), 'Mean': np.float64(0.08758095261749387), 'Std': np.float64(2.2620371092414713)}
2024-11-09 17:28:04,679 - INFO - Candidate Std Stats: {'Max': np.float64(0.9999999971638501), 'Min': np.float64(0.0), 'Mean': np.float64(0.9983048734730988), 'Std': np.float64(0.041136866166608166)}
2024-11-09 17:28:04,702 - INFO - Top 10 Mean Stats: {'Max': np.float64(2.1538326677728035e-15), 'Min': np.float64(-4.374278717023117e-15), 'Mean': np.float64(-8.085199176832701e-16), 'Std': np.float64(1.9042428879556e-15)}
2024-11-09 17:28:04,702 - INFO - Top 10 Std Stats: {'Max': np.float64(0.9999999971638501), 'Min': np.float64(0.9999999969475414), 'Mean': np.float64(0.9999999970358242), 'Std': np.float64(6.367497958392933e-11)}
2024-11-09 17:28:04,702 - INFO - Bottom 10 Mean Stats: {'Max': np.float64(107.0), 'Min': np.float64(84.0), 'Mean': np.float64(92.7), 'Std': np.float64(7.5372408744845085)}
2024-11-09 17:28:04,702 - INFO - Bottom 10 Std Stats: {'Max': np.float64(0.0), 'Min': np.float64(0.0), 'Mean': np.float64(0.0), 'Std': np.float64(0.0)}
[I 2024-11-09 17:28:04,733] Trial 273 finished with value: 34.0 and parameters: {'x_0': -1, 'x_1': 2, 'x_2': 5, 'x_3': 2, 'x_4': 0}. Best is trial 176 with value: 7.0.
2024-11-09 17:28:11,379 - INFO - Candidate Mean Stats: {'Max': np.float64(107.0), 'Min': np.float64(-6.174505351452808e-14), 'Mean': np.float64(0.08779206586733394), 'Std': np.float64(2.2636149651635122)}
2024-11-09 17:28:11,380 - INFO - Candidate Std Stats: {'Max': np.float64(0.999999997165889), 'Min': np.float64(0.0), 'Mean': np.float64(0.9982986648129167), 'Std': np.float64(0.04121201140157327)}
2024-11-09 17:28:11,403 - INFO - Top 10 Mean Stats: {'Max': np.float64(5.02028973947688e-15), 'Min': np.float64(-5.093148125467906e-15), 'Mean': np.float64(1.0123846205800633e-16), 'Std': np.float64(2.698478412089867e-15)}
2024-11-09 17:28:11,403 - INFO - Top 10 Std Stats: {'Max': np.float64(0.999999997165889), 'Min': np.float64(0.9999999967372634), 'Mean': np.float64(0.9999999968645723), 'Std': np.float64(1.1530795778805035e-10)}
2024-11-09 17:28:11,403 - INFO - Bottom 10 Mean Stats: {'Max': np.float64(107.0), 'Min': np.float64(84.0), 'Mean': np.float64(92.7), 'Std': np.float64(7.5372408744845085)}
2024-11-09 17:28:11,404 - INFO - Bottom 10 Std Stats: {'Max': np.float64(0.0), 'Min': np.float64(0.0), 'Mean': np.float64(0.0), 'Std': np.float64(0.0)}
[I 2024-11-09 17:28:11,432] Trial 274 finished with value: 70.0 and parameters: {'x_0': 4, 'x_1': 3, 'x_2': -5, 'x_3': 4, 'x_4': 2}. Best is trial 176 with value: 7.0.
2024-11-09 17:28:17,257 - INFO - Candidate Mean Stats: {'Max': np.float64(107.0), 'Min': np.float64(-5.2513549064769904e-14), 'Mean': np.float64(0.08822671079347535), 'Std': np.float64(2.2703086463461144)}
2024-11-09 17:28:17,258 - INFO - Candidate Std Stats: {'Max': np.float64(0.9999999969386932), 'Min': np.float64(0.0), 'Mean': np.float64(0.9982924552751151), 'Std': np.float64(0.04128701889729179)}
2024-11-09 17:28:17,280 - INFO - Top 10 Mean Stats: {'Max': np.float64(1.9984014443252818e-15), 'Min': np.float64(-4.894695759816159e-15), 'Mean': np.float64(-5.449807272128737e-16), 'Std': np.float64(2.0545098209047946e-15)}
2024-11-09 17:28:17,280 - INFO - Top 10 Std Stats: {'Max': np.float64(0.9999999969386932), 'Min': np.float64(0.9999999963592391), 'Mean': np.float64(0.9999999966144746), 'Std': np.float64(2.118785351412059e-10)}
2024-11-09 17:28:17,280 - INFO - Bottom 10 Mean Stats: {'Max': np.float64(107.0), 'Min': np.float64(84.0), 'Mean': np.float64(92.7), 'Std': np.float64(7.5372408744845085)}
2024-11-09 17:28:17,280 - INFO - Bottom 10 Std Stats: {'Max': np.float64(0.0), 'Min': np.float64(0.0), 'Mean': np.float64(0.0), 'Std': np.float64(0.0)}
[I 2024-11-09 17:28:17,313] Trial 275 finished with value: 84.0 and parameters: {'x_0': 3, 'x_1': 5, 'x_2': -4, 'x_3': -3, 'x_4': 5}. Best is trial 176 with value: 7.0.
2024-11-09 17:28:24,748 - INFO - Candidate Mean Stats: {'Max': np.float64(107.0), 'Min': np.float64(-5.724309914967307e-14), 'Mean': np.float64(0.08874828470484504), 'Std': np.float64(2.2799169398660912)}
2024-11-09 17:28:24,748 - INFO - Candidate Std Stats: {'Max': np.float64(0.9999999968576136), 'Min': np.float64(0.0), 'Mean': np.float64(0.9982862455111063), 'Std': np.float64(0.04136188942970589)}
2024-11-09 17:28:24,778 - INFO - Top 10 Mean Stats: {'Max': np.float64(4.746203430272544e-15), 'Min': np.float64(-4.668487818548783e-15), 'Mean': np.float64(1.2490009027033031e-17), 'Std': np.float64(2.5766244729319325e-15)}
2024-11-09 17:28:24,778 - INFO - Top 10 Std Stats: {'Max': np.float64(0.9999999968576136), 'Min': np.float64(0.9999999962540097), 'Mean': np.float64(0.9999999964290431), 'Std': np.float64(1.617808961510192e-10)}
2024-11-09 17:28:24,779 - INFO - Bottom 10 Mean Stats: {'Max': np.float64(107.0), 'Min': np.float64(84.0), 'Mean': np.float64(92.7), 'Std': np.float64(7.5372408744845085)}
2024-11-09 17:28:24,779 - INFO - Bottom 10 Std Stats: {'Max': np.float64(0.0), 'Min': np.float64(0.0), 'Mean': np.float64(0.0), 'Std': np.float64(0.0)}
[I 2024-11-09 17:28:24,885] Trial 276 finished with value: 39.0 and parameters: {'x_0': 3, 'x_1': 4, 'x_2': -1, 'x_3': -2, 'x_4': 3}. Best is trial 176 with value: 7.0.
2024-11-09 17:28:31,520 - INFO - Candidate Mean Stats: {'Max': np.float64(107.0), 'Min': np.float64(-5.861422458508514e-14), 'Mean': np.float64(0.08899044402083814), 'Std': np.float64(2.28197774417787)}
2024-11-09 17:28:31,521 - INFO - Candidate Std Stats: {'Max': np.float64(0.9999999992897788), 'Min': np.float64(0.0), 'Mean': np.float64(0.9982800366202802), 'Std': np.float64(0.041436623786771355)}
2024-11-09 17:28:31,544 - INFO - Top 10 Mean Stats: {'Max': np.float64(6.217248937900876e-16), 'Min': np.float64(-1.5654144647214707e-15), 'Mean': np.float64(-1.8957058145474548e-16), 'Std': np.float64(5.907766934799075e-16)}
2024-11-09 17:28:31,544 - INFO - Top 10 Std Stats: {'Max': np.float64(0.9999999992897788), 'Min': np.float64(0.9999999989529775), 'Mean': np.float64(0.9999999991262495), 'Std': np.float64(1.228245100064322e-10)}
2024-11-09 17:28:31,544 - INFO - Bottom 10 Mean Stats: {'Max': np.float64(107.0), 'Min': np.float64(84.0), 'Mean': np.float64(92.7), 'Std': np.float64(7.5372408744845085)}
2024-11-09 17:28:31,544 - INFO - Bottom 10 Std Stats: {'Max': np.float64(0.0), 'Min': np.float64(0.0), 'Mean': np.float64(0.0), 'Std': np.float64(0.0)}
[I 2024-11-09 17:28:31,579] Trial 277 finished with value: 39.0 and parameters: {'x_0': -3, 'x_1': -2, 'x_2': -4, 'x_3': -1, 'x_4': 3}. Best is trial 176 with value: 7.0.
2024-11-09 17:28:38,963 - INFO - Candidate Mean Stats: {'Max': np.float64(107.0), 'Min': np.float64(-5.785372181321691e-14), 'Mean': np.float64(0.0892326033368312), 'Std': np.float64(2.284036663426314)}
2024-11-09 17:28:38,964 - INFO - Candidate Std Stats: {'Max': np.float64(0.9999999980162945), 'Min': np.float64(0.0), 'Mean': np.float64(0.9982738273282742), 'Std': np.float64(0.04151122265137444)}
2024-11-09 17:28:38,989 - INFO - Top 10 Mean Stats: {'Max': np.float64(2.930988785010413e-15), 'Min': np.float64(-3.214095656289828e-15), 'Mean': np.float64(-5.440092820663266e-16), 'Std': np.float64(1.8287247084349716e-15)}
2024-11-09 17:28:38,989 - INFO - Top 10 Std Stats: {'Max': np.float64(0.9999999980162945), 'Min': np.float64(0.9999999973096757), 'Mean': np.float64(0.9999999975825299), 'Std': np.float64(2.301384948085683e-10)}
2024-11-09 17:28:38,989 - INFO - Bottom 10 Mean Stats: {'Max': np.float64(107.0), 'Min': np.float64(84.0), 'Mean': np.float64(92.7), 'Std': np.float64(7.5372408744845085)}
2024-11-09 17:28:38,990 - INFO - Bottom 10 Std Stats: {'Max': np.float64(0.0), 'Min': np.float64(0.0), 'Mean': np.float64(0.0), 'Std': np.float64(0.0)}
[I 2024-11-09 17:28:39,024] Trial 278 finished with value: 39.0 and parameters: {'x_0': 2, 'x_1': 0, 'x_2': 5, 'x_3': -1, 'x_4': -3}. Best is trial 176 with value: 7.0.
2024-11-09 17:28:45,525 - INFO - Candidate Mean Stats: {'Max': np.float64(107.0), 'Min': np.float64(-8.26561041833429e-14), 'Mean': np.float64(0.08947476265282424), 'Std': np.float64(2.286093702704643)}
2024-11-09 17:28:45,527 - INFO - Candidate Std Stats: {'Max': np.float64(0.9999999974112975), 'Min': np.float64(0.0), 'Mean': np.float64(0.9982676183267778), 'Std': np.float64(0.041585686781312935)}
2024-11-09 17:28:45,553 - INFO - Top 10 Mean Stats: {'Max': np.float64(2.2815083156046968e-15), 'Min': np.float64(-2.1815882433884324e-15), 'Mean': np.float64(4.596323321948149e-16), 'Std': np.float64(1.3930795203283944e-15)}
2024-11-09 17:28:45,554 - INFO - Top 10 Std Stats: {'Max': np.float64(0.9999999974112975), 'Min': np.float64(0.9999999970251431), 'Mean': np.float64(0.999999997176537), 'Std': np.float64(1.3915103725951254e-10)}
2024-11-09 17:28:45,554 - INFO - Bottom 10 Mean Stats: {'Max': np.float64(107.0), 'Min': np.float64(84.0), 'Mean': np.float64(92.7), 'Std': np.float64(7.5372408744845085)}
2024-11-09 17:28:45,554 - INFO - Bottom 10 Std Stats: {'Max': np.float64(0.0), 'Min': np.float64(0.0), 'Mean': np.float64(0.0), 'Std': np.float64(0.0)}
[I 2024-11-09 17:28:45,600] Trial 279 finished with value: 72.0 and parameters: {'x_0': 2, 'x_1': -3, 'x_2': 5, 'x_3': -3, 'x_4': -5}. Best is trial 176 with value: 7.0.
2024-11-09 17:28:52,234 - INFO - Candidate Mean Stats: {'Max': np.float64(107.0), 'Min': np.float64(-1.225908263791098e-13), 'Mean': np.float64(0.08992182600542688), 'Std': np.float64(2.293105487606892)}
2024-11-09 17:28:52,235 - INFO - Candidate Std Stats: {'Max': np.float64(0.9999999987996272), 'Min': np.float64(0.0), 'Mean': np.float64(0.99826140881021), 'Std': np.float64(0.041660016865581885)}
2024-11-09 17:28:52,258 - INFO - Top 10 Mean Stats: {'Max': np.float64(1.9817480989559046e-15), 'Min': np.float64(-1.0325074129013957e-15), 'Mean': np.float64(4.14668299697496e-16), 'Std': np.float64(7.4837617476268e-16)}
2024-11-09 17:28:52,259 - INFO - Top 10 Std Stats: {'Max': np.float64(0.9999999987996272), 'Min': np.float64(0.9999999983719491), 'Mean': np.float64(0.9999999985457618), 'Std': np.float64(1.2032225888228938e-10)}
2024-11-09 17:28:52,259 - INFO - Bottom 10 Mean Stats: {'Max': np.float64(107.0), 'Min': np.float64(84.0), 'Mean': np.float64(92.7), 'Std': np.float64(7.5372408744845085)}
2024-11-09 17:28:52,259 - INFO - Bottom 10 Std Stats: {'Max': np.float64(0.0), 'Min': np.float64(0.0), 'Mean': np.float64(0.0), 'Std': np.float64(0.0)}
[I 2024-11-09 17:28:52,290] Trial 280 finished with value: 51.0 and parameters: {'x_0': 1, 'x_1': -3, 'x_2': -4, 'x_3': 5, 'x_4': 0}. Best is trial 176 with value: 7.0.
2024-11-09 17:29:00,611 - INFO - Candidate Mean Stats: {'Max': np.float64(107.0), 'Min': np.float64(-5.582895257205678e-14), 'Mean': np.float64(0.09023849588018702), 'Std': np.float64(2.2966118282284973)}
2024-11-09 17:29:00,612 - INFO - Candidate Std Stats: {'Max': np.float64(0.9999999970304151), 'Min': np.float64(0.0), 'Mean': np.float64(0.9982552000519006), 'Std': np.float64(0.041734213673405594)}
2024-11-09 17:29:00,638 - INFO - Top 10 Mean Stats: {'Max': np.float64(2.7755575615628914e-15), 'Min': np.float64(-2.7533531010703883e-15), 'Mean': np.float64(8.908845883226492e-16), 'Std': np.float64(1.6775178191044716e-15)}
2024-11-09 17:29:00,639 - INFO - Top 10 Std Stats: {'Max': np.float64(0.9999999970304151), 'Min': np.float64(0.9999999966403923), 'Mean': np.float64(0.9999999967497842), 'Std': np.float64(1.1022542747243278e-10)}
2024-11-09 17:29:00,639 - INFO - Bottom 10 Mean Stats: {'Max': np.float64(107.0), 'Min': np.float64(84.0), 'Mean': np.float64(92.7), 'Std': np.float64(7.5372408744845085)}
2024-11-09 17:29:00,639 - INFO - Bottom 10 Std Stats: {'Max': np.float64(0.0), 'Min': np.float64(0.0), 'Mean': np.float64(0.0), 'Std': np.float64(0.0)}
[I 2024-11-09 17:29:00,761] Trial 281 finished with value: 43.0 and parameters: {'x_0': 1, 'x_1': -2, 'x_2': -2, 'x_3': 3, 'x_4': -5}. Best is trial 176 with value: 7.0.
2024-11-09 17:29:08,039 - INFO - Candidate Mean Stats: {'Max': np.float64(107.0), 'Min': np.float64(-7.004397062360112e-14), 'Mean': np.float64(0.09050549204910244), 'Std': np.float64(2.299099490424473)}
2024-11-09 17:29:08,040 - INFO - Candidate Std Stats: {'Max': np.float64(0.9999999973178686), 'Min': np.float64(0.0), 'Mean': np.float64(0.9982489907478678), 'Std': np.float64(0.04180827786008295)}
2024-11-09 17:29:08,062 - INFO - Top 10 Mean Stats: {'Max': np.float64(2.851885394505871e-15), 'Min': np.float64(-2.1815882433884324e-15), 'Mean': np.float64(1.5083420623618333e-16), 'Std': np.float64(1.6932123088371633e-15)}
2024-11-09 17:29:08,063 - INFO - Top 10 Std Stats: {'Max': np.float64(0.9999999973178686), 'Min': np.float64(0.9999999969115266), 'Mean': np.float64(0.999999997097351), 'Std': np.float64(1.2619810007527985e-10)}
2024-11-09 17:29:08,063 - INFO - Bottom 10 Mean Stats: {'Max': np.float64(107.0), 'Min': np.float64(84.0), 'Mean': np.float64(92.7), 'Std': np.float64(7.5372408744845085)}
2024-11-09 17:29:08,063 - INFO - Bottom 10 Std Stats: {'Max': np.float64(0.0), 'Min': np.float64(0.0), 'Mean': np.float64(0.0), 'Std': np.float64(0.0)}
[I 2024-11-09 17:29:08,092] Trial 282 finished with value: 24.0 and parameters: {'x_0': 0, 'x_1': -4, 'x_2': -2, 'x_3': -2, 'x_4': 0}. Best is trial 176 with value: 7.0.
2024-11-09 17:29:13,200 - INFO - Candidate Mean Stats: {'Max': np.float64(107.0), 'Min': np.float64(-7.616129948928574e-14), 'Mean': np.float64(0.09065451316663668), 'Std': np.float64(2.2998712957521046)}
2024-11-09 17:29:13,200 - INFO - Candidate Std Stats: {'Max': np.float64(0.9999999967679933), 'Min': np.float64(0.0), 'Mean': np.float64(0.9982427813487652), 'Std': np.float64(0.041882210147857556)}
2024-11-09 17:29:13,225 - INFO - Top 10 Mean Stats: {'Max': np.float64(3.017031069418863e-15), 'Min': np.float64(-1.7486012637846216e-15), 'Mean': np.float64(4.5519144009631415e-17), 'Std': np.float64(1.4917459728637822e-15)}
2024-11-09 17:29:13,226 - INFO - Top 10 Std Stats: {'Max': np.float64(0.9999999967679933), 'Min': np.float64(0.9999999964462474), 'Mean': np.float64(0.9999999965761581), 'Std': np.float64(1.060780220496118e-10)}
2024-11-09 17:29:13,226 - INFO - Bottom 10 Mean Stats: {'Max': np.float64(107.0), 'Min': np.float64(84.0), 'Mean': np.float64(92.7), 'Std': np.float64(7.5372408744845085)}
2024-11-09 17:29:13,226 - INFO - Bottom 10 Std Stats: {'Max': np.float64(0.0), 'Min': np.float64(0.0), 'Mean': np.float64(0.0), 'Std': np.float64(0.0)}
[I 2024-11-09 17:29:13,259] Trial 283 finished with value: 54.0 and parameters: {'x_0': 4, 'x_1': -3, 'x_2': 2, 'x_3': -4, 'x_4': 3}. Best is trial 176 with value: 7.0.
2024-11-09 17:29:19,979 - INFO - Candidate Mean Stats: {'Max': np.float64(107.0), 'Min': np.float64(-5.0462412026774925e-14), 'Mean': np.float64(0.09098981068108859), 'Std': np.float64(2.303791036078266)}
2024-11-09 17:29:19,980 - INFO - Candidate Std Stats: {'Max': np.float64(0.9999999983794415), 'Min': np.float64(0.0), 'Mean': np.float64(0.9982365724800016), 'Std': np.float64(0.04195601126024549)}
2024-11-09 17:29:20,002 - INFO - Top 10 Mean Stats: {'Max': np.float64(1.5654144647214707e-15), 'Min': np.float64(-2.4258373088059672e-15), 'Mean': np.float64(1.2892464873459632e-16), 'Std': np.float64(1.2138126721293517e-15)}
2024-11-09 17:29:20,002 - INFO - Top 10 Std Stats: {'Max': np.float64(0.9999999983794415), 'Min': np.float64(0.9999999977808739), 'Mean': np.float64(0.9999999980634687), 'Std': np.float64(2.0682252065345244e-10)}
2024-11-09 17:29:20,002 - INFO - Bottom 10 Mean Stats: {'Max': np.float64(107.0), 'Min': np.float64(84.0), 'Mean': np.float64(92.7), 'Std': np.float64(7.5372408744845085)}
2024-11-09 17:29:20,002 - INFO - Bottom 10 Std Stats: {'Max': np.float64(0.0), 'Min': np.float64(0.0), 'Mean': np.float64(0.0), 'Std': np.float64(0.0)}
[I 2024-11-09 17:29:20,027] Trial 284 finished with value: 35.0 and parameters: {'x_0': -1, 'x_1': 1, 'x_2': -1, 'x_3': -4, 'x_4': -4}. Best is trial 176 with value: 7.0.
2024-11-09 17:29:25,289 - INFO - Candidate Mean Stats: {'Max': np.float64(107.0), 'Min': np.float64(-5.395683899678261e-14), 'Mean': np.float64(0.09120713314415928), 'Std': np.float64(2.305432677098477)}
2024-11-09 17:29:25,289 - INFO - Candidate Std Stats: {'Max': np.float64(0.999999996076443), 'Min': np.float64(0.0), 'Mean': np.float64(0.9982303628042564), 'Std': np.float64(0.042029681832178756)}
2024-11-09 17:29:25,312 - INFO - Top 10 Mean Stats: {'Max': np.float64(3.0642155479654322e-15), 'Min': np.float64(-4.840572387365683e-15), 'Mean': np.float64(-3.9648839766925903e-16), 'Std': np.float64(2.5619878790495595e-15)}
2024-11-09 17:29:25,312 - INFO - Top 10 Std Stats: {'Max': np.float64(0.999999996076443), 'Min': np.float64(0.9999999957063553), 'Mean': np.float64(0.999999995888583), 'Std': np.float64(1.2129770384778448e-10)}
2024-11-09 17:29:25,312 - INFO - Bottom 10 Mean Stats: {'Max': np.float64(107.0), 'Min': np.float64(84.0), 'Mean': np.float64(92.7), 'Std': np.float64(7.5372408744845085)}
2024-11-09 17:29:25,312 - INFO - Bottom 10 Std Stats: {'Max': np.float64(0.0), 'Min': np.float64(0.0), 'Mean': np.float64(0.0), 'Std': np.float64(0.0)}
[I 2024-11-09 17:29:25,344] Trial 285 finished with value: 75.0 and parameters: {'x_0': -5, 'x_1': -3, 'x_2': -5, 'x_3': 0, 'x_4': 4}. Best is trial 176 with value: 7.0.
2024-11-09 17:29:31,076 - INFO - Candidate Mean Stats: {'Max': np.float64(107.0), 'Min': np.float64(-6.26942942005826e-14), 'Mean': np.float64(0.09167282413645365), 'Std': np.float64(2.312976758963814)}
2024-11-09 17:29:31,077 - INFO - Candidate Std Stats: {'Max': np.float64(0.9999999974758258), 'Min': np.float64(0.0), 'Mean': np.float64(0.9982241535317585), 'Std': np.float64(0.04210322259958927)}
2024-11-09 17:29:31,104 - INFO - Top 10 Mean Stats: {'Max': np.float64(3.4583447217073625e-15), 'Min': np.float64(-2.1288526497187377e-15), 'Mean': np.float64(-1.1851630787873542e-16), 'Std': np.float64(1.836701198773912e-15)}
2024-11-09 17:29:31,104 - INFO - Top 10 Std Stats: {'Max': np.float64(0.9999999974758258), 'Min': np.float64(0.9999999968844909), 'Mean': np.float64(0.9999999970992229), 'Std': np.float64(2.04344234625573e-10)}
2024-11-09 17:29:31,105 - INFO - Bottom 10 Mean Stats: {'Max': np.float64(107.0), 'Min': np.float64(84.0), 'Mean': np.float64(92.7), 'Std': np.float64(7.5372408744845085)}
2024-11-09 17:29:31,105 - INFO - Bottom 10 Std Stats: {'Max': np.float64(0.0), 'Min': np.float64(0.0), 'Mean': np.float64(0.0), 'Std': np.float64(0.0)}
[I 2024-11-09 17:29:31,136] Trial 286 finished with value: 42.0 and parameters: {'x_0': -3, 'x_1': -2, 'x_2': 2, 'x_3': 4, 'x_4': -3}. Best is trial 176 with value: 7.0.
2024-11-09 17:29:36,203 - INFO - Candidate Mean Stats: {'Max': np.float64(107.0), 'Min': np.float64(-4.560796185160143e-14), 'Mean': np.float64(0.09193361109213852), 'Std': np.float64(2.315332947435903)}
2024-11-09 17:29:36,203 - INFO - Candidate Std Stats: {'Max': np.float64(0.9999999983639192), 'Min': np.float64(0.0), 'Mean': np.float64(0.9982179448227241), 'Std': np.float64(0.042176634248420705)}
2024-11-09 17:29:36,226 - INFO - Top 10 Mean Stats: {'Max': np.float64(2.55351295663786e-16), 'Min': np.float64(-1.3211653993039363e-15), 'Mean': np.float64(-6.350475700855895e-16), 'Std': np.float64(5.831482766017927e-16)}
2024-11-09 17:29:36,226 - INFO - Top 10 Std Stats: {'Max': np.float64(0.9999999983639192), 'Min': np.float64(0.9999999981032489), 'Mean': np.float64(0.9999999982404304), 'Std': np.float64(1.0003559591416045e-10)}
2024-11-09 17:29:36,226 - INFO - Bottom 10 Mean Stats: {'Max': np.float64(107.0), 'Min': np.float64(84.0), 'Mean': np.float64(92.7), 'Std': np.float64(7.5372408744845085)}
2024-11-09 17:29:36,226 - INFO - Bottom 10 Std Stats: {'Max': np.float64(0.0), 'Min': np.float64(0.0), 'Mean': np.float64(0.0), 'Std': np.float64(0.0)}
