[I 2024-11-09 17:01:53,497] Trial 111 finished with value: 43.0 and parameters: {'x_0': -4, 'x_1': 4, 'x_2': 1, 'x_3': -1, 'x_4': 3}. Best is trial 2 with value: 13.0.
2024-11-09 17:02:03,802 - INFO - Candidate Mean Stats: {'Max': np.float64(104.0), 'Min': np.float64(-5.433431482515516e-14), 'Mean': np.float64(0.03598239067127802), 'Std': np.float64(1.4583705979624304)}
2024-11-09 17:02:03,802 - INFO - Candidate Std Stats: {'Max': np.float64(0.9999999967907431), 'Min': np.float64(0.0), 'Mean': np.float64(0.9993045558073276), 'Std': np.float64(0.026361870935146074)}
2024-11-09 17:02:03,827 - INFO - Top 10 Mean Stats: {'Max': np.float64(3.4826308503710378e-15), 'Min': np.float64(-1.2212453270876722e-15), 'Mean': np.float64(5.056198515429599e-16), 'Std': np.float64(1.4798661442639648e-15)}
2024-11-09 17:02:03,827 - INFO - Top 10 Std Stats: {'Max': np.float64(0.9999999967907431), 'Min': np.float64(0.9999999962241254), 'Mean': np.float64(0.9999999964823341), 'Std': np.float64(1.8901834074216628e-10)}
2024-11-09 17:02:03,828 - INFO - Bottom 10 Mean Stats: {'Max': np.float64(104.0), 'Min': np.float64(79.0), 'Mean': np.float64(86.6), 'Std': np.float64(8.357032966310472)}
2024-11-09 17:02:03,828 - INFO - Bottom 10 Std Stats: {'Max': np.float64(0.0), 'Min': np.float64(0.0), 'Mean': np.float64(0.0), 'Std': np.float64(0.0)}
[I 2024-11-09 17:02:03,857] Trial 112 finished with value: 67.0 and parameters: {'x_0': 4, 'x_1': -1, 'x_2': 4, 'x_3': -5, 'x_4': -3}. Best is trial 2 with value: 13.0.
2024-11-09 17:02:15,532 - INFO - Candidate Mean Stats: {'Max': np.float64(104.0), 'Min': np.float64(-5.804245972740318e-14), 'Mean': np.float64(0.03639840795772768), 'Std': np.float64(1.467885502186729)}
2024-11-09 17:02:15,532 - INFO - Candidate Std Stats: {'Max': np.float64(0.9999999966343603), 'Min': np.float64(0.0), 'Mean': np.float64(0.9992983468802004), 'Std': np.float64(0.026479214073617814)}
2024-11-09 17:02:15,568 - INFO - Top 10 Mean Stats: {'Max': np.float64(1.898481372109018e-15), 'Min': np.float64(-2.603472992745992e-15), 'Mean': np.float64(-3.7553293807945923e-16), 'Std': np.float64(1.3217810389667969e-15)}
2024-11-09 17:02:15,568 - INFO - Top 10 Std Stats: {'Max': np.float64(0.9999999966343603), 'Min': np.float64(0.9999999961773671), 'Mean': np.float64(0.9999999963229662), 'Std': np.float64(1.3193283679853324e-10)}
2024-11-09 17:02:15,568 - INFO - Bottom 10 Mean Stats: {'Max': np.float64(104.0), 'Min': np.float64(79.0), 'Mean': np.float64(86.6), 'Std': np.float64(8.357032966310472)}
2024-11-09 17:02:15,569 - INFO - Bottom 10 Std Stats: {'Max': np.float64(0.0), 'Min': np.float64(0.0), 'Mean': np.float64(0.0), 'Std': np.float64(0.0)}
[I 2024-11-09 17:02:15,597] Trial 113 finished with value: 65.0 and parameters: {'x_0': -2, 'x_1': -4, 'x_2': -4, 'x_3': -5, 'x_4': -2}. Best is trial 2 with value: 13.0.
2024-11-09 17:02:23,487 - INFO - Candidate Mean Stats: {'Max': np.float64(104.0), 'Min': np.float64(-6.485090242591696e-14), 'Mean': np.float64(0.03680200681771615), 'Std': np.float64(1.4767844222584694)}
2024-11-09 17:02:23,488 - INFO - Candidate Std Stats: {'Max': np.float64(0.9999999966444048), 'Min': np.float64(0.0), 'Mean': np.float64(0.9992921375372682), 'Std': np.float64(0.026596038032411073)}
2024-11-09 17:02:23,511 - INFO - Top 10 Mean Stats: {'Max': np.float64(4.679590048795035e-15), 'Min': np.float64(-4.579669976578771e-15), 'Mean': np.float64(9.109379917049411e-16), 'Std': np.float64(2.539125749841532e-15)}
2024-11-09 17:02:23,512 - INFO - Top 10 Std Stats: {'Max': np.float64(0.9999999966444048), 'Min': np.float64(0.9999999961009812), 'Mean': np.float64(0.9999999963071099), 'Std': np.float64(1.7772956485058656e-10)}
2024-11-09 17:02:23,512 - INFO - Bottom 10 Mean Stats: {'Max': np.float64(104.0), 'Min': np.float64(79.0), 'Mean': np.float64(86.6), 'Std': np.float64(8.357032966310472)}
2024-11-09 17:02:23,512 - INFO - Bottom 10 Std Stats: {'Max': np.float64(0.0), 'Min': np.float64(0.0), 'Mean': np.float64(0.0), 'Std': np.float64(0.0)}
[I 2024-11-09 17:02:23,540] Trial 114 finished with value: 45.0 and parameters: {'x_0': -3, 'x_1': -5, 'x_2': 1, 'x_3': -3, 'x_4': -1}. Best is trial 2 with value: 13.0.
2024-11-09 17:02:33,320 - INFO - Candidate Mean Stats: {'Max': np.float64(104.0), 'Min': np.float64(-6.018519016492974e-14), 'Mean': np.float64(0.03708142141309273), 'Std': np.float64(1.4810284408170646)}
2024-11-09 17:02:33,320 - INFO - Candidate Std Stats: {'Max': np.float64(0.9999999967147684), 'Min': np.float64(0.0), 'Mean': np.float64(0.9992859286028248), 'Std': np.float64(0.026712349645022265)}
2024-11-09 17:02:33,343 - INFO - Top 10 Mean Stats: {'Max': np.float64(3.4638958368304883e-15), 'Min': np.float64(-5.906386491005833e-15), 'Mean': np.float64(1.548761119352093e-16), 'Std': np.float64(3.1905445973808066e-15)}
2024-11-09 17:02:33,343 - INFO - Top 10 Std Stats: {'Max': np.float64(0.9999999967147684), 'Min': np.float64(0.9999999962665093), 'Mean': np.float64(0.9999999963917083), 'Std': np.float64(1.3504405956660345e-10)}
2024-11-09 17:02:33,344 - INFO - Bottom 10 Mean Stats: {'Max': np.float64(104.0), 'Min': np.float64(79.0), 'Mean': np.float64(86.6), 'Std': np.float64(8.357032966310472)}
2024-11-09 17:02:33,344 - INFO - Bottom 10 Std Stats: {'Max': np.float64(0.0), 'Min': np.float64(0.0), 'Mean': np.float64(0.0), 'Std': np.float64(0.0)}
[I 2024-11-09 17:02:33,371] Trial 115 finished with value: 29.0 and parameters: {'x_0': 1, 'x_1': -1, 'x_2': -5, 'x_3': 1, 'x_4': 1}. Best is trial 2 with value: 13.0.
2024-11-09 17:02:42,989 - INFO - Candidate Mean Stats: {'Max': np.float64(104.0), 'Min': np.float64(-5.822009541134321e-14), 'Mean': np.float64(0.037261488596779906), 'Std': np.float64(1.4827858254372142)}
2024-11-09 17:02:42,990 - INFO - Candidate Std Stats: {'Max': np.float64(0.9999999968766585), 'Min': np.float64(0.0), 'Mean': np.float64(0.9992797189359529), 'Std': np.float64(0.026828155544829452)}
2024-11-09 17:02:43,016 - INFO - Top 10 Mean Stats: {'Max': np.float64(4.696243394164412e-15), 'Min': np.float64(-3.4305891460917336e-15), 'Mean': np.float64(5.151434834260727e-16), 'Std': np.float64(2.5123635670256025e-15)}
2024-11-09 17:02:43,016 - INFO - Top 10 Std Stats: {'Max': np.float64(0.9999999968766585), 'Min': np.float64(0.9999999962247375), 'Mean': np.float64(0.9999999964589751), 'Std': np.float64(2.186013598139819e-10)}
2024-11-09 17:02:43,016 - INFO - Bottom 10 Mean Stats: {'Max': np.float64(104.0), 'Min': np.float64(79.0), 'Mean': np.float64(86.6), 'Std': np.float64(8.357032966310472)}
2024-11-09 17:02:43,016 - INFO - Bottom 10 Std Stats: {'Max': np.float64(0.0), 'Min': np.float64(0.0), 'Mean': np.float64(0.0), 'Std': np.float64(0.0)}
[I 2024-11-09 17:02:43,046] Trial 116 finished with value: 31.0 and parameters: {'x_0': 4, 'x_1': 2, 'x_2': 3, 'x_3': 1, 'x_4': 1}. Best is trial 2 with value: 13.0.
2024-11-09 17:02:52,315 - INFO - Candidate Mean Stats: {'Max': np.float64(104.0), 'Min': np.float64(-5.1803006329009807e-14), 'Mean': np.float64(0.037453974206928295), 'Std': np.float64(1.484791728284029)}
2024-11-09 17:02:52,316 - INFO - Candidate Std Stats: {'Max': np.float64(0.999999996781976), 'Min': np.float64(0.0), 'Mean': np.float64(0.9992735095820809), 'Std': np.float64(0.026943462280339066)}
2024-11-09 17:02:52,345 - INFO - Top 10 Mean Stats: {'Max': np.float64(4.946043574705072e-15), 'Min': np.float64(-1.4710455076283324e-15), 'Mean': np.float64(1.1161904733825167e-15), 'Std': np.float64(1.8690273695076096e-15)}
2024-11-09 17:02:52,345 - INFO - Top 10 Std Stats: {'Max': np.float64(0.999999996781976), 'Min': np.float64(0.9999999964405594), 'Mean': np.float64(0.9999999965720627), 'Std': np.float64(9.62245107111247e-11)}
2024-11-09 17:02:52,346 - INFO - Bottom 10 Mean Stats: {'Max': np.float64(104.0), 'Min': np.float64(79.0), 'Mean': np.float64(86.6), 'Std': np.float64(8.357032966310472)}
2024-11-09 17:02:52,346 - INFO - Bottom 10 Std Stats: {'Max': np.float64(0.0), 'Min': np.float64(0.0), 'Mean': np.float64(0.0), 'Std': np.float64(0.0)}
[I 2024-11-09 17:02:52,376] Trial 117 finished with value: 42.0 and parameters: {'x_0': 2, 'x_1': 0, 'x_2': -2, 'x_3': 5, 'x_4': -3}. Best is trial 2 with value: 13.0.
2024-11-09 17:03:02,036 - INFO - Candidate Mean Stats: {'Max': np.float64(104.0), 'Min': np.float64(-5.722089468918057e-14), 'Mean': np.float64(0.03771476116261307), 'Std': np.float64(1.4884689870782586)}
2024-11-09 17:03:02,038 - INFO - Candidate Std Stats: {'Max': np.float64(0.9999999964864313), 'Min': np.float64(0.0), 'Mean': np.float64(0.9992673006621273), 'Std': np.float64(0.02705827623649089)}
2024-11-09 17:03:02,064 - INFO - Top 10 Mean Stats: {'Max': np.float64(3.8802294710649224e-15), 'Min': np.float64(-1.0477729794899915e-15), 'Mean': np.float64(8.650545557653545e-16), 'Std': np.float64(1.5908816596838027e-15)}
2024-11-09 17:03:02,064 - INFO - Top 10 Std Stats: {'Max': np.float64(0.9999999964864313), 'Min': np.float64(0.999999996171988), 'Mean': np.float64(0.999999996296793), 'Std': np.float64(1.0733783308581453e-10)}
2024-11-09 17:03:02,064 - INFO - Bottom 10 Mean Stats: {'Max': np.float64(104.0), 'Min': np.float64(79.0), 'Mean': np.float64(86.6), 'Std': np.float64(8.357032966310472)}
2024-11-09 17:03:02,064 - INFO - Bottom 10 Std Stats: {'Max': np.float64(0.0), 'Min': np.float64(0.0), 'Mean': np.float64(0.0), 'Std': np.float64(0.0)}
[I 2024-11-09 17:03:02,097] Trial 118 finished with value: 68.0 and parameters: {'x_0': -4, 'x_1': -3, 'x_2': 3, 'x_3': -3, 'x_4': 5}. Best is trial 2 with value: 13.0.
2024-11-09 17:03:11,615 - INFO - Candidate Mean Stats: {'Max': np.float64(104.0), 'Min': np.float64(-7.120970479945754e-14), 'Mean': np.float64(0.038136987662293294), 'Std': np.float64(1.4980718610446002)}
2024-11-09 17:03:11,616 - INFO - Candidate Std Stats: {'Max': np.float64(0.9999999971190333), 'Min': np.float64(0.0), 'Mean': np.float64(0.9992610916639451), 'Std': np.float64(0.02717260364616283)}
2024-11-09 17:03:11,642 - INFO - Top 10 Mean Stats: {'Max': np.float64(4.507505479978136e-15), 'Min': np.float64(-3.697042672001771e-15), 'Mean': np.float64(3.863576125695545e-16), 'Std': np.float64(2.3207279117579814e-15)}
2024-11-09 17:03:11,642 - INFO - Top 10 Std Stats: {'Max': np.float64(0.9999999971190333), 'Min': np.float64(0.9999999965244465), 'Mean': np.float64(0.9999999967244444), 'Std': np.float64(1.5894284630755208e-10)}
2024-11-09 17:03:11,642 - INFO - Bottom 10 Mean Stats: {'Max': np.float64(104.0), 'Min': np.float64(79.0), 'Mean': np.float64(86.6), 'Std': np.float64(8.357032966310472)}
2024-11-09 17:03:11,642 - INFO - Bottom 10 Std Stats: {'Max': np.float64(0.0), 'Min': np.float64(0.0), 'Mean': np.float64(0.0), 'Std': np.float64(0.0)}
[I 2024-11-09 17:03:11,674] Trial 119 finished with value: 58.0 and parameters: {'x_0': -2, 'x_1': -3, 'x_2': 2, 'x_3': 5, 'x_4': 4}. Best is trial 2 with value: 13.0.
2024-11-09 17:03:21,911 - INFO - Candidate Mean Stats: {'Max': np.float64(104.0), 'Min': np.float64(-5.799805080641818e-14), 'Mean': np.float64(0.03849712202966763), 'Std': np.float64(1.5050181047365272)}
2024-11-09 17:03:21,912 - INFO - Candidate Std Stats: {'Max': np.float64(0.9999999972303756), 'Min': np.float64(0.0), 'Mean': np.float64(0.9992548824920136), 'Std': np.float64(0.027286450622432273)}
2024-11-09 17:03:21,937 - INFO - Top 10 Mean Stats: {'Max': np.float64(3.902433931557425e-15), 'Min': np.float64(-3.3417713041217213e-15), 'Mean': np.float64(1.6958656701149265e-16), 'Std': np.float64(2.224090643874565e-15)}
2024-11-09 17:03:21,937 - INFO - Top 10 Std Stats: {'Max': np.float64(0.9999999972303756), 'Min': np.float64(0.9999999966603533), 'Mean': np.float64(0.9999999969077571), 'Std': np.float64(1.9462448436112454e-10)}
2024-11-09 17:03:21,937 - INFO - Bottom 10 Mean Stats: {'Max': np.float64(104.0), 'Min': np.float64(79.0), 'Mean': np.float64(86.6), 'Std': np.float64(8.357032966310472)}
2024-11-09 17:03:21,937 - INFO - Bottom 10 Std Stats: {'Max': np.float64(0.0), 'Min': np.float64(0.0), 'Mean': np.float64(0.0), 'Std': np.float64(0.0)}
[I 2024-11-09 17:03:21,966] Trial 120 finished with value: 84.0 and parameters: {'x_0': -4, 'x_1': 5, 'x_2': -3, 'x_3': -3, 'x_4': -5}. Best is trial 2 with value: 13.0.
2024-11-09 17:03:29,409 - INFO - Candidate Mean Stats: {'Max': np.float64(104.0), 'Min': np.float64(-7.027156634364929e-14), 'Mean': np.float64(0.03901869594103732), 'Std': np.float64(1.519490465225567)}
2024-11-09 17:03:29,411 - INFO - Candidate Std Stats: {'Max': np.float64(0.9999999964192274), 'Min': np.float64(0.0), 'Mean': np.float64(0.9992486727963126), 'Std': np.float64(0.02739982314422387)}
2024-11-09 17:03:29,440 - INFO - Top 10 Mean Stats: {'Max': np.float64(4.063416270128073e-15), 'Min': np.float64(-4.746203430272544e-15), 'Mean': np.float64(-6.429232146665243e-16), 'Std': np.float64(2.6632210014326457e-15)}
2024-11-09 17:03:29,440 - INFO - Top 10 Std Stats: {'Max': np.float64(0.9999999964192274), 'Min': np.float64(0.9999999960206452), 'Mean': np.float64(0.9999999962083093), 'Std': np.float64(1.2608681065610902e-10)}
2024-11-09 17:03:29,440 - INFO - Bottom 10 Mean Stats: {'Max': np.float64(104.0), 'Min': np.float64(79.0), 'Mean': np.float64(87.1), 'Std': np.float64(8.030566605165541)}
2024-11-09 17:03:29,440 - INFO - Bottom 10 Std Stats: {'Max': np.float64(0.0), 'Min': np.float64(0.0), 'Mean': np.float64(0.0), 'Std': np.float64(0.0)}
[I 2024-11-09 17:03:29,472] Trial 121 finished with value: 40.0 and parameters: {'x_0': 2, 'x_1': 1, 'x_2': 5, 'x_3': 3, 'x_4': -1}. Best is trial 2 with value: 13.0.
2024-11-09 17:03:39,289 - INFO - Candidate Mean Stats: {'Max': np.float64(104.0), 'Min': np.float64(-5.09203790244328e-14), 'Mean': np.float64(0.03926706447026097), 'Std': np.float64(1.522749674556256)}
2024-11-09 17:03:39,290 - INFO - Candidate Std Stats: {'Max': np.float64(0.9999999964081348), 'Min': np.float64(0.0), 'Mean': np.float64(0.9992424635805015), 'Std': np.float64(0.027512727104114437)}
2024-11-09 17:03:39,322 - INFO - Top 10 Mean Stats: {'Max': np.float64(3.552713678800501e-15), 'Min': np.float64(-2.531308496145357e-15), 'Mean': np.float64(3.946842852542431e-16), 'Std': np.float64(1.7096505463123117e-15)}
2024-11-09 17:03:39,322 - INFO - Top 10 Std Stats: {'Max': np.float64(0.9999999964081348), 'Min': np.float64(0.9999999960677074), 'Mean': np.float64(0.999999996209475), 'Std': np.float64(1.1356583821797072e-10)}
2024-11-09 17:03:39,323 - INFO - Bottom 10 Mean Stats: {'Max': np.float64(104.0), 'Min': np.float64(79.0), 'Mean': np.float64(87.1), 'Std': np.float64(8.030566605165541)}
2024-11-09 17:03:39,323 - INFO - Bottom 10 Std Stats: {'Max': np.float64(0.0), 'Min': np.float64(0.0), 'Mean': np.float64(0.0), 'Std': np.float64(0.0)}
[I 2024-11-09 17:03:39,353] Trial 122 finished with value: 58.0 and parameters: {'x_0': 2, 'x_1': 5, 'x_2': -4, 'x_3': -2, 'x_4': 3}. Best is trial 2 with value: 13.0.
2024-11-09 17:03:50,320 - INFO - Candidate Mean Stats: {'Max': np.float64(104.0), 'Min': np.float64(-5.424549698318515e-14), 'Mean': np.float64(0.0396271988376353), 'Std': np.float64(1.5295835878216293)}
2024-11-09 17:03:50,322 - INFO - Candidate Std Stats: {'Max': np.float64(0.9999999971433648), 'Min': np.float64(0.0), 'Mean': np.float64(0.9992362543637681), 'Std': np.float64(0.02762516823416768)}
2024-11-09 17:03:50,344 - INFO - Top 10 Mean Stats: {'Max': np.float64(4.04121180963557e-15), 'Min': np.float64(-3.9523939676655574e-15), 'Mean': np.float64(5.773159728050817e-17), 'Std': np.float64(2.416681905697643e-15)}
2024-11-09 17:03:50,344 - INFO - Top 10 Std Stats: {'Max': np.float64(0.9999999971433648), 'Min': np.float64(0.9999999967513657), 'Mean': np.float64(0.9999999969440914), 'Std': np.float64(1.2611147242732865e-10)}
2024-11-09 17:03:50,345 - INFO - Bottom 10 Mean Stats: {'Max': np.float64(104.0), 'Min': np.float64(79.0), 'Mean': np.float64(87.1), 'Std': np.float64(8.030566605165541)}
2024-11-09 17:03:50,345 - INFO - Bottom 10 Std Stats: {'Max': np.float64(0.0), 'Min': np.float64(0.0), 'Mean': np.float64(0.0), 'Std': np.float64(0.0)}
[I 2024-11-09 17:03:50,385] Trial 123 finished with value: 79.0 and parameters: {'x_0': 4, 'x_1': 5, 'x_2': -3, 'x_3': -5, 'x_4': -2}. Best is trial 2 with value: 13.0.
2024-11-09 17:03:58,555 - INFO - Candidate Mean Stats: {'Max': np.float64(104.0), 'Min': np.float64(-6.216693826388565e-14), 'Mean': np.float64(0.04011772668285202), 'Std': np.float64(1.5421862840782004)}
2024-11-09 17:03:58,556 - INFO - Candidate Std Stats: {'Max': np.float64(0.9999999960018059), 'Min': np.float64(0.0), 'Mean': np.float64(0.9992300455855602), 'Std': np.float64(0.02773715217525394)}
2024-11-09 17:03:58,591 - INFO - Top 10 Mean Stats: {'Max': np.float64(3.508304757815495e-15), 'Min': np.float64(-3.8247183198336646e-15), 'Mean': np.float64(-2.9587443606260427e-16), 'Std': np.float64(2.0584730247834336e-15)}
2024-11-09 17:03:58,591 - INFO - Top 10 Std Stats: {'Max': np.float64(0.9999999960018059), 'Min': np.float64(0.9999999957846774), 'Mean': np.float64(0.9999999959023228), 'Std': np.float64(6.137474179552005e-11)}
2024-11-09 17:03:58,591 - INFO - Bottom 10 Mean Stats: {'Max': np.float64(104.0), 'Min': np.float64(79.0), 'Mean': np.float64(87.1), 'Std': np.float64(8.030566605165541)}
2024-11-09 17:03:58,591 - INFO - Bottom 10 Std Stats: {'Max': np.float64(0.0), 'Min': np.float64(0.0), 'Mean': np.float64(0.0), 'Std': np.float64(0.0)}
[I 2024-11-09 17:03:58,621] Trial 124 finished with value: 53.0 and parameters: {'x_0': 1, 'x_1': -5, 'x_2': 1, 'x_3': -1, 'x_4': -5}. Best is trial 2 with value: 13.0.
2024-11-09 17:04:06,499 - INFO - Candidate Mean Stats: {'Max': np.float64(104.0), 'Min': np.float64(-7.889244812986363e-14), 'Mean': np.float64(0.04044681498407334), 'Std': np.float64(1.5478222449349615)}
2024-11-09 17:04:06,499 - INFO - Candidate Std Stats: {'Max': np.float64(0.9999999965611788), 'Min': np.float64(0.0), 'Mean': np.float64(0.9992238365084692), 'Std': np.float64(0.027848684422401588)}
2024-11-09 17:04:06,522 - INFO - Top 10 Mean Stats: {'Max': np.float64(1.8318679906315083e-15), 'Min': np.float64(-5.950795411990839e-15), 'Mean': np.float64(-9.076073226310656e-16), 'Std': np.float64(1.9760710661846506e-15)}
2024-11-09 17:04:06,522 - INFO - Top 10 Std Stats: {'Max': np.float64(0.9999999965611788), 'Min': np.float64(0.9999999961421254), 'Mean': np.float64(0.999999996353722), 'Std': np.float64(1.5853569494236477e-10)}
2024-11-09 17:04:06,522 - INFO - Bottom 10 Mean Stats: {'Max': np.float64(104.0), 'Min': np.float64(79.0), 'Mean': np.float64(87.1), 'Std': np.float64(8.030566605165541)}
2024-11-09 17:04:06,522 - INFO - Bottom 10 Std Stats: {'Max': np.float64(0.0), 'Min': np.float64(0.0), 'Mean': np.float64(0.0), 'Std': np.float64(0.0)}
[I 2024-11-09 17:04:06,553] Trial 125 finished with value: 61.0 and parameters: {'x_0': 0, 'x_1': 4, 'x_2': -4, 'x_3': 2, 'x_4': -5}. Best is trial 2 with value: 13.0.
2024-11-09 17:04:14,006 - INFO - Candidate Mean Stats: {'Max': np.float64(104.0), 'Min': np.float64(-7.466249840604178e-14), 'Mean': np.float64(0.04082557699113947), 'Std': np.float64(1.5552579854970143)}
2024-11-09 17:04:14,006 - INFO - Candidate Std Stats: {'Max': np.float64(0.9999999964146681), 'Min': np.float64(0.0), 'Mean': np.float64(0.9992176263925963), 'Std': np.float64(0.027959770360164872)}
2024-11-09 17:04:14,039 - INFO - Top 10 Mean Stats: {'Max': np.float64(5.862107674281525e-15), 'Min': np.float64(-5.095923683029468e-15), 'Mean': np.float64(1.2735906079752732e-16), 'Std': np.float64(3.1157910284232097e-15)}
2024-11-09 17:04:14,040 - INFO - Top 10 Std Stats: {'Max': np.float64(0.9999999964146681), 'Min': np.float64(0.9999999961077265), 'Mean': np.float64(0.9999999962604498), 'Std': np.float64(8.800669209609174e-11)}
2024-11-09 17:04:14,041 - INFO - Bottom 10 Mean Stats: {'Max': np.float64(104.0), 'Min': np.float64(79.0), 'Mean': np.float64(87.1), 'Std': np.float64(8.030566605165541)}
2024-11-09 17:04:14,041 - INFO - Bottom 10 Std Stats: {'Max': np.float64(0.0), 'Min': np.float64(0.0), 'Mean': np.float64(0.0), 'Std': np.float64(0.0)}
[I 2024-11-09 17:04:14,077] Trial 126 finished with value: 31.0 and parameters: {'x_0': 3, 'x_1': -3, 'x_2': 0, 'x_3': 2, 'x_4': 3}. Best is trial 2 with value: 13.0.
2024-11-09 17:04:26,038 - INFO - Candidate Mean Stats: {'Max': np.float64(104.0), 'Min': np.float64(-6.187619860931192e-14), 'Mean': np.float64(0.041018062601287784), 'Std': np.float64(1.5571700939987017)}
2024-11-09 17:04:26,040 - INFO - Candidate Std Stats: {'Max': np.float64(0.9999999969339599), 'Min': np.float64(0.0), 'Mean': np.float64(0.9992114177719319), 'Std': np.float64(0.028070415357718967)}
2024-11-09 17:04:26,069 - INFO - Top 10 Mean Stats: {'Max': np.float64(4.664324482206439e-15), 'Min': np.float64(-2.786659791809143e-15), 'Mean': np.float64(1.3600232051658172e-15), 'Std': np.float64(2.3714261314150767e-15)}
2024-11-09 17:04:26,069 - INFO - Top 10 Std Stats: {'Max': np.float64(0.9999999969339599), 'Min': np.float64(0.9999999964441723), 'Mean': np.float64(0.9999999966273277), 'Std': np.float64(1.7064600891379658e-10)}
2024-11-09 17:04:26,072 - INFO - Bottom 10 Mean Stats: {'Max': np.float64(104.0), 'Min': np.float64(79.0), 'Mean': np.float64(87.1), 'Std': np.float64(8.030566605165541)}
2024-11-09 17:04:26,072 - INFO - Bottom 10 Std Stats: {'Max': np.float64(0.0), 'Min': np.float64(0.0), 'Mean': np.float64(0.0), 'Std': np.float64(0.0)}
