[I 2024-11-09 16:58:25,503] Trial 90 finished with value: 56.0 and parameters: {'x_0': -4, 'x_1': 2, 'x_2': 4, 'x_3': 4, 'x_4': 2}. Best is trial 10 with value: 9.0.
2024-11-09 16:58:30,723 - INFO - Candidate Mean Stats: {'Max': np.float64(116.0), 'Min': np.float64(-6.130096430467802e-14), 'Mean': np.float64(0.02640157465647532), 'Std': np.float64(1.201831098309639)}
2024-11-09 16:58:30,724 - INFO - Candidate Std Stats: {'Max': np.float64(0.9999999968232116), 'Min': np.float64(0.0), 'Mean': np.float64(0.9994349492217482), 'Std': np.float64(0.023763819592018398)}
2024-11-09 16:58:30,754 - INFO - Top 10 Mean Stats: {'Max': np.float64(4.0245584642661925e-15), 'Min': np.float64(-2.964295475749168e-15), 'Mean': np.float64(-4.279562815234784e-17), 'Std': np.float64(2.165256187291767e-15)}
2024-11-09 16:58:30,754 - INFO - Top 10 Std Stats: {'Max': np.float64(0.9999999968232116), 'Min': np.float64(0.9999999965390104), 'Mean': np.float64(0.999999996665891), 'Std': np.float64(1.0112843769986013e-10)}
2024-11-09 16:58:30,754 - INFO - Bottom 10 Mean Stats: {'Max': np.float64(116.0), 'Min': np.float64(73.0), 'Mean': np.float64(82.5), 'Std': np.float64(12.118168178400563)}
2024-11-09 16:58:30,754 - 2024-11-09 16:58:32,931 - INFO - Candidate Mean Stats: {'Max': np.float64(82.0), 'Min': np.float64(-6.123990203832364e-14), 'Mean': np.float64(0.026718244531235447), 'Std': np.float64(1.1903800847981223)}
2024-11-09 16:58:32,932 - INFO - Candidate Std Stats: {'Max': np.float64(0.99999999713942024-11-09 16:58:37,499 - INFO - Candidate Mean Stats: {'Max': np.float64(116.0), 'Min': np.float64(-5.620504062164855e-14), 'Mean': np.float64(0.026724453744466078), 'Std': np.float64(1.2087888765851849)}
2024-11-09 16:58:37,500 - INFO - Candidate Std Stats: {'Max': np.float64(0.9999999967262111), 'Min': np.float64(0.0), 'Mean': np.float64(0.9994287402218661), 'Std': np.float64(0.023893959058315813)}
2024-11-09 16:58:37,534 - INFO - Top 10 Mean Stats: {'Max': np.float64(4.8787363038371724e-15), 'Min': np.float64(-2.65898414397725e-15), 'Mean': np.float64(8.118505867571528e-18), 'Std': np.float64(2.6006362294580698e-15)}
2024-11-09 16:58:37,535 - INFO - Top 10 Std Stats: {'Max': np.float64(0.9999999967262111), 'Min': np.float64(0.9999999963756024), 'Mean': np.float64(0.9999999965164614), 'Std': np.float64(1.3381098227116843e-10)}
2024-11-09 16:58:37,535 - INFO - Bottom 10 Mean Stats: {'Max': np.float64(116.0), 'Min': np.float64(73.0), 'Mean': np.float64(82.5), 'Std': np.float64(12.118168178400563)}
2024-11-09 16:58:37,535 - IN2024-11-09 16:58:41,243 - INFO - Candidate Mean Stats: {'Max': np.float64(82.0), 'Min': np.float64(-6.410427744185654e-14), 'Mean': np.float64(0.027146680244146248), 'Std': np.float64(1.2027234648153269)}
2024-11-09 16:58:41,243 - INFO - Candidate Std Stats: {'Max': np.float64(0.99999999582024-11-09 16:58:46,459 - INFO - Candidate Mean Stats: {'Max': np.float64(116.0), 'Min': np.float64(-5.733191699164308e-14), 'Mean': np.float64(0.027097006538301497), 'Std': np.float64(1.217991652044794)}
2024-11-09 16:58:46,460 - INFO - Candidate Std Stats: {'Max': np.float64(0.9999999973101016), 'Min': np.float64(0.0), 'Mean': np.float64(0.9994225313438797), 'Std': np.float64(0.024023391941946214)}
2024-11-09 16:58:46,544 - INFO - Top 10 Mean Stats: {'Max': np.float64(3.1585845050585703e-15), 'Min': np.float64(-3.530509218307998e-15), 'Mean': np.float64(3.2390756743438937e-16), 'Std': np.float64(2.0883159524257843e-15)}
2024-11-09 16:58:46,544 - INFO - Top 10 Std Stats: {'Max': np.float64(0.9999999973101016), 'Min': np.float64(0.9999999966427612), 'Mean': np.float64(0.9999999969582671), 'Std': np.float64(2.1555839727402405e-10)}
2024-11-09 16:58:46,545 - INFO - Bottom 10 Mean Stats: {'Max': np.float64(116.0), 'Min': np.float64(73.0), 'Mean': np.float64(82.5), 'Std': np.float64(12.118168178400563)}
2024-11-09 16:58:46,545 2024-11-09 16:58:50,466 - INFO - Candidate Mean Stats: {'Max': np.float64(82.0), 'Min': np.float64(-6.186162693211373e-14), 'Mean': np.float64(0.027606162023210017), 'Std': np.float64(1.2167662990626962)}
2024-11-09 16:58:50,468 - INFO - Candidate Std Stats: {'Max': np.float64(0.999999996151892024-11-09 16:58:53,402 - INFO - Candidate Mean Stats: {'Max': np.float64(116.0), 'Min': np.float64(-6.80788758700146e-14), 'Mean': np.float64(0.02746335011890642), 'Std': np.float64(1.226824334560608)}
2024-11-09 16:58:53,402 - INFO - Candidate Std Stats: {'Max': np.float64(0.9999999967297631), 'Min': np.float64(0.0), 'Mean': np.float64(0.9994163225060456), 'Std': np.float64(0.02415212960090271)}
2024-11-09 16:58:53,428 - INFO - Top 10 Mean Stats: {'Max': np.float64(4.228561945041065e-15), 'Min': np.float64(-4.019007349143067e-15), 'Mean': np.float64(-2.060851489460451e-17), 'Std': np.float64(2.5057534761698826e-15)}
2024-11-09 16:58:53,428 - INFO - Top 10 Std Stats: {'Max': np.float64(0.9999999967297631), 'Min': np.float64(0.9999999964170075), 'Mean': np.float64(0.9999999965178985), 'Std': np.float64(1.044559149278812e-10)}
2024-11-09 16:58:53,428 - INFO - Bottom 10 Mean Stats: {'Max': np.float64(116.0), 'Min': np.float64(73.0), 'Mean': np.float64(82.5), 'Std': np.float64(12.118168178400563)}
2024-11-09 16:58:53,428 - INFO2024-11-09 16:58:59,016 - INFO - Candidate Mean Stats: {'Max': np.float64(82.0), 'Min': np.float64(-5.597744490160039e-14), 'Mean': np.float64(0.027860739765664246), 'Std': np.float64(1.2210420931879116)}
2024-11-09 16:58:59,017 - INFO - Candidate Std Stats: {'Max': np.float64(0.99999999582024-11-09 16:59:00,216 - INFO - Candidate Mean Stats: {'Max': np.float64(116.0), 'Min': np.float64(-6.965539256498232e-14), 'Mean': np.float64(0.027730346287821877), 'Std': np.float64(1.231488549125794)}
2024-11-09 16:59:00,217 - INFO - Candidate Std Stats: {'Max': np.float64(0.9999999962471665), 'Min': np.float64(0.0), 'Mean': np.float64(0.9994101132098566), 'Std': np.float64(0.024280183081705927)}
2024-11-09 16:59:00,240 - INFO - Top 10 Mean Stats: {'Max': np.float64(2.4424906541753444e-15), 'Min': np.float64(-1.052738625439975e-15), 'Mean': np.float64(7.518183124666234e-16), 'Std': np.float64(1.2342479424294751e-15)}
2024-11-09 16:59:00,240 - INFO - Top 10 Std Stats: {'Max': np.float64(0.9999999962471665), 'Min': np.float64(0.9999999960352399), 'Mean': np.float64(0.9999999961247973), 'Std': np.float64(7.785149054020594e-11)}
2024-11-09 16:59:00,240 - INFO - Bottom 10 Mean Stats: {'Max': np.float64(116.0), 'Min': np.float64(73.0), 'Mean': np.float64(82.5), 'Std': np.float64(12.118168178400563)}
2024-11-09 16:59:00,240 - IN2024-11-09 16:59:09,090 - INFO - Candidate Mean Stats: {'Max': np.float64(82.0), 'Min': np.float64(-5.144773496112975e-14), 'Mean': np.float64(0.02807185301550442), 'Std': np.float64(1.2239729718093637)}
2024-11-09 16:59:09,091 - INFO - Candidate Std Stats: {'Max': np.float64(0.9999999955073275), 'Min': np.float64(0.0), 'Mean': np.float64(0.9994039000150784), 'Std': np.float64(0.024407563068545583)}
2024-11-09 16:59:09,114 - INFO - Top 10 Mean Stats: {'Max': np.float64(1.73749903353837e-15), 'Min': np.float64(-4.2299497238218466e-15), 'Mean': np.float64(-6.949996134153481e-16), 'Std': np.float64(1.7391796056689642e-15)}
2024-11-09 16:59:09,115 - INFO - Top 10 Std Stats: {'Max': np.float64(0.9999999955073275), 'Min': np.float64(0.9999999950065567), 'Mean': np.float64(0.9999999952386437), 'Std': np.float64(1.7944407307426587e-10)}
2024-11-09 16:59:09,115 - INFO - Bottom 10 Mean Stats: {'Max': np.float64(82.0), 'Min': np.float64(69.0), 'Mean': np.float64(75.0), 'Std': np.float64(4.427188724235731)}
2024-11-09 16:59:09,115 - INFO - Bottom 10 Std Stats: {'Max': np.float64(0.0), 'Min': np.float64(0.0), 'Mean': np.float64(0.0), 'Std': np.float64(0.0)}
[I 2024-11-09 16:59:09,143] Trial 96 finished with value: 48.0 and parameters: {'x_0': 5, 'x_1': 1, 'x_2': -2, 'x_3': -3, 'x_4': 3}. Best is trial 69 with value: 10.0.
2024-11-09 16:59:19,965 - INFO - Candidate Mean Stats: {'Max': np.float64(82.0), 'Min': np.float64(-8.109068971862143e-14), 'Mean': np.float64(0.02836989525057281), 'Std': np.float64(1.2297963412607489)}
2024-11-09 16:59:19,966 - INFO - Candidate Std Stats: {'Max': np.float64(0.9999999981397699), 'Min': np.float64(0.0), 'Mean': np.float64(0.9993976910278426), 'Std': np.float64(0.024534280247639192)}
2024-11-09 16:59:19,990 - INFO - Top 10 Mean Stats: {'Max': np.float64(1.4849232954361469e-15), 'Min': np.float64(-6.217248937900876e-16), 'Mean': np.float64(6.009082120783659e-16), 'Std': np.float64(6.310622448336732e-16)}
2024-11-09 16:59:19,990 - INFO - Top 10 Std Stats: {'Max': np.float64(0.9999999981397699), 'Min': np.float64(0.9999999974483923), 'Mean': np.float64(0.9999999977613625), 'Std': np.float64(2.4128424588654163e-10)}
2024-11-09 16:59:19,990 - INFO - Bottom 10 Mean Stats: {'Max': np.float64(82.0), 'Min': np.float64(69.0), 'Mean': np.float64(75.0), 'Std': np.float64(4.427188724235731)}
2024-11-09 16:59:19,990 - INFO - Bottom 10 Std Stats: {'Max': np.float64(0.0), 'Min': np.float64(0.0), 'Mean': np.float64(0.0), 'Std': np.float64(0.0)}
[I 2024-11-09 16:59:20,019] Trial 97 finished with value: 79.0 and parameters: {'x_0': 2, 'x_1': 4, 'x_2': -5, 'x_3': 3, 'x_4': -5}. Best is trial 69 with value: 10.0.
2024-11-09 16:59:30,575 - INFO - Candidate Mean Stats: {'Max': np.float64(82.0), 'Min': np.float64(-8.124056982694583e-14), 'Mean': np.float64(0.028860423095789556), 'Std': np.float64(1.2454407523787339)}
2024-11-09 16:59:30,576 - INFO - Candidate Std Stats: {'Max': np.float64(0.9999999957654434), 'Min': np.float64(0.0), 'Mean': np.float64(0.9993914815333058), 'Std': np.float64(0.02466034472333939)}
2024-11-09 16:59:30,599 - INFO - Top 10 Mean Stats: {'Max': np.float64(3.186340080674199e-15), 'Min': np.float64(-5.162537064506978e-15), 'Mean': np.float64(-3.0971752940089917e-16), 'Std': np.float64(2.1965609917686535e-15)}
2024-11-09 16:59:30,600 - INFO - Top 10 Std Stats: {'Max': np.float64(0.9999999957654434), 'Min': np.float64(0.9999999954667836), 'Mean': np.float64(0.9999999955467178), 'Std': np.float64(1.0230436199008846e-10)}
2024-11-09 16:59:30,600 - INFO - Bottom 10 Mean Stats: {'Max': np.float64(82.0), 'Min': np.float64(70.0), 'Mean': np.float64(76.0), 'Std': np.float64(4.0743097574926725)}
2024-11-09 16:59:30,600 - INFO - Bottom 10 Std Stats: {'Max': np.float64(0.0), 'Min': np.float64(0.0), 'Mean': np.float64(0.0), 'Std': np.float64(0.0)}
[I 2024-11-09 16:59:30,632] Trial 98 finished with value: 43.0 and parameters: {'x_0': 0, 'x_1': 4, 'x_2': 1, 'x_3': -1, 'x_4': -5}. Best is trial 69 with value: 10.0.
2024-11-09 16:59:41,282 - INFO - Candidate Mean Stats: {'Max': np.float64(82.0), 'Min': np.float64(-7.915890165577366e-14), 'Mean': np.float64(0.029127419264704947), 'Std': np.float64(1.2500352076710946)}
2024-11-09 16:59:41,282 - INFO - Candidate Std Stats: {'Max': np.float64(0.9999999960383988), 'Min': np.float64(0.0), 'Mean': np.float64(0.9993852723858467), 'Std': np.float64(0.024785766475726136)}
2024-11-09 16:59:41,311 - INFO - Top 10 Mean Stats: {'Max': np.float64(2.3647750424515835e-15), 'Min': np.float64(-4.0967229608668275e-15), 'Mean': np.float64(-5.476175068963585e-16), 'Std': np.float64(1.7713485931985004e-15)}
2024-11-09 16:59:41,311 - INFO - Top 10 Std Stats: {'Max': np.float64(0.9999999960383988), 'Min': np.float64(0.999999995164576), 'Mean': np.float64(0.9999999954267038), 'Std': np.float64(2.626614505570784e-10)}
2024-11-09 16:59:41,311 - INFO - Bottom 10 Mean Stats: {'Max': np.float64(82.0), 'Min': np.float64(70.0), 'Mean': np.float64(76.0), 'Std': np.float64(4.0743097574926725)}
2024-11-09 16:59:41,311 - INFO - Bottom 10 Std Stats: {'Max': np.float64(0.0), 'Min': np.float64(0.0), 'Mean': np.float64(0.0), 'Std': np.float64(0.0)}
[I 2024-11-09 16:59:41,341] Trial 99 finished with value: 49.0 and parameters: {'x_0': 4, 'x_1': 4, 'x_2': 4, 'x_3': -1, 'x_4': 0}. Best is trial 69 with value: 10.0.
2024-11-09 16:59:50,269 - INFO - Candidate Mean Stats: {'Max': np.float64(82.0), 'Min': np.float64(-5.6488147492927966e-14), 'Mean': np.float64(0.02943167071300395), 'Std': np.float64(1.255977119495427)}
2024-11-09 16:59:50,270 - INFO - Candidate Std Stats: {'Max': np.float64(0.999999995537278), 'Min': np.float64(0.0), 'Mean': np.float64(0.9993790631831005), 'Std': np.float64(0.024910555203143107)}
2024-11-09 16:59:50,300 - INFO - Top 10 Mean Stats: {'Max': np.float64(3.6637359812630166e-15), 'Min': np.float64(-2.7755575615628914e-15), 'Mean': np.float64(1.0758061108617766e-15), 'Std': np.float64(2.0585733198361272e-15)}
2024-11-09 16:59:50,300 - INFO - Top 10 Std Stats: {'Max': np.float64(0.999999995537278), 'Min': np.float64(0.999999994830351), 'Mean': np.float64(0.9999999949960019), 'Std': np.float64(2.0993079569551537e-10)}
2024-11-09 16:59:50,301 - INFO - Bottom 10 Mean Stats: {'Max': np.float64(82.0), 'Min': np.float64(70.0), 'Mean': np.float64(76.0), 'Std': np.float64(4.0743097574926725)}
2024-11-09 16:59:50,301 - INFO - Bottom 10 Std Stats: {'Max': np.float64(0.0), 'Min': np.float64(0.0), 'Mean': np.float64(0.0), 'Std': np.float64(0.0)}
[I 2024-11-09 16:59:50,333] Trial 100 finished with value: 55.0 and parameters: {'x_0': -5, 'x_1': 2, 'x_2': -3, 'x_3': -1, 'x_4': 4}. Best is trial 69 with value: 10.0.
2024-11-09 16:59:58,992 - INFO - Candidate Mean Stats: {'Max': np.float64(82.0), 'Min': np.float64(-5.5239146590224665e-14), 'Mean': np.float64(0.029773177440686496), 'Std': np.float64(1.2634243847039734)}
2024-11-09 16:59:58,993 - INFO - Candidate Std Stats: {'Max': np.float64(0.9999999959060851), 'Min': np.float64(0.0), 'Mean': np.float64(0.9993728539121389), 'Std': np.float64(0.025034720371406083)}
2024-11-09 16:59:59,022 - INFO - Top 10 Mean Stats: {'Max': np.float64(4.4297898682543744e-15), 'Min': np.float64(-1.8762769116165144e-15), 'Mean': np.float64(1.1177170300413762e-15), 'Std': np.float64(1.9552427210282034e-15)}
2024-11-09 16:59:59,022 - INFO - Top 10 Std Stats: {'Max': np.float64(0.9999999959060851), 'Min': np.float64(0.9999999955841147), 'Mean': np.float64(0.9999999957032613), 'Std': np.float64(1.3060576793324026e-10)}
2024-11-09 16:59:59,022 - INFO - Bottom 10 Mean Stats: {'Max': np.float64(82.0), 'Min': np.float64(70.0), 'Mean': np.float64(76.0), 'Std': np.float64(4.0743097574926725)}
2024-11-09 16:59:59,022 - INFO - Bottom 10 Std Stats: {'Max': np.float64(0.0), 'Min': np.float64(0.0), 'Mean': np.float64(0.0), 'Std': np.float64(0.0)}
[I 2024-11-09 16:59:59,055] Trial 101 finished with value: 58.0 and parameters: {'x_0': 5, 'x_1': 3, 'x_2': -4, 'x_3': 2, 'x_4': 2}. Best is trial 69 with value: 10.0.
2024-11-09 17:00:08,922 - INFO - Candidate Mean Stats: {'Max': np.float64(82.0), 'Min': np.float64(-5.915268275202834e-14), 'Mean': np.float64(0.0301333118080608), 'Std': np.float64(1.2716553757943687)}
2024-11-09 17:00:08,923 - INFO - Candidate Std Stats: {'Max': np.float64(0.9999999960444291), 'Min': np.float64(0.0), 'Mean': np.float64(0.9993666453087106), 'Std': np.float64(0.02515827123145794)}
2024-11-09 17:00:08,954 - INFO - Top 10 Mean Stats: {'Max': np.float64(2.831068712794149e-15), 'Min': np.float64(-6.550315845288424e-16), 'Mean': np.float64(6.025735466153037e-16), 'Std': np.float64(1.1063404819526099e-15)}
2024-11-09 17:00:08,955 - INFO - Top 10 Std Stats: {'Max': np.float64(0.9999999960444291), 'Min': np.float64(0.9999999955629012), 'Mean': np.float64(0.9999999957214063), 'Std': np.float64(1.608626244690249e-10)}
2024-11-09 17:00:08,955 - INFO - Bottom 10 Mean Stats: {'Max': np.float64(82.0), 'Min': np.float64(70.0), 'Mean': np.float64(76.0), 'Std': np.float64(4.0743097574926725)}
2024-11-09 17:00:08,955 - INFO - Bottom 10 Std Stats: {'Max': np.float64(0.0), 'Min': np.float64(0.0), 'Mean': np.float64(0.0), 'Std': np.float64(0.0)}
[I 2024-11-09 17:00:08,983] Trial 102 finished with value: 39.0 and parameters: {'x_0': 3, 'x_1': -2, 'x_2': -3, 'x_3': -4, 'x_4': -1}. Best is trial 69 with value: 10.0.
2024-11-09 17:00:18,861 - INFO - Candidate Mean Stats: {'Max': np.float64(82.0), 'Min': np.float64(-5.876410469340953e-14), 'Mean': np.float64(0.030375471124053928), 'Std': np.float64(1.275357579404678)}
2024-11-09 17:00:18,861 - INFO - Candidate Std Stats: {'Max': np.float64(0.999999996219572), 'Min': np.float64(0.0), 'Mean': np.float64(0.9993604358691656), 'Std': np.float64(0.025281216752239884)}
2024-11-09 17:00:18,884 - INFO - Top 10 Mean Stats: {'Max': np.float64(2.3314683517128287e-15), 'Min': np.float64(-1.6986412276764896e-15), 'Mean': np.float64(3.957945082788683e-16), 'Std': np.float64(1.2581778461688474e-15)}
2024-11-09 17:00:18,885 - INFO - Top 10 Std Stats: {'Max': np.float64(0.999999996219572), 'Min': np.float64(0.9999999957183504), 'Mean': np.float64(0.9999999959443369), 'Std': np.float64(1.6740733139721617e-10)}
2024-11-09 17:00:18,885 - INFO - Bottom 10 Mean Stats: {'Max': np.float64(82.0), 'Min': np.float64(70.0), 'Mean': np.float64(76.0), 'Std': np.float64(4.0743097574926725)}
2024-11-09 17:00:18,885 - INFO - Bottom 10 Std Stats: {'Max': np.float64(0.0), 'Min': np.float64(0.0), 'Mean': np.float64(0.0), 'Std': np.float64(0.0)}
[I 2024-11-09 17:00:18,915] Trial 103 finished with value: 35.0 and parameters: {'x_0': 3, 'x_1': -3, 'x_2': 0, 'x_3': -4, 'x_4': -1}. Best is trial 69 with value: 10.0.
2024-11-09 17:00:28,498 - INFO - Candidate Mean Stats: {'Max': np.float64(82.0), 'Min': np.float64(-5.853650897336138e-14), 'Mean': np.float64(0.030592793587124602), 'Std': np.float64(1.278330939850467)}
2024-11-09 17:00:28,499 - INFO - Candidate Std Stats: {'Max': np.float64(0.9999999972105537), 'Min': np.float64(0.0), 'Mean': np.float64(0.9993542263104768), 'Std': np.float64(0.025403565740338623)}
2024-11-09 17:00:28,525 - INFO - Top 10 Mean Stats: {'Max': np.float64(1.937339177970898e-15), 'Min': np.float64(-1.2490009027033011e-15), 'Mean': np.float64(4.86607282246254e-16), 'Std': np.float64(1.0919318535909645e-15)}
2024-11-09 17:00:28,525 - INFO - Top 10 Std Stats: {'Max': np.float64(0.9999999972105537), 'Min': np.float64(0.9999999964289795), 'Mean': np.float64(0.999999996762859), 'Std': np.float64(2.5501887358053513e-10)}
2024-11-09 17:00:28,525 - INFO - Bottom 10 Mean Stats: {'Max': np.float64(82.0), 'Min': np.float64(70.0), 'Mean': np.float64(76.0), 'Std': np.float64(4.0743097574926725)}
2024-11-09 17:00:28,525 - INFO - Bottom 10 Std Stats: {'Max': np.float64(0.0), 'Min': np.float64(0.0), 'Mean': np.float64(0.0), 'Std': np.float64(0.0)}
[I 2024-11-09 17:00:28,557] Trial 104 finished with value: 69.0 and parameters: {'x_0': 1, 'x_1': -3, 'x_2': -3, 'x_3': 5, 'x_4': -5}. Best is trial 69 with value: 10.0.
2024-11-09 17:00:38,645 - INFO - Candidate Mean Stats: {'Max': np.float64(82.0), 'Min': np.float64(-5.284661597215745e-14), 'Mean': np.float64(0.031021229300035428), 'Std': np.float64(1.2898316395258738)}
2024-11-09 17:00:38,646 - INFO - Candidate Std Stats: {'Max': np.float64(0.9999999958096076), 'Min': np.float64(0.0), 'Mean': np.float64(0.9993480171977374), 'Std': np.float64(0.02552532678807322)}
2024-11-09 17:00:38,669 - INFO - Top 10 Mean Stats: {'Max': np.float64(1.1990408665951691e-15), 'Min': np.float64(-2.7977620220553944e-15), 'Mean': np.float64(-9.975353876257033e-16), 'Std': np.float64(1.2153368856255386e-15)}
2024-11-09 17:00:38,669 - INFO - Top 10 Std Stats: {'Max': np.float64(0.9999999958096076), 'Min': np.float64(0.9999999949876911), 'Mean': np.float64(0.9999999952269784), 'Std': np.float64(2.3792799209773646e-10)}
2024-11-09 17:00:38,669 - INFO - Bottom 10 Mean Stats: {'Max': np.float64(82.0), 'Min': np.float64(70.0), 'Mean': np.float64(76.0), 'Std': np.float64(4.0743097574926725)}
2024-11-09 17:00:38,669 - INFO - Bottom 10 Std Stats: {'Max': np.float64(0.0), 'Min': np.float64(0.0), 'Mean': np.float64(0.0), 'Std': np.float64(0.0)}
[I 2024-11-09 17:00:38,701] Trial 105 finished with value: 86.0 and parameters: {'x_0': 4, 'x_1': 4, 'x_2': 5, 'x_3': 2, 'x_4': 5}. Best is trial 69 with value: 10.0.
2024-11-09 17:00:48,164 - INFO - Candidate Mean Stats: {'Max': np.float64(86.0), 'Min': np.float64(-4.6074255521943996e-14), 'Mean': np.float64(0.03155522163786626), 'Std': np.float64(1.3074997453269845)}
2024-11-09 17:00:48,165 - INFO - Candidate Std Stats: {'Max': np.float64(0.9999999955320407), 'Min': np.float64(0.0), 'Mean': np.float64(0.9993418086783766), 'Std': np.float64(0.025646508273585365)}
2024-11-09 17:00:48,188 - INFO - Top 10 Mean Stats: {'Max': np.float64(3.1315228188333322e-15), 'Min': np.float64(-3.083644450896372e-15), 'Mean': np.float64(3.9771137771982275e-16), 'Std': np.float64(2.0483307038637786e-15)}
2024-11-09 17:00:48,188 - INFO - Top 10 Std Stats: {'Max': np.float64(0.9999999955320407), 'Min': np.float64(0.9999999951114529), 'Mean': np.float64(0.999999995292377), 'Std': np.float64(1.6250801716377062e-10)}
2024-11-09 17:00:48,188 - INFO - Bottom 10 Mean Stats: {'Max': np.float64(86.0), 'Min': np.float64(71.0), 'Mean': np.float64(77.6), 'Std': np.float64(4.521061822182926)}
2024-11-09 17:00:48,188 - INFO - Bottom 10 Std Stats: {'Max': np.float64(0.0), 'Min': np.float64(0.0), 'Mean': np.float64(0.0), 'Std': np.float64(0.0)}
