[I 2024-11-09 16:50:07,948] Trial 63 finished with value: 51.0 and parameters: {'x_0': -3, 'x_1': 4, 'x_2': 1, 'x_3': 0, 'x_4': 5}. Best is trial 3 with value: 15.0.
2024-11-09 16:50:15,833 - INFO - Candidate Mean Stats: {'Max': np.float64(98.0), 'Min': np.float64(-7.478462293875055e-14), 'Mean': np.float64(0.021123743410472476), 'Std': np.float64(1.142579508195734)}
2024-11-09 16:50:15,834 - INFO - Candidate Std Stats: {'Max': np.float64(0.9999999965281612), 'Min': np.float64(0.0), 'Mean': np.float64(0.999602594532747), 'Std': np.float64(0.01993067273457509)}
2024-11-09 16:50:15,863 - INFO - Top 10 Mean Stats: {'Max': np.float64(4.568567746332519e-15), 'Min': np.float64(-3.108624468950438e-16), 'Mean': np.float64(1.7730261703263749e-15), 'Std': np.float64(1.6612424082360464e-15)}
2024-11-09 16:50:15,863 - INFO - Top 10 Std Stats: {'Max': np.float64(0.9999999965281612), 'Min': np.float64(0.9999999957053722), 'Mean': np.float64(0.999999996087898), 'Std': np.float64(2.7221126659153793e-10)}
2024-11-09 16:50:15,863 - INFO - Bottom 10 Mean Stats: {'Max': np.float64(98.0), 'Min': np.float64(79.0), 'Mean': np.float64(87.5), 'Std': np.float64(5.445181356024793)}
2024-11-09 16:50:15,863 - INFO - Bottom 10 Std Stats: {'Max': np.float64(0.0), 'Min': np.float64(0.0), 'Mean': np.float64(0.0), 'Std': np.float64(0.0)}
[I 2024-11-09 16:50:15,902] Trial 64 finished with value: 34.0 and parameters: {'x_0': 0, 'x_1': -4, 'x_2': -4, 'x_3': 1, 'x_4': -1}. Best is trial 3 with value: 15.0.
2024-11-09 16:50:22,340 - INFO - Candidate Mean Stats: {'Max': np.float64(98.0), 'Min': np.float64(-6.765699112065704e-14), 'Mean': np.float64(0.021334856660312568), 'Std': np.float64(1.1457123633226287)}
2024-11-09 16:50:22,341 - INFO - Candidate Std Stats: {'Max': np.float64(0.9999999955535529), 'Min': np.float64(0.0), 'Mean': np.float64(0.9995963854053751), 'Std': np.float64(0.020085715203789253)}
2024-11-09 16:50:22,380 - INFO - Top 10 Mean Stats: {'Max': np.float64(5.9674487573602164e-15), 'Min': np.float64(-4.152234112098085e-15), 'Mean': np.float64(6.158962229108055e-16), 'Std': np.float64(3.1565573713327393e-15)}
2024-11-09 16:50:22,380 - INFO - Top 10 Std Stats: {'Max': np.float64(0.9999999955535529), 'Min': np.float64(0.999999995001538), 'Mean': np.float64(0.9999999951839985), 'Std': np.float64(1.7106743445307685e-10)}
2024-11-09 16:50:22,380 - INFO - Bottom 10 Mean Stats: {'Max': np.float64(98.0), 'Min': np.float64(79.0), 'Mean': np.float64(87.5), 'Std': np.float64(5.445181356024793)}
2024-11-09 16:50:22,380 - INFO - Bottom 10 Std Stats: {'Max': np.float64(0.0), 'Min': np.float64(0.0), 'Mean': np.float64(0.0), 'Std': np.float64(0.0)}
[I 2024-11-09 16:50:22,417] Trial 65 finished with value: 42.0 and parameters: {'x_0': 0, 'x_1': 4, 'x_2': -1, 'x_3': 5, 'x_4': 0}. Best is trial 3 with value: 15.0.
2024-11-09 16:50:28,122 - INFO - Candidate Mean Stats: {'Max': np.float64(98.0), 'Min': np.float64(-6.247224959565756e-14), 'Mean': np.float64(0.021595643615997452), 'Std': np.float64(1.1504775860027063)}
2024-11-09 16:50:28,123 - INFO - Candidate Std Stats: {'Max': np.float64(0.9999999949676573), 'Min': np.float64(0.0), 'Mean': np.float64(0.9995901760099454), 'Std': np.float64(0.020239568115859075)}
2024-11-09 16:50:28,159 - INFO - Top 10 Mean Stats: {'Max': np.float64(4.26186863577982e-15), 'Min': np.float64(-4.485301019485632e-15), 'Mean': np.float64(-3.6817771054131745e-16), 'Std': np.float64(2.95425893319214e-15)}
2024-11-09 16:50:28,159 - INFO - Top 10 Std Stats: {'Max': np.float64(0.9999999949676573), 'Min': np.float64(0.9999999945664203), 'Mean': np.float64(0.9999999947399116), 'Std': np.float64(1.148379962664147e-10)}
2024-11-09 16:50:28,160 - INFO - Bottom 10 Mean Stats: {'Max': np.float64(98.0), 'Min': np.float64(79.0), 'Mean': np.float64(87.5), 'Std': np.float64(5.445181356024793)}
2024-11-09 16:50:28,160 - INFO - Bottom 10 Std Stats: {'Max': np.float64(0.0), 'Min': np.float64(0.0), 'Mean': np.float64(0.0), 'Std': np.float64(0.0)}
[I 2024-11-09 16:50:28,196] Trial 66 finished with value: 43.0 and parameters: {'x_0': -2, 'x_1': 3, 'x_2': 1, 'x_3': -5, 'x_4': 2}. Best is trial 3 with value: 15.0.
2024-11-09 16:50:34,572 - INFO - Candidate Mean Stats: {'Max': np.float64(98.0), 'Min': np.float64(-6.596945212322681e-14), 'Mean': np.float64(0.02186263978491285), 'Std': np.float64(1.1554513871049714)}
2024-11-09 16:50:34,572 - INFO - Candidate Std Stats: {'Max': np.float64(0.9999999952598458), 'Min': np.float64(0.0), 'Mean': np.float64(0.9995839669290205), 'Std': np.float64(0.020392258406899382)}
2024-11-09 16:50:34,600 - INFO - Top 10 Mean Stats: {'Max': np.float64(5.591013763073249e-15), 'Min': np.float64(-5.395683899678261e-15), 'Mean': np.float64(-4.653569196655384e-16), 'Std': np.float64(2.983068823446193e-15)}
2024-11-09 16:50:34,600 - INFO - Top 10 Std Stats: {'Max': np.float64(0.9999999952598458), 'Min': np.float64(0.9999999947285422), 'Mean': np.float64(0.999999994907593), 'Std': np.float64(1.909857509374765e-10)}
2024-11-09 16:50:34,601 - INFO - Bottom 10 Mean Stats: {'Max': np.float64(98.0), 'Min': np.float64(79.0), 'Mean': np.float64(87.5), 'Std': np.float64(5.445181356024793)}
2024-11-09 16:50:34,601 - INFO - Bottom 10 Std Stats: {'Max': np.float64(0.0), 'Min': np.float64(0.0), 'Mean': np.float64(0.0), 'Std': np.float64(0.0)}
[I 2024-11-09 16:50:34,635] Trial 67 finished with value: 71.0 and parameters: {'x_0': -5, 'x_1': 5, 'x_2': 1, 'x_3': 4, 'x_4': 2}. Best is trial 3 with value: 15.0.
2024-11-09 16:50:44,556 - INFO - Candidate Mean Stats: {'Max': np.float64(98.0), 'Min': np.float64(-8.10185252220208e-14), 'Mean': np.float64(0.02230349392428483), 'Std': np.float64(1.1689093553545324)}
2024-11-09 16:50:44,558 - INFO - Candidate Std Stats: {'Max': np.float64(0.999999995918064), 'Min': np.float64(0.0), 'Mean': np.float64(0.9995777574707035), 'Std': np.float64(0.020543811986264034)}
2024-11-09 16:50:44,588 - INFO - Top 10 Mean Stats: {'Max': np.float64(3.8802294710649224e-15), 'Min': np.float64(-3.774758283725532e-15), 'Mean': np.float64(7.832623438730481e-16), 'Std': np.float64(2.3832514706996225e-15)}
2024-11-09 16:50:44,589 - INFO - Top 10 Std Stats: {'Max': np.float64(0.999999995918064), 'Min': np.float64(0.9999999954848263), 'Mean': np.float64(0.9999999956834424), 'Std': np.float64(1.6035898030515477e-10)}
2024-11-09 16:50:44,589 - INFO - Bottom 10 Mean Stats: {'Max': np.float64(98.0), 'Min': np.float64(79.0), 'Mean': np.float64(87.5), 'Std': np.float64(5.445181356024793)}
2024-11-09 16:50:44,589 - INFO - Bottom 10 Std Stats: {'Max': np.float64(0.0), 'Min': np.float64(0.0), 'Mean': np.float64(0.0), 'Std': np.float64(0.0)}
[I 2024-11-09 16:50:44,622] Trial 68 finished with value: 101.0 and parameters: {'x_0': -1, 'x_1': 5, 'x_2': -5, 'x_3': 5, 'x_4': -5}. Best is trial 3 with value: 15.0.
2024-11-09 16:50:52,067 - INFO - Candidate Mean Stats: {'Max': np.float64(101.0), 'Min': np.float64(-8.727740752334512e-14), 'Mean': np.float64(0.022930624460574596), 'Std': np.float64(1.1956842800270027)}
2024-11-09 16:50:52,068 - INFO - Candidate Std Stats: {'Max': np.float64(0.9999999953384984), 'Min': np.float64(0.0), 'Mean': np.float64(0.9995715496770171), 'Std': np.float64(0.02069425386989798)}
2024-11-09 16:50:52,096 - INFO - Top 10 Mean Stats: {'Max': np.float64(5.995204332975845e-15), 'Min': np.float64(-3.83026943495679e-15), 'Mean': np.float64(3.9641900873021993e-16), 'Std': np.float64(3.07950022146928e-15)}
2024-11-09 16:50:52,096 - INFO - Top 10 Std Stats: {'Max': np.float64(0.9999999953384984), 'Min': np.float64(0.9999999949219877), 'Mean': np.float64(0.9999999950857695), 'Std': np.float64(1.1694829000495996e-10)}
2024-11-09 16:50:52,097 - INFO - Bottom 10 Mean Stats: {'Max': np.float64(101.0), 'Min': np.float64(82.0), 'Mean': np.float64(89.7), 'Std': np.float64(5.984145720150872)}
2024-11-09 16:50:52,097 - INFO - Bottom 10 Std Stats: {'Max': np.float64(0.0), 'Min': np.float64(0.0), 'Mean': np.float64(0.0), 'Std': np.float64(0.0)}
[I 2024-11-09 16:50:52,133] Trial 69 finished with value: 59.0 and parameters: {'x_0': 0, 'x_1': -4, 'x_2': -3, 'x_3': -5, 'x_4': -3}. Best is trial 3 with value: 15.0.
2024-11-09 16:50:59,534 - INFO - Candidate Mean Stats: {'Max': np.float64(101.0), 'Min': np.float64(-8.935907569451729e-14), 'Mean': np.float64(0.02329696804117951), 'Std': np.float64(1.2046817976451796)}
2024-11-09 16:50:59,535 - INFO - Candidate Std Stats: {'Max': np.float64(0.9999999962521536), 'Min': np.float64(0.0), 'Mean': np.float64(0.9995653402920489), 'Std': np.float64(0.020843608062903467)}
2024-11-09 16:50:59,562 - INFO - Top 10 Mean Stats: {'Max': np.float64(2.8033131371785203e-15), 'Min': np.float64(-4.371503159461554e-15), 'Mean': np.float64(-7.485678743535118e-16), 'Std': np.float64(2.2129807983261434e-15)}
2024-11-09 16:50:59,563 - INFO - Top 10 Std Stats: {'Max': np.float64(0.9999999962521536), 'Min': np.float64(0.9999999958657861), 'Mean': np.float64(0.9999999960729955), 'Std': np.float64(1.129608220103232e-10)}
2024-11-09 16:50:59,563 - INFO - Bottom 10 Mean Stats: {'Max': np.float64(101.0), 'Min': np.float64(82.0), 'Mean': np.float64(89.7), 'Std': np.float64(5.984145720150872)}
2024-11-09 16:50:59,563 - INFO - Bottom 10 Std Stats: {'Max': np.float64(0.0), 'Min': np.float64(0.0), 'Mean': np.float64(0.0), 'Std': np.float64(0.0)}
[I 2024-11-09 16:50:59,600] Trial 70 finished with value: 19.0 and parameters: {'x_0': 1, 'x_1': 2, 'x_2': 3, 'x_3': -1, 'x_4': 2}. Best is trial 3 with value: 15.0.
2024-11-09 16:51:07,006 - INFO - Candidate Mean Stats: {'Max': np.float64(101.0), 'Min': np.float64(-7.138734048339757e-14), 'Mean': np.float64(0.023414943092560737), 'Std': np.float64(1.2056094926275873)}
2024-11-09 16:51:07,007 - INFO - Candidate Std Stats: {'Max': np.float64(0.9999999961434748), 'Min': np.float64(0.0), 'Mean': np.float64(0.9995591305279767), 'Std': np.float64(0.02099189780560341)}
2024-11-09 16:51:07,042 - INFO - Top 10 Mean Stats: {'Max': np.float64(2.9198865547641618e-15), 'Min': np.float64(-3.97459842815806e-15), 'Mean': np.float64(-2.0927704014184179e-16), 'Std': np.float64(2.3567240132608526e-15)}
2024-11-09 16:51:07,043 - INFO - Top 10 Std Stats: {'Max': np.float64(0.9999999961434748), 'Min': np.float64(0.9999999955508332), 'Mean': np.float64(0.9999999957409246), 'Std': np.float64(1.860092543538903e-10)}
2024-11-09 16:51:07,043 - INFO - Bottom 10 Mean Stats: {'Max': np.float64(101.0), 'Min': np.float64(82.0), 'Mean': np.float64(89.7), 'Std': np.float64(5.984145720150872)}
2024-11-09 16:51:07,043 - INFO - Bottom 10 Std Stats: {'Max': np.float64(0.0), 'Min': np.float64(0.0), 'Mean': np.float64(0.0), 'Std': np.float64(0.0)}
[I 2024-11-09 16:51:07,083] Trial 71 finished with value: 61.0 and parameters: {'x_0': 3, 'x_1': -4, 'x_2': -4, 'x_3': 4, 'x_4': 2}. Best is trial 3 with value: 15.0.
2024-11-09 16:51:13,914 - INFO - Candidate Mean Stats: {'Max': np.float64(101.0), 'Min': np.float64(-8.046896482483134e-14), 'Mean': np.float64(0.023793705099626795), 'Std': np.float64(1.2151464316297191)}
2024-11-09 16:51:13,914 - INFO - Candidate Std Stats: {'Max': np.float64(0.9999999954034827), 'Min': np.float64(0.0), 'Mean': np.float64(0.99955292156828), 'Std': np.float64(0.021139145523855308)}
2024-11-09 16:51:13,953 - INFO - Top 10 Mean Stats: {'Max': np.float64(7.616129948928573e-15), 'Min': np.float64(-5.184741524999481e-15), 'Mean': np.float64(1.6196346022158413e-15), 'Std': np.float64(4.1851174328313434e-15)}
2024-11-09 16:51:13,953 - INFO - Top 10 Std Stats: {'Max': np.float64(0.9999999954034827), 'Min': np.float64(0.999999994566596), 'Mean': np.float64(0.9999999948281634), 'Std': np.float64(2.331719224228982e-10)}
2024-11-09 16:51:13,953 - INFO - Bottom 10 Mean Stats: {'Max': np.float64(101.0), 'Min': np.float64(82.0), 'Mean': np.float64(89.7), 'Std': np.float64(5.984145720150872)}
2024-11-09 16:51:13,954 - INFO - Bottom 10 Std Stats: {'Max': np.float64(0.0), 'Min': np.float64(0.0), 'Mean': np.float64(0.0), 'Std': np.float64(0.0)}
[I 2024-11-09 16:51:13,990] Trial 72 finished with value: 21.0 and parameters: {'x_0': -3, 'x_1': -2, 'x_2': 0, 'x_3': -2, 'x_4': 2}. Best is trial 3 with value: 15.0.
2024-11-09 16:51:20,006 - INFO - Candidate Mean Stats: {'Max': np.float64(101.0), 'Min': np.float64(-7.827072323607354e-14), 'Mean': np.float64(0.023924098577469265), 'Std': np.float64(1.2162700733170877)}
2024-11-09 16:51:20,008 - INFO - Candidate Std Stats: {'Max': np.float64(0.9999999957377308), 'Min': np.float64(0.0), 'Mean': np.float64(0.9995467122024019), 'Std': np.float64(0.021285372818111256)}
2024-11-09 16:51:20,034 - INFO - Top 10 Mean Stats: {'Max': np.float64(3.197442310920451e-15), 'Min': np.float64(-4.085620730620576e-15), 'Mean': np.float64(1.0234868508263162e-16), 'Std': np.float64(2.135053955892119e-15)}
2024-11-09 16:51:20,035 - INFO - Top 10 Std Stats: {'Max': np.float64(0.9999999957377308), 'Min': np.float64(0.9999999953531594), 'Mean': np.float64(0.9999999955197968), 'Std': np.float64(1.1622610490536428e-10)}
2024-11-09 16:51:20,035 - INFO - Bottom 10 Mean Stats: {'Max': np.float64(101.0), 'Min': np.float64(82.0), 'Mean': np.float64(89.7), 'Std': np.float64(5.984145720150872)}
2024-11-09 16:51:20,035 - INFO - Bottom 10 Std Stats: {'Max': np.float64(0.0), 'Min': np.float64(0.0), 'Mean': np.float64(0.0), 'Std': np.float64(0.0)}
[I 2024-11-09 16:51:20,072] Trial 73 finished with value: 31.0 and parameters: {'x_0': -2, 'x_1': 1, 'x_2': 4, 'x_3': 1, 'x_4': -3}. Best is trial 3 with value: 15.0.
2024-11-09 16:51:27,422 - INFO - Candidate Mean Stats: {'Max': np.float64(101.0), 'Min': np.float64(-7.656653089327392e-14), 'Mean': np.float64(0.024116584187617595), 'Std': np.float64(1.2187168243776805)}
2024-11-09 16:51:27,423 - INFO - Candidate Std Stats: {'Max': np.float64(0.9999999958454661), 'Min': np.float64(0.0), 'Mean': np.float64(0.9995405030008404), 'Std': np.float64(0.021430600588219505)}
2024-11-09 16:51:27,457 - INFO - Top 10 Mean Stats: {'Max': np.float64(4.390932062392494e-15), 'Min': np.float64(-2.6756374893466274e-15), 'Mean': np.float64(1.1898815266420115e-15), 'Std': np.float64(2.4518848981735304e-15)}
2024-11-09 16:51:27,458 - INFO - Top 10 Std Stats: {'Max': np.float64(0.9999999958454661), 'Min': np.float64(0.9999999952249331), 'Mean': np.float64(0.9999999955106258), 'Std': np.float64(2.0900764280275674e-10)}
2024-11-09 16:51:27,458 - INFO - Bottom 10 Mean Stats: {'Max': np.float64(101.0), 'Min': np.float64(82.0), 'Mean': np.float64(89.7), 'Std': np.float64(5.984145720150872)}
2024-11-09 16:51:27,458 - INFO - Bottom 10 Std Stats: {'Max': np.float64(0.0), 'Min': np.float64(0.0), 'Mean': np.float64(0.0), 'Std': np.float64(0.0)}
[I 2024-11-09 16:51:27,493] Trial 74 finished with value: 51.0 and parameters: {'x_0': -2, 'x_1': -5, 'x_2': 2, 'x_3': -3, 'x_4': -3}. Best is trial 3 with value: 15.0.
2024-11-09 16:51:37,238 - INFO - Candidate Mean Stats: {'Max': np.float64(101.0), 'Min': np.float64(-1.2355672041053368e-13), 'Mean': np.float64(0.024433254062377736), 'Std': np.float64(1.2253185248590626)}
2024-11-09 16:51:37,239 - INFO - Candidate Std Stats: {'Max': np.float64(0.9999999963951443), 'Min': np.float64(0.0), 'Mean': np.float64(0.9995342943387819), 'Std': np.float64(0.021574849026857926)}
2024-11-09 16:51:37,273 - INFO - Top 10 Mean Stats: {'Max': np.float64(5.3457238635701286e-15), 'Min': np.float64(-4.002354003773689e-15), 'Mean': np.float64(5.00086083654594e-16), 'Std': np.float64(2.604262746377338e-15)}
2024-11-09 16:51:37,273 - INFO - Top 10 Std Stats: {'Max': np.float64(0.9999999963951443), 'Min': np.float64(0.999999995523656), 'Mean': np.float64(0.9999999958636018), 'Std': np.float64(2.973443185241884e-10)}
2024-11-09 16:51:37,273 - INFO - Bottom 10 Mean Stats: {'Max': np.float64(101.0), 'Min': np.float64(82.0), 'Mean': np.float64(89.7), 'Std': np.float64(5.984145720150872)}
2024-11-09 16:51:37,273 - INFO - Bottom 10 Std Stats: {'Max': np.float64(0.0), 'Min': np.float64(0.0), 'Mean': np.float64(0.0), 'Std': np.float64(0.0)}
[I 2024-11-09 16:51:37,309] Trial 75 finished with value: 40.0 and parameters: {'x_0': 1, 'x_1': -2, 'x_2': 5, 'x_3': -3, 'x_4': 1}. Best is trial 3 with value: 15.0.
2024-11-09 16:51:49,381 - INFO - Candidate Mean Stats: {'Max': np.float64(101.0), 'Min': np.float64(-7.596145934485322e-14), 'Mean': np.float64(0.024681622591601362), 'Std': np.float64(1.2293608217045384)}
2024-11-09 16:51:49,382 - INFO - Candidate Std Stats: {'Max': np.float64(0.9999999966885871), 'Min': np.float64(0.0), 'Mean': np.float64(0.9995280847271432), 'Std': np.float64(0.021718137615837445)}
2024-11-09 16:51:49,411 - INFO - Top 10 Mean Stats: {'Max': np.float64(2.8553548414578245e-15), 'Min': np.float64(-2.2870594307278226e-15), 'Mean': np.float64(1.887379141862766e-16), 'Std': np.float64(1.5590156049559017e-15)}
2024-11-09 16:51:49,412 - INFO - Top 10 Std Stats: {'Max': np.float64(0.9999999966885871), 'Min': np.float64(0.999999995961926), 'Mean': np.float64(0.999999996196569), 'Std': np.float64(2.3720426065992885e-10)}
2024-11-09 16:51:49,413 - INFO - Bottom 10 Mean Stats: {'Max': np.float64(101.0), 'Min': np.float64(82.0), 'Mean': np.float64(89.7), 'Std': np.float64(5.984145720150872)}
2024-11-09 16:51:49,413 - INFO - Bottom 10 Std Stats: {'Max': np.float64(0.0), 'Min': np.float64(0.0), 'Mean': np.float64(0.0), 'Std': np.float64(0.0)}
[I 2024-11-09 16:51:49,457] Trial 76 finished with value: 64.0 and parameters: {'x_0': -1, 'x_1': 5, 'x_2': -2, 'x_3': 5, 'x_4': 3}. Best is trial 3 with value: 15.0.
2024-11-09 16:56:35,400 - INFO - Candidate Mean Stats: {'Max': np.float64(101.0), 'Min': np.float64(-8.21620549373847e-14), 'Mean': np.float64(0.025079012238359278), 'Std': np.float64(1.2396536584762148)}
2024-11-09 16:56:35,402 - INFO - Candidate Std Stats: {'Max': np.float64(0.9999999961142969), 'Min': np.float64(0.0), 'Mean': np.float64(0.9995218753300328), 'Std': np.float64(0.021860485254352753)}
2024-11-09 16:56:35,441 - INFO - Top 10 Mean Stats: {'Max': np.float64(3.9523939676655574e-15), 'Min': np.float64(-4.8072656966269275e-15), 'Mean': np.float64(-1.0501668978868393e-15), 'Std': np.float64(2.664135494838658e-15)}
2024-11-09 16:56:35,441 - INFO - Top 10 Std Stats: {'Max': np.float64(0.9999999961142969), 'Min': np.float64(0.9999999952126611), 'Mean': np.float64(0.9999999955685424), 'Std': np.float64(3.181994452401182e-10)}
2024-11-09 16:56:35,441 - INFO - Bottom 10 Mean Stats: {'Max': np.float64(101.0), 'Min': np.float64(82.0), 'Mean': np.float64(89.7), 'Std': np.float64(5.984145720150872)}
2024-11-09 16:56:35,441 - INFO - Bottom 10 Std Stats: {'Max': np.float64(0.0), 'Min': np.float64(0.0), 'Mean': np.float64(0.0), 'Std': np.float64(0.0)}
[I 2024-11-09 16:56:35,515] Trial 77 finished with value: 44.0 and parameters: {'x_0': 2, 'x_1': -4, 'x_2': -2, 'x_3': -4, 'x_4': 2}. Best is trial 3 with value: 15.0.
2024-11-09 16:56:40,132 - INFO - Candidate Mean Stats: {'Max': np.float64(101.0), 'Min': np.float64(-7.569500581894317e-14), 'Mean': np.float64(0.02535221762050529), 'Std': np.float64(1.2444872244038758)}
2024-11-09 16:56:40,132 - INFO - Candidate Std Stats: {'Max': np.float64(0.9999999956744806), 'Min': np.float64(0.0), 'Mean': np.float64(0.9995156667599032), 'Std': np.float64(0.022001910219317643)}
2024-11-09 16:56:40,146 - INFO - Top 10 Mean Stats: {'Max': np.float64(4.585221091701896e-15), 'Min': np.float64(-3.969047313034935e-15), 'Mean': np.float64(9.892087149410145e-16), 'Std': np.float64(2.5580666032771905e-15)}
2024-11-09 16:56:40,146 - INFO - Top 10 Std Stats: {'Max': np.float64(0.9999999956744806), 'Min': np.float64(0.9999999952310594), 'Mean': np.float64(0.9999999953795402), 'Std': np.float64(1.2972417660257078e-10)}
2024-11-09 16:56:40,146 - INFO - Bottom 10 Mean Stats: {'Max': np.float64(101.0), 'Min': np.float64(82.0), 'Mean': np.float64(89.7), 'Std': np.float64(5.984145720150872)}
2024-11-09 16:56:40,146 - INFO - Bottom 10 Std Stats: {'Max': np.float64(0.0), 'Min': np.float64(0.0), 'Mean': np.float64(0.0), 'Std': np.float64(0.0)}
[I 2024-11-09 16:56:40,168] Trial 78 finished with value: 70.0 and parameters: {'x_0': -4, 'x_1': 5, 'x_2': -4, 'x_3': -2, 'x_4': 3}. Best is trial 3 with value: 15.0.
2024-11-09 16:56:46,933 - INFO - Candidate Mean Stats: {'Max': np.float64(101.0), 'Min': np.float64(-9.160172620426011e-14), 'Mean': np.float64(0.02578686254664672), 'Std': np.float64(1.2566428964477694)}
2024-11-09 16:56:46,934 - INFO - Candidate Std Stats: {'Max': np.float64(0.9999999959399969), 'Min': np.float64(0.0), 'Mean': np.float64(0.9995094570380675), 'Std': np.float64(0.022142430147106335)}
2024-11-09 16:56:46,951 - INFO - Top 10 Mean Stats: {'Max': np.float64(6.661338147750939e-15), 'Min': np.float64(-6.861178292183467e-15), 'Mean': np.float64(-1.3433698597964394e-15), 'Std': np.float64(3.645891951238221e-15)}
2024-11-09 16:56:46,951 - INFO - Top 10 Std Stats: {'Max': np.float64(0.9999999959399969), 'Min': np.float64(0.999999995374299), 'Mean': np.float64(0.9999999956119197), 'Std': np.float64(1.9377831145357944e-10)}
2024-11-09 16:56:46,951 - INFO - Bottom 10 Mean Stats: {'Max': np.float64(101.0), 'Min': np.float64(82.0), 'Mean': np.float64(89.7), 'Std': np.float64(5.984145720150872)}
2024-11-09 16:56:46,951 - INFO - Bottom 10 Std Stats: {'Max': np.float64(0.0), 'Min': np.float64(0.0), 'Mean': np.float64(0.0), 'Std': np.float64(0.0)}
