[I 2024-11-09 16:56:43,535] Trial 79 finished with value: 40.0 and parameters: {'x_0': -3, 'x_1': 1, 'x_2': 5, 'x_3': 1, 'x_4': 2}. Best is trial 59 with value: 8.0.
2024-11-09 16:56:49,476 - INFO - Candidate Mean Stats: {'Max': np.float64(92.0), 'Min': np.float64(-6.599026880493853e-14), 'Mean': np.float64(0.02509763987805106), 'Std': np.float64(1.212163045420374)}
2024-11-09 16:56:49,477 - INFO - Candidate Std Stats: {'Max': np.float64(0.999999996151837), 'Min': np.float64(0.0), 'Mean': np.float64(0.99950324740804), 'Std': np.float64(0.022282062187104074)}
2024-11-09 16:56:49,495 - INFO - Top 10 Mean Stats: {'Max': np.float64(1.1657341758564144e-15), 'Min': np.float64(-3.1002977962657497e-15), 'Mean': np.float64(-8.351652702742739e-16), 'Std': np.float64(1.2079974265392981e-15)}
2024-11-09 16:56:49,495 - INFO - Top 10 Std Stats: {'Max': np.float64(0.999999996151837), 'Min': np.float64(0.9999999955065012), 'Mean': np.float64(0.9999999957976039), 'Std': np.float64(2.388464679370914e-10)}
2024-11-09 16:56:49,496 - INFO - Bottom 10 Mean Stats: {'Max': np.float64(92.0), 'Min': np.float64(79.0), 'Mean': np.float64(83.8), 'Std': np.float64(3.815756805667783)}
2024-11-09 16:56:49,496 - INFO - Bottom 10 Std Stats: {'Max': np.float64(0.0), 'Min': np.float64(0.0), 'Mean': np.float64(0.0), 'Std': np.float64(0.0)}
[I 2024-11-09 16:56:49,521] Trial 80 finished with value: 18.0 and parameters: {'x_0': 0, 'x_1': -4, 'x_2': -1, 'x_3': -1, 'x_4': 0}. Best is trial 59 with value: 8.0.
2024-11-09 16:56:55,012 - INFO - Candidate Mean Stats: {'Max': np.float64(92.0), 'Min': np.float64(-8.3322237998118e-14), 'Mean': np.float64(0.025209405716201682), 'Std': np.float64(1.212990276614117)}
2024-11-09 16:56:55,013 - INFO - Candidate Std Stats: {'Max': np.float64(0.9999999960258878), 'Min': np.float64(0.0), 'Mean': np.float64(0.9994970387046133), 'Std': np.float64(0.022420822946839083)}
2024-11-09 16:56:55,044 - INFO - Top 10 Mean Stats: {'Max': np.float64(2.2593038551121937e-15), 'Min': np.float64(-3.4861002973229914e-15), 'Mean': np.float64(-4.1466829969749605e-16), 'Std': np.float64(1.797769663441599e-15)}
2024-11-09 16:56:55,044 - INFO - Top 10 Std Stats: {'Max': np.float64(0.9999999960258878), 'Min': np.float64(0.9999999954117289), 'Mean': np.float64(0.9999999957043595), 'Std': np.float64(2.0341716716034894e-10)}
2024-11-09 16:56:55,045 - INFO - Bottom 10 Mean Stats: {'Max': np.float64(92.0), 'Min': np.float64(79.0), 'Mean': np.float64(83.8), 'Std': np.float64(3.815756805667783)}
2024-11-09 16:56:55,045 - INFO - Bottom 10 Std Stats: {'Max': np.float64(0.0), 'Min': np.float64(0.0), 'Mean': np.float64(0.0), 'Std': np.float64(0.0)}
[I 2024-11-09 16:56:55,069] Trial 81 finished with value: 26.0 and parameters: {'x_0': -1, 'x_1': 2, 'x_2': -2, 'x_3': 1, 'x_4': 4}. Best is trial 59 with value: 8.0.
2024-11-09 16:57:01,779 - INFO - Candidate Mean Stats: {'Max': np.float64(92.0), 'Min': np.float64(-5.265232694284805e-14), 'Mean': np.float64(0.02537084526019707), 'Std': np.float64(1.2147158818635817)}
2024-11-09 16:57:01,780 - INFO - Candidate Std Stats: {'Max': np.float64(0.999999996280447), 'Min': np.float64(0.0), 'Mean': np.float64(0.999490829671363), 'Std': np.float64(0.022558728476693587)}
2024-11-09 16:57:01,794 - INFO - Top 10 Mean Stats: {'Max': np.float64(3.97459842815806e-15), 'Min': np.float64(-2.9254376698872876e-15), 'Mean': np.float64(4.080069615497447e-17), 'Std': np.float64(1.6444601413539483e-15)}
2024-11-09 16:57:01,794 - INFO - Top 10 Std Stats: {'Max': np.float64(0.999999996280447), 'Min': np.float64(0.9999999955514481), 'Mean': np.float64(0.9999999958436362), 'Std': np.float64(2.4510248651578233e-10)}
2024-11-09 16:57:01,795 - INFO - Bottom 10 Mean Stats: {'Max': np.float64(92.0), 'Min': np.float64(79.0), 'Mean': np.float64(83.8), 'Std': np.float64(3.815756805667783)}
2024-11-09 16:57:01,795 - INFO - Bottom 10 Std Stats: {'Max': np.float64(0.0), 'Min': np.float64(0.0), 'Mean': np.float64(0.0), 'Std': np.float64(0.0)}
[I 2024-11-09 16:57:01,818] Trial 82 finished with value: 69.0 and parameters: {'x_0': 5, 'x_1': 1, 'x_2': -5, 'x_3': -3, 'x_4': -3}. Best is trial 59 with value: 8.0.
2024-11-09 16:57:07,813 - INFO - Candidate Mean Stats: {'Max': np.float64(92.0), 'Min': np.float64(-5.555556015224283e-14), 'Mean': np.float64(0.025799280973107897), 'Std': np.float64(1.2268149064683527)}
2024-11-09 16:57:07,813 - INFO - Candidate Std Stats: {'Max': np.float64(0.9999999958238105), 'Min': np.float64(0.0), 'Mean': np.float64(0.9994846199019092), 'Std': np.float64(0.022695794356969626)}
2024-11-09 16:57:07,832 - INFO - Top 10 Mean Stats: {'Max': np.float64(1.9560741915114475e-15), 'Min': np.float64(-2.270406085358445e-15), 'Mean': np.float64(1.288118917086578e-16), 'Std': np.float64(1.503563109535072e-15)}
2024-11-09 16:57:07,832 - INFO - Top 10 Std Stats: {'Max': np.float64(0.9999999958238105), 'Min': np.float64(0.9999999954411559), 'Mean': np.float64(0.9999999955856055), 'Std': np.float64(1.291573992951326e-10)}
2024-11-09 16:57:07,832 - INFO - Bottom 10 Mean Stats: {'Max': np.float64(92.0), 'Min': np.float64(79.0), 'Mean': np.float64(83.8), 'Std': np.float64(3.815756805667783)}
2024-11-09 16:57:07,833 - INFO - Bottom 10 Std Stats: {'Max': np.float64(0.0), 'Min': np.float64(0.0), 'Mean': np.float64(0.0), 'Std': np.float64(0.0)}
[I 2024-11-09 16:57:07,855] Trial 83 finished with value: 73.0 and parameters: {'x_0': 4, 'x_1': 4, 'x_2': -3, 'x_3': 4, 'x_4': 4}. Best is trial 59 with value: 8.0.
2024-11-09 16:57:13,841 - INFO - Candidate Mean Stats: {'Max': np.float64(92.0), 'Min': np.float64(-6.057376822354854e-14), 'Mean': np.float64(0.02625255353894108), 'Std': np.float64(1.2402177705428146)}
2024-11-09 16:57:13,842 - INFO - Candidate Std Stats: {'Max': np.float64(0.9999999970387639), 'Min': np.float64(0.0), 'Mean': np.float64(0.9994784111447967), 'Std': np.float64(0.022832035748834672)}
2024-11-09 16:57:13,864 - INFO - Top 10 Mean Stats: {'Max': np.float64(3.0642155479654322e-15), 'Min': np.float64(-2.7255975254547594e-15), 'Mean': np.float64(8.631984016460594e-17), 'Std': np.float64(1.9754493325159933e-15)}
2024-11-09 16:57:13,865 - INFO - Top 10 Std Stats: {'Max': np.float64(0.9999999970387639), 'Min': np.float64(0.9999999963063783), 'Mean': np.float64(0.9999999966700324), 'Std': np.float64(2.3264158011132664e-10)}
2024-11-09 16:57:13,865 - INFO - Bottom 10 Mean Stats: {'Max': np.float64(92.0), 'Min': np.float64(79.0), 'Mean': np.float64(83.8), 'Std': np.float64(3.815756805667783)}
2024-11-09 16:57:13,865 - INFO - Bottom 10 Std Stats: {'Max': np.float64(0.0), 'Min': np.float64(0.0), 'Mean': np.float64(0.0), 'Std': np.float64(0.0)}
[I 2024-11-09 16:57:13,890] Trial 84 finished with value: 49.0 and parameters: {'x_0': 2, 'x_1': -4, 'x_2': -5, 'x_3': 2, 'x_4': 0}. Best is trial 59 with value: 8.0.
2024-11-09 16:57:21,034 - INFO - Candidate Mean Stats: {'Max': np.float64(92.0), 'Min': np.float64(-6.66577903984944e-14), 'Mean': np.float64(0.026556804987240057), 'Std': np.float64(1.2462071946562596)}
2024-11-09 16:57:21,035 - INFO - Candidate Std Stats: {'Max': np.float64(0.9999999961164617), 'Min': np.float64(0.0), 'Mean': np.float64(0.9994722018017378), 'Std': np.float64(0.022967467288807518)}
2024-11-09 16:57:21,058 - INFO - Top 10 Mean Stats: {'Max': np.float64(2.8754776337791553e-15), 'Min': np.float64(-2.7200464103316335e-15), 'Mean': np.float64(2.808864252301646e-16), 'Std': np.float64(1.4658227966871054e-15)}
2024-11-09 16:57:21,058 - INFO - Top 10 Std Stats: {'Max': np.float64(0.9999999961164617), 'Min': np.float64(0.9999999951510349), 'Mean': np.float64(0.999999995554413), 'Std': np.float64(3.3679668758387756e-10)}
2024-11-09 16:57:21,059 - INFO - Bottom 10 Mean Stats: {'Max': np.float64(92.0), 'Min': np.float64(79.0), 'Mean': np.float64(83.8), 'Std': np.float64(3.815756805667783)}
2024-11-09 16:57:21,059 - INFO - Bottom 10 Std Stats: {'Max': np.float64(0.0), 'Min': np.float64(0.0), 'Mean': np.float64(0.0), 'Std': np.float64(0.0)}
[I 2024-11-09 16:57:21,084] Trial 85 finished with value: 38.0 and parameters: {'x_0': -1, 'x_1': 2, 'x_2': -2, 'x_3': -5, 'x_4': 2}. Best is trial 59 with value: 8.0.
2024-11-09 16:57:27,004 - INFO - Candidate Mean Stats: {'Max': np.float64(92.0), 'Min': np.float64(-6.866174295794281e-14), 'Mean': np.float64(0.026792755090002555), 'Std': np.float64(1.249794338314835)}
2024-11-09 16:57:27,004 - INFO - Candidate Std Stats: {'Max': np.float64(0.9999999958443349), 'Min': np.float64(0.0), 'Mean': np.float64(0.9994659923844537), 'Std': np.float64(0.023102103231040935)}
2024-11-09 16:57:27,023 - INFO - Top 10 Mean Stats: {'Max': np.float64(3.3750779948604757e-15), 'Min': np.float64(-2.9976021664879227e-15), 'Mean': np.float64(-1.310063169057686e-16), 'Std': np.float64(2.1752683329449083e-15)}
2024-11-09 16:57:27,023 - INFO - Top 10 Std Stats: {'Max': np.float64(0.9999999958443349), 'Min': np.float64(0.9999999952817705), 'Mean': np.float64(0.9999999955459661), 'Std': np.float64(1.985278154557551e-10)}
2024-11-09 16:57:27,023 - INFO - Bottom 10 Mean Stats: {'Max': np.float64(92.0), 'Min': np.float64(79.0), 'Mean': np.float64(83.8), 'Std': np.float64(3.815756805667783)}
2024-11-09 16:57:27,024 - INFO - Bottom 10 Std Stats: {'Max': np.float64(0.0), 'Min': np.float64(0.0), 'Mean': np.float64(0.0), 'Std': np.float64(0.0)}
[I 2024-11-09 16:57:27,048] Trial 86 finished with value: 53.0 and parameters: {'x_0': -1, 'x_1': -1, 'x_2': -5, 'x_3': 5, 'x_4': -1}. Best is trial 59 with value: 8.0.
2024-11-09 16:57:36,448 - INFO - Candidate Mean Stats: {'Max': np.float64(92.0), 'Min': np.float64(-7.205347429817266e-14), 'Mean': np.float64(0.027121843391223914), 'Std': np.float64(1.2567457282143124)}
2024-11-09 16:57:36,449 - INFO - Candidate Std Stats: {'Max': np.float64(0.999999995672738), 'Min': np.float64(0.0), 'Mean': np.float64(0.9994597833787718), 'Std': np.float64(0.023235957416553012)}
2024-11-09 16:57:36,473 - INFO - Top 10 Mean Stats: {'Max': np.float64(2.6846580514217065e-15), 'Min': np.float64(-2.65898414397725e-15), 'Mean': np.float64(6.020878240420301e-16), 'Std': np.float64(1.7628675881907426e-15)}
2024-11-09 16:57:36,475 - INFO - Top 10 Std Stats: {'Max': np.float64(0.999999995672738), 'Min': np.float64(0.9999999953035782), 'Mean': np.float64(0.9999999954212215), 'Std': np.float64(1.1077794323365606e-10)}
2024-11-09 16:57:36,476 - INFO - Bottom 10 Mean Stats: {'Max': np.float64(92.0), 'Min': np.float64(79.0), 'Mean': np.float64(83.8), 'Std': np.float64(3.815756805667783)}
2024-11-09 16:57:36,476 - INFO - Bottom 10 Std Stats: {'Max': np.float64(0.0), 'Min': np.float64(0.0), 'Mean': np.float64(0.0), 'Std': np.float64(0.0)}
[I 2024-11-09 16:57:36,500] Trial 87 finished with value: 35.0 and parameters: {'x_0': 3, 'x_1': -1, 'x_2': 0, 'x_3': 4, 'x_4': 3}. Best is trial 59 with value: 8.0.
2024-11-09 16:57:43,960 - INFO - Candidate Mean Stats: {'Max': np.float64(92.0), 'Min': np.float64(-6.53560539021214e-14), 'Mean': np.float64(0.027339165854294602), 'Std': np.float64(1.2597635794035826)}
2024-11-09 16:57:43,962 - INFO - Candidate Std Stats: {'Max': np.float64(0.9999999971909351), 'Min': np.float64(0.0), 'Mean': np.float64(0.9994535735268667), 'Std': np.float64(0.02336904324960251)}
2024-11-09 16:57:43,989 - INFO - Top 10 Mean Stats: {'Max': np.float64(1.759703494030873e-15), 'Min': np.float64(-1.8351639652358644e-15), 'Mean': np.float64(1.145784855882681e-16), 'Std': np.float64(1.1822394477315855e-15)}
2024-11-09 16:57:43,989 - INFO - Top 10 Std Stats: {'Max': np.float64(0.9999999971909351), 'Min': np.float64(0.9999999967084056), 'Mean': np.float64(0.9999999968634116), 'Std': np.float64(1.3160864077324145e-10)}
2024-11-09 16:57:43,990 - INFO - Bottom 10 Mean Stats: {'Max': np.float64(92.0), 'Min': np.float64(79.0), 'Mean': np.float64(83.8), 'Std': np.float64(3.815756805667783)}
2024-11-09 16:57:43,990 - INFO - Bottom 10 Std Stats: {'Max': np.float64(0.0), 'Min': np.float64(0.0), 'Mean': np.float64(0.0), 'Std': np.float64(0.0)}
[I 2024-11-09 16:57:44,030] Trial 88 finished with value: 10.0 and parameters: {'x_0': 0, 'x_1': -3, 'x_2': 1, 'x_3': 0, 'x_4': 0}. Best is trial 59 with value: 8.0.
2024-11-09 16:57:51,343 - INFO - Candidate Mean Stats: {'Max': np.float64(92.0), 'Min': np.float64(-7.325251516476782e-14), 'Mean': np.float64(0.027401257986600536), 'Std': np.float64(1.2600086501152068)}
2024-11-09 16:57:51,344 - INFO - Candidate Std Stats: {'Max': np.float64(0.9999999962642807), 'Min': np.float64(0.0), 'Mean': np.float64(0.9994473649924518), 'Std': np.float64(0.023501373833700236)}
2024-11-09 16:57:51,376 - INFO - Top 10 Mean Stats: {'Max': np.float64(6.056266599330229e-15), 'Min': np.float64(-3.1585845050585703e-15), 'Mean': np.float64(-2.3869795029440865e-16), 'Std': np.float64(2.6818884363474338e-15)}
2024-11-09 16:57:51,377 - INFO - Top 10 Std Stats: {'Max': np.float64(0.9999999962642807), 'Min': np.float64(0.9999999955258554), 'Mean': np.float64(0.9999999957461725), 'Std': np.float64(2.700975328047865e-10)}
2024-11-09 16:57:51,380 - INFO - Bottom 10 Mean Stats: {'Max': np.float64(92.0), 'Min': np.float64(79.0), 'Mean': np.float64(83.8), 'Std': np.float64(3.815756805667783)}
2024-11-09 16:57:51,380 - INFO - Bottom 10 Std Stats: {'Max': np.float64(0.0), 'Min': np.float64(0.0), 'Mean': np.float64(0.0), 'Std': np.float64(0.0)}
[I 2024-11-09 16:57:51,422] Trial 89 finished with value: 26.0 and parameters: {'x_0': -3, 'x_1': 0, 'x_2': 1, 'x_3': -4, 'x_4': 0}. Best is trial 59 with value: 8.0.
2024-11-09 16:57:59,824 - INFO - Candidate Mean Stats: {'Max': np.float64(92.0), 'Min': np.float64(-7.358558207215537e-14), 'Mean': np.float64(0.027562697530595932), 'Std': np.float64(1.2616696687933455)}
2024-11-09 16:57:59,825 - INFO - Candidate Std Stats: {'Max': np.float64(0.9999999953533196), 'Min': np.float64(0.0), 'Mean': np.float64(0.999441155475749), 'Std': np.float64(0.023632961802347443)}
2024-11-09 16:57:59,851 - INFO - Top 10 Mean Stats: {'Max': np.float64(2.1427304375265522e-15), 'Min': np.float64(-3.4194869158454822e-15), 'Mean': np.float64(-3.0767055569924643e-16), 'Std': np.float64(1.7813640059676044e-15)}
2024-11-09 16:57:59,851 - INFO - Top 10 Std Stats: {'Max': np.float64(0.9999999953533196), 'Min': np.float64(0.9999999949893549), 'Mean': np.float64(0.9999999951554116), 'Std': np.float64(1.0195882786165241e-10)}
2024-11-09 16:57:59,851 - INFO - Bottom 10 Mean Stats: {'Max': np.float64(92.0), 'Min': np.float64(79.0), 'Mean': np.float64(83.8), 'Std': np.float64(3.815756805667783)}
2024-11-09 16:57:59,851 - INFO - Bottom 10 Std Stats: {'Max': np.float64(0.0), 'Min': np.float64(0.0), 'Mean': np.float64(0.0), 'Std': np.float64(0.0)}
[I 2024-11-09 16:57:59,886] Trial 90 finished with value: 55.0 and parameters: {'x_0': 0, 'x_1': -5, 'x_2': -5, 'x_3': 1, 'x_4': 2}. Best is trial 59 with value: 8.0.
2024-11-09 16:58:12,174 - INFO - Candidate Mean Stats: {'Max': np.float64(92.0), 'Min': np.float64(-6.950828801421949e-14), 'Mean': np.float64(0.02790420425827842), 'Std': np.float64(1.2690840322277819)}
2024-11-09 16:58:12,175 - INFO - Candidate Std Stats: {'Max': np.float64(0.9999999976802344), 'Min': np.float64(0.0), 'Mean': np.float64(0.9994349463452645), 'Std': np.float64(0.023763819523623737)}
2024-11-09 16:58:12,200 - INFO - Top 10 Mean Stats: {'Max': np.float64(1.2490009027033011e-15), 'Min': np.float64(-1.6375789613221059e-15), 'Mean': np.float64(1.6237011735142913e-16), 'Std': np.float64(1.0233366303903856e-15)}
2024-11-09 16:58:12,201 - INFO - Top 10 Std Stats: {'Max': np.float64(0.9999999976802344), 'Min': np.float64(0.9999999972055161), 'Mean': np.float64(0.9999999973743672), 'Std': np.float64(1.5476048210997754e-10)}
2024-11-09 16:58:12,201 - INFO - Bottom 10 Mean Stats: {'Max': np.float64(92.0), 'Min': np.float64(79.0), 'Mean': np.float64(83.8), 'Std': np.float64(3.815756805667783)}
2024-11-09 16:58:12,201 - INFO - Bottom 10 Std Stats: {'Max': np.float64(0.0), 'Min': np.float64(0.0), 'Mean': np.float64(0.0), 'Std': np.float64(0.0)}
