[I 2024-11-09 17:23:21,373] Trial 239 finished with value: 43.0 and parameters: {'x_0': -1, 'x_1': 0, 'x_2': 5, 'x_3': -1, 'x_4': 4}. Best is trial 176 with value: 7.0.
2024-11-09 17:23:33,365 - INFO - Candidate Mean Stats: {'Max': np.float64(107.0), 'Min': np.float64(-6.559197629485424e-14), 'Mean': np.float64(0.07654718070673264), 'Std': np.float64(2.1094690149352484)}
2024-11-09 17:23:33,367 - INFO - Candidate Std Stats: {'Max': np.float64(0.9999999973240935), 'Min': np.float64(0.0), 'Mean': np.float64(0.9985097774709025), 'Std': np.float64(0.038574478767131576)}
2024-11-09 17:23:33,397 - INFO - Top 10 Mean Stats: {'Max': np.float64(1.9539925233402757e-15), 'Min': np.float64(-2.836619827917275e-15), 'Mean': np.float64(-2.084443728733732e-16), 'Std': np.float64(1.6771457630267079e-15)}
2024-11-09 17:23:33,397 - INFO - Top 10 Std Stats: {'Max': np.float64(0.9999999973240935), 'Min': np.float64(0.9999999967866122), 'Mean': np.float64(0.9999999970307603), 'Std': np.float64(1.370231318415566e-10)}
2024-11-09 17:23:33,398 - INFO - Bottom 10 Mean Stats: {'Max': np.float64(107.0), 'Min': np.float64(83.0), 'Mean': np.float64(91.5), 'Std': np.float64(8.261355820929152)}
2024-11-09 17:23:33,398 - INFO - Bottom 10 Std Stats: {'Max': np.float64(0.0), 'Min': np.float64(0.0), 'Mean': np.float64(0.0), 'Std': np.float64(0.0)}
[I 2024-11-09 17:23:33,453] Trial 240 finished with value: 61.0 and parameters: {'x_0': 5, 'x_1': 1, 'x_2': -5, 'x_3': 1, 'x_4': -3}. Best is trial 176 with value: 7.0.
2024-11-09 17:23:45,314 - INFO - Candidate Mean Stats: {'Max': np.float64(107.0), 'Min': np.float64(-6.956657472301231e-14), 'Mean': np.float64(0.07692594271379874), 'Std': np.float64(2.1149245560101333)}
2024-11-09 17:23:45,314 - INFO - Candidate Std Stats: {'Max': np.float64(0.9999999968354977), 'Min': np.float64(0.0), 'Mean': np.float64(0.9985035688034714), 'Std': np.float64(0.03865463856054985)}
2024-11-09 17:23:45,350 - INFO - Top 10 Mean Stats: {'Max': np.float64(4.6629367034256575e-15), 'Min': np.float64(-4.152234112098085e-15), 'Mean': np.float64(1.0769163338864022e-16), 'Std': np.float64(2.788582335674431e-15)}
2024-11-09 17:23:45,350 - INFO - Top 10 Std Stats: {'Max': np.float64(0.9999999968354977), 'Min': np.float64(0.9999999965592252), 'Mean': np.float64(0.9999999966649471), 'Std': np.float64(7.270332675482369e-11)}
2024-11-09 17:23:45,350 - INFO - Bottom 10 Mean Stats: {'Max': np.float64(107.0), 'Min': np.float64(83.0), 'Mean': np.float64(91.5), 'Std': np.float64(8.261355820929152)}
2024-11-09 17:23:45,350 - INFO - Bottom 10 Std Stats: {'Max': np.float64(0.0), 'Min': np.float64(0.0), 'Mean': np.float64(0.0), 'Std': np.float64(0.0)}
[I 2024-11-09 17:23:45,417] Trial 241 finished with value: 60.0 and parameters: {'x_0': 0, 'x_1': -5, 'x_2': 1, 'x_3': -5, 'x_4': -3}. Best is trial 176 with value: 7.0.
2024-11-09 17:23:56,680 - INFO - Candidate Mean Stats: {'Max': np.float64(107.0), 'Min': np.float64(-6.089573290068984e-14), 'Mean': np.float64(0.07729849550763424), 'Std': np.float64(2.120189045462563)}
2024-11-09 17:23:56,682 - INFO - Candidate Std Stats: {'Max': np.float64(0.9999999983917617), 'Min': np.float64(0.0), 'Mean': np.float64(0.9984973596173582), 'Std': np.float64(0.038734631451502646)}
2024-11-09 17:23:56,710 - INFO - Top 10 Mean Stats: {'Max': np.float64(2.203792703880936e-15), 'Min': np.float64(-1.099120794378905e-15), 'Mean': np.float64(2.652739139463733e-16), 'Std': np.float64(9.195742043717667e-16)}
2024-11-09 17:23:56,710 - INFO - Top 10 Std Stats: {'Max': np.float64(0.9999999983917617), 'Min': np.float64(0.9999999980796764), 'Mean': np.float64(0.9999999982102746), 'Std': np.float64(1.3888725394304122e-10)}
2024-11-09 17:23:56,711 - INFO - Bottom 10 Mean Stats: {'Max': np.float64(107.0), 'Min': np.float64(83.0), 'Mean': np.float64(91.5), 'Std': np.float64(8.261355820929152)}
2024-11-09 17:23:56,711 - INFO - Bottom 10 Std Stats: {'Max': np.float64(0.0), 'Min': np.float64(0.0), 'Mean': np.float64(0.0), 'Std': np.float64(0.0)}
[I 2024-11-09 17:23:56,754] Trial 242 finished with value: 79.0 and parameters: {'x_0': 2, 'x_1': -3, 'x_2': 5, 'x_3': -4, 'x_4': -5}. Best is trial 176 with value: 7.0.
2024-11-09 17:24:06,210 - INFO - Candidate Mean Stats: {'Max': np.float64(107.0), 'Min': np.float64(-5.045408535409024e-14), 'Mean': np.float64(0.07778902335285096), 'Std': np.float64(2.1292903074792617)}
2024-11-09 17:24:06,211 - INFO - Candidate Std Stats: {'Max': np.float64(0.9999999967670391), 'Min': np.float64(0.0), 'Mean': np.float64(0.9984911500244273), 'Std': np.float64(0.038814458475999625)}
2024-11-09 17:24:06,241 - INFO - Top 10 Mean Stats: {'Max': np.float64(8.215650382226159e-16), 'Min': np.float64(-2.1316282072803005e-15), 'Mean': np.float64(-5.126454816206661e-16), 'Std': np.float64(1.0238661757305713e-15)}
2024-11-09 17:24:06,241 - INFO - Top 10 Std Stats: {'Max': np.float64(0.9999999967670391), 'Min': np.float64(0.9999999963113174), 'Mean': np.float64(0.9999999964498734), 'Std': np.float64(1.3697807501968272e-10)}
2024-11-09 17:24:06,241 - INFO - Bottom 10 Mean Stats: {'Max': np.float64(107.0), 'Min': np.float64(83.0), 'Mean': np.float64(91.5), 'Std': np.float64(8.261355820929152)}
2024-11-09 17:24:06,241 - INFO - Bottom 10 Std Stats: {'Max': np.float64(0.0), 'Min': np.float64(0.0), 'Mean': np.float64(0.0), 'Std': np.float64(0.0)}
[I 2024-11-09 17:24:06,277] Trial 243 finished with value: 51.0 and parameters: {'x_0': -1, 'x_1': 5, 'x_2': -3, 'x_3': 4, 'x_4': 0}. Best is trial 176 with value: 7.0.
2024-11-09 17:24:15,753 - INFO - Candidate Mean Stats: {'Max': np.float64(107.0), 'Min': np.float64(-1.318278819439911e-13), 'Mean': np.float64(0.07810569322761116), 'Std': np.float64(2.133067746223153)}
2024-11-09 17:24:15,754 - INFO - Candidate Std Stats: {'Max': np.float64(0.9999999969229421), 'Min': np.float64(0.0), 'Mean': np.float64(0.998484941015646), 'Std': np.float64(0.03889412069372955)}
2024-11-09 17:24:15,778 - INFO - Top 10 Mean Stats: {'Max': np.float64(4.3576253716537394e-15), 'Min': np.float64(-1.7014167852380523e-15), 'Mean': np.float64(1.1957101975212935e-15), 'Std': np.float64(1.6599986760166942e-15)}
2024-11-09 17:24:15,778 - INFO - Top 10 Std Stats: {'Max': np.float64(0.9999999969229421), 'Min': np.float64(0.9999999965484748), 'Mean': np.float64(0.9999999967131299), 'Std': np.float64(1.3382025574524313e-10)}
2024-11-09 17:24:15,778 - INFO - Bottom 10 Mean Stats: {'Max': np.float64(107.0), 'Min': np.float64(83.0), 'Mean': np.float64(91.5), 'Std': np.float64(8.261355820929152)}
2024-11-09 17:24:15,779 - INFO - Bottom 10 Std Stats: {'Max': np.float64(0.0), 'Min': np.float64(0.0), 'Mean': np.float64(0.0), 'Std': np.float64(0.0)}
[I 2024-11-09 17:24:15,815] Trial 244 finished with value: 65.0 and parameters: {'x_0': -2, 'x_1': 4, 'x_2': -5, 'x_3': 4, 'x_4': 2}. Best is trial 176 with value: 7.0.
2024-11-09 17:24:24,389 - INFO - Candidate Mean Stats: {'Max': np.float64(107.0), 'Min': np.float64(-5.830891325331323e-14), 'Mean': np.float64(0.07850929208759962), 'Std': np.float64(2.139193475646193)}
2024-11-09 17:24:24,390 - INFO - Candidate Std Stats: {'Max': np.float64(0.9999999965508618), 'Min': np.float64(0.0), 'Mean': np.float64(0.9984787316246293), 'Std': np.float64(0.038973619077847556)}
2024-11-09 17:24:24,417 - INFO - Top 10 Mean Stats: {'Max': np.float64(3.2890357104520263e-15), 'Min': np.float64(-1.557087792036782e-15), 'Mean': np.float64(6.887199144323119e-16), 'Std': np.float64(1.5427491920150338e-15)}
2024-11-09 17:24:24,417 - INFO - Top 10 Std Stats: {'Max': np.float64(0.9999999965508618), 'Min': np.float64(0.9999999963984104), 'Mean': np.float64(0.9999999964634176), 'Std': np.float64(4.209165092572583e-11)}
2024-11-09 17:24:24,417 - INFO - Bottom 10 Mean Stats: {'Max': np.float64(107.0), 'Min': np.float64(83.0), 'Mean': np.float64(91.5), 'Std': np.float64(8.261355820929152)}
2024-11-09 17:24:24,418 - INFO - Bottom 10 Std Stats: {'Max': np.float64(0.0), 'Min': np.float64(0.0), 'Mean': np.float64(0.0), 'Std': np.float64(0.0)}
[I 2024-11-09 17:24:24,452] Trial 245 finished with value: 33.0 and parameters: {'x_0': 3, 'x_1': 2, 'x_2': 2, 'x_3': 0, 'x_4': 4}. Best is trial 176 with value: 7.0.
2024-11-09 17:24:38,899 - INFO - Candidate Mean Stats: {'Max': np.float64(107.0), 'Min': np.float64(-5.4312110364662657e-14), 'Mean': np.float64(0.0787141961242091), 'Std': np.float64(2.140765831128657)}
2024-11-09 17:24:38,903 - INFO - Candidate Std Stats: {'Max': np.float64(0.999999996908923), 'Min': np.float64(0.0), 'Mean': np.float64(0.9984725218421325), 'Std': np.float64(0.03905295462833653)}
2024-11-09 17:24:39,139 - INFO - Top 10 Mean Stats: {'Max': np.float64(4.973799150320701e-15), 'Min': np.float64(-3.1030733538273125e-15), 'Mean': np.float64(2.7811086766860155e-16), 'Std': np.float64(2.4607379561996368e-15)}
2024-11-09 17:24:39,139 - INFO - Top 10 Std Stats: {'Max': np.float64(0.999999996908923), 'Min': np.float64(0.9999999963492461), 'Mean': np.float64(0.9999999965589813), 'Std': np.float64(1.8534040846695732e-10)}
2024-11-09 17:24:39,139 - INFO - Bottom 10 Mean Stats: {'Max': np.float64(107.0), 'Min': np.float64(83.0), 'Mean': np.float64(91.5), 'Std': np.float64(8.261355820929152)}
2024-11-09 17:24:39,139 - INFO - Bottom 10 Std Stats: {'Max': np.float64(0.0), 'Min': np.float64(0.0), 'Mean': np.float64(0.0), 'Std': np.float64(0.0)}
[I 2024-11-09 17:24:39,471] Trial 246 finished with value: 85.0 and parameters: {'x_0': 1, 'x_1': 5, 'x_2': 3, 'x_3': -5, 'x_4': 5}. Best is trial 176 with value: 7.0.
2024-11-09 17:24:49,558 - INFO - Candidate Mean Stats: {'Max': np.float64(107.0), 'Min': np.float64(-5.289935156582715e-14), 'Mean': np.float64(0.07924197924880942), 'Std': np.float64(2.151198861731571)}
2024-11-09 17:24:49,558 - INFO - Candidate Std Stats: {'Max': np.float64(0.9999999970298843), 'Min': np.float64(0.0), 'Mean': np.float64(0.9984663133373347), 'Std': np.float64(0.03913212840080398)}
2024-11-09 17:24:49,583 - INFO - Top 10 Mean Stats: {'Max': np.float64(5.712097461696431e-15), 'Min': np.float64(-3.608224830031759e-15), 'Mean': np.float64(4.979003320748633e-16), 'Std': np.float64(2.879341564065722e-15)}
2024-11-09 17:24:49,583 - INFO - Top 10 Std Stats: {'Max': np.float64(0.9999999970298843), 'Min': np.float64(0.9999999966545695), 'Mean': np.float64(0.9999999968253576), 'Std': np.float64(1.4271201545028716e-10)}
2024-11-09 17:24:49,584 - INFO - Bottom 10 Mean Stats: {'Max': np.float64(107.0), 'Min': np.float64(83.0), 'Mean': np.float64(91.7), 'Std': np.float64(8.075270893288968)}
2024-11-09 17:24:49,584 - INFO - Bottom 10 Std Stats: {'Max': np.float64(0.0), 'Min': np.float64(0.0), 'Mean': np.float64(0.0), 'Std': np.float64(0.0)}
[I 2024-11-09 17:24:49,650] Trial 247 finished with value: 82.0 and parameters: {'x_0': 3, 'x_1': -4, 'x_2': 5, 'x_3': 4, 'x_4': 4}. Best is trial 176 with value: 7.0.
2024-11-09 17:25:02,867 - INFO - Candidate Mean Stats: {'Max': np.float64(107.0), 'Min': np.float64(-8.01581023779363e-14), 'Mean': np.float64(0.07975113473371785), 'Std': np.float64(2.1608624066010442)}
2024-11-09 17:25:02,868 - INFO - Candidate Std Stats: {'Max': np.float64(0.999999997106169), 'Min': np.float64(0.0), 'Mean': np.float64(0.9984601037980649), 'Std': np.float64(0.03921114128502399)}
2024-11-09 17:25:02,903 - INFO - Top 10 Mean Stats: {'Max': np.float64(1.6542323066914833e-15), 'Min': np.float64(-3.502753642692369e-15), 'Mean': np.float64(-1.1072739947159959e-15), 'Std': np.float64(1.4412370384991786e-15)}
2024-11-09 17:25:02,904 - INFO - Top 10 Std Stats: {'Max': np.float64(0.999999997106169), 'Min': np.float64(0.9999999966549797), 'Mean': np.float64(0.9999999967986481), 'Std': np.float64(1.3555043926083214e-10)}
2024-11-09 17:25:02,904 - INFO - Bottom 10 Mean Stats: {'Max': np.float64(107.0), 'Min': np.float64(83.0), 'Mean': np.float64(91.7), 'Std': np.float64(8.075270893288968)}
2024-11-09 17:25:02,904 - INFO - Bottom 10 Std Stats: {'Max': np.float64(0.0), 'Min': np.float64(0.0), 'Mean': np.float64(0.0), 'Std': np.float64(0.0)}
[I 2024-11-09 17:25:02,971] Trial 248 finished with value: 29.0 and parameters: {'x_0': 0, 'x_1': 2, 'x_2': 0, 'x_3': -3, 'x_4': -4}. Best is trial 176 with value: 7.0.
2024-11-09 17:25:14,571 - INFO - Candidate Mean Stats: {'Max': np.float64(107.0), 'Min': np.float64(-4.6629367034256575e-14), 'Mean': np.float64(0.07993120191740505), 'Std': np.float64(2.1620637213181157)}
2024-11-09 17:25:14,571 - INFO - Candidate Std Stats: {'Max': np.float64(0.9999999970412251), 'Min': np.float64(0.0), 'Mean': np.float64(0.9984538952012455), 'Std': np.float64(0.03928999432894704)}
2024-11-09 17:25:14,603 - INFO - Top 10 Mean Stats: {'Max': np.float64(3.2529534621517087e-15), 'Min': np.float64(-3.874678355941796e-15), 'Mean': np.float64(1.9949319973733294e-16), 'Std': np.float64(2.4823122910869993e-15)}
2024-11-09 17:25:14,604 - INFO - Top 10 Std Stats: {'Max': np.float64(0.9999999970412251), 'Min': np.float64(0.9999999967110261), 'Mean': np.float64(0.9999999968215555), 'Std': np.float64(9.667468746424266e-11)}
2024-11-09 17:25:14,604 - INFO - Bottom 10 Mean Stats: {'Max': np.float64(107.0), 'Min': np.float64(83.0), 'Mean': np.float64(91.7), 'Std': np.float64(8.075270893288968)}
2024-11-09 17:25:14,604 - INFO - Bottom 10 Std Stats: {'Max': np.float64(0.0), 'Min': np.float64(0.0), 'Mean': np.float64(0.0), 'Std': np.float64(0.0)}
[I 2024-11-09 17:25:14,664] Trial 249 finished with value: 48.0 and parameters: {'x_0': -5, 'x_1': 2, 'x_2': -3, 'x_3': -1, 'x_4': -3}. Best is trial 176 with value: 7.0.
2024-11-09 17:25:23,259 - INFO - Candidate Mean Stats: {'Max': np.float64(107.0), 'Min': np.float64(-5.691697113618943e-14), 'Mean': np.float64(0.08022924415247346), 'Std': np.float64(2.1653585910296482)}
2024-11-09 17:25:23,261 - INFO - Candidate Std Stats: {'Max': np.float64(0.999999996521714), 'Min': np.float64(0.0), 'Mean': np.float64(0.9984476854115376), 'Std': np.float64(0.03936868840927363)}
2024-11-09 17:25:23,311 - INFO - Top 10 Mean Stats: {'Max': np.float64(2.203792703880936e-15), 'Min': np.float64(-3.971822870596497e-15), 'Mean': np.float64(-8.681944052568722e-16), 'Std': np.float64(1.7884964995653795e-15)}
2024-11-09 17:25:23,312 - INFO - Top 10 Std Stats: {'Max': np.float64(0.999999996521714), 'Min': np.float64(0.9999999962752758), 'Mean': np.float64(0.9999999964165507), 'Std': np.float64(7.858655881238529e-11)}
2024-11-09 17:25:23,312 - INFO - Bottom 10 Mean Stats: {'Max': np.float64(107.0), 'Min': np.float64(83.0), 'Mean': np.float64(91.7), 'Std': np.float64(8.075270893288968)}
2024-11-09 17:25:23,312 - INFO - Bottom 10 Std Stats: {'Max': np.float64(0.0), 'Min': np.float64(0.0), 'Mean': np.float64(0.0), 'Std': np.float64(0.0)}
[I 2024-11-09 17:25:23,397] Trial 250 finished with value: 50.0 and parameters: {'x_0': -5, 'x_1': -4, 'x_2': -1, 'x_3': 2, 'x_4': 2}. Best is trial 176 with value: 7.0.
2024-11-09 17:25:30,800 - INFO - Candidate Mean Stats: {'Max': np.float64(107.0), 'Min': np.float64(-6.195044477408373e-14), 'Mean': np.float64(0.08053970481400302), 'Std': np.float64(2.1689285254217427)}
2024-11-09 17:25:30,801 - INFO - Candidate Std Stats: {'Max': np.float64(0.9999999972197835), 'Min': np.float64(0.0), 'Mean': np.float64(0.9984414762904378), 'Std': np.float64(0.03944722455034514)}
2024-11-09 17:25:30,833 - INFO - Top 10 Mean Stats: {'Max': np.float64(2.375877272697835e-15), 'Min': np.float64(-2.2738755323103987e-15), 'Mean': np.float64(4.633099459638856e-16), 'Std': np.float64(1.3034070487378836e-15)}
2024-11-09 17:25:30,834 - INFO - Top 10 Std Stats: {'Max': np.float64(0.9999999972197835), 'Min': np.float64(0.9999999966569969), 'Mean': np.float64(0.9999999968000373), 'Std': np.float64(1.7042412574191144e-10)}
2024-11-09 17:25:30,834 - INFO - Bottom 10 Mean Stats: {'Max': np.float64(107.0), 'Min': np.float64(83.0), 'Mean': np.float64(91.7), 'Std': np.float64(8.075270893288968)}
2024-11-09 17:25:30,834 - INFO - Bottom 10 Std Stats: {'Max': np.float64(0.0), 'Min': np.float64(0.0), 'Mean': np.float64(0.0), 'Std': np.float64(0.0)}
[I 2024-11-09 17:25:30,896] Trial 251 finished with value: 56.0 and parameters: {'x_0': -2, 'x_1': -3, 'x_2': -3, 'x_3': 5, 'x_4': -3}. Best is trial 176 with value: 7.0.
2024-11-09 17:25:39,128 - INFO - Candidate Mean Stats: {'Max': np.float64(107.0), 'Min': np.float64(-5.547784454051907e-14), 'Mean': np.float64(0.08088742075491617), 'Std': np.float64(2.173399850532436)}
2024-11-09 17:25:39,130 - INFO - Candidate Std Stats: {'Max': np.float64(0.9999999970709791), 'Min': np.float64(0.0), 'Mean': np.float64(0.9984352670882288), 'Std': np.float64(0.039525603664258314)}
2024-11-09 17:25:39,153 - INFO - Top 10 Mean Stats: {'Max': np.float64(2.320366121466577e-15), 'Min': np.float64(-3.9870884371850936e-15), 'Mean': np.float64(-4.3728909382423355e-16), 'Std': np.float64(1.6407808297519145e-15)}
2024-11-09 17:25:39,153 - INFO - Top 10 Std Stats: {'Max': np.float64(0.9999999970709791), 'Min': np.float64(0.9999999967731007), 'Mean': np.float64(0.9999999969228488), 'Std': np.float64(1.0991902220256403e-10)}
2024-11-09 17:25:39,154 - INFO - Bottom 10 Mean Stats: {'Max': np.float64(107.0), 'Min': np.float64(83.0), 'Mean': np.float64(91.7), 'Std': np.float64(8.075270893288968)}
2024-11-09 17:25:39,154 - INFO - Bottom 10 Std Stats: {'Max': np.float64(0.0), 'Min': np.float64(0.0), 'Mean': np.float64(0.0), 'Std': np.float64(0.0)}
[I 2024-11-09 17:25:39,193] Trial 252 finished with value: 40.0 and parameters: {'x_0': -1, 'x_1': 2, 'x_2': -5, 'x_3': -3, 'x_4': -1}. Best is trial 176 with value: 7.0.
2024-11-09 17:25:45,300 - INFO - Candidate Mean Stats: {'Max': np.float64(107.0), 'Min': np.float64(-6.09734485124136e-14), 'Mean': np.float64(0.08113578928413981), 'Std': np.float64(2.1756749320606197)}
2024-11-09 17:25:45,300 - INFO - Candidate Std Stats: {'Max': np.float64(0.9999999969368752), 'Min': np.float64(0.0), 'Mean': np.float64(0.9984290574794246), 'Std': np.float64(0.03960382667037191)}
2024-11-09 17:25:45,329 - INFO - Top 10 Mean Stats: {'Max': np.float64(2.9282132274488504e-15), 'Min': np.float64(-3.524958103184872e-15), 'Mean': np.float64(3.2890357104520246e-17), 'Std': np.float64(1.7856052997950306e-15)}
2024-11-09 17:25:45,329 - INFO - Top 10 Std Stats: {'Max': np.float64(0.9999999969368752), 'Min': np.float64(0.9999999964559395), 'Mean': np.float64(0.9999999965990657), 'Std': np.float64(1.3847113375514462e-10)}
2024-11-09 17:25:45,329 - INFO - Bottom 10 Mean Stats: {'Max': np.float64(107.0), 'Min': np.float64(83.0), 'Mean': np.float64(91.7), 'Std': np.float64(8.075270893288968)}
2024-11-09 17:25:45,329 - INFO - Bottom 10 Std Stats: {'Max': np.float64(0.0), 'Min': np.float64(0.0), 'Mean': np.float64(0.0), 'Std': np.float64(0.0)}
[I 2024-11-09 17:25:45,370] Trial 253 finished with value: 82.0 and parameters: {'x_0': 5, 'x_1': -5, 'x_2': -4, 'x_3': 4, 'x_4': 0}. Best is trial 176 with value: 7.0.
2024-11-09 17:25:55,136 - INFO - Candidate Mean Stats: {'Max': np.float64(107.0), 'Min': np.float64(-5.4889426337467737e-14), 'Mean': np.float64(0.08164494476904834), 'Std': np.float64(2.185229800056712)}
2024-11-09 17:25:55,137 - INFO - Candidate Std Stats: {'Max': np.float64(0.9999999968375942), 'Min': np.float64(0.0), 'Mean': np.float64(0.9984228484113982), 'Std': np.float64(0.039681894529331276)}
2024-11-09 17:25:55,165 - INFO - Top 10 Mean Stats: {'Max': np.float64(2.176037128265307e-15), 'Min': np.float64(-2.3980817331903383e-15), 'Mean': np.float64(1.7763568394002506e-16), 'Std': np.float64(1.6013095804437377e-15)}
2024-11-09 17:25:55,165 - INFO - Top 10 Std Stats: {'Max': np.float64(0.9999999968375942), 'Min': np.float64(0.9999999965607395), 'Mean': np.float64(0.9999999966773936), 'Std': np.float64(9.778697943003228e-11)}
2024-11-09 17:25:55,166 - INFO - Bottom 10 Mean Stats: {'Max': np.float64(107.0), 'Min': np.float64(83.0), 'Mean': np.float64(91.7), 'Std': np.float64(8.075270893288968)}
2024-11-09 17:25:55,166 - INFO - Bottom 10 Std Stats: {'Max': np.float64(0.0), 'Min': np.float64(0.0), 'Mean': np.float64(0.0), 'Std': np.float64(0.0)}
[I 2024-11-09 17:25:55,314] Trial 254 finished with value: 55.0 and parameters: {'x_0': -4, 'x_1': -3, 'x_2': 2, 'x_3': 1, 'x_4': -5}. Best is trial 176 with value: 7.0.
2024-11-09 17:26:02,926 - INFO - Candidate Mean Stats: {'Max': np.float64(107.0), 'Min': np.float64(-4.6074255521943996e-14), 'Mean': np.float64(0.08198645149673085), 'Std': np.float64(2.1895105087338025)}
2024-11-09 17:26:02,927 - INFO - Candidate Std Stats: {'Max': np.float64(0.9999999964306014), 'Min': np.float64(0.0), 'Mean': np.float64(0.9984166397489466), 'Std': np.float64(0.03975980814989377)}
2024-11-09 17:26:02,954 - INFO - Top 10 Mean Stats: {'Max': np.float64(3.297362383136715e-15), 'Min': np.float64(-3.68594044175552e-15), 'Mean': np.float64(1.5903944827755366e-16), 'Std': np.float64(2.072240290614805e-15)}
2024-11-09 17:26:02,954 - INFO - Top 10 Std Stats: {'Max': np.float64(0.9999999964306014), 'Min': np.float64(0.9999999960308973), 'Mean': np.float64(0.9999999961541608), 'Std': np.float64(1.1539972599660743e-10)}
2024-11-09 17:26:02,954 - INFO - Bottom 10 Mean Stats: {'Max': np.float64(107.0), 'Min': np.float64(83.0), 'Mean': np.float64(91.7), 'Std': np.float64(8.075270893288968)}
2024-11-09 17:26:02,954 - INFO - Bottom 10 Std Stats: {'Max': np.float64(0.0), 'Min': np.float64(0.0), 'Mean': np.float64(0.0), 'Std': np.float64(0.0)}
