[I 2024-11-09 17:11:14,413] Trial 175 finished with value: 53.0 and parameters: {'x_0': 1, 'x_1': 3, 'x_2': 3, 'x_3': 3, 'x_4': -5}. Best is trial 100 with value: 13.0.
2024-11-09 17:11:23,031 - INFO - Candidate Mean Stats: {'Max': np.float64(100.0), 'Min': np.float64(-6.541434061091423e-14), 'Mean': np.float64(0.05246164258526802), 'Std': np.float64(1.6937690707044697)}
2024-11-09 17:11:23,033 - INFO - Candidate Std Stats: {'Max': np.float64(0.9999999953615153), 'Min': np.float64(0.0), 'Mean': np.float64(0.9989071657376182), 'Std': np.float64(0.033039782715073296)}
2024-11-09 17:11:23,057 - INFO - Top 10 Mean Stats: {'Max': np.float64(2.3980817331903383e-15), 'Min': np.float64(-4.929390229335695e-15), 'Mean': np.float64(-6.758482662405641e-16), 'Std': np.float64(2.186081449680671e-15)}
2024-11-09 17:11:23,057 - INFO - Top 10 Std Stats: {'Max': np.float64(0.9999999953615153), 'Min': np.float64(0.9999999951116443), 'Mean': np.float64(0.9999999952105745), 'Std': np.float64(7.115579791191336e-11)}
2024-11-09 17:11:23,057 - INFO - Bottom 10 Mean Stats: {'Max': np.float64(100.0), 'Min': np.float64(77.0), 'Mean': np.float64(86.2), 'Std': np.float64(8.953211714239757)}
2024-11-09 17:11:23,057 - INFO - Bottom 10 Std Stats: {'Max': np.float64(0.0), 'Min': np.float64(0.0), 'Mean': np.float64(0.0), 'Std': np.float64(0.0)}
[I 2024-11-09 17:11:23,087] Trial 176 finished with value: 43.0 and parameters: {'x_0': -4, 'x_1': -4, 'x_2': -1, 'x_3': -3, 'x_4': -1}. Best is trial 100 with value: 13.0.
2024-11-09 17:11:32,386 - INFO - Candidate Mean Stats: {'Max': np.float64(100.0), 'Min': np.float64(-5.3357318563485026e-14), 'Mean': np.float64(0.05272863875418346), 'Std': np.float64(1.6971465507540362)}
2024-11-09 17:11:32,387 - INFO - Candidate Std Stats: {'Max': np.float64(0.9999999964923684), 'Min': np.float64(0.0), 'Mean': np.float64(0.9989009565905338), 'Std': np.float64(0.033133409806402205)}
2024-11-09 17:11:32,415 - INFO - Top 10 Mean Stats: {'Max': np.float64(5.384581669432009e-15), 'Min': np.float64(-7.438494264988549e-16), 'Mean': np.float64(1.8185453143360067e-15), 'Std': np.float64(1.6281851226189977e-15)}
2024-11-09 17:11:32,415 - INFO - Top 10 Std Stats: {'Max': np.float64(0.9999999964923684), 'Min': np.float64(0.9999999961505666), 'Mean': np.float64(0.9999999962789958), 'Std': np.float64(9.461623260634117e-11)}
2024-11-09 17:11:32,415 - INFO - Bottom 10 Mean Stats: {'Max': np.float64(100.0), 'Min': np.float64(77.0), 'Mean': np.float64(86.2), 'Std': np.float64(8.953211714239757)}
2024-11-09 17:11:32,415 - INFO - Bottom 10 Std Stats: {'Max': np.float64(0.0), 'Min': np.float64(0.0), 'Mean': np.float64(0.0), 'Std': np.float64(0.0)}
[I 2024-11-09 17:11:32,448] Trial 177 finished with value: 39.0 and parameters: {'x_0': 1, 'x_1': 3, 'x_2': 0, 'x_3': 5, 'x_4': -2}. Best is trial 100 with value: 13.0.
2024-11-09 17:11:41,521 - INFO - Candidate Mean Stats: {'Max': np.float64(100.0), 'Min': np.float64(-6.249445405615006e-14), 'Mean': np.float64(0.0529707980701765), 'Std': np.float64(1.6999191251223482)}
2024-11-09 17:11:41,522 - INFO - Candidate Std Stats: {'Max': np.float64(0.9999999961222222), 'Min': np.float64(0.0), 'Mean': np.float64(0.9988947471052206), 'Std': np.float64(0.033226771902850595)}
2024-11-09 17:11:41,549 - INFO - Top 10 Mean Stats: {'Max': np.float64(2.1427304375265522e-15), 'Min': np.float64(-3.3084646133829666e-15), 'Mean': np.float64(-4.718447854656914e-16), 'Std': np.float64(1.807144618813402e-15)}
2024-11-09 17:11:41,549 - INFO - Top 10 Std Stats: {'Max': np.float64(0.9999999961222222), 'Min': np.float64(0.999999995712763), 'Mean': np.float64(0.9999999958247981), 'Std': np.float64(1.1114916340005073e-10)}
2024-11-09 17:11:41,550 - INFO - Bottom 10 Mean Stats: {'Max': np.float64(100.0), 'Min': np.float64(77.0), 'Mean': np.float64(86.2), 'Std': np.float64(8.953211714239757)}
2024-11-09 17:11:41,550 - INFO - Bottom 10 Std Stats: {'Max': np.float64(0.0), 'Min': np.float64(0.0), 'Mean': np.float64(0.0), 'Std': np.float64(0.0)}
[I 2024-11-09 17:11:41,580] Trial 178 finished with value: 61.0 and parameters: {'x_0': -5, 'x_1': 0, 'x_2': 4, 'x_3': -2, 'x_4': 4}. Best is trial 100 with value: 13.0.
2024-11-09 17:11:51,189 - INFO - Candidate Mean Stats: {'Max': np.float64(100.0), 'Min': np.float64(-7.277511926417901e-14), 'Mean': np.float64(0.05334956007724261), 'Std': np.float64(1.706689557088669)}
2024-11-09 17:11:51,190 - INFO - Candidate Std Stats: {'Max': np.float64(0.9999999983932917), 'Min': np.float64(0.0), 'Mean': np.float64(0.9988885377297997), 'Std': np.float64(0.033319871246720006)}
2024-11-09 17:11:51,221 - INFO - Top 10 Mean Stats: {'Max': np.float64(2.3647750424515835e-15), 'Min': np.float64(-2.015054789694659e-15), 'Mean': np.float64(3.233524559220769e-16), 'Std': np.float64(1.2261276456774159e-15)}
2024-11-09 17:11:51,221 - INFO - Top 10 Std Stats: {'Max': np.float64(0.9999999983932917), 'Min': np.float64(0.9999999975921604), 'Mean': np.float64(0.9999999978826419), 'Std': np.float64(2.8172938127867704e-10)}
2024-11-09 17:11:51,222 - INFO - Bottom 10 Mean Stats: {'Max': np.float64(100.0), 'Min': np.float64(77.0), 'Mean': np.float64(86.2), 'Std': np.float64(8.953211714239757)}
2024-11-09 17:11:51,222 - INFO - Bottom 10 Std Stats: {'Max': np.float64(0.0), 'Min': np.float64(0.0), 'Mean': np.float64(0.0), 'Std': np.float64(0.0)}
[I 2024-11-09 17:11:51,248] Trial 179 finished with value: 34.0 and parameters: {'x_0': 3, 'x_1': 2, 'x_2': 2, 'x_3': -1, 'x_4': -4}. Best is trial 100 with value: 13.0.
2024-11-09 17:12:01,502 - INFO - Candidate Mean Stats: {'Max': np.float64(100.0), 'Min': np.float64(-5.684341886080802e-14), 'Mean': np.float64(0.05356067332708271), 'Std': np.float64(1.7087845167262212)}
2024-11-09 17:12:01,503 - INFO - Candidate Std Stats: {'Max': np.float64(0.9999999969919262), 'Min': np.float64(0.0), 'Mean': np.float64(0.9988823289562055), 'Std': np.float64(0.03341271005088513)}
2024-11-09 17:12:01,537 - INFO - Top 10 Mean Stats: {'Max': np.float64(3.4519262448462486e-15), 'Min': np.float64(-2.320366121466577e-15), 'Mean': np.float64(1.8483478636532884e-16), 'Std': np.float64(1.9514395079464473e-15)}
2024-11-09 17:12:01,537 - INFO - Top 10 Std Stats: {'Max': np.float64(0.9999999969919262), 'Min': np.float64(0.9999999966290138), 'Mean': np.float64(0.9999999967679688), 'Std': np.float64(1.0785205515156612e-10)}
2024-11-09 17:12:01,538 - INFO - Bottom 10 Mean Stats: {'Max': np.float64(100.0), 'Min': np.float64(77.0), 'Mean': np.float64(86.2), 'Std': np.float64(8.953211714239757)}
2024-11-09 17:12:01,538 - INFO - Bottom 10 Std Stats: {'Max': np.float64(0.0), 'Min': np.float64(0.0), 'Mean': np.float64(0.0), 'Std': np.float64(0.0)}
[I 2024-11-09 17:12:01,571] Trial 180 finished with value: 37.0 and parameters: {'x_0': 1, 'x_1': 0, 'x_2': -2, 'x_3': -4, 'x_4': 4}. Best is trial 100 with value: 13.0.
2024-11-09 17:12:10,692 - INFO - Candidate Mean Stats: {'Max': np.float64(100.0), 'Min': np.float64(-5.6288307348495437e-14), 'Mean': np.float64(0.05379041421661458), 'Std': np.float64(1.7112627719265094)}
2024-11-09 17:12:10,693 - INFO - Candidate Std Stats: {'Max': np.float64(0.999999996828011), 'Min': np.float64(0.0), 'Mean': np.float64(0.9988761195711322), 'Std': np.float64(0.03350529044074772)}
2024-11-09 17:12:10,720 - INFO - Top 10 Mean Stats: {'Max': np.float64(3.03368441478824e-15), 'Min': np.float64(-3.0864200084579353e-15), 'Mean': np.float64(-1.2184697695261095e-16), 'Std': np.float64(1.6743474843286704e-15)}
2024-11-09 17:12:10,720 - INFO - Top 10 Std Stats: {'Max': np.float64(0.999999996828011), 'Min': np.float64(0.9999999962509136), 'Mean': np.float64(0.9999999965201548), 'Std': np.float64(2.369726604537797e-10)}
2024-11-09 17:12:10,720 - INFO - Bottom 10 Mean Stats: {'Max': np.float64(100.0), 'Min': np.float64(77.0), 'Mean': np.float64(86.2), 'Std': np.float64(8.953211714239757)}
2024-11-09 17:12:10,720 - INFO - Bottom 10 Std Stats: {'Max': np.float64(0.0), 'Min': np.float64(0.0), 'Mean': np.float64(0.0), 'Std': np.float64(0.0)}
[I 2024-11-09 17:12:10,751] Trial 181 finished with value: 75.0 and parameters: {'x_0': -3, 'x_1': 4, 'x_2': -4, 'x_3': 5, 'x_4': 3}. Best is trial 100 with value: 13.0.
2024-11-09 17:12:20,564 - INFO - Candidate Mean Stats: {'Max': np.float64(100.0), 'Min': np.float64(-5.3654997111962643e-14), 'Mean': np.float64(0.05425610520890896), 'Std': np.float64(1.721422894791641)}
2024-11-09 17:12:20,564 - INFO - Candidate Std Stats: {'Max': np.float64(0.9999999963194558), 'Min': np.float64(0.0), 'Mean': np.float64(0.9988699106234598), 'Std': np.float64(0.0335976145874803)}
2024-11-09 17:12:20,592 - INFO - Top 10 Mean Stats: {'Max': np.float64(3.774758283725532e-15), 'Min': np.float64(-4.918287999089443e-15), 'Mean': np.float64(-6.21724893790087e-17), 'Std': np.float64(2.6623009236526182e-15)}
2024-11-09 17:12:20,593 - INFO - Top 10 Std Stats: {'Max': np.float64(0.9999999963194558), 'Min': np.float64(0.9999999957853497), 'Mean': np.float64(0.9999999959224803), 'Std': np.float64(1.4046374682724666e-10)}
2024-11-09 17:12:20,593 - INFO - Bottom 10 Mean Stats: {'Max': np.float64(100.0), 'Min': np.float64(77.0), 'Mean': np.float64(86.2), 'Std': np.float64(8.953211714239757)}
2024-11-09 17:12:20,593 - INFO - Bottom 10 Std Stats: {'Max': np.float64(0.0), 'Min': np.float64(0.0), 'Mean': np.float64(0.0), 'Std': np.float64(0.0)}
[I 2024-11-09 17:12:20,628] Trial 182 finished with value: 68.0 and parameters: {'x_0': -3, 'x_1': -4, 'x_2': 3, 'x_3': 3, 'x_4': 5}. Best is trial 100 with value: 13.0.
2024-11-09 17:12:29,780 - INFO - Candidate Mean Stats: {'Max': np.float64(100.0), 'Min': np.float64(-5.762057497804562e-14), 'Mean': np.float64(0.054678331708589205), 'Std': np.float64(1.7297289353205298)}
2024-11-09 17:12:29,781 - INFO - Candidate Std Stats: {'Max': np.float64(0.9999999965169266), 'Min': np.float64(0.0), 'Mean': np.float64(0.9988637016927469), 'Std': np.float64(0.03368968458379143)}
2024-11-09 17:12:29,809 - INFO - Top 10 Mean Stats: {'Max': np.float64(2.5340840537069197e-15), 'Min': np.float64(-3.713696017371149e-15), 'Mean': np.float64(-4.560588018343025e-16), 'Std': np.float64(1.7613614892589608e-15)}
2024-11-09 17:12:29,809 - INFO - Top 10 Std Stats: {'Max': np.float64(0.9999999965169266), 'Min': np.float64(0.999999995985518), 'Mean': np.float64(0.9999999961997647), 'Std': np.float64(1.8230276402436915e-10)}
2024-11-09 17:12:29,809 - INFO - Bottom 10 Mean Stats: {'Max': np.float64(100.0), 'Min': np.float64(77.0), 'Mean': np.float64(86.2), 'Std': np.float64(8.953211714239757)}
2024-11-09 17:12:29,809 - INFO - Bottom 10 Std Stats: {'Max': np.float64(0.0), 'Min': np.float64(0.0), 'Mean': np.float64(0.0), 'Std': np.float64(0.0)}
[I 2024-11-09 17:12:29,842] Trial 183 finished with value: 34.0 and parameters: {'x_0': -2, 'x_1': -3, 'x_2': 1, 'x_3': -2, 'x_4': 4}. Best is trial 100 with value: 13.0.
2024-11-09 17:12:39,450 - INFO - Candidate Mean Stats: {'Max': np.float64(100.0), 'Min': np.float64(-5.948574965941588e-14), 'Mean': np.float64(0.05488944495842934), 'Std': np.float64(1.731795862383973)}
2024-11-09 17:12:39,451 - INFO - Candidate Std Stats: {'Max': np.float64(0.9999999960724152), 'Min': np.float64(0.0), 'Mean': np.float64(0.9988574923017242), 'Std': np.float64(0.03378150249157663)}
2024-11-09 17:12:39,475 - INFO - Top 10 Mean Stats: {'Max': np.float64(6.428191312579656e-15), 'Min': np.float64(-5.5622173533720344e-15), 'Mean': np.float64(6.690481502147348e-16), 'Std': np.float64(3.0651073206184736e-15)}
2024-11-09 17:12:39,475 - INFO - Top 10 Std Stats: {'Max': np.float64(0.9999999960724152), 'Min': np.float64(0.9999999958136326), 'Mean': np.float64(0.9999999959236805), 'Std': np.float64(8.227058237162733e-11)}
2024-11-09 17:12:39,475 - INFO - Bottom 10 Mean Stats: {'Max': np.float64(100.0), 'Min': np.float64(77.0), 'Mean': np.float64(86.2), 'Std': np.float64(8.953211714239757)}
2024-11-09 17:12:39,475 - INFO - Bottom 10 Std Stats: {'Max': np.float64(0.0), 'Min': np.float64(0.0), 'Mean': np.float64(0.0), 'Std': np.float64(0.0)}
[I 2024-11-09 17:12:39,507] Trial 184 finished with value: 37.0 and parameters: {'x_0': 2, 'x_1': 2, 'x_2': -3, 'x_3': -4, 'x_4': 2}. Best is trial 100 with value: 13.0.
2024-11-09 17:12:48,488 - INFO - Candidate Mean Stats: {'Max': np.float64(100.0), 'Min': np.float64(-6.952216580202731e-14), 'Mean': np.float64(0.0551191858479612), 'Std': np.float64(1.7342410583313472)}
2024-11-09 17:12:48,488 - INFO - Candidate Std Stats: {'Max': np.float64(0.9999999990742995), 'Min': np.float64(0.0), 'Mean': np.float64(0.9988512830218571), 'Std': np.float64(0.03387307037993066)}
2024-11-09 17:12:48,515 - INFO - Top 10 Mean Stats: {'Max': np.float64(1.73749903353837e-15), 'Min': np.float64(-5.717648576819557e-16), 'Mean': np.float64(3.982925100842749e-16), 'Std': np.float64(5.957141245821623e-16)}
2024-11-09 17:12:48,516 - INFO - Top 10 Std Stats: {'Max': np.float64(0.9999999990742995), 'Min': np.float64(0.9999999985586396), 'Mean': np.float64(0.9999999987785838), 'Std': np.float64(1.5272929453119382e-10)}
2024-11-09 17:12:48,516 - INFO - Bottom 10 Mean Stats: {'Max': np.float64(100.0), 'Min': np.float64(77.0), 'Mean': np.float64(86.2), 'Std': np.float64(8.953211714239757)}
2024-11-09 17:12:48,516 - INFO - Bottom 10 Std Stats: {'Max': np.float64(0.0), 'Min': np.float64(0.0), 'Mean': np.float64(0.0), 'Std': np.float64(0.0)}
[I 2024-11-09 17:12:48,570] Trial 185 finished with value: 35.0 and parameters: {'x_0': 0, 'x_1': 3, 'x_2': -3, 'x_3': 1, 'x_4': 4}. Best is trial 100 with value: 13.0.
2024-11-09 17:12:57,604 - INFO - Candidate Mean Stats: {'Max': np.float64(100.0), 'Min': np.float64(-6.297184995673888e-14), 'Mean': np.float64(0.05533650831103193), 'Std': np.float64(1.7364257341176992)}
2024-11-09 17:12:57,605 - INFO - Candidate Std Stats: {'Max': np.float64(0.9999999972911684), 'Min': np.float64(0.0), 'Mean': np.float64(0.998845073326991), 'Std': np.float64(0.033964390253178225)}
2024-11-09 17:12:57,628 - INFO - Top 10 Mean Stats: {'Max': np.float64(3.9523939676655574e-15), 'Min': np.float64(-4.352074256530614e-15), 'Mean': np.float64(-7.593925488436072e-16), 'Std': np.float64(2.4141834771774307e-15)}
2024-11-09 17:12:57,628 - INFO - Top 10 Std Stats: {'Max': np.float64(0.9999999972911684), 'Min': np.float64(0.9999999965484455), 'Mean': np.float64(0.9999999968103015), 'Std': np.float64(2.1513035087601957e-10)}
2024-11-09 17:12:57,628 - INFO - Bottom 10 Mean Stats: {'Max': np.float64(100.0), 'Min': np.float64(77.0), 'Mean': np.float64(86.2), 'Std': np.float64(8.953211714239757)}
2024-11-09 17:12:57,628 - INFO - Bottom 10 Std Stats: {'Max': np.float64(0.0), 'Min': np.float64(0.0), 'Mean': np.float64(0.0), 'Std': np.float64(0.0)}
[I 2024-11-09 17:12:57,662] Trial 186 finished with value: 11.0 and parameters: {'x_0': -2, 'x_1': 2, 'x_2': -1, 'x_3': 1, 'x_4': -1}. Best is trial 186 with value: 11.0.
2024-11-09 17:13:07,747 - INFO - Candidate Mean Stats: {'Max': np.float64(100.0), 'Min': np.float64(-5.1636472875316033e-14), 'Mean': np.float64(0.0554048096565684), 'Std': np.float64(1.736639882395331)}
2024-11-09 17:13:07,748 - INFO - Candidate Std Stats: {'Max': np.float64(0.9999999987014917), 'Min': np.float64(0.0), 'Mean': np.float64(0.9988388650466837), 'Std': np.float64(0.03405546416863187)}
2024-11-09 17:13:07,777 - INFO - Top 10 Mean Stats: {'Max': np.float64(2.020605904817785e-15), 'Min': np.float64(-2.683964162031316e-15), 'Mean': np.float64(5.787037515858625e-17), 'Std': np.float64(1.3574911326942413e-15)}
2024-11-09 17:13:07,777 - INFO - Top 10 Std Stats: {'Max': np.float64(0.9999999987014917), 'Min': np.float64(0.9999999979261095), 'Mean': np.float64(0.9999999981638181), 'Std': np.float64(2.3469221067356094e-10)}
2024-11-09 17:13:07,777 - INFO - Bottom 10 Mean Stats: {'Max': np.float64(100.0), 'Min': np.float64(77.0), 'Mean': np.float64(86.2), 'Std': np.float64(8.953211714239757)}
2024-11-09 17:13:07,777 - INFO - Bottom 10 Std Stats: {'Max': np.float64(0.0), 'Min': np.float64(0.0), 'Mean': np.float64(0.0), 'Std': np.float64(0.0)}
[I 2024-11-09 17:13:07,808] Trial 187 finished with value: 43.0 and parameters: {'x_0': -1, 'x_1': 3, 'x_2': 5, 'x_3': -2, 'x_4': 2}. Best is trial 186 with value: 11.0.
2024-11-09 17:13:16,220 - INFO - Candidate Mean Stats: {'Max': np.float64(100.0), 'Min': np.float64(-5.708766792622555e-14), 'Mean': np.float64(0.05567180582548383), 'Std': np.float64(1.7399336939546413)}
2024-11-09 17:13:16,221 - INFO - Candidate Std Stats: {'Max': np.float64(0.9999999985293324), 'Min': np.float64(0.0), 'Mean': np.float64(0.9988326552692534), 'Std': np.float64(0.03414629399555663)}
2024-11-09 17:13:16,252 - INFO - Top 10 Mean Stats: {'Max': np.float64(2.0296264668928643e-15), 'Min': np.float64(-1.3211653993039363e-15), 'Mean': np.float64(3.694961003830599e-16), 'Std': np.float64(1.1006847548986928e-15)}
2024-11-09 17:13:16,253 - INFO - Top 10 Std Stats: {'Max': np.float64(0.9999999985293324), 'Min': np.float64(0.9999999978497447), 'Mean': np.float64(0.9999999981206432), 'Std': np.float64(2.0562465479873102e-10)}
2024-11-09 17:13:16,253 - INFO - Bottom 10 Mean Stats: {'Max': np.float64(100.0), 'Min': np.float64(77.0), 'Mean': np.float64(86.2), 'Std': np.float64(8.953211714239757)}
2024-11-09 17:13:16,253 - INFO - Bottom 10 Std Stats: {'Max': np.float64(0.0), 'Min': np.float64(0.0), 'Mean': np.float64(0.0), 'Std': np.float64(0.0)}
[I 2024-11-09 17:13:16,295] Trial 188 finished with value: 34.0 and parameters: {'x_0': 5, 'x_1': 0, 'x_2': 2, 'x_3': 2, 'x_4': -1}. Best is trial 186 with value: 11.0.
2024-11-09 17:13:25,350 - INFO - Candidate Mean Stats: {'Max': np.float64(100.0), 'Min': np.float64(-1.060901366756184e-13), 'Mean': np.float64(0.05588291907532395), 'Std': np.float64(1.7419883923759933)}
2024-11-09 17:13:25,351 - INFO - Candidate Std Stats: {'Max': np.float64(0.99999999743229), 'Min': np.float64(0.0), 'Mean': np.float64(0.9988264455230399), 'Std': np.float64(0.03423688172821237)}
2024-11-09 17:13:25,383 - INFO - Top 10 Mean Stats: {'Max': np.float64(2.1427304375265522e-15), 'Min': np.float64(-3.627653732962699e-15), 'Mean': np.float64(-9.794942634755443e-16), 'Std': np.float64(1.6290808522934619e-15)}
2024-11-09 17:13:25,383 - INFO - Top 10 Std Stats: {'Max': np.float64(0.99999999743229), 'Min': np.float64(0.9999999965470734), 'Mean': np.float64(0.9999999968360223), 'Std': np.float64(3.3829764867821143e-10)}
2024-11-09 17:13:25,383 - INFO - Bottom 10 Mean Stats: {'Max': np.float64(100.0), 'Min': np.float64(77.0), 'Mean': np.float64(86.2), 'Std': np.float64(8.953211714239757)}
2024-11-09 17:13:25,383 - INFO - Bottom 10 Std Stats: {'Max': np.float64(0.0), 'Min': np.float64(0.0), 'Mean': np.float64(0.0), 'Std': np.float64(0.0)}
[I 2024-11-09 17:13:25,413] Trial 189 finished with value: 31.0 and parameters: {'x_0': -2, 'x_1': 1, 'x_2': -1, 'x_3': -5, 'x_4': 0}. Best is trial 186 with value: 11.0.
2024-11-09 17:13:34,718 - INFO - Candidate Mean Stats: {'Max': np.float64(100.0), 'Min': np.float64(-6.479261571712414e-14), 'Mean': np.float64(0.05607540468547228), 'Std': np.float64(1.7436940851884066)}
2024-11-09 17:13:34,719 - INFO - Candidate Std Stats: {'Max': np.float64(0.9999999995361211), 'Min': np.float64(0.0), 'Mean': np.float64(0.9988202367209311), 'Std': np.float64(0.034327229314611706)}
2024-11-09 17:13:34,751 - INFO - Top 10 Mean Stats: {'Max': np.float64(6.550315845288424e-16), 'Min': np.float64(-5.60662627435704e-16), 'Mean': np.float64(5.384581669432011e-17), 'Std': np.float64(3.813583768547258e-16)}
2024-11-09 17:13:34,751 - INFO - Top 10 Std Stats: {'Max': np.float64(0.9999999995361211), 'Min': np.float64(0.9999999990039311), 'Mean': np.float64(0.9999999991876157), 'Std': np.float64(1.7420818477707683e-10)}
2024-11-09 17:13:34,752 - INFO - Bottom 10 Mean Stats: {'Max': np.float64(100.0), 'Min': np.float64(77.0), 'Mean': np.float64(86.2), 'Std': np.float64(8.953211714239757)}
2024-11-09 17:13:34,752 - INFO - Bottom 10 Std Stats: {'Max': np.float64(0.0), 'Min': np.float64(0.0), 'Mean': np.float64(0.0), 'Std': np.float64(0.0)}
[I 2024-11-09 17:13:34,779] Trial 190 finished with value: 60.0 and parameters: {'x_0': 1, 'x_1': -5, 'x_2': 0, 'x_3': -5, 'x_4': -3}. Best is trial 186 with value: 11.0.
2024-11-09 17:13:42,845 - INFO - Candidate Mean Stats: {'Max': np.float64(100.0), 'Min': np.float64(-5.2580162446247416e-14), 'Mean': np.float64(0.05644795747930779), 'Std': np.float64(1.7500800865841022)}
2024-11-09 17:13:42,846 - INFO - Candidate Std Stats: {'Max': np.float64(0.9999999962687959), 'Min': np.float64(0.0), 'Mean': np.float64(0.99881402793472), 'Std': np.float64(0.03441733861447641)}
2024-11-09 17:13:42,882 - INFO - Top 10 Mean Stats: {'Max': np.float64(4.019007349143067e-15), 'Min': np.float64(-3.769207168602407e-15), 'Mean': np.float64(1.5543122344752175e-17), 'Std': np.float64(2.3532614176736232e-15)}
2024-11-09 17:13:42,882 - INFO - Top 10 Std Stats: {'Max': np.float64(0.9999999962687959), 'Min': np.float64(0.9999999960577322), 'Mean': np.float64(0.9999999961657793), 'Std': np.float64(6.428444016729826e-11)}
2024-11-09 17:13:42,883 - INFO - Bottom 10 Mean Stats: {'Max': np.float64(100.0), 'Min': np.float64(77.0), 'Mean': np.float64(86.2), 'Std': np.float64(8.953211714239757)}
2024-11-09 17:13:42,883 - INFO - Bottom 10 Std Stats: {'Max': np.float64(0.0), 'Min': np.float64(0.0), 'Mean': np.float64(0.0), 'Std': np.float64(0.0)}
