[I 2024-11-09 17:07:05,667] Trial 143 finished with value: 46.0 and parameters: {'x_0': 2, 'x_1': -4, 'x_2': 1, 'x_3': 3, 'x_4': 4}. Best is trial 2 with value: 13.0.
2024-11-09 17:07:13,618 - INFO - Candidate Mean Stats: {'Max': np.float64(107.0), 'Min': np.float64(-5.923594947887522e-14), 'Mean': np.float64(0.045935759479916266), 'Std': np.float64(1.6436672818901794)}
2024-11-09 17:07:13,618 - INFO - Candidate Std Stats: {'Max': np.float64(0.9999999983806733), 'Min': np.float64(0.0), 'Mean': np.float64(0.9991058614176291), 'Std': np.float64(0.029888580116841517)}
2024-11-09 17:07:13,645 - INFO - Top 10 Mean Stats: {'Max': np.float64(2.6478819137309985e-15), 'Min': np.float64(-2.7366997557010107e-15), 'Mean': np.float64(-3.469446951953575e-18), 'Std': np.float64(1.4074610263382384e-15)}
2024-11-09 17:07:13,645 - INFO - Top 10 Std Stats: {'Max': np.float64(0.9999999983806733), 'Min': np.float64(0.9999999978696092), 'Mean': np.float64(0.9999999980811856), 'Std': np.float64(2.2716878400566244e-10)}
2024-11-09 17:07:13,646 - INFO - Bottom 10 Mean Stats: {'Max': np.float64(107.0), 'Min': np.float64(79.0), 'Mean': np.float64(89.9), 'Std': np.float64(9.470480452437458)}
2024-11-09 17:07:13,646 - INFO - Bottom 10 Std Stats: {'Max': np.float64(0.0), 'Min': np.float64(0.0), 'Mean': np.float64(0.0), 'Std': np.float64(0.0)}
[I 2024-11-09 17:07:13,679] Trial 144 finished with value: 67.0 and parameters: {'x_0': -3, 'x_1': -5, 'x_2': 4, 'x_3': 4, 'x_4': -1}. Best is trial 2 with value: 13.0.
2024-11-09 17:07:23,775 - INFO - Candidate Mean Stats: {'Max': np.float64(107.0), 'Min': np.float64(-1.1268763699945339e-13), 'Mean': np.float64(0.04635177676636592), 'Std': np.float64(1.6521128588985599)}
2024-11-09 17:07:23,776 - INFO - Candidate Std Stats: {'Max': np.float64(0.9999999968079801), 'Min': np.float64(0.0), 'Mean': np.float64(0.999099651774177), 'Std': np.float64(0.02999208714824966)}
2024-11-09 17:07:23,797 - INFO - Top 10 Mean Stats: {'Max': np.float64(2.930988785010413e-15), 'Min': np.float64(-3.4194869158454822e-15), 'Mean': np.float64(2.1704860131421816e-16), 'Std': np.float64(2.1162645565847275e-15)}
2024-11-09 17:07:23,798 - INFO - Top 10 Std Stats: {'Max': np.float64(0.9999999968079801), 'Min': np.float64(0.9999999962576891), 'Mean': np.float64(0.9999999964115973), 'Std': np.float64(1.9163173439318295e-10)}
2024-11-09 17:07:23,808 - INFO - Bottom 10 Mean Stats: {'Max': np.float64(107.0), 'Min': np.float64(79.0), 'Mean': np.float64(89.9), 'Std': np.float64(9.470480452437458)}
2024-11-09 17:07:23,808 - INFO - Bottom 10 Std Stats: {'Max': np.float64(0.0), 'Min': np.float64(0.0), 'Mean': np.float64(0.0), 'Std': np.float64(0.0)}
[I 2024-11-09 17:07:23,835] Trial 145 finished with value: 69.0 and parameters: {'x_0': 3, 'x_1': 3, 'x_2': 1, 'x_3': 5, 'x_4': -5}. Best is trial 2 with value: 13.0.
2024-11-09 17:07:33,053 - INFO - Candidate Mean Stats: {'Max': np.float64(107.0), 'Min': np.float64(-5.697664562376304e-14), 'Mean': np.float64(0.04678021247927675), 'Std': np.float64(1.661023498225902)}
2024-11-09 17:07:33,055 - INFO - Candidate Std Stats: {'Max': np.float64(0.9999999987527175), 'Min': np.float64(0.0), 'Mean': np.float64(0.9990934430139278), 'Std': np.float64(0.030095236933732963)}
2024-11-09 17:07:33,081 - INFO - Top 10 Mean Stats: {'Max': np.float64(1.63202784619898e-15), 'Min': np.float64(-2.2593038551121937e-15), 'Mean': np.float64(-2.0650148258027918e-16), 'Std': np.float64(1.1764797190864267e-15)}
2024-11-09 17:07:33,081 - INFO - Top 10 Std Stats: {'Max': np.float64(0.9999999987527175), 'Min': np.float64(0.9999999984037805), 'Mean': np.float64(0.9999999985800481), 'Std': np.float64(1.2767614395430819e-10)}
2024-11-09 17:07:33,081 - INFO - Bottom 10 Mean Stats: {'Max': np.float64(107.0), 'Min': np.float64(79.0), 'Mean': np.float64(89.9), 'Std': np.float64(9.470480452437458)}
2024-11-09 17:07:33,081 - INFO - Bottom 10 Std Stats: {'Max': np.float64(0.0), 'Min': np.float64(0.0), 'Mean': np.float64(0.0), 'Std': np.float64(0.0)}
[I 2024-11-09 17:07:33,112] Trial 146 finished with value: 83.0 and parameters: {'x_0': 5, 'x_1': -1, 'x_2': 4, 'x_3': 5, 'x_4': 4}. Best is trial 2 with value: 13.0.
2024-11-09 17:07:42,470 - INFO - Candidate Mean Stats: {'Max': np.float64(107.0), 'Min': np.float64(-7.951417302365372e-14), 'Mean': np.float64(0.047295577177415865), 'Std': np.float64(1.6738356694321037)}
2024-11-09 17:07:42,471 - INFO - Candidate Std Stats: {'Max': np.float64(0.9999999972973131), 'Min': np.float64(0.0), 'Mean': np.float64(0.9990872338632791), 'Std': np.float64(0.03019803309615988)}
2024-11-09 17:07:42,498 - INFO - Top 10 Mean Stats: {'Max': np.float64(2.531308496145357e-15), 'Min': np.float64(-2.575717417130363e-15), 'Mean': np.float64(-2.2204460492503092e-17), 'Std': np.float64(1.5138492452289271e-15)}
2024-11-09 17:07:42,499 - INFO - Top 10 Std Stats: {'Max': np.float64(0.9999999972973131), 'Min': np.float64(0.9999999967102667), 'Mean': np.float64(0.9999999969211737), 'Std': np.float64(1.6556031229802293e-10)}
2024-11-09 17:07:42,500 - INFO - Bottom 10 Mean Stats: {'Max': np.float64(107.0), 'Min': np.float64(79.0), 'Mean': np.float64(90.3), 'Std': np.float64(9.077995373429092)}
2024-11-09 17:07:42,500 - INFO - Bottom 10 Std Stats: {'Max': np.float64(0.0), 'Min': np.float64(0.0), 'Mean': np.float64(0.0), 'Std': np.float64(0.0)}
[I 2024-11-09 17:07:42,530] Trial 147 finished with value: 70.0 and parameters: {'x_0': -3, 'x_1': -4, 'x_2': -4, 'x_3': -2, 'x_4': -5}. Best is trial 2 with value: 13.0.
2024-11-09 17:07:50,247 - INFO - Candidate Mean Stats: {'Max': np.float64(107.0), 'Min': np.float64(-6.27831120425526e-14), 'Mean': np.float64(0.04773022210355726), 'Std': np.float64(1.6828873077575954)}
2024-11-09 17:07:50,247 - INFO - Candidate Std Stats: {'Max': np.float64(0.999999996620457), 'Min': np.float64(0.0), 'Mean': np.float64(0.9990810241901379), 'Std': np.float64(0.030300479230345557)}
2024-11-09 17:07:50,278 - INFO - Top 10 Mean Stats: {'Max': np.float64(2.836619827917275e-15), 'Min': np.float64(-4.0245584642661925e-15), 'Mean': np.float64(4.47419878923938e-16), 'Std': np.float64(2.0520126352901106e-15)}
2024-11-09 17:07:50,280 - INFO - Top 10 Std Stats: {'Max': np.float64(0.999999996620457), 'Min': np.float64(0.9999999957974619), 'Mean': np.float64(0.9999999960472634), 'Std': np.float64(2.2408030418928603e-10)}
2024-11-09 17:07:50,280 - INFO - Bottom 10 Mean Stats: {'Max': np.float64(107.0), 'Min': np.float64(79.0), 'Mean': np.float64(90.3), 'Std': np.float64(9.077995373429092)}
2024-11-09 17:07:50,280 - INFO - Bottom 10 Std Stats: {'Max': np.float64(0.0), 'Min': np.float64(0.0), 'Mean': np.float64(0.0), 'Std': np.float64(0.0)}
[I 2024-11-09 17:07:50,313] Trial 148 finished with value: 41.0 and parameters: {'x_0': 0, 'x_1': 4, 'x_2': 3, 'x_3': 0, 'x_4': -4}. Best is trial 2 with value: 13.0.
2024-11-09 17:08:00,656 - INFO - Candidate Mean Stats: {'Max': np.float64(107.0), 'Min': np.float64(-6.075140390748857e-14), 'Mean': np.float64(0.047984799846011526), 'Std': np.float64(1.6859783542910705)}
2024-11-09 17:08:00,657 - INFO - Candidate Std Stats: {'Max': np.float64(0.9999999973417609), 'Min': np.float64(0.0), 'Mean': np.float64(0.9990748151396784), 'Std': np.float64(0.030402578909239517)}
2024-11-09 17:08:00,681 - INFO - Top 10 Mean Stats: {'Max': np.float64(1.865174681370263e-15), 'Min': np.float64(-4.058559044395338e-15), 'Mean': np.float64(-7.583517147580209e-16), 'Std': np.float64(1.9056578931503e-15)}
2024-11-09 17:08:00,682 - INFO - Top 10 Std Stats: {'Max': np.float64(0.9999999973417609), 'Min': np.float64(0.9999999965124673), 'Mean': np.float64(0.999999996818422), 'Std': np.float64(2.2029875725152043e-10)}
2024-11-09 17:08:00,682 - INFO - Bottom 10 Mean Stats: {'Max': np.float64(107.0), 'Min': np.float64(79.0), 'Mean': np.float64(90.3), 'Std': np.float64(9.077995373429092)}
2024-11-09 17:08:00,682 - INFO - Bottom 10 Std Stats: {'Max': np.float64(0.0), 'Min': np.float64(0.0), 'Mean': np.float64(0.0), 'Std': np.float64(0.0)}
[I 2024-11-09 17:08:00,718] Trial 149 finished with value: 52.0 and parameters: {'x_0': 3, 'x_1': 5, 'x_2': 1, 'x_3': 1, 'x_4': 4}. Best is trial 2 with value: 13.0.
2024-11-09 17:08:09,518 - INFO - Candidate Mean Stats: {'Max': np.float64(107.0), 'Min': np.float64(-5.882516695976392e-14), 'Mean': np.float64(0.048307678934002264), 'Std': np.float64(1.690941049500489)}
2024-11-09 17:08:09,519 - INFO - Candidate Std Stats: {'Max': np.float64(0.9999999971611074), 'Min': np.float64(0.0), 'Mean': np.float64(0.9990686062039178), 'Std': np.float64(0.03050433559652637)}
2024-11-09 17:08:09,545 - INFO - Top 10 Mean Stats: {'Max': np.float64(2.6367796834847468e-15), 'Min': np.float64(-1.1685097334179773e-15), 'Mean': np.float64(1.0682427165065177e-15), 'Std': np.float64(1.196917292805079e-15)}
2024-11-09 17:08:09,545 - INFO - Top 10 Std Stats: {'Max': np.float64(0.9999999971611074), 'Min': np.float64(0.9999999965860593), 'Mean': np.float64(0.9999999967672547), 'Std': np.float64(1.8181467873214497e-10)}
2024-11-09 17:08:09,546 - INFO - Bottom 10 Mean Stats: {'Max': np.float64(107.0), 'Min': np.float64(79.0), 'Mean': np.float64(90.3), 'Std': np.float64(9.077995373429092)}
2024-11-09 17:08:09,546 - INFO - Bottom 10 Std Stats: {'Max': np.float64(0.0), 'Min': np.float64(0.0), 'Mean': np.float64(0.0), 'Std': np.float64(0.0)}
[I 2024-11-09 17:08:09,575] Trial 150 finished with value: 29.0 and parameters: {'x_0': 0, 'x_1': 2, 'x_2': 0, 'x_3': -4, 'x_4': -3}. Best is trial 2 with value: 13.0.
2024-11-09 17:08:19,102 - INFO - Candidate Mean Stats: {'Max': np.float64(107.0), 'Min': np.float64(-6.843414723789465e-14), 'Mean': np.float64(0.04848774611768942), 'Std': np.float64(1.6924792913158968)}
2024-11-09 17:08:19,102 - INFO - Candidate Std Stats: {'Max': np.float64(0.9999999966492368), 'Min': np.float64(0.0), 'Mean': np.float64(0.999062396985116), 'Std': np.float64(0.03060575270118282)}
2024-11-09 17:08:19,132 - INFO - Top 10 Mean Stats: {'Max': np.float64(3.6637359812630166e-15), 'Min': np.float64(-4.241051954068098e-15), 'Mean': np.float64(-7.14706072102445e-17), 'Std': np.float64(2.408151481801375e-15)}
2024-11-09 17:08:19,132 - INFO - Top 10 Std Stats: {'Max': np.float64(0.9999999966492368), 'Min': np.float64(0.99999999636728), 'Mean': np.float64(0.9999999964925369), 'Std': np.float64(9.191527293063742e-11)}
2024-11-09 17:08:19,132 - INFO - Bottom 10 Mean Stats: {'Max': np.float64(107.0), 'Min': np.float64(79.0), 'Mean': np.float64(90.3), 'Std': np.float64(9.077995373429092)}
2024-11-09 17:08:19,132 - INFO - Bottom 10 Std Stats: {'Max': np.float64(0.0), 'Min': np.float64(0.0), 'Mean': np.float64(0.0), 'Std': np.float64(0.0)}
[I 2024-11-09 17:08:19,158] Trial 151 finished with value: 59.0 and parameters: {'x_0': 3, 'x_1': -4, 'x_2': -5, 'x_3': -3, 'x_4': 0}. Best is trial 2 with value: 13.0.
2024-11-09 17:08:27,394 - INFO - Candidate Mean Stats: {'Max': np.float64(107.0), 'Min': np.float64(-5.768718835952314e-14), 'Mean': np.float64(0.04885408969829434), 'Std': np.float64(1.6988421828504772)}
2024-11-09 17:08:27,395 - INFO - Candidate Std Stats: {'Max': np.float64(0.9999999959656406), 'Min': np.float64(0.0), 'Mean': np.float64(0.9990561877764312), 'Std': np.float64(0.030706833596720964)}
2024-11-09 17:08:27,422 - INFO - Top 10 Mean Stats: {'Max': np.float64(3.7636560534792805e-15), 'Min': np.float64(-3.4555691641457997e-15), 'Mean': np.float64(3.6574909767494996e-16), 'Std': np.float64(2.139503184324392e-15)}
2024-11-09 17:08:27,422 - INFO - Top 10 Std Stats: {'Max': np.float64(0.9999999959656406), 'Min': np.float64(0.9999999957707871), 'Mean': np.float64(0.9999999958828992), 'Std': np.float64(7.390948715701735e-11)}
2024-11-09 17:08:27,422 - INFO - Bottom 10 Mean Stats: {'Max': np.float64(107.0), 'Min': np.float64(79.0), 'Mean': np.float64(90.3), 'Std': np.float64(9.077995373429092)}
2024-11-09 17:08:27,422 - INFO - Bottom 10 Std Stats: {'Max': np.float64(0.0), 'Min': np.float64(0.0), 'Mean': np.float64(0.0), 'Std': np.float64(0.0)}
[I 2024-11-09 17:08:27,457] Trial 152 finished with value: 63.0 and parameters: {'x_0': -3, 'x_1': -3, 'x_2': 5, 'x_3': 4, 'x_4': -2}. Best is trial 2 with value: 13.0.
2024-11-09 17:08:37,367 - INFO - Candidate Mean Stats: {'Max': np.float64(107.0), 'Min': np.float64(-5.980771433655719e-14), 'Mean': np.float64(0.04924527013182163), 'Std': np.float64(1.7060688013659606)}
2024-11-09 17:08:37,369 - INFO - Candidate Std Stats: {'Max': np.float64(0.9999999962768961), 'Min': np.float64(0.0), 'Mean': np.float64(0.9990499780937216), 'Std': np.float64(0.030807581577564056)}
2024-11-09 17:08:37,398 - INFO - Top 10 Mean Stats: {'Max': np.float64(5.773159728050814e-15), 'Min': np.float64(-1.9984014443252818e-15), 'Mean': np.float64(8.310019339319298e-16), 'Std': np.float64(2.2050578411793604e-15)}
2024-11-09 17:08:37,398 - INFO - Top 10 Std Stats: {'Max': np.float64(0.9999999962768961), 'Min': np.float64(0.9999999955569012), 'Mean': np.float64(0.9999999958495069), 'Std': np.float64(2.645206624452641e-10)}
2024-11-09 17:08:37,399 - INFO - Bottom 10 Mean Stats: {'Max': np.float64(107.0), 'Min': np.float64(79.0), 'Mean': np.float64(90.3), 'Std': np.float64(9.077995373429092)}
2024-11-09 17:08:37,399 - INFO - Bottom 10 Std Stats: {'Max': np.float64(0.0), 'Min': np.float64(0.0), 'Mean': np.float64(0.0), 'Std': np.float64(0.0)}
[I 2024-11-09 17:08:37,425] Trial 153 finished with value: 60.0 and parameters: {'x_0': -1, 'x_1': -3, 'x_2': -4, 'x_3': -5, 'x_4': 3}. Best is trial 2 with value: 13.0.
2024-11-09 17:08:48,867 - INFO - Candidate Mean Stats: {'Max': np.float64(107.0), 'Min': np.float64(-6.382672168570025e-14), 'Mean': np.float64(0.0496178229256571), 'Std': np.float64(1.7125965931598979)}
2024-11-09 17:08:48,869 - INFO - Candidate Std Stats: {'Max': np.float64(0.9999999966510535), 'Min': np.float64(0.0), 'Mean': np.float64(0.9990437689974248), 'Std': np.float64(0.03090799993174869)}
2024-11-09 17:08:48,891 - INFO - Top 10 Mean Stats: {'Max': np.float64(5.073719222536966e-15), 'Min': np.float64(-3.9340058988202034e-15), 'Mean': np.float64(4.978309431358241e-16), 'Std': np.float64(2.8333964794433175e-15)}
2024-11-09 17:08:48,892 - INFO - Top 10 Std Stats: {'Max': np.float64(0.9999999966510535), 'Min': np.float64(0.9999999962072651), 'Mean': np.float64(0.9999999963476551), 'Std': np.float64(1.3031196244145597e-10)}
2024-11-09 17:08:48,892 - INFO - Bottom 10 Mean Stats: {'Max': np.float64(107.0), 'Min': np.float64(79.0), 'Mean': np.float64(90.3), 'Std': np.float64(9.077995373429092)}
2024-11-09 17:08:48,892 - INFO - Bottom 10 Std Stats: {'Max': np.float64(0.0), 'Min': np.float64(0.0), 'Mean': np.float64(0.0), 'Std': np.float64(0.0)}
[I 2024-11-09 17:08:48,924] Trial 154 finished with value: 70.0 and parameters: {'x_0': -5, 'x_1': -5, 'x_2': -4, 'x_3': 0, 'x_4': 2}. Best is trial 2 with value: 13.0.
2024-11-09 17:08:58,607 - INFO - Candidate Mean Stats: {'Max': np.float64(107.0), 'Min': np.float64(-7.426559367473828e-14), 'Mean': np.float64(0.050052467851798454), 'Std': np.float64(1.7214438458882746)}
2024-11-09 17:08:58,609 - INFO - Candidate Std Stats: {'Max': np.float64(0.9999999966488474), 'Min': np.float64(0.0), 'Mean': np.float64(0.9990375597114471), 'Std': np.float64(0.031008091837983632)}
2024-11-09 17:08:58,633 - INFO - Top 10 Mean Stats: {'Max': np.float64(3.4305891460917336e-15), 'Min': np.float64(-4.3007264416417e-15), 'Mean': np.float64(-1.4115791868718475e-15), 'Std': np.float64(2.212233252680504e-15)}
2024-11-09 17:08:58,633 - INFO - Top 10 Std Stats: {'Max': np.float64(0.9999999966488474), 'Min': np.float64(0.9999999963592143), 'Mean': np.float64(0.9999999965160148), 'Std': np.float64(9.98685516000282e-11)}
2024-11-09 17:08:58,633 - INFO - Bottom 10 Mean Stats: {'Max': np.float64(107.0), 'Min': np.float64(79.0), 'Mean': np.float64(90.3), 'Std': np.float64(9.077995373429092)}
2024-11-09 17:08:58,634 - INFO - Bottom 10 Std Stats: {'Max': np.float64(0.0), 'Min': np.float64(0.0), 'Mean': np.float64(0.0), 'Std': np.float64(0.0)}
[I 2024-11-09 17:08:58,669] Trial 155 finished with value: 22.0 and parameters: {'x_0': 1, 'x_1': 1, 'x_2': 0, 'x_3': 2, 'x_4': -4}. Best is trial 2 with value: 13.0.
2024-11-09 17:09:09,137 - INFO - Candidate Mean Stats: {'Max': np.float64(107.0), 'Min': np.float64(-7.625011733125575e-14), 'Mean': np.float64(0.050189070542871514), 'Std': np.float64(1.722312538561546)}
2024-11-09 17:09:09,138 - INFO - Candidate Std Stats: {'Max': np.float64(0.9999999976278238), 'Min': np.float64(0.0), 'Mean': np.float64(0.9990313511803329), 'Std': np.float64(0.031107860476679964)}
2024-11-09 17:09:09,170 - INFO - Top 10 Mean Stats: {'Max': np.float64(1.3988810110276972e-15), 'Min': np.float64(-4.188316360398403e-15), 'Mean': np.float64(1.4571677198205177e-16), 'Std': np.float64(1.6563518520112828e-15)}
2024-11-09 17:09:09,171 - INFO - Top 10 Std Stats: {'Max': np.float64(0.9999999976278238), 'Min': np.float64(0.9999999967980578), 'Mean': np.float64(0.9999999971259722), 'Std': np.float64(2.8485433610034014e-10)}
2024-11-09 17:09:09,171 - INFO - Bottom 10 Mean Stats: {'Max': np.float64(107.0), 'Min': np.float64(79.0), 'Mean': np.float64(90.3), 'Std': np.float64(9.077995373429092)}
2024-11-09 17:09:09,171 - INFO - Bottom 10 Std Stats: {'Max': np.float64(0.0), 'Min': np.float64(0.0), 'Mean': np.float64(0.0), 'Std': np.float64(0.0)}
[I 2024-11-09 17:09:09,201] Trial 156 finished with value: 22.0 and parameters: {'x_0': -2, 'x_1': -1, 'x_2': -3, 'x_3': 2, 'x_4': -2}. Best is trial 2 with value: 13.0.
2024-11-09 17:09:18,577 - INFO - Candidate Mean Stats: {'Max': np.float64(107.0), 'Min': np.float64(-5.710432127159493e-14), 'Mean': np.float64(0.05032567323394452), 'Std': np.float64(1.7231807824791434)}
2024-11-09 17:09:18,578 - INFO - Candidate Std Stats: {'Max': np.float64(0.9999999965708609), 'Min': np.float64(0.0), 'Mean': np.float64(0.9990251416692657), 'Std': np.float64(0.031207308894520655)}
2024-11-09 17:09:18,609 - INFO - Top 10 Mean Stats: {'Max': np.float64(2.0872192862952944e-15), 'Min': np.float64(-4.984901380566953e-15), 'Mean': np.float64(-1.2309597785531425e-16), 'Std': np.float64(2.244791446224703e-15)}
2024-11-09 17:09:18,610 - INFO - Top 10 Std Stats: {'Max': np.float64(0.9999999965708609), 'Min': np.float64(0.9999999962042727), 'Mean': np.float64(0.999999996339568), 'Std': np.float64(1.253307839010786e-10)}
2024-11-09 17:09:18,610 - INFO - Bottom 10 Mean Stats: {'Max': np.float64(107.0), 'Min': np.float64(79.0), 'Mean': np.float64(90.3), 'Std': np.float64(9.077995373429092)}
2024-11-09 17:09:18,610 - INFO - Bottom 10 Std Stats: {'Max': np.float64(0.0), 'Min': np.float64(0.0), 'Mean': np.float64(0.0), 'Std': np.float64(0.0)}
[I 2024-11-09 17:09:18,644] Trial 157 finished with value: 60.0 and parameters: {'x_0': -1, 'x_1': -4, 'x_2': 3, 'x_3': 3, 'x_4': 5}. Best is trial 2 with value: 13.0.
2024-11-09 17:09:29,572 - INFO - Candidate Mean Stats: {'Max': np.float64(107.0), 'Min': np.float64(-6.081801728896607e-14), 'Mean': np.float64(0.05069822602778004), 'Std': np.float64(1.7296437610096618)}
2024-11-09 17:09:29,573 - INFO - Candidate Std Stats: {'Max': np.float64(0.9999999974642102), 'Min': np.float64(0.0), 'Mean': np.float64(0.9990189325092199), 'Std': np.float64(0.031306440184284016)}
2024-11-09 17:09:29,599 - INFO - Top 10 Mean Stats: {'Max': np.float64(2.8782531913407184e-15), 'Min': np.float64(-3.26405569239796e-15), 'Mean': np.float64(-5.598299601672351e-16), 'Std': np.float64(1.6918101649594927e-15)}
2024-11-09 17:09:29,600 - INFO - Top 10 Std Stats: {'Max': np.float64(0.9999999974642102), 'Min': np.float64(0.9999999966114136), 'Mean': np.float64(0.9999999969496329), 'Std': np.float64(2.700422596922203e-10)}
2024-11-09 17:09:29,600 - INFO - Bottom 10 Mean Stats: {'Max': np.float64(107.0), 'Min': np.float64(79.0), 'Mean': np.float64(90.3), 'Std': np.float64(9.077995373429092)}
2024-11-09 17:09:29,600 - INFO - Bottom 10 Std Stats: {'Max': np.float64(0.0), 'Min': np.float64(0.0), 'Mean': np.float64(0.0), 'Std': np.float64(0.0)}
[I 2024-11-09 17:09:29,630] Trial 158 finished with value: 28.0 and parameters: {'x_0': 0, 'x_1': -3, 'x_2': 3, 'x_3': 1, 'x_4': -3}. Best is trial 2 with value: 13.0.
2024-11-09 17:09:39,294 - INFO - Candidate Mean Stats: {'Max': np.float64(107.0), 'Min': np.float64(-7.14150960590132e-14), 'Mean': np.float64(0.05087208399823658), 'Std': np.float64(1.7310453212912917)}
2024-11-09 17:09:39,296 - INFO - Candidate Std Stats: {'Max': np.float64(0.9999999969594882), 'Min': np.float64(0.0), 'Mean': np.float64(0.9990127226055177), 'Std': np.float64(0.03140525731482829)}
2024-11-09 17:09:39,323 - INFO - Top 10 Mean Stats: {'Max': np.float64(4.5630166312093935e-15), 'Min': np.float64(-4.3298697960381105e-15), 'Mean': np.float64(-5.600554742191121e-16), 'Std': np.float64(2.4057550337824567e-15)}
2024-11-09 17:09:39,324 - INFO - Top 10 Std Stats: {'Max': np.float64(0.9999999969594882), 'Min': np.float64(0.9999999964277109), 'Mean': np.float64(0.999999996591163), 'Std': np.float64(1.8629145515514887e-10)}
2024-11-09 17:09:39,324 - INFO - Bottom 10 Mean Stats: {'Max': np.float64(107.0), 'Min': np.float64(79.0), 'Mean': np.float64(90.3), 'Std': np.float64(9.077995373429092)}
2024-11-09 17:09:39,324 - INFO - Bottom 10 Std Stats: {'Max': np.float64(0.0), 'Min': np.float64(0.0), 'Mean': np.float64(0.0), 'Std': np.float64(0.0)}
