[I 2024-11-09 17:06:14,642] Trial 143 finished with value: 74.0 and parameters: {'x_0': 5, 'x_1': -2, 'x_2': 2, 'x_3': 4, 'x_4': -5}. Best is trial 100 with value: 13.0.
2024-11-09 17:06:23,382 - INFO - Candidate Mean Stats: {'Max': np.float64(100.0), 'Min': np.float64(-6.142863995250991e-14), 'Mean': np.float64(0.04342102812152673), 'Std': np.float64(1.5517022509591225)}
2024-11-09 17:06:23,383 - INFO - Candidate Std Stats: {'Max': np.float64(0.9999999966791235), 'Min': np.float64(0.0), 'Mean': np.float64(0.9991058603181853), 'Std': np.float64(0.029888580083951365)}
2024-11-09 17:06:23,412 - INFO - Top 10 Mean Stats: {'Max': np.float64(4.929390229335695e-15), 'Min': np.float64(-3.3292812950946883e-15), 'Mean': np.float64(7.435892179774585e-16), 'Std': np.float64(2.0747425476428467e-15)}
2024-11-09 17:06:23,412 - INFO - Top 10 Std Stats: {'Max': np.float64(0.9999999966791235), 'Min': np.float64(0.9999999960648832), 'Mean': np.float64(0.999999996258677), 'Std': np.float64(1.969932821390317e-10)}
2024-11-09 17:06:23,412 - INFO - Bottom 10 Mean Stats: {'Max': np.float64(100.0), 'Min': np.float64(77.0), 'Mean': np.float64(83.9), 'Std': np.float64(8.018104514160438)}
2024-11-09 17:06:23,412 - INFO - Bottom 10 Std Stats: {'Max': np.float64(0.0), 'Min': np.float64(0.0), 'Mean': np.float64(0.0), 'Std': np.float64(0.0)}
[I 2024-11-09 17:06:23,442] Trial 144 finished with value: 43.0 and parameters: {'x_0': -3, 'x_1': -1, 'x_2': -1, 'x_3': 4, 'x_4': 4}. Best is trial 100 with value: 13.0.
2024-11-09 17:06:33,737 - INFO - Candidate Mean Stats: {'Max': np.float64(100.0), 'Min': np.float64(-6.161737786669619e-14), 'Mean': np.float64(0.043688024290442155), 'Std': np.float64(1.5553898074475416)}
2024-11-09 17:06:33,738 - INFO - Candidate Std Stats: {'Max': np.float64(0.9999999969521586), 'Min': np.float64(0.0), 'Mean': np.float64(0.9990996514963619), 'Std': np.float64(0.029992087139909855)}
2024-11-09 17:06:33,770 - INFO - Top 10 Mean Stats: {'Max': np.float64(1.2101430968414207e-15), 'Min': np.float64(-2.0740353878778704e-15), 'Mean': np.float64(-5.288131044167698e-16), 'Std': np.float64(9.654206773884173e-16)}
2024-11-09 17:06:33,770 - INFO - Top 10 Std Stats: {'Max': np.float64(0.9999999969521586), 'Min': np.float64(0.9999999963205835), 'Mean': np.float64(0.9999999965794022), 'Std': np.float64(1.9417472236353901e-10)}
2024-11-09 17:06:33,770 - INFO - Bottom 10 Mean Stats: {'Max': np.float64(100.0), 'Min': np.float64(77.0), 'Mean': np.float64(83.9), 'Std': np.float64(8.018104514160438)}
2024-11-09 17:06:33,770 - INFO - Bottom 10 Std Stats: {'Max': np.float64(0.0), 'Min': np.float64(0.0), 'Mean': np.float64(0.0), 'Std': np.float64(0.0)}
[I 2024-11-09 17:06:33,799] Trial 145 finished with value: 35.0 and parameters: {'x_0': -2, 'x_1': 5, 'x_2': 2, 'x_3': -1, 'x_4': 1}. Best is trial 100 with value: 13.0.
2024-11-09 17:06:43,712 - INFO - Candidate Mean Stats: {'Max': np.float64(100.0), 'Min': np.float64(-4.846678614001121e-14), 'Mean': np.float64(0.04390534675351286), 'Std': np.float64(1.557826916994321)}
2024-11-09 17:06:43,714 - INFO - Candidate Std Stats: {'Max': np.float64(0.9999999961680034), 'Min': np.float64(0.0), 'Mean': np.float64(0.9990934422466751), 'Std': np.float64(0.03009523691062142)}
2024-11-09 17:06:43,738 - INFO - Top 10 Mean Stats: {'Max': np.float64(3.665123760043798e-15), 'Min': np.float64(-4.574118861455645e-15), 'Mean': np.float64(-2.540676002915631e-16), 'Std': np.float64(3.1280180309238234e-15)}
2024-11-09 17:06:43,739 - INFO - Top 10 Std Stats: {'Max': np.float64(0.9999999961680034), 'Min': np.float64(0.9999999959760647), 'Mean': np.float64(0.9999999960222865), 'Std': np.float64(5.7624651722696955e-11)}
2024-11-09 17:06:43,739 - INFO - Bottom 10 Mean Stats: {'Max': np.float64(100.0), 'Min': np.float64(77.0), 'Mean': np.float64(83.9), 'Std': np.float64(8.018104514160438)}
2024-11-09 17:06:43,739 - INFO - Bottom 10 Std Stats: {'Max': np.float64(0.0), 'Min': np.float64(0.0), 'Mean': np.float64(0.0), 'Std': np.float64(0.0)}
[I 2024-11-09 17:06:43,774] Trial 146 finished with value: 31.0 and parameters: {'x_0': 1, 'x_1': 2, 'x_2': -1, 'x_3': -4, 'x_4': 3}. Best is trial 100 with value: 13.0.
2024-11-09 17:06:53,364 - INFO - Candidate Mean Stats: {'Max': np.float64(100.0), 'Min': np.float64(-7.849276784099857e-14), 'Mean': np.float64(0.04409783236366121), 'Std': np.float64(1.5597354961277896)}
2024-11-09 17:06:53,366 - INFO - Candidate Std Stats: {'Max': np.float64(0.9999999969284074), 'Min': np.float64(0.0), 'Mean': np.float64(0.9990872324634881), 'Std': np.float64(0.030198033053850406)}
2024-11-09 17:06:53,397 - INFO - Top 10 Mean Stats: {'Max': np.float64(3.1252778143198155e-15), 'Min': np.float64(-3.186340080674199e-15), 'Mean': np.float64(-2.4483887139936653e-16), 'Std': np.float64(1.7289224510745716e-15)}
2024-11-09 17:06:53,397 - INFO - Top 10 Std Stats: {'Max': np.float64(0.9999999969284074), 'Min': np.float64(0.9999999962541395), 'Mean': np.float64(0.9999999965027124), 'Std': np.float64(2.395986600675974e-10)}
2024-11-09 17:06:53,398 - INFO - Bottom 10 Mean Stats: {'Max': np.float64(100.0), 'Min': np.float64(77.0), 'Mean': np.float64(83.9), 'Std': np.float64(8.018104514160438)}
2024-11-09 17:06:53,398 - INFO - Bottom 10 Std Stats: {'Max': np.float64(0.0), 'Min': np.float64(0.0), 'Mean': np.float64(0.0), 'Std': np.float64(0.0)}
[I 2024-11-09 17:06:53,448] Trial 147 finished with value: 41.0 and parameters: {'x_0': 1, 'x_1': 2, 'x_2': -2, 'x_3': 4, 'x_4': 4}. Best is trial 100 with value: 13.0.
2024-11-09 17:07:02,318 - INFO - Candidate Mean Stats: {'Max': np.float64(100.0), 'Min': np.float64(-5.913047829153584e-14), 'Mean': np.float64(0.04435241010611548), 'Std': np.float64(1.563070691894189)}
2024-11-09 17:07:02,319 - INFO - Candidate Std Stats: {'Max': np.float64(0.9999999964582016), 'Min': np.float64(0.0), 'Mean': np.float64(0.9990810228300333), 'Std': np.float64(0.03030047918909595)}
2024-11-09 17:07:02,345 - INFO - Top 10 Mean Stats: {'Max': np.float64(2.9920510513647968e-15), 'Min': np.float64(-2.8130275886439902e-15), 'Mean': np.float64(-3.128747261271769e-16), 'Std': np.float64(1.4188483720957181e-15)}
2024-11-09 17:07:02,345 - INFO - Top 10 Std Stats: {'Max': np.float64(0.9999999964582016), 'Min': np.float64(0.9999999959416437), 'Mean': np.float64(0.9999999961935917), 'Std': np.float64(2.014905852466783e-10)}
2024-11-09 17:07:02,345 - INFO - Bottom 10 Mean Stats: {'Max': np.float64(100.0), 'Min': np.float64(77.0), 'Mean': np.float64(83.9), 'Std': np.float64(8.018104514160438)}
2024-11-09 17:07:02,345 - INFO - Bottom 10 Std Stats: {'Max': np.float64(0.0), 'Min': np.float64(0.0), 'Mean': np.float64(0.0), 'Std': np.float64(0.0)}
[I 2024-11-09 17:07:02,376] Trial 148 finished with value: 30.0 and parameters: {'x_0': -2, 'x_1': 4, 'x_2': 0, 'x_3': -3, 'x_4': 1}. Best is trial 100 with value: 13.0.
2024-11-09 17:07:10,312 - INFO - Candidate Mean Stats: {'Max': np.float64(100.0), 'Min': np.float64(-6.157296894571118e-14), 'Mean': np.float64(0.04453868650303317), 'Std': np.float64(1.5648519806847283)}
2024-11-09 17:07:10,313 - INFO - Candidate Std Stats: {'Max': np.float64(0.9999999969601324), 'Min': np.float64(0.0), 'Mean': np.float64(0.9990748140253385), 'Std': np.float64(0.030402578875329378)}
2024-11-09 17:07:10,341 - INFO - Top 10 Mean Stats: {'Max': np.float64(2.6909030559352232e-15), 'Min': np.float64(-3.711267404504781e-15), 'Mean': np.float64(-2.2013640910145678e-16), 'Std': np.float64(1.9325761124162406e-15)}
2024-11-09 17:07:10,341 - INFO - Top 10 Std Stats: {'Max': np.float64(0.9999999969601324), 'Min': np.float64(0.9999999962669494), 'Mean': np.float64(0.9999999965502211), 'Std': np.float64(2.1156035639869688e-10)}
2024-11-09 17:07:10,341 - INFO - Bottom 10 Mean Stats: {'Max': np.float64(100.0), 'Min': np.float64(77.0), 'Mean': np.float64(83.9), 'Std': np.float64(8.018104514160438)}
2024-11-09 17:07:10,341 - INFO - Bottom 10 Std Stats: {'Max': np.float64(0.0), 'Min': np.float64(0.0), 'Mean': np.float64(0.0), 'Std': np.float64(0.0)}
[I 2024-11-09 17:07:10,369] Trial 149 finished with value: 24.0 and parameters: {'x_0': -3, 'x_1': 1, 'x_2': -3, 'x_3': -2, 'x_4': 1}. Best is trial 100 with value: 13.0.
2024-11-09 17:07:19,705 - INFO - Candidate Mean Stats: {'Max': np.float64(100.0), 'Min': np.float64(-5.276890036043369e-14), 'Mean': np.float64(0.044687707620567396), 'Std': np.float64(1.565990080318765)}
2024-11-09 17:07:19,706 - INFO - Candidate Std Stats: {'Max': np.float64(0.9999999956448772), 'Min': np.float64(0.0), 'Mean': np.float64(0.9990686051624569), 'Std': np.float64(0.030504335564727716)}
2024-11-09 17:07:19,742 - INFO - Top 10 Mean Stats: {'Max': np.float64(5.873079800267078e-15), 'Min': np.float64(-3.111400026512001e-15), 'Mean': np.float64(8.147649221967868e-16), 'Std': np.float64(2.4085765297931137e-15)}
2024-11-09 17:07:19,742 - INFO - Top 10 Std Stats: {'Max': np.float64(0.9999999956448772), 'Min': np.float64(0.9999999953692873), 'Mean': np.float64(0.9999999954761887), 'Std': np.float64(9.002774417659942e-11)}
2024-11-09 17:07:19,742 - INFO - Bottom 10 Mean Stats: {'Max': np.float64(100.0), 'Min': np.float64(77.0), 'Mean': np.float64(83.9), 'Std': np.float64(8.018104514160438)}
2024-11-09 17:07:19,743 - INFO - Bottom 10 Std Stats: {'Max': np.float64(0.0), 'Min': np.float64(0.0), 'Mean': np.float64(0.0), 'Std': np.float64(0.0)}
[I 2024-11-09 17:07:19,820] Trial 150 finished with value: 42.0 and parameters: {'x_0': -2, 'x_1': -3, 'x_2': 3, 'x_3': -4, 'x_4': 2}. Best is trial 100 with value: 13.0.
2024-11-09 17:07:29,613 - INFO - Candidate Mean Stats: {'Max': np.float64(100.0), 'Min': np.float64(-9.068301665138278e-14), 'Mean': np.float64(0.04494849457625226), 'Std': np.float64(1.5694759022817923)}
2024-11-09 17:07:29,614 - INFO - Candidate Std Stats: {'Max': np.float64(0.999999996393677), 'Min': np.float64(0.0), 'Mean': np.float64(0.999062395882965), 'Std': np.float64(0.03060575266741905)}
2024-11-09 17:07:29,638 - INFO - Top 10 Mean Stats: {'Max': np.float64(2.3980817331903383e-15), 'Min': np.float64(-3.819167204710538e-15), 'Mean': np.float64(-1.02917674382752e-15), 'Std': np.float64(1.970383463318621e-15)}
2024-11-09 17:07:29,638 - INFO - Top 10 Std Stats: {'Max': np.float64(0.999999996393677), 'Min': np.float64(0.9999999959773268), 'Mean': np.float64(0.9999999961788515), 'Std': np.float64(1.2941302663847031e-10)}
2024-11-09 17:07:29,638 - INFO - Bottom 10 Mean Stats: {'Max': np.float64(100.0), 'Min': np.float64(77.0), 'Mean': np.float64(83.9), 'Std': np.float64(8.018104514160438)}
2024-11-09 17:07:29,638 - INFO - Bottom 10 Std Stats: {'Max': np.float64(0.0), 'Min': np.float64(0.0), 'Mean': np.float64(0.0), 'Std': np.float64(0.0)}
[I 2024-11-09 17:07:29,669] Trial 151 finished with value: 46.0 and parameters: {'x_0': 0, 'x_1': 4, 'x_2': -1, 'x_3': -5, 'x_4': 2}. Best is trial 100 with value: 13.0.
2024-11-09 17:07:37,917 - INFO - Candidate Mean Stats: {'Max': np.float64(100.0), 'Min': np.float64(-4.7628567756419216e-14), 'Mean': np.float64(0.04523411838485943), 'Std': np.float64(1.5736478464821135)}
2024-11-09 17:07:37,919 - INFO - Candidate Std Stats: {'Max': np.float64(0.9999999970005595), 'Min': np.float64(0.0), 'Mean': np.float64(0.9990561870089805), 'Std': np.float64(0.03070683357313276)}
2024-11-09 17:07:37,955 - INFO - Top 10 Mean Stats: {'Max': np.float64(3.508304757815495e-15), 'Min': np.float64(-3.072542220650121e-15), 'Mean': np.float64(7.098488463697085e-17), 'Std': np.float64(1.952380094193086e-15)}
2024-11-09 17:07:37,955 - INFO - Top 10 Std Stats: {'Max': np.float64(0.9999999970005595), 'Min': np.float64(0.9999999964036831), 'Mean': np.float64(0.9999999966337771), 'Std': np.float64(2.0019802557779955e-10)}
2024-11-09 17:07:37,955 - INFO - Bottom 10 Mean Stats: {'Max': np.float64(100.0), 'Min': np.float64(77.0), 'Mean': np.float64(83.9), 'Std': np.float64(8.018104514160438)}
2024-11-09 17:07:37,956 - INFO - Bottom 10 Std Stats: {'Max': np.float64(0.0), 'Min': np.float64(0.0), 'Mean': np.float64(0.0), 'Std': np.float64(0.0)}
[I 2024-11-09 17:07:37,985] Trial 152 finished with value: 52.0 and parameters: {'x_0': 0, 'x_1': -5, 'x_2': -3, 'x_3': 3, 'x_4': 3}. Best is trial 100 with value: 13.0.
2024-11-09 17:07:47,635 - INFO - Candidate Mean Stats: {'Max': np.float64(100.0), 'Min': np.float64(-5.022648963404208e-14), 'Mean': np.float64(0.04555699747285019), 'Std': np.float64(1.578964199328353)}
2024-11-09 17:07:47,636 - INFO - Candidate Std Stats: {'Max': np.float64(0.9999999966223612), 'Min': np.float64(0.0), 'Mean': np.float64(0.9990499774633463), 'Std': np.float64(0.030807581558125328)}
2024-11-09 17:07:47,657 - INFO - Top 10 Mean Stats: {'Max': np.float64(4.805184028455756e-15), 'Min': np.float64(-3.985700658404312e-15), 'Mean': np.float64(-5.578870698741407e-17), 'Std': np.float64(2.206215881510142e-15)}
2024-11-09 17:07:47,657 - INFO - Top 10 Std Stats: {'Max': np.float64(0.9999999966223612), 'Min': np.float64(0.9999999962553937), 'Mean': np.float64(0.9999999964036654), 'Std': np.float64(1.2825594159614005e-10)}
2024-11-09 17:07:47,657 - INFO - Bottom 10 Mean Stats: {'Max': np.float64(100.0), 'Min': np.float64(77.0), 'Mean': np.float64(83.9), 'Std': np.float64(8.018104514160438)}
2024-11-09 17:07:47,657 - INFO - Bottom 10 Std Stats: {'Max': np.float64(0.0), 'Min': np.float64(0.0), 'Mean': np.float64(0.0), 'Std': np.float64(0.0)}
[I 2024-11-09 17:07:47,686] Trial 153 finished with value: 22.0 and parameters: {'x_0': -4, 'x_1': -2, 'x_2': 0, 'x_3': -1, 'x_4': -1}. Best is trial 100 with value: 13.0.
2024-11-09 17:07:57,079 - INFO - Candidate Mean Stats: {'Max': np.float64(100.0), 'Min': np.float64(-5.062616992290714e-14), 'Mean': np.float64(0.045693600163923216), 'Std': np.float64(1.5799116231254944)}
2024-11-09 17:07:57,080 - INFO - Candidate Std Stats: {'Max': np.float64(0.9999999956979805), 'Min': np.float64(0.0), 'Mean': np.float64(0.999043768507915), 'Std': np.float64(0.030907999916604426)}
2024-11-09 17:07:57,108 - INFO - Top 10 Mean Stats: {'Max': np.float64(4.102274075989954e-15), 'Min': np.float64(-3.674838211509268e-15), 'Mean': np.float64(-1.415534356397061e-17), 'Std': np.float64(2.4162801072479292e-15)}
2024-11-09 17:07:57,109 - INFO - Top 10 Std Stats: {'Max': np.float64(0.9999999956979805), 'Min': np.float64(0.999999995411471), 'Mean': np.float64(0.9999999955195333), 'Std': np.float64(9.183694578942789e-11)}
2024-11-09 17:07:57,109 - INFO - Bottom 10 Mean Stats: {'Max': np.float64(100.0), 'Min': np.float64(77.0), 'Mean': np.float64(83.9), 'Std': np.float64(8.018104514160438)}
2024-11-09 17:07:57,109 - INFO - Bottom 10 Std Stats: {'Max': np.float64(0.0), 'Min': np.float64(0.0), 'Mean': np.float64(0.0), 'Std': np.float64(0.0)}
[I 2024-11-09 17:07:57,140] Trial 154 finished with value: 30.0 and parameters: {'x_0': 0, 'x_1': 0, 'x_2': -5, 'x_3': 2, 'x_4': -1}. Best is trial 100 with value: 13.0.
2024-11-09 17:08:06,199 - INFO - Candidate Mean Stats: {'Max': np.float64(100.0), 'Min': np.float64(-6.141753772226366e-14), 'Mean': np.float64(0.045879876560840985), 'Std': np.float64(1.5816737877379357)}
2024-11-09 17:08:06,199 - INFO - Candidate Std Stats: {'Max': np.float64(0.9999999968098688), 'Min': np.float64(0.0), 'Mean': np.float64(0.9990375585967902), 'Std': np.float64(0.031008091803387004)}
2024-11-09 17:08:06,280 - INFO - Top 10 Mean Stats: {'Max': np.float64(3.8968828164343e-15), 'Min': np.float64(-1.4765966227514583e-15), 'Mean': np.float64(1.6947901415598212e-15), 'Std': np.float64(1.5458420624330288e-15)}
2024-11-09 17:08:06,281 - INFO - Top 10 Std Stats: {'Max': np.float64(0.9999999968098688), 'Min': np.float64(0.9999999963961925), 'Mean': np.float64(0.9999999965926507), 'Std': np.float64(1.4425338757996196e-10)}
2024-11-09 17:08:06,281 - INFO - Bottom 10 Mean Stats: {'Max': np.float64(100.0), 'Min': np.float64(77.0), 'Mean': np.float64(83.9), 'Std': np.float64(8.018104514160438)}
2024-11-09 17:08:06,282 - INFO - Bottom 10 Std Stats: {'Max': np.float64(0.0), 'Min': np.float64(0.0), 'Mean': np.float64(0.0), 'Std': np.float64(0.0)}
[I 2024-11-09 17:08:06,314] Trial 155 finished with value: 45.0 and parameters: {'x_0': 3, 'x_1': 4, 'x_2': 4, 'x_3': 0, 'x_4': 2}. Best is trial 100 with value: 13.0.
2024-11-09 17:08:13,752 - INFO - Candidate Mean Stats: {'Max': np.float64(100.0), 'Min': np.float64(-4.926614671774132e-14), 'Mean': np.float64(0.04615929115621759), 'Std': np.float64(1.585635491064201)}
2024-11-09 17:08:13,754 - INFO - Candidate Std Stats: {'Max': np.float64(0.9999999958404948), 'Min': np.float64(0.0), 'Mean': np.float64(0.9990313498490543), 'Std': np.float64(0.03110786043522662)}
2024-11-09 17:08:13,781 - INFO - Top 10 Mean Stats: {'Max': np.float64(5.284661597215745e-15), 'Min': np.float64(-1.887379141862766e-15), 'Mean': np.float64(1.4611228893457452e-15), 'Std': np.float64(1.8802949621357754e-15)}
2024-11-09 17:08:13,781 - INFO - Top 10 Std Stats: {'Max': np.float64(0.9999999958404948), 'Min': np.float64(0.9999999954081261), 'Mean': np.float64(0.9999999955942608), 'Std': np.float64(1.244272285907785e-10)}
2024-11-09 17:08:13,782 - INFO - Bottom 10 Mean Stats: {'Max': np.float64(100.0), 'Min': np.float64(77.0), 'Mean': np.float64(83.9), 'Std': np.float64(8.018104514160438)}
2024-11-09 17:08:13,782 - INFO - Bottom 10 Std Stats: {'Max': np.float64(0.0), 'Min': np.float64(0.0), 'Mean': np.float64(0.0), 'Std': np.float64(0.0)}
[I 2024-11-09 17:08:13,810] Trial 156 finished with value: 45.0 and parameters: {'x_0': 0, 'x_1': 5, 'x_2': -2, 'x_3': -4, 'x_4': 0}. Best is trial 100 with value: 13.0.
2024-11-09 17:08:22,859 - INFO - Candidate Mean Stats: {'Max': np.float64(100.0), 'Min': np.float64(-6.119549311733863e-14), 'Mean': np.float64(0.0464387057515942), 'Std': np.float64(1.5895872716156607)}
2024-11-09 17:08:22,860 - INFO - Candidate Std Stats: {'Max': np.float64(0.9999999959567165), 'Min': np.float64(0.0), 'Mean': np.float64(0.9990251405036097), 'Std': np.float64(0.031207308858108206)}
2024-11-09 17:08:22,891 - INFO - Top 10 Mean Stats: {'Max': np.float64(4.174438572590589e-15), 'Min': np.float64(-3.602673714908633e-15), 'Mean': np.float64(2.776945340343672e-16), 'Std': np.float64(2.503564802011107e-15)}
2024-11-09 17:08:22,892 - INFO - Top 10 Std Stats: {'Max': np.float64(0.9999999959567165), 'Min': np.float64(0.9999999956615243), 'Mean': np.float64(0.9999999958132522), 'Std': np.float64(8.944620348622112e-11)}
2024-11-09 17:08:22,892 - INFO - Bottom 10 Mean Stats: {'Max': np.float64(100.0), 'Min': np.float64(77.0), 'Mean': np.float64(83.9), 'Std': np.float64(8.018104514160438)}
2024-11-09 17:08:22,892 - INFO - Bottom 10 Std Stats: {'Max': np.float64(0.0), 'Min': np.float64(0.0), 'Mean': np.float64(0.0), 'Std': np.float64(0.0)}
[I 2024-11-09 17:08:22,921] Trial 157 finished with value: 64.0 and parameters: {'x_0': -2, 'x_1': -5, 'x_2': -1, 'x_3': -5, 'x_4': 3}. Best is trial 100 with value: 13.0.
2024-11-09 17:08:32,514 - INFO - Candidate Mean Stats: {'Max': np.float64(100.0), 'Min': np.float64(-5.252465129501616e-14), 'Mean': np.float64(0.04683609539835209), 'Std': np.float64(1.5975554966994863)}
2024-11-09 17:08:32,514 - INFO - Candidate Std Stats: {'Max': np.float64(0.9999999972384115), 'Min': np.float64(0.0), 'Mean': np.float64(0.9990189313990804), 'Std': np.float64(0.0313064401494954)}
2024-11-09 17:08:32,542 - INFO - Top 10 Mean Stats: {'Max': np.float64(2.56322740810333e-15), 'Min': np.float64(-2.8477220581635264e-15), 'Mean': np.float64(-2.8671509610944673e-16), 'Std': np.float64(2.132646680332872e-15)}
2024-11-09 17:08:32,542 - INFO - Top 10 Std Stats: {'Max': np.float64(0.9999999972384115), 'Min': np.float64(0.9999999964258591), 'Mean': np.float64(0.9999999967426787), 'Std': np.float64(2.5405980298516893e-10)}
2024-11-09 17:08:32,542 - INFO - Bottom 10 Mean Stats: {'Max': np.float64(100.0), 'Min': np.float64(77.0), 'Mean': np.float64(83.9), 'Std': np.float64(8.018104514160438)}
2024-11-09 17:08:32,543 - INFO - Bottom 10 Std Stats: {'Max': np.float64(0.0), 'Min': np.float64(0.0), 'Mean': np.float64(0.0), 'Std': np.float64(0.0)}
[I 2024-11-09 17:08:32,574] Trial 158 finished with value: 56.0 and parameters: {'x_0': -2, 'x_1': 1, 'x_2': -1, 'x_3': -5, 'x_4': 5}. Best is trial 100 with value: 13.0.
2024-11-09 17:08:42,958 - INFO - Candidate Mean Stats: {'Max': np.float64(100.0), 'Min': np.float64(-5.6221693967017925e-14), 'Mean': np.float64(0.047183811339265185), 'Std': np.float64(1.6036280633318756)}
2024-11-09 17:08:42,959 - INFO - Candidate Std Stats: {'Max': np.float64(0.9999999965750934), 'Min': np.float64(0.0), 'Mean': np.float64(0.9990127224777358), 'Std': np.float64(0.03140525731081125)}
2024-11-09 17:08:42,984 - INFO - Top 10 Mean Stats: {'Max': np.float64(4.440892098500626e-15), 'Min': np.float64(-4.252154184314349e-15), 'Mean': np.float64(-4.89608353859694e-16), 'Std': np.float64(2.195322230849866e-15)}
2024-11-09 17:08:42,984 - INFO - Top 10 Std Stats: {'Max': np.float64(0.9999999965750934), 'Min': np.float64(0.999999996126775), 'Mean': np.float64(0.9999999963199772), 'Std': np.float64(1.4515136698884465e-10)}
2024-11-09 17:08:42,985 - INFO - Bottom 10 Mean Stats: {'Max': np.float64(100.0), 'Min': np.float64(77.0), 'Mean': np.float64(83.9), 'Std': np.float64(8.018104514160438)}
2024-11-09 17:08:42,985 - INFO - Bottom 10 Std Stats: {'Max': np.float64(0.0), 'Min': np.float64(0.0), 'Mean': np.float64(0.0), 'Std': np.float64(0.0)}
