[I 2024-11-09 17:01:08,327] Trial 111 finished with value: 34.0 and parameters: {'x_0': 0, 'x_1': 3, 'x_2': 0, 'x_3': 4, 'x_4': -3}. Best is trial 100 with value: 13.0.
2024-11-09 17:01:17,732 - INFO - Candidate Mean Stats: {'Max': np.float64(100.0), 'Min': np.float64(-5.2657878057971176e-14), 'Mean': np.float64(0.034113417488870014), 'Std': np.float64(1.3847052583280142)}
2024-11-09 17:01:17,733 - INFO - Candidate Std Stats: {'Max': np.float64(0.9999999962637879), 'Min': np.float64(0.0), 'Mean': np.float64(0.9993045553314841), 'Std': np.float64(0.02636187092259323)}
2024-11-09 17:01:17,757 - INFO - Top 10 Mean Stats: {'Max': np.float64(3.97459842815806e-15), 'Min': np.float64(-1.7319479184152442e-15), 'Mean': np.float64(1.4038423201689907e-15), 'Std': np.float64(1.6358972540363608e-15)}
2024-11-09 17:01:17,757 - INFO - Top 10 Std Stats: {'Max': np.float64(0.9999999962637879), 'Min': np.float64(0.9999999958770944), 'Mean': np.float64(0.9999999960568597), 'Std': np.float64(1.4439888829417737e-10)}
2024-11-09 17:01:17,758 - INFO - Bottom 10 Mean Stats: {'Max': np.float64(100.0), 'Min': np.float64(77.0), 'Mean': np.float64(83.3), 'Std': np.float64(8.283115355951528)}
2024-11-09 17:01:17,758 - INFO - Bottom 10 Std Stats: {'Max': np.float64(0.0), 'Min': np.float64(0.0), 'Mean': np.float64(0.0), 'Std': np.float64(0.0)}
[I 2024-11-09 17:01:17,789] Trial 112 finished with value: 35.0 and parameters: {'x_0': -1, 'x_1': 2, 'x_2': -2, 'x_3': -5, 'x_4': -1}. Best is trial 100 with value: 13.0.
2024-11-09 17:01:26,751 - INFO - Candidate Mean Stats: {'Max': np.float64(100.0), 'Min': np.float64(-8.141265439576272e-14), 'Mean': np.float64(0.03433073995194069), 'Std': np.float64(1.3874437156857389)}
2024-11-09 17:01:26,752 - INFO - Candidate Std Stats: {'Max': np.float64(0.9999999973267086), 'Min': np.float64(0.0), 'Mean': np.float64(0.9992983453942922), 'Std': np.float64(0.0264792140342446)}
2024-11-09 17:01:26,776 - INFO - Top 10 Mean Stats: {'Max': np.float64(4.174438572590589e-15), 'Min': np.float64(-3.0531133177191805e-15), 'Mean': np.float64(1.332267629550188e-16), 'Std': np.float64(2.0511606995806067e-15)}
2024-11-09 17:01:26,776 - INFO - Top 10 Std Stats: {'Max': np.float64(0.9999999973267086), 'Min': np.float64(0.9999999967247662), 'Mean': np.float64(0.9999999970312548), 'Std': np.float64(1.8842133928058921e-10)}
2024-11-09 17:01:26,777 - INFO - Bottom 10 Mean Stats: {'Max': np.float64(100.0), 'Min': np.float64(77.0), 'Mean': np.float64(83.3), 'Std': np.float64(8.283115355951528)}
2024-11-09 17:01:26,777 - INFO - Bottom 10 Std Stats: {'Max': np.float64(0.0), 'Min': np.float64(0.0), 'Mean': np.float64(0.0), 'Std': np.float64(0.0)}
[I 2024-11-09 17:01:26,807] Trial 113 finished with value: 38.0 and parameters: {'x_0': -5, 'x_1': 3, 'x_2': 0, 'x_3': 0, 'x_4': -2}. Best is trial 100 with value: 13.0.
2024-11-09 17:01:35,629 - INFO - Candidate Mean Stats: {'Max': np.float64(100.0), 'Min': np.float64(-6.292744103575387e-14), 'Mean': np.float64(0.03456669005470319), 'Std': np.float64(1.3906652766734107)}
2024-11-09 17:01:35,629 - INFO - Candidate Std Stats: {'Max': np.float64(0.9999999956316744), 'Min': np.float64(0.0), 'Mean': np.float64(0.9992921361453831), 'Std': np.float64(0.026596037995366296)}
2024-11-09 17:01:35,657 - INFO - Top 10 Mean Stats: {'Max': np.float64(4.399258735077183e-15), 'Min': np.float64(-6.6585625901893765e-15), 'Mean': np.float64(-1.1530706944817837e-16), 'Std': np.float64(2.86129570431646e-15)}
2024-11-09 17:01:35,658 - INFO - Top 10 Std Stats: {'Max': np.float64(0.9999999956316744), 'Min': np.float64(0.9999999951816771), 'Mean': np.float64(0.9999999953595674), 'Std': np.float64(1.4284913271761567e-10)}
2024-11-09 17:01:35,658 - INFO - Bottom 10 Mean Stats: {'Max': np.float64(100.0), 'Min': np.float64(77.0), 'Mean': np.float64(83.3), 'Std': np.float64(8.283115355951528)}
2024-11-09 17:01:35,658 - INFO - Bottom 10 Std Stats: {'Max': np.float64(0.0), 'Min': np.float64(0.0), 'Mean': np.float64(0.0), 'Std': np.float64(0.0)}
[I 2024-11-09 17:01:35,687] Trial 114 finished with value: 23.0 and parameters: {'x_0': 1, 'x_1': -2, 'x_2': 3, 'x_3': 0, 'x_4': 3}. Best is trial 100 with value: 13.0.
2024-11-09 17:01:47,078 - INFO - Candidate Mean Stats: {'Max': np.float64(100.0), 'Min': np.float64(-5.6643578716375485e-14), 'Mean': np.float64(0.03470950195900676), 'Std': np.float64(1.3918421936696745)}
2024-11-09 17:01:47,079 - INFO - Candidate Std Stats: {'Max': np.float64(0.9999999972245056), 'Min': np.float64(0.0), 'Mean': np.float64(0.9992859276119411), 'Std': np.float64(0.02671234961853456)}
2024-11-09 17:01:47,109 - INFO - Top 10 Mean Stats: {'Max': np.float64(1.1546319456101628e-15), 'Min': np.float64(-2.886579864025407e-15), 'Mean': np.float64(-6.13536998983477e-16), 'Std': np.float64(1.1739611817813706e-15)}
2024-11-09 17:01:47,109 - INFO - Top 10 Std Stats: {'Max': np.float64(0.9999999972245056), 'Min': np.float64(0.9999999966633445), 'Mean': np.float64(0.9999999969375504), 'Std': np.float64(1.9738267614680167e-10)}
2024-11-09 17:01:47,110 - INFO - Bottom 10 Mean Stats: {'Max': np.float64(100.0), 'Min': np.float64(77.0), 'Mean': np.float64(83.3), 'Std': np.float64(8.283115355951528)}
2024-11-09 17:01:47,110 - INFO - Bottom 10 Std Stats: {'Max': np.float64(0.0), 'Min': np.float64(0.0), 'Mean': np.float64(0.0), 'Std': np.float64(0.0)}
[I 2024-11-09 17:01:47,158] Trial 115 finished with value: 49.0 and parameters: {'x_0': 2, 'x_1': -4, 'x_2': -2, 'x_3': 3, 'x_4': 4}. Best is trial 100 with value: 13.0.
2024-11-09 17:01:56,743 - INFO - Candidate Mean Stats: {'Max': np.float64(100.0), 'Min': np.float64(-5.622749986965159e-14), 'Mean': np.float64(0.03501375340730581), 'Std': np.float64(1.3971799453343279)}
2024-11-09 17:01:56,744 - INFO - Candidate Std Stats: {'Max': np.float64(0.9999999968793608), 'Min': np.float64(0.0), 'Mean': np.float64(0.9992797186758975), 'Std': np.float64(0.026828155537847613)}
2024-11-09 17:01:56,772 - INFO - Top 10 Mean Stats: {'Max': np.float64(3.780309398848658e-15), 'Min': np.float64(-2.6117996654306806e-15), 'Mean': np.float64(5.502542865798432e-16), 'Std': np.float64(1.8926357126165013e-15)}
2024-11-09 17:01:56,772 - INFO - Top 10 Std Stats: {'Max': np.float64(0.9999999968793608), 'Min': np.float64(0.9999999963810657), 'Mean': np.float64(0.99999999659073), 'Std': np.float64(1.5952356537243362e-10)}
2024-11-09 17:01:56,772 - INFO - Bottom 10 Mean Stats: {'Max': np.float64(100.0), 'Min': np.float64(77.0), 'Mean': np.float64(83.3), 'Std': np.float64(8.283115355951528)}
2024-11-09 17:01:56,772 - INFO - Bottom 10 Std Stats: {'Max': np.float64(0.0), 'Min': np.float64(0.0), 'Mean': np.float64(0.0), 'Std': np.float64(0.0)}
[I 2024-11-09 17:01:56,798] Trial 116 finished with value: 36.0 and parameters: {'x_0': 1, 'x_1': -1, 'x_2': -4, 'x_3': 3, 'x_4': -3}. Best is trial 100 with value: 13.0.
2024-11-09 17:02:07,643 - INFO - Candidate Mean Stats: {'Max': np.float64(100.0), 'Min': np.float64(-5.786482404346316e-14), 'Mean': np.float64(0.035237285083607045), 'Std': np.float64(1.400051155015019)}
2024-11-09 17:02:07,645 - INFO - Candidate Std Stats: {'Max': np.float64(0.9999999959577344), 'Min': np.float64(0.0), 'Mean': np.float64(0.9992735089365321), 'Std': np.float64(0.026943462262933163)}
2024-11-09 17:02:07,677 - INFO - Top 10 Mean Stats: {'Max': np.float64(1.559863349598345e-15), 'Min': np.float64(-3.3528735343679727e-15), 'Mean': np.float64(-9.637473111223649e-16), 'Std': np.float64(1.4893895648990996e-15)}
2024-11-09 17:02:07,677 - INFO - Top 10 Std Stats: {'Max': np.float64(0.9999999959577344), 'Min': np.float64(0.9999999955788793), 'Mean': np.float64(0.9999999957121506), 'Std': np.float64(1.0966389241122361e-10)}
2024-11-09 17:02:07,677 - INFO - Bottom 10 Mean Stats: {'Max': np.float64(100.0), 'Min': np.float64(77.0), 'Mean': np.float64(83.3), 'Std': np.float64(8.283115355951528)}
2024-11-09 17:02:07,677 - INFO - Bottom 10 Std Stats: {'Max': np.float64(0.0), 'Min': np.float64(0.0), 'Mean': np.float64(0.0), 'Std': np.float64(0.0)}
[I 2024-11-09 17:02:07,709] Trial 117 finished with value: 55.0 and parameters: {'x_0': 3, 'x_1': 2, 'x_2': 5, 'x_3': -4, 'x_4': 1}. Best is trial 100 with value: 13.0.
2024-11-09 17:02:17,821 - INFO - Candidate Mean Stats: {'Max': np.float64(100.0), 'Min': np.float64(-5.487693632844071e-14), 'Mean': np.float64(0.03557879181128962), 'Std': np.float64(1.4067344889902782)}
2024-11-09 17:02:17,822 - INFO - Candidate Std Stats: {'Max': np.float64(0.9999999968138297), 'Min': np.float64(0.0), 'Mean': np.float64(0.9992673004035831), 'Std': np.float64(0.027058276229490006)}
2024-11-09 17:02:17,845 - INFO - Top 10 Mean Stats: {'Max': np.float64(3.447242491461111e-15), 'Min': np.float64(-5.134781488891349e-15), 'Mean': np.float64(-3.4056091280376676e-16), 'Std': np.float64(2.8003139443726974e-15)}
2024-11-09 17:02:17,845 - INFO - Top 10 Std Stats: {'Max': np.float64(0.9999999968138297), 'Min': np.float64(0.9999999963810705), 'Mean': np.float64(0.9999999965354551), 'Std': np.float64(1.2682163936018497e-10)}
2024-11-09 17:02:17,845 - INFO - Bottom 10 Mean Stats: {'Max': np.float64(100.0), 'Min': np.float64(77.0), 'Mean': np.float64(83.3), 'Std': np.float64(8.283115355951528)}
2024-11-09 17:02:17,845 - INFO - Bottom 10 Std Stats: {'Max': np.float64(0.0), 'Min': np.float64(0.0), 'Mean': np.float64(0.0), 'Std': np.float64(0.0)}
[I 2024-11-09 17:02:17,873] Trial 118 finished with value: 52.0 and parameters: {'x_0': 1, 'x_1': -4, 'x_2': 1, 'x_3': 3, 'x_4': 5}. Best is trial 100 with value: 13.0.
2024-11-09 17:02:24,906 - INFO - Candidate Mean Stats: {'Max': np.float64(100.0), 'Min': np.float64(-4.993783164763954e-14), 'Mean': np.float64(0.03590167089928041), 'Std': np.float64(1.4126813354552574)}
2024-11-09 17:02:24,907 - INFO - Candidate Std Stats: {'Max': np.float64(0.9999999960496417), 'Min': np.float64(0.0), 'Mean': np.float64(0.9992610911471348), 'Std': np.float64(0.027172603632109372)}
2024-11-09 17:02:24,931 - INFO - Top 10 Mean Stats: {'Max': np.float64(4.3576253716537394e-15), 'Min': np.float64(-4.379829832146243e-15), 'Mean': np.float64(7.693845560652336e-16), 'Std': np.float64(2.2956196142618046e-15)}
2024-11-09 17:02:24,931 - INFO - Top 10 Std Stats: {'Max': np.float64(0.9999999960496417), 'Min': np.float64(0.9999999956020167), 'Mean': np.float64(0.9999999958158646), 'Std': np.float64(1.6888521545270686e-10)}
2024-11-09 17:02:24,931 - INFO - Bottom 10 Mean Stats: {'Max': np.float64(100.0), 'Min': np.float64(77.0), 'Mean': np.float64(83.3), 'Std': np.float64(8.283115355951528)}
2024-11-09 17:02:24,931 - INFO - Bottom 10 Std Stats: {'Max': np.float64(0.0), 'Min': np.float64(0.0), 'Mean': np.float64(0.0), 'Std': np.float64(0.0)}
[I 2024-11-09 17:02:24,963] Trial 119 finished with value: 43.0 and parameters: {'x_0': 4, 'x_1': 3, 'x_2': -4, 'x_3': -1, 'x_4': 1}. Best is trial 100 with value: 13.0.
2024-11-09 17:02:34,498 - INFO - Candidate Mean Stats: {'Max': np.float64(100.0), 'Min': np.float64(-7.336353746723034e-14), 'Mean': np.float64(0.03616866706819582), 'Std': np.float64(1.4167322076888362)}
2024-11-09 17:02:34,498 - INFO - Candidate Std Stats: {'Max': np.float64(0.9999999987775522), 'Min': np.float64(0.0), 'Mean': np.float64(0.999254881316493), 'Std': np.float64(0.027286450590332634)}
2024-11-09 17:02:34,521 - INFO - Top 10 Mean Stats: {'Max': np.float64(1.7957857423311908e-15), 'Min': np.float64(-9.992007221626409e-16), 'Mean': np.float64(5.594136265330008e-16), 'Std': np.float64(7.806194456031375e-16)}
2024-11-09 17:02:34,522 - INFO - Top 10 Std Stats: {'Max': np.float64(0.9999999987775522), 'Min': np.float64(0.9999999982410624), 'Mean': np.float64(0.9999999984553076), 'Std': np.float64(1.4881629242860962e-10)}
2024-11-09 17:02:34,522 - INFO - Bottom 10 Mean Stats: {'Max': np.float64(100.0), 'Min': np.float64(77.0), 'Mean': np.float64(83.3), 'Std': np.float64(8.283115355951528)}
2024-11-09 17:02:34,522 - INFO - Bottom 10 Std Stats: {'Max': np.float64(0.0), 'Min': np.float64(0.0), 'Mean': np.float64(0.0), 'Std': np.float64(0.0)}
[I 2024-11-09 17:02:34,548] Trial 120 finished with value: 60.0 and parameters: {'x_0': -5, 'x_1': -3, 'x_2': 4, 'x_3': -3, 'x_4': -1}. Best is trial 100 with value: 13.0.
2024-11-09 17:02:44,145 - INFO - Candidate Mean Stats: {'Max': np.float64(100.0), 'Min': np.float64(-6.511458039426543e-14), 'Mean': np.float64(0.03654121986203132), 'Std': np.float64(1.4245898454156896)}
2024-11-09 17:02:44,146 - INFO - Candidate Std Stats: {'Max': np.float64(0.9999999991797472), 'Min': np.float64(0.0), 'Mean': np.float64(0.9992486723806602), 'Std': np.float64(0.027399823132826562)}
2024-11-09 17:02:44,171 - INFO - Top 10 Mean Stats: {'Max': np.float64(1.5376588891058418e-15), 'Min': np.float64(-9.43689570931383e-16), 'Mean': np.float64(2.1455059950881154e-16), 'Std': np.float64(7.154169080766473e-16)}
2024-11-09 17:02:44,171 - INFO - Top 10 Std Stats: {'Max': np.float64(0.9999999991797472), 'Min': np.float64(0.999999998731179), 'Mean': np.float64(0.9999999989131176), 'Std': np.float64(1.424086142829152e-10)}
2024-11-09 17:02:44,171 - INFO - Bottom 10 Mean Stats: {'Max': np.float64(100.0), 'Min': np.float64(77.0), 'Mean': np.float64(83.3), 'Std': np.float64(8.283115355951528)}
2024-11-09 17:02:44,171 - INFO - Bottom 10 Std Stats: {'Max': np.float64(0.0), 'Min': np.float64(0.0), 'Mean': np.float64(0.0), 'Std': np.float64(0.0)}
[I 2024-11-09 17:02:44,201] Trial 121 finished with value: 19.0 and parameters: {'x_0': 1, 'x_1': 2, 'x_2': 1, 'x_3': -3, 'x_4': -2}. Best is trial 100 with value: 13.0.
2024-11-09 17:02:54,461 - INFO - Candidate Mean Stats: {'Max': np.float64(100.0), 'Min': np.float64(-6.45039577307216e-14), 'Mean': np.float64(0.036659194913412504), 'Std': np.float64(1.4253733257694448)}
2024-11-09 17:02:54,462 - INFO - Candidate Std Stats: {'Max': np.float64(0.9999999965634682), 'Min': np.float64(0.0), 'Mean': np.float64(0.9992424634124165), 'Std': np.float64(0.02751272709948645)}
2024-11-09 17:02:54,510 - INFO - Top 10 Mean Stats: {'Max': np.float64(3.0531133177191805e-15), 'Min': np.float64(-1.27675647831893e-15), 'Mean': np.float64(1.0620671009320404e-15), 'Std': np.float64(1.2411053988153776e-15)}
2024-11-09 17:02:54,510 - INFO - Top 10 Std Stats: {'Max': np.float64(0.9999999965634682), 'Min': np.float64(0.9999999961721353), 'Mean': np.float64(0.9999999963787174), 'Std': np.float64(1.385163360497562e-10)}
2024-11-09 17:02:54,510 - INFO - Bottom 10 Mean Stats: {'Max': np.float64(100.0), 'Min': np.float64(77.0), 'Mean': np.float64(83.3), 'Std': np.float64(8.283115355951528)}
2024-11-09 17:02:54,510 - INFO - Bottom 10 Std Stats: {'Max': np.float64(0.0), 'Min': np.float64(0.0), 'Mean': np.float64(0.0), 'Std': np.float64(0.0)}
[I 2024-11-09 17:02:54,539] Trial 122 finished with value: 65.0 and parameters: {'x_0': 4, 'x_1': -5, 'x_2': -2, 'x_3': 2, 'x_4': -4}. Best is trial 100 with value: 13.0.
2024-11-09 17:03:04,458 - INFO - Candidate Mean Stats: {'Max': np.float64(100.0), 'Min': np.float64(-6.326050794314141e-14), 'Mean': np.float64(0.037062793773400965), 'Std': np.float64(1.434535914365237)}
2024-11-09 17:03:04,459 - INFO - Candidate Std Stats: {'Max': np.float64(0.9999999963497566), 'Min': np.float64(0.0), 'Mean': np.float64(0.9992362539596037), 'Std': np.float64(0.027625168222994042)}
2024-11-09 17:03:04,495 - INFO - Top 10 Mean Stats: {'Max': np.float64(4.440892098500626e-15), 'Min': np.float64(-2.9753977059954196e-15), 'Mean': np.float64(1.0091927293842673e-15), 'Std': np.float64(2.2826274484757005e-15)}
2024-11-09 17:03:04,495 - INFO - Top 10 Std Stats: {'Max': np.float64(0.9999999963497566), 'Min': np.float64(0.9999999958247681), 'Mean': np.float64(0.9999999960224549), 'Std': np.float64(1.7675285468345624e-10)}
2024-11-09 17:03:04,495 - INFO - Bottom 10 Mean Stats: {'Max': np.float64(100.0), 'Min': np.float64(77.0), 'Mean': np.float64(83.3), 'Std': np.float64(8.283115355951528)}
2024-11-09 17:03:04,495 - INFO - Bottom 10 Std Stats: {'Max': np.float64(0.0), 'Min': np.float64(0.0), 'Mean': np.float64(0.0), 'Std': np.float64(0.0)}
[I 2024-11-09 17:03:04,526] Trial 123 finished with value: 45.0 and parameters: {'x_0': 0, 'x_1': -2, 'x_2': 4, 'x_3': -3, 'x_4': -4}. Best is trial 100 with value: 13.0.
2024-11-09 17:03:13,535 - INFO - Candidate Mean Stats: {'Max': np.float64(100.0), 'Min': np.float64(-5.773159728050814e-14), 'Mean': np.float64(0.037342208368777594), 'Std': np.float64(1.4389044987601112)}
2024-11-09 17:03:13,536 - INFO - Candidate Std Stats: {'Max': np.float64(0.9999999964013147), 'Min': np.float64(0.0), 'Mean': np.float64(0.9992300441705276), 'Std': np.float64(0.02773715213597484)}
2024-11-09 17:03:13,559 - INFO - Top 10 Mean Stats: {'Max': np.float64(2.6978419498391305e-15), 'Min': np.float64(-1.787459069646502e-15), 'Mean': np.float64(3.3195668436292183e-16), 'Std': np.float64(1.3520556544618522e-15)}
2024-11-09 17:03:13,559 - INFO - Top 10 Std Stats: {'Max': np.float64(0.9999999964013147), 'Min': np.float64(0.9999999957195436), 'Mean': np.float64(0.9999999959277368), 'Std': np.float64(1.897373855499732e-10)}
2024-11-09 17:03:13,560 - INFO - Bottom 10 Mean Stats: {'Max': np.float64(100.0), 'Min': np.float64(77.0), 'Mean': np.float64(83.3), 'Std': np.float64(8.283115355951528)}
2024-11-09 17:03:13,560 - INFO - Bottom 10 Std Stats: {'Max': np.float64(0.0), 'Min': np.float64(0.0), 'Mean': np.float64(0.0), 'Std': np.float64(0.0)}
[I 2024-11-09 17:03:13,592] Trial 124 finished with value: 83.0 and parameters: {'x_0': -4, 'x_1': 1, 'x_2': 5, 'x_3': 4, 'x_4': 5}. Best is trial 100 with value: 13.0.
2024-11-09 17:03:20,772 - INFO - Candidate Mean Stats: {'Max': np.float64(100.0), 'Min': np.float64(-6.696865284538945e-14), 'Mean': np.float64(0.03785757306691674), 'Std': np.float64(1.4536790124318961)}
2024-11-09 17:03:20,772 - INFO - Candidate Std Stats: {'Max': np.float64(0.9999999990598758), 'Min': np.float64(0.0), 'Mean': np.float64(0.99922383545373), 'Std': np.float64(0.027848684393005717)}
2024-11-09 17:03:20,798 - INFO - Top 10 Mean Stats: {'Max': np.float64(1.454392162258955e-15), 'Min': np.float64(-1.2129186544029836e-15), 'Mean': np.float64(1.323940956865499e-16), 'Std': np.float64(8.67451261753062e-16)}
2024-11-09 17:03:20,799 - INFO - Top 10 Std Stats: {'Max': np.float64(0.9999999990598758), 'Min': np.float64(0.9999999985808287), 'Mean': np.float64(0.9999999987652719), 'Std': np.float64(1.4844143521997655e-10)}
2024-11-09 17:03:20,799 - INFO - Bottom 10 Mean Stats: {'Max': np.float64(100.0), 'Min': np.float64(77.0), 'Mean': np.float64(83.9), 'Std': np.float64(8.018104514160438)}
2024-11-09 17:03:20,799 - INFO - Bottom 10 Std Stats: {'Max': np.float64(0.0), 'Min': np.float64(0.0), 'Mean': np.float64(0.0), 'Std': np.float64(0.0)}
[I 2024-11-09 17:03:20,824] Trial 125 finished with value: 37.0 and parameters: {'x_0': -2, 'x_1': 1, 'x_2': -4, 'x_3': 4, 'x_4': 0}. Best is trial 100 with value: 13.0.
2024-11-09 17:03:30,066 - INFO - Candidate Mean Stats: {'Max': np.float64(100.0), 'Min': np.float64(-6.359357485052896e-14), 'Mean': np.float64(0.038087313956448564), 'Std': np.float64(1.4565938474577438)}
2024-11-09 17:03:30,067 - INFO - Candidate Std Stats: {'Max': np.float64(0.9999999964648207), 'Min': np.float64(0.0), 'Mean': np.float64(0.9992176264846111), 'Std': np.float64(0.027959770362739573)}
2024-11-09 17:03:30,097 - INFO - Top 10 Mean Stats: {'Max': np.float64(1.6875389974302379e-15), 'Min': np.float64(-3.7109204598095854e-15), 'Mean': np.float64(-1.0319696486238427e-15), 'Std': np.float64(1.7679314189259941e-15)}
2024-11-09 17:03:30,097 - INFO - Top 10 Std Stats: {'Max': np.float64(0.9999999964648207), 'Min': np.float64(0.9999999960303254), 'Mean': np.float64(0.9999999962395612), 'Std': np.float64(1.395681754982743e-10)}
2024-11-09 17:03:30,098 - INFO - Bottom 10 Mean Stats: {'Max': np.float64(100.0), 'Min': np.float64(77.0), 'Mean': np.float64(83.9), 'Std': np.float64(8.018104514160438)}
2024-11-09 17:03:30,099 - INFO - Bottom 10 Std Stats: {'Max': np.float64(0.0), 'Min': np.float64(0.0), 'Mean': np.float64(0.0), 'Std': np.float64(0.0)}
[I 2024-11-09 17:03:30,130] Trial 126 finished with value: 62.0 and parameters: {'x_0': -4, 'x_1': -2, 'x_2': -4, 'x_3': 5, 'x_4': 1}. Best is trial 100 with value: 13.0.
2024-11-09 17:03:38,312 - INFO - Candidate Mean Stats: {'Max': np.float64(100.0), 'Min': np.float64(-5.46229728115577e-14), 'Mean': np.float64(0.03847228517674523), 'Std': np.float64(1.4647540335728189)}
2024-11-09 17:03:38,313 - INFO - Candidate Std Stats: {'Max': np.float64(0.9999999955444351), 'Min': np.float64(0.0), 'Mean': np.float64(0.9992114167201774), 'Std': np.float64(0.02807041532817253)}
2024-11-09 17:03:38,346 - INFO - Top 10 Mean Stats: {'Max': np.float64(5.026534743990396e-15), 'Min': np.float64(-2.1344037648418636e-15), 'Mean': np.float64(1.701416785238052e-16), 'Std': np.float64(2.1450808402372432e-15)}
2024-11-09 17:03:38,346 - INFO - Top 10 Std Stats: {'Max': np.float64(0.9999999955444351), 'Min': np.float64(0.9999999949656673), 'Mean': np.float64(0.9999999951435029), 'Std': np.float64(1.768048434652753e-10)}
2024-11-09 17:03:38,347 - INFO - Bottom 10 Mean Stats: {'Max': np.float64(100.0), 'Min': np.float64(77.0), 'Mean': np.float64(83.9), 'Std': np.float64(8.018104514160438)}
2024-11-09 17:03:38,347 - INFO - Bottom 10 Std Stats: {'Max': np.float64(0.0), 'Min': np.float64(0.0), 'Mean': np.float64(0.0), 'Std': np.float64(0.0)}
