[I 2024-11-09 16:42:51,865] Trial 15 finished with value: 55.0 and parameters: {'x_0': 2, 'x_1': 4, 'x_2': -3, 'x_3': -1, 'x_4': 5}. Best is trial 6 with value: 16.0.
2024-11-09 16:43:01,032 - INFO - Candidate Mean Stats: {'Max': np.float64(82.0), 'Min': np.float64(-6.771805338701143e-14), 'Mean': np.float64(0.004985998224164997), 'Std': np.float64(0.5419427752953645)}
2024-11-09 16:43:01,033 - INFO - Candidate Std Stats: {'Max': np.float64(0.9999999946526716), 'Min': np.float64(0.0), 'Mean': np.float64(0.9999006325345875), 'Std': np.float64(0.009966821850355773)}
2024-11-09 16:43:01,066 - INFO - Top 10 Mean Stats: {'Max': np.float64(5.906386491005833e-15), 'Min': np.float64(-4.529709940470638e-15), 'Mean': np.float64(6.891709425360661e-16), 'Std': np.float64(3.154563985198307e-15)}
2024-11-09 16:43:01,066 - INFO - Top 10 Std Stats: {'Max': np.float64(0.9999999946526716), 'Min': np.float64(0.9999999941164021), 'Mean': np.float64(0.9999999943611346), 'Std': np.float64(2.056505451947088e-10)}
2024-11-09 16:43:01,066 - INFO - Bottom 10 Mean Stats: {'Max': np.float64(82.0), 'Min': np.float64(43.0), 'Mean': np.float64(63.5), 'Std': np.float64(13.588598161694238)}
2024-11-09 16:43:01,066 - INFO - Bottom 10 Std Stats: {'Max': np.float64(0.0), 'Min': np.float64(0.0), 'Mean': np.float64(0.0), 'Std': np.float64(0.0)}
[I 2024-11-09 16:43:01,104] Trial 16 finished with value: 34.0 and parameters: {'x_0': 0, 'x_1': 2, 'x_2': 2, 'x_3': -1, 'x_4': 5}. Best is trial 6 with value: 16.0.
2024-11-09 16:43:10,818 - INFO - Candidate Mean Stats: {'Max': np.float64(82.0), 'Min': np.float64(-7.172040739078511e-14), 'Mean': np.float64(0.005197111474005142), 'Std': np.float64(0.5485231739863176)}
2024-11-09 16:43:10,819 - INFO - Candidate Std Stats: {'Max': np.float64(0.9999999948771966), 'Min': np.float64(0.0), 'Mean': np.float64(0.999894423970735), 'Std': np.float64(0.010273532918257333)}
2024-11-09 16:43:10,847 - INFO - Top 10 Mean Stats: {'Max': np.float64(2.1094237467877974e-15), 'Min': np.float64(-4.393707619954057e-15), 'Mean': np.float64(-1.393867660182124e-15), 'Std': np.float64(1.9835355650466705e-15)}
2024-11-09 16:43:10,847 - INFO - Top 10 Std Stats: {'Max': np.float64(0.9999999948771966), 'Min': np.float64(0.9999999940392263), 'Mean': np.float64(0.999999994301388), 'Std': np.float64(2.567949715059433e-10)}
2024-11-09 16:43:10,847 - INFO - Bottom 10 Mean Stats: {'Max': np.float64(82.0), 'Min': np.float64(43.0), 'Mean': np.float64(63.5), 'Std': np.float64(13.588598161694238)}
2024-11-09 16:43:10,847 - INFO - Bottom 10 Std Stats: {'Max': np.float64(0.0), 'Min': np.float64(0.0), 'Mean': np.float64(0.0), 'Std': np.float64(0.0)}
[I 2024-11-09 16:43:10,885] Trial 17 finished with value: 57.0 and parameters: {'x_0': 4, 'x_1': 0, 'x_2': 4, 'x_3': 0, 'x_4': -5}. Best is trial 6 with value: 16.0.
2024-11-09 16:43:18,179 - INFO - Candidate Mean Stats: {'Max': np.float64(82.0), 'Min': np.float64(-7.590872375118352e-14), 'Mean': np.float64(0.005551036628148846), 'Std': np.float64(0.5666106265737011)}
2024-11-09 16:43:18,179 - INFO - Candidate Std Stats: {'Max': np.float64(0.9999999946862047), 'Min': np.float64(0.0), 'Mean': np.float64(0.9998882147914487), 'Std': np.float64(0.010571345336247876)}
2024-11-09 16:43:18,216 - INFO - Top 10 Mean Stats: {'Max': np.float64(6.283862319378386e-15), 'Min': np.float64(-3.2751579226442118e-15), 'Mean': np.float64(5.088984789125562e-16), 'Std': np.float64(3.2416942742466655e-15)}
2024-11-09 16:43:18,216 - INFO - Top 10 Std Stats: {'Max': np.float64(0.9999999946862047), 'Min': np.float64(0.9999999939454726), 'Mean': np.float64(0.9999999943203883), 'Std': np.float64(2.153826734983877e-10)}
2024-11-09 16:43:18,217 - INFO - Bottom 10 Mean Stats: {'Max': np.float64(82.0), 'Min': np.float64(48.0), 'Mean': np.float64(64.9), 'Std': np.float64(12.037026210821343)}
2024-11-09 16:43:18,217 - INFO - Bottom 10 Std Stats: {'Max': np.float64(0.0), 'Min': np.float64(0.0), 'Mean': np.float64(0.0), 'Std': np.float64(0.0)}
[I 2024-11-09 16:43:18,299] Trial 18 finished with value: 59.0 and parameters: {'x_0': 1, 'x_1': 4, 'x_2': 1, 'x_3': -4, 'x_4': 5}. Best is trial 6 with value: 16.0.
2024-11-09 16:43:25,449 - INFO - Candidate Mean Stats: {'Max': np.float64(82.0), 'Min': np.float64(-7.974731985882499e-14), 'Mean': np.float64(0.0059173802087537555), 'Std': np.float64(0.5853696883346826)}
2024-11-09 16:43:25,450 - INFO - Candidate Std Stats: {'Max': np.float64(0.9999999944688699), 'Min': np.float64(0.0), 'Mean': np.float64(0.9998820048621209), 'Std': np.float64(0.010860991139353958)}
2024-11-09 16:43:25,495 - INFO - Top 10 Mean Stats: {'Max': np.float64(5.50115508701765e-15), 'Min': np.float64(-3.101685575046531e-15), 'Mean': np.float64(-3.4226094181022423e-17), 'Std': np.float64(2.7324223428854133e-15)}
2024-11-09 16:43:25,496 - INFO - Top 10 Std Stats: {'Max': np.float64(0.9999999944688699), 'Min': np.float64(0.9999999936299515), 'Mean': np.float64(0.9999999939421798), 'Std': np.float64(2.5191443050049023e-10)}
2024-11-09 16:43:25,496 - INFO - Bottom 10 Mean Stats: {'Max': np.float64(82.0), 'Min': np.float64(54.0), 'Mean': np.float64(66.0), 'Std': np.float64(10.890362712049585)}
2024-11-09 16:43:25,496 - INFO - Bottom 10 Std Stats: {'Max': np.float64(0.0), 'Min': np.float64(0.0), 'Mean': np.float64(0.0), 'Std': np.float64(0.0)}
[I 2024-11-09 16:43:25,536] Trial 19 finished with value: 47.0 and parameters: {'x_0': 1, 'x_1': 4, 'x_2': -2, 'x_3': 5, 'x_4': 1}. Best is trial 6 with value: 16.0.
2024-11-09 16:43:34,207 - INFO - Candidate Mean Stats: {'Max': np.float64(82.0), 'Min': np.float64(-5.896949595296519e-14), 'Mean': np.float64(0.006209213230591578), 'Std': np.float64(0.5969675745859335)}
2024-11-09 16:43:34,208 - INFO - Candidate Std Stats: {'Max': np.float64(0.9999999985998398), 'Min': np.float64(0.0), 'Mean': np.float64(0.9998757969285773), 'Std': np.float64(0.01114310720621812)}
2024-11-09 16:43:34,249 - INFO - Top 10 Mean Stats: {'Max': np.float64(1.0935696792557792e-15), 'Min': np.float64(-9.103828801926283e-16), 'Mean': np.float64(1.759703494030873e-16), 'Std': np.float64(5.701433033846275e-16)}
2024-11-09 16:43:34,249 - INFO - Top 10 Std Stats: {'Max': np.float64(0.9999999985998398), 'Min': np.float64(0.999999997773274), 'Mean': np.float64(0.9999999980728289), 'Std': np.float64(2.535752595034294e-10)}
2024-11-09 16:43:34,249 - INFO - Bottom 10 Mean Stats: {'Max': np.float64(82.0), 'Min': np.float64(54.0), 'Mean': np.float64(66.0), 'Std': np.float64(10.890362712049585)}
2024-11-09 16:43:34,249 - INFO - Bottom 10 Std Stats: {'Max': np.float64(0.0), 'Min': np.float64(0.0), 'Mean': np.float64(0.0), 'Std': np.float64(0.0)}
[I 2024-11-09 16:43:34,288] Trial 20 finished with value: 53.0 and parameters: {'x_0': 4, 'x_1': -2, 'x_2': 2, 'x_3': -2, 'x_4': -5}. Best is trial 6 with value: 16.0.
2024-11-09 16:43:40,352 - INFO - Candidate Mean Stats: {'Max': np.float64(82.0), 'Min': np.float64(-8.161804565531838e-14), 'Mean': np.float64(0.006538301531812912), 'Std': np.float64(0.6113982090370939)}
2024-11-09 16:43:40,357 - INFO - Candidate Std Stats: {'Max': np.float64(0.9999999939885479), 'Min': np.float64(0.0), 'Mean': np.float64(0.9998695864105953), 'Std': np.float64(0.011418251623544385)}
2024-11-09 16:43:40,482 - INFO - Top 10 Mean Stats: {'Max': np.float64(6.8389738316909644e-15), 'Min': np.float64(-4.15639744844043e-15), 'Mean': np.float64(2.3293866835416565e-15), 'Std': np.float64(2.9765036617654666e-15)}
2024-11-09 16:43:40,482 - INFO - Top 10 Std Stats: {'Max': np.float64(0.9999999939885479), 'Min': np.float64(0.9999999933408289), 'Mean': np.float64(0.9999999936264337), 'Std': np.float64(2.2314182902885457e-10)}
2024-11-09 16:43:40,482 - INFO - Bottom 10 Mean Stats: {'Max': np.float64(82.0), 'Min': np.float64(54.0), 'Mean': np.float64(66.0), 'Std': np.float64(10.890362712049585)}
2024-11-09 16:43:40,482 - INFO - Bottom 10 Std Stats: {'Max': np.float64(0.0), 'Min': np.float64(0.0), 'Mean': np.float64(0.0), 'Std': np.float64(0.0)}
[I 2024-11-09 16:43:40,538] Trial 21 finished with value: 38.0 and parameters: {'x_0': -3, 'x_1': 3, 'x_2': -4, 'x_3': 2, 'x_4': 0}. Best is trial 6 with value: 16.0.
2024-11-09 16:43:46,764 - INFO - Candidate Mean Stats: {'Max': np.float64(82.0), 'Min': np.float64(-8.730793865652231e-14), 'Mean': np.float64(0.006774251634575347), 'Std': np.float64(0.6186846796393558)}
2024-11-09 16:43:46,765 - INFO - Candidate Std Stats: {'Max': np.float64(0.9999999929117593), 'Min': np.float64(0.0), 'Mean': np.float64(0.9998633765786668), 'Std': np.float64(0.011686916835257802)}
2024-11-09 16:43:46,799 - INFO - Top 10 Mean Stats: {'Max': np.float64(5.023759186428833e-15), 'Min': np.float64(-4.46309655899313e-15), 'Mean': np.float64(-5.205558206711203e-16), 'Std': np.float64(2.4575022739048668e-15)}
2024-11-09 16:43:46,799 - INFO - Top 10 Std Stats: {'Max': np.float64(0.9999999929117593), 'Min': np.float64(0.9999999921494932), 'Mean': np.float64(0.9999999924447392), 'Std': np.float64(2.8203851987542403e-10)}
2024-11-09 16:43:46,799 - INFO - Bottom 10 Mean Stats: {'Max': np.float64(82.0), 'Min': np.float64(54.0), 'Mean': np.float64(66.0), 'Std': np.float64(10.890362712049585)}
2024-11-09 16:43:46,800 - INFO - Bottom 10 Std Stats: {'Max': np.float64(0.0), 'Min': np.float64(0.0), 'Mean': np.float64(0.0), 'Std': np.float64(0.0)}
[I 2024-11-09 16:43:46,839] Trial 22 finished with value: 49.0 and parameters: {'x_0': 4, 'x_1': -2, 'x_2': -2, 'x_3': 0, 'x_4': -5}. Best is trial 6 with value: 16.0.
2024-11-09 16:43:56,440 - INFO - Candidate Mean Stats: {'Max': np.float64(82.0), 'Min': np.float64(-8.255618411112664e-14), 'Mean': np.float64(0.0070785030828743305), 'Std': np.float64(0.6306146518012541)}
2024-11-09 16:43:56,442 - INFO - Candidate Std Stats: {'Max': np.float64(0.999999994559373), 'Min': np.float64(0.0), 'Mean': np.float64(0.9998571682572353), 'Std': np.float64(0.011949539882242368)}
2024-11-09 16:43:56,473 - INFO - Top 10 Mean Stats: {'Max': np.float64(1.909583602355269e-15), 'Min': np.float64(-5.828670879282072e-15), 'Mean': np.float64(-1.2830708717714856e-15), 'Std': np.float64(2.5409845285483103e-15)}
2024-11-09 16:43:56,473 - INFO - Top 10 Std Stats: {'Max': np.float64(0.999999994559373), 'Min': np.float64(0.999999994137152), 'Mean': np.float64(0.9999999943397248), 'Std': np.float64(1.353793678143883e-10)}
2024-11-09 16:43:56,474 - INFO - Bottom 10 Mean Stats: {'Max': np.float64(82.0), 'Min': np.float64(54.0), 'Mean': np.float64(66.0), 'Std': np.float64(10.890362712049585)}
2024-11-09 16:43:56,474 - INFO - Bottom 10 Std Stats: {'Max': np.float64(0.0), 'Min': np.float64(0.0), 'Mean': np.float64(0.0), 'Std': np.float64(0.0)}
[I 2024-11-09 16:43:56,518] Trial 23 finished with value: 60.0 and parameters: {'x_0': -1, 'x_1': 4, 'x_2': 5, 'x_3': 3, 'x_4': -3}. Best is trial 6 with value: 16.0.
2024-11-09 16:44:04,097 - INFO - Candidate Mean Stats: {'Max': np.float64(82.0), 'Min': np.float64(-7.214229214014267e-14), 'Mean': np.float64(0.007451055876709863), 'Std': np.float64(0.6480915010002545)}
2024-11-09 16:44:04,098 - INFO - Candidate Std Stats: {'Max': np.float64(0.999999994405551), 'Min': np.float64(0.0), 'Mean': np.float64(0.9998509592224069), 'Std': np.float64(0.012206510737358118)}
2024-11-09 16:44:04,134 - INFO - Top 10 Mean Stats: {'Max': np.float64(3.563815909046753e-15), 'Min': np.float64(-4.485301019485632e-15), 'Mean': np.float64(-4.929390229335694e-16), 'Std': np.float64(2.269080760007273e-15)}
2024-11-09 16:44:04,134 - INFO - Top 10 Std Stats: {'Max': np.float64(0.999999994405551), 'Min': np.float64(0.9999999936722553), 'Mean': np.float64(0.999999993936628), 'Std': np.float64(2.494981405645168e-10)}
2024-11-09 16:44:04,134 - INFO - Bottom 10 Mean Stats: {'Max': np.float64(82.0), 'Min': np.float64(54.0), 'Mean': np.float64(66.6), 'Std': np.float64(10.365326815879952)}
2024-11-09 16:44:04,134 - INFO - Bottom 10 Std Stats: {'Max': np.float64(0.0), 'Min': np.float64(0.0), 'Mean': np.float64(0.0), 'Std': np.float64(0.0)}
[I 2024-11-09 16:44:04,172] Trial 24 finished with value: 20.0 and parameters: {'x_0': -3, 'x_1': -1, 'x_2': 0, 'x_3': -1, 'x_4': 3}. Best is trial 6 with value: 16.0.
2024-11-09 16:44:11,204 - INFO - Candidate Mean Stats: {'Max': np.float64(82.0), 'Min': np.float64(-7.02549129982799e-14), 'Mean': np.float64(0.0075752401413217525), 'Std': np.float64(0.6500033945538122)}
2024-11-09 16:44:11,204 - INFO - Candidate Std Stats: {'Max': np.float64(0.9999999941284173), 'Min': np.float64(0.0), 'Mean': np.float64(0.9998447496324856), 'Std': np.float64(0.01245817916425261)}
2024-11-09 16:44:11,244 - INFO - Top 10 Mean Stats: {'Max': np.float64(3.8635761256955444e-15), 'Min': np.float64(-3.4638958368304883e-15), 'Mean': np.float64(-2.1649348980190584e-17), 'Std': np.float64(1.956243922439809e-15)}
2024-11-09 16:44:11,244 - INFO - Top 10 Std Stats: {'Max': np.float64(0.9999999941284173), 'Min': np.float64(0.9999999936936398), 'Mean': np.float64(0.9999999938545706), 'Std': np.float64(1.4872662066865804e-10)}
2024-11-09 16:44:11,244 - INFO - Bottom 10 Mean Stats: {'Max': np.float64(82.0), 'Min': np.float64(54.0), 'Mean': np.float64(66.6), 'Std': np.float64(10.365326815879952)}
2024-11-09 16:44:11,244 - INFO - Bottom 10 Std Stats: {'Max': np.float64(0.0), 'Min': np.float64(0.0), 'Mean': np.float64(0.0), 'Std': np.float64(0.0)}
[I 2024-11-09 16:44:11,291] Trial 25 finished with value: 66.0 and parameters: {'x_0': -5, 'x_1': -4, 'x_2': 5, 'x_3': 0, 'x_4': 0}. Best is trial 6 with value: 16.0.
2024-11-09 16:44:19,378 - INFO - Candidate Mean Stats: {'Max': np.float64(82.0), 'Min': np.float64(-8.535394613318203e-14), 'Mean': np.float64(0.007985048214540734), 'Std': np.float64(0.67048144570312)}
2024-11-09 16:44:19,379 - INFO - Candidate Std Stats: {'Max': np.float64(0.9999999948914868), 'Min': np.float64(0.0), 'Mean': np.float64(0.9998385399069711), 'Std': np.float64(0.012704860276060147)}
2024-11-09 16:44:19,434 - INFO - Top 10 Mean Stats: {'Max': np.float64(3.4194869158454822e-15), 'Min': np.float64(-4.202194148206218e-15), 'Mean': np.float64(-7.505107646466058e-16), 'Std': np.float64(2.0089846089379397e-15)}
2024-11-09 16:44:19,435 - INFO - Top 10 Std Stats: {'Max': np.float64(0.9999999948914868), 'Min': np.float64(0.9999999938200541), 'Mean': np.float64(0.9999999941861641), 'Std': np.float64(3.2778201783387674e-10)}
2024-11-09 16:44:19,435 - INFO - Bottom 10 Mean Stats: {'Max': np.float64(82.0), 'Min': np.float64(55.0), 'Mean': np.float64(67.8), 'Std': np.float64(9.495261976375375)}
2024-11-09 16:44:19,435 - INFO - Bottom 10 Std Stats: {'Max': np.float64(0.0), 'Min': np.float64(0.0), 'Mean': np.float64(0.0), 'Std': np.float64(0.0)}
[I 2024-11-09 16:44:19,483] Trial 26 finished with value: 84.0 and parameters: {'x_0': -4, 'x_1': 5, 'x_2': -3, 'x_3': -5, 'x_4': -3}. Best is trial 6 with value: 16.0.
2024-11-09 16:44:29,508 - INFO - Candidate Mean Stats: {'Max': np.float64(84.0), 'Min': np.float64(-7.987499550665689e-14), 'Mean': np.float64(0.008506622125910418), 'Std': np.float64(0.7023880522632735)}
2024-11-09 16:44:29,509 - INFO - Candidate Std Stats: {'Max': np.float64(0.9999999944262062), 'Min': np.float64(0.0), 'Mean': np.float64(0.9998323325523931), 'Std': np.float64(0.01294683918388463)}
2024-11-09 16:44:29,544 - INFO - Top 10 Mean Stats: {'Max': np.float64(4.70387617745871e-15), 'Min': np.float64(-2.6201263381153696e-15), 'Mean': np.float64(1.3528761444447923e-15), 'Std': np.float64(2.1412336494555448e-15)}
2024-11-09 16:44:29,544 - INFO - Top 10 Std Stats: {'Max': np.float64(0.9999999944262062), 'Min': np.float64(0.9999999937805011), 'Mean': np.float64(0.9999999939964246), 'Std': np.float64(2.303536431051017e-10)}
2024-11-09 16:44:29,544 - INFO - Bottom 10 Mean Stats: {'Max': np.float64(84.0), 'Min': np.float64(57.0), 'Mean': np.float64(70.7), 'Std': np.float64(9.57131129992124)}
2024-11-09 16:44:29,544 - INFO - Bottom 10 Std Stats: {'Max': np.float64(0.0), 'Min': np.float64(0.0), 'Mean': np.float64(0.0), 'Std': np.float64(0.0)}
[I 2024-11-09 16:44:29,583] Trial 27 finished with value: 45.0 and parameters: {'x_0': 4, 'x_1': 3, 'x_2': -4, 'x_3': 2, 'x_4': 0}. Best is trial 6 with value: 16.0.
2024-11-09 16:44:37,977 - INFO - Candidate Mean Stats: {'Max': np.float64(84.0), 'Min': np.float64(-9.314216065092751e-14), 'Mean': np.float64(0.008786036721287058), 'Std': np.float64(0.7112789895201941)}
2024-11-09 16:44:37,978 - INFO - Candidate Std Stats: {'Max': np.float64(0.999999998159248), 'Min': np.float64(0.0), 'Mean': np.float64(0.9998261230706624), 'Std': np.float64(0.013184374739456075)}
2024-11-09 16:44:38,008 - INFO - Top 10 Mean Stats: {'Max': np.float64(1.8207657603852566e-15), 'Min': np.float64(-1.1879386363489174e-15), 'Mean': np.float64(4.463096558993129e-16), 'Std': np.float64(1.0322632543465306e-15)}
2024-11-09 16:44:38,008 - INFO - Top 10 Std Stats: {'Max': np.float64(0.999999998159248), 'Min': np.float64(0.9999999974272709), 'Mean': np.float64(0.9999999977160714), 'Std': np.float64(2.642608512317661e-10)}
2024-11-09 16:44:38,008 - INFO - Bottom 10 Mean Stats: {'Max': np.float64(84.0), 'Min': np.float64(57.0), 'Mean': np.float64(70.7), 'Std': np.float64(9.57131129992124)}
2024-11-09 16:44:38,008 - INFO - Bottom 10 Std Stats: {'Max': np.float64(0.0), 'Min': np.float64(0.0), 'Mean': np.float64(0.0), 'Std': np.float64(0.0)}
[I 2024-11-09 16:44:38,046] Trial 28 finished with value: 51.0 and parameters: {'x_0': 0, 'x_1': 5, 'x_2': -4, 'x_3': -3, 'x_4': 1}. Best is trial 6 with value: 16.0.
2024-11-09 16:44:47,365 - INFO - Candidate Mean Stats: {'Max': np.float64(84.0), 'Min': np.float64(-9.771072839726003e-14), 'Mean': np.float64(0.009102706596047226), 'Std': np.float64(0.7225387876920734)}
2024-11-09 16:44:47,366 - INFO - Candidate Std Stats: {'Max': np.float64(0.9999999951660214), 'Min': np.float64(0.0), 'Mean': np.float64(0.9998199135057618), 'Std': np.float64(0.013417702953268823)}
2024-11-09 16:44:47,398 - INFO - Top 10 Mean Stats: {'Max': np.float64(4.007905118896815e-15), 'Min': np.float64(-3.5055292002539317e-15), 'Mean': np.float64(2.65898414397725e-16), 'Std': np.float64(2.2019919806627668e-15)}
2024-11-09 16:44:47,398 - INFO - Top 10 Std Stats: {'Max': np.float64(0.9999999951660214), 'Min': np.float64(0.9999999942311983), 'Mean': np.float64(0.999999994535643), 'Std': np.float64(2.5782964795982904e-10)}
2024-11-09 16:44:47,399 - INFO - Bottom 10 Mean Stats: {'Max': np.float64(84.0), 'Min': np.float64(57.0), 'Mean': np.float64(70.7), 'Std': np.float64(9.57131129992124)}
2024-11-09 16:44:47,400 - INFO - Bottom 10 Std Stats: {'Max': np.float64(0.0), 'Min': np.float64(0.0), 'Mean': np.float64(0.0), 'Std': np.float64(0.0)}
[I 2024-11-09 16:44:47,442] Trial 29 finished with value: 37.0 and parameters: {'x_0': 5, 'x_1': 1, 'x_2': 1, 'x_3': -1, 'x_4': -3}. Best is trial 6 with value: 16.0.
2024-11-09 16:44:56,270 - INFO - Candidate Mean Stats: {'Max': np.float64(84.0), 'Min': np.float64(-5.980493877899561e-14), 'Mean': np.float64(0.009332447485579095), 'Std': np.float64(0.7283944517385572)}
2024-11-09 16:44:56,271 - INFO - Candidate Std Stats: {'Max': np.float64(0.999999994731042), 'Min': np.float64(0.0), 'Mean': np.float64(0.9998137044420886), 'Std': np.float64(0.013647039638077257)}
2024-11-09 16:44:56,300 - INFO - Top 10 Mean Stats: {'Max': np.float64(3.9246383920499285e-15), 'Min': np.float64(-2.4313884239290927e-15), 'Mean': np.float64(9.151013280472852e-16), 'Std': np.float64(1.836184568909078e-15)}
2024-11-09 16:44:56,300 - INFO - Top 10 Std Stats: {'Max': np.float64(0.999999994731042), 'Min': np.float64(0.9999999940732386), 'Mean': np.float64(0.9999999943621127), 'Std': np.float64(1.8930624250833897e-10)}
2024-11-09 16:44:56,300 - INFO - Bottom 10 Mean Stats: {'Max': np.float64(84.0), 'Min': np.float64(57.0), 'Mean': np.float64(70.7), 'Std': np.float64(9.57131129992124)}
2024-11-09 16:44:56,301 - INFO - Bottom 10 Std Stats: {'Max': np.float64(0.0), 'Min': np.float64(0.0), 'Mean': np.float64(0.0), 'Std': np.float64(0.0)}
[I 2024-11-09 16:44:56,359] Trial 30 finished with value: 52.0 and parameters: {'x_0': 5, 'x_1': 1, 'x_2': 0, 'x_3': -5, 'x_4': -1}. Best is trial 6 with value: 16.0.
2024-11-09 16:45:04,085 - INFO - Candidate Mean Stats: {'Max': np.float64(84.0), 'Min': np.float64(-7.781414401719645e-14), 'Mean': np.float64(0.009655326573569897), 'Std': np.float64(0.7398256951092345)}
2024-11-09 16:45:04,086 - INFO - Candidate Std Stats: {'Max': np.float64(0.9999999940241294), 'Min': np.float64(0.0), 'Mean': np.float64(0.9998074950297301), 'Std': np.float64(0.013872582743857546)}
2024-11-09 16:45:04,114 - INFO - Top 10 Mean Stats: {'Max': np.float64(4.04121180963557e-15), 'Min': np.float64(-2.1621593404574925e-15), 'Mean': np.float64(8.98725538434064e-16), 'Std': np.float64(2.088438699054202e-15)}
2024-11-09 16:45:04,115 - INFO - Top 10 Std Stats: {'Max': np.float64(0.9999999940241294), 'Min': np.float64(0.9999999935750746), 'Mean': np.float64(0.9999999937991534), 'Std': np.float64(1.306691778417867e-10)}
2024-11-09 16:45:04,115 - INFO - Bottom 10 Mean Stats: {'Max': np.float64(84.0), 'Min': np.float64(57.0), 'Mean': np.float64(70.7), 'Std': np.float64(9.57131129992124)}
2024-11-09 16:45:04,115 - INFO - Bottom 10 Std Stats: {'Max': np.float64(0.0), 'Min': np.float64(0.0), 'Mean': np.float64(0.0), 'Std': np.float64(0.0)}
