[I 2024-11-09 17:11:48,272] Trial 175 finished with value: 45.0 and parameters: {'x_0': 1, 'x_1': 3, 'x_2': -1, 'x_3': -3, 'x_4': 5}. Best is trial 162 with value: 9.0.
2024-11-09 17:11:57,295 - INFO - Candidate Mean Stats: {'Max': np.float64(107.0), 'Min': np.float64(-5.6488147492927966e-14), 'Mean': np.float64(0.055181277980267146), 'Std': np.float64(1.792930664782986)}
2024-11-09 17:11:57,296 - INFO - Candidate Std Stats: {'Max': np.float64(0.9999999970075286), 'Min': np.float64(0.0), 'Mean': np.float64(0.9989071671603976), 'Std': np.float64(0.033039782762133)}
2024-11-09 17:11:57,328 - INFO - Top 10 Mean Stats: {'Max': np.float64(1.892930256985892e-15), 'Min': np.float64(-3.5138558729386203e-15), 'Mean': np.float64(-2.923356001716115e-16), 'Std': np.float64(1.6941211358131815e-15)}
2024-11-09 17:11:57,329 - INFO - Top 10 Std Stats: {'Max': np.float64(0.9999999970075286), 'Min': np.float64(0.9999999966479275), 'Mean': np.float64(0.9999999967496389), 'Std': np.float64(1.1985485048834208e-10)}
2024-11-09 17:11:57,330 - INFO - Bottom 10 Mean Stats: {'Max': np.float64(107.0), 'Min': np.float64(86.0), 'Mean': np.float64(91.9), 'Std': np.float64(5.699999999999999)}
2024-11-09 17:11:57,330 - INFO - Bottom 10 Std Stats: {'Max': np.float64(0.0), 'Min': np.float64(0.0), 'Mean': np.float64(0.0), 'Std': np.float64(0.0)}
[I 2024-11-09 17:11:57,361] Trial 176 finished with value: 79.0 and parameters: {'x_0': -5, 'x_1': -2, 'x_2': 5, 'x_3': 4, 'x_4': -3}. Best is trial 162 with value: 9.0.
2024-11-09 17:12:06,452 - INFO - Candidate Mean Stats: {'Max': np.float64(107.0), 'Min': np.float64(-5.200284647344233e-14), 'Mean': np.float64(0.05567180582548385), 'Std': np.float64(1.8036900210310383)}
2024-11-09 17:12:06,454 - INFO - Candidate Std Stats: {'Max': np.float64(0.999999996266853), 'Min': np.float64(0.0), 'Mean': np.float64(0.9989009574510682), 'Std': np.float64(0.033133409834946025)}
2024-11-09 17:12:06,480 - INFO - Top 10 Mean Stats: {'Max': np.float64(4.7795101210112986e-15), 'Min': np.float64(-3.397282455352979e-15), 'Mean': np.float64(4.182765245275278e-16), 'Std': np.float64(2.5847905801429797e-15)}
2024-11-09 17:12:06,480 - INFO - Top 10 Std Stats: {'Max': np.float64(0.999999996266853), 'Min': np.float64(0.9999999959630556), 'Mean': np.float64(0.9999999960853089), 'Std': np.float64(1.0608773554280958e-10)}
2024-11-09 17:12:06,481 - INFO - Bottom 10 Mean Stats: {'Max': np.float64(107.0), 'Min': np.float64(86.0), 'Mean': np.float64(91.9), 'Std': np.float64(5.699999999999999)}
2024-11-09 17:12:06,481 - INFO - Bottom 10 Std Stats: {'Max': np.float64(0.0), 'Min': np.float64(0.0), 'Mean': np.float64(0.0), 'Std': np.float64(0.0)}
[I 2024-11-09 17:12:06,510] Trial 177 finished with value: 41.0 and parameters: {'x_0': 4, 'x_1': -1, 'x_2': -4, 'x_3': 2, 'x_4': 2}. Best is trial 162 with value: 9.0.
2024-11-09 17:12:16,250 - INFO - Candidate Mean Stats: {'Max': np.float64(107.0), 'Min': np.float64(-6.143974218275616e-14), 'Mean': np.float64(0.055926383567938075), 'Std': np.float64(1.8065732669871026)}
2024-11-09 17:12:16,252 - INFO - Candidate Std Stats: {'Max': np.float64(0.999999997686918), 'Min': np.float64(0.0), 'Mean': np.float64(0.9988947488376403), 'Std': np.float64(0.033226771960476964)}
2024-11-09 17:12:16,276 - INFO - Top 10 Mean Stats: {'Max': np.float64(1.6153745008296028e-15), 'Min': np.float64(-1.787459069646502e-15), 'Mean': np.float64(5.466634089845712e-16), 'Std': np.float64(9.173943227237802e-16)}
2024-11-09 17:12:16,276 - INFO - Top 10 Std Stats: {'Max': np.float64(0.999999997686918), 'Min': np.float64(0.9999999971967434), 'Mean': np.float64(0.9999999973114855), 'Std': np.float64(1.5446671907909101e-10)}
2024-11-09 17:12:16,277 - INFO - Bottom 10 Mean Stats: {'Max': np.float64(107.0), 'Min': np.float64(86.0), 'Mean': np.float64(91.9), 'Std': np.float64(5.699999999999999)}
2024-11-09 17:12:16,277 - INFO - Bottom 10 Std Stats: {'Max': np.float64(0.0), 'Min': np.float64(0.0), 'Mean': np.float64(0.0), 'Std': np.float64(0.0)}
[I 2024-11-09 17:12:16,313] Trial 178 finished with value: 58.0 and parameters: {'x_0': 4, 'x_1': 5, 'x_2': -2, 'x_3': -3, 'x_4': -2}. Best is trial 162 with value: 9.0.
2024-11-09 17:12:25,580 - INFO - Candidate Mean Stats: {'Max': np.float64(107.0), 'Min': np.float64(-7.774891841449971e-14), 'Mean': np.float64(0.05628651793531242), 'Std': np.float64(1.8123339511739742)}
2024-11-09 17:12:25,580 - INFO - Candidate Std Stats: {'Max': np.float64(0.9999999970248118), 'Min': np.float64(0.0), 'Mean': np.float64(0.9988885393222826), 'Std': np.float64(0.0333198712998403)}
2024-11-09 17:12:25,609 - INFO - Top 10 Mean Stats: {'Max': np.float64(2.3814283878209607e-15), 'Min': np.float64(-1.1823875212257918e-15), 'Mean': np.float64(2.4624399741490775e-16), 'Std': np.float64(1.071824685031255e-15)}
2024-11-09 17:12:25,610 - INFO - Top 10 Std Stats: {'Max': np.float64(0.9999999970248118), 'Min': np.float64(0.9999999964052494), 'Mean': np.float64(0.9999999966529302), 'Std': np.float64(1.8165874060981675e-10)}
2024-11-09 17:12:25,610 - INFO - Bottom 10 Mean Stats: {'Max': np.float64(107.0), 'Min': np.float64(86.0), 'Mean': np.float64(91.9), 'Std': np.float64(5.699999999999999)}
2024-11-09 17:12:25,610 - INFO - Bottom 10 Std Stats: {'Max': np.float64(0.0), 'Min': np.float64(0.0), 'Mean': np.float64(0.0), 'Std': np.float64(0.0)}
[I 2024-11-09 17:12:25,643] Trial 179 finished with value: 76.0 and parameters: {'x_0': 4, 'x_1': 5, 'x_2': 5, 'x_3': -1, 'x_4': 3}. Best is trial 162 with value: 9.0.
2024-11-09 17:12:38,179 - INFO - Candidate Mean Stats: {'Max': np.float64(107.0), 'Min': np.float64(-5.525579993559404e-14), 'Mean': np.float64(0.056758418140837354), 'Std': np.float64(1.8221869882833643)}
2024-11-09 17:12:38,180 - INFO - Candidate Std Stats: {'Max': np.float64(0.9999999969236691), 'Min': np.float64(0.0), 'Mean': np.float64(0.9988823300247534), 'Std': np.float64(0.033412710086628127)}
2024-11-09 17:12:38,207 - INFO - Top 10 Mean Stats: {'Max': np.float64(3.760880495917718e-15), 'Min': np.float64(-2.942091015256665e-15), 'Mean': np.float64(-1.2628786905111148e-17), 'Std': np.float64(2.0297894069316923e-15)}
2024-11-09 17:12:38,207 - INFO - Top 10 Std Stats: {'Max': np.float64(0.9999999969236691), 'Min': np.float64(0.9999999965876994), 'Mean': np.float64(0.9999999967017702), 'Std': np.float64(1.1319852393553104e-10)}
2024-11-09 17:12:38,207 - INFO - Bottom 10 Mean Stats: {'Max': np.float64(107.0), 'Min': np.float64(86.0), 'Mean': np.float64(91.9), 'Std': np.float64(5.699999999999999)}
2024-11-09 17:12:38,207 - INFO - Bottom 10 Std Stats: {'Max': np.float64(0.0), 'Min': np.float64(0.0), 'Mean': np.float64(0.0), 'Std': np.float64(0.0)}
[I 2024-11-09 17:12:38,239] Trial 180 finished with value: 22.0 and parameters: {'x_0': 1, 'x_1': 2, 'x_2': -2, 'x_3': -2, 'x_4': -3}. Best is trial 162 with value: 9.0.
2024-11-09 17:12:49,640 - INFO - Candidate Mean Stats: {'Max': np.float64(107.0), 'Min': np.float64(-5.503236755188823e-14), 'Mean': np.float64(0.056895020831910385), 'Std': np.float64(1.8230071733559337)}
2024-11-09 17:12:49,643 - INFO - Candidate Std Stats: {'Max': np.float64(0.9999999969764574), 'Min': np.float64(0.0), 'Mean': np.float64(0.9988761210252666), 'Std': np.float64(0.03350529048952369)}
2024-11-09 17:12:49,722 - INFO - Top 10 Mean Stats: {'Max': np.float64(8.881784197001252e-16), 'Min': np.float64(-5.206945985491984e-15), 'Mean': np.float64(-1.5096257577340566e-15), 'Std': np.float64(1.874869081328213e-15)}
2024-11-09 17:12:49,723 - INFO - Top 10 Std Stats: {'Max': np.float64(0.9999999969764574), 'Min': np.float64(0.9999999966374632), 'Mean': np.float64(0.999999996745213), 'Std': np.float64(1.0552294802389631e-10)}
2024-11-09 17:12:49,723 - INFO - Bottom 10 Mean Stats: {'Max': np.float64(107.0), 'Min': np.float64(86.0), 'Mean': np.float64(91.9), 'Std': np.float64(5.699999999999999)}
2024-11-09 17:12:49,724 - INFO - Bottom 10 Std Stats: {'Max': np.float64(0.0), 'Min': np.float64(0.0), 'Mean': np.float64(0.0), 'Std': np.float64(0.0)}
[I 2024-11-09 17:12:49,807] Trial 181 finished with value: 39.0 and parameters: {'x_0': 0, 'x_1': -1, 'x_2': -3, 'x_3': 5, 'x_4': -2}. Best is trial 162 with value: 9.0.
2024-11-09 17:12:58,159 - INFO - Candidate Mean Stats: {'Max': np.float64(107.0), 'Min': np.float64(-6.972200594645983e-14), 'Mean': np.float64(0.057137180147903456), 'Std': np.float64(1.8255880568932112)}
2024-11-09 17:12:58,160 - INFO - Candidate Std Stats: {'Max': np.float64(0.9999999966461839), 'Min': np.float64(0.0), 'Mean': np.float64(0.9988699116249649), 'Std': np.float64(0.03359761462116649)}
2024-11-09 17:12:58,194 - INFO - Top 10 Mean Stats: {'Max': np.float64(4.413136522884997e-15), 'Min': np.float64(-3.83026943495679e-15), 'Mean': np.float64(1.3740744653212288e-16), 'Std': np.float64(2.643376938234809e-15)}
2024-11-09 17:12:58,201 - INFO - Top 10 Std Stats: {'Max': np.float64(0.9999999966461839), 'Min': np.float64(0.9999999961454747), 'Mean': np.float64(0.999999996324917), 'Std': np.float64(1.409146026853962e-10)}
2024-11-09 17:12:58,202 - INFO - Bottom 10 Mean Stats: {'Max': np.float64(107.0), 'Min': np.float64(86.0), 'Mean': np.float64(91.9), 'Std': np.float64(5.699999999999999)}
2024-11-09 17:12:58,202 - INFO - Bottom 10 Std Stats: {'Max': np.float64(0.0), 'Min': np.float64(0.0), 'Mean': np.float64(0.0), 'Std': np.float64(0.0)}
[I 2024-11-09 17:12:58,230] Trial 182 finished with value: 26.0 and parameters: {'x_0': 2, 'x_1': -2, 'x_2': -3, 'x_3': 3, 'x_4': 0}. Best is trial 162 with value: 9.0.
2024-11-09 17:13:08,201 - INFO - Candidate Mean Stats: {'Max': np.float64(107.0), 'Min': np.float64(-6.565858967633176e-14), 'Mean': np.float64(0.05729861969189882), 'Std': np.float64(1.826732248347214)}
2024-11-09 17:13:08,202 - INFO - Candidate Std Stats: {'Max': np.float64(0.9999999971105996), 'Min': np.float64(0.0), 'Mean': np.float64(0.9988637022914837), 'Std': np.float64(0.03368968460398562)}
2024-11-09 17:13:08,231 - INFO - Top 10 Mean Stats: {'Max': np.float64(2.9531932455029166e-15), 'Min': np.float64(-1.4053374349648485e-15), 'Mean': np.float64(4.846605972455564e-16), 'Std': np.float64(1.4475572185730848e-15)}
2024-11-09 17:13:08,231 - INFO - Top 10 Std Stats: {'Max': np.float64(0.9999999971105996), 'Min': np.float64(0.9999999967082852), 'Mean': np.float64(0.9999999968366149), 'Std': np.float64(1.267438874534373e-10)}
2024-11-09 17:13:08,231 - INFO - Bottom 10 Mean Stats: {'Max': np.float64(107.0), 'Min': np.float64(86.0), 'Mean': np.float64(91.9), 'Std': np.float64(5.699999999999999)}
2024-11-09 17:13:08,232 - INFO - Bottom 10 Std Stats: {'Max': np.float64(0.0), 'Min': np.float64(0.0), 'Mean': np.float64(0.0), 'Std': np.float64(0.0)}
[I 2024-11-09 17:13:08,262] Trial 183 finished with value: 51.0 and parameters: {'x_0': -3, 'x_1': -5, 'x_2': 1, 'x_3': -4, 'x_4': 0}. Best is trial 162 with value: 9.0.
2024-11-09 17:13:17,915 - INFO - Candidate Mean Stats: {'Max': np.float64(107.0), 'Min': np.float64(-5.3135273958559995e-14), 'Mean': np.float64(0.05761528956665901), 'Std': np.float64(1.8311374828207694)}
2024-11-09 17:13:17,916 - INFO - Candidate Std Stats: {'Max': np.float64(0.9999999975342148), 'Min': np.float64(0.0), 'Mean': np.float64(0.9988574933761398), 'Std': np.float64(0.03378150252791347)}
2024-11-09 17:13:17,942 - INFO - Top 10 Mean Stats: {'Max': np.float64(3.173850071647166e-15), 'Min': np.float64(-2.176037128265307e-15), 'Mean': np.float64(1.1528278331951468e-15), 'Std': np.float64(1.4868348716492394e-15)}
2024-11-09 17:13:17,942 - INFO - Top 10 Std Stats: {'Max': np.float64(0.9999999975342148), 'Min': np.float64(0.9999999969438367), 'Mean': np.float64(0.9999999971756826), 'Std': np.float64(2.090070798524362e-10)}
2024-11-09 17:13:17,943 - INFO - Bottom 10 Mean Stats: {'Max': np.float64(107.0), 'Min': np.float64(86.0), 'Mean': np.float64(91.9), 'Std': np.float64(5.699999999999999)}
2024-11-09 17:13:17,943 - INFO - Bottom 10 Std Stats: {'Max': np.float64(0.0), 'Min': np.float64(0.0), 'Mean': np.float64(0.0), 'Std': np.float64(0.0)}
[I 2024-11-09 17:13:17,974] Trial 184 finished with value: 43.0 and parameters: {'x_0': -3, 'x_1': 5, 'x_2': 2, 'x_3': 2, 'x_4': -1}. Best is trial 162 with value: 9.0.
2024-11-09 17:13:27,932 - INFO - Candidate Mean Stats: {'Max': np.float64(107.0), 'Min': np.float64(-5.386247003968947e-14), 'Mean': np.float64(0.05788228573557448), 'Std': np.float64(1.834261289687056)}
2024-11-09 17:13:27,933 - INFO - Candidate Std Stats: {'Max': np.float64(0.9999999971731663), 'Min': np.float64(0.0), 'Mean': np.float64(0.9988512842312774), 'Std': np.float64(0.033873070420944514)}
2024-11-09 17:13:27,955 - INFO - Top 10 Mean Stats: {'Max': np.float64(2.525757381022231e-15), 'Min': np.float64(-4.485301019485632e-15), 'Mean': np.float64(-1.340039190722564e-15), 'Std': np.float64(2.1086438170109398e-15)}
2024-11-09 17:13:27,955 - INFO - Top 10 Std Stats: {'Max': np.float64(0.9999999971731663), 'Min': np.float64(0.9999999968549285), 'Mean': np.float64(0.999999997012288), 'Std': np.float64(1.285433882785117e-10)}
2024-11-09 17:13:27,955 - INFO - Bottom 10 Mean Stats: {'Max': np.float64(107.0), 'Min': np.float64(86.0), 'Mean': np.float64(91.9), 'Std': np.float64(5.699999999999999)}
2024-11-09 17:13:27,955 - INFO - Bottom 10 Std Stats: {'Max': np.float64(0.0), 'Min': np.float64(0.0), 'Mean': np.float64(0.0), 'Std': np.float64(0.0)}
[I 2024-11-09 17:13:27,984] Trial 185 finished with value: 71.0 and parameters: {'x_0': 1, 'x_1': 4, 'x_2': 2, 'x_3': -5, 'x_4': 5}. Best is trial 162 with value: 9.0.
2024-11-09 17:13:37,945 - INFO - Candidate Mean Stats: {'Max': np.float64(107.0), 'Min': np.float64(-7.498446308318307e-14), 'Mean': np.float64(0.058323139874946445), 'Std': np.float64(1.84275985768546)}
2024-11-09 17:13:37,946 - INFO - Candidate Std Stats: {'Max': np.float64(0.9999999966635246), 'Min': np.float64(0.0), 'Mean': np.float64(0.9988450747935649), 'Std': np.float64(0.03396439030304705)}
2024-11-09 17:13:37,984 - INFO - Top 10 Mean Stats: {'Max': np.float64(4.279909759929978e-15), 'Min': np.float64(-3.326505737533125e-15), 'Mean': np.float64(2.618044669944197e-16), 'Std': np.float64(2.212774731803754e-15)}
2024-11-09 17:13:37,984 - INFO - Top 10 Std Stats: {'Max': np.float64(0.9999999966635246), 'Min': np.float64(0.9999999964249607), 'Mean': np.float64(0.9999999965371866), 'Std': np.float64(8.55085607716668e-11)}
2024-11-09 17:13:37,984 - INFO - Bottom 10 Mean Stats: {'Max': np.float64(107.0), 'Min': np.float64(86.0), 'Mean': np.float64(91.9), 'Std': np.float64(5.699999999999999)}
2024-11-09 17:13:37,984 - INFO - Bottom 10 Std Stats: {'Max': np.float64(0.0), 'Min': np.float64(0.0), 'Mean': np.float64(0.0), 'Std': np.float64(0.0)}
[I 2024-11-09 17:13:38,016] Trial 186 finished with value: 40.0 and parameters: {'x_0': 2, 'x_1': -3, 'x_2': 1, 'x_3': 1, 'x_4': -5}. Best is trial 162 with value: 9.0.
2024-11-09 17:13:47,712 - INFO - Candidate Mean Stats: {'Max': np.float64(107.0), 'Min': np.float64(-5.977440764581843e-14), 'Mean': np.float64(0.058571508404170074), 'Std': np.float64(1.8454456375938075)}
2024-11-09 17:13:47,713 - INFO - Candidate Std Stats: {'Max': np.float64(0.9999999967688274), 'Min': np.float64(0.0), 'Mean': np.float64(0.9988388660907078), 'Std': np.float64(0.03405546420422788)}
2024-11-09 17:13:47,745 - INFO - Top 10 Mean Stats: {'Max': np.float64(1.865174681370263e-15), 'Min': np.float64(-2.5202062658991053e-15), 'Mean': np.float64(-5.028616412161568e-16), 'Std': np.float64(1.4275594732091143e-15)}
2024-11-09 17:13:47,745 - INFO - Top 10 Std Stats: {'Max': np.float64(0.9999999967688274), 'Min': np.float64(0.9999999963557255), 'Mean': np.float64(0.9999999965152705), 'Std': np.float64(1.3414313570485417e-10)}
2024-11-09 17:13:47,746 - INFO - Bottom 10 Mean Stats: {'Max': np.float64(107.0), 'Min': np.float64(86.0), 'Mean': np.float64(91.9), 'Std': np.float64(5.699999999999999)}
2024-11-09 17:13:47,746 - INFO - Bottom 10 Std Stats: {'Max': np.float64(0.0), 'Min': np.float64(0.0), 'Mean': np.float64(0.0), 'Std': np.float64(0.0)}
[I 2024-11-09 17:13:47,777] Trial 187 finished with value: 35.0 and parameters: {'x_0': 1, 'x_1': -2, 'x_2': 2, 'x_3': 5, 'x_4': -1}. Best is trial 162 with value: 9.0.
2024-11-09 17:13:54,639 - INFO - Candidate Mean Stats: {'Max': np.float64(107.0), 'Min': np.float64(-5.888900478367986e-14), 'Mean': np.float64(0.0587888308672408), 'Std': np.float64(1.847498412038152)}
2024-11-09 17:13:54,640 - INFO - Candidate Std Stats: {'Max': np.float64(0.9999999970979215), 'Min': np.float64(0.0), 'Mean': np.float64(0.9988326562070936), 'Std': np.float64(0.03414629402761781)}
2024-11-09 17:13:54,669 - INFO - Top 10 Mean Stats: {'Max': np.float64(1.559863349598345e-15), 'Min': np.float64(-2.4868995751603505e-15), 'Mean': np.float64(-4.1855408028368407e-16), 'Std': np.float64(1.3208866771015573e-15)}
2024-11-09 17:13:54,669 - INFO - Top 10 Std Stats: {'Max': np.float64(0.9999999970979215), 'Min': np.float64(0.9999999965341305), 'Mean': np.float64(0.9999999967716879), 'Std': np.float64(1.9099529630484652e-10)}
2024-11-09 17:13:54,669 - INFO - Bottom 10 Mean Stats: {'Max': np.float64(107.0), 'Min': np.float64(86.0), 'Mean': np.float64(91.9), 'Std': np.float64(5.699999999999999)}
2024-11-09 17:13:54,669 - INFO - Bottom 10 Std Stats: {'Max': np.float64(0.0), 'Min': np.float64(0.0), 'Mean': np.float64(0.0), 'Std': np.float64(0.0)}
[I 2024-11-09 17:13:54,698] Trial 188 finished with value: 29.0 and parameters: {'x_0': 2, 'x_1': 0, 'x_2': -4, 'x_3': -3, 'x_4': 0}. Best is trial 162 with value: 9.0.
2024-11-09 17:14:04,302 - INFO - Candidate Mean Stats: {'Max': np.float64(107.0), 'Min': np.float64(-5.921929613350585e-14), 'Mean': np.float64(0.058968898050927955), 'Std': np.float64(1.848905386034617)}
2024-11-09 17:14:04,304 - INFO - Candidate Std Stats: {'Max': np.float64(0.9999999965847023), 'Min': np.float64(0.0), 'Mean': np.float64(0.9988264473013398), 'Std': np.float64(0.03423688178916729)}
2024-11-09 17:14:04,332 - INFO - Top 10 Mean Stats: {'Max': np.float64(3.5416114485542492e-15), 'Min': np.float64(-3.297362383136715e-15), 'Mean': np.float64(-9.766493169749423e-17), 'Std': np.float64(1.9277494705056708e-15)}
2024-11-09 17:14:04,333 - INFO - Top 10 Std Stats: {'Max': np.float64(0.9999999965847023), 'Min': np.float64(0.9999999963885519), 'Mean': np.float64(0.999999996458669), 'Std': np.float64(7.107565937289101e-11)}
2024-11-09 17:14:04,333 - INFO - Bottom 10 Mean Stats: {'Max': np.float64(107.0), 'Min': np.float64(86.0), 'Mean': np.float64(91.9), 'Std': np.float64(5.699999999999999)}
2024-11-09 17:14:04,333 - INFO - Bottom 10 Std Stats: {'Max': np.float64(0.0), 'Min': np.float64(0.0), 'Mean': np.float64(0.0), 'Std': np.float64(0.0)}
[I 2024-11-09 17:14:04,368] Trial 189 finished with value: 75.0 and parameters: {'x_0': -3, 'x_1': -5, 'x_2': 3, 'x_3': -4, 'x_4': -4}. Best is trial 162 with value: 9.0.
2024-11-09 17:14:13,149 - INFO - Candidate Mean Stats: {'Max': np.float64(107.0), 'Min': np.float64(-9.23650045336899e-14), 'Mean': np.float64(0.05943458904322233), 'Std': np.float64(1.8583118176163276)}
2024-11-09 17:14:13,150 - INFO - Candidate Std Stats: {'Max': np.float64(0.9999999969615105), 'Min': np.float64(0.0), 'Mean': np.float64(0.9988202378271802), 'Std': np.float64(0.03432722935263096)}
2024-11-09 17:14:13,179 - INFO - Top 10 Mean Stats: {'Max': np.float64(4.96269692007445e-15), 'Min': np.float64(-4.385380947269368e-15), 'Mean': np.float64(4.523117991261927e-16), 'Std': np.float64(2.86614389753552e-15)}
2024-11-09 17:14:13,179 - INFO - Top 10 Std Stats: {'Max': np.float64(0.9999999969615105), 'Min': np.float64(0.9999999961241038), 'Mean': np.float64(0.9999999963636963), 'Std': np.float64(2.4749068758073557e-10)}
2024-11-09 17:14:13,180 - INFO - Bottom 10 Mean Stats: {'Max': np.float64(107.0), 'Min': np.float64(86.0), 'Mean': np.float64(91.9), 'Std': np.float64(5.699999999999999)}
2024-11-09 17:14:13,180 - INFO - Bottom 10 Std Stats: {'Max': np.float64(0.0), 'Min': np.float64(0.0), 'Mean': np.float64(0.0), 'Std': np.float64(0.0)}
[I 2024-11-09 17:14:13,212] Trial 190 finished with value: 77.0 and parameters: {'x_0': -3, 'x_1': 3, 'x_2': -5, 'x_3': 3, 'x_4': 5}. Best is trial 162 with value: 9.0.
2024-11-09 17:14:23,642 - INFO - Candidate Mean Stats: {'Max': np.float64(107.0), 'Min': np.float64(-7.104317134576376e-14), 'Mean': np.float64(0.05991269846197791), 'Std': np.float64(1.8681756276309824)}
2024-11-09 17:14:23,643 - INFO - Candidate Std Stats: {'Max': np.float64(0.9999999984857403), 'Min': np.float64(0.0), 'Mean': np.float64(0.9988140288887305), 'Std': np.float64(0.03441733864734989)}
2024-11-09 17:14:23,673 - INFO - Top 10 Mean Stats: {'Max': np.float64(1.959543638463401e-15), 'Min': np.float64(-1.2101430968414207e-15), 'Mean': np.float64(4.235500838944972e-16), 'Std': np.float64(9.69324049556914e-16)}
2024-11-09 17:14:23,674 - INFO - Top 10 Std Stats: {'Max': np.float64(0.9999999984857403), 'Min': np.float64(0.9999999982349107), 'Mean': np.float64(0.9999999983735298), 'Std': np.float64(7.801421796017012e-11)}
2024-11-09 17:14:23,674 - INFO - Bottom 10 Mean Stats: {'Max': np.float64(107.0), 'Min': np.float64(86.0), 'Mean': np.float64(91.9), 'Std': np.float64(5.699999999999999)}
2024-11-09 17:14:23,674 - INFO - Bottom 10 Std Stats: {'Max': np.float64(0.0), 'Min': np.float64(0.0), 'Mean': np.float64(0.0), 'Std': np.float64(0.0)}
