[I 2024-11-09 17:27:32,329] Trial 271 finished with value: 36.0 and parameters: {'x_0': -4, 'x_1': -4, 'x_2': 0, 'x_3': -2, 'x_4': 0}. Best is trial 162 with value: 9.0.
2024-11-09 17:27:36,522 - INFO - Candidate Mean Stats: {'Max': np.float64(107.0), 'Min': np.float64(-5.792033519469442e-14), 'Mean': np.float64(0.08425281432589678), 'Std': np.float64(2.199995672685553)}
2024-11-09 17:27:36,522 - INFO - Candidate Std Stats: {'Max': np.float64(0.9999999969842933), 'Min': np.float64(0.0), 'Mean': np.float64(0.9983110823932079), 'Std': np.float64(0.04106158248336903)}
2024-11-09 17:27:36,545 - INFO - Top 10 Mean Stats: {'Max': np.float64(3.641531520770513e-15), 'Min': np.float64(-3.68594044175552e-15), 'Mean': np.float64(4.674038933671908e-16), 'Std': np.float64(1.987333016671351e-15)}
2024-11-09 17:27:36,545 - INFO - Top 10 Std Stats: {'Max': np.float64(0.9999999969842933), 'Min': np.float64(0.9999999964874935), 'Mean': np.float64(0.9999999966782218), 'Std': np.float64(1.647848345534262e-10)}
2024-11-09 17:27:36,545 - INFO - Bottom 10 Mean Stats: {'Max': np.float64(107.0), 'Min': np.float64(88.0), 'Mean': np.float64(94.0), 'Std': np.float64(6.04979338490167)}
2024-11-09 17:27:36,545 - INFO - Bottom 10 Std Stats: {'Max': np.float64(0.0), 'Min': np.float64(0.0), 'Mean': np.float64(0.0), 'Std': np.float64(0.0)}
[I 2024-11-09 17:27:36,576] Trial 272 finished with value: 74.0 and parameters: {'x_0': -2, 'x_1': -2, 'x_2': 4, 'x_3': 5, 'x_4': 5}. Best is trial 162 with value: 9.0.
2024-11-09 17:27:43,098 - INFO - Candidate Mean Stats: {'Max': np.float64(107.0), 'Min': np.float64(-6.09956529729061e-14), 'Mean': np.float64(0.08471229610496055), 'Std': np.float64(2.207692228345323)}
2024-11-09 17:27:43,099 - INFO - Candidate Std Stats: {'Max': np.float64(0.999999997173837), 'Min': np.float64(0.0), 'Mean': np.float64(0.9983048733445453), 'Std': np.float64(0.04113686616131088)}
2024-11-09 17:27:43,121 - INFO - Top 10 Mean Stats: {'Max': np.float64(2.0594637106796655e-15), 'Min': np.float64(-3.9968028886505635e-15), 'Mean': np.float64(-4.155009669659648e-16), 'Std': np.float64(1.956211728894479e-15)}
2024-11-09 17:27:43,121 - INFO - Top 10 Std Stats: {'Max': np.float64(0.999999997173837), 'Min': np.float64(0.9999999966380659), 'Mean': np.float64(0.9999999967992595), 'Std': np.float64(1.8326148070788343e-10)}
2024-11-09 17:27:43,122 - INFO - Bottom 10 Mean Stats: {'Max': np.float64(107.0), 'Min': np.float64(88.0), 'Mean': np.float64(94.0), 'Std': np.float64(6.04979338490167)}
2024-11-09 17:27:43,122 - INFO - Bottom 10 Std Stats: {'Max': np.float64(0.0), 'Min': np.float64(0.0), 'Mean': np.float64(0.0), 'Std': np.float64(0.0)}
[I 2024-11-09 17:27:43,152] Trial 273 finished with value: 76.0 and parameters: {'x_0': -4, 'x_1': -1, 'x_2': -3, 'x_3': -5, 'x_4': -5}. Best is trial 162 with value: 9.0.
2024-11-09 17:27:49,686 - INFO - Candidate Mean Stats: {'Max': np.float64(107.0), 'Min': np.float64(-5.1414428270391e-14), 'Mean': np.float64(0.08518419631048552), 'Std': np.float64(2.21578185219722)}
2024-11-09 17:27:49,687 - INFO - Candidate Std Stats: {'Max': np.float64(0.9999999969512731), 'Min': np.float64(0.0), 'Mean': np.float64(0.9982986642871177), 'Std': np.float64(0.041212011379867124)}
2024-11-09 17:27:49,711 - INFO - Top 10 Mean Stats: {'Max': np.float64(3.508304757815495e-15), 'Min': np.float64(-2.571554080788019e-15), 'Mean': np.float64(-1.5688839116734248e-16), 'Std': np.float64(1.9338503968783027e-15)}
2024-11-09 17:27:49,712 - INFO - Top 10 Std Stats: {'Max': np.float64(0.9999999969512731), 'Min': np.float64(0.9999999965269858), 'Mean': np.float64(0.9999999967387033), 'Std': np.float64(1.1280847695773639e-10)}
2024-11-09 17:27:49,712 - INFO - Bottom 10 Mean Stats: {'Max': np.float64(107.0), 'Min': np.float64(88.0), 'Mean': np.float64(94.0), 'Std': np.float64(6.04979338490167)}
2024-11-09 17:27:49,712 - INFO - Bottom 10 Std Stats: {'Max': np.float64(0.0), 'Min': np.float64(0.0), 'Mean': np.float64(0.0), 'Std': np.float64(0.0)}
[I 2024-11-09 17:27:49,751] Trial 274 finished with value: 50.0 and parameters: {'x_0': 3, 'x_1': 0, 'x_2': 3, 'x_3': -4, 'x_4': 4}. Best is trial 162 with value: 9.0.
2024-11-09 17:27:56,709 - INFO - Candidate Mean Stats: {'Max': np.float64(107.0), 'Min': np.float64(-5.893341370466488e-14), 'Mean': np.float64(0.08549465697201505), 'Std': np.float64(2.2192699836958374)}
2024-11-09 17:27:56,709 - INFO - Candidate Std Stats: {'Max': np.float64(0.9999999962037115), 'Min': np.float64(0.0), 'Mean': np.float64(0.9982924551242288), 'Std': np.float64(0.041287018891051505)}
2024-11-09 17:27:56,732 - INFO - Top 10 Mean Stats: {'Max': np.float64(2.3245294578089215e-15), 'Min': np.float64(-3.808064974464287e-15), 'Mean': np.float64(-1.2078879563226502e-16), 'Std': np.float64(2.2300878128499303e-15)}
2024-11-09 17:27:56,733 - INFO - Top 10 Std Stats: {'Max': np.float64(0.9999999962037115), 'Min': np.float64(0.9999999959423578), 'Mean': np.float64(0.9999999960691618), 'Std': np.float64(8.466421680917401e-11)}
2024-11-09 17:27:56,733 - INFO - Bottom 10 Mean Stats: {'Max': np.float64(107.0), 'Min': np.float64(88.0), 'Mean': np.float64(94.0), 'Std': np.float64(6.04979338490167)}
2024-11-09 17:27:56,733 - INFO - Bottom 10 Std Stats: {'Max': np.float64(0.0), 'Min': np.float64(0.0), 'Mean': np.float64(0.0), 'Std': np.float64(0.0)}
[I 2024-11-09 17:27:56,769] Trial 275 finished with value: 59.0 and parameters: {'x_0': 5, 'x_1': 0, 'x_2': 0, 'x_3': 3, 'x_4': -5}. Best is trial 162 with value: 9.0.
2024-11-09 17:28:01,857 - INFO - Candidate Mean Stats: {'Max': np.float64(107.0), 'Min': np.float64(-5.980875517064277e-14), 'Mean': np.float64(0.08586100055262), 'Std': np.float64(2.2241202208387656)}
2024-11-09 17:28:01,857 - INFO - Candidate Std Stats: {'Max': np.float64(0.9999999973395971), 'Min': np.float64(0.0), 'Mean': np.float64(0.9982862458640949), 'Std': np.float64(0.04136188944433123)}
2024-11-09 17:28:01,882 - INFO - Top 10 Mean Stats: {'Max': np.float64(5.17363929475323e-15), 'Min': np.float64(-2.6173507805538065e-15), 'Mean': np.float64(2.53408405370692e-16), 'Std': np.float64(2.4809231019818524e-15)}
2024-11-09 17:28:01,882 - INFO - Top 10 Std Stats: {'Max': np.float64(0.9999999973395971), 'Min': np.float64(0.9999999965919658), 'Mean': np.float64(0.9999999968288652), 'Std': np.float64(2.6307445727137184e-10)}
2024-11-09 17:28:01,882 - INFO - Bottom 10 Mean Stats: {'Max': np.float64(107.0), 'Min': np.float64(88.0), 'Mean': np.float64(94.0), 'Std': np.float64(6.04979338490167)}
2024-11-09 17:28:01,882 - INFO - Bottom 10 Std Stats: {'Max': np.float64(0.0), 'Min': np.float64(0.0), 'Mean': np.float64(0.0), 'Std': np.float64(0.0)}
[I 2024-11-09 17:28:01,909] Trial 276 finished with value: 46.0 and parameters: {'x_0': 2, 'x_1': -4, 'x_2': 1, 'x_3': 0, 'x_4': 5}. Best is trial 162 with value: 9.0.
2024-11-09 17:28:07,060 - INFO - Candidate Mean Stats: {'Max': np.float64(107.0), 'Min': np.float64(-7.751577157932843e-14), 'Mean': np.float64(0.0861466243612272), 'Std': np.float64(2.227060915751267)}
2024-11-09 17:28:07,061 - INFO - Candidate Std Stats: {'Max': np.float64(0.999999997237259), 'Min': np.float64(0.0), 'Mean': np.float64(0.9982800368121412), 'Std': np.float64(0.041436623794735096)}
2024-11-09 17:28:07,085 - INFO - Top 10 Mean Stats: {'Max': np.float64(1.7097434579227411e-15), 'Min': np.float64(-3.524958103184872e-15), 'Mean': np.float64(1.498801083243959e-17), 'Std': np.float64(1.453353711811502e-15)}
2024-11-09 17:28:07,085 - INFO - Top 10 Std Stats: {'Max': np.float64(0.999999997237259), 'Min': np.float64(0.9999999968359391), 'Mean': np.float64(0.9999999970095826), 'Std': np.float64(1.2672943138701524e-10)}
2024-11-09 17:28:07,085 - INFO - Bottom 10 Mean Stats: {'Max': np.float64(107.0), 'Min': np.float64(88.0), 'Mean': np.float64(94.0), 'Std': np.float64(6.04979338490167)}
2024-11-09 17:28:07,085 - INFO - Bottom 10 Std Stats: {'Max': np.float64(0.0), 'Min': np.float64(0.0), 'Mean': np.float64(0.0), 'Std': np.float64(0.0)}
[I 2024-11-09 17:28:07,116] Trial 277 finished with value: 74.0 and parameters: {'x_0': -4, 'x_1': 4, 'x_2': -1, 'x_3': -5, 'x_4': -4}. Best is trial 162 with value: 9.0.
2024-11-09 17:28:12,279 - INFO - Candidate Mean Stats: {'Max': np.float64(107.0), 'Min': np.float64(-6.436795541020501e-14), 'Mean': np.float64(0.08660610614029096), 'Std': np.float64(2.2346638667561716)}
2024-11-09 17:28:12,279 - INFO - Candidate Std Stats: {'Max': np.float64(0.999999996790387), 'Min': np.float64(0.0), 'Mean': np.float64(0.9982738274030819), 'Std': np.float64(0.04151122265448516)}
2024-11-09 17:28:12,302 - INFO - Top 10 Mean Stats: {'Max': np.float64(4.9127368839663175e-16), 'Min': np.float64(-3.530509218307998e-15), 'Mean': np.float64(-9.661715871800425e-16), 'Std': np.float64(1.365760726874479e-15)}
2024-11-09 17:28:12,302 - INFO - Top 10 Std Stats: {'Max': np.float64(0.999999996790387), 'Min': np.float64(0.9999999964604395), 'Mean': np.float64(0.9999999966219126), 'Std': np.float64(1.1634539976704404e-10)}
2024-11-09 17:28:12,302 - INFO - Bottom 10 Mean Stats: {'Max': np.float64(107.0), 'Min': np.float64(88.0), 'Mean': np.float64(94.0), 'Std': np.float64(6.04979338490167)}
2024-11-09 17:28:12,303 - INFO - Bottom 10 Std Stats: {'Max': np.float64(0.0), 'Min': np.float64(0.0), 'Mean': np.float64(0.0), 'Std': np.float64(0.0)}
[I 2024-11-09 17:28:12,335] Trial 278 finished with value: 76.0 and parameters: {'x_0': 5, 'x_1': -3, 'x_2': -1, 'x_3': 4, 'x_4': 5}. Best is trial 162 with value: 9.0.
2024-11-09 17:28:18,233 - INFO - Candidate Mean Stats: {'Max': np.float64(107.0), 'Min': np.float64(-5.737632591262808e-14), 'Mean': np.float64(0.08707800634581594), 'Std': np.float64(2.242655803157757)}
2024-11-09 17:28:18,234 - INFO - Candidate Std Stats: {'Max': np.float64(0.9999999970252947), 'Min': np.float64(0.0), 'Mean': np.float64(0.9982676180053284), 'Std': np.float64(0.04158568676792206)}
2024-11-09 17:28:18,259 - INFO - Top 10 Mean Stats: {'Max': np.float64(4.08006961549745e-15), 'Min': np.float64(-3.4888758548845545e-15), 'Mean': np.float64(-3.4472424914611115e-16), 'Std': np.float64(2.290350948364292e-15)}
2024-11-09 17:28:18,259 - INFO - Top 10 Std Stats: {'Max': np.float64(0.9999999970252947), 'Min': np.float64(0.9999999967600323), 'Mean': np.float64(0.9999999969046989), 'Std': np.float64(8.609410327239695e-11)}
2024-11-09 17:28:18,259 - INFO - Bottom 10 Mean Stats: {'Max': np.float64(107.0), 'Min': np.float64(88.0), 'Mean': np.float64(94.0), 'Std': np.float64(6.04979338490167)}
2024-11-09 17:28:18,259 - INFO - Bottom 10 Std Stats: {'Max': np.float64(0.0), 'Min': np.float64(0.0), 'Mean': np.float64(0.0), 'Std': np.float64(0.0)}
[I 2024-11-09 17:28:18,290] Trial 279 finished with value: 32.0 and parameters: {'x_0': 2, 'x_1': 1, 'x_2': -3, 'x_3': 3, 'x_4': -3}. Best is trial 162 with value: 9.0.
2024-11-09 17:28:24,891 - INFO - Candidate Mean Stats: {'Max': np.float64(107.0), 'Min': np.float64(-6.419309528382656e-14), 'Mean': np.float64(0.08727670116919486), 'Std': np.float64(2.244065204580177)}
2024-11-09 17:28:24,891 - INFO - Candidate Std Stats: {'Max': np.float64(0.9999999962091206), 'Min': np.float64(0.0), 'Mean': np.float64(0.9982614091379198), 'Std': np.float64(0.04166001687925802)}
2024-11-09 17:28:24,917 - INFO - Top 10 Mean Stats: {'Max': np.float64(2.2676305277968823e-15), 'Min': np.float64(-2.7533531010703883e-15), 'Mean': np.float64(3.323296499102567e-17), 'Std': np.float64(1.685510141670308e-15)}
2024-11-09 17:28:24,917 - INFO - Top 10 Std Stats: {'Max': np.float64(0.9999999962091206), 'Min': np.float64(0.9999999959438407), 'Mean': np.float64(0.9999999960657269), 'Std': np.float64(9.947096096313155e-11)}
2024-11-09 17:28:24,918 - INFO - Bottom 10 Mean Stats: {'Max': np.float64(107.0), 'Min': np.float64(88.0), 'Mean': np.float64(94.0), 'Std': np.float64(6.04979338490167)}
2024-11-09 17:28:24,918 - INFO - Bottom 10 Std Stats: {'Max': np.float64(0.0), 'Min': np.float64(0.0), 'Mean': np.float64(0.0), 'Std': np.float64(0.0)}
[I 2024-11-09 17:28:24,976] Trial 280 finished with value: 70.0 and parameters: {'x_0': -4, 'x_1': -5, 'x_2': -3, 'x_3': 2, 'x_4': 4}. Best is trial 162 with value: 9.0.
2024-11-09 17:28:31,545 - INFO - Candidate Mean Stats: {'Max': np.float64(107.0), 'Min': np.float64(-5.802025526691068e-14), 'Mean': np.float64(0.08771134609533623), 'Std': np.float64(2.250817124861656)}
2024-11-09 17:28:31,547 - INFO - Candidate Std Stats: {'Max': np.float64(0.9999999968500308), 'Min': np.float64(0.0), 'Mean': np.float64(0.9982551995208899), 'Std': np.float64(0.04173421365120557)}
2024-11-09 17:28:31,573 - INFO - Top 10 Mean Stats: {'Max': np.float64(4.155703559050039e-15), 'Min': np.float64(-2.2409157862668393e-15), 'Mean': np.float64(7.44439232480687e-16), 'Std': np.float64(1.7083162355701108e-15)}
2024-11-09 17:28:31,574 - INFO - Top 10 Std Stats: {'Max': np.float64(0.9999999968500308), 'Min': np.float64(0.9999999964377685), 'Mean': np.float64(0.999999996570115), 'Std': np.float64(1.5038678230923977e-10)}
2024-11-09 17:28:31,574 - INFO - Bottom 10 Mean Stats: {'Max': np.float64(107.0), 'Min': np.float64(88.0), 'Mean': np.float64(94.0), 'Std': np.float64(6.04979338490167)}
2024-11-09 17:28:31,574 - INFO - Bottom 10 Std Stats: {'Max': np.float64(0.0), 'Min': np.float64(0.0), 'Mean': np.float64(0.0), 'Std': np.float64(0.0)}
[I 2024-11-09 17:28:31,605] Trial 281 finished with value: 56.0 and parameters: {'x_0': 3, 'x_1': 5, 'x_2': -3, 'x_3': -2, 'x_4': -3}. Best is trial 162 with value: 9.0.
2024-11-09 17:28:38,014 - INFO - Candidate Mean Stats: {'Max': np.float64(107.0), 'Min': np.float64(-5.300204719560497e-14), 'Mean': np.float64(0.0880590620362494), 'Std': np.float64(2.2551249863563614)}
2024-11-09 17:28:38,015 - INFO - Candidate Std Stats: {'Max': np.float64(0.9999999972548066), 'Min': np.float64(0.0), 'Mean': np.float64(0.9982489908473193), 'Std': np.float64(0.04180827786424812)}
2024-11-09 17:28:38,041 - INFO - Top 10 Mean Stats: {'Max': np.float64(1.787459069646502e-15), 'Min': np.float64(-3.845014584502593e-15), 'Mean': np.float64(-4.584700674659104e-16), 'Std': np.float64(1.5423767423758745e-15)}
2024-11-09 17:28:38,041 - INFO - Top 10 Std Stats: {'Max': np.float64(0.9999999972548066), 'Min': np.float64(0.9999999966681818), 'Mean': np.float64(0.9999999969017767), 'Std': np.float64(1.799970481605855e-10)}
2024-11-09 17:28:38,042 - INFO - Bottom 10 Mean Stats: {'Max': np.float64(107.0), 'Min': np.float64(88.0), 'Mean': np.float64(94.0), 'Std': np.float64(6.04979338490167)}
2024-11-09 17:28:38,042 - INFO - Bottom 10 Std Stats: {'Max': np.float64(0.0), 'Min': np.float64(0.0), 'Mean': np.float64(0.0), 'Std': np.float64(0.0)}
[I 2024-11-09 17:28:38,080] Trial 282 finished with value: 36.0 and parameters: {'x_0': 1, 'x_1': 3, 'x_2': -4, 'x_3': 3, 'x_4': 1}. Best is trial 162 with value: 9.0.
2024-11-09 17:28:43,791 - INFO - Candidate Mean Stats: {'Max': np.float64(107.0), 'Min': np.float64(-5.114797474448096e-14), 'Mean': np.float64(0.08828259371255066), 'Std': np.float64(2.2568997378017737)}
2024-11-09 17:28:43,791 - INFO - Candidate Std Stats: {'Max': np.float64(0.9999999968515435), 'Min': np.float64(0.0), 'Mean': np.float64(0.9982427811776752), 'Std': np.float64(0.041882210140679325)}
2024-11-09 17:28:43,814 - INFO - Top 10 Mean Stats: {'Max': np.float64(4.307665335545607e-15), 'Min': np.float64(-3.186340080674199e-15), 'Mean': np.float64(3.0364599723498035e-16), 'Std': np.float64(2.7648505134858007e-15)}
2024-11-09 17:28:43,814 - INFO - Top 10 Std Stats: {'Max': np.float64(0.9999999968515435), 'Min': np.float64(0.9999999965843943), 'Mean': np.float64(0.9999999966977636), 'Std': np.float64(1.0440303324890793e-10)}
2024-11-09 17:28:43,815 - INFO - Bottom 10 Mean Stats: {'Max': np.float64(107.0), 'Min': np.float64(88.0), 'Mean': np.float64(94.0), 'Std': np.float64(6.04979338490167)}
2024-11-09 17:28:43,815 - INFO - Bottom 10 Std Stats: {'Max': np.float64(0.0), 'Min': np.float64(0.0), 'Mean': np.float64(0.0), 'Std': np.float64(0.0)}
[I 2024-11-09 17:28:43,848] Trial 283 finished with value: 79.0 and parameters: {'x_0': 3, 'x_1': 5, 'x_2': -4, 'x_3': -2, 'x_4': -5}. Best is trial 162 with value: 9.0.
2024-11-09 17:28:49,098 - INFO - Candidate Mean Stats: {'Max': np.float64(107.0), 'Min': np.float64(-5.446754158811018e-14), 'Mean': np.float64(0.08877312155776741), 'Std': np.float64(2.2654494643455063)}
2024-11-09 17:28:49,098 - INFO - Candidate Std Stats: {'Max': np.float64(0.9999999969717607), 'Min': np.float64(0.0), 'Mean': np.float64(0.99823657197158), 'Std': np.float64(0.041956011238876476)}
2024-11-09 17:28:49,120 - INFO - Top 10 Mean Stats: {'Max': np.float64(3.597122599785507e-15), 'Min': np.float64(-2.609024107869118e-15), 'Mean': np.float64(7.091029152750394e-16), 'Std': np.float64(1.727803893913405e-15)}
2024-11-09 17:28:49,120 - INFO - Top 10 Std Stats: {'Max': np.float64(0.9999999969717607), 'Min': np.float64(0.9999999963167103), 'Mean': np.float64(0.9999999965283886), 'Std': np.float64(1.8793431321663058e-10)}
2024-11-09 17:28:49,120 - INFO - Bottom 10 Mean Stats: {'Max': np.float64(107.0), 'Min': np.float64(88.0), 'Mean': np.float64(94.0), 'Std': np.float64(6.04979338490167)}
2024-11-09 17:28:49,120 - INFO - Bottom 10 Std Stats: {'Max': np.float64(0.0), 'Min': np.float64(0.0), 'Mean': np.float64(0.0), 'Std': np.float64(0.0)}
[I 2024-11-09 17:28:49,150] Trial 284 finished with value: 19.0 and parameters: {'x_0': -2, 'x_1': 3, 'x_2': 1, 'x_3': 2, 'x_4': 1}. Best is trial 162 with value: 9.0.
2024-11-09 17:28:54,332 - INFO - Candidate Mean Stats: {'Max': np.float64(107.0), 'Min': np.float64(-6.330491686412643e-14), 'Mean': np.float64(0.08889109660914865), 'Std': np.float64(2.2659395052680287)}
2024-11-09 17:28:54,334 - INFO - Candidate Std Stats: {'Max': np.float64(0.9999999975910835), 'Min': np.float64(0.0), 'Mean': np.float64(0.9982303627584422), 'Std': np.float64(0.0420296818302498)}
2024-11-09 17:28:54,358 - INFO - Top 10 Mean Stats: {'Max': np.float64(2.1871393585115583e-15), 'Min': np.float64(-3.2529534621517087e-15), 'Mean': np.float64(-7.271960811294775e-16), 'Std': np.float64(1.621900570025314e-15)}
2024-11-09 17:28:54,358 - INFO - Top 10 Std Stats: {'Max': np.float64(0.9999999975910835), 'Min': np.float64(0.9999999969800144), 'Mean': np.float64(0.9999999972302028), 'Std': np.float64(1.9903749316030102e-10)}
2024-11-09 17:28:54,358 - INFO - Bottom 10 Mean Stats: {'Max': np.float64(107.0), 'Min': np.float64(88.0), 'Mean': np.float64(94.0), 'Std': np.float64(6.04979338490167)}
2024-11-09 17:28:54,358 - INFO - Bottom 10 Std Stats: {'Max': np.float64(0.0), 'Min': np.float64(0.0), 'Mean': np.float64(0.0), 'Std': np.float64(0.0)}
[I 2024-11-09 17:28:54,389] Trial 285 finished with value: 31.0 and parameters: {'x_0': -5, 'x_1': 1, 'x_2': 1, 'x_3': 2, 'x_4': 0}. Best is trial 162 with value: 9.0.
2024-11-09 17:29:03,772 - INFO - Candidate Mean Stats: {'Max': np.float64(107.0), 'Min': np.float64(-5.1758597408024797e-14), 'Mean': np.float64(0.08908358221929699), 'Std': np.float64(2.2672482523720845)}
2024-11-09 17:29:03,774 - INFO - Candidate Std Stats: {'Max': np.float64(0.9999999969602452), 'Min': np.float64(0.0), 'Mean': np.float64(0.9982241537900214), 'Std': np.float64(0.0421032226104823)}
2024-11-09 17:29:03,796 - INFO - Top 10 Mean Stats: {'Max': np.float64(4.3298697960381105e-15), 'Min': np.float64(-4.102274075989954e-15), 'Mean': np.float64(2.642330798607871e-16), 'Std': np.float64(2.548910071276505e-15)}
2024-11-09 17:29:03,796 - INFO - Top 10 Std Stats: {'Max': np.float64(0.9999999969602452), 'Min': np.float64(0.9999999965665447), 'Mean': np.float64(0.9999999967383634), 'Std': np.float64(1.33173413874794e-10)}
2024-11-09 17:29:03,796 - INFO - Bottom 10 Mean Stats: {'Max': np.float64(107.0), 'Min': np.float64(88.0), 'Mean': np.float64(94.0), 'Std': np.float64(6.04979338490167)}
2024-11-09 17:29:03,797 - INFO - Bottom 10 Std Stats: {'Max': np.float64(0.0), 'Min': np.float64(0.0), 'Mean': np.float64(0.0), 'Std': np.float64(0.0)}
[I 2024-11-09 17:29:03,878] Trial 286 finished with value: 45.0 and parameters: {'x_0': 3, 'x_1': 0, 'x_2': -4, 'x_3': 4, 'x_4': -2}. Best is trial 162 with value: 9.0.
2024-11-09 17:29:08,396 - INFO - Candidate Mean Stats: {'Max': np.float64(107.0), 'Min': np.float64(-7.223110998211269e-14), 'Mean': np.float64(0.08936299681467363), 'Std': np.float64(2.270008465644466)}
2024-11-09 17:29:08,396 - INFO - Candidate Std Stats: {'Max': np.float64(0.9999999969347224), 'Min': np.float64(0.0), 'Mean': np.float64(0.9982179444015664), 'Std': np.float64(0.042176634230625974)}
2024-11-09 17:29:08,418 - INFO - Top 10 Mean Stats: {'Max': np.float64(4.546363285840016e-15), 'Min': np.float64(-1.126876369994534e-15), 'Mean': np.float64(7.022160630754115e-16), 'Std': np.float64(1.697629117504041e-15)}
2024-11-09 17:29:08,418 - INFO - Top 10 Std Stats: {'Max': np.float64(0.9999999969347224), 'Min': np.float64(0.9999999964734129), 'Mean': np.float64(0.9999999966515787), 'Std': np.float64(1.6408749876762437e-10)}
2024-11-09 17:29:08,418 - INFO - Bottom 10 Mean Stats: {'Max': np.float64(107.0), 'Min': np.float64(88.0), 'Mean': np.float64(94.0), 'Std': np.float64(6.04979338490167)}
2024-11-09 17:29:08,418 - INFO - Bottom 10 Std Stats: {'Max': np.float64(0.0), 'Min': np.float64(0.0), 'Mean': np.float64(0.0), 'Std': np.float64(0.0)}
