[I 2024-11-09 17:29:36,261] Trial 287 finished with value: 91.0 and parameters: {'x_0': 4, 'x_1': 5, 'x_2': -3, 'x_3': 4, 'x_4': -5}. Best is trial 176 with value: 7.0.
2024-11-09 17:29:40,830 - INFO - Candidate Mean Stats: {'Max': np.float64(107.0), 'Min': np.float64(-5.077049891610841e-14), 'Mean': np.float64(0.09249864949612237), 'Std': np.float64(2.3263879601078123)}
2024-11-09 17:29:40,831 - INFO - Candidate Std Stats: {'Max': np.float64(0.9999999965793505), 'Min': np.float64(0.0), 'Mean': np.float64(0.9982117353225942), 'Std': np.float64(0.042249917394641734)}
2024-11-09 17:29:40,852 - INFO - Top 10 Mean Stats: {'Max': np.float64(3.175237850427948e-15), 'Min': np.float64(-1.2878587085651815e-15), 'Mean': np.float64(9.170442183403795e-16), 'Std': np.float64(1.3345319480843127e-15)}
2024-11-09 17:29:40,852 - INFO - Top 10 Std Stats: {'Max': np.float64(0.9999999965793505), 'Min': np.float64(0.9999999960387342), 'Mean': np.float64(0.9999999962990682), 'Std': np.float64(1.867490270140812e-10)}
2024-11-09 17:29:40,852 - INFO - Bottom 10 Mean Stats: {'Max': np.float64(107.0), 'Min': np.float64(85.0), 'Mean': np.float64(93.4), 'Std': np.float64(7.002856560004639)}
2024-11-09 17:29:40,852 - INFO - Bottom 10 Std Stats: {'Max': np.float64(0.0), 'Min': np.float64(0.0), 'Mean': np.float64(0.0), 'Std': np.float64(0.0)}
[I 2024-11-09 17:29:40,883] Trial 288 finished with value: 60.0 and parameters: {'x_0': 5, 'x_1': 1, 'x_2': -3, 'x_3': -4, 'x_4': 3}. Best is trial 176 with value: 7.0.
2024-11-09 17:29:49,355 - INFO - Candidate Mean Stats: {'Max': np.float64(107.0), 'Min': np.float64(-6.048495038157852e-14), 'Mean': np.float64(0.09287120228995785), 'Std': np.float64(2.3311724621976255)}
2024-11-09 17:29:49,356 - INFO - Candidate Std Stats: {'Max': np.float64(0.999999997872823), 'Min': np.float64(0.0), 'Mean': np.float64(0.9982055264117593), 'Std': np.float64(0.04232307276394519)}
2024-11-09 17:29:49,392 - INFO - Top 10 Mean Stats: {'Max': np.float64(2.453592884421596e-15), 'Min': np.float64(-3.808064974464287e-15), 'Mean': np.float64(-6.730727086790007e-17), 'Std': np.float64(1.8969878318911604e-15)}
2024-11-09 17:29:49,393 - INFO - Top 10 Std Stats: {'Max': np.float64(0.999999997872823), 'Min': np.float64(0.9999999973172434), 'Mean': np.float64(0.9999999976748821), 'Std': np.float64(1.9012816419942008e-10)}
2024-11-09 17:29:49,393 - INFO - Bottom 10 Mean Stats: {'Max': np.float64(107.0), 'Min': np.float64(85.0), 'Mean': np.float64(93.4), 'Std': np.float64(7.002856560004639)}
2024-11-09 17:29:49,393 - INFO - Bottom 10 Std Stats: {'Max': np.float64(0.0), 'Min': np.float64(0.0), 'Mean': np.float64(0.0), 'Std': np.float64(0.0)}
[I 2024-11-09 17:29:49,750] Trial 289 finished with value: 55.0 and parameters: {'x_0': -3, 'x_1': 1, 'x_2': -4, 'x_3': -2, 'x_4': 5}. Best is trial 176 with value: 7.0.
2024-11-09 17:29:58,242 - INFO - Candidate Mean Stats: {'Max': np.float64(107.0), 'Min': np.float64(-6.254996520738132e-14), 'Mean': np.float64(0.09321270901764038), 'Std': np.float64(2.3351840119406986)}
2024-11-09 17:29:58,243 - INFO - Candidate Std Stats: {'Max': np.float64(0.9999999964424534), 'Min': np.float64(0.0), 'Mean': np.float64(0.998199316631516), 'Std': np.float64(0.04239610095608042)}
2024-11-09 17:29:58,266 - INFO - Top 10 Mean Stats: {'Max': np.float64(4.174438572590589e-15), 'Min': np.float64(-2.631228568361621e-15), 'Mean': np.float64(-1.7624790515924345e-17), 'Std': np.float64(2.332840366231055e-15)}
2024-11-09 17:29:58,266 - INFO - Top 10 Std Stats: {'Max': np.float64(0.9999999964424534), 'Min': np.float64(0.9999999961431582), 'Mean': np.float64(0.9999999962922738), 'Std': np.float64(8.64393814465657e-11)}
2024-11-09 17:29:58,267 - INFO - Bottom 10 Mean Stats: {'Max': np.float64(107.0), 'Min': np.float64(85.0), 'Mean': np.float64(93.4), 'Std': np.float64(7.002856560004639)}
2024-11-09 17:29:58,267 - INFO - Bottom 10 Std Stats: {'Max': np.float64(0.0), 'Min': np.float64(0.0), 'Mean': np.float64(0.0), 'Std': np.float64(0.0)}
[I 2024-11-09 17:29:58,298] Trial 290 finished with value: 63.0 and parameters: {'x_0': 0, 'x_1': -2, 'x_2': -5, 'x_3': -5, 'x_4': -3}. Best is trial 176 with value: 7.0.
2024-11-09 17:30:04,315 - INFO - Candidate Mean Stats: {'Max': np.float64(107.0), 'Min': np.float64(-5.74873482150906e-14), 'Mean': np.float64(0.09360388945116764), 'Std': np.float64(2.3404392019314866)}
2024-11-09 17:30:04,315 - INFO - Candidate Std Stats: {'Max': np.float64(0.9999999983696756), 'Min': np.float64(0.0), 'Mean': np.float64(0.9981931080512144), 'Std': np.float64(0.04246900271477641)}
2024-11-09 17:30:04,335 - INFO - Top 10 Mean Stats: {'Max': np.float64(1.7041923427996153e-15), 'Min': np.float64(-1.4654943925052066e-15), 'Mean': np.float64(2.1538326677728039e-16), 'Std': np.float64(7.931873386519118e-16)}
2024-11-09 17:30:04,335 - INFO - Top 10 Std Stats: {'Max': np.float64(0.9999999983696756), 'Min': np.float64(0.9999999980647966), 'Mean': np.float64(0.9999999982058194), 'Std': np.float64(9.039414715947424e-11)}
2024-11-09 17:30:04,335 - INFO - Bottom 10 Mean Stats: {'Max': np.float64(107.0), 'Min': np.float64(85.0), 'Mean': np.float64(93.4), 'Std': np.float64(7.002856560004639)}
2024-11-09 17:30:04,335 - INFO - Bottom 10 Std Stats: {'Max': np.float64(0.0), 'Min': np.float64(0.0), 'Mean': np.float64(0.0), 'Std': np.float64(0.0)}
[I 2024-11-09 17:30:04,364] Trial 291 finished with value: 36.0 and parameters: {'x_0': 3, 'x_1': 1, 'x_2': 1, 'x_3': -3, 'x_4': 4}. Best is trial 176 with value: 7.0.
2024-11-09 17:30:09,756 - INFO - Candidate Mean Stats: {'Max': np.float64(107.0), 'Min': np.float64(-6.289413434501512e-14), 'Mean': np.float64(0.09382742112746892), 'Std': np.float64(2.3421487786751496)}
2024-11-09 17:30:09,757 - INFO - Candidate Std Stats: {'Max': np.float64(0.9999999987023737), 'Min': np.float64(0.0), 'Mean': np.float64(0.9981868985222169), 'Std': np.float64(0.04254177859897413)}
2024-11-09 17:30:09,777 - INFO - Top 10 Mean Stats: {'Max': np.float64(1.1379786002407855e-15), 'Min': np.float64(-1.4432899320127035e-15), 'Mean': np.float64(-1.201816424156732e-16), 'Std': np.float64(7.480691987657868e-16)}
2024-11-09 17:30:09,778 - INFO - Top 10 Std Stats: {'Max': np.float64(0.9999999987023737), 'Min': np.float64(0.9999999985107721), 'Mean': np.float64(0.9999999985988767), 'Std': np.float64(5.977850752834627e-11)}
2024-11-09 17:30:09,778 - INFO - Bottom 10 Mean Stats: {'Max': np.float64(107.0), 'Min': np.float64(85.0), 'Mean': np.float64(93.4), 'Std': np.float64(7.002856560004639)}
2024-11-09 17:30:09,778 - INFO - Bottom 10 Std Stats: {'Max': np.float64(0.0), 'Min': np.float64(0.0), 'Mean': np.float64(0.0), 'Std': np.float64(0.0)}
[I 2024-11-09 17:30:09,802] Trial 292 finished with value: 58.0 and parameters: {'x_0': 2, 'x_1': 4, 'x_2': -3, 'x_3': -2, 'x_4': -5}. Best is trial 176 with value: 7.0.
2024-11-09 17:30:13,885 - INFO - Candidate Mean Stats: {'Max': np.float64(107.0), 'Min': np.float64(-7.385203559806542e-14), 'Mean': np.float64(0.09418755549484323), 'Std': np.float64(2.346589223554592)}
2024-11-09 17:30:13,885 - INFO - Candidate Std Stats: {'Max': np.float64(0.9999999990315009), 'Min': np.float64(0.0), 'Mean': np.float64(0.9981806892864544), 'Std': np.float64(0.0426144293061757)}
2024-11-09 17:30:13,907 - INFO - Top 10 Mean Stats: {'Max': np.float64(1.4876988529977098e-15), 'Min': np.float64(-9.103828801926283e-16), 'Mean': np.float64(6.93889390390723e-17), 'Std': np.float64(6.309300843368709e-16)}
2024-11-09 17:30:13,907 - INFO - Top 10 Std Stats: {'Max': np.float64(0.9999999990315009), 'Min': np.float64(0.9999999986912541), 'Mean': np.float64(0.9999999988164543), 'Std': np.float64(1.002600282030739e-10)}
2024-11-09 17:30:13,907 - INFO - Bottom 10 Mean Stats: {'Max': np.float64(107.0), 'Min': np.float64(85.0), 'Mean': np.float64(93.4), 'Std': np.float64(7.002856560004639)}
2024-11-09 17:30:13,907 - INFO - Bottom 10 Std Stats: {'Max': np.float64(0.0), 'Min': np.float64(0.0), 'Mean': np.float64(0.0), 'Std': np.float64(0.0)}
[I 2024-11-09 17:30:13,931] Trial 293 finished with value: 56.0 and parameters: {'x_0': 2, 'x_1': -5, 'x_2': 3, 'x_3': -3, 'x_4': 3}. Best is trial 176 with value: 7.0.
2024-11-09 17:30:20,821 - INFO - Candidate Mean Stats: {'Max': np.float64(107.0), 'Min': np.float64(-7.056577544517495e-14), 'Mean': np.float64(0.09453527143575638), 'Std': np.float64(2.3507206245869243)}
2024-11-09 17:30:20,822 - INFO - Candidate Std Stats: {'Max': np.float64(0.9999999968251382), 'Min': np.float64(0.0), 'Mean': np.float64(0.9981744801485916), 'Std': np.float64(0.04268695546728728)}
2024-11-09 17:30:20,848 - INFO - Top 10 Mean Stats: {'Max': np.float64(4.2299497238218466e-15), 'Min': np.float64(-1.7319479184152442e-15), 'Mean': np.float64(1.3112557914474189e-15), 'Std': np.float64(1.840564410987011e-15)}
2024-11-09 17:30:20,848 - INFO - Top 10 Std Stats: {'Max': np.float64(0.9999999968251382), 'Min': np.float64(0.9999999964743564), 'Mean': np.float64(0.9999999965959455), 'Std': np.float64(1.4093931465179977e-10)}
2024-11-09 17:30:20,848 - INFO - Bottom 10 Mean Stats: {'Max': np.float64(107.0), 'Min': np.float64(85.0), 'Mean': np.float64(93.4), 'Std': np.float64(7.002856560004639)}
2024-11-09 17:30:20,849 - INFO - Bottom 10 Std Stats: {'Max': np.float64(0.0), 'Min': np.float64(0.0), 'Mean': np.float64(0.0), 'Std': np.float64(0.0)}
[I 2024-11-09 17:30:20,907] Trial 294 finished with value: 61.0 and parameters: {'x_0': 3, 'x_1': 1, 'x_2': 1, 'x_3': 5, 'x_4': -5}. Best is trial 176 with value: 7.0.
2024-11-09 17:30:27,793 - INFO - Candidate Mean Stats: {'Max': np.float64(107.0), 'Min': np.float64(-5.585532036889163e-14), 'Mean': np.float64(0.09491403344282244), 'Std': np.float64(2.3556146079294082)}
2024-11-09 17:30:27,795 - INFO - Candidate Std Stats: {'Max': np.float64(0.9999999967151519), 'Min': np.float64(0.0), 'Mean': np.float64(0.9981682710262755), 'Std': np.float64(0.042759357712569314)}
2024-11-09 17:30:27,831 - INFO - Top 10 Mean Stats: {'Max': np.float64(6.0396132539608514e-15), 'Min': np.float64(-3.0780933357732467e-15), 'Mean': np.float64(7.988054662178e-16), 'Std': np.float64(2.4190364881823523e-15)}
2024-11-09 17:30:27,831 - INFO - Top 10 Std Stats: {'Max': np.float64(0.9999999967151519), 'Min': np.float64(0.9999999963185148), 'Mean': np.float64(0.9999999964537791), 'Std': np.float64(1.3010820772821686e-10)}
2024-11-09 17:30:27,831 - INFO - Bottom 10 Mean Stats: {'Max': np.float64(107.0), 'Min': np.float64(85.0), 'Mean': np.float64(93.4), 'Std': np.float64(7.002856560004639)}
2024-11-09 17:30:27,831 - INFO - Bottom 10 Std Stats: {'Max': np.float64(0.0), 'Min': np.float64(0.0), 'Mean': np.float64(0.0), 'Std': np.float64(0.0)}
[I 2024-11-09 17:30:27,986] Trial 295 finished with value: 52.0 and parameters: {'x_0': -4, 'x_1': -1, 'x_2': 5, 'x_3': 1, 'x_4': 3}. Best is trial 176 with value: 7.0.
2024-11-09 17:30:32,723 - INFO - Candidate Mean Stats: {'Max': np.float64(107.0), 'Min': np.float64(-4.7044659834405425e-14), 'Mean': np.float64(0.0952369125308132), 'Std': np.float64(2.3591626688089824)}
2024-11-09 17:30:32,723 - INFO - Candidate Std Stats: {'Max': np.float64(0.9999999978828421), 'Min': np.float64(0.0), 'Mean': np.float64(0.9981620616751901), 'Std': np.float64(0.04283163665994371)}
2024-11-09 17:30:32,743 - INFO - Top 10 Mean Stats: {'Max': np.float64(1.3766765505351941e-15), 'Min': np.float64(-2.842170943040401e-15), 'Mean': np.float64(8.88178419700126e-17), 'Std': np.float64(1.3866681133119837e-15)}
2024-11-09 17:30:32,743 - INFO - Top 10 Std Stats: {'Max': np.float64(0.9999999978828421), 'Min': np.float64(0.999999997336781), 'Mean': np.float64(0.9999999975687832), 'Std': np.float64(1.7507746300784529e-10)}
2024-11-09 17:30:32,743 - INFO - Bottom 10 Mean Stats: {'Max': np.float64(107.0), 'Min': np.float64(85.0), 'Mean': np.float64(93.4), 'Std': np.float64(7.002856560004639)}
2024-11-09 17:30:32,743 - INFO - Bottom 10 Std Stats: {'Max': np.float64(0.0), 'Min': np.float64(0.0), 'Mean': np.float64(0.0), 'Std': np.float64(0.0)}
[I 2024-11-09 17:30:32,765] Trial 296 finished with value: 35.0 and parameters: {'x_0': 4, 'x_1': -1, 'x_2': 4, 'x_3': -1, 'x_4': -1}. Best is trial 176 with value: 7.0.
2024-11-09 17:30:37,097 - INFO - Candidate Mean Stats: {'Max': np.float64(107.0), 'Min': np.float64(-5.4289905904170155e-14), 'Mean': np.float64(0.09545423499388392), 'Std': np.float64(2.360765414572047)}
2024-11-09 17:30:37,098 - INFO - Candidate Std Stats: {'Max': np.float64(0.9999999977542279), 'Min': np.float64(0.0), 'Mean': np.float64(0.9981558527294847), 'Std': np.float64(0.042903792959719474)}
2024-11-09 17:30:37,118 - INFO - Top 10 Mean Stats: {'Max': np.float64(1.6570078642530462e-15), 'Min': np.float64(-1.865174681370263e-15), 'Mean': np.float64(9.992007221626433e-18), 'Std': np.float64(1.107071207273692e-15)}
2024-11-09 17:30:37,118 - INFO - Top 10 Std Stats: {'Max': np.float64(0.9999999977542279), 'Min': np.float64(0.999999997338232), 'Mean': np.float64(0.999999997473107), 'Std': np.float64(1.2070851054992947e-10)}
2024-11-09 17:30:37,118 - INFO - Bottom 10 Mean Stats: {'Max': np.float64(107.0), 'Min': np.float64(85.0), 'Mean': np.float64(93.4), 'Std': np.float64(7.002856560004639)}
2024-11-09 17:30:37,118 - INFO - Bottom 10 Std Stats: {'Max': np.float64(0.0), 'Min': np.float64(0.0), 'Mean': np.float64(0.0), 'Std': np.float64(0.0)}
[I 2024-11-09 17:30:37,145] Trial 297 finished with value: 56.0 and parameters: {'x_0': 5, 'x_1': -1, 'x_2': -2, 'x_3': 5, 'x_4': -1}. Best is trial 176 with value: 7.0.
2024-11-09 17:30:42,252 - INFO - Candidate Mean Stats: {'Max': np.float64(107.0), 'Min': np.float64(-7.345235530920036e-14), 'Mean': np.float64(0.09580195093479706), 'Std': np.float64(2.364871863866205)}
2024-11-09 17:30:42,253 - INFO - Candidate Std Stats: {'Max': np.float64(0.9999999968000863), 'Min': np.float64(0.0), 'Mean': np.float64(0.9981496433478773), 'Std': np.float64(0.042975827193625527)}
2024-11-09 17:30:42,272 - INFO - Top 10 Mean Stats: {'Max': np.float64(2.248201624865942e-15), 'Min': np.float64(-3.2307490016592057e-15), 'Mean': np.float64(6.039613253960851e-16), 'Std': np.float64(1.5096641067874606e-15)}
2024-11-09 17:30:42,272 - INFO - Top 10 Std Stats: {'Max': np.float64(0.9999999968000863), 'Min': np.float64(0.9999999964579006), 'Mean': np.float64(0.9999999965819335), 'Std': np.float64(1.2015747823905518e-10)}
2024-11-09 17:30:42,272 - INFO - Bottom 10 Mean Stats: {'Max': np.float64(107.0), 'Min': np.float64(85.0), 'Mean': np.float64(93.4), 'Std': np.float64(7.002856560004639)}
2024-11-09 17:30:42,272 - INFO - Bottom 10 Std Stats: {'Max': np.float64(0.0), 'Min': np.float64(0.0), 'Mean': np.float64(0.0), 'Std': np.float64(0.0)}
[I 2024-11-09 17:30:42,308] Trial 298 finished with value: 32.0 and parameters: {'x_0': 3, 'x_1': -1, 'x_2': 2, 'x_3': 3, 'x_4': -3}. Best is trial 176 with value: 7.0.
2024-11-09 17:30:46,513 - INFO - Candidate Mean Stats: {'Max': np.float64(107.0), 'Min': np.float64(-5.5133675402885276e-14), 'Mean': np.float64(0.09600064575817596), 'Std': np.float64(2.366207737429466)}
2024-11-09 17:30:46,514 - INFO - Candidate Std Stats: {'Max': np.float64(0.9999999969432404), 'Min': np.float64(0.0), 'Mean': np.float64(0.9981434341251544), 'Std': np.float64(0.04304773999990441)}
2024-11-09 17:30:46,531 - INFO - Top 10 Mean Stats: {'Max': np.float64(2.9753977059954196e-15), 'Min': np.float64(-4.174438572590589e-15), 'Mean': np.float64(-1.2433457041716167e-15), 'Std': np.float64(2.3666430825763262e-15)}
2024-11-09 17:30:46,531 - INFO - Top 10 Std Stats: {'Max': np.float64(0.9999999969432404), 'Min': np.float64(0.9999999962293226), 'Mean': np.float64(0.9999999964453448), 'Std': np.float64(1.9580952764549113e-10)}
2024-11-09 17:30:46,531 - INFO - Bottom 10 Mean Stats: {'Max': np.float64(107.0), 'Min': np.float64(85.0), 'Mean': np.float64(93.4), 'Std': np.float64(7.002856560004639)}
2024-11-09 17:30:46,531 - INFO - Bottom 10 Std Stats: {'Max': np.float64(0.0), 'Min': np.float64(0.0), 'Mean': np.float64(0.0), 'Std': np.float64(0.0)}
[I 2024-11-09 17:30:46,555] Trial 299 finished with value: 36.0 and parameters: {'x_0': 0, 'x_1': -1, 'x_2': -5, 'x_3': 3, 'x_4': -1}. Best is trial 176 with value: 7.0.
2024-11-09 17:30:46,558 - INFO - Best value: 7.0
2024-11-09 17:30:46,560 - INFO - Best params: {'x_0': 2, 'x_1': 1, 'x_2': 1, 'x_3': -1, 'x_4': 0}
l 19 with value: 6.0.
2024-11-09 17:24:45,238 - INFO - Best value: 6.0
2024-11-09 17:24:45,245 - INFO - Best params: {'x_0': 0, 'x_1': -1, 'x_2': 2, 'x_3': -1, 'x_4': 0}
