[I 2024-11-09 17:16:21,144] Trial 207 finished with value: 84.0 and parameters: {'x_0': -5, 'x_1': 3, 'x_2': -4, 'x_3': -3, 'x_4': 5}. Best is trial 186 with value: 11.0.
2024-11-09 17:16:30,724 - INFO - Candidate Mean Stats: {'Max': np.float64(101.0), 'Min': np.float64(-5.898892485589613e-14), 'Mean': np.float64(0.06301730507727367), 'Std': np.float64(1.8758351858016151)}
2024-11-09 17:16:30,725 - INFO - Candidate Std Stats: {'Max': np.float64(0.9999999961484526), 'Min': np.float64(0.0), 'Mean': np.float64(0.9987084706655429), 'Std': np.float64(0.035914458146287895)}
2024-11-09 17:16:30,752 - INFO - Top 10 Mean Stats: {'Max': np.float64(2.7422508708241366e-15), 'Min': np.float64(-2.842170943040401e-15), 'Mean': np.float64(5.439919348315669e-16), 'Std': np.float64(1.837289351407262e-15)}
2024-11-09 17:16:30,752 - INFO - Top 10 Std Stats: {'Max': np.float64(0.9999999961484526), 'Min': np.float64(0.9999999957429416), 'Mean': np.float64(0.9999999958753472), 'Std': np.float64(1.1778829949990675e-10)}
2024-11-09 17:16:30,753 - INFO - Bottom 10 Mean Stats: {'Max': np.float64(101.0), 'Min': np.float64(83.0), 'Mean': np.float64(90.9), 'Std': np.float64(7.569015788066505)}
2024-11-09 17:16:30,753 - INFO - Bottom 10 Std Stats: {'Max': np.float64(0.0), 'Min': np.float64(0.0), 'Mean': np.float64(0.0), 'Std': np.float64(0.0)}
[I 2024-11-09 17:16:30,781] Trial 208 finished with value: 40.0 and parameters: {'x_0': 2, 'x_1': -1, 'x_2': 1, 'x_3': 3, 'x_4': -5}. Best is trial 186 with value: 11.0.
2024-11-09 17:16:41,656 - INFO - Candidate Mean Stats: {'Max': np.float64(101.0), 'Min': np.float64(-4.5474735088646414e-14), 'Mean': np.float64(0.06326567360649733), 'Std': np.float64(1.8784730556339218)}
2024-11-09 17:16:41,658 - INFO - Candidate Std Stats: {'Max': np.float64(0.9999999973814327), 'Min': np.float64(0.0), 'Mean': np.float64(0.9987022621203219), 'Std': np.float64(0.03600057557303008)}
2024-11-09 17:16:41,683 - INFO - Top 10 Mean Stats: {'Max': np.float64(2.892130979148533e-15), 'Min': np.float64(-1.8596235662471372e-15), 'Mean': np.float64(-2.875477633779156e-16), 'Std': np.float64(1.4049954623256335e-15)}
2024-11-09 17:16:41,683 - INFO - Top 10 Std Stats: {'Max': np.float64(0.9999999973814327), 'Min': np.float64(0.9999999966014033), 'Mean': np.float64(0.9999999968531712), 'Std': np.float64(2.571791973982894e-10)}
2024-11-09 17:16:41,683 - INFO - Bottom 10 Mean Stats: {'Max': np.float64(101.0), 'Min': np.float64(83.0), 'Mean': np.float64(90.9), 'Std': np.float64(7.569015788066505)}
2024-11-09 17:16:41,683 - INFO - Bottom 10 Std Stats: {'Max': np.float64(0.0), 'Min': np.float64(0.0), 'Mean': np.float64(0.0), 'Std': np.float64(0.0)}
[I 2024-11-09 17:16:41,710] Trial 209 finished with value: 82.0 and parameters: {'x_0': 4, 'x_1': -4, 'x_2': -3, 'x_3': -5, 'x_4': 4}. Best is trial 186 with value: 11.0.
2024-11-09 17:16:51,543 - INFO - Candidate Mean Stats: {'Max': np.float64(101.0), 'Min': np.float64(-6.157296894571118e-14), 'Mean': np.float64(0.0637748290914058), 'Std': np.float64(1.8895362095330128)}
2024-11-09 17:16:51,544 - INFO - Candidate Std Stats: {'Max': np.float64(0.999999997495053), 'Min': np.float64(0.0), 'Mean': np.float64(0.9986960530064899), 'Std': np.float64(0.03608648639951674)}
2024-11-09 17:16:51,576 - INFO - Top 10 Mean Stats: {'Max': np.float64(5.939693181744587e-16), 'Min': np.float64(-2.7366997557010107e-15), 'Mean': np.float64(-1.4950540805358517e-15), 'Std': np.float64(8.006899209549852e-16)}
2024-11-09 17:16:51,577 - INFO - Top 10 Std Stats: {'Max': np.float64(0.999999997495053), 'Min': np.float64(0.9999999969009059), 'Mean': np.float64(0.9999999971101088), 'Std': np.float64(1.8674540919200814e-10)}
2024-11-09 17:16:51,577 - INFO - Bottom 10 Mean Stats: {'Max': np.float64(101.0), 'Min': np.float64(83.0), 'Mean': np.float64(90.9), 'Std': np.float64(7.569015788066505)}
2024-11-09 17:16:51,578 - INFO - Bottom 10 Std Stats: {'Max': np.float64(0.0), 'Min': np.float64(0.0), 'Mean': np.float64(0.0), 'Std': np.float64(0.0)}
[I 2024-11-09 17:16:51,615] Trial 210 finished with value: 54.0 and parameters: {'x_0': -5, 'x_1': -4, 'x_2': 0, 'x_3': 3, 'x_4': -2}. Best is trial 186 with value: 11.0.
2024-11-09 17:17:02,212 - INFO - Candidate Mean Stats: {'Max': np.float64(101.0), 'Min': np.float64(-6.403766406037902e-14), 'Mean': np.float64(0.06411012660585776), 'Std': np.float64(1.8943099728948822)}
2024-11-09 17:17:02,213 - INFO - Candidate Std Stats: {'Max': np.float64(0.9999999990015108), 'Min': np.float64(0.0), 'Mean': np.float64(0.9986898433881616), 'Std': np.float64(0.03617219209983618)}
2024-11-09 17:17:02,240 - INFO - Top 10 Mean Stats: {'Max': np.float64(7.105427357601002e-16), 'Min': np.float64(-1.5987211554602255e-15), 'Mean': np.float64(-2.62012633811537e-16), 'Std': np.float64(6.969371426945242e-16)}
2024-11-09 17:17:02,240 - INFO - Top 10 Std Stats: {'Max': np.float64(0.9999999990015108), 'Min': np.float64(0.9999999983706038), 'Mean': np.float64(0.999999998601498), 'Std': np.float64(1.9357266022005242e-10)}
2024-11-09 17:17:02,241 - INFO - Bottom 10 Mean Stats: {'Max': np.float64(101.0), 'Min': np.float64(83.0), 'Mean': np.float64(90.9), 'Std': np.float64(7.569015788066505)}
2024-11-09 17:17:02,241 - INFO - Bottom 10 Std Stats: {'Max': np.float64(0.0), 'Min': np.float64(0.0), 'Mean': np.float64(0.0), 'Std': np.float64(0.0)}
[I 2024-11-09 17:17:02,273] Trial 211 finished with value: 43.0 and parameters: {'x_0': 1, 'x_1': 3, 'x_2': 2, 'x_3': -5, 'x_4': -2}. Best is trial 186 with value: 11.0.
2024-11-09 17:17:11,962 - INFO - Candidate Mean Stats: {'Max': np.float64(101.0), 'Min': np.float64(-4.7023496207998507e-14), 'Mean': np.float64(0.06437712277477323), 'Std': np.float64(1.8973288600211182)}
2024-11-09 17:17:11,963 - INFO - Candidate Std Stats: {'Max': np.float64(0.9999999961873717), 'Min': np.float64(0.0), 'Mean': np.float64(0.9986836343769622), 'Std': np.float64(0.03625769416871492)}
2024-11-09 17:17:11,997 - INFO - Top 10 Mean Stats: {'Max': np.float64(5.012656956182582e-15), 'Min': np.float64(-2.509104035652854e-15), 'Mean': np.float64(6.428538257274851e-16), 'Std': np.float64(2.143124132186552e-15)}
2024-11-09 17:17:11,997 - INFO - Top 10 Std Stats: {'Max': np.float64(0.9999999961873717), 'Min': np.float64(0.9999999958945486), 'Mean': np.float64(0.9999999960358965), 'Std': np.float64(9.047393878328031e-11)}
2024-11-09 17:17:11,998 - INFO - Bottom 10 Mean Stats: {'Max': np.float64(101.0), 'Min': np.float64(83.0), 'Mean': np.float64(90.9), 'Std': np.float64(7.569015788066505)}
2024-11-09 17:17:11,998 - INFO - Bottom 10 Std Stats: {'Max': np.float64(0.0), 'Min': np.float64(0.0), 'Mean': np.float64(0.0), 'Std': np.float64(0.0)}
[I 2024-11-09 17:17:12,034] Trial 212 finished with value: 42.0 and parameters: {'x_0': -2, 'x_1': 2, 'x_2': 0, 'x_3': -3, 'x_4': 5}. Best is trial 186 with value: 11.0.
2024-11-09 17:17:21,759 - INFO - Candidate Mean Stats: {'Max': np.float64(101.0), 'Min': np.float64(-7.742695373735841e-14), 'Mean': np.float64(0.06463790973045805), 'Std': np.float64(1.900204254750061)}
2024-11-09 17:17:21,760 - INFO - Candidate Std Stats: {'Max': np.float64(0.9999999968173051), 'Min': np.float64(0.0), 'Mean': np.float64(0.9986774250091648), 'Std': np.float64(0.03634299400860906)}
2024-11-09 17:17:21,785 - INFO - Top 10 Mean Stats: {'Max': np.float64(2.9740316112580876e-15), 'Min': np.float64(-3.080521948639614e-15), 'Mean': np.float64(2.9324849840084435e-16), 'Std': np.float64(2.0597172183863156e-15)}
2024-11-09 17:17:21,785 - INFO - Top 10 Std Stats: {'Max': np.float64(0.9999999968173051), 'Min': np.float64(0.9999999963417269), 'Mean': np.float64(0.9999999965075116), 'Std': np.float64(1.61176937465127e-10)}
2024-11-09 17:17:21,785 - INFO - Bottom 10 Mean Stats: {'Max': np.float64(101.0), 'Min': np.float64(83.0), 'Mean': np.float64(90.9), 'Std': np.float64(7.569015788066505)}
2024-11-09 17:17:21,785 - INFO - Bottom 10 Std Stats: {'Max': np.float64(0.0), 'Min': np.float64(0.0), 'Mean': np.float64(0.0), 'Std': np.float64(0.0)}
[I 2024-11-09 17:17:21,820] Trial 213 finished with value: 48.0 and parameters: {'x_0': -3, 'x_1': -5, 'x_2': -2, 'x_3': -3, 'x_4': -1}. Best is trial 186 with value: 11.0.
2024-11-09 17:17:31,005 - INFO - Candidate Mean Stats: {'Max': np.float64(101.0), 'Min': np.float64(-5.382361223382759e-14), 'Mean': np.float64(0.06493595196552644), 'Std': np.float64(1.9039547312292302)}
2024-11-09 17:17:31,006 - INFO - Candidate Std Stats: {'Max': np.float64(0.9999999969791917), 'Min': np.float64(0.0), 'Mean': np.float64(0.998671215954148), 'Std': np.float64(0.036428093064367936)}
2024-11-09 17:17:31,028 - INFO - Top 10 Mean Stats: {'Max': np.float64(2.531308496145357e-15), 'Min': np.float64(-1.909583602355269e-15), 'Mean': np.float64(-5.168088179630103e-16), 'Std': np.float64(1.4752697065409142e-15)}
2024-11-09 17:17:31,028 - INFO - Top 10 Std Stats: {'Max': np.float64(0.9999999969791917), 'Min': np.float64(0.9999999966559182), 'Mean': np.float64(0.9999999967811588), 'Std': np.float64(1.2197655664675787e-10)}
2024-11-09 17:17:31,028 - INFO - Bottom 10 Mean Stats: {'Max': np.float64(101.0), 'Min': np.float64(83.0), 'Mean': np.float64(90.9), 'Std': np.float64(7.569015788066505)}
2024-11-09 17:17:31,028 - INFO - Bottom 10 Std Stats: {'Max': np.float64(0.0), 'Min': np.float64(0.0), 'Mean': np.float64(0.0), 'Std': np.float64(0.0)}
[I 2024-11-09 17:17:31,059] Trial 214 finished with value: 69.0 and parameters: {'x_0': 3, 'x_1': 1, 'x_2': -5, 'x_3': -5, 'x_4': 3}. Best is trial 186 with value: 11.0.
2024-11-09 17:17:41,346 - INFO - Candidate Mean Stats: {'Max': np.float64(101.0), 'Min': np.float64(-4.584665980189584e-14), 'Mean': np.float64(0.06536438767843726), 'Std': np.float64(1.9116876987212394)}
2024-11-09 17:17:41,347 - INFO - Candidate Std Stats: {'Max': np.float64(0.9999999972482609), 'Min': np.float64(0.0), 'Mean': np.float64(0.9986650071987107), 'Std': np.float64(0.03651299273954201)}
2024-11-09 17:17:41,382 - INFO - Top 10 Mean Stats: {'Max': np.float64(2.19824158875781e-15), 'Min': np.float64(-3.613775945154884e-15), 'Mean': np.float64(-5.144495940356818e-16), 'Std': np.float64(1.6906182951579508e-15)}
2024-11-09 17:17:41,383 - INFO - Top 10 Std Stats: {'Max': np.float64(0.9999999972482609), 'Min': np.float64(0.999999996759997), 'Mean': np.float64(0.9999999970244675), 'Std': np.float64(1.687444906000427e-10)}
2024-11-09 17:17:41,383 - INFO - Bottom 10 Mean Stats: {'Max': np.float64(101.0), 'Min': np.float64(83.0), 'Mean': np.float64(90.9), 'Std': np.float64(7.569015788066505)}
2024-11-09 17:17:41,383 - INFO - Bottom 10 Std Stats: {'Max': np.float64(0.0), 'Min': np.float64(0.0), 'Mean': np.float64(0.0), 'Std': np.float64(0.0)}
[I 2024-11-09 17:17:41,411] Trial 215 finished with value: 48.0 and parameters: {'x_0': -1, 'x_1': -5, 'x_2': -3, 'x_3': -3, 'x_4': 2}. Best is trial 186 with value: 11.0.
2024-11-09 17:17:52,832 - INFO - Candidate Mean Stats: {'Max': np.float64(101.0), 'Min': np.float64(-5.798694857617192e-14), 'Mean': np.float64(0.06566242991350567), 'Std': np.float64(1.9154155771528598)}
2024-11-09 17:17:52,833 - INFO - Candidate Std Stats: {'Max': np.float64(0.9999999969362307), 'Min': np.float64(0.0), 'Mean': np.float64(0.9986587975221339), 'Std': np.float64(0.036597694377123166)}
2024-11-09 17:17:52,861 - INFO - Top 10 Mean Stats: {'Max': np.float64(3.814309978977804e-15), 'Min': np.float64(-2.9171109972025987e-15), 'Mean': np.float64(3.5282107097023293e-16), 'Std': np.float64(2.129184350449435e-15)}
2024-11-09 17:17:52,861 - INFO - Top 10 Std Stats: {'Max': np.float64(0.9999999969362307), 'Min': np.float64(0.9999999964103897), 'Mean': np.float64(0.9999999966117356), 'Std': np.float64(1.529911728766317e-10)}
2024-11-09 17:17:52,861 - INFO - Bottom 10 Mean Stats: {'Max': np.float64(101.0), 'Min': np.float64(83.0), 'Mean': np.float64(90.9), 'Std': np.float64(7.569015788066505)}
2024-11-09 17:17:52,861 - INFO - Bottom 10 Std Stats: {'Max': np.float64(0.0), 'Min': np.float64(0.0), 'Mean': np.float64(0.0), 'Std': np.float64(0.0)}
[I 2024-11-09 17:17:52,892] Trial 216 finished with value: 55.0 and parameters: {'x_0': -2, 'x_1': -3, 'x_2': -4, 'x_3': 1, 'x_4': 5}. Best is trial 186 with value: 11.0.
2024-11-09 17:18:01,633 - INFO - Candidate Mean Stats: {'Max': np.float64(101.0), 'Min': np.float64(-5.380140777333509e-14), 'Mean': np.float64(0.0660039366411882), 'Std': np.float64(1.9203006895463985)}
2024-11-09 17:18:01,635 - INFO - Candidate Std Stats: {'Max': np.float64(0.9999999966138914), 'Min': np.float64(0.0), 'Mean': np.float64(0.9986525882974575), 'Std': np.float64(0.03668219939892359)}
2024-11-09 17:18:01,659 - INFO - Top 10 Mean Stats: {'Max': np.float64(1.7319479184152442e-15), 'Min': np.float64(-1.5543122344752192e-15), 'Mean': np.float64(2.896294315490877e-16), 'Std': np.float64(1.1494753159898196e-15)}
2024-11-09 17:18:01,659 - INFO - Top 10 Std Stats: {'Max': np.float64(0.9999999966138914), 'Min': np.float64(0.9999999963194506), 'Mean': np.float64(0.9999999964613702), 'Std': np.float64(1.1616148417206863e-10)}
2024-11-09 17:18:01,659 - INFO - Bottom 10 Mean Stats: {'Max': np.float64(101.0), 'Min': np.float64(83.0), 'Mean': np.float64(90.9), 'Std': np.float64(7.569015788066505)}
2024-11-09 17:18:01,659 - INFO - Bottom 10 Std Stats: {'Max': np.float64(0.0), 'Min': np.float64(0.0), 'Mean': np.float64(0.0), 'Std': np.float64(0.0)}
[I 2024-11-09 17:18:01,691] Trial 217 finished with value: 45.0 and parameters: {'x_0': -3, 'x_1': -4, 'x_2': 4, 'x_3': 2, 'x_4': 0}. Best is trial 186 with value: 11.0.
2024-11-09 17:18:10,815 - INFO - Candidate Mean Stats: {'Max': np.float64(101.0), 'Min': np.float64(-5.17808018685173e-14), 'Mean': np.float64(0.0662833512365648), 'Std': np.float64(1.9235621726539818)}
2024-11-09 17:18:10,815 - INFO - Candidate Std Stats: {'Max': np.float64(0.9999999967380645), 'Min': np.float64(0.0), 'Mean': np.float64(0.9986463790054738), 'Std': np.float64(0.03676650914177616)}
2024-11-09 17:18:10,846 - INFO - Top 10 Mean Stats: {'Max': np.float64(2.7533531010703883e-15), 'Min': np.float64(-4.263256414560601e-15), 'Mean': np.float64(-1.5535316089110295e-15), 'Std': np.float64(2.186737450285176e-15)}
2024-11-09 17:18:10,846 - INFO - Top 10 Std Stats: {'Max': np.float64(0.9999999967380645), 'Min': np.float64(0.9999999962265834), 'Mean': np.float64(0.9999999963758841), 'Std': np.float64(1.4354519340716192e-10)}
2024-11-09 17:18:10,846 - INFO - Bottom 10 Mean Stats: {'Max': np.float64(101.0), 'Min': np.float64(83.0), 'Mean': np.float64(90.9), 'Std': np.float64(7.569015788066505)}
2024-11-09 17:18:10,846 - INFO - Bottom 10 Std Stats: {'Max': np.float64(0.0), 'Min': np.float64(0.0), 'Mean': np.float64(0.0), 'Std': np.float64(0.0)}
[I 2024-11-09 17:18:10,880] Trial 218 finished with value: 48.0 and parameters: {'x_0': 5, 'x_1': 3, 'x_2': 1, 'x_3': 2, 'x_4': -3}. Best is trial 186 with value: 11.0.
2024-11-09 17:18:19,243 - INFO - Candidate Mean Stats: {'Max': np.float64(101.0), 'Min': np.float64(-4.7228887467554157e-14), 'Mean': np.float64(0.06658139347163322), 'Std': np.float64(1.9272669405256535)}
2024-11-09 17:18:19,244 - INFO - Candidate Std Stats: {'Max': np.float64(0.9999999969005272), 'Min': np.float64(0.0), 'Mean': np.float64(0.9986401699659052), 'Std': np.float64(0.03685062495776823)}
2024-11-09 17:18:19,275 - INFO - Top 10 Mean Stats: {'Max': np.float64(2.4424906541753444e-15), 'Min': np.float64(-3.297362383136715e-15), 'Mean': np.float64(2.3259172365897027e-16), 'Std': np.float64(1.844483532455707e-15)}
2024-11-09 17:18:19,275 - INFO - Top 10 Std Stats: {'Max': np.float64(0.9999999969005272), 'Min': np.float64(0.9999999964225643), 'Mean': np.float64(0.9999999966668968), 'Std': np.float64(1.365712486729598e-10)}
2024-11-09 17:18:19,275 - INFO - Bottom 10 Mean Stats: {'Max': np.float64(101.0), 'Min': np.float64(83.0), 'Mean': np.float64(90.9), 'Std': np.float64(7.569015788066505)}
2024-11-09 17:18:19,275 - INFO - Bottom 10 Std Stats: {'Max': np.float64(0.0), 'Min': np.float64(0.0), 'Mean': np.float64(0.0), 'Std': np.float64(0.0)}
[I 2024-11-09 17:18:19,309] Trial 219 finished with value: 48.0 and parameters: {'x_0': -3, 'x_1': 3, 'x_2': 2, 'x_3': -1, 'x_4': 5}. Best is trial 186 with value: 11.0.
2024-11-09 17:18:28,064 - INFO - Candidate Mean Stats: {'Max': np.float64(101.0), 'Min': np.float64(-5.0803805606847166e-14), 'Mean': np.float64(0.06687943570670159), 'Std': np.float64(1.9309645544034657)}
2024-11-09 17:18:28,066 - INFO - Candidate Std Stats: {'Max': np.float64(0.9999999974428946), 'Min': np.float64(0.0), 'Mean': np.float64(0.9986339604090272), 'Std': np.float64(0.036934548143522934)}
2024-11-09 17:18:28,090 - INFO - Top 10 Mean Stats: {'Max': np.float64(2.4702462297909733e-15), 'Min': np.float64(-3.817779425929757e-15), 'Mean': np.float64(-6.491335247105212e-16), 'Std': np.float64(1.6374748525526303e-15)}
2024-11-09 17:18:28,090 - INFO - Top 10 Std Stats: {'Max': np.float64(0.9999999974428946), 'Min': np.float64(0.9999999968353745), 'Mean': np.float64(0.9999999971366709), 'Std': np.float64(1.8343514648021158e-10)}
2024-11-09 17:18:28,090 - INFO - Bottom 10 Mean Stats: {'Max': np.float64(101.0), 'Min': np.float64(83.0), 'Mean': np.float64(90.9), 'Std': np.float64(7.569015788066505)}
2024-11-09 17:18:28,090 - INFO - Bottom 10 Std Stats: {'Max': np.float64(0.0), 'Min': np.float64(0.0), 'Mean': np.float64(0.0), 'Std': np.float64(0.0)}
[I 2024-11-09 17:18:28,123] Trial 220 finished with value: 70.0 and parameters: {'x_0': -5, 'x_1': 0, 'x_2': -2, 'x_3': 5, 'x_4': -4}. Best is trial 186 with value: 11.0.
2024-11-09 17:18:36,687 - INFO - Candidate Mean Stats: {'Max': np.float64(101.0), 'Min': np.float64(-5.2158277696889856e-14), 'Mean': np.float64(0.06731408063284298), 'Std': np.float64(1.938811731102707)}
2024-11-09 17:18:36,689 - INFO - Candidate Std Stats: {'Max': np.float64(0.9999999963313349), 'Min': np.float64(0.0), 'Mean': np.float64(0.9986277511120423), 'Std': np.float64(0.03701828003771125)}
2024-11-09 17:18:36,713 - INFO - Top 10 Mean Stats: {'Max': np.float64(3.241851231905457e-15), 'Min': np.float64(-3.8524738954492935e-15), 'Mean': np.float64(-3.6082248300317706e-17), 'Std': np.float64(2.1728219743441644e-15)}
2024-11-09 17:18:36,713 - INFO - Top 10 Std Stats: {'Max': np.float64(0.9999999963313349), 'Min': np.float64(0.9999999956686797), 'Mean': np.float64(0.9999999959125437), 'Std': np.float64(2.2695400613630848e-10)}
2024-11-09 17:18:36,713 - INFO - Bottom 10 Mean Stats: {'Max': np.float64(101.0), 'Min': np.float64(83.0), 'Mean': np.float64(90.9), 'Std': np.float64(7.569015788066505)}
2024-11-09 17:18:36,713 - INFO - Bottom 10 Std Stats: {'Max': np.float64(0.0), 'Min': np.float64(0.0), 'Mean': np.float64(0.0), 'Std': np.float64(0.0)}
[I 2024-11-09 17:18:36,742] Trial 221 finished with value: 32.0 and parameters: {'x_0': -2, 'x_1': -3, 'x_2': 3, 'x_3': 1, 'x_4': 3}. Best is trial 186 with value: 11.0.
2024-11-09 17:18:46,689 - INFO - Candidate Mean Stats: {'Max': np.float64(101.0), 'Min': np.float64(-5.939693181744587e-14), 'Mean': np.float64(0.06751277545622193), 'Std': np.float64(1.9404438599483482)}
2024-11-09 17:18:46,690 - INFO - Candidate Std Stats: {'Max': np.float64(0.9999999961234202), 'Min': np.float64(0.0), 'Mean': np.float64(0.9986215419563678), 'Std': np.float64(0.037101821931186184)}
2024-11-09 17:18:46,714 - INFO - Top 10 Mean Stats: {'Max': np.float64(5.179190409876355e-15), 'Min': np.float64(-2.7811086766860172e-15), 'Mean': np.float64(8.857985959315194e-17), 'Std': np.float64(2.4783232349791968e-15)}
2024-11-09 17:18:46,714 - INFO - Top 10 Std Stats: {'Max': np.float64(0.9999999961234202), 'Min': np.float64(0.9999999955960147), 'Mean': np.float64(0.9999999957700758), 'Std': np.float64(1.9723937123524005e-10)}
2024-11-09 17:18:46,714 - INFO - Bottom 10 Mean Stats: {'Max': np.float64(101.0), 'Min': np.float64(83.0), 'Mean': np.float64(90.9), 'Std': np.float64(7.569015788066505)}
2024-11-09 17:18:46,714 - INFO - Bottom 10 Std Stats: {'Max': np.float64(0.0), 'Min': np.float64(0.0), 'Mean': np.float64(0.0), 'Std': np.float64(0.0)}
[I 2024-11-09 17:18:46,747] Trial 222 finished with value: 59.0 and parameters: {'x_0': 2, 'x_1': -5, 'x_2': -5, 'x_3': -1, 'x_4': 2}. Best is trial 186 with value: 11.0.
2024-11-09 17:18:56,224 - INFO - Candidate Mean Stats: {'Max': np.float64(101.0), 'Min': np.float64(-6.41819930535803e-14), 'Mean': np.float64(0.06787911903682686), 'Std': np.float64(1.9459925603443404)}
2024-11-09 17:18:56,224 - INFO - Candidate Std Stats: {'Max': np.float64(0.9999999963266789), 'Min': np.float64(0.0), 'Mean': np.float64(0.9986153330171935), 'Std': np.float64(0.03718517510741093)}
2024-11-09 17:18:56,254 - INFO - Top 10 Mean Stats: {'Max': np.float64(3.186340080674199e-15), 'Min': np.float64(-3.597122599785507e-15), 'Mean': np.float64(-3.969047313034934e-17), 'Std': np.float64(1.964197608551717e-15)}
2024-11-09 17:18:56,254 - INFO - Top 10 Std Stats: {'Max': np.float64(0.9999999963266789), 'Min': np.float64(0.9999999961070991), 'Mean': np.float64(0.9999999962195283), 'Std': np.float64(7.102138116276066e-11)}
2024-11-09 17:18:56,255 - INFO - Bottom 10 Mean Stats: {'Max': np.float64(101.0), 'Min': np.float64(83.0), 'Mean': np.float64(90.9), 'Std': np.float64(7.569015788066505)}
2024-11-09 17:18:56,255 - INFO - Bottom 10 Std Stats: {'Max': np.float64(0.0), 'Min': np.float64(0.0), 'Mean': np.float64(0.0), 'Std': np.float64(0.0)}
