[I 2024-11-09 16:45:40,858] Trial 31 finished with value: 43.0 and parameters: {'x_0': 0, 'x_1': 5, 'x_2': 3, 'x_3': 0, 'x_4': -3}. Best is trial 10 with value: 9.0.
2024-11-09 16:45:50,014 - INFO - Candidate Mean Stats: {'Max': np.float64(116.0), 'Min': np.float64(-7.033262861000367e-14), 'Mean': np.float64(0.009611862080955717), 'Std': np.float64(0.7432468121639231)}
2024-11-09 16:45:50,015 - INFO - Candidate Std Stats: {'Max': np.float64(0.9999999962181475), 'Min': np.float64(0.0), 'Mean': np.float64(0.9998012930415927), 'Std': np.float64(0.014094514497625384)}
2024-11-09 16:45:50,041 - INFO - Top 10 Mean Stats: {'Max': np.float64(2.5646151868841118e-15), 'Min': np.float64(-1.7541523789077474e-15), 'Mean': np.float64(3.2196467714129534e-16), 'Std': np.float64(1.4526113251485292e-15)}
2024-11-09 16:45:50,042 - INFO - Top 10 Std Stats: {'Max': np.float64(0.9999999962181475), 'Min': np.float64(0.9999999958867183), 'Mean': np.float64(0.9999999960440509), 'Std': np.float64(1.0769199435572854e-10)}
2024-11-09 16:45:50,042 - INFO - Bottom 10 Mean Stats: {'Max': np.float64(116.0), 'Min': np.float64(55.0), 'Mean': np.float64(72.4), 'Std': np.float64(16.28619046922883)}
2024-11-09 16:45:50,042 - INFO - Bottom 10 Std Stats: {'Max': np.float64(0.0), 'Min': np.float64(0.0), 'Mean': np.float64(0.0), 'Std': np.float64(0.0)}
[I 2024-11-09 16:45:50,095] Trial 32 finished with value: 58.0 and parameters: {'x_0': 4, 'x_1': -1, 'x_2': -5, 'x_3': 0, 'x_4': -4}. Best is trial 10 with value: 9.0.
2024-11-09 16:45:57,250 - INFO - Candidate Mean Stats: {'Max': np.float64(116.0), 'Min': np.float64(-6.545042285921454e-14), 'Mean': np.float64(0.009971996448330012), 'Std': np.float64(0.7571634990403604)}
2024-11-09 16:45:57,251 - INFO - Candidate Std Stats: {'Max': np.float64(0.9999999967378955), 'Min': np.float64(0.0), 'Mean': np.float64(0.9997950836812827), 'Std': np.float64(0.014313002686788359)}
2024-11-09 16:45:57,287 - INFO - Top 10 Mean Stats: {'Max': np.float64(2.348121697082206e-15), 'Min': np.float64(-2.010891453352315e-15), 'Mean': np.float64(-7.573802696114747e-17), 'Std': np.float64(1.4010784777303379e-15)}
2024-11-09 16:45:57,288 - INFO - Top 10 Std Stats: {'Max': np.float64(0.9999999967378955), 'Min': np.float64(0.9999999963145088), 'Mean': np.float64(0.9999999965169486), 'Std': np.float64(1.477325568625196e-10)}
2024-11-09 16:45:57,288 - INFO - Bottom 10 Mean Stats: {'Max': np.float64(116.0), 'Min': np.float64(58.0), 'Mean': np.float64(72.7), 'Std': np.float64(15.987807854737309)}
2024-11-09 16:45:57,288 - INFO - Bottom 10 Std Stats: {'Max': np.float64(0.0), 'Min': np.float64(0.0), 'Mean': np.float64(0.0), 'Std': np.float64(0.0)}
[I 2024-11-09 16:45:57,331] Trial 33 finished with value: 23.0 and parameters: {'x_0': -1, 'x_1': 2, 'x_2': -1, 'x_3': 4, 'x_4': -1}. Best is trial 10 with value: 9.0.
2024-11-09 16:46:08,398 - INFO - Candidate Mean Stats: {'Max': np.float64(116.0), 'Min': np.float64(-6.82065515178465e-14), 'Mean': np.float64(0.010114808352633668), 'Std': np.float64(0.7593275771649414)}
2024-11-09 16:46:08,399 - INFO - Candidate Std Stats: {'Max': np.float64(0.9999999962959317), 'Min': np.float64(0.0), 'Mean': np.float64(0.9997888746489091), 'Std': np.float64(0.014528202776888826)}
2024-11-09 16:46:08,476 - INFO - Top 10 Mean Stats: {'Max': np.float64(2.8727020762175925e-15), 'Min': np.float64(-6.467049118441537e-15), 'Mean': np.float64(-7.430167592303861e-16), 'Std': np.float64(2.583634446463049e-15)}
2024-11-09 16:46:08,476 - INFO - Top 10 Std Stats: {'Max': np.float64(0.9999999962959317), 'Min': np.float64(0.9999999958023148), 'Mean': np.float64(0.9999999960057202), 'Std': np.float64(1.6520843538809145e-10)}
2024-11-09 16:46:08,477 - INFO - Bottom 10 Mean Stats: {'Max': np.float64(116.0), 'Min': np.float64(58.0), 'Mean': np.float64(72.7), 'Std': np.float64(15.987807854737309)}
2024-11-09 16:46:08,477 - INFO - Bottom 10 Std Stats: {'Max': np.float64(0.0), 'Min': np.float64(0.0), 'Mean': np.float64(0.0), 'Std': np.float64(0.0)}
[I 2024-11-09 16:46:08,515] Trial 34 finished with value: 27.0 and parameters: {'x_0': -2, 'x_1': -2, 'x_2': 1, 'x_3': 3, 'x_4': -3}. Best is trial 10 with value: 9.0.
2024-11-09 16:46:24,501 - INFO - Candidate Mean Stats: {'Max': np.float64(116.0), 'Min': np.float64(-6.059111545830831e-14), 'Mean': np.float64(0.010282457109859623), 'Std': np.float64(0.7623001156448)}
2024-11-09 16:46:24,501 - INFO - Candidate Std Stats: {'Max': np.float64(0.9999999966169489), 'Min': np.float64(0.0), 'Mean': np.float64(0.9997826651526761), 'Std': np.float64(0.014740258770965102)}
2024-11-09 16:46:24,592 - INFO - Top 10 Mean Stats: {'Max': np.float64(1.8318679906315083e-15), 'Min': np.float64(-1.4765966227514583e-15), 'Mean': np.float64(6.8001160258291014e-18), 'Std': np.float64(9.891988341715318e-16)}
2024-11-09 16:46:24,592 - INFO - Top 10 Std Stats: {'Max': np.float64(0.9999999966169489), 'Min': np.float64(0.9999999960928545), 'Mean': np.float64(0.9999999963007946), 'Std': np.float64(1.7175561066251707e-10)}
2024-11-09 16:46:24,592 - INFO - Bottom 10 Mean Stats: {'Max': np.float64(116.0), 'Min': np.float64(58.0), 'Mean': np.float64(72.7), 'Std': np.float64(15.987807854737309)}
2024-11-09 16:46:24,592 - INFO - Bottom 10 Std Stats: {'Max': np.float64(0.0), 'Min': np.float64(0.0), 'Mean': np.float64(0.0), 'Std': np.float64(0.0)}
[I 2024-11-09 16:46:24,637] Trial 35 finished with value: 22.0 and parameters: {'x_0': -3, 'x_1': 0, 'x_2': 2, 'x_3': -3, 'x_4': 0}. Best is trial 10 with value: 9.0.
2024-11-09 16:46:36,319 - INFO - Candidate Mean Stats: {'Max': np.float64(116.0), 'Min': np.float64(-5.833111771380572e-14), 'Mean': np.float64(0.010419059800932605), 'Std': np.float64(0.7642669020916465)}
2024-11-09 16:46:36,319 - INFO - Candidate Std Stats: {'Max': np.float64(0.9999999971340353), 'Min': np.float64(0.0), 'Mean': np.float64(0.9997764562428991), 'Std': np.float64(0.014949304481818495)}
2024-11-09 16:46:36,390 - INFO - Top 10 Mean Stats: {'Max': np.float64(5.845324224651449e-15), 'Min': np.float64(-5.1403326040144745e-15), 'Mean': np.float64(-1.8623991238086996e-16), 'Std': np.float64(2.9875394157478478e-15)}
2024-11-09 16:46:36,391 - INFO - Top 10 Std Stats: {'Max': np.float64(0.9999999971340353), 'Min': np.float64(0.9999999963791963), 'Mean': np.float64(0.9999999966069801), 'Std': np.float64(2.228860730940906e-10)}
2024-11-09 16:46:36,391 - INFO - Bottom 10 Mean Stats: {'Max': np.float64(116.0), 'Min': np.float64(58.0), 'Mean': np.float64(72.7), 'Std': np.float64(15.987807854737309)}
2024-11-09 16:46:36,391 - INFO - Bottom 10 Std Stats: {'Max': np.float64(0.0), 'Min': np.float64(0.0), 'Mean': np.float64(0.0), 'Std': np.float64(0.0)}
[I 2024-11-09 16:46:36,423] Trial 36 finished with value: 22.0 and parameters: {'x_0': -4, 'x_1': 2, 'x_2': 0, 'x_3': 1, 'x_4': -1}. Best is trial 10 with value: 9.0.
2024-11-09 16:46:52,223 - INFO - Candidate Mean Stats: {'Max': np.float64(116.0), 'Min': np.float64(-8.126832540256146e-14), 'Mean': np.float64(0.01055566249200565), 'Std': np.float64(0.7662286157752523)}
2024-11-09 16:46:52,224 - INFO - Candidate Std Stats: {'Max': np.float64(0.999999996319477), 'Min': np.float64(0.0), 'Mean': np.float64(0.9997702470470662), 'Std': np.float64(0.015155464463772337)}
2024-11-09 16:46:52,265 - INFO - Top 10 Mean Stats: {'Max': np.float64(4.076947113240692e-15), 'Min': np.float64(-3.68594044175552e-15), 'Mean': np.float64(6.204065039483453e-16), 'Std': np.float64(2.28349738319206e-15)}
2024-11-09 16:46:52,265 - INFO - Top 10 Std Stats: {'Max': np.float64(0.999999996319477), 'Min': np.float64(0.9999999959623959), 'Mean': np.float64(0.9999999961240734), 'Std': np.float64(1.1404150388219523e-10)}
2024-11-09 16:46:52,266 - INFO - Bottom 10 Mean Stats: {'Max': np.float64(116.0), 'Min': np.float64(58.0), 'Mean': np.float64(72.7), 'Std': np.float64(15.987807854737309)}
2024-11-09 16:46:52,266 - INFO - Bottom 10 Std Stats: {'Max': np.float64(0.0), 'Min': np.float64(0.0), 'Mean': np.float64(0.0), 'Std': np.float64(0.0)}
[I 2024-11-09 16:46:52,313] Trial 37 finished with value: 53.0 and parameters: {'x_0': 1, 'x_1': 5, 'x_2': -1, 'x_3': 5, 'x_4': 1}. Best is trial 10 with value: 9.0.
2024-11-09 16:46:59,119 - INFO - Candidate Mean Stats: {'Max': np.float64(116.0), 'Min': np.float64(-6.66577903984944e-14), 'Mean': np.float64(0.010884750793226976), 'Std': np.float64(0.7775222928047821)}
2024-11-09 16:46:59,120 - INFO - Candidate Std Stats: {'Max': np.float64(0.9999999966177899), 'Min': np.float64(0.0), 'Mean': np.float64(0.9997640379877022), 'Std': np.float64(0.015358854927740766)}
2024-11-09 16:46:59,146 - INFO - Top 10 Mean Stats: {'Max': np.float64(4.6629367034256575e-15), 'Min': np.float64(-3.0753177782116835e-15), 'Mean': np.float64(1.41886502547095e-15), 'Std': np.float64(2.512485481095228e-15)}
2024-11-09 16:46:59,146 - INFO - Top 10 Std Stats: {'Max': np.float64(0.9999999966177899), 'Min': np.float64(0.9999999958738065), 'Mean': np.float64(0.9999999960919205), 'Std': np.float64(2.264931149259723e-10)}
2024-11-09 16:46:59,147 - INFO - Bottom 10 Mean Stats: {'Max': np.float64(116.0), 'Min': np.float64(58.0), 'Mean': np.float64(72.7), 'Std': np.float64(15.987807854737309)}
2024-11-09 16:46:59,147 - INFO - Bottom 10 Std Stats: {'Max': np.float64(0.0), 'Min': np.float64(0.0), 'Mean': np.float64(0.0), 'Std': np.float64(0.0)}
[I 2024-11-09 16:46:59,181] Trial 38 finished with value: 52.0 and parameters: {'x_0': 4, 'x_1': 2, 'x_2': -4, 'x_3': 4, 'x_4': 0}. Best is trial 10 with value: 9.0.
2024-11-09 16:47:06,472 - INFO - Candidate Mean Stats: {'Max': np.float64(116.0), 'Min': np.float64(-5.1282589286216765e-14), 'Mean': np.float64(0.011207629881217776), 'Std': np.float64(0.7882407596770172)}
2024-11-09 16:47:06,473 - INFO - Candidate Std Stats: {'Max': np.float64(0.9999999968603671), 'Min': np.float64(0.0), 'Mean': np.float64(0.9997578285210873), 'Std': np.float64(0.01555958447285902)}
2024-11-09 16:47:06,501 - INFO - Top 10 Mean Stats: {'Max': np.float64(3.1308289294429414e-15), 'Min': np.float64(-5.628830734849544e-15), 'Mean': np.float64(-1.5782514184436987e-16), 'Std': np.float64(2.6799181053872245e-15)}
2024-11-09 16:47:06,501 - INFO - Top 10 Std Stats: {'Max': np.float64(0.9999999968603671), 'Min': np.float64(0.9999999965330167), 'Mean': np.float64(0.9999999966223619), 'Std': np.float64(1.1262394119935138e-10)}
2024-11-09 16:47:06,501 - INFO - Bottom 10 Mean Stats: {'Max': np.float64(116.0), 'Min': np.float64(58.0), 'Mean': np.float64(72.7), 'Std': np.float64(15.987807854737309)}
2024-11-09 16:47:06,501 - INFO - Bottom 10 Std Stats: {'Max': np.float64(0.0), 'Min': np.float64(0.0), 'Mean': np.float64(0.0), 'Std': np.float64(0.0)}
[I 2024-11-09 16:47:06,537] Trial 39 finished with value: 46.0 and parameters: {'x_0': 2, 'x_1': -5, 'x_2': -2, 'x_3': 3, 'x_4': 2}. Best is trial 10 with value: 9.0.
2024-11-09 16:47:15,183 - INFO - Candidate Mean Stats: {'Max': np.float64(116.0), 'Min': np.float64(-8.182343691487404e-14), 'Mean': np.float64(0.011493253689824961), 'Std': np.float64(0.7965272791934426)}
2024-11-09 16:47:15,184 - INFO - Candidate Std Stats: {'Max': np.float64(0.9999999966658722), 'Min': np.float64(0.0), 'Mean': np.float64(0.9997516193876723), 'Std': np.float64(0.01575775479867749)}
2024-11-09 16:47:15,221 - INFO - Top 10 Mean Stats: {'Max': np.float64(2.5202062658991053e-15), 'Min': np.float64(-2.9976021664879227e-15), 'Mean': np.float64(-2.652912611811331e-16), 'Std': np.float64(1.5756733343203677e-15)}
2024-11-09 16:47:15,221 - INFO - Top 10 Std Stats: {'Max': np.float64(0.9999999966658722), 'Min': np.float64(0.9999999964192036), 'Mean': np.float64(0.9999999965096789), 'Std': np.float64(7.155898464377281e-11)}
2024-11-09 16:47:15,221 - INFO - Bottom 10 Mean Stats: {'Max': np.float64(116.0), 'Min': np.float64(58.0), 'Mean': np.float64(72.7), 'Std': np.float64(15.987807854737309)}
2024-11-09 16:47:15,221 - INFO - Bottom 10 Std Stats: {'Max': np.float64(0.0), 'Min': np.float64(0.0), 'Mean': np.float64(0.0), 'Std': np.float64(0.0)}
[I 2024-11-09 16:47:15,259] Trial 40 finished with value: 52.0 and parameters: {'x_0': 1, 'x_1': -5, 'x_2': 1, 'x_3': -4, 'x_4': -3}. Best is trial 10 with value: 9.0.
2024-11-09 16:47:24,104 - INFO - Candidate Mean Stats: {'Max': np.float64(116.0), 'Min': np.float64(-6.613598557692058e-14), 'Mean': np.float64(0.011816132777815729), 'Std': np.float64(0.8069931182862613)}
2024-11-09 16:47:24,106 - INFO - Candidate Std Stats: {'Max': np.float64(0.9999999967486648), 'Min': np.float64(0.0), 'Mean': np.float64(0.9997454101833785), 'Std': np.float64(0.015953461269570538)}
2024-11-09 16:47:24,143 - INFO - Top 10 Mean Stats: {'Max': np.float64(2.0872192862952944e-15), 'Min': np.float64(-3.3362201889985955e-15), 'Mean': np.float64(-2.0206059048177852e-16), 'Std': np.float64(1.875344158119638e-15)}
2024-11-09 16:47:24,143 - INFO - Top 10 Std Stats: {'Max': np.float64(0.9999999967486648), 'Min': np.float64(0.999999996616504), 'Mean': np.float64(0.9999999966775462), 'Std': np.float64(4.038085852958313e-11)}
2024-11-09 16:47:24,144 - INFO - Bottom 10 Mean Stats: {'Max': np.float64(116.0), 'Min': np.float64(58.0), 'Mean': np.float64(72.7), 'Std': np.float64(15.987807854737309)}
2024-11-09 16:47:24,144 - INFO - Bottom 10 Std Stats: {'Max': np.float64(0.0), 'Min': np.float64(0.0), 'Mean': np.float64(0.0), 'Std': np.float64(0.0)}
[I 2024-11-09 16:47:24,180] Trial 41 finished with value: 63.0 and parameters: {'x_0': 2, 'x_1': -4, 'x_2': -5, 'x_3': -3, 'x_4': 3}. Best is trial 10 with value: 9.0.
2024-11-09 16:47:33,101 - INFO - Candidate Mean Stats: {'Max': np.float64(116.0), 'Min': np.float64(-8.36664071357518e-14), 'Mean': np.float64(0.012207313211342996), 'Std': np.float64(0.8221148720048705)}
2024-11-09 16:47:33,103 - INFO - Candidate Std Stats: {'Max': np.float64(0.9999999966376051), 'Min': np.float64(0.0), 'Mean': np.float64(0.9997392009263427), 'Std': np.float64(0.016146793475120342)}
2024-11-09 16:47:33,140 - INFO - Top 10 Mean Stats: {'Max': np.float64(3.4361402612148594e-15), 'Min': np.float64(-1.4988010832439613e-15), 'Mean': np.float64(1.0186296250935812e-15), 'Std': np.float64(1.6717583185845424e-15)}
2024-11-09 16:47:33,140 - INFO - Top 10 Std Stats: {'Max': np.float64(0.9999999966376051), 'Min': np.float64(0.9999999963808673), 'Mean': np.float64(0.9999999964833961), 'Std': np.float64(9.015124738981281e-11)}
2024-11-09 16:47:33,140 - INFO - Bottom 10 Mean Stats: {'Max': np.float64(116.0), 'Min': np.float64(59.0), 'Mean': np.float64(73.2), 'Std': np.float64(15.593588426016636)}
2024-11-09 16:47:33,141 - INFO - Bottom 10 Std Stats: {'Max': np.float64(0.0), 'Min': np.float64(0.0), 'Mean': np.float64(0.0), 'Std': np.float64(0.0)}
[I 2024-11-09 16:47:33,189] Trial 42 finished with value: 60.0 and parameters: {'x_0': -3, 'x_1': -3, 'x_2': -1, 'x_3': 5, 'x_4': -4}. Best is trial 10 with value: 9.0.
2024-11-09 16:47:42,610 - INFO - Candidate Mean Stats: {'Max': np.float64(116.0), 'Min': np.float64(-5.793143742494066e-14), 'Mean': np.float64(0.012579866005178483), 'Std': np.float64(0.8355936786912919)}
2024-11-09 16:47:42,611 - INFO - Candidate Std Stats: {'Max': np.float64(0.9999999969508796), 'Min': np.float64(0.0), 'Mean': np.float64(0.9997329921363932), 'Std': np.float64(0.01633783571090002)}
2024-11-09 16:47:42,644 - INFO - Top 10 Mean Stats: {'Max': np.float64(3.164135620181696e-15), 'Min': np.float64(-3.7359004778636516e-15), 'Mean': np.float64(4.2396641752873157e-16), 'Std': np.float64(2.3379542381557687e-15)}
2024-11-09 16:47:42,645 - INFO - Top 10 Std Stats: {'Max': np.float64(0.9999999969508796), 'Min': np.float64(0.9999999964921835), 'Mean': np.float64(0.9999999966397258), 'Std': np.float64(1.404778076402391e-10)}
2024-11-09 16:47:42,645 - INFO - Bottom 10 Mean Stats: {'Max': np.float64(116.0), 'Min': np.float64(60.0), 'Mean': np.float64(73.3), 'Std': np.float64(15.505160431288674)}
2024-11-09 16:47:42,646 - INFO - Bottom 10 Std Stats: {'Max': np.float64(0.0), 'Min': np.float64(0.0), 'Mean': np.float64(0.0), 'Std': np.float64(0.0)}
[I 2024-11-09 16:47:42,682] Trial 43 finished with value: 25.0 and parameters: {'x_0': -1, 'x_1': -2, 'x_2': 4, 'x_3': 2, 'x_4': 0}. Best is trial 10 with value: 9.0.
2024-11-09 16:47:51,393 - INFO - Candidate Mean Stats: {'Max': np.float64(116.0), 'Min': np.float64(-7.986944439153376e-14), 'Mean': np.float64(0.012735096335943255), 'Std': np.float64(0.8379102723370732)}
2024-11-09 16:47:51,394 - INFO - Candidate Std Stats: {'Max': np.float64(0.9999999971673246), 'Min': np.float64(0.0), 'Mean': np.float64(0.9997267831158829), 'Std': np.float64(0.016526667379735297)}
2024-11-09 16:47:51,421 - INFO - Top 10 Mean Stats: {'Max': np.float64(4.252154184314349e-15), 'Min': np.float64(-2.86992651865603e-15), 'Mean': np.float64(6.305372890480499e-16), 'Std': np.float64(2.0352742238692106e-15)}
2024-11-09 16:47:51,421 - INFO - Top 10 Std Stats: {'Max': np.float64(0.9999999971673246), 'Min': np.float64(0.9999999964435252), 'Mean': np.float64(0.9999999967055734), 'Std': np.float64(2.1960740949391766e-10)}
2024-11-09 16:47:51,421 - INFO - Bottom 10 Mean Stats: {'Max': np.float64(116.0), 'Min': np.float64(60.0), 'Mean': np.float64(73.3), 'Std': np.float64(15.505160431288674)}
2024-11-09 16:47:51,422 - INFO - Bottom 10 Std Stats: {'Max': np.float64(0.0), 'Min': np.float64(0.0), 'Mean': np.float64(0.0), 'Std': np.float64(0.0)}
[I 2024-11-09 16:47:51,459] Trial 44 finished with value: 22.0 and parameters: {'x_0': -1, 'x_1': 0, 'x_2': -1, 'x_3': -2, 'x_4': -4}. Best is trial 10 with value: 9.0.
2024-11-09 16:47:59,447 - INFO - Candidate Mean Stats: {'Max': np.float64(116.0), 'Min': np.float64(-5.797584634592568e-14), 'Mean': np.float64(0.01287169902701627), 'Std': np.float64(0.8396995806444338)}
2024-11-09 16:47:59,448 - INFO - Candidate Std Stats: {'Max': np.float64(0.9999999969348183), 'Min': np.float64(0.0), 'Mean': np.float64(0.9997205731755822), 'Std': np.float64(0.01671336339659323)}
2024-11-09 16:47:59,478 - INFO - Top 10 Mean Stats: {'Max': np.float64(4.618527782440651e-15), 'Min': np.float64(-4.690692279041286e-15), 'Mean': np.float64(7.882583474838621e-17), 'Std': np.float64(2.9180294010901252e-15)}
2024-11-09 16:47:59,478 - INFO - Top 10 Std Stats: {'Max': np.float64(0.9999999969348183), 'Min': np.float64(0.999999996328191), 'Mean': np.float64(0.9999999965700859), 'Std': np.float64(2.3278973346511676e-10)}
2024-11-09 16:47:59,479 - INFO - Bottom 10 Mean Stats: {'Max': np.float64(116.0), 'Min': np.float64(60.0), 'Mean': np.float64(73.3), 'Std': np.float64(15.505160431288674)}
2024-11-09 16:47:59,479 - INFO - Bottom 10 Std Stats: {'Max': np.float64(0.0), 'Min': np.float64(0.0), 'Mean': np.float64(0.0), 'Std': np.float64(0.0)}
[I 2024-11-09 16:47:59,517] Trial 45 finished with value: 71.0 and parameters: {'x_0': 5, 'x_1': -4, 'x_2': 1, 'x_3': -2, 'x_4': 5}. Best is trial 10 with value: 9.0.
2024-11-09 16:48:10,114 - INFO - Candidate Mean Stats: {'Max': np.float64(116.0), 'Min': np.float64(-5.2313708920337375e-14), 'Mean': np.float64(0.01331255316638829), 'Std': np.float64(0.8581284788386202)}
2024-11-09 16:48:10,115 - INFO - Candidate Std Stats: {'Max': np.float64(0.9999999968227803), 'Min': np.float64(0.0), 'Mean': np.float64(0.9997143636822845), 'Std': np.float64(0.016897994570403578)}
2024-11-09 16:48:10,148 - INFO - Top 10 Mean Stats: {'Max': np.float64(2.942091015256665e-15), 'Min': np.float64(-4.174438572590589e-15), 'Mean': np.float64(-5.003289449412306e-16), 'Std': np.float64(2.299626733891766e-15)}
2024-11-09 16:48:10,148 - INFO - Top 10 Std Stats: {'Max': np.float64(0.9999999968227803), 'Min': np.float64(0.9999999963759016), 'Mean': np.float64(0.9999999965913814), 'Std': np.float64(1.3750031548689032e-10)}
2024-11-09 16:48:10,148 - INFO - Bottom 10 Mean Stats: {'Max': np.float64(116.0), 'Min': np.float64(62.0), 'Mean': np.float64(74.4), 'Std': np.float64(14.901006677402705)}
2024-11-09 16:48:10,148 - INFO - Bottom 10 Std Stats: {'Max': np.float64(0.0), 'Min': np.float64(0.0), 'Mean': np.float64(0.0), 'Std': np.float64(0.0)}
[I 2024-11-09 16:48:10,183] Trial 46 finished with value: 28.0 and parameters: {'x_0': -1, 'x_1': -1, 'x_2': 3, 'x_3': 1, 'x_4': 4}. Best is trial 10 with value: 9.0.
2024-11-09 16:48:19,886 - INFO - Candidate Mean Stats: {'Max': np.float64(116.0), 'Min': np.float64(-9.053036098549682e-14), 'Mean': np.float64(0.01348641113684483), 'Std': np.float64(0.8609575193661554)}
2024-11-09 16:48:19,888 - INFO - Candidate Std Stats: {'Max': np.float64(0.9999999964912426), 'Min': np.float64(0.0), 'Mean': np.float64(0.9997081550110745), 'Std': np.float64(0.017080627867276967)}
2024-11-09 16:48:19,915 - INFO - Top 10 Mean Stats: {'Max': np.float64(1.6792123247455493e-15), 'Min': np.float64(-2.4646951146678474e-15), 'Mean': np.float64(1.3745948823640223e-16), 'Std': np.float64(1.265250421053617e-15)}
2024-11-09 16:48:19,919 - INFO - Top 10 Std Stats: {'Max': np.float64(0.9999999964912426), 'Min': np.float64(0.9999999960337933), 'Mean': np.float64(0.9999999961739588), 'Std': np.float64(1.6795849239621464e-10)}
2024-11-09 16:48:19,920 - INFO - Bottom 10 Mean Stats: {'Max': np.float64(116.0), 'Min': np.float64(62.0), 'Mean': np.float64(74.4), 'Std': np.float64(14.901006677402705)}
2024-11-09 16:48:19,920 - INFO - Bottom 10 Std Stats: {'Max': np.float64(0.0), 'Min': np.float64(0.0), 'Mean': np.float64(0.0), 'Std': np.float64(0.0)}
