[I 2024-11-09 17:28:40,715] Trial 287 finished with value: 62.0 and parameters: {'x_0': 1, 'x_1': 2, 'x_2': 4, 'x_3': -5, 'x_4': -4}. Best is trial 274 with value: 7.0.
2024-11-09 17:28:46,239 - INFO - Candidate Mean Stats: {'Max': np.float64(101.0), 'Min': np.float64(-5.5538906806873456e-14), 'Mean': np.float64(0.08726428274273366), 'Std': np.float64(2.208145446741389)}
2024-11-09 17:28:46,240 - INFO - Candidate Std Stats: {'Max': np.float64(0.999999997170625), 'Min': np.float64(0.0), 'Mean': np.float64(0.9982117347734429), 'Std': np.float64(0.04224991737139858)}
2024-11-09 17:28:46,262 - INFO - Top 10 Mean Stats: {'Max': np.float64(3.508304757815495e-15), 'Min': np.float64(-2.503552920529728e-15), 'Mean': np.float64(-2.7422508708241364e-16), 'Std': np.float64(1.697314973018133e-15)}
2024-11-09 17:28:46,262 - INFO - Top 10 Std Stats: {'Max': np.float64(0.999999997170625), 'Min': np.float64(0.9999999966523406), 'Mean': np.float64(0.9999999968318741), 'Std': np.float64(1.651453800716809e-10)}
2024-11-09 17:28:46,263 - INFO - Bottom 10 Mean Stats: {'Max': np.float64(101.0), 'Min': np.float64(85.0), 'Mean': np.float64(95.1), 'Std': np.float64(5.146843692983109)}
2024-11-09 17:28:46,263 - INFO - Bottom 10 Std Stats: {'Max': np.float64(0.0), 'Min': np.float64(0.0), 'Mean': np.float64(0.0), 'Std': np.float64(0.0)}
[I 2024-11-09 17:28:46,296] Trial 288 finished with value: 79.0 and parameters: {'x_0': -2, 'x_1': -3, 'x_2': -5, 'x_3': 5, 'x_4': 4}. Best is trial 274 with value: 7.0.
2024-11-09 17:28:51,239 - INFO - Candidate Mean Stats: {'Max': np.float64(101.0), 'Min': np.float64(-5.176969963827105e-14), 'Mean': np.float64(0.08775481058795041), 'Std': np.float64(2.216883434463374)}
2024-11-09 17:28:51,240 - INFO - Candidate Std Stats: {'Max': np.float64(0.9999999963679022), 'Min': np.float64(0.0), 'Mean': np.float64(0.9982055255293634), 'Std': np.float64(0.04232307272653235)}
2024-11-09 17:28:51,263 - INFO - Top 10 Mean Stats: {'Max': np.float64(4.601874437071274e-15), 'Min': np.float64(-3.524958103184872e-15), 'Mean': np.float64(1.1338152638984412e-15), 'Std': np.float64(2.642535586440411e-15)}
2024-11-09 17:28:51,264 - INFO - Top 10 Std Stats: {'Max': np.float64(0.9999999963679022), 'Min': np.float64(0.9999999959301379), 'Mean': np.float64(0.999999996100931), 'Std': np.float64(1.4545489516322868e-10)}
2024-11-09 17:28:51,264 - INFO - Bottom 10 Mean Stats: {'Max': np.float64(101.0), 'Min': np.float64(85.0), 'Mean': np.float64(95.1), 'Std': np.float64(5.146843692983109)}
2024-11-09 17:28:51,264 - INFO - Bottom 10 Std Stats: {'Max': np.float64(0.0), 'Min': np.float64(0.0), 'Mean': np.float64(0.0), 'Std': np.float64(0.0)}
[I 2024-11-09 17:28:51,293] Trial 289 finished with value: 63.0 and parameters: {'x_0': -3, 'x_1': 2, 'x_2': 4, 'x_3': 3, 'x_4': -5}. Best is trial 274 with value: 7.0.
2024-11-09 17:28:56,996 - INFO - Candidate Mean Stats: {'Max': np.float64(101.0), 'Min': np.float64(-5.278000259067994e-14), 'Mean': np.float64(0.08814599102147769), 'Std': np.float64(2.2224193394493565)}
2024-11-09 17:28:56,996 - INFO - Candidate Std Stats: {'Max': np.float64(0.9999999965790934), 'Min': np.float64(0.0), 'Mean': np.float64(0.9981993158430934), 'Std': np.float64(0.04239610092259409)}
2024-11-09 17:28:57,019 - INFO - Top 10 Mean Stats: {'Max': np.float64(5.190292640122607e-16), 'Min': np.float64(-3.219646771412954e-15), 'Mean': np.float64(-5.999714614013385e-16), 'Std': np.float64(1.0013867333828956e-15)}
2024-11-09 17:28:57,019 - INFO - Top 10 Std Stats: {'Max': np.float64(0.9999999965790934), 'Min': np.float64(0.9999999961208913), 'Mean': np.float64(0.999999996287378), 'Std': np.float64(1.3630172055938626e-10)}
2024-11-09 17:28:57,019 - INFO - Bottom 10 Mean Stats: {'Max': np.float64(101.0), 'Min': np.float64(85.0), 'Mean': np.float64(95.1), 'Std': np.float64(5.146843692983109)}
2024-11-09 17:28:57,020 - INFO - Bottom 10 Std Stats: {'Max': np.float64(0.0), 'Min': np.float64(0.0), 'Mean': np.float64(0.0), 'Std': np.float64(0.0)}
[I 2024-11-09 17:28:57,046] Trial 290 finished with value: 56.0 and parameters: {'x_0': -5, 'x_1': 2, 'x_2': -5, 'x_3': -1, 'x_4': 1}. Best is trial 274 with value: 7.0.
2024-11-09 17:29:05,676 - INFO - Candidate Mean Stats: {'Max': np.float64(101.0), 'Min': np.float64(-4.931749453263023e-14), 'Mean': np.float64(0.0884937069623908), 'Std': np.float64(2.226782071198451)}
2024-11-09 17:29:05,678 - INFO - Candidate Std Stats: {'Max': np.float64(0.9999999966065735), 'Min': np.float64(0.0), 'Mean': np.float64(0.9981931072166726), 'Std': np.float64(0.04246900267927013)}
2024-11-09 17:29:05,701 - INFO - Top 10 Mean Stats: {'Max': np.float64(3.147482274812319e-15), 'Min': np.float64(-5.25135490647699e-15), 'Mean': np.float64(-3.6654707047389926e-16), 'Std': np.float64(2.404663842434687e-15)}
2024-11-09 17:29:05,701 - INFO - Top 10 Std Stats: {'Max': np.float64(0.9999999966065735), 'Min': np.float64(0.9999999959828633), 'Mean': np.float64(0.9999999961940225), 'Std': np.float64(1.7793344112820683e-10)}
2024-11-09 17:29:05,702 - INFO - Bottom 10 Mean Stats: {'Max': np.float64(101.0), 'Min': np.float64(85.0), 'Mean': np.float64(95.1), 'Std': np.float64(5.146843692983109)}
2024-11-09 17:29:05,702 - INFO - Bottom 10 Std Stats: {'Max': np.float64(0.0), 'Min': np.float64(0.0), 'Mean': np.float64(0.0), 'Std': np.float64(0.0)}
[I 2024-11-09 17:29:05,739] Trial 291 finished with value: 68.0 and parameters: {'x_0': -3, 'x_1': -3, 'x_2': -3, 'x_3': 5, 'x_4': -4}. Best is trial 274 with value: 7.0.
2024-11-09 17:29:10,125 - INFO - Candidate Mean Stats: {'Max': np.float64(101.0), 'Min': np.float64(-5.831446436843635e-14), 'Mean': np.float64(0.08891593346207104), 'Std': np.float64(2.2332028317055377)}
2024-11-09 17:29:10,125 - INFO - Candidate Std Stats: {'Max': np.float64(0.9999999970937872), 'Min': np.float64(0.0), 'Mean': np.float64(0.9981868977572227), 'Std': np.float64(0.042541778566370814)}
2024-11-09 17:29:10,151 - INFO - Top 10 Mean Stats: {'Max': np.float64(2.8754776337791553e-15), 'Min': np.float64(-5.2291504459844875e-15), 'Mean': np.float64(-3.8913317013111736e-16), 'Std': np.float64(2.069228627904971e-15)}
2024-11-09 17:29:10,151 - INFO - Top 10 Std Stats: {'Max': np.float64(0.9999999970937872), 'Min': np.float64(0.9999999966673494), 'Mean': np.float64(0.9999999968789048), 'Std': np.float64(1.4916592782814637e-10)}
2024-11-09 17:29:10,152 - INFO - Bottom 10 Mean Stats: {'Max': np.float64(101.0), 'Min': np.float64(85.0), 'Mean': np.float64(95.1), 'Std': np.float64(5.146843692983109)}
2024-11-09 17:29:10,152 - INFO - Bottom 10 Std Stats: {'Max': np.float64(0.0), 'Min': np.float64(0.0), 'Mean': np.float64(0.0), 'Std': np.float64(0.0)}
[I 2024-11-09 17:29:10,182] Trial 292 finished with value: 63.0 and parameters: {'x_0': 4, 'x_1': -3, 'x_2': 5, 'x_3': -3, 'x_4': 2}. Best is trial 274 with value: 7.0.
2024-11-09 17:29:15,080 - INFO - Candidate Mean Stats: {'Max': np.float64(101.0), 'Min': np.float64(-3.855804564523169e-14), 'Mean': np.float64(0.08930711389559828), 'Std': np.float64(2.238698179183813)}
2024-11-09 17:29:15,081 - INFO - Candidate Std Stats: {'Max': np.float64(0.999999996282917), 'Min': np.float64(0.0), 'Mean': np.float64(0.9981806891653712), 'Std': np.float64(0.04261442930100634)}
2024-11-09 17:29:15,106 - INFO - Top 10 Mean Stats: {'Max': np.float64(2.7644553313166396e-15), 'Min': np.float64(-4.04121180963557e-15), 'Mean': np.float64(-6.923194656449639e-16), 'Std': np.float64(2.1373318960426028e-15)}
2024-11-09 17:29:15,106 - INFO - Top 10 Std Stats: {'Max': np.float64(0.999999996282917), 'Min': np.float64(0.9999999959231081), 'Mean': np.float64(0.9999999960928557), 'Std': np.float64(1.1947926913117779e-10)}
2024-11-09 17:29:15,107 - INFO - Bottom 10 Mean Stats: {'Max': np.float64(101.0), 'Min': np.float64(85.0), 'Mean': np.float64(95.1), 'Std': np.float64(5.146843692983109)}
2024-11-09 17:29:15,107 - INFO - Bottom 10 Std Stats: {'Max': np.float64(0.0), 'Min': np.float64(0.0), 'Mean': np.float64(0.0), 'Std': np.float64(0.0)}
[I 2024-11-09 17:29:15,138] Trial 293 finished with value: 82.0 and parameters: {'x_0': -5, 'x_1': 4, 'x_2': 4, 'x_3': 0, 'x_4': 5}. Best is trial 274 with value: 7.0.
2024-11-09 17:29:21,974 - INFO - Candidate Mean Stats: {'Max': np.float64(101.0), 'Min': np.float64(-6.157296894571118e-14), 'Mean': np.float64(0.08981626938050682), 'Std': np.float64(2.247983337480584)}
2024-11-09 17:29:21,974 - INFO - Candidate Std Stats: {'Max': np.float64(0.9999999984697496), 'Min': np.float64(0.0), 'Mean': np.float64(0.9981744794215592), 'Std': np.float64(0.04268695543619576)}
2024-11-09 17:29:21,997 - INFO - Top 10 Mean Stats: {'Max': np.float64(1.817990202823694e-15), 'Min': np.float64(-1.4155343563970746e-15), 'Mean': np.float64(-1.179611963664228e-17), 'Std': np.float64(8.737174050636924e-16)}
2024-11-09 17:29:21,998 - INFO - Top 10 Std Stats: {'Max': np.float64(0.9999999984697496), 'Min': np.float64(0.9999999982012633), 'Mean': np.float64(0.9999999983565651), 'Std': np.float64(8.141143136674694e-11)}
2024-11-09 17:29:21,998 - INFO - Bottom 10 Mean Stats: {'Max': np.float64(101.0), 'Min': np.float64(85.0), 'Mean': np.float64(95.1), 'Std': np.float64(5.146843692983109)}
2024-11-09 17:29:21,999 - INFO - Bottom 10 Std Stats: {'Max': np.float64(0.0), 'Min': np.float64(0.0), 'Mean': np.float64(0.0), 'Std': np.float64(0.0)}
[I 2024-11-09 17:29:22,034] Trial 294 finished with value: 33.0 and parameters: {'x_0': -2, 'x_1': 4, 'x_2': -2, 'x_3': 0, 'x_4': -3}. Best is trial 274 with value: 7.0.
2024-11-09 17:29:27,881 - INFO - Candidate Mean Stats: {'Max': np.float64(101.0), 'Min': np.float64(-4.9470844087906585e-14), 'Mean': np.float64(0.09002117341711635), 'Std': np.float64(2.2494786216766984)}
2024-11-09 17:29:27,882 - INFO - Candidate Std Stats: {'Max': np.float64(0.9999999982926974), 'Min': np.float64(0.0), 'Mean': np.float64(0.9981682704269037), 'Std': np.float64(0.04275935768689357)}
2024-11-09 17:29:27,906 - INFO - Top 10 Mean Stats: {'Max': np.float64(1.5987211554602255e-15), 'Min': np.float64(-1.021405182655144e-15), 'Mean': np.float64(2.611799665430681e-16), 'Std': np.float64(8.863746006154747e-16)}
2024-11-09 17:29:27,906 - INFO - Top 10 Std Stats: {'Max': np.float64(0.9999999982926974), 'Min': np.float64(0.9999999979960833), 'Mean': np.float64(0.9999999981315915), 'Std': np.float64(1.0962938476680867e-10)}
2024-11-09 17:29:27,906 - INFO - Bottom 10 Mean Stats: {'Max': np.float64(101.0), 'Min': np.float64(85.0), 'Mean': np.float64(95.1), 'Std': np.float64(5.146843692983109)}
2024-11-09 17:29:27,906 - INFO - Bottom 10 Std Stats: {'Max': np.float64(0.0), 'Min': np.float64(0.0), 'Mean': np.float64(0.0), 'Std': np.float64(0.0)}
[I 2024-11-09 17:29:27,937] Trial 295 finished with value: 35.0 and parameters: {'x_0': -4, 'x_1': 3, 'x_2': -3, 'x_3': -1, 'x_4': 0}. Best is trial 274 with value: 7.0.
2024-11-09 17:29:33,611 - INFO - Candidate Mean Stats: {'Max': np.float64(101.0), 'Min': np.float64(-5.0434656451159296e-14), 'Mean': np.float64(0.09023849588018705), 'Std': np.float64(2.2511599634660904)}
2024-11-09 17:29:33,612 - INFO - Candidate Std Stats: {'Max': np.float64(0.9999999955741069), 'Min': np.float64(0.0), 'Mean': np.float64(0.998162060621419), 'Std': np.float64(0.04283163661472586)}
2024-11-09 17:29:33,635 - INFO - Top 10 Mean Stats: {'Max': np.float64(3.47499806707674e-15), 'Min': np.float64(-2.5646151868841118e-15), 'Mean': np.float64(5.033473637894305e-16), 'Std': np.float64(1.5667131293446972e-15)}
2024-11-09 17:29:33,635 - INFO - Top 10 Std Stats: {'Max': np.float64(0.9999999955741069), 'Min': np.float64(0.9999999953560504), 'Mean': np.float64(0.9999999954888386), 'Std': np.float64(6.928158347862771e-11)}
2024-11-09 17:29:33,636 - INFO - Bottom 10 Mean Stats: {'Max': np.float64(101.0), 'Min': np.float64(85.0), 'Mean': np.float64(95.1), 'Std': np.float64(5.146843692983109)}
2024-11-09 17:29:33,636 - INFO - Bottom 10 Std Stats: {'Max': np.float64(0.0), 'Min': np.float64(0.0), 'Mean': np.float64(0.0), 'Std': np.float64(0.0)}
[I 2024-11-09 17:29:33,664] Trial 296 finished with value: 70.0 and parameters: {'x_0': -4, 'x_1': -2, 'x_2': 3, 'x_3': -4, 'x_4': 5}. Best is trial 274 with value: 7.0.
2024-11-09 17:29:39,755 - INFO - Candidate Mean Stats: {'Max': np.float64(101.0), 'Min': np.float64(-6.020739462542223e-14), 'Mean': np.float64(0.0906731408063284), 'Std': np.float64(2.2578900977721617)}
2024-11-09 17:29:39,756 - INFO - Candidate Std Stats: {'Max': np.float64(0.9999999967206422), 'Min': np.float64(0.0), 'Mean': np.float64(0.9981558519437516), 'Std': np.float64(0.042903792925946274)}
2024-11-09 17:29:39,777 - INFO - Top 10 Mean Stats: {'Max': np.float64(3.4465486020707203e-15), 'Min': np.float64(-3.469446951953614e-15), 'Mean': np.float64(-1.3173490076567868e-16), 'Std': np.float64(2.373344107791146e-15)}
2024-11-09 17:29:39,777 - INFO - Top 10 Std Stats: {'Max': np.float64(0.9999999967206422), 'Min': np.float64(0.9999999961839111), 'Mean': np.float64(0.9999999963461524), 'Std': np.float64(1.796314083227348e-10)}
2024-11-09 17:29:39,778 - INFO - Bottom 10 Mean Stats: {'Max': np.float64(101.0), 'Min': np.float64(85.0), 'Mean': np.float64(95.1), 'Std': np.float64(5.146843692983109)}
2024-11-09 17:29:39,778 - INFO - Bottom 10 Std Stats: {'Max': np.float64(0.0), 'Min': np.float64(0.0), 'Mean': np.float64(0.0), 'Std': np.float64(0.0)}
[I 2024-11-09 17:29:39,806] Trial 297 finished with value: 74.0 and parameters: {'x_0': -5, 'x_1': 4, 'x_2': -2, 'x_3': 2, 'x_4': -5}. Best is trial 274 with value: 7.0.
2024-11-09 17:29:45,593 - INFO - Candidate Mean Stats: {'Max': np.float64(101.0), 'Min': np.float64(-7.074341112911498e-14), 'Mean': np.float64(0.0911326225853922), 'Std': np.float64(2.2653886661746796)}
2024-11-09 17:29:45,594 - INFO - Candidate Std Stats: {'Max': np.float64(0.9999999971340595), 'Min': np.float64(0.0), 'Mean': np.float64(0.9981496425658206), 'Std': np.float64(0.042975827159953725)}
2024-11-09 17:29:45,619 - INFO - Top 10 Mean Stats: {'Max': np.float64(2.7144952952085077e-15), 'Min': np.float64(-3.829575545566399e-15), 'Mean': np.float64(-6.4542121647193095e-16), 'Std': np.float64(1.848153009502128e-15)}
2024-11-09 17:29:45,619 - INFO - Top 10 Std Stats: {'Max': np.float64(0.9999999971340595), 'Min': np.float64(0.9999999965211591), 'Mean': np.float64(0.9999999967176496), 'Std': np.float64(1.831787375815941e-10)}
2024-11-09 17:29:45,620 - INFO - Bottom 10 Mean Stats: {'Max': np.float64(101.0), 'Min': np.float64(85.0), 'Mean': np.float64(95.1), 'Std': np.float64(5.146843692983109)}
2024-11-09 17:29:45,620 - INFO - Bottom 10 Std Stats: {'Max': np.float64(0.0), 'Min': np.float64(0.0), 'Mean': np.float64(0.0), 'Std': np.float64(0.0)}
[I 2024-11-09 17:29:45,658] Trial 298 finished with value: 34.0 and parameters: {'x_0': 0, 'x_1': 0, 'x_2': -5, 'x_3': 0, 'x_4': 3}. Best is trial 274 with value: 7.0.
2024-11-09 17:29:57,177 - INFO - Candidate Mean Stats: {'Max': np.float64(101.0), 'Min': np.float64(-5.100364575127969e-14), 'Mean': np.float64(0.09134373583523232), 'Std': np.float64(2.2669638585893273)}
2024-11-09 17:29:57,178 - INFO - Candidate Std Stats: {'Max': np.float64(0.9999999970893922), 'Min': np.float64(0.0), 'Mean': np.float64(0.998143433279306), 'Std': np.float64(0.04304773996342484)}
2024-11-09 17:29:57,202 - INFO - Top 10 Mean Stats: {'Max': np.float64(2.814415367424772e-15), 'Min': np.float64(-3.3417713041217213e-15), 'Mean': np.float64(-3.241851231905457e-16), 'Std': np.float64(1.7922511980774044e-15)}
2024-11-09 17:29:57,203 - INFO - Top 10 Std Stats: {'Max': np.float64(0.9999999970893922), 'Min': np.float64(0.9999999962757831), 'Mean': np.float64(0.999999996495131), 'Std': np.float64(2.498034452772864e-10)}
2024-11-09 17:29:57,203 - INFO - Bottom 10 Mean Stats: {'Max': np.float64(101.0), 'Min': np.float64(85.0), 'Mean': np.float64(95.1), 'Std': np.float64(5.146843692983109)}
2024-11-09 17:29:57,203 - INFO - Bottom 10 Std Stats: {'Max': np.float64(0.0), 'Min': np.float64(0.0), 'Mean': np.float64(0.0), 'Std': np.float64(0.0)}
[I 2024-11-09 17:29:57,250] Trial 299 finished with value: 75.0 and parameters: {'x_0': 3, 'x_1': 5, 'x_2': 4, 'x_3': 4, 'x_4': -3}. Best is trial 274 with value: 7.0.
2024-11-09 17:29:57,256 - INFO - Best value: 7.0
2024-11-09 17:29:57,262 - INFO - Best params: {'x_0': 0, 'x_1': -2, 'x_2': 1, 'x_3': 1, 'x_4': -1}
 trial 114 with value: 12.0.
2024-11-09 17:23:42,702 - INFO - Best value: 12.0
2024-11-09 17:23:42,708 - INFO - Best params: {'x_0': 1, 'x_1': 1, 'x_2': -1, 'x_3': 0, 'x_4': -3}
