[I 2024-11-09 17:03:58,340] Trial 127 finished with value: 60.0 and parameters: {'x_0': -1, 'x_1': -5, 'x_2': 4, 'x_3': 3, 'x_4': -3}. Best is trial 89 with value: 11.0.
2024-11-09 17:04:06,638 - INFO - Candidate Mean Stats: {'Max': np.float64(107.0), 'Min': np.float64(-1.1177656022987037e-13), 'Mean': np.float64(0.04041576891792043), 'Std': np.float64(1.5331777000184694)}
2024-11-09 17:04:06,639 - INFO - Candidate Std Stats: {'Max': np.float64(0.9999999968409191), 'Min': np.float64(0.0), 'Mean': np.float64(0.9992052093380208), 'Std': np.float64(0.028180624572913412)}
2024-11-09 17:04:06,661 - INFO - Top 10 Mean Stats: {'Max': np.float64(4.374278717023117e-15), 'Min': np.float64(-4.019007349143067e-15), 'Mean': np.float64(1.1601830607332888e-16), 'Std': np.float64(2.2959947659186368e-15)}
2024-11-09 17:04:06,661 - INFO - Top 10 Std Stats: {'Max': np.float64(0.9999999968409191), 'Min': np.float64(0.9999999963983459), 'Mean': np.float64(0.9999999965785354), 'Std': np.float64(1.4925681612522396e-10)}
2024-11-09 17:04:06,662 - INFO - Bottom 10 Mean Stats: {'Max': np.float64(107.0), 'Min': np.float64(79.0), 'Mean': np.float64(88.4), 'Std': np.float64(8.212186067059125)}
2024-11-09 17:04:06,662 - INFO - Bottom 10 Std Stats: {'Max': np.float64(0.0), 'Min': np.float64(0.0), 'Mean': np.float64(0.0), 'Std': np.float64(0.0)}
[I 2024-11-09 17:04:06,692] Trial 128 finished with value: 67.0 and parameters: {'x_0': -5, 'x_1': 3, 'x_2': -2, 'x_3': 2, 'x_4': -5}. Best is trial 89 with value: 11.0.
2024-11-09 17:04:16,376 - INFO - Candidate Mean Stats: {'Max': np.float64(107.0), 'Min': np.float64(-7.394085344003543e-14), 'Mean': np.float64(0.04083178620437008), 'Std': np.float64(1.5422299496633558)}
2024-11-09 17:04:16,377 - INFO - Candidate Std Stats: {'Max': np.float64(0.9999999965999656), 'Min': np.float64(0.0), 'Mean': np.float64(0.9991989995905872), 'Std': np.float64(0.028290403056347387)}
2024-11-09 17:04:16,419 - INFO - Top 10 Mean Stats: {'Max': np.float64(3.121808367367862e-15), 'Min': np.float64(-2.5646151868841118e-15), 'Mean': np.float64(1.8769708010069046e-16), 'Std': np.float64(1.761345386682905e-15)}
2024-11-09 17:04:16,420 - INFO - Top 10 Std Stats: {'Max': np.float64(0.9999999965999656), 'Min': np.float64(0.9999999962444732), 'Mean': np.float64(0.9999999964604068), 'Std': np.float64(1.1862469519545748e-10)}
2024-11-09 17:04:16,420 - INFO - Bottom 10 Mean Stats: {'Max': np.float64(107.0), 'Min': np.float64(79.0), 'Mean': np.float64(88.4), 'Std': np.float64(8.212186067059125)}
2024-11-09 17:04:16,421 - INFO - Bottom 10 Std Stats: {'Max': np.float64(0.0), 'Min': np.float64(0.0), 'Mean': np.float64(0.0), 'Std': np.float64(0.0)}
[I 2024-11-09 17:04:16,453] Trial 129 finished with value: 68.0 and parameters: {'x_0': 4, 'x_1': -3, 'x_2': 5, 'x_3': 3, 'x_4': -3}. Best is trial 89 with value: 11.0.
2024-11-09 17:04:25,792 - INFO - Candidate Mean Stats: {'Max': np.float64(107.0), 'Min': np.float64(-6.264433416447446e-14), 'Mean': np.float64(0.04125401270405028), 'Std': np.float64(1.5514992622677413)}
2024-11-09 17:04:25,794 - INFO - Candidate Std Stats: {'Max': np.float64(0.9999999976155072), 'Min': np.float64(0.0), 'Mean': np.float64(0.9991927908535402), 'Std': np.float64(0.028399755868156993)}
2024-11-09 17:04:25,814 - INFO - Top 10 Mean Stats: {'Max': np.float64(1.2378986724570496e-15), 'Min': np.float64(-1.8596235662471372e-15), 'Mean': np.float64(-5.977163208825688e-16), 'Std': np.float64(8.679266686346587e-16)}
2024-11-09 17:04:25,814 - INFO - Top 10 Std Stats: {'Max': np.float64(0.9999999976155072), 'Min': np.float64(0.9999999968719899), 'Mean': np.float64(0.9999999971439865), 'Std': np.float64(2.2976558732464222e-10)}
2024-11-09 17:04:25,815 - INFO - Bottom 10 Mean Stats: {'Max': np.float64(107.0), 'Min': np.float64(79.0), 'Mean': np.float64(88.4), 'Std': np.float64(8.212186067059125)}
2024-11-09 17:04:25,815 - INFO - Bottom 10 Std Stats: {'Max': np.float64(0.0), 'Min': np.float64(0.0), 'Mean': np.float64(0.0), 'Std': np.float64(0.0)}
[I 2024-11-09 17:04:25,845] Trial 130 finished with value: 71.0 and parameters: {'x_0': -5, 'x_1': -1, 'x_2': -2, 'x_3': 5, 'x_4': 4}. Best is trial 89 with value: 11.0.
2024-11-09 17:04:36,943 - INFO - Candidate Mean Stats: {'Max': np.float64(107.0), 'Min': np.float64(-6.042943923034727e-14), 'Mean': np.float64(0.0416948668434223), 'Std': np.float64(1.5615421980708215)}
2024-11-09 17:04:36,943 - INFO - Candidate Std Stats: {'Max': np.float64(0.9999999970038841), 'Min': np.float64(0.0), 'Mean': np.float64(0.9991865814833755), 'Std': np.float64(0.02850868786044801)}
2024-11-09 17:04:36,969 - INFO - Top 10 Mean Stats: {'Max': np.float64(2.842170943040401e-15), 'Min': np.float64(-3.490263633665336e-15), 'Mean': np.float64(1.3905543383430085e-16), 'Std': np.float64(1.9364529043446664e-15)}
2024-11-09 17:04:36,969 - INFO - Top 10 Std Stats: {'Max': np.float64(0.9999999970038841), 'Min': np.float64(0.9999999965911013), 'Mean': np.float64(0.9999999967810018), 'Std': np.float64(1.4738459032663275e-10)}
2024-11-09 17:04:36,969 - INFO - Bottom 10 Mean Stats: {'Max': np.float64(107.0), 'Min': np.float64(79.0), 'Mean': np.float64(88.4), 'Std': np.float64(8.212186067059125)}
2024-11-09 17:04:36,970 - INFO - Bottom 10 Std Stats: {'Max': np.float64(0.0), 'Min': np.float64(0.0), 'Mean': np.float64(0.0), 'Std': np.float64(0.0)}
[I 2024-11-09 17:04:37,001] Trial 131 finished with value: 20.0 and parameters: {'x_0': -4, 'x_1': 0, 'x_2': 0, 'x_3': 0, 'x_4': 2}. Best is trial 89 with value: 11.0.
2024-11-09 17:04:45,605 - INFO - Candidate Mean Stats: {'Max': np.float64(107.0), 'Min': np.float64(-5.845324224651449e-14), 'Mean': np.float64(0.04181905110803409), 'Std': np.float64(1.5623339433468133)}
2024-11-09 17:04:45,606 - INFO - Candidate Std Stats: {'Max': np.float64(0.9999999967255531), 'Min': np.float64(0.0), 'Mean': np.float64(0.999180372736283), 'Std': np.float64(0.02861720387436188)}
2024-11-09 17:04:45,628 - INFO - Top 10 Mean Stats: {'Max': np.float64(3.1363800445660672e-15), 'Min': np.float64(-4.130029651605583e-15), 'Mean': np.float64(-1.070012134452014e-15), 'Std': np.float64(2.079463236449751e-15)}
2024-11-09 17:04:45,628 - INFO - Top 10 Std Stats: {'Max': np.float64(0.9999999967255531), 'Min': np.float64(0.9999999963361007), 'Mean': np.float64(0.9999999964228504), 'Std': np.float64(1.118764904407448e-10)}
2024-11-09 17:04:45,628 - INFO - Bottom 10 Mean Stats: {'Max': np.float64(107.0), 'Min': np.float64(79.0), 'Mean': np.float64(88.4), 'Std': np.float64(8.212186067059125)}
2024-11-09 17:04:45,628 - INFO - Bottom 10 Std Stats: {'Max': np.float64(0.0), 'Min': np.float64(0.0), 'Mean': np.float64(0.0), 'Std': np.float64(0.0)}
[I 2024-11-09 17:04:45,655] Trial 132 finished with value: 54.0 and parameters: {'x_0': -2, 'x_1': 0, 'x_2': -5, 'x_3': -4, 'x_4': -3}. Best is trial 89 with value: 11.0.
2024-11-09 17:04:53,460 - INFO - Candidate Mean Stats: {'Max': np.float64(107.0), 'Min': np.float64(-5.3435034175208786e-14), 'Mean': np.float64(0.042154348622486036), 'Std': np.float64(1.5681088164543295)}
2024-11-09 17:04:53,460 - INFO - Candidate Std Stats: {'Max': np.float64(0.9999999960126345), 'Min': np.float64(0.0), 'Mean': np.float64(0.9991741629101388), 'Std': np.float64(0.028725308575711376)}
2024-11-09 17:04:53,486 - INFO - Top 10 Mean Stats: {'Max': np.float64(5.315192730392937e-15), 'Min': np.float64(-4.685141163918161e-15), 'Mean': np.float64(7.605027718682321e-16), 'Std': np.float64(3.557927684107368e-15)}
2024-11-09 17:04:53,486 - INFO - Top 10 Std Stats: {'Max': np.float64(0.9999999960126345), 'Min': np.float64(0.9999999956095696), 'Mean': np.float64(0.9999999957272921), 'Std': np.float64(1.1694635206699887e-10)}
2024-11-09 17:04:53,486 - INFO - Bottom 10 Mean Stats: {'Max': np.float64(107.0), 'Min': np.float64(79.0), 'Mean': np.float64(88.4), 'Std': np.float64(8.212186067059125)}
2024-11-09 17:04:53,486 - INFO - Bottom 10 Std Stats: {'Max': np.float64(0.0), 'Min': np.float64(0.0), 'Mean': np.float64(0.0), 'Std': np.float64(0.0)}
[I 2024-11-09 17:04:53,521] Trial 133 finished with value: 26.0 and parameters: {'x_0': 4, 'x_1': 1, 'x_2': -2, 'x_3': 2, 'x_4': -1}. Best is trial 89 with value: 11.0.
2024-11-09 17:05:03,222 - INFO - Candidate Mean Stats: {'Max': np.float64(107.0), 'Min': np.float64(-8.262279749260415e-14), 'Mean': np.float64(0.04231578816648145), 'Std': np.float64(1.5694422740468392)}
2024-11-09 17:05:03,223 - INFO - Candidate Std Stats: {'Max': np.float64(0.9999999971487086), 'Min': np.float64(0.0), 'Mean': np.float64(0.9991679538001954), 'Std': np.float64(0.02883300664205534)}
2024-11-09 17:05:03,248 - INFO - Top 10 Mean Stats: {'Max': np.float64(2.625677453238495e-15), 'Min': np.float64(-3.0031532816110485e-15), 'Mean': np.float64(-8.482103908136197e-16), 'Std': np.float64(1.5556237268820422e-15)}
2024-11-09 17:05:03,248 - INFO - Top 10 Std Stats: {'Max': np.float64(0.9999999971487086), 'Min': np.float64(0.999999996598253), 'Mean': np.float64(0.9999999967573958), 'Std': np.float64(1.5765377845549426e-10)}
2024-11-09 17:05:03,248 - INFO - Bottom 10 Mean Stats: {'Max': np.float64(107.0), 'Min': np.float64(79.0), 'Mean': np.float64(88.4), 'Std': np.float64(8.212186067059125)}
2024-11-09 17:05:03,248 - INFO - Bottom 10 Std Stats: {'Max': np.float64(0.0), 'Min': np.float64(0.0), 'Mean': np.float64(0.0), 'Std': np.float64(0.0)}
[I 2024-11-09 17:05:03,280] Trial 134 finished with value: 62.0 and parameters: {'x_0': -4, 'x_1': -1, 'x_2': 5, 'x_3': -4, 'x_4': -2}. Best is trial 89 with value: 11.0.
2024-11-09 17:05:13,488 - INFO - Candidate Mean Stats: {'Max': np.float64(107.0), 'Min': np.float64(-9.848788451449764e-14), 'Mean': np.float64(0.04270075938677806), 'Std': np.float64(1.57701760874749)}
2024-11-09 17:05:13,489 - INFO - Candidate Std Stats: {'Max': np.float64(0.9999999968503576), 'Min': np.float64(0.0), 'Mean': np.float64(0.9991617447708041), 'Std': np.float64(0.028940302595182585)}
2024-11-09 17:05:13,513 - INFO - Top 10 Mean Stats: {'Max': np.float64(3.3306690738754696e-15), 'Min': np.float64(-3.574918139293004e-15), 'Mean': np.float64(-3.9614145297406374e-16), 'Std': np.float64(2.152740106155781e-15)}
2024-11-09 17:05:13,513 - INFO - Top 10 Std Stats: {'Max': np.float64(0.9999999968503576), 'Min': np.float64(0.9999999963493125), 'Mean': np.float64(0.9999999965316251), 'Std': np.float64(1.43479986002822e-10)}
2024-11-09 17:05:13,514 - INFO - Bottom 10 Mean Stats: {'Max': np.float64(107.0), 'Min': np.float64(79.0), 'Mean': np.float64(88.4), 'Std': np.float64(8.212186067059125)}
2024-11-09 17:05:13,514 - INFO - Bottom 10 Std Stats: {'Max': np.float64(0.0), 'Min': np.float64(0.0), 'Mean': np.float64(0.0), 'Std': np.float64(0.0)}
[I 2024-11-09 17:05:13,544] Trial 135 finished with value: 92.0 and parameters: {'x_0': -5, 'x_1': -5, 'x_2': -5, 'x_3': 1, 'x_4': 4}. Best is trial 89 with value: 11.0.
2024-11-09 17:05:25,012 - INFO - Candidate Mean Stats: {'Max': np.float64(107.0), 'Min': np.float64(-6.924461004587102e-14), 'Mean': np.float64(0.04327200700399253), 'Std': np.float64(1.593577800844826)}
2024-11-09 17:05:25,013 - INFO - Candidate Std Stats: {'Max': np.float64(0.9999999979308246), 'Min': np.float64(0.0), 'Mean': np.float64(0.9991555355952378), 'Std': np.float64(0.029047200884589265)}
2024-11-09 17:05:25,081 - INFO - Top 10 Mean Stats: {'Max': np.float64(2.176037128265307e-15), 'Min': np.float64(-1.6153745008296028e-15), 'Mean': np.float64(1.1102230246251645e-17), 'Std': np.float64(1.2296039527286557e-15)}
2024-11-09 17:05:25,081 - INFO - Top 10 Std Stats: {'Max': np.float64(0.9999999979308246), 'Min': np.float64(0.9999999972548098), 'Mean': np.float64(0.9999999974965768), 'Std': np.float64(2.1197835692257815e-10)}
2024-11-09 17:05:25,081 - INFO - Bottom 10 Mean Stats: {'Max': np.float64(107.0), 'Min': np.float64(79.0), 'Mean': np.float64(89.7), 'Std': np.float64(7.62954782408499)}
2024-11-09 17:05:25,081 - INFO - Bottom 10 Std Stats: {'Max': np.float64(0.0), 'Min': np.float64(0.0), 'Mean': np.float64(0.0), 'Std': np.float64(0.0)}
[I 2024-11-09 17:05:25,117] Trial 136 finished with value: 15.0 and parameters: {'x_0': -3, 'x_1': -1, 'x_2': 2, 'x_3': -1, 'x_4': 0}. Best is trial 89 with value: 11.0.
2024-11-09 17:05:34,812 - INFO - Candidate Mean Stats: {'Max': np.float64(107.0), 'Min': np.float64(-7.106537580625627e-14), 'Mean': np.float64(0.0433651452024514), 'Std': np.float64(1.5940135542378675)}
2024-11-09 17:05:34,813 - INFO - Candidate Std Stats: {'Max': np.float64(0.9999999972039846), 'Min': np.float64(0.0), 'Mean': np.float64(0.9991493261093334), 'Std': np.float64(0.029153705879749362)}
2024-11-09 17:05:34,854 - INFO - Top 10 Mean Stats: {'Max': np.float64(1.3739009929736312e-15), 'Min': np.float64(-5.3734794391857575e-15), 'Mean': np.float64(-8.396755513118138e-16), 'Std': np.float64(1.8218205277059495e-15)}
2024-11-09 17:05:34,854 - INFO - Top 10 Std Stats: {'Max': np.float64(0.9999999972039846), 'Min': np.float64(0.9999999967758078), 'Mean': np.float64(0.9999999969707318), 'Std': np.float64(1.6380288941028412e-10)}
2024-11-09 17:05:34,855 - INFO - Bottom 10 Mean Stats: {'Max': np.float64(107.0), 'Min': np.float64(79.0), 'Mean': np.float64(89.7), 'Std': np.float64(7.62954782408499)}
2024-11-09 17:05:34,855 - INFO - Bottom 10 Std Stats: {'Max': np.float64(0.0), 'Min': np.float64(0.0), 'Mean': np.float64(0.0), 'Std': np.float64(0.0)}
[I 2024-11-09 17:05:34,886] Trial 137 finished with value: 49.0 and parameters: {'x_0': -4, 'x_1': 0, 'x_2': 2, 'x_3': -5, 'x_4': -2}. Best is trial 89 with value: 11.0.
2024-11-09 17:05:44,867 - INFO - Candidate Mean Stats: {'Max': np.float64(107.0), 'Min': np.float64(-5.976052985801061e-14), 'Mean': np.float64(0.04366939665075037), 'Std': np.float64(1.5986747798333711)}
2024-11-09 17:05:44,867 - INFO - Candidate Std Stats: {'Max': np.float64(0.9999999971686854), 'Min': np.float64(0.0), 'Mean': np.float64(0.9991431166194081), 'Std': np.float64(0.029259821884178607)}
2024-11-09 17:05:44,900 - INFO - Top 10 Mean Stats: {'Max': np.float64(4.75175454539567e-15), 'Min': np.float64(-4.884981308350689e-16), 'Mean': np.float64(8.348877145181176e-16), 'Std': np.float64(1.5413942405255384e-15)}
2024-11-09 17:05:44,900 - INFO - Top 10 Std Stats: {'Max': np.float64(0.9999999971686854), 'Min': np.float64(0.9999999966684708), 'Mean': np.float64(0.9999999968191717), 'Std': np.float64(1.692158374374394e-10)}
2024-11-09 17:05:44,900 - INFO - Bottom 10 Mean Stats: {'Max': np.float64(107.0), 'Min': np.float64(79.0), 'Mean': np.float64(89.7), 'Std': np.float64(7.62954782408499)}
2024-11-09 17:05:44,900 - INFO - Bottom 10 Std Stats: {'Max': np.float64(0.0), 'Min': np.float64(0.0), 'Mean': np.float64(0.0), 'Std': np.float64(0.0)}
[I 2024-11-09 17:05:44,929] Trial 138 finished with value: 46.0 and parameters: {'x_0': -4, 'x_1': 2, 'x_2': 3, 'x_3': 4, 'x_4': -1}. Best is trial 89 with value: 11.0.
2024-11-09 17:05:54,342 - INFO - Candidate Mean Stats: {'Max': np.float64(107.0), 'Min': np.float64(-7.780442956573097e-14), 'Mean': np.float64(0.04395502045935765), 'Std': np.float64(1.6027709503392766)}
2024-11-09 17:05:54,343 - INFO - Candidate Std Stats: {'Max': np.float64(0.9999999969926102), 'Min': np.float64(0.0), 'Mean': np.float64(0.9991369078438437), 'Std': np.float64(0.029365553135984927)}
2024-11-09 17:05:54,364 - INFO - Top 10 Mean Stats: {'Max': np.float64(4.7628567756419214e-15), 'Min': np.float64(-3.907985046680551e-15), 'Mean': np.float64(-6.356026815979025e-17), 'Std': np.float64(2.445334717586795e-15)}
2024-11-09 17:05:54,364 - INFO - Top 10 Std Stats: {'Max': np.float64(0.9999999969926102), 'Min': np.float64(0.9999999965944556), 'Mean': np.float64(0.9999999967997599), 'Std': np.float64(1.205252669713253e-10)}
2024-11-09 17:05:54,365 - INFO - Bottom 10 Mean Stats: {'Max': np.float64(107.0), 'Min': np.float64(79.0), 'Mean': np.float64(89.7), 'Std': np.float64(7.62954782408499)}
2024-11-09 17:05:54,365 - INFO - Bottom 10 Std Stats: {'Max': np.float64(0.0), 'Min': np.float64(0.0), 'Mean': np.float64(0.0), 'Std': np.float64(0.0)}
[I 2024-11-09 17:05:54,396] Trial 139 finished with value: 27.0 and parameters: {'x_0': 2, 'x_1': 1, 'x_2': -3, 'x_3': -2, 'x_4': -3}. Best is trial 89 with value: 11.0.
2024-11-09 17:06:04,757 - INFO - Candidate Mean Stats: {'Max': np.float64(107.0), 'Min': np.float64(-5.384581669432009e-14), 'Mean': np.float64(0.04412266921658357), 'Std': np.float64(1.604177817319937)}
2024-11-09 17:06:04,758 - INFO - Candidate Std Stats: {'Max': np.float64(0.9999999967493047), 'Min': np.float64(0.0), 'Mean': np.float64(0.9991306986820923), 'Std': np.float64(0.029470903744229615)}
2024-11-09 17:06:04,793 - INFO - Top 10 Mean Stats: {'Max': np.float64(1.865174681370263e-15), 'Min': np.float64(-6.228351168147128e-15), 'Mean': np.float64(-7.346900865456975e-16), 'Std': np.float64(2.1490108375012015e-15)}
2024-11-09 17:06:04,793 - INFO - Top 10 Std Stats: {'Max': np.float64(0.9999999967493047), 'Min': np.float64(0.9999999963871634), 'Mean': np.float64(0.9999999964952118), 'Std': np.float64(1.002483075467571e-10)}
2024-11-09 17:06:04,793 - INFO - Bottom 10 Mean Stats: {'Max': np.float64(107.0), 'Min': np.float64(79.0), 'Mean': np.float64(89.7), 'Std': np.float64(7.62954782408499)}
2024-11-09 17:06:04,793 - INFO - Bottom 10 Std Stats: {'Max': np.float64(0.0), 'Min': np.float64(0.0), 'Mean': np.float64(0.0), 'Std': np.float64(0.0)}
[I 2024-11-09 17:06:04,820] Trial 140 finished with value: 88.0 and parameters: {'x_0': -5, 'x_1': 5, 'x_2': 5, 'x_3': -3, 'x_4': 2}. Best is trial 89 with value: 11.0.
2024-11-09 17:06:14,527 - INFO - Candidate Mean Stats: {'Max': np.float64(107.0), 'Min': np.float64(-8.063549827852511e-14), 'Mean': np.float64(0.044669079980875624), 'Std': np.float64(1.6190806342092772)}
2024-11-09 17:06:14,528 - INFO - Candidate Std Stats: {'Max': np.float64(0.9999999966095863), 'Min': np.float64(0.0), 'Mean': np.float64(0.9991244891665613), 'Std': np.float64(0.029575877777237553)}
2024-11-09 17:06:14,558 - INFO - Top 10 Mean Stats: {'Max': np.float64(4.08006961549745e-15), 'Min': np.float64(-9.950373858202966e-16), 'Mean': np.float64(5.954958748333183e-16), 'Std': np.float64(1.3919129845335523e-15)}
2024-11-09 17:06:14,558 - INFO - Top 10 Std Stats: {'Max': np.float64(0.9999999966095863), 'Min': np.float64(0.9999999963441041), 'Mean': np.float64(0.9999999964662616), 'Std': np.float64(9.714958466791426e-11)}
2024-11-09 17:06:14,559 - INFO - Bottom 10 Mean Stats: {'Max': np.float64(107.0), 'Min': np.float64(80.0), 'Mean': np.float64(90.6), 'Std': np.float64(6.8)}
2024-11-09 17:06:14,559 - INFO - Bottom 10 Std Stats: {'Max': np.float64(0.0), 'Min': np.float64(0.0), 'Mean': np.float64(0.0), 'Std': np.float64(0.0)}
[I 2024-11-09 17:06:14,588] Trial 141 finished with value: 65.0 and parameters: {'x_0': 4, 'x_1': -2, 'x_2': -5, 'x_3': 2, 'x_4': -4}. Best is trial 89 with value: 11.0.
2024-11-09 17:06:23,840 - INFO - Candidate Mean Stats: {'Max': np.float64(107.0), 'Min': np.float64(-7.108758026674877e-14), 'Mean': np.float64(0.04507267884086407), 'Std': np.float64(1.6271508246930309)}
2024-11-09 17:06:23,841 - INFO - Candidate Std Stats: {'Max': np.float64(0.9999999972922203), 'Min': np.float64(0.0), 'Mean': np.float64(0.999118280262546), 'Std': np.float64(0.029680479259080853)}
2024-11-09 17:06:23,863 - INFO - Top 10 Mean Stats: {'Max': np.float64(2.597921877622866e-15), 'Min': np.float64(-3.1891156382357623e-15), 'Mean': np.float64(4.647324192141866e-16), 'Std': np.float64(1.5961783600741712e-15)}
2024-11-09 17:06:23,863 - INFO - Top 10 Std Stats: {'Max': np.float64(0.9999999972922203), 'Min': np.float64(0.9999999966133442), 'Mean': np.float64(0.9999999968256488), 'Std': np.float64(1.9655269118010771e-10)}
2024-11-09 17:06:23,863 - INFO - Bottom 10 Mean Stats: {'Max': np.float64(107.0), 'Min': np.float64(80.0), 'Mean': np.float64(90.6), 'Std': np.float64(6.8)}
2024-11-09 17:06:23,863 - INFO - Bottom 10 Std Stats: {'Max': np.float64(0.0), 'Min': np.float64(0.0), 'Mean': np.float64(0.0), 'Std': np.float64(0.0)}
[I 2024-11-09 17:06:23,892] Trial 142 finished with value: 43.0 and parameters: {'x_0': 1, 'x_1': 3, 'x_2': 1, 'x_3': -4, 'x_4': -4}. Best is trial 89 with value: 11.0.
2024-11-09 17:06:35,399 - INFO - Candidate Mean Stats: {'Max': np.float64(107.0), 'Min': np.float64(-6.908917882242349e-14), 'Mean': np.float64(0.04533967500977951), 'Std': np.float64(1.6306675019176882)}
2024-11-09 17:06:35,400 - INFO - Candidate Std Stats: {'Max': np.float64(0.9999999966454493), 'Min': np.float64(0.0), 'Mean': np.float64(0.999112070771382), 'Std': np.float64(0.029784712079516735)}
2024-11-09 17:06:35,428 - INFO - Top 10 Mean Stats: {'Max': np.float64(2.8255175976710233e-15), 'Min': np.float64(-6.1096960823903146e-15), 'Mean': np.float64(-7.589024894616436e-16), 'Std': np.float64(2.4123317448307558e-15)}
2024-11-09 17:06:35,428 - INFO - Top 10 Std Stats: {'Max': np.float64(0.9999999966454493), 'Min': np.float64(0.9999999961618086), 'Mean': np.float64(0.9999999963465411), 'Std': np.float64(1.4703833033169177e-10)}
2024-11-09 17:06:35,428 - INFO - Bottom 10 Mean Stats: {'Max': np.float64(107.0), 'Min': np.float64(80.0), 'Mean': np.float64(90.6), 'Std': np.float64(6.8)}
2024-11-09 17:06:35,428 - INFO - Bottom 10 Std Stats: {'Max': np.float64(0.0), 'Min': np.float64(0.0), 'Mean': np.float64(0.0), 'Std': np.float64(0.0)}
