[I 2024-11-09 17:04:26,098] Trial 127 finished with value: 17.0 and parameters: {'x_0': -4, 'x_1': -1, 'x_2': 0, 'x_3': 0, 'x_4': 0}. Best is trial 2 with value: 13.0.
2024-11-09 17:04:35,632 - INFO - Candidate Mean Stats: {'Max': np.float64(104.0), 'Min': np.float64(-7.411848912397545e-14), 'Mean': np.float64(0.04112361922620786), 'Std': np.float64(1.5577433978896742)}
2024-11-09 17:04:35,632 - INFO - Candidate Std Stats: {'Max': np.float64(0.9999999963815622), 'Min': np.float64(0.0), 'Mean': np.float64(0.9992052078821024), 'Std': np.float64(0.02818062453185219)}
2024-11-09 17:04:35,657 - INFO - Top 10 Mean Stats: {'Max': np.float64(2.5353850963139023e-15), 'Min': np.float64(-3.197442310920451e-15), 'Mean': np.float64(-3.838682843815278e-16), 'Std': np.float64(2.0893404513334243e-15)}
2024-11-09 17:04:35,658 - INFO - Top 10 Std Stats: {'Max': np.float64(0.9999999963815622), 'Min': np.float64(0.9999999957716136), 'Mean': np.float64(0.9999999960185176), 'Std': np.float64(1.9448128309688734e-10)}
2024-11-09 17:04:35,658 - INFO - Bottom 10 Mean Stats: {'Max': np.float64(104.0), 'Min': np.float64(79.0), 'Mean': np.float64(87.1), 'Std': np.float64(8.030566605165541)}
2024-11-09 17:04:35,658 - INFO - Bottom 10 Std Stats: {'Max': np.float64(0.0), 'Min': np.float64(0.0), 'Mean': np.float64(0.0), 'Std': np.float64(0.0)}
[I 2024-11-09 17:04:35,689] Trial 128 finished with value: 19.0 and parameters: {'x_0': 0, 'x_1': -1, 'x_2': 3, 'x_3': 0, 'x_4': -3}. Best is trial 2 with value: 13.0.
2024-11-09 17:04:45,914 - INFO - Candidate Mean Stats: {'Max': np.float64(104.0), 'Min': np.float64(-8.903988657493755e-14), 'Mean': np.float64(0.04124159427758907), 'Std': np.float64(1.5584595928688096)}
2024-11-09 17:04:45,915 - INFO - Candidate Std Stats: {'Max': np.float64(0.9999999964469503), 'Min': np.float64(0.0), 'Mean': np.float64(0.999198999027992), 'Std': np.float64(0.02829040304041861)}
2024-11-09 17:04:45,945 - INFO - Top 10 Mean Stats: {'Max': np.float64(4.6712633761103465e-15), 'Min': np.float64(-3.702593787124897e-15), 'Mean': np.float64(-2.0074220064003616e-16), 'Std': np.float64(2.157976906454319e-15)}
2024-11-09 17:04:45,945 - INFO - Top 10 Std Stats: {'Max': np.float64(0.9999999964469503), 'Min': np.float64(0.9999999959136271), 'Mean': np.float64(0.9999999961046331), 'Std': np.float64(1.7016304729046152e-10)}
2024-11-09 17:04:45,945 - INFO - Bottom 10 Mean Stats: {'Max': np.float64(104.0), 'Min': np.float64(79.0), 'Mean': np.float64(87.1), 'Std': np.float64(8.030566605165541)}
2024-11-09 17:04:45,945 - INFO - Bottom 10 Std Stats: {'Max': np.float64(0.0), 'Min': np.float64(0.0), 'Mean': np.float64(0.0), 'Std': np.float64(0.0)}
[I 2024-11-09 17:04:45,972] Trial 129 finished with value: 50.0 and parameters: {'x_0': -5, 'x_1': 1, 'x_2': -4, 'x_3': 2, 'x_4': 2}. Best is trial 2 with value: 13.0.
2024-11-09 17:04:56,483 - INFO - Candidate Mean Stats: {'Max': np.float64(104.0), 'Min': np.float64(-7.501074414384412e-14), 'Mean': np.float64(0.041552054939118684), 'Std': np.float64(1.5634236890587876)}
2024-11-09 17:04:56,483 - INFO - Candidate Std Stats: {'Max': np.float64(0.9999999982343427), 'Min': np.float64(0.0), 'Mean': np.float64(0.9991927895413757), 'Std': np.float64(0.028399755830861833)}
2024-11-09 17:04:56,507 - INFO - Top 10 Mean Stats: {'Max': np.float64(1.4099832412739487e-15), 'Min': np.float64(-2.192690473634684e-15), 'Mean': np.float64(-5.501155087017651e-16), 'Std': np.float64(1.0707796030216052e-15)}
2024-11-09 17:04:56,507 - INFO - Top 10 Std Stats: {'Max': np.float64(0.9999999982343427), 'Min': np.float64(0.999999997832796), 'Mean': np.float64(0.9999999980072181), 'Std': np.float64(1.1961529089653193e-10)}
2024-11-09 17:04:56,507 - INFO - Bottom 10 Mean Stats: {'Max': np.float64(104.0), 'Min': np.float64(79.0), 'Mean': np.float64(87.1), 'Std': np.float64(8.030566605165541)}
2024-11-09 17:04:56,507 - INFO - Bottom 10 Std Stats: {'Max': np.float64(0.0), 'Min': np.float64(0.0), 'Mean': np.float64(0.0), 'Std': np.float64(0.0)}
[I 2024-11-09 17:04:56,538] Trial 130 finished with value: 39.0 and parameters: {'x_0': -2, 'x_1': -1, 'x_2': -3, 'x_3': 3, 'x_4': 4}. Best is trial 2 with value: 13.0.
2024-11-09 17:05:06,885 - INFO - Candidate Mean Stats: {'Max': np.float64(104.0), 'Min': np.float64(-6.326050794314141e-14), 'Mean': np.float64(0.041794214255111754), 'Std': np.float64(1.566434697572286)}
2024-11-09 17:05:06,887 - INFO - Candidate Std Stats: {'Max': np.float64(0.9999999965644665), 'Min': np.float64(0.0), 'Mean': np.float64(0.9991865810209207), 'Std': np.float64(0.028508687847253272)}
2024-11-09 17:05:06,913 - INFO - Top 10 Mean Stats: {'Max': np.float64(3.9056865380748816e-15), 'Min': np.float64(-4.2674197509029455e-15), 'Mean': np.float64(-1.3898821329960675e-15), 'Std': np.float64(2.4785134014056538e-15)}
2024-11-09 17:05:06,913 - INFO - Top 10 Std Stats: {'Max': np.float64(0.9999999965644665), 'Min': np.float64(0.9999999960073862), 'Mean': np.float64(0.9999999961455345), 'Std': np.float64(1.5483243509158972e-10)}
2024-11-09 17:05:06,914 - INFO - Bottom 10 Mean Stats: {'Max': np.float64(104.0), 'Min': np.float64(79.0), 'Mean': np.float64(87.1), 'Std': np.float64(8.030566605165541)}
2024-11-09 17:05:06,914 - INFO - Bottom 10 Std Stats: {'Max': np.float64(0.0), 'Min': np.float64(0.0), 'Mean': np.float64(0.0), 'Std': np.float64(0.0)}
[I 2024-11-09 17:05:06,948] Trial 131 finished with value: 51.0 and parameters: {'x_0': 3, 'x_1': -3, 'x_2': 5, 'x_3': 2, 'x_4': -2}. Best is trial 2 with value: 13.0.
2024-11-09 17:05:17,379 - INFO - Candidate Mean Stats: {'Max': np.float64(104.0), 'Min': np.float64(-6.672093433301995e-14), 'Mean': np.float64(0.04211088412987191), 'Std': np.float64(1.5715728602753838)}
2024-11-09 17:05:17,380 - INFO - Candidate Std Stats: {'Max': np.float64(0.9999999963648901), 'Min': np.float64(0.0), 'Mean': np.float64(0.9991803709499699), 'Std': np.float64(0.028617203823200762)}
2024-11-09 17:05:17,410 - INFO - Top 10 Mean Stats: {'Max': np.float64(5.4178883601707636e-15), 'Min': np.float64(-3.3861802251067274e-15), 'Mean': np.float64(3.0649094373558204e-16), 'Std': np.float64(2.6754159979196077e-15)}
2024-11-09 17:05:17,411 - INFO - Top 10 Std Stats: {'Max': np.float64(0.9999999963648901), 'Min': np.float64(0.9999999960192648), 'Mean': np.float64(0.9999999961618597), 'Std': np.float64(1.1701396500574826e-10)}
2024-11-09 17:05:17,411 - INFO - Bottom 10 Mean Stats: {'Max': np.float64(104.0), 'Min': np.float64(79.0), 'Mean': np.float64(87.1), 'Std': np.float64(8.030566605165541)}
2024-11-09 17:05:17,411 - INFO - Bottom 10 Std Stats: {'Max': np.float64(0.0), 'Min': np.float64(0.0), 'Mean': np.float64(0.0), 'Std': np.float64(0.0)}
[I 2024-11-09 17:05:17,441] Trial 132 finished with value: 47.0 and parameters: {'x_0': -1, 'x_1': -4, 'x_2': -5, 'x_3': 1, 'x_4': -2}. Best is trial 2 with value: 13.0.
2024-11-09 17:05:26,960 - INFO - Candidate Mean Stats: {'Max': np.float64(104.0), 'Min': np.float64(-9.697798120100742e-14), 'Mean': np.float64(0.04240271715170969), 'Std': np.float64(1.5759228227679423)}
2024-11-09 17:05:26,961 - INFO - Candidate Std Stats: {'Max': np.float64(0.9999999967297841), 'Min': np.float64(0.0), 'Mean': np.float64(0.9991741618965546), 'Std': np.float64(0.02872530854657189)}
2024-11-09 17:05:26,985 - INFO - Top 10 Mean Stats: {'Max': np.float64(5.81756864903582e-15), 'Min': np.float64(-2.1316282072803005e-15), 'Mean': np.float64(1.114663916723657e-15), 'Std': np.float64(2.2581794404015583e-15)}
2024-11-09 17:05:26,985 - INFO - Top 10 Std Stats: {'Max': np.float64(0.9999999967297841), 'Min': np.float64(0.9999999964270999), 'Mean': np.float64(0.999999996516492), 'Std': np.float64(1.0097229862382804e-10)}
2024-11-09 17:05:26,985 - INFO - Bottom 10 Mean Stats: {'Max': np.float64(104.0), 'Min': np.float64(79.0), 'Mean': np.float64(87.1), 'Std': np.float64(8.030566605165541)}
2024-11-09 17:05:26,985 - INFO - Bottom 10 Std Stats: {'Max': np.float64(0.0), 'Min': np.float64(0.0), 'Mean': np.float64(0.0), 'Std': np.float64(0.0)}
[I 2024-11-09 17:05:27,014] Trial 133 finished with value: 31.0 and parameters: {'x_0': 1, 'x_1': 3, 'x_2': -1, 'x_3': 4, 'x_4': 2}. Best is trial 2 with value: 13.0.
2024-11-09 17:05:37,549 - INFO - Candidate Mean Stats: {'Max': np.float64(104.0), 'Min': np.float64(-6.443734434924408e-14), 'Mean': np.float64(0.04259520276185802), 'Std': np.float64(1.577809695862908)}
2024-11-09 17:05:37,551 - INFO - Candidate Std Stats: {'Max': np.float64(0.9999999990398917), 'Min': np.float64(0.0), 'Mean': np.float64(0.9991679532269879), 'Std': np.float64(0.02883300662551432)}
2024-11-09 17:05:37,579 - INFO - Top 10 Mean Stats: {'Max': np.float64(1.659783421814609e-15), 'Min': np.float64(-9.103828801926283e-16), 'Mean': np.float64(4.1300296516055825e-16), 'Std': np.float64(8.594919019420065e-16)}
2024-11-09 17:05:37,579 - INFO - Top 10 Std Stats: {'Max': np.float64(0.9999999990398917), 'Min': np.float64(0.9999999984905031), 'Mean': np.float64(0.9999999987004623), 'Std': np.float64(1.8641154933187297e-10)}
2024-11-09 17:05:37,579 - INFO - Bottom 10 Mean Stats: {'Max': np.float64(104.0), 'Min': np.float64(79.0), 'Mean': np.float64(87.1), 'Std': np.float64(8.030566605165541)}
2024-11-09 17:05:37,580 - INFO - Bottom 10 Std Stats: {'Max': np.float64(0.0), 'Min': np.float64(0.0), 'Mean': np.float64(0.0), 'Std': np.float64(0.0)}
[I 2024-11-09 17:05:37,616] Trial 134 finished with value: 43.0 and parameters: {'x_0': 2, 'x_1': -2, 'x_2': -1, 'x_3': -3, 'x_4': 5}. Best is trial 2 with value: 13.0.
2024-11-09 17:05:46,167 - INFO - Candidate Mean Stats: {'Max': np.float64(104.0), 'Min': np.float64(-7.369660437461789e-14), 'Mean': np.float64(0.04286219893077346), 'Std': np.float64(1.581436516216667)}
2024-11-09 17:05:46,168 - INFO - Candidate Std Stats: {'Max': np.float64(0.9999999968365724), 'Min': np.float64(0.0), 'Mean': np.float64(0.9991617439201745), 'Std': np.float64(0.028940302570544477)}
2024-11-09 17:05:46,197 - INFO - Top 10 Mean Stats: {'Max': np.float64(3.555489236362064e-15), 'Min': np.float64(-4.596323321948148e-15), 'Mean': np.float64(4.1328052091671464e-16), 'Std': np.float64(2.1354197055709357e-15)}
2024-11-09 17:05:46,197 - INFO - Top 10 Std Stats: {'Max': np.float64(0.9999999968365724), 'Min': np.float64(0.9999999964267482), 'Mean': np.float64(0.9999999965751071), 'Std': np.float64(1.3078837299164768e-10)}
2024-11-09 17:05:46,198 - INFO - Bottom 10 Mean Stats: {'Max': np.float64(104.0), 'Min': np.float64(79.0), 'Mean': np.float64(87.1), 'Std': np.float64(8.030566605165541)}
2024-11-09 17:05:46,198 - INFO - Bottom 10 Std Stats: {'Max': np.float64(0.0), 'Min': np.float64(0.0), 'Mean': np.float64(0.0), 'Std': np.float64(0.0)}
[I 2024-11-09 17:05:46,227] Trial 135 finished with value: 22.0 and parameters: {'x_0': -2, 'x_1': 0, 'x_2': 0, 'x_3': -3, 'x_4': -3}. Best is trial 2 with value: 13.0.
2024-11-09 17:05:56,179 - INFO - Candidate Mean Stats: {'Max': np.float64(104.0), 'Min': np.float64(-7.269740365245525e-14), 'Mean': np.float64(0.042998801621846494), 'Std': np.float64(1.5823826923925135)}
2024-11-09 17:05:56,180 - INFO - Candidate Std Stats: {'Max': np.float64(0.9999999961369764), 'Min': np.float64(0.0), 'Mean': np.float64(0.999155534715921), 'Std': np.float64(0.029047200859026037)}
2024-11-09 17:05:56,209 - INFO - Top 10 Mean Stats: {'Max': np.float64(7.735478924075778e-15), 'Min': np.float64(-6.0729199446996066e-15), 'Mean': np.float64(-2.998989945268705e-16), 'Std': np.float64(3.4065646301145133e-15)}
2024-11-09 17:05:56,209 - INFO - Top 10 Std Stats: {'Max': np.float64(0.9999999961369764), 'Min': np.float64(0.9999999958937454), 'Mean': np.float64(0.9999999959979095), 'Std': np.float64(8.12754326732741e-11)}
2024-11-09 17:05:56,209 - INFO - Bottom 10 Mean Stats: {'Max': np.float64(104.0), 'Min': np.float64(79.0), 'Mean': np.float64(87.1), 'Std': np.float64(8.030566605165541)}
2024-11-09 17:05:56,209 - INFO - Bottom 10 Std Stats: {'Max': np.float64(0.0), 'Min': np.float64(0.0), 'Mean': np.float64(0.0), 'Std': np.float64(0.0)}
[I 2024-11-09 17:05:56,236] Trial 136 finished with value: 67.0 and parameters: {'x_0': -1, 'x_1': 5, 'x_2': -3, 'x_3': 4, 'x_4': 4}. Best is trial 2 with value: 13.0.
2024-11-09 17:06:07,917 - INFO - Candidate Mean Stats: {'Max': np.float64(104.0), 'Min': np.float64(-8.206768598029158e-14), 'Mean': np.float64(0.04341481890829613), 'Std': np.float64(1.5911543588902932)}
2024-11-09 17:06:07,918 - INFO - Candidate Std Stats: {'Max': np.float64(0.9999999962940683), 'Min': np.float64(0.0), 'Mean': np.float64(0.9991493252189579), 'Std': np.float64(0.029153705853769533)}
2024-11-09 17:06:07,943 - INFO - Top 10 Mean Stats: {'Max': np.float64(4.307665335545607e-15), 'Min': np.float64(-1.6431300764452318e-15), 'Mean': np.float64(9.414691248821328e-16), 'Std': np.float64(1.797634504605247e-15)}
2024-11-09 17:06:07,944 - INFO - Top 10 Std Stats: {'Max': np.float64(0.9999999962940683), 'Min': np.float64(0.9999999959355624), 'Mean': np.float64(0.9999999960828851), 'Std': np.float64(1.251926878815905e-10)}
2024-11-09 17:06:07,944 - INFO - Bottom 10 Mean Stats: {'Max': np.float64(104.0), 'Min': np.float64(79.0), 'Mean': np.float64(87.1), 'Std': np.float64(8.030566605165541)}
2024-11-09 17:06:07,944 - INFO - Bottom 10 Std Stats: {'Max': np.float64(0.0), 'Min': np.float64(0.0), 'Mean': np.float64(0.0), 'Std': np.float64(0.0)}
[I 2024-11-09 17:06:07,979] Trial 137 finished with value: 35.0 and parameters: {'x_0': 5, 'x_1': 0, 'x_2': 0, 'x_3': 1, 'x_4': -3}. Best is trial 2 with value: 13.0.
2024-11-09 17:06:16,554 - INFO - Candidate Mean Stats: {'Max': np.float64(104.0), 'Min': np.float64(-5.74429392941056e-14), 'Mean': np.float64(0.043632141371366874), 'Std': np.float64(1.593536809353096)}
2024-11-09 17:06:16,555 - INFO - Candidate Std Stats: {'Max': np.float64(0.9999999971084128), 'Min': np.float64(0.0), 'Mean': np.float64(0.9991431159972823), 'Std': np.float64(0.029259821865959715)}
2024-11-09 17:06:16,581 - INFO - Top 10 Mean Stats: {'Max': np.float64(2.6978419498391305e-15), 'Min': np.float64(-2.8754776337791553e-15), 'Mean': np.float64(-3.969047313034922e-17), 'Std': np.float64(1.808020458726064e-15)}
2024-11-09 17:06:16,581 - INFO - Top 10 Std Stats: {'Max': np.float64(0.9999999971084128), 'Min': np.float64(0.9999999964681593), 'Mean': np.float64(0.9999999966915958), 'Std': np.float64(2.1652795104045804e-10)}
2024-11-09 17:06:16,581 - INFO - Bottom 10 Mean Stats: {'Max': np.float64(104.0), 'Min': np.float64(79.0), 'Mean': np.float64(87.1), 'Std': np.float64(8.030566605165541)}
2024-11-09 17:06:16,581 - INFO - Bottom 10 Std Stats: {'Max': np.float64(0.0), 'Min': np.float64(0.0), 'Mean': np.float64(0.0), 'Std': np.float64(0.0)}
[I 2024-11-09 17:06:16,620] Trial 138 finished with value: 70.0 and parameters: {'x_0': 0, 'x_1': 5, 'x_2': -4, 'x_3': -2, 'x_4': -5}. Best is trial 2 with value: 13.0.
2024-11-09 17:06:26,068 - INFO - Candidate Mean Stats: {'Max': np.float64(104.0), 'Min': np.float64(-8.630873793435967e-14), 'Mean': np.float64(0.044066786297508265), 'Std': np.float64(1.6030429157384418)}
2024-11-09 17:06:26,069 - INFO - Candidate Std Stats: {'Max': np.float64(0.9999999963214257), 'Min': np.float64(0.0), 'Mean': np.float64(0.9991369067584472), 'Std': np.float64(0.029365553104084164)}
2024-11-09 17:06:26,091 - INFO - Top 10 Mean Stats: {'Max': np.float64(2.9698465908722937e-15), 'Min': np.float64(-4.04121180963557e-15), 'Mean': np.float64(-1.9505230763883216e-16), 'Std': np.float64(2.0807544062569072e-15)}
2024-11-09 17:06:26,091 - INFO - Top 10 Std Stats: {'Max': np.float64(0.9999999963214257), 'Min': np.float64(0.9999999960416329), 'Mean': np.float64(0.9999999961667088), 'Std': np.float64(8.233340562620698e-11)}
2024-11-09 17:06:26,091 - INFO - Bottom 10 Mean Stats: {'Max': np.float64(104.0), 'Min': np.float64(79.0), 'Mean': np.float64(87.1), 'Std': np.float64(8.030566605165541)}
2024-11-09 17:06:26,091 - INFO - Bottom 10 Std Stats: {'Max': np.float64(0.0), 'Min': np.float64(0.0), 'Mean': np.float64(0.0), 'Std': np.float64(0.0)}
[I 2024-11-09 17:06:26,122] Trial 139 finished with value: 107.0 and parameters: {'x_0': 5, 'x_1': 5, 'x_2': 4, 'x_3': 4, 'x_4': 5}. Best is trial 2 with value: 13.0.
2024-11-09 17:06:37,009 - INFO - Candidate Mean Stats: {'Max': np.float64(107.0), 'Min': np.float64(-7.628342402199451e-14), 'Mean': np.float64(0.044731172113181505), 'Std': np.float64(1.6250467303656893)}
2024-11-09 17:06:37,010 - INFO - Candidate Std Stats: {'Max': np.float64(0.9999999970987422), 'Min': np.float64(0.0), 'Mean': np.float64(0.9991306981190576), 'Std': np.float64(0.029470903727622056)}
2024-11-09 17:06:37,038 - INFO - Top 10 Mean Stats: {'Max': np.float64(3.4361402612148594e-15), 'Min': np.float64(-2.9060087669563473e-15), 'Mean': np.float64(6.834810495348612e-17), 'Std': np.float64(1.831796530458147e-15)}
2024-11-09 17:06:37,038 - INFO - Top 10 Std Stats: {'Max': np.float64(0.9999999970987422), 'Min': np.float64(0.9999999965496449), 'Mean': np.float64(0.9999999967603038), 'Std': np.float64(1.64556954208273e-10)}
2024-11-09 17:06:37,038 - INFO - Bottom 10 Mean Stats: {'Max': np.float64(107.0), 'Min': np.float64(79.0), 'Mean': np.float64(89.9), 'Std': np.float64(9.470480452437458)}
2024-11-09 17:06:37,038 - INFO - Bottom 10 Std Stats: {'Max': np.float64(0.0), 'Min': np.float64(0.0), 'Mean': np.float64(0.0), 'Std': np.float64(0.0)}
[I 2024-11-09 17:06:37,067] Trial 140 finished with value: 34.0 and parameters: {'x_0': -4, 'x_1': 1, 'x_2': -3, 'x_3': 2, 'x_4': 2}. Best is trial 2 with value: 13.0.
2024-11-09 17:06:46,675 - INFO - Candidate Mean Stats: {'Max': np.float64(107.0), 'Min': np.float64(-6.393774398816276e-14), 'Mean': np.float64(0.04494228536302165), 'Std': np.float64(1.6272479206045247)}
2024-11-09 17:06:46,676 - INFO - Candidate Std Stats: {'Max': np.float64(0.9999999967679917), 'Min': np.float64(0.0), 'Mean': np.float64(0.9991244890173148), 'Std': np.float64(0.029575877772819566)}
2024-11-09 17:06:46,706 - INFO - Top 10 Mean Stats: {'Max': np.float64(2.3148150063434515e-15), 'Min': np.float64(-3.665123760043798e-15), 'Mean': np.float64(-3.031602746617069e-16), 'Std': np.float64(1.8714621227721076e-15)}
2024-11-09 17:06:46,706 - INFO - Top 10 Std Stats: {'Max': np.float64(0.9999999967679917), 'Min': np.float64(0.9999999964163798), 'Mean': np.float64(0.9999999965910149), 'Std': np.float64(1.3093154601909265e-10)}
2024-11-09 17:06:46,707 - INFO - Bottom 10 Mean Stats: {'Max': np.float64(107.0), 'Min': np.float64(79.0), 'Mean': np.float64(89.9), 'Std': np.float64(9.470480452437458)}
2024-11-09 17:06:46,707 - INFO - Bottom 10 Std Stats: {'Max': np.float64(0.0), 'Min': np.float64(0.0), 'Mean': np.float64(0.0), 'Std': np.float64(0.0)}
[I 2024-11-09 17:06:46,740] Trial 141 finished with value: 52.0 and parameters: {'x_0': 0, 'x_1': -5, 'x_2': 1, 'x_3': 5, 'x_4': 1}. Best is trial 2 with value: 13.0.
2024-11-09 17:06:55,674 - INFO - Candidate Mean Stats: {'Max': np.float64(107.0), 'Min': np.float64(-8.48099368511157e-14), 'Mean': np.float64(0.0452651644510124), 'Std': np.float64(1.632389776244676)}
2024-11-09 17:06:55,675 - INFO - Candidate Std Stats: {'Max': np.float64(0.9999999965726578), 'Min': np.float64(0.0), 'Mean': np.float64(0.9991182799220321), 'Std': np.float64(0.029680479248965323)}
2024-11-09 17:06:55,700 - INFO - Top 10 Mean Stats: {'Max': np.float64(3.8358205500799155e-15), 'Min': np.float64(-2.531308496145357e-15), 'Mean': np.float64(1.125211035457596e-15), 'Std': np.float64(2.1951555397931977e-15)}
2024-11-09 17:06:55,700 - INFO - Top 10 Std Stats: {'Max': np.float64(0.9999999965726578), 'Min': np.float64(0.9999999962337309), 'Mean': np.float64(0.9999999963750685), 'Std': np.float64(1.1121372181625473e-10)}
2024-11-09 17:06:55,700 - INFO - Bottom 10 Mean Stats: {'Max': np.float64(107.0), 'Min': np.float64(79.0), 'Mean': np.float64(89.9), 'Std': np.float64(9.470480452437458)}
2024-11-09 17:06:55,700 - INFO - Bottom 10 Std Stats: {'Max': np.float64(0.0), 'Min': np.float64(0.0), 'Mean': np.float64(0.0), 'Std': np.float64(0.0)}
[I 2024-11-09 17:06:55,731] Trial 142 finished with value: 62.0 and parameters: {'x_0': -4, 'x_1': 5, 'x_2': -1, 'x_3': 4, 'x_4': 2}. Best is trial 2 with value: 13.0.
2024-11-09 17:07:05,607 - INFO - Candidate Mean Stats: {'Max': np.float64(107.0), 'Min': np.float64(-5.875300246316329e-14), 'Mean': np.float64(0.045650135671309114), 'Std': np.float64(1.6396736252902608)}
2024-11-09 17:07:05,608 - INFO - Candidate Std Stats: {'Max': np.float64(0.9999999984303856), 'Min': np.float64(0.0), 'Mean': np.float64(0.9991120708354659), 'Std': np.float64(0.029784712081427155)}
2024-11-09 17:07:05,636 - INFO - Top 10 Mean Stats: {'Max': np.float64(2.4980018054066022e-15), 'Min': np.float64(-1.5099033134902129e-15), 'Mean': np.float64(3.316791286067654e-16), 'Std': np.float64(1.0758966563944308e-15)}
2024-11-09 17:07:05,637 - INFO - Top 10 Std Stats: {'Max': np.float64(0.9999999984303856), 'Min': np.float64(0.9999999980681769), 'Mean': np.float64(0.9999999982423187), 'Std': np.float64(1.3863327745206355e-10)}
2024-11-09 17:07:05,637 - INFO - Bottom 10 Mean Stats: {'Max': np.float64(107.0), 'Min': np.float64(79.0), 'Mean': np.float64(89.9), 'Std': np.float64(9.470480452437458)}
2024-11-09 17:07:05,637 - INFO - Bottom 10 Std Stats: {'Max': np.float64(0.0), 'Min': np.float64(0.0), 'Mean': np.float64(0.0), 'Std': np.float64(0.0)}
