2024-11-09 16:41:02,318 - INFO - Experiment settings: {'name': 'bo_parafac_dim5_rank2_mask0.2_tradeoff1.0_seed3', 'seed': 3, 'dimensions': 5, 'iter_bo': 300, 'storage': 'sqlite:////Users/keisukeonoue/ws/constrained_BO_v2/results/dbs/2024-11-09_16-41-02_bo_parafac_dim5_rank2_mask0.2_tradeoff1.0_seed3.db', 'unique_sampling': False, 'decomp_num': 10, 'cp_settings': {'rank': 2, 'als_iterations': 100, 'mask_ratio': 0.2, 'random_dist_type': 'uniform'}, 'acqf_settings': {'trade_off_param': 1.0, 'maximize': False}}
[I 2024-11-09 16:41:03,512] A new study created in RDB with name: bo_parafac_dim5_rank2_mask0.2_tradeoff1.0_seed3
2024-11-09 16:41:03,514 - INFO - Created new study 'bo_parafac_dim5_rank2_mask0.2_tradeoff1.0_seed3' in sqlite:////Users/keisukeonoue/ws/constrained_BO_v2/results/dbs/2024-11-09_16-41-02_bo_parafac_dim5_rank2_mask0.2_tradeoff1.0_seed3.db
2024-11-09 16:41:03,558 - INFO - Using sample_independent for sampling.
2024-11-09 16:41:03,564 - INFO - Using sample_independent for sampling.
2024-11-09 16:41:03,568 - INFO - Using sample_independent for sampling.
2024-11-09 16:41:03,574 - INFO - Using sample_independent for sampling.
2024-11-09 16:41:03,578 - INFO - Using sample_independent for sampling.
[I 2024-11-09 16:41:03,600] Trial 0 finished with value: 57.0 and parameters: {'x_0': 3, 'x_1': 0, 'x_2': -4, 'x_3': -4, 'x_4': -4}. Best is trial 0 with value: 57.0.
2024-11-09 16:41:06,836 - INFO - Candidate Mean Stats: {'Max': np.float64(57.0), 'Min': np.float64(-2.9648161703477174e-11), 'Mean': np.float64(0.0003539251541524085), 'Std': np.float64(0.14203382879855486)}
2024-11-09 16:41:06,836 - INFO - Candidate Std Stats: {'Max': np.float64(0.9999976796893942), 'Min': np.float64(0.0), 'Mean': np.float64(0.9999871628417848), 'Std': np.float64(0.0024918058618527907)}
2024-11-09 16:41:06,883 - INFO - Top 10 Mean Stats: {'Max': np.float64(1.8617996033754024e-12), 'Min': np.float64(-1.982530806188265e-12), 'Mean': np.float64(6.603606550470403e-15), 'Std': np.float64(1.2266321425311312e-12)}
2024-11-09 16:41:06,884 - INFO - Top 10 Std Stats: {'Max': np.float64(0.9999976796893942), 'Min': np.float64(0.9999973741279814), 'Mean': np.float64(0.9999974552887074), 'Std': np.float64(8.969353809311088e-08)}
2024-11-09 16:41:06,884 - INFO - Bottom 10 Mean Stats: {'Max': np.float64(57.0), 'Min': np.float64(-2.0592849994671704e-11), 'Mean': np.float64(5.69999999999896), 'Std': np.float64(17.100000000000346)}
2024-11-09 16:41:06,884 - INFO - Bottom 10 Std Stats: {'Max': np.float64(0.9999724051470784), 'Min': np.float64(0.0), 'Mean': np.float64(0.8999723090588001), 'Std': np.float64(0.29999076969713223)}
[I 2024-11-09 16:41:06,980] Trial 1 finished with value: 38.0 and parameters: {'x_0': -2, 'x_1': 4, 'x_2': 0, 'x_3': -3, 'x_4': 3}. Best is trial 1 with value: 38.0.
2024-11-09 16:41:12,485 - INFO - Candidate Mean Stats: {'Max': np.float64(57.0), 'Min': np.float64(-3.0654367932925196e-13), 'Mean': np.float64(0.0005898752569061262), 'Std': np.float64(0.17070292832387912)}
2024-11-09 16:41:12,485 - INFO - Candidate Std Stats: {'Max': np.float64(0.999999977613482), 'Min': np.float64(0.0), 'Mean': np.float64(0.9999875134457683), 'Std': np.float64(0.003523956661521143)}
2024-11-09 16:41:12,523 - INFO - Top 10 Mean Stats: {'Max': np.float64(1.0244582959728633e-14), 'Min': np.float64(-1.0158540675320182e-14), 'Mean': np.float64(-7.939829349545843e-17), 'Std': np.float64(6.794282782887323e-15)}
2024-11-09 16:41:12,523 - INFO - Top 10 Std Stats: {'Max': np.float64(0.999999977613482), 'Min': np.float64(0.9999999754935667), 'Mean': np.float64(0.9999999762147042), 'Std': np.float64(6.003999914522844e-10)}
2024-11-09 16:41:12,524 - INFO - Bottom 10 Mean Stats: {'Max': np.float64(57.0), 'Min': np.float64(-2.4116680874541887e-13), 'Mean': np.float64(9.49999999999995), 'Std': np.float64(19.46920645532326)}
2024-11-09 16:41:12,524 - INFO - Bottom 10 Std Stats: {'Max': np.float64(0.9999997043667334), 'Min': np.float64(0.0), 'Mean': np.float64(0.7999997240255329), 'Std': np.float64(0.3999998620127741)}
[I 2024-11-09 16:41:12,556] Trial 2 finished with value: 39.0 and parameters: {'x_0': -3, 'x_1': -3, 'x_2': 2, 'x_3': 1, 'x_4': -4}. Best is trial 1 with value: 38.0.
2024-11-09 16:41:19,093 - INFO - Candidate Mean Stats: {'Max': np.float64(57.0), 'Min': np.float64(-2.475353255704249e-13), 'Mean': np.float64(0.0008320345728993477), 'Std': np.float64(0.19642647156981005)}
2024-11-09 16:41:19,094 - INFO - Candidate Std Stats: {'Max': np.float64(0.9999999774358925), 'Min': np.float64(0.0), 'Mean': np.float64(0.9999813025857047), 'Std': np.float64(0.004315934441563099)}
2024-11-09 16:41:19,126 - INFO - Top 10 Mean Stats: {'Max': np.float64(1.0191847366058937e-14), 'Min': np.float64(-2.19824158875781e-14), 'Mean': np.float64(-4.201985981389101e-15), 'Std': np.float64(1.00724993280639e-14)}
2024-11-09 16:41:19,127 - INFO - Top 10 Std Stats: {'Max': np.float64(0.9999999774358925), 'Min': np.float64(0.9999999752666398), 'Mean': np.float64(0.9999999760866816), 'Std': np.float64(7.120493795041583e-10)}
2024-11-09 16:41:19,139 - INFO - Bottom 10 Mean Stats: {'Max': np.float64(57.0), 'Min': np.float64(4.147793219999585e-14), 'Mean': np.float64(13.400000000000073), 'Std': np.float64(21.019990485249938)}
2024-11-09 16:41:19,139 - INFO - Bottom 10 Std Stats: {'Max': np.float64(0.9999997095054246), 'Min': np.float64(0.0), 'Mean': np.float64(0.6999997869619865), 'Std': np.float64(0.4582574300294667)}
[I 2024-11-09 16:41:19,176] Trial 3 finished with value: 46.0 and parameters: {'x_0': -1, 'x_1': -4, 'x_2': 0, 'x_3': -5, 'x_4': 2}. Best is trial 1 with value: 38.0.
2024-11-09 16:41:25,542 - INFO - Candidate Mean Stats: {'Max': np.float64(57.0), 'Min': np.float64(-2.6040281042583047e-13), 'Mean': np.float64(0.0011176583815064296), 'Std': np.float64(0.22742360706525136)}
2024-11-09 16:41:25,543 - INFO - Candidate Std Stats: {'Max': np.float64(0.9999999815572386), 'Min': np.float64(0.0), 'Mean': np.float64(0.999975093128336), 'Std': np.float64(0.0049835963495782265)}
2024-11-09 16:41:25,583 - INFO - Top 10 Mean Stats: {'Max': np.float64(1.5008827514151335e-14), 'Min': np.float64(-1.664779425425422e-14), 'Mean': np.float64(-1.1284029266533935e-15), 'Std': np.float64(8.432491413687943e-15)}
2024-11-09 16:41:25,583 - INFO - Top 10 Std Stats: {'Max': np.float64(0.9999999815572386), 'Min': np.float64(0.9999999786755827), 'Mean': np.float64(0.9999999796643617), 'Std': np.float64(9.381319002656525e-10)}
2024-11-09 16:41:25,583 - INFO - Bottom 10 Mean Stats: {'Max': np.float64(57.0), 'Min': np.float64(-1.3029577417000836e-13), 'Mean': np.float64(17.999999999999975), 'Std': np.float64(22.561028345356977)}
2024-11-09 16:41:25,583 - INFO - Bottom 10 Std Stats: {'Max': np.float64(0.9999997155004428), 'Min': np.float64(0.0), 'Mean': np.float64(0.5999998149540126), 'Std': np.float64(0.4898977974672199)}
[I 2024-11-09 16:41:25,623] Trial 4 finished with value: 45.0 and parameters: {'x_0': -1, 'x_1': 3, 'x_2': 1, 'x_3': 5, 'x_4': -3}. Best is trial 1 with value: 38.0.
2024-11-09 16:41:30,657 - INFO - Candidate Mean Stats: {'Max': np.float64(57.0), 'Min': np.float64(-3.138114768042044e-13), 'Mean': np.float64(0.0013970729768829784), 'Std': np.float64(0.25356350524054666)}
2024-11-09 16:41:30,657 - INFO - Candidate Std Stats: {'Max': np.float64(0.9999999784263002), 'Min': np.float64(0.0), 'Mean': np.float64(0.9999688837360987), 'Std': np.float64(0.005571812805234059)}
2024-11-09 16:41:30,695 - INFO - Top 10 Mean Stats: {'Max': np.float64(1.773026170326375e-14), 'Min': np.float64(-1.2301271112846734e-14), 'Mean': np.float64(4.636291350834654e-15), 'Std': np.float64(9.468713568958602e-15)}
2024-11-09 16:41:30,696 - INFO - Top 10 Std Stats: {'Max': np.float64(0.9999999784263002), 'Min': np.float64(0.9999999762056712), 'Mean': np.float64(0.9999999774242762), 'Std': np.float64(7.57951012092987e-10)}
2024-11-09 16:41:30,696 - INFO - Bottom 10 Mean Stats: {'Max': np.float64(57.0), 'Min': np.float64(-3.138114768042044e-13), 'Mean': np.float64(22.499999999999975), 'Std': np.float64(23.005434140654707)}
2024-11-09 16:41:30,696 - INFO - Bottom 10 Std Stats: {'Max': np.float64(0.9999997016732708), 'Min': np.float64(0.0), 'Mean': np.float64(0.49999983298501005), 'Std': np.float64(0.4999998329850108)}
[I 2024-11-09 16:41:30,790] Trial 5 finished with value: 45.0 and parameters: {'x_0': -4, 'x_1': -4, 'x_2': -3, 'x_3': 0, 'x_4': -2}. Best is trial 1 with value: 38.0.
2024-11-09 16:41:38,019 - INFO - Candidate Mean Stats: {'Max': np.float64(57.0), 'Min': np.float64(-2.6187940704858194e-13), 'Mean': np.float64(0.0016764875722597111), 'Std': np.float64(0.2772494349573025)}
2024-11-09 16:41:38,020 - INFO - Candidate Std Stats: {'Max': np.float64(0.9999999766342403), 'Min': np.float64(0.0), 'Mean': np.float64(0.9999626768196249), 'Std': np.float64(0.006103596183302543)}
2024-11-09 16:41:38,054 - INFO - Top 10 Mean Stats: {'Max': np.float64(1.714739461533554e-14), 'Min': np.float64(-2.229882944959627e-14), 'Mean': np.float64(-5.360503707585451e-15), 'Std': np.float64(1.1164774718810819e-14)}
2024-11-09 16:41:38,054 - INFO - Top 10 Std Stats: {'Max': np.float64(0.9999999766342403), 'Min': np.float64(0.9999999749239789), 'Mean': np.float64(0.9999999755348717), 'Std': np.float64(5.546293724305659e-10)}
2024-11-09 16:41:38,055 - INFO - Bottom 10 Mean Stats: {'Max': np.float64(57.0), 'Min': np.float64(-1.4690471061840072e-13), 'Mean': np.float64(27.0), 'Std': np.float64(22.561028345356952)}
2024-11-09 16:41:38,055 - INFO - Bottom 10 Std Stats: {'Max': np.float64(0.9999997060547096), 'Min': np.float64(0.0), 'Mean': np.float64(0.3999998644020058), 'Std': np.float64(0.4898977824836886)}
[I 2024-11-09 16:41:38,096] Trial 6 finished with value: 60.0 and parameters: {'x_0': 1, 'x_1': 5, 'x_2': 3, 'x_3': 4, 'x_4': 3}. Best is trial 1 with value: 38.0.
2024-11-09 16:41:43,901 - INFO - Candidate Mean Stats: {'Max': np.float64(60.0), 'Min': np.float64(-2.964739564959018e-13), 'Mean': np.float64(0.002049040366095171), 'Std': np.float64(0.314990521854914)}
2024-11-09 16:41:43,901 - INFO - Candidate Std Stats: {'Max': np.float64(0.999999981341016), 'Min': np.float64(0.0), 'Mean': np.float64(0.9999564752137452), 'Std': np.float64(0.006592616947096988)}
2024-11-09 16:41:43,942 - INFO - Top 10 Mean Stats: {'Max': np.float64(1.4876988529977098e-14), 'Min': np.float64(-1.425526363618701e-14), 'Mean': np.float64(1.52211576676109e-15), 'Std': np.float64(9.167959907587674e-15)}
2024-11-09 16:41:43,942 - INFO - Top 10 Std Stats: {'Max': np.float64(0.999999981341016), 'Min': np.float64(0.9999999798207887), 'Mean': np.float64(0.9999999804665602), 'Std': np.float64(4.815996485621189e-10)}
2024-11-09 16:41:43,943 - INFO - Bottom 10 Mean Stats: {'Max': np.float64(60.0), 'Min': np.float64(-1.6743273434371985e-13), 'Mean': np.float64(32.999999999999986), 'Std': np.float64(22.561028345356974)}
2024-11-09 16:41:43,943 - INFO - Bottom 10 Std Stats: {'Max': np.float64(0.9999997215971623), 'Min': np.float64(0.0), 'Mean': np.float64(0.2999999127370337), 'Std': np.float64(0.45825743619920123)}
[I 2024-11-09 16:41:43,993] Trial 7 finished with value: 65.0 and parameters: {'x_0': 4, 'x_1': -4, 'x_2': -1, 'x_3': -4, 'x_4': 4}. Best is trial 1 with value: 38.0.
2024-11-09 16:41:49,838 - INFO - Candidate Mean Stats: {'Max': np.float64(65.0), 'Min': np.float64(-2.0826118607430998e-13), 'Mean': np.float64(0.0024526392260837346), 'Std': np.float64(0.35419082128836843)}
2024-11-09 16:41:49,839 - INFO - Candidate Std Stats: {'Max': np.float64(0.9999999841502044), 'Min': np.float64(0.0), 'Mean': np.float64(0.9999502777448621), 'Std': np.float64(0.00704778217205087)}
2024-11-09 16:41:49,875 - INFO - Top 10 Mean Stats: {'Max': np.float64(1.425526363618701e-14), 'Min': np.float64(-1.354472090042691e-14), 'Mean': np.float64(7.388534228880416e-16), 'Std': np.float64(8.158171727692936e-15)}
2024-11-09 16:41:49,875 - INFO - Top 10 Std Stats: {'Max': np.float64(0.9999999841502044), 'Min': np.float64(0.9999999828409265), 'Mean': np.float64(0.9999999833839365), 'Std': np.float64(4.733279210904237e-10)}
2024-11-09 16:41:49,875 - INFO - Bottom 10 Mean Stats: {'Max': np.float64(65.0), 'Min': np.float64(-7.733813589538841e-14), 'Mean': np.float64(39.49999999999999), 'Std': np.float64(21.45343795292495)}
2024-11-09 16:41:49,875 - INFO - Bottom 10 Std Stats: {'Max': np.float64(0.9999997828665095), 'Min': np.float64(0.0), 'Mean': np.float64(0.1999999565253861), 'Std': np.float64(0.39999991305077215)}
[I 2024-11-09 16:41:49,969] Trial 8 finished with value: 56.0 and parameters: {'x_0': 2, 'x_1': 1, 'x_2': 1, 'x_3': -5, 'x_4': 5}. Best is trial 1 with value: 38.0.
2024-11-09 16:41:56,528 - INFO - Candidate Mean Stats: {'Max': np.float64(65.0), 'Min': np.float64(-2.3411272920270674e-13), 'Mean': np.float64(0.002800355166996783), 'Std': np.float64(0.38068543973492874)}
2024-11-09 16:41:56,529 - INFO - Candidate Std Stats: {'Max': np.float64(0.99999998677286), 'Min': np.float64(0.0), 'Mean': np.float64(0.9999440685769495), 'Std': np.float64(0.007475278640548658)}
2024-11-09 16:41:56,560 - INFO - Top 10 Mean Stats: {'Max': np.float64(9.836575998178886e-15), 'Min': np.float64(-1.433297924791077e-14), 'Mean': np.float64(-1.1610851169407964e-15), 'Std': np.float64(6.423114507991536e-15)}
2024-11-09 16:41:56,560 - INFO - Top 10 Std Stats: {'Max': np.float64(0.99999998677286), 'Min': np.float64(0.9999999844763977), 'Mean': np.float64(0.9999999851851064), 'Std': np.float64(7.549968360435705e-10)}
2024-11-09 16:41:56,561 - INFO - Bottom 10 Mean Stats: {'Max': np.float64(65.0), 'Min': np.float64(1.2184697695261093e-13), 'Mean': np.float64(45.10000000000001), 'Std': np.float64(17.323105957073604)}
2024-11-09 16:41:56,561 - INFO - Bottom 10 Std Stats: {'Max': np.float64(0.9999997548993096), 'Min': np.float64(0.0), 'Mean': np.float64(0.09999997548993096), 'Std': np.float64(0.29999992646979284)}
[I 2024-11-09 16:41:56,596] Trial 9 finished with value: 46.0 and parameters: {'x_0': 1, 'x_1': -2, 'x_2': -4, 'x_3': 4, 'x_4': 3}. Best is trial 1 with value: 38.0.
2024-11-09 16:42:02,230 - INFO - Candidate Mean Stats: {'Max': np.float64(65.0), 'Min': np.float64(-3.066658038619607e-13), 'Mean': np.float64(0.0030859789756039887), 'Std': np.float64(0.3975656146410693)}
2024-11-09 16:42:02,231 - INFO - Candidate Std Stats: {'Max': np.float64(0.9999999872037274), 'Min': np.float64(0.0), 'Mean': np.float64(0.9999378583627619), 'Std': np.float64(0.007879611077047816)}
2024-11-09 16:42:02,267 - INFO - Top 10 Mean Stats: {'Max': np.float64(1.1557421686347879e-14), 'Min': np.float64(-1.0341727474383334e-14), 'Mean': np.float64(3.0237964909751723e-15), 'Std': np.float64(7.340988832488833e-15)}
2024-11-09 16:42:02,267 - INFO - Top 10 Std Stats: {'Max': np.float64(0.9999999872037274), 'Min': np.float64(0.9999999853046779), 'Mean': np.float64(0.9999999859197292), 'Std': np.float64(5.49364371463701e-10)}
2024-11-09 16:42:02,268 - INFO - Bottom 10 Mean Stats: {'Max': np.float64(65.0), 'Min': np.float64(38.0), 'Mean': np.float64(49.7), 'Std': np.float64(8.69540108333135)}
2024-11-09 16:42:02,268 - INFO - Bottom 10 Std Stats: {'Max': np.float64(0.0), 'Min': np.float64(0.0), 'Mean': np.float64(0.0), 'Std': np.float64(0.0)}
[I 2024-11-09 16:42:02,325] Trial 10 finished with value: 38.0 and parameters: {'x_0': -4, 'x_1': -1, 'x_2': -1, 'x_3': 2, 'x_4': -4}. Best is trial 1 with value: 38.0.
2024-11-09 16:42:08,839 - INFO - Candidate Mean Stats: {'Max': np.float64(65.0), 'Min': np.float64(-2.1045387654794466e-13), 'Mean': np.float64(0.0033219290783663637), 'Std': np.float64(0.4086844869864058)}
2024-11-09 16:42:08,840 - INFO - Candidate Std Stats: {'Max': np.float64(0.9999999855253343), 'Min': np.float64(0.0), 'Mean': np.float64(0.9999316499052789), 'Std': np.float64(0.008264180165247706)}
2024-11-09 16:42:08,879 - INFO - Top 10 Mean Stats: {'Max': np.float64(1.006972283335017e-14), 'Min': np.float64(-1.2168044349891715e-14), 'Mean': np.float64(-1.5837331446277859e-15), 'Std': np.float64(5.4373008562589e-15)}
2024-11-09 16:42:08,879 - INFO - Top 10 Std Stats: {'Max': np.float64(0.9999999855253343), 'Min': np.float64(0.9999999837070228), 'Mean': np.float64(0.9999999845340881), 'Std': np.float64(5.617804723598374e-10)}
2024-11-09 16:42:08,879 - INFO - Bottom 10 Mean Stats: {'Max': np.float64(65.0), 'Min': np.float64(38.0), 'Mean': np.float64(49.7), 'Std': np.float64(8.69540108333135)}
2024-11-09 16:42:08,879 - INFO - Bottom 10 Std Stats: {'Max': np.float64(0.0), 'Min': np.float64(0.0), 'Mean': np.float64(0.0), 'Std': np.float64(0.0)}
[I 2024-11-09 16:42:08,920] Trial 11 finished with value: 30.0 and parameters: {'x_0': 0, 'x_1': 2, 'x_2': 5, 'x_3': 0, 'x_4': -1}. Best is trial 11 with value: 30.0.
2024-11-09 16:42:15,001 - INFO - Candidate Mean Stats: {'Max': np.float64(65.0), 'Min': np.float64(-1.2070344723724702e-13), 'Mean': np.float64(0.0035082054752841605), 'Std': np.float64(0.41546363200407677)}
2024-11-09 16:42:15,002 - INFO - Candidate Std Stats: {'Max': np.float64(0.9999999894188082), 'Min': np.float64(0.0), 'Mean': np.float64(0.9999254520421954), 'Std': np.float64(0.008631627967575209)}
2024-11-09 16:42:15,028 - INFO - Top 10 Mean Stats: {'Max': np.float64(7.108202915162565e-15), 'Min': np.float64(-3.741451592986778e-15), 'Mean': np.float64(1.0674447437075683e-15), 'Std': np.float64(3.607257225160381e-15)}
2024-11-09 16:42:15,028 - INFO - Top 10 Std Stats: {'Max': np.float64(0.9999999894188082), 'Min': np.float64(0.9999999874009624), 'Mean': np.float64(0.999999988330233), 'Std': np.float64(6.350469486578131e-10)}
2024-11-09 16:42:15,029 - INFO - Bottom 10 Mean Stats: {'Max': np.float64(65.0), 'Min': np.float64(38.0), 'Mean': np.float64(49.7), 'Std': np.float64(8.69540108333135)}
2024-11-09 16:42:15,029 - INFO - Bottom 10 Std Stats: {'Max': np.float64(0.0), 'Min': np.float64(0.0), 'Mean': np.float64(0.0), 'Std': np.float64(0.0)}
[I 2024-11-09 16:42:15,064] Trial 12 finished with value: 63.0 and parameters: {'x_0': -4, 'x_1': 5, 'x_2': -3, 'x_3': -2, 'x_4': 3}. Best is trial 11 with value: 30.0.
2024-11-09 16:42:22,117 - INFO - Candidate Mean Stats: {'Max': np.float64(65.0), 'Min': np.float64(-1.3784529073745943e-13), 'Mean': np.float64(0.003899385908811482), 'Std': np.float64(0.4441300475372362)}
2024-11-09 16:42:22,119 - INFO - Candidate Std Stats: {'Max': np.float64(0.9999999910193785), 'Min': np.float64(0.0), 'Mean': np.float64(0.9999192433123433), 'Std': np.float64(0.008984055340245186)}
2024-11-09 16:42:22,153 - INFO - Top 10 Mean Stats: {'Max': np.float64(9.07052211118753e-15), 'Min': np.float64(-7.438147320293354e-15), 'Mean': np.float64(3.1970953662252557e-16), 'Std': np.float64(4.199025992933546e-15)}
2024-11-09 16:42:22,153 - INFO - Top 10 Std Stats: {'Max': np.float64(0.9999999910193785), 'Min': np.float64(0.9999999893592445), 'Mean': np.float64(0.9999999899634224), 'Std': np.float64(5.937684795306606e-10)}
2024-11-09 16:42:22,153 - INFO - Bottom 10 Mean Stats: {'Max': np.float64(65.0), 'Min': np.float64(39.0), 'Mean': np.float64(52.2), 'Std': np.float64(8.565045242145542)}
2024-11-09 16:42:22,154 - INFO - Bottom 10 Std Stats: {'Max': np.float64(0.0), 'Min': np.float64(0.0), 'Mean': np.float64(0.0), 'Std': np.float64(0.0)}
[I 2024-11-09 16:42:22,195] Trial 13 finished with value: 19.0 and parameters: {'x_0': 0, 'x_1': -1, 'x_2': 4, 'x_3': -1, 'x_4': 1}. Best is trial 13 with value: 19.0.
2024-11-09 16:42:28,564 - INFO - Candidate Mean Stats: {'Max': np.float64(65.0), 'Min': np.float64(-1.1933093402305418e-13), 'Mean': np.float64(0.004017360960192718), 'Std': np.float64(0.4466453751277994)}
2024-11-09 16:42:28,564 - INFO - Candidate Std Stats: {'Max': np.float64(0.9999999920565529), 'Min': np.float64(0.0), 'Mean': np.float64(0.9999130432540803), 'Std': np.float64(0.009323165972644216)}
2024-11-09 16:42:28,601 - INFO - Top 10 Mean Stats: {'Max': np.float64(5.540012892879531e-15), 'Min': np.float64(-7.532863222081686e-15), 'Mean': np.float64(5.173639294753231e-16), 'Std': np.float64(3.293943778136551e-15)}
2024-11-09 16:42:28,601 - INFO - Top 10 Std Stats: {'Max': np.float64(0.9999999920565529), 'Min': np.float64(0.999999991174292), 'Mean': np.float64(0.9999999914799869), 'Std': np.float64(2.5609708575942316e-10)}
2024-11-09 16:42:28,601 - INFO - Bottom 10 Mean Stats: {'Max': np.float64(65.0), 'Min': np.float64(39.0), 'Mean': np.float64(52.2), 'Std': np.float64(8.565045242145542)}
2024-11-09 16:42:28,601 - INFO - Bottom 10 Std Stats: {'Max': np.float64(0.0), 'Min': np.float64(0.0), 'Mean': np.float64(0.0), 'Std': np.float64(0.0)}
[I 2024-11-09 16:42:28,638] Trial 14 finished with value: 101.0 and parameters: {'x_0': -5, 'x_1': -5, 'x_2': -1, 'x_3': 5, 'x_4': -5}. Best is trial 13 with value: 19.0.
2024-11-09 16:42:37,335 - INFO - Candidate Mean Stats: {'Max': np.float64(101.0), 'Min': np.float64(-7.114864253310316e-14), 'Mean': np.float64(0.00464449149648248), 'Std': np.float64(0.5126664053516093)}
2024-11-09 16:42:37,336 - INFO - Candidate Std Stats: {'Max': np.float64(0.9999999949458472), 'Min': np.float64(0.0), 'Mean': np.float64(0.9999068460451787), 'Std': np.float64(0.009650363765156602)}
2024-11-09 16:42:37,364 - INFO - Top 10 Mean Stats: {'Max': np.float64(4.274358644806853e-15), 'Min': np.float64(-6.872280522429719e-15), 'Mean': np.float64(-1.91027749174566e-15), 'Std': np.float64(3.1816397593646047e-15)}
2024-11-09 16:42:37,364 - INFO - Top 10 Std Stats: {'Max': np.float64(0.9999999949458472), 'Min': np.float64(0.9999999945401218), 'Mean': np.float64(0.9999999946829068), 'Std': np.float64(1.2785619058718196e-10)}
2024-11-09 16:42:37,365 - INFO - Bottom 10 Mean Stats: {'Max': np.float64(101.0), 'Min': np.float64(45.0), 'Mean': np.float64(58.4), 'Std': np.float64(15.988746042138514)}
2024-11-09 16:42:37,365 - INFO - Bottom 10 Std Stats: {'Max': np.float64(0.0), 'Min': np.float64(0.0), 'Mean': np.float64(0.0), 'Std': np.float64(0.0)}
