[I 2024-11-09 17:29:09,724] Trial 283 finished with value: 44.0 and parameters: {'x_0': 5, 'x_1': -1, 'x_2': 3, 'x_3': 3, 'x_4': 0}. Best is trial 53 with value: 4.0.
2024-11-09 17:29:15,421 - INFO - Candidate Mean Stats: {'Max': np.float64(101.0), 'Min': np.float64(-4.328759573013485e-14), 'Mean': np.float64(0.08669303512551928), 'Std': np.float64(2.2240739856596936)}
2024-11-09 17:29:15,423 - INFO - Candidate Std Stats: {'Max': np.float64(0.9999999971409169), 'Min': np.float64(0.0), 'Mean': np.float64(0.998236572131508), 'Std': np.float64(0.041956011245598265)}
2024-11-09 17:29:15,447 - INFO - Top 10 Mean Stats: {'Max': np.float64(3.26405569239796e-15), 'Min': np.float64(-2.808864252301646e-15), 'Mean': np.float64(-2.1260770921571753e-16), 'Std': np.float64(1.7615115807389461e-15)}
2024-11-09 17:29:15,447 - INFO - Top 10 Std Stats: {'Max': np.float64(0.9999999971409169), 'Min': np.float64(0.9999999966831289), 'Mean': np.float64(0.9999999968680928), 'Std': np.float64(1.4169407279734325e-10)}
2024-11-09 17:29:15,447 - INFO - Bottom 10 Mean Stats: {'Max': np.float64(101.0), 'Min': np.float64(89.0), 'Mean': np.float64(94.0), 'Std': np.float64(4.381780460041329)}
2024-11-09 17:29:15,447 - INFO - Bottom 10 Std Stats: {'Max': np.float64(0.0), 'Min': np.float64(0.0), 'Mean': np.float64(0.0), 'Std': np.float64(0.0)}
[I 2024-11-09 17:29:15,479] Trial 284 finished with value: 43.0 and parameters: {'x_0': -3, 'x_1': 2, 'x_2': -1, 'x_3': -2, 'x_4': -5}. Best is trial 53 with value: 4.0.
2024-11-09 17:29:21,639 - INFO - Candidate Mean Stats: {'Max': np.float64(101.0), 'Min': np.float64(-7.003286839335487e-14), 'Mean': np.float64(0.08696003129443465), 'Std': np.float64(2.226643115599827)}
2024-11-09 17:29:21,643 - INFO - Candidate Std Stats: {'Max': np.float64(0.99999999769675), 'Min': np.float64(0.0), 'Mean': np.float64(0.9982303626719863), 'Std': np.float64(0.04202968182660964)}
2024-11-09 17:29:21,666 - INFO - Top 10 Mean Stats: {'Max': np.float64(1.937339177970898e-15), 'Min': np.float64(-1.9761969838327787e-15), 'Mean': np.float64(-2.4202861936828414e-16), 'Std': np.float64(9.774793415788187e-16)}
2024-11-09 17:29:21,666 - INFO - Top 10 Std Stats: {'Max': np.float64(0.99999999769675), 'Min': np.float64(0.9999999972119725), 'Mean': np.float64(0.9999999973815086), 'Std': np.float64(1.7450801749212675e-10)}
2024-11-09 17:29:21,667 - INFO - Bottom 10 Mean Stats: {'Max': np.float64(101.0), 'Min': np.float64(89.0), 'Mean': np.float64(94.0), 'Std': np.float64(4.381780460041329)}
2024-11-09 17:29:21,667 - INFO - Bottom 10 Std Stats: {'Max': np.float64(0.0), 'Min': np.float64(0.0), 'Mean': np.float64(0.0), 'Std': np.float64(0.0)}
[I 2024-11-09 17:29:21,701] Trial 285 finished with value: 83.0 and parameters: {'x_0': -5, 'x_1': 4, 'x_2': 1, 'x_3': -4, 'x_4': -5}. Best is trial 53 with value: 4.0.
2024-11-09 17:29:27,926 - INFO - Candidate Mean Stats: {'Max': np.float64(101.0), 'Min': np.float64(-5.1958437552457326e-14), 'Mean': np.float64(0.08747539599257378), 'Std': np.float64(2.2362077131456997)}
2024-11-09 17:29:27,927 - INFO - Candidate Std Stats: {'Max': np.float64(0.9999999965630516), 'Min': np.float64(0.0), 'Mean': np.float64(0.9982241531568291), 'Std': np.float64(0.04210322258377547)}
2024-11-09 17:29:27,949 - INFO - Top 10 Mean Stats: {'Max': np.float64(3.191891195797325e-15), 'Min': np.float64(-1.3766765505351941e-15), 'Mean': np.float64(7.75490782700672e-16), 'Std': np.float64(1.660008143219144e-15)}
2024-11-09 17:29:27,949 - INFO - Top 10 Std Stats: {'Max': np.float64(0.9999999965630516), 'Min': np.float64(0.9999999961166843), 'Mean': np.float64(0.9999999962415584), 'Std': np.float64(1.4585138040179648e-10)}
2024-11-09 17:29:27,950 - INFO - Bottom 10 Mean Stats: {'Max': np.float64(101.0), 'Min': np.float64(89.0), 'Mean': np.float64(94.0), 'Std': np.float64(4.381780460041329)}
2024-11-09 17:29:27,950 - INFO - Bottom 10 Std Stats: {'Max': np.float64(0.0), 'Min': np.float64(0.0), 'Mean': np.float64(0.0), 'Std': np.float64(0.0)}
[I 2024-11-09 17:29:27,981] Trial 286 finished with value: 88.0 and parameters: {'x_0': -5, 'x_1': 3, 'x_2': 5, 'x_3': 5, 'x_4': -2}. Best is trial 53 with value: 4.0.
2024-11-09 17:29:34,612 - INFO - Candidate Mean Stats: {'Max': np.float64(101.0), 'Min': np.float64(-5.5488946770765325e-14), 'Mean': np.float64(0.08802180675686586), 'Std': np.float64(2.2469119230689336)}
2024-11-09 17:29:34,613 - INFO - Candidate Std Stats: {'Max': np.float64(0.9999999967916692), 'Min': np.float64(0.0), 'Mean': np.float64(0.9982179438639928), 'Std': np.float64(0.042176634207912476)}
2024-11-09 17:29:34,635 - INFO - Top 10 Mean Stats: {'Max': np.float64(3.6637359812630166e-15), 'Min': np.float64(-3.597122599785507e-15), 'Mean': np.float64(7.577272143066688e-17), 'Std': np.float64(2.6558503935275733e-15)}
2024-11-09 17:29:34,636 - INFO - Top 10 Std Stats: {'Max': np.float64(0.9999999967916692), 'Min': np.float64(0.9999999963146565), 'Mean': np.float64(0.9999999965390807), 'Std': np.float64(1.5330067353232055e-10)}
2024-11-09 17:29:34,636 - INFO - Bottom 10 Mean Stats: {'Max': np.float64(101.0), 'Min': np.float64(89.0), 'Mean': np.float64(94.0), 'Std': np.float64(4.381780460041329)}
2024-11-09 17:29:34,636 - INFO - Bottom 10 Std Stats: {'Max': np.float64(0.0), 'Min': np.float64(0.0), 'Mean': np.float64(0.0), 'Std': np.float64(0.0)}
[I 2024-11-09 17:29:34,664] Trial 287 finished with value: 64.0 and parameters: {'x_0': -3, 'x_1': 5, 'x_2': -2, 'x_3': 1, 'x_4': -5}. Best is trial 53 with value: 4.0.
2024-11-09 17:29:39,993 - INFO - Candidate Mean Stats: {'Max': np.float64(101.0), 'Min': np.float64(-5.397488012093277e-14), 'Mean': np.float64(0.08841919640362371), 'Std': np.float64(2.252548781179648)}
2024-11-09 17:29:39,993 - INFO - Candidate Std Stats: {'Max': np.float64(0.9999999969102362), 'Min': np.float64(0.0), 'Mean': np.float64(0.998211734980533), 'Std': np.float64(0.04224991738016381)}
2024-11-09 17:29:40,014 - INFO - Top 10 Mean Stats: {'Max': np.float64(6.228351168147128e-15), 'Min': np.float64(-3.4638958368304883e-15), 'Mean': np.float64(1.2656542480726786e-16), 'Std': np.float64(2.5647023571347448e-15)}
2024-11-09 17:29:40,014 - INFO - Top 10 Std Stats: {'Max': np.float64(0.9999999969102362), 'Min': np.float64(0.9999999964672458), 'Mean': np.float64(0.9999999965904764), 'Std': np.float64(1.2928672547508024e-10)}
2024-11-09 17:29:40,014 - INFO - Bottom 10 Mean Stats: {'Max': np.float64(101.0), 'Min': np.float64(89.0), 'Mean': np.float64(94.0), 'Std': np.float64(4.381780460041329)}
2024-11-09 17:29:40,014 - INFO - Bottom 10 Std Stats: {'Max': np.float64(0.0), 'Min': np.float64(0.0), 'Mean': np.float64(0.0), 'Std': np.float64(0.0)}
[I 2024-11-09 17:29:40,042] Trial 288 finished with value: 91.0 and parameters: {'x_0': -5, 'x_1': 0, 'x_2': -5, 'x_3': -4, 'x_4': -5}. Best is trial 53 with value: 4.0.
2024-11-09 17:29:47,295 - INFO - Candidate Mean Stats: {'Max': np.float64(101.0), 'Min': np.float64(-6.048495038157852e-14), 'Mean': np.float64(0.08898423480760755), 'Std': np.float64(2.263911276221932)}
2024-11-09 17:29:47,297 - INFO - Candidate Std Stats: {'Max': np.float64(0.999999997652933), 'Min': np.float64(0.0), 'Mean': np.float64(0.9982055257221811), 'Std': np.float64(0.042323072734707666)}
2024-11-09 17:29:47,325 - INFO - Top 10 Mean Stats: {'Max': np.float64(1.7152945730458668e-15), 'Min': np.float64(-4.340972026284362e-15), 'Mean': np.float64(-6.128431095930865e-16), 'Std': np.float64(1.6714226038983153e-15)}
2024-11-09 17:29:47,325 - INFO - Top 10 Std Stats: {'Max': np.float64(0.999999997652933), 'Min': np.float64(0.9999999970199825), 'Mean': np.float64(0.9999999972202931), 'Std': np.float64(1.840405366685298e-10)}
2024-11-09 17:29:47,325 - INFO - Bottom 10 Mean Stats: {'Max': np.float64(101.0), 'Min': np.float64(91.0), 'Mean': np.float64(94.2), 'Std': np.float64(4.190465367951392)}
2024-11-09 17:29:47,326 - INFO - Bottom 10 Std Stats: {'Max': np.float64(0.0), 'Min': np.float64(0.0), 'Mean': np.float64(0.0), 'Std': np.float64(0.0)}
[I 2024-11-09 17:29:47,412] Trial 289 finished with value: 34.0 and parameters: {'x_0': -1, 'x_1': -4, 'x_2': -1, 'x_3': 0, 'x_4': 4}. Best is trial 53 with value: 4.0.
2024-11-09 17:29:57,195 - INFO - Candidate Mean Stats: {'Max': np.float64(101.0), 'Min': np.float64(-4.6507242501547805e-14), 'Mean': np.float64(0.08919534805744764), 'Std': np.float64(2.2654876960664754)}
2024-11-09 17:29:57,196 - INFO - Candidate Std Stats: {'Max': np.float64(0.9999999965806641), 'Min': np.float64(0.0), 'Mean': np.float64(0.9981993168212047), 'Std': np.float64(0.04239610096413697)}
2024-11-09 17:29:57,219 - INFO - Top 10 Mean Stats: {'Max': np.float64(5.584421813864537e-15), 'Min': np.float64(-5.950795411990839e-15), 'Mean': np.float64(1.86017867775945e-15), 'Std': np.float64(2.913055177020569e-15)}
2024-11-09 17:29:57,220 - INFO - Top 10 Std Stats: {'Max': np.float64(0.9999999965806641), 'Min': np.float64(0.9999999963411683), 'Mean': np.float64(0.9999999964573497), 'Std': np.float64(8.207242297157609e-11)}
2024-11-09 17:29:57,220 - INFO - Bottom 10 Mean Stats: {'Max': np.float64(101.0), 'Min': np.float64(91.0), 'Mean': np.float64(94.2), 'Std': np.float64(4.190465367951392)}
2024-11-09 17:29:57,220 - INFO - Bottom 10 Std Stats: {'Max': np.float64(0.0), 'Min': np.float64(0.0), 'Mean': np.float64(0.0), 'Std': np.float64(0.0)}
[I 2024-11-09 17:29:57,265] Trial 290 finished with value: 67.0 and parameters: {'x_0': 1, 'x_1': 3, 'x_2': 5, 'x_3': -4, 'x_4': 4}. Best is trial 53 with value: 4.0.
2024-11-09 17:30:03,223 - INFO - Candidate Mean Stats: {'Max': np.float64(101.0), 'Min': np.float64(-5.220268661787486e-14), 'Mean': np.float64(0.08961136534389727), 'Std': np.float64(2.271614683993965)}
2024-11-09 17:30:03,223 - INFO - Candidate Std Stats: {'Max': np.float64(0.9999999967656283), 'Min': np.float64(0.0), 'Mean': np.float64(0.9981931074333891), 'Std': np.float64(0.042469002688490506)}
2024-11-09 17:30:03,243 - INFO - Top 10 Mean Stats: {'Max': np.float64(2.253752739989068e-15), 'Min': np.float64(-4.445055434842971e-15), 'Mean': np.float64(-6.204065039483452e-16), 'Std': np.float64(2.1194472325549196e-15)}
2024-11-09 17:30:03,243 - INFO - Top 10 Std Stats: {'Max': np.float64(0.9999999967656283), 'Min': np.float64(0.9999999964613596), 'Mean': np.float64(0.999999996558326), 'Std': np.float64(9.369429356738371e-11)}
2024-11-09 17:30:03,244 - INFO - Bottom 10 Mean Stats: {'Max': np.float64(101.0), 'Min': np.float64(91.0), 'Mean': np.float64(94.2), 'Std': np.float64(4.190465367951392)}
2024-11-09 17:30:03,244 - INFO - Bottom 10 Std Stats: {'Max': np.float64(0.0), 'Min': np.float64(0.0), 'Mean': np.float64(0.0), 'Std': np.float64(0.0)}
[I 2024-11-09 17:30:03,266] Trial 291 finished with value: 44.0 and parameters: {'x_0': -1, 'x_1': -1, 'x_2': 1, 'x_3': -4, 'x_4': 5}. Best is trial 53 with value: 4.0.
2024-11-09 17:30:07,668 - INFO - Candidate Mean Stats: {'Max': np.float64(101.0), 'Min': np.float64(-4.654610030740969e-14), 'Mean': np.float64(0.08988457072604332), 'Std': np.float64(2.274248286818223)}
2024-11-09 17:30:07,669 - INFO - Candidate Std Stats: {'Max': np.float64(0.9999999984674705), 'Min': np.float64(0.0), 'Mean': np.float64(0.9981868982698329), 'Std': np.float64(0.04254177858821776)}
2024-11-09 17:30:07,692 - INFO - Top 10 Mean Stats: {'Max': np.float64(1.6542323066914833e-15), 'Min': np.float64(-2.1649348980190553e-15), 'Mean': np.float64(-2.1205259770340491e-16), 'Std': np.float64(1.2465926042344422e-15)}
2024-11-09 17:30:07,692 - INFO - Top 10 Std Stats: {'Max': np.float64(0.9999999984674705), 'Min': np.float64(0.9999999976611331), 'Mean': np.float64(0.9999999979823967), 'Std': np.float64(2.2823861958373874e-10)}
2024-11-09 17:30:07,692 - INFO - Bottom 10 Mean Stats: {'Max': np.float64(101.0), 'Min': np.float64(91.0), 'Mean': np.float64(94.2), 'Std': np.float64(4.190465367951392)}
2024-11-09 17:30:07,692 - INFO - Bottom 10 Std Stats: {'Max': np.float64(0.0), 'Min': np.float64(0.0), 'Mean': np.float64(0.0), 'Std': np.float64(0.0)}
[I 2024-11-09 17:30:07,724] Trial 292 finished with value: 51.0 and parameters: {'x_0': 4, 'x_1': -1, 'x_2': 0, 'x_3': -5, 'x_4': 3}. Best is trial 53 with value: 4.0.
2024-11-09 17:30:12,662 - INFO - Candidate Mean Stats: {'Max': np.float64(101.0), 'Min': np.float64(-4.350964033505988e-14), 'Mean': np.float64(0.09020124060080345), 'Std': np.float64(2.2777836609206483)}
2024-11-09 17:30:12,662 - INFO - Candidate Std Stats: {'Max': np.float64(0.9999999968938101), 'Min': np.float64(0.0), 'Mean': np.float64(0.9981806895373554), 'Std': np.float64(0.042614429316887144)}
2024-11-09 17:30:12,682 - INFO - Top 10 Mean Stats: {'Max': np.float64(2.586819647376615e-15), 'Min': np.float64(-2.5923707624997407e-15), 'Mean': np.float64(-3.25143557911023e-16), 'Std': np.float64(1.848214431255014e-15)}
2024-11-09 17:30:12,682 - INFO - Top 10 Std Stats: {'Max': np.float64(0.9999999968938101), 'Min': np.float64(0.9999999965897908), 'Mean': np.float64(0.9999999966918421), 'Std': np.float64(1.0866049934037039e-10)}
2024-11-09 17:30:12,682 - INFO - Bottom 10 Mean Stats: {'Max': np.float64(101.0), 'Min': np.float64(91.0), 'Mean': np.float64(94.2), 'Std': np.float64(4.190465367951392)}
2024-11-09 17:30:12,683 - INFO - Bottom 10 Std Stats: {'Max': np.float64(0.0), 'Min': np.float64(0.0), 'Mean': np.float64(0.0), 'Std': np.float64(0.0)}
[I 2024-11-09 17:30:12,708] Trial 293 finished with value: 43.0 and parameters: {'x_0': -1, 'x_1': 0, 'x_2': -4, 'x_3': 5, 'x_4': -1}. Best is trial 53 with value: 4.0.
2024-11-09 17:30:16,951 - INFO - Candidate Mean Stats: {'Max': np.float64(101.0), 'Min': np.float64(-4.929390229335695e-14), 'Mean': np.float64(0.09046823676971891), 'Std': np.float64(2.280291867977022)}
2024-11-09 17:30:16,952 - INFO - Candidate Std Stats: {'Max': np.float64(0.9999999962047955), 'Min': np.float64(0.0), 'Mean': np.float64(0.998174479850021), 'Std': np.float64(0.0426869554545189)}
2024-11-09 17:30:16,974 - INFO - Top 10 Mean Stats: {'Max': np.float64(4.8516746176119344e-15), 'Min': np.float64(-3.3306690738754696e-15), 'Mean': np.float64(3.6248781754011377e-16), 'Std': np.float64(2.7669976431279666e-15)}
2024-11-09 17:30:16,975 - INFO - Top 10 Std Stats: {'Max': np.float64(0.9999999962047955), 'Min': np.float64(0.9999999960398168), 'Mean': np.float64(0.9999999961259058), 'Std': np.float64(4.780717165867135e-11)}
2024-11-09 17:30:16,975 - INFO - Bottom 10 Mean Stats: {'Max': np.float64(101.0), 'Min': np.float64(91.0), 'Mean': np.float64(94.2), 'Std': np.float64(4.190465367951392)}
2024-11-09 17:30:16,975 - INFO - Bottom 10 Std Stats: {'Max': np.float64(0.0), 'Min': np.float64(0.0), 'Mean': np.float64(0.0), 'Std': np.float64(0.0)}
[I 2024-11-09 17:30:17,003] Trial 294 finished with value: 95.0 and parameters: {'x_0': 4, 'x_1': -5, 'x_2': 5, 'x_3': -2, 'x_4': 5}. Best is trial 53 with value: 4.0.
2024-11-09 17:30:26,775 - INFO - Candidate Mean Stats: {'Max': np.float64(101.0), 'Min': np.float64(-4.561906408184768e-14), 'Mean': np.float64(0.0910581120266251), 'Std': np.float64(2.2925230805090258)}
2024-11-09 17:30:26,777 - INFO - Candidate Std Stats: {'Max': np.float64(0.9999999968470262), 'Min': np.float64(0.0), 'Mean': np.float64(0.9981682705211132), 'Std': np.float64(0.042759357690929284)}
2024-11-09 17:30:26,802 - INFO - Top 10 Mean Stats: {'Max': np.float64(4.657385588302532e-15), 'Min': np.float64(-3.8802294710649224e-15), 'Mean': np.float64(1.285083151003619e-16), 'Std': np.float64(2.47421335461017e-15)}
2024-11-09 17:30:26,802 - INFO - Top 10 Std Stats: {'Max': np.float64(0.9999999968470262), 'Min': np.float64(0.9999999963338126), 'Mean': np.float64(0.999999996514946), 'Std': np.float64(1.7050907830161056e-10)}
2024-11-09 17:30:26,802 - INFO - Bottom 10 Mean Stats: {'Max': np.float64(101.0), 'Min': np.float64(91.0), 'Mean': np.float64(94.6), 'Std': np.float64(4.054626986542658)}
2024-11-09 17:30:26,802 - INFO - Bottom 10 Std Stats: {'Max': np.float64(0.0), 'Min': np.float64(0.0), 'Mean': np.float64(0.0), 'Std': np.float64(0.0)}
[I 2024-11-09 17:30:26,844] Trial 295 finished with value: 46.0 and parameters: {'x_0': 2, 'x_1': 4, 'x_2': -4, 'x_3': 3, 'x_4': -1}. Best is trial 53 with value: 4.0.
2024-11-09 17:30:31,868 - INFO - Candidate Mean Stats: {'Max': np.float64(101.0), 'Min': np.float64(-5.5644377994212845e-14), 'Mean': np.float64(0.09134373583523232), 'Std': np.float64(2.295375496852757)}
2024-11-09 17:30:31,868 - INFO - Candidate Std Stats: {'Max': np.float64(0.9999999971458681), 'Min': np.float64(0.0), 'Mean': np.float64(0.9981620609430792), 'Std': np.float64(0.042831636628528486)}
2024-11-09 17:30:31,891 - INFO - Top 10 Mean Stats: {'Max': np.float64(3.241851231905457e-15), 'Min': np.float64(-2.9906632725840154e-15), 'Mean': np.float64(-3.327199626923516e-16), 'Std': np.float64(1.9146093824717283e-15)}
2024-11-09 17:30:31,891 - INFO - Top 10 Std Stats: {'Max': np.float64(0.9999999971458681), 'Min': np.float64(0.9999999966786541), 'Mean': np.float64(0.9999999968425701), 'Std': np.float64(1.500924662264278e-10)}
2024-11-09 17:30:31,891 - INFO - Bottom 10 Mean Stats: {'Max': np.float64(101.0), 'Min': np.float64(91.0), 'Mean': np.float64(94.6), 'Std': np.float64(4.054626986542658)}
2024-11-09 17:30:31,891 - INFO - Bottom 10 Std Stats: {'Max': np.float64(0.0), 'Min': np.float64(0.0), 'Mean': np.float64(0.0), 'Std': np.float64(0.0)}
[I 2024-11-09 17:30:31,920] Trial 296 finished with value: 46.0 and parameters: {'x_0': 2, 'x_1': 1, 'x_2': 4, 'x_3': -3, 'x_4': 4}. Best is trial 53 with value: 4.0.
2024-11-09 17:30:36,415 - INFO - Candidate Mean Stats: {'Max': np.float64(101.0), 'Min': np.float64(-5.202505093393484e-14), 'Mean': np.float64(0.09162935964383953), 'Std': np.float64(2.2982243374561087)}
2024-11-09 17:30:36,416 - INFO - Candidate Std Stats: {'Max': np.float64(0.9999999965788302), 'Min': np.float64(0.0), 'Mean': np.float64(0.9981558518667046), 'Std': np.float64(0.04290379292263456)}
2024-11-09 17:30:36,434 - INFO - Top 10 Mean Stats: {'Max': np.float64(1.9068080447937064e-15), 'Min': np.float64(-2.3869795029440866e-15), 'Mean': np.float64(-1.5699247457589837e-18), 'Std': np.float64(1.07668464070114e-15)}
2024-11-09 17:30:36,434 - INFO - Top 10 Std Stats: {'Max': np.float64(0.9999999965788302), 'Min': np.float64(0.9999999961981728), 'Mean': np.float64(0.9999999963486739), 'Std': np.float64(1.2287088336475078e-10)}
2024-11-09 17:30:36,434 - INFO - Bottom 10 Mean Stats: {'Max': np.float64(101.0), 'Min': np.float64(91.0), 'Mean': np.float64(94.6), 'Std': np.float64(4.054626986542658)}
2024-11-09 17:30:36,434 - INFO - Bottom 10 Std Stats: {'Max': np.float64(0.0), 'Min': np.float64(0.0), 'Mean': np.float64(0.0), 'Std': np.float64(0.0)}
[I 2024-11-09 17:30:36,455] Trial 297 finished with value: 28.0 and parameters: {'x_0': -4, 'x_1': 3, 'x_2': -1, 'x_3': 1, 'x_4': -1}. Best is trial 53 with value: 4.0.
2024-11-09 17:30:40,081 - INFO - Candidate Mean Stats: {'Max': np.float64(101.0), 'Min': np.float64(-6.050715484207103e-14), 'Mean': np.float64(0.0918032176142961), 'Std': np.float64(2.2992762420450386)}
2024-11-09 17:30:40,081 - INFO - Candidate Std Stats: {'Max': np.float64(0.999999998863669), 'Min': np.float64(0.0), 'Mean': np.float64(0.9981496426268587), 'Std': np.float64(0.04297582716258175)}
2024-11-09 17:30:40,101 - INFO - Top 10 Mean Stats: {'Max': np.float64(1.0103029524088924e-15), 'Min': np.float64(-1.1574075031717258e-15), 'Mean': np.float64(1.3877787807814457e-16), 'Std': np.float64(6.118867570235078e-16)}
2024-11-09 17:30:40,101 - INFO - Top 10 Std Stats: {'Max': np.float64(0.999999998863669), 'Min': np.float64(0.9999999984686951), 'Mean': np.float64(0.9999999986234004), 'Std': np.float64(1.1769368296408449e-10)}
2024-11-09 17:30:40,101 - INFO - Bottom 10 Mean Stats: {'Max': np.float64(101.0), 'Min': np.float64(91.0), 'Mean': np.float64(94.6), 'Std': np.float64(4.054626986542658)}
2024-11-09 17:30:40,101 - INFO - Bottom 10 Std Stats: {'Max': np.float64(0.0), 'Min': np.float64(0.0), 'Mean': np.float64(0.0), 'Std': np.float64(0.0)}
[I 2024-11-09 17:30:40,122] Trial 298 finished with value: 53.0 and parameters: {'x_0': 3, 'x_1': 1, 'x_2': 3, 'x_3': -5, 'x_4': 3}. Best is trial 53 with value: 4.0.
2024-11-09 17:30:44,782 - INFO - Candidate Mean Stats: {'Max': np.float64(101.0), 'Min': np.float64(-4.987676938128516e-14), 'Mean': np.float64(0.0921323059155174), 'Std': np.float64(2.3030528405072506)}
2024-11-09 17:30:44,782 - INFO - Candidate Std Stats: {'Max': np.float64(0.999999997179302), 'Min': np.float64(0.0), 'Mean': np.float64(0.9981434340126101), 'Std': np.float64(0.043047739995050606)}
2024-11-09 17:30:44,800 - INFO - Top 10 Mean Stats: {'Max': np.float64(3.164135620181696e-15), 'Min': np.float64(-2.617697725249002e-15), 'Mean': np.float64(-1.4908213552544685e-16), 'Std': np.float64(1.544008628772078e-15)}
2024-11-09 17:30:44,800 - INFO - Top 10 Std Stats: {'Max': np.float64(0.999999997179302), 'Min': np.float64(0.9999999967717674), 'Mean': np.float64(0.9999999969308806), 'Std': np.float64(1.3026451921068223e-10)}
2024-11-09 17:30:44,800 - INFO - Bottom 10 Mean Stats: {'Max': np.float64(101.0), 'Min': np.float64(91.0), 'Mean': np.float64(94.6), 'Std': np.float64(4.054626986542658)}
2024-11-09 17:30:44,800 - INFO - Bottom 10 Std Stats: {'Max': np.float64(0.0), 'Min': np.float64(0.0), 'Mean': np.float64(0.0), 'Std': np.float64(0.0)}
[I 2024-11-09 17:30:44,825] Trial 299 finished with value: 43.0 and parameters: {'x_0': 3, 'x_1': -1, 'x_2': -5, 'x_3': -2, 'x_4': 2}. Best is trial 53 with value: 4.0.
2024-11-09 17:30:44,828 - INFO - Best value: 4.0
2024-11-09 17:30:44,831 - INFO - Best params: {'x_0': 0, 'x_1': 0, 'x_2': -2, 'x_3': 0, 'x_4': 0}
, 'x_4': 2}
