[I 2024-11-09 17:25:45,897] Trial 250 finished with value: 59.0 and parameters: {'x_0': 5, 'x_1': 2, 'x_2': -5, 'x_3': -2, 'x_4': 1}. Best is trial 109 with value: 2.0.
2024-11-09 17:25:56,181 - INFO - Candidate Mean Stats: {'Max': np.float64(100.0), 'Min': np.float64(-3.7969627442180354e-14), 'Mean': np.float64(0.07674587553011158), 'Std': np.float64(2.0828315852581833)}
2024-11-09 17:25:56,182 - INFO - Candidate Std Stats: {'Max': np.float64(0.9999999971424399), 'Min': np.float64(0.0), 'Mean': np.float64(0.9984414762144098), 'Std': np.float64(0.039447224547341335)}
2024-11-09 17:25:56,208 - INFO - Top 10 Mean Stats: {'Max': np.float64(3.566591466608315e-15), 'Min': np.float64(-4.1966430330830914e-15), 'Mean': np.float64(-5.674627434615331e-16), 'Std': np.float64(2.1168717759602327e-15)}
2024-11-09 17:25:56,209 - INFO - Top 10 Std Stats: {'Max': np.float64(0.9999999971424399), 'Min': np.float64(0.9999999968224599), 'Mean': np.float64(0.9999999970152255), 'Std': np.float64(9.493436361952458e-11)}
2024-11-09 17:25:56,209 - INFO - Bottom 10 Mean Stats: {'Max': np.float64(100.0), 'Min': np.float64(83.0), 'Mean': np.float64(87.8), 'Std': np.float64(5.173006862551025)}
2024-11-09 17:25:56,209 - INFO - Bottom 10 Std Stats: {'Max': np.float64(0.0), 'Min': np.float64(0.0), 'Mean': np.float64(0.0), 'Std': np.float64(0.0)}
[I 2024-11-09 17:25:56,263] Trial 251 finished with value: 88.0 and parameters: {'x_0': 5, 'x_1': -5, 'x_2': 3, 'x_3': -2, 'x_4': -5}. Best is trial 109 with value: 2.0.
2024-11-09 17:26:02,405 - INFO - Candidate Mean Stats: {'Max': np.float64(100.0), 'Min': np.float64(-4.542477505253828e-14), 'Mean': np.float64(0.07729228629440363), 'Std': np.float64(2.094322657017558)}
2024-11-09 17:26:02,406 - INFO - Candidate Std Stats: {'Max': np.float64(0.9999999972995667), 'Min': np.float64(0.0), 'Mean': np.float64(0.9984352668105755), 'Std': np.float64(0.03952560365326669)}
2024-11-09 17:26:02,449 - INFO - Top 10 Mean Stats: {'Max': np.float64(2.6645352591003757e-15), 'Min': np.float64(-2.2870594307278226e-15), 'Mean': np.float64(5.967448757360215e-17), 'Std': np.float64(1.7186118170109488e-15)}
2024-11-09 17:26:02,449 - INFO - Top 10 Std Stats: {'Max': np.float64(0.9999999972995667), 'Min': np.float64(0.9999999968763934), 'Mean': np.float64(0.9999999970103438), 'Std': np.float64(1.2721500583934868e-10)}
2024-11-09 17:26:02,450 - INFO - Bottom 10 Mean Stats: {'Max': np.float64(100.0), 'Min': np.float64(83.0), 'Mean': np.float64(88.3), 'Std': np.float64(4.920365840057018)}
2024-11-09 17:26:02,450 - INFO - Bottom 10 Std Stats: {'Max': np.float64(0.0), 'Min': np.float64(0.0), 'Mean': np.float64(0.0), 'Std': np.float64(0.0)}
[I 2024-11-09 17:26:02,506] Trial 252 finished with value: 21.0 and parameters: {'x_0': -1, 'x_1': 0, 'x_2': -2, 'x_3': 4, 'x_4': 0}. Best is trial 109 with value: 2.0.
2024-11-09 17:26:09,415 - INFO - Candidate Mean Stats: {'Max': np.float64(100.0), 'Min': np.float64(-4.559685962135518e-14), 'Mean': np.float64(0.07742267977224604), 'Std': np.float64(2.0949714749631503)}
2024-11-09 17:26:09,415 - INFO - Candidate Std Stats: {'Max': np.float64(0.9999999976913295), 'Min': np.float64(0.0), 'Mean': np.float64(0.998429057762644), 'Std': np.float64(0.039603826681606086)}
2024-11-09 17:26:09,439 - INFO - Top 10 Mean Stats: {'Max': np.float64(3.347322419244847e-15), 'Min': np.float64(-2.7533531010703883e-15), 'Mean': np.float64(-1.9984014443252826e-17), 'Std': np.float64(1.6157887783615268e-15)}
2024-11-09 17:26:09,440 - INFO - Top 10 Std Stats: {'Max': np.float64(0.9999999976913295), 'Min': np.float64(0.9999999972132879), 'Mean': np.float64(0.999999997370763), 'Std': np.float64(1.4052249108946555e-10)}
2024-11-09 17:26:09,440 - INFO - Bottom 10 Mean Stats: {'Max': np.float64(100.0), 'Min': np.float64(83.0), 'Mean': np.float64(88.3), 'Std': np.float64(4.920365840057018)}
2024-11-09 17:26:09,440 - INFO - Bottom 10 Std Stats: {'Max': np.float64(0.0), 'Min': np.float64(0.0), 'Mean': np.float64(0.0), 'Std': np.float64(0.0)}
[I 2024-11-09 17:26:09,474] Trial 253 finished with value: 31.0 and parameters: {'x_0': -3, 'x_1': -2, 'x_2': -4, 'x_3': -1, 'x_4': 1}. Best is trial 109 with value: 2.0.
2024-11-09 17:26:16,205 - INFO - Candidate Mean Stats: {'Max': np.float64(100.0), 'Min': np.float64(-5.257946855685702e-14), 'Mean': np.float64(0.07761516538239437), 'Std': np.float64(2.096388010905818)}
2024-11-09 17:26:16,206 - INFO - Candidate Std Stats: {'Max': np.float64(0.9999999969056491), 'Min': np.float64(0.0), 'Mean': np.float64(0.9984228484078266), 'Std': np.float64(0.039681894529189285)}
2024-11-09 17:26:16,228 - INFO - Top 10 Mean Stats: {'Max': np.float64(3.796962744218036e-15), 'Min': np.float64(-4.624078897563777e-15), 'Mean': np.float64(2.4980018054066037e-16), 'Std': np.float64(2.843693839092585e-15)}
2024-11-09 17:26:16,228 - INFO - Top 10 Std Stats: {'Max': np.float64(0.9999999969056491), 'Min': np.float64(0.9999999963493816), 'Mean': np.float64(0.9999999965522433), 'Std': np.float64(1.8852152373694471e-10)}
2024-11-09 17:26:16,229 - INFO - Bottom 10 Mean Stats: {'Max': np.float64(100.0), 'Min': np.float64(83.0), 'Mean': np.float64(88.3), 'Std': np.float64(4.920365840057018)}
2024-11-09 17:26:16,229 - INFO - Bottom 10 Std Stats: {'Max': np.float64(0.0), 'Min': np.float64(0.0), 'Mean': np.float64(0.0), 'Std': np.float64(0.0)}
[I 2024-11-09 17:26:16,259] Trial 254 finished with value: 100.0 and parameters: {'x_0': -5, 'x_1': -4, 'x_2': -3, 'x_3': 5, 'x_4': 5}. Best is trial 109 with value: 2.0.
2024-11-09 17:26:26,090 - INFO - Candidate Mean Stats: {'Max': np.float64(100.0), 'Min': np.float64(-4.061195824078823e-14), 'Mean': np.float64(0.07823608670545355), 'Std': np.float64(2.1111224628642278)}
2024-11-09 17:26:26,092 - INFO - Candidate Std Stats: {'Max': np.float64(0.999999996994329), 'Min': np.float64(0.0), 'Mean': np.float64(0.998416639384777), 'Std': np.float64(0.03975980813539154)}
2024-11-09 17:26:26,118 - INFO - Top 10 Mean Stats: {'Max': np.float64(2.3536728122053318e-15), 'Min': np.float64(-1.2878587085651815e-15), 'Mean': np.float64(9.880984919163893e-17), 'Std': np.float64(1.0722185426486821e-15)}
2024-11-09 17:26:26,119 - INFO - Top 10 Std Stats: {'Max': np.float64(0.999999996994329), 'Min': np.float64(0.999999996683778), 'Mean': np.float64(0.999999996799219), 'Std': np.float64(1.046762276361889e-10)}
2024-11-09 17:26:26,119 - INFO - Bottom 10 Mean Stats: {'Max': np.float64(100.0), 'Min': np.float64(84.0), 'Mean': np.float64(90.0), 'Std': np.float64(5.674504383644443)}
2024-11-09 17:26:26,119 - INFO - Bottom 10 Std Stats: {'Max': np.float64(0.0), 'Min': np.float64(0.0), 'Mean': np.float64(0.0), 'Std': np.float64(0.0)}
[I 2024-11-09 17:26:26,179] Trial 255 finished with value: 69.0 and parameters: {'x_0': 5, 'x_1': -3, 'x_2': 5, 'x_3': -1, 'x_4': 3}. Best is trial 109 with value: 2.0.
2024-11-09 17:26:34,795 - INFO - Candidate Mean Stats: {'Max': np.float64(100.0), 'Min': np.float64(-3.8768988019910465e-14), 'Mean': np.float64(0.07866452241836439), 'Std': np.float64(2.1180965265011986)}
2024-11-09 17:26:34,797 - INFO - Candidate Std Stats: {'Max': np.float64(0.9999999971615277), 'Min': np.float64(0.0), 'Mean': np.float64(0.9984104302516247), 'Std': np.float64(0.03983756838772448)}
2024-11-09 17:26:34,825 - INFO - Top 10 Mean Stats: {'Max': np.float64(2.5493496202955155e-15), 'Min': np.float64(-2.8782531913407184e-15), 'Mean': np.float64(2.35228503342455e-16), 'Std': np.float64(1.4901315936520561e-15)}
2024-11-09 17:26:34,825 - INFO - Top 10 Std Stats: {'Max': np.float64(0.9999999971615277), 'Min': np.float64(0.999999996999209), 'Mean': np.float64(0.9999999970673153), 'Std': np.float64(5.3104923704759234e-11)}
2024-11-09 17:26:34,826 - INFO - Bottom 10 Mean Stats: {'Max': np.float64(100.0), 'Min': np.float64(84.0), 'Mean': np.float64(90.0), 'Std': np.float64(5.674504383644443)}
2024-11-09 17:26:34,826 - INFO - Bottom 10 Std Stats: {'Max': np.float64(0.0), 'Min': np.float64(0.0), 'Mean': np.float64(0.0), 'Std': np.float64(0.0)}
[I 2024-11-09 17:26:34,862] Trial 256 finished with value: 83.0 and parameters: {'x_0': 1, 'x_1': -5, 'x_2': -5, 'x_3': 4, 'x_4': 4}. Best is trial 109 with value: 2.0.
2024-11-09 17:26:41,159 - INFO - Candidate Mean Stats: {'Max': np.float64(100.0), 'Min': np.float64(-4.2499337382650994e-14), 'Mean': np.float64(0.07917988711650348), 'Std': np.float64(2.1281510327243027)}
2024-11-09 17:26:41,159 - INFO - Candidate Std Stats: {'Max': np.float64(0.9999999968471787), 'Min': np.float64(0.0), 'Mean': np.float64(0.99840422069061), 'Std': np.float64(0.03991517616969638)}
2024-11-09 17:26:41,182 - INFO - Top 10 Mean Stats: {'Max': np.float64(4.29101199017623e-15), 'Min': np.float64(-2.5673907444456745e-15), 'Mean': np.float64(3.813616089587413e-16), 'Std': np.float64(1.824162734178771e-15)}
2024-11-09 17:26:41,183 - INFO - Top 10 Std Stats: {'Max': np.float64(0.9999999968471787), 'Min': np.float64(0.9999999966552565), 'Mean': np.float64(0.9999999967302495), 'Std': np.float64(6.653850088220319e-11)}
2024-11-09 17:26:41,183 - INFO - Bottom 10 Mean Stats: {'Max': np.float64(100.0), 'Min': np.float64(84.0), 'Mean': np.float64(90.0), 'Std': np.float64(5.674504383644443)}
2024-11-09 17:26:41,183 - INFO - Bottom 10 Std Stats: {'Max': np.float64(0.0), 'Min': np.float64(0.0), 'Mean': np.float64(0.0), 'Std': np.float64(0.0)}
[I 2024-11-09 17:26:41,213] Trial 257 finished with value: 107.0 and parameters: {'x_0': -4, 'x_1': 5, 'x_2': 4, 'x_3': -5, 'x_4': -5}. Best is trial 109 with value: 2.0.
2024-11-09 17:26:47,115 - INFO - Candidate Mean Stats: {'Max': np.float64(107.0), 'Min': np.float64(-5.728750807065808e-14), 'Mean': np.float64(0.07984427293217679), 'Std': np.float64(2.1447634944129086)}
2024-11-09 17:26:47,116 - INFO - Candidate Std Stats: {'Max': np.float64(0.9999999974566987), 'Min': np.float64(0.0), 'Mean': np.float64(0.9983980121758015), 'Std': np.float64(0.039992632427784384)}
2024-11-09 17:26:47,142 - INFO - Top 10 Mean Stats: {'Max': np.float64(2.7366997557010107e-15), 'Min': np.float64(-2.4175106361212782e-15), 'Mean': np.float64(-2.8567426202386055e-16), 'Std': np.float64(1.889937147231211e-15)}
2024-11-09 17:26:47,142 - INFO - Top 10 Std Stats: {'Max': np.float64(0.9999999974566987), 'Min': np.float64(0.9999999970873744), 'Mean': np.float64(0.999999997275425), 'Std': np.float64(1.298593148158641e-10)}
2024-11-09 17:26:47,142 - INFO - Bottom 10 Mean Stats: {'Max': np.float64(107.0), 'Min': np.float64(84.0), 'Mean': np.float64(92.3), 'Std': np.float64(7.22564875980005)}
2024-11-09 17:26:47,142 - INFO - Bottom 10 Std Stats: {'Max': np.float64(0.0), 'Min': np.float64(0.0), 'Mean': np.float64(0.0), 'Std': np.float64(0.0)}
[I 2024-11-09 17:26:47,177] Trial 258 finished with value: 19.0 and parameters: {'x_0': 3, 'x_1': -2, 'x_2': -1, 'x_3': 2, 'x_4': -1}. Best is trial 109 with value: 2.0.
2024-11-09 17:26:52,724 - INFO - Candidate Mean Stats: {'Max': np.float64(107.0), 'Min': np.float64(-5.2891024893142455e-14), 'Mean': np.float64(0.07996224798355799), 'Std': np.float64(2.1452815945138766)}
2024-11-09 17:26:52,725 - INFO - Candidate Std Stats: {'Max': np.float64(0.9999999964366421), 'Min': np.float64(0.0), 'Mean': np.float64(0.9983918031264909), 'Std': np.float64(0.040069937977733054)}
2024-11-09 17:26:52,754 - INFO - Top 10 Mean Stats: {'Max': np.float64(4.551914400963142e-15), 'Min': np.float64(5.329070518200751e-16), 'Mean': np.float64(2.118583086740955e-15), 'Std': np.float64(1.4532453624807354e-15)}
2024-11-09 17:26:52,754 - INFO - Top 10 Std Stats: {'Max': np.float64(0.9999999964366421), 'Min': np.float64(0.9999999962254711), 'Mean': np.float64(0.9999999963120716), 'Std': np.float64(7.45715706543304e-11)}
2024-11-09 17:26:52,754 - INFO - Bottom 10 Mean Stats: {'Max': np.float64(107.0), 'Min': np.float64(84.0), 'Mean': np.float64(92.3), 'Std': np.float64(7.22564875980005)}
2024-11-09 17:26:52,754 - INFO - Bottom 10 Std Stats: {'Max': np.float64(0.0), 'Min': np.float64(0.0), 'Mean': np.float64(0.0), 'Std': np.float64(0.0)}
[I 2024-11-09 17:26:52,830] Trial 259 finished with value: 40.0 and parameters: {'x_0': 1, 'x_1': -1, 'x_2': -2, 'x_3': 5, 'x_4': 3}. Best is trial 109 with value: 2.0.
2024-11-09 17:26:59,054 - INFO - Candidate Mean Stats: {'Max': np.float64(107.0), 'Min': np.float64(-4.8078208081392405e-14), 'Mean': np.float64(0.08021061651278168), 'Std': np.float64(2.147586570788281)}
2024-11-09 17:26:59,055 - INFO - Candidate Std Stats: {'Max': np.float64(0.9999999968853082), 'Min': np.float64(0.0), 'Mean': np.float64(0.998385594182445), 'Std': np.float64(0.04014709371561242)}
2024-11-09 17:26:59,079 - INFO - Top 10 Mean Stats: {'Max': np.float64(1.970645868709653e-15), 'Min': np.float64(-1.454392162258955e-15), 'Mean': np.float64(1.1790915466214358e-16), 'Std': np.float64(8.266639394305603e-16)}
2024-11-09 17:26:59,079 - INFO - Top 10 Std Stats: {'Max': np.float64(0.9999999968853082), 'Min': np.float64(0.9999999965439043), 'Mean': np.float64(0.9999999966453321), 'Std': np.float64(1.20175612514699e-10)}
2024-11-09 17:26:59,080 - INFO - Bottom 10 Mean Stats: {'Max': np.float64(107.0), 'Min': np.float64(84.0), 'Mean': np.float64(92.3), 'Std': np.float64(7.22564875980005)}
2024-11-09 17:26:59,080 - INFO - Bottom 10 Std Stats: {'Max': np.float64(0.0), 'Min': np.float64(0.0), 'Mean': np.float64(0.0), 'Std': np.float64(0.0)}
[I 2024-11-09 17:26:59,117] Trial 260 finished with value: 53.0 and parameters: {'x_0': -3, 'x_1': -5, 'x_2': 3, 'x_3': -3, 'x_4': 1}. Best is trial 109 with value: 2.0.
2024-11-09 17:27:04,047 - INFO - Candidate Mean Stats: {'Max': np.float64(107.0), 'Min': np.float64(-5.6718518770537685e-14), 'Mean': np.float64(0.080539704814003), 'Std': np.float64(2.151631208628639)}
2024-11-09 17:27:04,048 - INFO - Candidate Std Stats: {'Max': np.float64(0.9999999970743885), 'Min': np.float64(0.0), 'Mean': np.float64(0.9983793846965753), 'Std': np.float64(0.040224100477485196)}
2024-11-09 17:27:04,072 - INFO - Top 10 Mean Stats: {'Max': np.float64(2.9476421303797907e-15), 'Min': np.float64(-5.5087878703119485e-15), 'Mean': np.float64(1.7971735211119764e-17), 'Std': np.float64(2.1157284775166655e-15)}
2024-11-09 17:27:04,072 - INFO - Top 10 Std Stats: {'Max': np.float64(0.9999999970743885), 'Min': np.float64(0.9999999966729779), 'Mean': np.float64(0.9999999968706582), 'Std': np.float64(1.0745716678361323e-10)}
2024-11-09 17:27:04,072 - INFO - Bottom 10 Mean Stats: {'Max': np.float64(107.0), 'Min': np.float64(84.0), 'Mean': np.float64(92.3), 'Std': np.float64(7.22564875980005)}
2024-11-09 17:27:04,072 - INFO - Bottom 10 Std Stats: {'Max': np.float64(0.0), 'Min': np.float64(0.0), 'Mean': np.float64(0.0), 'Std': np.float64(0.0)}
[I 2024-11-09 17:27:04,100] Trial 261 finished with value: 7.0 and parameters: {'x_0': -1, 'x_1': 0, 'x_2': -1, 'x_3': -2, 'x_4': -1}. Best is trial 109 with value: 2.0.
2024-11-09 17:27:09,714 - INFO - Candidate Mean Stats: {'Max': np.float64(107.0), 'Min': np.float64(-5.410116798998388e-14), 'Mean': np.float64(0.08058316930661719), 'Std': np.float64(2.151700282629777)}
2024-11-09 17:27:09,715 - INFO - Candidate Std Stats: {'Max': np.float64(0.9999999990854025), 'Min': np.float64(0.0), 'Mean': np.float64(0.9983731751019475), 'Std': np.float64(0.04030095913456898)}
2024-11-09 17:27:09,741 - INFO - Top 10 Mean Stats: {'Max': np.float64(1.457167719820518e-15), 'Min': np.float64(-9.270362255620057e-16), 'Mean': np.float64(-1.3808398868775386e-16), 'Std': np.float64(6.703242309327669e-16)}
2024-11-09 17:27:09,741 - INFO - Top 10 Std Stats: {'Max': np.float64(0.9999999990854025), 'Min': np.float64(0.9999999986953505), 'Mean': np.float64(0.9999999989517512), 'Std': np.float64(1.2115341760345893e-10)}
2024-11-09 17:27:09,742 - INFO - Bottom 10 Mean Stats: {'Max': np.float64(107.0), 'Min': np.float64(84.0), 'Mean': np.float64(92.3), 'Std': np.float64(7.22564875980005)}
2024-11-09 17:27:09,742 - INFO - Bottom 10 Std Stats: {'Max': np.float64(0.0), 'Min': np.float64(0.0), 'Mean': np.float64(0.0), 'Std': np.float64(0.0)}
[I 2024-11-09 17:27:09,780] Trial 262 finished with value: 39.0 and parameters: {'x_0': 0, 'x_1': -1, 'x_2': -2, 'x_3': -3, 'x_4': 5}. Best is trial 109 with value: 2.0.
2024-11-09 17:27:15,894 - INFO - Candidate Mean Stats: {'Max': np.float64(107.0), 'Min': np.float64(-7.743805596760467e-14), 'Mean': np.float64(0.08082532862261023), 'Std': np.float64(2.1538846842441077)}
2024-11-09 17:27:15,895 - INFO - Candidate Std Stats: {'Max': np.float64(0.9999999977615205), 'Min': np.float64(0.0), 'Mean': np.float64(0.9983669664724816), 'Std': np.float64(0.04037767057599657)}
2024-11-09 17:27:15,917 - INFO - Top 10 Mean Stats: {'Max': np.float64(3.26405569239796e-15), 'Min': np.float64(-2.8976820942716587e-15), 'Mean': np.float64(4.771140080239711e-16), 'Std': np.float64(1.864332813013776e-15)}
2024-11-09 17:27:15,917 - INFO - Top 10 Std Stats: {'Max': np.float64(0.9999999977615205), 'Min': np.float64(0.9999999972244292), 'Mean': np.float64(0.9999999974046021), 'Std': np.float64(1.7919660363646864e-10)}
2024-11-09 17:27:15,918 - INFO - Bottom 10 Mean Stats: {'Max': np.float64(107.0), 'Min': np.float64(84.0), 'Mean': np.float64(92.3), 'Std': np.float64(7.22564875980005)}
2024-11-09 17:27:15,918 - INFO - Bottom 10 Std Stats: {'Max': np.float64(0.0), 'Min': np.float64(0.0), 'Mean': np.float64(0.0), 'Std': np.float64(0.0)}
[I 2024-11-09 17:27:15,946] Trial 263 finished with value: 38.0 and parameters: {'x_0': -1, 'x_1': -1, 'x_2': -4, 'x_3': -4, 'x_4': 2}. Best is trial 109 with value: 2.0.
2024-11-09 17:27:24,198 - INFO - Candidate Mean Stats: {'Max': np.float64(107.0), 'Min': np.float64(-5.53335155473178e-14), 'Mean': np.float64(0.0810612787253727), 'Std': np.float64(2.1559562007992352)}
2024-11-09 17:27:24,199 - INFO - Candidate Std Stats: {'Max': np.float64(0.9999999970624398), 'Min': np.float64(0.0), 'Mean': np.float64(0.9983607567068586), 'Std': np.float64(0.040454235554539836)}
2024-11-09 17:27:24,227 - INFO - Top 10 Mean Stats: {'Max': np.float64(2.531308496145357e-15), 'Min': np.float64(-1.865174681370263e-15), 'Mean': np.float64(-3.3306690738754775e-17), 'Std': np.float64(1.5053576179302078e-15)}
2024-11-09 17:27:24,227 - INFO - Top 10 Std Stats: {'Max': np.float64(0.9999999970624398), 'Min': np.float64(0.9999999967864811), 'Mean': np.float64(0.999999996891867), 'Std': np.float64(9.043940077706502e-11)}
2024-11-09 17:27:24,227 - INFO - Bottom 10 Mean Stats: {'Max': np.float64(107.0), 'Min': np.float64(84.0), 'Mean': np.float64(92.3), 'Std': np.float64(7.22564875980005)}
2024-11-09 17:27:24,228 - INFO - Bottom 10 Std Stats: {'Max': np.float64(0.0), 'Min': np.float64(0.0), 'Mean': np.float64(0.0), 'Std': np.float64(0.0)}
[I 2024-11-09 17:27:24,288] Trial 264 finished with value: 75.0 and parameters: {'x_0': 4, 'x_1': 3, 'x_2': 4, 'x_3': 3, 'x_4': 5}. Best is trial 109 with value: 2.0.
2024-11-09 17:27:31,520 - INFO - Candidate Mean Stats: {'Max': np.float64(107.0), 'Min': np.float64(-4.7406523151494184e-14), 'Mean': np.float64(0.08152696971766706), 'Std': np.float64(2.164023624710229)}
2024-11-09 17:27:31,522 - INFO - Candidate Std Stats: {'Max': np.float64(0.9999999971598593), 'Min': np.float64(0.0), 'Mean': np.float64(0.998354548014495), 'Std': np.float64(0.040530654989406216)}
2024-11-09 17:27:31,546 - INFO - Top 10 Mean Stats: {'Max': np.float64(2.1815882433884324e-15), 'Min': np.float64(-2.8754776337791553e-15), 'Mean': np.float64(-5.659361868026735e-16), 'Std': np.float64(1.7562679447974864e-15)}
2024-11-09 17:27:31,546 - INFO - Top 10 Std Stats: {'Max': np.float64(0.9999999971598593), 'Min': np.float64(0.9999999967860599), 'Mean': np.float64(0.9999999969126796), 'Std': np.float64(1.24021250113109e-10)}
2024-11-09 17:27:31,546 - INFO - Bottom 10 Mean Stats: {'Max': np.float64(107.0), 'Min': np.float64(84.0), 'Mean': np.float64(92.3), 'Std': np.float64(7.22564875980005)}
2024-11-09 17:27:31,546 - INFO - Bottom 10 Std Stats: {'Max': np.float64(0.0), 'Min': np.float64(0.0), 'Mean': np.float64(0.0), 'Std': np.float64(0.0)}
[I 2024-11-09 17:27:31,593] Trial 265 finished with value: 31.0 and parameters: {'x_0': -2, 'x_1': -3, 'x_2': -1, 'x_3': 4, 'x_4': -1}. Best is trial 109 with value: 2.0.
2024-11-09 17:27:38,291 - INFO - Candidate Mean Stats: {'Max': np.float64(107.0), 'Min': np.float64(-5.064837438339964e-14), 'Mean': np.float64(0.08171945532781544), 'Std': np.float64(2.16539462445783)}
2024-11-09 17:27:38,292 - INFO - Candidate Std Stats: {'Max': np.float64(0.9999999970819183), 'Min': np.float64(0.0), 'Mean': np.float64(0.9983483388972222), 'Std': np.float64(0.04060692964186092)}
2024-11-09 17:27:38,316 - INFO - Top 10 Mean Stats: {'Max': np.float64(4.191091917959966e-15), 'Min': np.float64(-2.264854970235319e-15), 'Mean': np.float64(1.9095836023552692e-16), 'Std': np.float64(1.7277027847897297e-15)}
2024-11-09 17:27:38,316 - INFO - Top 10 Std Stats: {'Max': np.float64(0.9999999970819183), 'Min': np.float64(0.9999999967037676), 'Mean': np.float64(0.9999999968002008), 'Std': np.float64(1.0774204452695888e-10)}
2024-11-09 17:27:38,316 - INFO - Bottom 10 Mean Stats: {'Max': np.float64(107.0), 'Min': np.float64(84.0), 'Mean': np.float64(92.3), 'Std': np.float64(7.22564875980005)}
2024-11-09 17:27:38,316 - INFO - Bottom 10 Std Stats: {'Max': np.float64(0.0), 'Min': np.float64(0.0), 'Mean': np.float64(0.0), 'Std': np.float64(0.0)}
