[I 2024-11-09 17:27:38,346] Trial 266 finished with value: 40.0 and parameters: {'x_0': -1, 'x_1': 3, 'x_2': -5, 'x_3': -2, 'x_4': 1}. Best is trial 109 with value: 2.0.
2024-11-09 17:27:45,041 - INFO - Candidate Mean Stats: {'Max': np.float64(107.0), 'Min': np.float64(-4.393152508441744e-14), 'Mean': np.float64(0.08196782385703907), 'Std': np.float64(2.1676780125357706)}
2024-11-09 17:27:45,042 - INFO - Candidate Std Stats: {'Max': np.float64(0.999999997080608), 'Min': np.float64(0.0), 'Mean': np.float64(0.9983421290528662), 'Std': np.float64(0.04068306031373166)}
2024-11-09 17:27:45,064 - INFO - Top 10 Mean Stats: {'Max': np.float64(2.7200464103316335e-15), 'Min': np.float64(-3.3861802251067274e-15), 'Mean': np.float64(4.700406730506756e-16), 'Std': np.float64(1.8646495037973355e-15)}
2024-11-09 17:27:45,064 - INFO - Top 10 Std Stats: {'Max': np.float64(0.999999997080608), 'Min': np.float64(0.9999999964697359), 'Mean': np.float64(0.9999999966462031), 'Std': np.float64(2.0907133840547946e-10)}
2024-11-09 17:27:45,065 - INFO - Bottom 10 Mean Stats: {'Max': np.float64(107.0), 'Min': np.float64(84.0), 'Mean': np.float64(92.3), 'Std': np.float64(7.22564875980005)}
2024-11-09 17:27:45,065 - INFO - Bottom 10 Std Stats: {'Max': np.float64(0.0), 'Min': np.float64(0.0), 'Mean': np.float64(0.0), 'Std': np.float64(0.0)}
[I 2024-11-09 17:27:45,095] Trial 267 finished with value: 32.0 and parameters: {'x_0': -1, 'x_1': 2, 'x_2': 3, 'x_3': -3, 'x_4': -3}. Best is trial 109 with value: 2.0.
2024-11-09 17:27:51,010 - INFO - Candidate Mean Stats: {'Max': np.float64(107.0), 'Min': np.float64(-4.904965322793942e-14), 'Mean': np.float64(0.08216651868041801), 'Std': np.float64(2.169136599602467)}
2024-11-09 17:27:51,010 - INFO - Candidate Std Stats: {'Max': np.float64(0.9999999970686798), 'Min': np.float64(0.0), 'Mean': np.float64(0.9983359204584239), 'Std': np.float64(0.04075904789219153)}
2024-11-09 17:27:51,032 - INFO - Top 10 Mean Stats: {'Max': np.float64(3.630429290524262e-15), 'Min': np.float64(-2.220446049250313e-15), 'Mean': np.float64(7.97695243193175e-16), 'Std': np.float64(1.8200548927147326e-15)}
2024-11-09 17:27:51,032 - INFO - Top 10 Std Stats: {'Max': np.float64(0.9999999970686798), 'Min': np.float64(0.999999996601151), 'Mean': np.float64(0.9999999967587152), 'Std': np.float64(1.4830030758217157e-10)}
2024-11-09 17:27:51,032 - INFO - Bottom 10 Mean Stats: {'Max': np.float64(107.0), 'Min': np.float64(84.0), 'Mean': np.float64(92.3), 'Std': np.float64(7.22564875980005)}
2024-11-09 17:27:51,032 - INFO - Bottom 10 Std Stats: {'Max': np.float64(0.0), 'Min': np.float64(0.0), 'Mean': np.float64(0.0), 'Std': np.float64(0.0)}
[I 2024-11-09 17:27:51,057] Trial 268 finished with value: 36.0 and parameters: {'x_0': -1, 'x_1': -3, 'x_2': 0, 'x_3': -5, 'x_4': 1}. Best is trial 109 with value: 2.0.
2024-11-09 17:27:58,267 - INFO - Candidate Mean Stats: {'Max': np.float64(107.0), 'Min': np.float64(-5.930811397547587e-14), 'Mean': np.float64(0.08239005035671929), 'Std': np.float64(2.1709822533765855)}
2024-11-09 17:27:58,268 - INFO - Candidate Std Stats: {'Max': np.float64(0.999999997782759), 'Min': np.float64(0.0), 'Mean': np.float64(0.9983297111231464), 'Std': np.float64(0.040834893095208526)}
2024-11-09 17:27:58,291 - INFO - Top 10 Mean Stats: {'Max': np.float64(9.103828801926283e-16), 'Min': np.float64(-1.8318679906315083e-15), 'Mean': np.float64(-8.672923490493645e-16), 'Std': np.float64(8.378786334788842e-16)}
2024-11-09 17:27:58,291 - INFO - Top 10 Std Stats: {'Max': np.float64(0.999999997782759), 'Min': np.float64(0.9999999971465613), 'Mean': np.float64(0.9999999973426611), 'Std': np.float64(2.254399986983023e-10)}
2024-11-09 17:27:58,291 - INFO - Bottom 10 Mean Stats: {'Max': np.float64(107.0), 'Min': np.float64(84.0), 'Mean': np.float64(92.3), 'Std': np.float64(7.22564875980005)}
2024-11-09 17:27:58,291 - INFO - Bottom 10 Std Stats: {'Max': np.float64(0.0), 'Min': np.float64(0.0), 'Mean': np.float64(0.0), 'Std': np.float64(0.0)}
[I 2024-11-09 17:27:58,318] Trial 269 finished with value: 25.0 and parameters: {'x_0': -3, 'x_1': 0, 'x_2': 0, 'x_3': 0, 'x_4': -4}. Best is trial 109 with value: 2.0.
2024-11-09 17:28:04,470 - INFO - Candidate Mean Stats: {'Max': np.float64(107.0), 'Min': np.float64(-5.693223670277802e-14), 'Mean': np.float64(0.08254528068748414), 'Std': np.float64(2.171869954619568)}
2024-11-09 17:28:04,470 - INFO - Candidate Std Stats: {'Max': np.float64(0.9999999973973828), 'Min': np.float64(0.0), 'Mean': np.float64(0.9983235018123782), 'Std': np.float64(0.04091059674566901)}
2024-11-09 17:28:04,492 - INFO - Top 10 Mean Stats: {'Max': np.float64(3.980149543281186e-15), 'Min': np.float64(-2.836619827917275e-15), 'Mean': np.float64(-9.510101040000052e-16), 'Std': np.float64(1.8401669183243855e-15)}
2024-11-09 17:28:04,493 - INFO - Top 10 Std Stats: {'Max': np.float64(0.9999999973973828), 'Min': np.float64(0.9999999967174641), 'Mean': np.float64(0.9999999971141464), 'Std': np.float64(1.8882992305815087e-10)}
2024-11-09 17:28:04,493 - INFO - Bottom 10 Mean Stats: {'Max': np.float64(107.0), 'Min': np.float64(84.0), 'Mean': np.float64(92.3), 'Std': np.float64(7.22564875980005)}
2024-11-09 17:28:04,493 - INFO - Bottom 10 Std Stats: {'Max': np.float64(0.0), 'Min': np.float64(0.0), 'Mean': np.float64(0.0), 'Std': np.float64(0.0)}
[I 2024-11-09 17:28:04,529] Trial 270 finished with value: 36.0 and parameters: {'x_0': 1, 'x_1': -1, 'x_2': 4, 'x_3': 3, 'x_4': -3}. Best is trial 109 with value: 2.0.
2024-11-09 17:28:11,100 - INFO - Candidate Mean Stats: {'Max': np.float64(107.0), 'Min': np.float64(-5.0182080713057076e-14), 'Mean': np.float64(0.08276881236378537), 'Std': np.float64(2.173713248611627)}
2024-11-09 17:28:11,100 - INFO - Candidate Std Stats: {'Max': np.float64(0.9999999968399651), 'Min': np.float64(0.0), 'Mean': np.float64(0.9983172926889686), 'Std': np.float64(0.04098615963463562)}
2024-11-09 17:28:11,122 - INFO - Top 10 Mean Stats: {'Max': np.float64(3.819167204710538e-15), 'Min': np.float64(-2.831068712794149e-15), 'Mean': np.float64(5.284661597215746e-16), 'Std': np.float64(1.8788450903764084e-15)}
2024-11-09 17:28:11,122 - INFO - Top 10 Std Stats: {'Max': np.float64(0.9999999968399651), 'Min': np.float64(0.9999999965383459), 'Mean': np.float64(0.999999996652899), 'Std': np.float64(8.655663716478105e-11)}
2024-11-09 17:28:11,122 - INFO - Bottom 10 Mean Stats: {'Max': np.float64(107.0), 'Min': np.float64(84.0), 'Mean': np.float64(92.3), 'Std': np.float64(7.22564875980005)}
2024-11-09 17:28:11,122 - INFO - Bottom 10 Std Stats: {'Max': np.float64(0.0), 'Min': np.float64(0.0), 'Mean': np.float64(0.0), 'Std': np.float64(0.0)}
[I 2024-11-09 17:28:11,158] Trial 271 finished with value: 39.0 and parameters: {'x_0': 0, 'x_1': 2, 'x_2': 5, 'x_3': -3, 'x_4': 1}. Best is trial 109 with value: 2.0.
2024-11-09 17:28:16,023 - INFO - Candidate Mean Stats: {'Max': np.float64(107.0), 'Min': np.float64(-5.009881398621019e-14), 'Mean': np.float64(0.08301097167977846), 'Std': np.float64(2.1758753078690733)}
2024-11-09 17:28:16,023 - INFO - Candidate Std Stats: {'Max': np.float64(0.9999999973517929), 'Min': np.float64(0.0), 'Mean': np.float64(0.9983110832708156), 'Std': np.float64(0.04106158251946592)}
2024-11-09 17:28:16,046 - INFO - Top 10 Mean Stats: {'Max': np.float64(2.223221606811876e-15), 'Min': np.float64(-1.5432100042289676e-15), 'Mean': np.float64(1.9650947535865273e-16), 'Std': np.float64(1.2567385045191402e-15)}
2024-11-09 17:28:16,046 - INFO - Top 10 Std Stats: {'Max': np.float64(0.9999999973517929), 'Min': np.float64(0.9999999968351331), 'Mean': np.float64(0.9999999969974691), 'Std': np.float64(1.6407322824704968e-10)}
2024-11-09 17:28:16,046 - INFO - Bottom 10 Mean Stats: {'Max': np.float64(107.0), 'Min': np.float64(84.0), 'Mean': np.float64(92.3), 'Std': np.float64(7.22564875980005)}
2024-11-09 17:28:16,046 - INFO - Bottom 10 Std Stats: {'Max': np.float64(0.0), 'Min': np.float64(0.0), 'Mean': np.float64(0.0), 'Std': np.float64(0.0)}
[I 2024-11-09 17:28:16,080] Trial 272 finished with value: 55.0 and parameters: {'x_0': 2, 'x_1': 5, 'x_2': 0, 'x_3': 1, 'x_4': -5}. Best is trial 109 with value: 2.0.
2024-11-09 17:28:22,910 - INFO - Candidate Mean Stats: {'Max': np.float64(107.0), 'Min': np.float64(-4.251043961289724e-14), 'Mean': np.float64(0.08335247840746096), 'Std': np.float64(2.18017416991841)}
2024-11-09 17:28:22,911 - INFO - Candidate Std Stats: {'Max': np.float64(0.9999999980154372), 'Min': np.float64(0.0), 'Mean': np.float64(0.9983048745639996), 'Std': np.float64(0.041136866211560555)}
2024-11-09 17:28:22,936 - INFO - Top 10 Mean Stats: {'Max': np.float64(1.920685832601521e-15), 'Min': np.float64(-3.057276654061525e-15), 'Mean': np.float64(-2.3391011350071277e-16), 'Std': np.float64(1.433196594075991e-15)}
2024-11-09 17:28:22,936 - INFO - Top 10 Std Stats: {'Max': np.float64(0.9999999980154372), 'Min': np.float64(0.9999999974743765), 'Mean': np.float64(0.9999999976711631), 'Std': np.float64(1.6658561615512942e-10)}
2024-11-09 17:28:22,936 - INFO - Bottom 10 Mean Stats: {'Max': np.float64(107.0), 'Min': np.float64(84.0), 'Mean': np.float64(92.3), 'Std': np.float64(7.22564875980005)}
2024-11-09 17:28:22,936 - INFO - Bottom 10 Std Stats: {'Max': np.float64(0.0), 'Min': np.float64(0.0), 'Mean': np.float64(0.0), 'Std': np.float64(0.0)}
[I 2024-11-09 17:28:22,963] Trial 273 finished with value: 52.0 and parameters: {'x_0': 0, 'x_1': 5, 'x_2': -1, 'x_3': -5, 'x_4': -1}. Best is trial 109 with value: 2.0.
2024-11-09 17:28:29,311 - INFO - Candidate Mean Stats: {'Max': np.float64(107.0), 'Min': np.float64(-4.4431125445498763e-14), 'Mean': np.float64(0.08367535749545174), 'Std': np.float64(2.1840089729576717)}
2024-11-09 17:28:29,311 - INFO - Candidate Std Stats: {'Max': np.float64(0.9999999972545607), 'Min': np.float64(0.0), 'Mean': np.float64(0.9982986646437165), 'Std': np.float64(0.04121201139458832)}
2024-11-09 17:28:29,333 - INFO - Top 10 Mean Stats: {'Max': np.float64(3.819167204710538e-15), 'Min': np.float64(-1.3822276656583198e-15), 'Mean': np.float64(3.275157922644212e-16), 'Std': np.float64(1.486912064360997e-15)}
2024-11-09 17:28:29,333 - INFO - Top 10 Std Stats: {'Max': np.float64(0.9999999972545607), 'Min': np.float64(0.9999999968898725), 'Mean': np.float64(0.999999997090498), 'Std': np.float64(1.4249665040920924e-10)}
2024-11-09 17:28:29,334 - INFO - Bottom 10 Mean Stats: {'Max': np.float64(107.0), 'Min': np.float64(84.0), 'Mean': np.float64(92.3), 'Std': np.float64(7.22564875980005)}
2024-11-09 17:28:29,334 - INFO - Bottom 10 Std Stats: {'Max': np.float64(0.0), 'Min': np.float64(0.0), 'Mean': np.float64(0.0), 'Std': np.float64(0.0)}
[I 2024-11-09 17:28:29,365] Trial 274 finished with value: 49.0 and parameters: {'x_0': -2, 'x_1': 2, 'x_2': -3, 'x_3': -4, 'x_4': 4}. Best is trial 109 with value: 2.0.
2024-11-09 17:28:36,444 - INFO - Candidate Mean Stats: {'Max': np.float64(107.0), 'Min': np.float64(-5.043743200872086e-14), 'Mean': np.float64(0.08397960894375073), 'Std': np.float64(2.1874077136327195)}
2024-11-09 17:28:36,446 - INFO - Candidate Std Stats: {'Max': np.float64(0.9999999972666855), 'Min': np.float64(0.0), 'Mean': np.float64(0.9982924557558988), 'Std': np.float64(0.041287018917175886)}
2024-11-09 17:28:36,469 - INFO - Top 10 Mean Stats: {'Max': np.float64(2.7089441800853818e-15), 'Min': np.float64(-1.8207657603852566e-15), 'Mean': np.float64(1.5543122344752193e-16), 'Std': np.float64(1.2176874307374798e-15)}
2024-11-09 17:28:36,469 - INFO - Top 10 Std Stats: {'Max': np.float64(0.9999999972666855), 'Min': np.float64(0.9999999968349323), 'Mean': np.float64(0.9999999969825643), 'Std': np.float64(1.5235918897651962e-10)}
2024-11-09 17:28:36,469 - INFO - Bottom 10 Mean Stats: {'Max': np.float64(107.0), 'Min': np.float64(84.0), 'Mean': np.float64(92.3), 'Std': np.float64(7.22564875980005)}
2024-11-09 17:28:36,469 - INFO - Bottom 10 Std Stats: {'Max': np.float64(0.0), 'Min': np.float64(0.0), 'Mean': np.float64(0.0), 'Std': np.float64(0.0)}
[I 2024-11-09 17:28:36,505] Trial 275 finished with value: 28.0 and parameters: {'x_0': 5, 'x_1': 0, 'x_2': -1, 'x_3': -1, 'x_4': 1}. Best is trial 109 with value: 2.0.
2024-11-09 17:28:42,489 - INFO - Candidate Mean Stats: {'Max': np.float64(107.0), 'Min': np.float64(-5.306866057708248e-14), 'Mean': np.float64(0.08415346691420726), 'Std': np.float64(2.1885134903759145)}
2024-11-09 17:28:42,489 - INFO - Candidate Std Stats: {'Max': np.float64(0.9999999969641487), 'Min': np.float64(0.0), 'Mean': np.float64(0.9982862464588663), 'Std': np.float64(0.04136188946897432)}
2024-11-09 17:28:42,514 - INFO - Top 10 Mean Stats: {'Max': np.float64(3.8968828164343e-15), 'Min': np.float64(-2.653433028854124e-15), 'Mean': np.float64(-2.5604518505417667e-16), 'Std': np.float64(1.7002714539475133e-15)}
2024-11-09 17:28:42,514 - INFO - Top 10 Std Stats: {'Max': np.float64(0.9999999969641487), 'Min': np.float64(0.9999999966325154), 'Mean': np.float64(0.9999999967820093), 'Std': np.float64(1.0060973211574589e-10)}
2024-11-09 17:28:42,514 - INFO - Bottom 10 Mean Stats: {'Max': np.float64(107.0), 'Min': np.float64(84.0), 'Mean': np.float64(92.3), 'Std': np.float64(7.22564875980005)}
2024-11-09 17:28:42,514 - INFO - Bottom 10 Std Stats: {'Max': np.float64(0.0), 'Min': np.float64(0.0), 'Mean': np.float64(0.0), 'Std': np.float64(0.0)}
[I 2024-11-09 17:28:42,544] Trial 276 finished with value: 79.0 and parameters: {'x_0': 5, 'x_1': 5, 'x_2': 2, 'x_3': 0, 'x_4': -5}. Best is trial 109 with value: 2.0.
2024-11-09 17:28:48,607 - INFO - Candidate Mean Stats: {'Max': np.float64(107.0), 'Min': np.float64(-5.154765503334602e-14), 'Mean': np.float64(0.08464399475942401), 'Std': np.float64(2.19733024315289)}
2024-11-09 17:28:48,608 - INFO - Candidate Std Stats: {'Max': np.float64(0.9999999969434834), 'Min': np.float64(0.0), 'Mean': np.float64(0.9982800372965153), 'Std': np.float64(0.041436623814840506)}
2024-11-09 17:28:48,632 - INFO - Top 10 Mean Stats: {'Max': np.float64(1.2878587085651815e-15), 'Min': np.float64(-3.2432390106862384e-15), 'Mean': np.float64(-4.907879658233582e-16), 'Std': np.float64(1.4892190679039961e-15)}
2024-11-09 17:28:48,632 - INFO - Top 10 Std Stats: {'Max': np.float64(0.9999999969434834), 'Min': np.float64(0.9999999967338296), 'Mean': np.float64(0.999999996804586), 'Std': np.float64(6.688090455338419e-11)}
2024-11-09 17:28:48,632 - INFO - Bottom 10 Mean Stats: {'Max': np.float64(107.0), 'Min': np.float64(84.0), 'Mean': np.float64(92.3), 'Std': np.float64(7.22564875980005)}
2024-11-09 17:28:48,632 - INFO - Bottom 10 Std Stats: {'Max': np.float64(0.0), 'Min': np.float64(0.0), 'Mean': np.float64(0.0), 'Std': np.float64(0.0)}
[I 2024-11-09 17:28:48,662] Trial 277 finished with value: 52.0 and parameters: {'x_0': 1, 'x_1': -4, 'x_2': 1, 'x_3': -5, 'x_4': -3}. Best is trial 109 with value: 2.0.
2024-11-09 17:28:53,814 - INFO - Candidate Mean Stats: {'Max': np.float64(107.0), 'Min': np.float64(-4.884009863204142e-14), 'Mean': np.float64(0.08496687384741479), 'Std': np.float64(2.2011349677489767)}
2024-11-09 17:28:53,815 - INFO - Candidate Std Stats: {'Max': np.float64(0.9999999967454981), 'Min': np.float64(0.0), 'Mean': np.float64(0.9982738280852581), 'Std': np.float64(0.041511222682852074)}
2024-11-09 17:28:53,838 - INFO - Top 10 Mean Stats: {'Max': np.float64(3.22519788653608e-15), 'Min': np.float64(-3.684552662974738e-15), 'Mean': np.float64(3.154421168716227e-16), 'Std': np.float64(1.976369868752643e-15)}
2024-11-09 17:28:53,838 - INFO - Top 10 Std Stats: {'Max': np.float64(0.9999999967454981), 'Min': np.float64(0.9999999964686035), 'Mean': np.float64(0.9999999965760417), 'Std': np.float64(9.35497207346756e-11)}
2024-11-09 17:28:53,838 - INFO - Bottom 10 Mean Stats: {'Max': np.float64(107.0), 'Min': np.float64(84.0), 'Mean': np.float64(92.3), 'Std': np.float64(7.22564875980005)}
2024-11-09 17:28:53,839 - INFO - Bottom 10 Std Stats: {'Max': np.float64(0.0), 'Min': np.float64(0.0), 'Mean': np.float64(0.0), 'Std': np.float64(0.0)}
[I 2024-11-09 17:28:53,869] Trial 278 finished with value: 38.0 and parameters: {'x_0': 3, 'x_1': -4, 'x_2': -2, 'x_3': 0, 'x_4': -3}. Best is trial 109 with value: 2.0.
2024-11-09 17:29:03,358 - INFO - Candidate Mean Stats: {'Max': np.float64(107.0), 'Min': np.float64(-4.897193761621566e-14), 'Mean': np.float64(0.08520282395017727), 'Std': np.float64(2.2031616142704054)}
2024-11-09 17:29:03,360 - INFO - Candidate Std Stats: {'Max': np.float64(0.9999999986794954), 'Min': np.float64(0.0), 'Mean': np.float64(0.9982676189743184), 'Std': np.float64(0.04158568680828808)}
2024-11-09 17:29:03,382 - INFO - Top 10 Mean Stats: {'Max': np.float64(1.5654144647214707e-15), 'Min': np.float64(-8.881784197001252e-16), 'Mean': np.float64(3.375077994860476e-16), 'Std': np.float64(7.573267368390379e-16)}
2024-11-09 17:29:03,382 - INFO - Top 10 Std Stats: {'Max': np.float64(0.9999999986794954), 'Min': np.float64(0.9999999982263815), 'Mean': np.float64(0.9999999983873791), 'Std': np.float64(1.4532861883749464e-10)}
2024-11-09 17:29:03,383 - INFO - Bottom 10 Mean Stats: {'Max': np.float64(107.0), 'Min': np.float64(84.0), 'Mean': np.float64(92.3), 'Std': np.float64(7.22564875980005)}
2024-11-09 17:29:03,383 - INFO - Bottom 10 Std Stats: {'Max': np.float64(0.0), 'Min': np.float64(0.0), 'Mean': np.float64(0.0), 'Std': np.float64(0.0)}
[I 2024-11-09 17:29:03,420] Trial 279 finished with value: 9.0 and parameters: {'x_0': -1, 'x_1': 0, 'x_2': 2, 'x_3': 2, 'x_4': 0}. Best is trial 109 with value: 2.0.
2024-11-09 17:29:08,770 - INFO - Candidate Mean Stats: {'Max': np.float64(107.0), 'Min': np.float64(-6.641354133307687e-14), 'Mean': np.float64(0.0852587068692526), 'Std': np.float64(2.203273591494784)}
2024-11-09 17:29:08,770 - INFO - Candidate Std Stats: {'Max': np.float64(0.9999999969147277), 'Min': np.float64(0.0), 'Mean': np.float64(0.9982614096311767), 'Std': np.float64(0.04166001689984288)}
2024-11-09 17:29:08,792 - INFO - Top 10 Mean Stats: {'Max': np.float64(3.452793606584237e-15), 'Min': np.float64(-1.5376588891058418e-15), 'Mean': np.float64(5.501155087017651e-16), 'Std': np.float64(1.4610202819199642e-15)}
2024-11-09 17:29:08,792 - INFO - Top 10 Std Stats: {'Max': np.float64(0.9999999969147277), 'Min': np.float64(0.9999999964390079), 'Mean': np.float64(0.9999999966297045), 'Std': np.float64(1.934637453599064e-10)}
2024-11-09 17:29:08,792 - INFO - Bottom 10 Mean Stats: {'Max': np.float64(107.0), 'Min': np.float64(84.0), 'Mean': np.float64(92.3), 'Std': np.float64(7.22564875980005)}
2024-11-09 17:29:08,792 - INFO - Bottom 10 Std Stats: {'Max': np.float64(0.0), 'Min': np.float64(0.0), 'Mean': np.float64(0.0), 'Std': np.float64(0.0)}
[I 2024-11-09 17:29:08,832] Trial 280 finished with value: 63.0 and parameters: {'x_0': -2, 'x_1': 0, 'x_2': -5, 'x_3': -5, 'x_4': -3}. Best is trial 109 with value: 2.0.
2024-11-09 17:29:14,945 - INFO - Candidate Mean Stats: {'Max': np.float64(107.0), 'Min': np.float64(-4.924394225724882e-14), 'Mean': np.float64(0.08564988730277988), 'Std': np.float64(2.208844048409163)}
2024-11-09 17:29:14,946 - INFO - Candidate Std Stats: {'Max': np.float64(0.9999999989833335), 'Min': np.float64(0.0), 'Mean': np.float64(0.9982552003520118), 'Std': np.float64(0.04173421368595237)}
2024-11-09 17:29:14,971 - INFO - Top 10 Mean Stats: {'Max': np.float64(6.63358257213531e-16), 'Min': np.float64(-1.2351231148954867e-15), 'Mean': np.float64(-3.8524738954492934e-16), 'Std': np.float64(6.911481641743988e-16)}
2024-11-09 17:29:14,971 - INFO - Top 10 Std Stats: {'Max': np.float64(0.9999999989833335), 'Min': np.float64(0.9999999986541815), 'Mean': np.float64(0.9999999988009807), 'Std': np.float64(9.73704113406493e-11)}
2024-11-09 17:29:14,971 - INFO - Bottom 10 Mean Stats: {'Max': np.float64(107.0), 'Min': np.float64(84.0), 'Mean': np.float64(92.3), 'Std': np.float64(7.22564875980005)}
2024-11-09 17:29:14,971 - INFO - Bottom 10 Std Stats: {'Max': np.float64(0.0), 'Min': np.float64(0.0), 'Mean': np.float64(0.0), 'Std': np.float64(0.0)}
[I 2024-11-09 17:29:15,005] Trial 281 finished with value: 109.0 and parameters: {'x_0': 3, 'x_1': -5, 'x_2': -5, 'x_3': 5, 'x_4': 5}. Best is trial 109 with value: 2.0.
2024-11-09 17:29:20,688 - INFO - Candidate Mean Stats: {'Max': np.float64(109.0), 'Min': np.float64(-4.350408921993676e-14), 'Mean': np.float64(0.08632669154491433), 'Std': np.float64(2.2254544026124483)}
2024-11-09 17:29:20,688 - INFO - Candidate Std Stats: {'Max': np.float64(0.9999999973483363), 'Min': np.float64(0.0), 'Mean': np.float64(0.9982489912840358), 'Std': np.float64(0.04180827788253851)}
2024-11-09 17:29:20,710 - INFO - Top 10 Mean Stats: {'Max': np.float64(2.320366121466577e-15), 'Min': np.float64(-2.450817326860033e-15), 'Mean': np.float64(1.199040866595169e-16), 'Std': np.float64(1.686242386968543e-15)}
2024-11-09 17:29:20,710 - INFO - Top 10 Std Stats: {'Max': np.float64(0.9999999973483363), 'Min': np.float64(0.9999999968044321), 'Mean': np.float64(0.9999999969842003), 'Std': np.float64(1.7885408480233527e-10)}
2024-11-09 17:29:20,711 - INFO - Bottom 10 Mean Stats: {'Max': np.float64(109.0), 'Min': np.float64(86.0), 'Mean': np.float64(94.8), 'Std': np.float64(8.182909018191515)}
2024-11-09 17:29:20,711 - INFO - Bottom 10 Std Stats: {'Max': np.float64(0.0), 'Min': np.float64(0.0), 'Mean': np.float64(0.0), 'Std': np.float64(0.0)}
