[I 2024-11-09 17:06:11,527] Trial 138 finished with value: 42.0 and parameters: {'x_0': 0, 'x_1': 4, 'x_2': -1, 'x_3': 3, 'x_4': 4}. Best is trial 109 with value: 2.0.
2024-11-09 17:06:21,496 - INFO - Candidate Mean Stats: {'Max': np.float64(100.0), 'Min': np.float64(-4.8805404162521884e-14), 'Mean': np.float64(0.042011536718182446), 'Std': np.float64(1.5343351617034224)}
2024-11-09 17:06:21,497 - INFO - Candidate Std Stats: {'Max': np.float64(0.9999999970442107), 'Min': np.float64(0.0), 'Mean': np.float64(0.99913690773102), 'Std': np.float64(0.029365553132668924)}
2024-11-09 17:06:21,523 - INFO - Top 10 Mean Stats: {'Max': np.float64(4.574118861455645e-15), 'Min': np.float64(-2.3037127760972e-15), 'Mean': np.float64(4.2355008389449726e-16), 'Std': np.float64(1.8480812785649536e-15)}
2024-11-09 17:06:21,523 - INFO - Top 10 Std Stats: {'Max': np.float64(0.9999999970442107), 'Min': np.float64(0.9999999966193128), 'Mean': np.float64(0.9999999968012162), 'Std': np.float64(1.1917096946434393e-10)}
2024-11-09 17:06:21,523 - INFO - Bottom 10 Mean Stats: {'Max': np.float64(100.0), 'Min': np.float64(79.0), 'Mean': np.float64(85.2), 'Std': np.float64(6.4621977685614045)}
2024-11-09 17:06:21,524 - INFO - Bottom 10 Std Stats: {'Max': np.float64(0.0), 'Min': np.float64(0.0), 'Mean': np.float64(0.0), 'Std': np.float64(0.0)}
[I 2024-11-09 17:06:21,554] Trial 139 finished with value: 76.0 and parameters: {'x_0': -5, 'x_1': 1, 'x_2': 3, 'x_3': 4, 'x_4': 5}. Best is trial 109 with value: 2.0.
2024-11-09 17:06:33,159 - INFO - Candidate Mean Stats: {'Max': np.float64(100.0), 'Min': np.float64(-4.969358258222201e-14), 'Mean': np.float64(0.042483436923707395), 'Std': np.float64(1.5459653718191546)}
2024-11-09 17:06:33,160 - INFO - Candidate Std Stats: {'Max': np.float64(0.9999999966014655), 'Min': np.float64(0.0), 'Mean': np.float64(0.9991306985998393), 'Std': np.float64(0.029470903741803427)}
2024-11-09 17:06:33,183 - INFO - Top 10 Mean Stats: {'Max': np.float64(1.8596235662471372e-15), 'Min': np.float64(-2.930988785010413e-15), 'Mean': np.float64(-5.188210971951435e-16), 'Std': np.float64(1.7421328808242496e-15)}
2024-11-09 17:06:33,184 - INFO - Top 10 Std Stats: {'Max': np.float64(0.9999999966014655), 'Min': np.float64(0.9999999962219266), 'Mean': np.float64(0.9999999963395101), 'Std': np.float64(1.1850098315964856e-10)}
2024-11-09 17:06:33,184 - INFO - Bottom 10 Mean Stats: {'Max': np.float64(100.0), 'Min': np.float64(79.0), 'Mean': np.float64(85.2), 'Std': np.float64(6.4621977685614045)}
2024-11-09 17:06:33,184 - INFO - Bottom 10 Std Stats: {'Max': np.float64(0.0), 'Min': np.float64(0.0), 'Mean': np.float64(0.0), 'Std': np.float64(0.0)}
[I 2024-11-09 17:06:33,214] Trial 140 finished with value: 53.0 and parameters: {'x_0': -1, 'x_1': -5, 'x_2': 1, 'x_3': 5, 'x_4': 1}. Best is trial 109 with value: 2.0.
2024-11-09 17:06:42,860 - INFO - Candidate Mean Stats: {'Max': np.float64(100.0), 'Min': np.float64(-4.138911435802584e-14), 'Mean': np.float64(0.04281252522492877), 'Std': np.float64(1.5515871038795679)}
2024-11-09 17:06:42,861 - INFO - Candidate Std Stats: {'Max': np.float64(0.999999996576194), 'Min': np.float64(0.0), 'Mean': np.float64(0.9991244893413153), 'Std': np.float64(0.02957587778241056)}
2024-11-09 17:06:42,887 - INFO - Top 10 Mean Stats: {'Max': np.float64(4.3381964687227995e-15), 'Min': np.float64(-3.808064974464287e-15), 'Mean': np.float64(3.638755963208952e-16), 'Std': np.float64(2.462200992570101e-15)}
2024-11-09 17:06:42,887 - INFO - Top 10 Std Stats: {'Max': np.float64(0.999999996576194), 'Min': np.float64(0.9999999963111944), 'Mean': np.float64(0.9999999963851744), 'Std': np.float64(8.47973883586055e-11)}
2024-11-09 17:06:42,887 - INFO - Bottom 10 Mean Stats: {'Max': np.float64(100.0), 'Min': np.float64(79.0), 'Mean': np.float64(85.2), 'Std': np.float64(6.4621977685614045)}
2024-11-09 17:06:42,887 - INFO - Bottom 10 Std Stats: {'Max': np.float64(0.0), 'Min': np.float64(0.0), 'Mean': np.float64(0.0), 'Std': np.float64(0.0)}
[I 2024-11-09 17:06:42,914] Trial 141 finished with value: 26.0 and parameters: {'x_0': 1, 'x_1': -1, 'x_2': 4, 'x_3': 2, 'x_4': -2}. Best is trial 109 with value: 2.0.
2024-11-09 17:06:51,919 - INFO - Candidate Mean Stats: {'Max': np.float64(100.0), 'Min': np.float64(-4.087841176669826e-14), 'Mean': np.float64(0.042973964768924115), 'Std': np.float64(1.552934679803835)}
2024-11-09 17:06:51,921 - INFO - Candidate Std Stats: {'Max': np.float64(0.9999999967376296), 'Min': np.float64(0.0), 'Mean': np.float64(0.9991182804417067), 'Std': np.float64(0.029680479264403117)}
2024-11-09 17:06:51,954 - INFO - Top 10 Mean Stats: {'Max': np.float64(2.2370993946196903e-15), 'Min': np.float64(-3.4139358007223564e-15), 'Mean': np.float64(-1.8030715809302937e-16), 'Std': np.float64(1.682884475696803e-15)}
2024-11-09 17:06:51,954 - INFO - Top 10 Std Stats: {'Max': np.float64(0.9999999967376296), 'Min': np.float64(0.9999999962034642), 'Mean': np.float64(0.9999999963663487), 'Std': np.float64(1.4963054198731857e-10)}
2024-11-09 17:06:51,954 - INFO - Bottom 10 Mean Stats: {'Max': np.float64(100.0), 'Min': np.float64(79.0), 'Mean': np.float64(85.2), 'Std': np.float64(6.4621977685614045)}
2024-11-09 17:06:51,954 - INFO - Bottom 10 Std Stats: {'Max': np.float64(0.0), 'Min': np.float64(0.0), 'Mean': np.float64(0.0), 'Std': np.float64(0.0)}
[I 2024-11-09 17:06:51,985] Trial 142 finished with value: 30.0 and parameters: {'x_0': 2, 'x_1': 3, 'x_2': 0, 'x_3': 4, 'x_4': -1}. Best is trial 109 with value: 2.0.
2024-11-09 17:07:02,037 - INFO - Candidate Mean Stats: {'Max': np.float64(100.0), 'Min': np.float64(-7.289724379688778e-14), 'Mean': np.float64(0.043160241165841884), 'Std': np.float64(1.5547277468661318)}
2024-11-09 17:07:02,039 - INFO - Candidate Std Stats: {'Max': np.float64(0.9999999968050904), 'Min': np.float64(0.0), 'Mean': np.float64(0.9991120715231957), 'Std': np.float64(0.029784712101929168)}
2024-11-09 17:07:02,071 - INFO - Top 10 Mean Stats: {'Max': np.float64(2.1538326677728035e-15), 'Min': np.float64(-3.0864200084579353e-15), 'Mean': np.float64(3.441691376337982e-17), 'Std': np.float64(1.6076815274186801e-15)}
2024-11-09 17:07:02,072 - INFO - Top 10 Std Stats: {'Max': np.float64(0.9999999968050904), 'Min': np.float64(0.9999999965707864), 'Mean': np.float64(0.9999999966551731), 'Std': np.float64(7.752603989269567e-11)}
2024-11-09 17:07:02,072 - INFO - Bottom 10 Mean Stats: {'Max': np.float64(100.0), 'Min': np.float64(79.0), 'Mean': np.float64(85.2), 'Std': np.float64(6.4621977685614045)}
2024-11-09 17:07:02,072 - INFO - Bottom 10 Std Stats: {'Max': np.float64(0.0), 'Min': np.float64(0.0), 'Mean': np.float64(0.0), 'Std': np.float64(0.0)}
[I 2024-11-09 17:07:02,110] Trial 143 finished with value: 28.0 and parameters: {'x_0': 1, 'x_1': 1, 'x_2': -3, 'x_3': -4, 'x_4': 1}. Best is trial 109 with value: 2.0.
2024-11-09 17:07:10,506 - INFO - Candidate Mean Stats: {'Max': np.float64(100.0), 'Min': np.float64(-4.340972026284362e-14), 'Mean': np.float64(0.04333409913629846), 'Std': np.float64(1.556287683019358)}
2024-11-09 17:07:10,508 - INFO - Candidate Std Stats: {'Max': np.float64(0.9999999970728775), 'Min': np.float64(0.0), 'Mean': np.float64(0.9991058621009817), 'Std': np.float64(0.02988858013728423)}
2024-11-09 17:07:10,544 - INFO - Top 10 Mean Stats: {'Max': np.float64(1.4654943925052066e-15), 'Min': np.float64(-2.4313884239290927e-15), 'Mean': np.float64(-2.921274333544943e-16), 'Std': np.float64(1.3588458095503102e-15)}
2024-11-09 17:07:10,544 - INFO - Top 10 Std Stats: {'Max': np.float64(0.9999999970728775), 'Min': np.float64(0.9999999965592364), 'Mean': np.float64(0.9999999967483235), 'Std': np.float64(1.6775402773556162e-10)}
2024-11-09 17:07:10,544 - INFO - Bottom 10 Mean Stats: {'Max': np.float64(100.0), 'Min': np.float64(79.0), 'Mean': np.float64(85.2), 'Std': np.float64(6.4621977685614045)}
2024-11-09 17:07:10,544 - INFO - Bottom 10 Std Stats: {'Max': np.float64(0.0), 'Min': np.float64(0.0), 'Mean': np.float64(0.0), 'Std': np.float64(0.0)}
[I 2024-11-09 17:07:10,572] Trial 144 finished with value: 31.0 and parameters: {'x_0': -3, 'x_1': 0, 'x_2': 3, 'x_3': -2, 'x_4': 3}. Best is trial 109 with value: 2.0.
2024-11-09 17:07:21,104 - INFO - Candidate Mean Stats: {'Max': np.float64(100.0), 'Min': np.float64(-4.616307336391401e-14), 'Mean': np.float64(0.043526584746446786), 'Std': np.float64(1.5581982180713163)}
2024-11-09 17:07:21,104 - INFO - Candidate Std Stats: {'Max': np.float64(0.9999999980491484), 'Min': np.float64(0.0), 'Mean': np.float64(0.9990996527597681), 'Std': np.float64(0.02999208717783615)}
2024-11-09 17:07:21,136 - INFO - Top 10 Mean Stats: {'Max': np.float64(2.7755575615628914e-15), 'Min': np.float64(-2.7922109069322685e-15), 'Mean': np.float64(-1.160183060733289e-16), 'Std': np.float64(1.4661028912787443e-15)}
2024-11-09 17:07:21,137 - INFO - Top 10 Std Stats: {'Max': np.float64(0.9999999980491484), 'Min': np.float64(0.9999999977770752), 'Mean': np.float64(0.9999999979153562), 'Std': np.float64(1.0181902671331916e-10)}
2024-11-09 17:07:21,137 - INFO - Bottom 10 Mean Stats: {'Max': np.float64(100.0), 'Min': np.float64(79.0), 'Mean': np.float64(85.2), 'Std': np.float64(6.4621977685614045)}
2024-11-09 17:07:21,137 - INFO - Bottom 10 Std Stats: {'Max': np.float64(0.0), 'Min': np.float64(0.0), 'Mean': np.float64(0.0), 'Std': np.float64(0.0)}
[I 2024-11-09 17:07:21,176] Trial 145 finished with value: 34.0 and parameters: {'x_0': -2, 'x_1': 0, 'x_2': 1, 'x_3': 5, 'x_4': 2}. Best is trial 109 with value: 2.0.
2024-11-09 17:07:29,660 - INFO - Candidate Mean Stats: {'Max': np.float64(100.0), 'Min': np.float64(-5.3668181010380065e-14), 'Mean': np.float64(0.0437376979962869), 'Std': np.float64(1.5604938688277068)}
2024-11-09 17:07:29,661 - INFO - Candidate Std Stats: {'Max': np.float64(0.9999999970359452), 'Min': np.float64(0.0), 'Mean': np.float64(0.9990934436672257), 'Std': np.float64(0.03009523695341194)}
2024-11-09 17:07:29,683 - INFO - Top 10 Mean Stats: {'Max': np.float64(3.164135620181696e-15), 'Min': np.float64(-4.929390229335695e-15), 'Mean': np.float64(1.0691447727140256e-15), 'Std': np.float64(2.2266604307375906e-15)}
2024-11-09 17:07:29,683 - INFO - Top 10 Std Stats: {'Max': np.float64(0.9999999970359452), 'Min': np.float64(0.9999999965659623), 'Mean': np.float64(0.9999999967546305), 'Std': np.float64(1.4836480338903016e-10)}
2024-11-09 17:07:29,683 - INFO - Bottom 10 Mean Stats: {'Max': np.float64(100.0), 'Min': np.float64(79.0), 'Mean': np.float64(85.2), 'Std': np.float64(6.4621977685614045)}
2024-11-09 17:07:29,684 - INFO - Bottom 10 Std Stats: {'Max': np.float64(0.0), 'Min': np.float64(0.0), 'Mean': np.float64(0.0), 'Std': np.float64(0.0)}
[I 2024-11-09 17:07:29,714] Trial 146 finished with value: 70.0 and parameters: {'x_0': 5, 'x_1': 4, 'x_2': 2, 'x_3': 0, 'x_4': 5}. Best is trial 109 with value: 2.0.
2024-11-09 17:07:38,182 - INFO - Candidate Mean Stats: {'Max': np.float64(100.0), 'Min': np.float64(-6.719069745031448e-14), 'Mean': np.float64(0.04417234292242831), 'Std': np.float64(1.570200003128748)}
2024-11-09 17:07:38,183 - INFO - Candidate Std Stats: {'Max': np.float64(0.9999999982323196), 'Min': np.float64(0.0), 'Mean': np.float64(0.9990872342601683), 'Std': np.float64(0.030198033108156094)}
2024-11-09 17:07:38,204 - INFO - Top 10 Mean Stats: {'Max': np.float64(9.18709552877317e-16), 'Min': np.float64(-2.525757381022231e-15), 'Mean': np.float64(-5.650341305951656e-16), 'Std': np.float64(1.1191093198685336e-15)}
2024-11-09 17:07:38,204 - INFO - Top 10 Std Stats: {'Max': np.float64(0.9999999982323196), 'Min': np.float64(0.9999999976538038), 'Mean': np.float64(0.9999999978475735), 'Std': np.float64(1.7457423901670553e-10)}
2024-11-09 17:07:38,204 - INFO - Bottom 10 Mean Stats: {'Max': np.float64(100.0), 'Min': np.float64(79.0), 'Mean': np.float64(85.2), 'Std': np.float64(6.4621977685614045)}
2024-11-09 17:07:38,204 - INFO - Bottom 10 Std Stats: {'Max': np.float64(0.0), 'Min': np.float64(0.0), 'Mean': np.float64(0.0), 'Std': np.float64(0.0)}
[I 2024-11-09 17:07:38,233] Trial 147 finished with value: 43.0 and parameters: {'x_0': 3, 'x_1': 3, 'x_2': 0, 'x_3': 5, 'x_4': 0}. Best is trial 109 with value: 2.0.
2024-11-09 17:07:46,456 - INFO - Candidate Mean Stats: {'Max': np.float64(100.0), 'Min': np.float64(-5.1614268414823525e-14), 'Mean': np.float64(0.04443933909134373), 'Std': np.float64(1.5738440920590786)}
2024-11-09 17:07:46,457 - INFO - Candidate Std Stats: {'Max': np.float64(0.9999999971377137), 'Min': np.float64(0.0), 'Mean': np.float64(0.99908102527008), 'Std': np.float64(0.03030047926309841)}
2024-11-09 17:07:46,526 - INFO - Top 10 Mean Stats: {'Max': np.float64(2.7200464103316335e-15), 'Min': np.float64(-3.8968828164343e-15), 'Mean': np.float64(-3.3769645066406005e-16), 'Std': np.float64(1.704030600756476e-15)}
2024-11-09 17:07:46,526 - INFO - Top 10 Std Stats: {'Max': np.float64(0.9999999971377137), 'Min': np.float64(0.9999999967275659), 'Mean': np.float64(0.9999999969206262), 'Std': np.float64(1.4209935554124912e-10)}
2024-11-09 17:07:46,526 - INFO - Bottom 10 Mean Stats: {'Max': np.float64(100.0), 'Min': np.float64(79.0), 'Mean': np.float64(85.2), 'Std': np.float64(6.4621977685614045)}
2024-11-09 17:07:46,527 - INFO - Bottom 10 Std Stats: {'Max': np.float64(0.0), 'Min': np.float64(0.0), 'Mean': np.float64(0.0), 'Std': np.float64(0.0)}
[I 2024-11-09 17:07:46,556] Trial 148 finished with value: 82.0 and parameters: {'x_0': 5, 'x_1': 4, 'x_2': -4, 'x_3': -3, 'x_4': 4}. Best is trial 109 with value: 2.0.
2024-11-09 17:07:56,484 - INFO - Candidate Mean Stats: {'Max': np.float64(100.0), 'Min': np.float64(-7.933653733971369e-14), 'Mean': np.float64(0.04494849457625224), 'Std': np.float64(1.5870382678328734)}
2024-11-09 17:07:56,485 - INFO - Candidate Std Stats: {'Max': np.float64(0.9999999966483006), 'Min': np.float64(0.0), 'Mean': np.float64(0.9990748158004928), 'Std': np.float64(0.030402578929348528)}
2024-11-09 17:07:56,512 - INFO - Top 10 Mean Stats: {'Max': np.float64(1.5043521983670872e-15), 'Min': np.float64(-2.0650148258027913e-15), 'Mean': np.float64(3.460773334573729e-17), 'Std': np.float64(1.0801733684423911e-15)}
2024-11-09 17:07:56,512 - INFO - Top 10 Std Stats: {'Max': np.float64(0.9999999966483006), 'Min': np.float64(0.9999999963340687), 'Mean': np.float64(0.9999999964757897), 'Std': np.float64(1.0585522817347285e-10)}
2024-11-09 17:07:56,513 - INFO - Bottom 10 Mean Stats: {'Max': np.float64(100.0), 'Min': np.float64(79.0), 'Mean': np.float64(85.5), 'Std': np.float64(6.232976816898969)}
2024-11-09 17:07:56,513 - INFO - Bottom 10 Std Stats: {'Max': np.float64(0.0), 'Min': np.float64(0.0), 'Mean': np.float64(0.0), 'Std': np.float64(0.0)}
[I 2024-11-09 17:07:56,544] Trial 149 finished with value: 55.0 and parameters: {'x_0': -2, 'x_1': -1, 'x_2': -5, 'x_3': -3, 'x_4': 4}. Best is trial 109 with value: 2.0.
2024-11-09 17:08:05,545 - INFO - Candidate Mean Stats: {'Max': np.float64(100.0), 'Min': np.float64(-4.427014310692812e-14), 'Mean': np.float64(0.04529000130393477), 'Std': np.float64(1.5929351890566883)}
2024-11-09 17:08:05,546 - INFO - Candidate Std Stats: {'Max': np.float64(0.999999998921103), 'Min': np.float64(0.0), 'Mean': np.float64(0.999068606310325), 'Std': np.float64(0.030504335599775313)}
2024-11-09 17:08:05,567 - INFO - Top 10 Mean Stats: {'Max': np.float64(3.3306690738754696e-16), 'Min': np.float64(-7.993605777301127e-16), 'Mean': np.float64(-3.527733660746435e-16), 'Std': np.float64(4.0003565282340603e-16)}
2024-11-09 17:08:05,567 - INFO - Top 10 Std Stats: {'Max': np.float64(0.999999998921103), 'Min': np.float64(0.9999999984016774), 'Mean': np.float64(0.9999999986023766), 'Std': np.float64(1.5453163084412474e-10)}
2024-11-09 17:08:05,567 - INFO - Bottom 10 Mean Stats: {'Max': np.float64(100.0), 'Min': np.float64(79.0), 'Mean': np.float64(85.5), 'Std': np.float64(6.232976816898969)}
2024-11-09 17:08:05,567 - INFO - Bottom 10 Std Stats: {'Max': np.float64(0.0), 'Min': np.float64(0.0), 'Mean': np.float64(0.0), 'Std': np.float64(0.0)}
[I 2024-11-09 17:08:05,598] Trial 150 finished with value: 35.0 and parameters: {'x_0': 3, 'x_1': 0, 'x_2': 3, 'x_3': -4, 'x_4': -1}. Best is trial 109 with value: 2.0.
2024-11-09 17:08:14,273 - INFO - Candidate Mean Stats: {'Max': np.float64(100.0), 'Min': np.float64(-6.488143355909415e-14), 'Mean': np.float64(0.04550732376700547), 'Std': np.float64(1.5953147245745016)}
2024-11-09 17:08:14,274 - INFO - Candidate Std Stats: {'Max': np.float64(0.999999996503508), 'Min': np.float64(0.0), 'Mean': np.float64(0.9990623975505931), 'Std': np.float64(0.03060575271850588)}
2024-11-09 17:08:14,296 - INFO - Top 10 Mean Stats: {'Max': np.float64(3.2682190287403046e-15), 'Min': np.float64(-5.162537064506978e-15), 'Mean': np.float64(-1.3927747843922587e-15), 'Std': np.float64(2.663367765722924e-15)}
2024-11-09 17:08:14,296 - INFO - Top 10 Std Stats: {'Max': np.float64(0.999999996503508), 'Min': np.float64(0.9999999960280263), 'Mean': np.float64(0.9999999961903852), 'Std': np.float64(1.5054503318922944e-10)}
2024-11-09 17:08:14,296 - INFO - Bottom 10 Mean Stats: {'Max': np.float64(100.0), 'Min': np.float64(79.0), 'Mean': np.float64(85.5), 'Std': np.float64(6.232976816898969)}
2024-11-09 17:08:14,296 - INFO - Bottom 10 Std Stats: {'Max': np.float64(0.0), 'Min': np.float64(0.0), 'Mean': np.float64(0.0), 'Std': np.float64(0.0)}
[I 2024-11-09 17:08:14,327] Trial 151 finished with value: 34.0 and parameters: {'x_0': 1, 'x_1': -2, 'x_2': 0, 'x_3': 2, 'x_4': 5}. Best is trial 109 with value: 2.0.
2024-11-09 17:08:23,559 - INFO - Candidate Mean Stats: {'Max': np.float64(100.0), 'Min': np.float64(-4.528044605933701e-14), 'Mean': np.float64(0.045718437016845616), 'Std': np.float64(1.5975567789508933)}
2024-11-09 17:08:23,560 - INFO - Candidate Std Stats: {'Max': np.float64(0.9999999973646331), 'Min': np.float64(0.0), 'Mean': np.float64(0.9990561885076729), 'Std': np.float64(0.030706833619196263)}
2024-11-09 17:08:23,584 - INFO - Top 10 Mean Stats: {'Max': np.float64(2.3092638912203257e-15), 'Min': np.float64(-2.814415367424772e-15), 'Mean': np.float64(1.3267165144270626e-16), 'Std': np.float64(1.5197944525081669e-15)}
2024-11-09 17:08:23,584 - INFO - Top 10 Std Stats: {'Max': np.float64(0.9999999973646331), 'Min': np.float64(0.999999996928034), 'Mean': np.float64(0.9999999970836561), 'Std': np.float64(1.424334448205055e-10)}
2024-11-09 17:08:23,585 - INFO - Bottom 10 Mean Stats: {'Max': np.float64(100.0), 'Min': np.float64(79.0), 'Mean': np.float64(85.5), 'Std': np.float64(6.232976816898969)}
2024-11-09 17:08:23,585 - INFO - Bottom 10 Std Stats: {'Max': np.float64(0.0), 'Min': np.float64(0.0), 'Mean': np.float64(0.0), 'Std': np.float64(0.0)}
[I 2024-11-09 17:08:23,612] Trial 152 finished with value: 75.0 and parameters: {'x_0': 5, 'x_1': -5, 'x_2': -4, 'x_3': 0, 'x_4': 3}. Best is trial 109 with value: 2.0.
2024-11-09 17:08:34,707 - INFO - Candidate Mean Stats: {'Max': np.float64(100.0), 'Min': np.float64(-4.631850458736153e-14), 'Mean': np.float64(0.04618412800913997), 'Std': np.float64(1.608437654432813)}
2024-11-09 17:08:34,708 - INFO - Candidate Std Stats: {'Max': np.float64(0.9999999975526616), 'Min': np.float64(0.0), 'Mean': np.float64(0.9990499786847342), 'Std': np.float64(0.030807581595789047)}
2024-11-09 17:08:34,740 - INFO - Top 10 Mean Stats: {'Max': np.float64(1.898481372109018e-15), 'Min': np.float64(-1.915134717478395e-15), 'Mean': np.float64(-1.033895191682177e-16), 'Std': np.float64(1.2037976241502355e-15)}
2024-11-09 17:08:34,740 - INFO - Top 10 Std Stats: {'Max': np.float64(0.9999999975526616), 'Min': np.float64(0.9999999968025062), 'Mean': np.float64(0.9999999970493001), 'Std': np.float64(2.056672698368139e-10)}
2024-11-09 17:08:34,740 - INFO - Bottom 10 Mean Stats: {'Max': np.float64(100.0), 'Min': np.float64(79.0), 'Mean': np.float64(85.5), 'Std': np.float64(6.232976816898969)}
2024-11-09 17:08:34,740 - INFO - Bottom 10 Std Stats: {'Max': np.float64(0.0), 'Min': np.float64(0.0), 'Mean': np.float64(0.0), 'Std': np.float64(0.0)}
[I 2024-11-09 17:08:34,771] Trial 153 finished with value: 65.0 and parameters: {'x_0': 2, 'x_1': 2, 'x_2': -5, 'x_3': 4, 'x_4': 4}. Best is trial 109 with value: 2.0.
2024-11-09 17:08:45,956 - INFO - Candidate Mean Stats: {'Max': np.float64(100.0), 'Min': np.float64(-4.463651670505442e-14), 'Mean': np.float64(0.04658772686912841), 'Std': np.float64(1.6165605993842946)}
2024-11-09 17:08:45,958 - INFO - Candidate Std Stats: {'Max': np.float64(0.9999999972400114), 'Min': np.float64(0.0), 'Mean': np.float64(0.9990437695273848), 'Std': np.float64(0.030907999948144374)}
2024-11-09 17:08:45,980 - INFO - Top 10 Mean Stats: {'Max': np.float64(1.6056600493641327e-15), 'Min': np.float64(-2.2398749521812534e-15), 'Mean': np.float64(-8.076872504148012e-17), 'Std': np.float64(1.129895495686266e-15)}
2024-11-09 17:08:45,980 - INFO - Top 10 Std Stats: {'Max': np.float64(0.9999999972400114), 'Min': np.float64(0.9999999968406157), 'Mean': np.float64(0.9999999970443421), 'Std': np.float64(1.2498740954458792e-10)}
2024-11-09 17:08:45,980 - INFO - Bottom 10 Mean Stats: {'Max': np.float64(100.0), 'Min': np.float64(79.0), 'Mean': np.float64(85.5), 'Std': np.float64(6.232976816898969)}
2024-11-09 17:08:45,980 - INFO - Bottom 10 Std Stats: {'Max': np.float64(0.0), 'Min': np.float64(0.0), 'Mean': np.float64(0.0), 'Std': np.float64(0.0)}
