[I 2024-11-09 17:26:59,658] Trial 271 finished with value: 44.0 and parameters: {'x_0': 3, 'x_1': 0, 'x_2': 5, 'x_3': -3, 'x_4': -1}. Best is trial 186 with value: 11.0.
2024-11-09 17:27:04,947 - INFO - Candidate Mean Stats: {'Max': np.float64(101.0), 'Min': np.float64(-7.181755190543981e-14), 'Mean': np.float64(0.08265083731240412), 'Std': np.float64(2.145450312365276)}
2024-11-09 17:27:04,948 - INFO - Candidate Std Stats: {'Max': np.float64(0.9999999958778812), 'Min': np.float64(0.0), 'Mean': np.float64(0.9983110810771969), 'Std': np.float64(0.04106158242924017)}
2024-11-09 17:27:04,971 - INFO - Top 10 Mean Stats: {'Max': np.float64(3.1086244689504383e-15), 'Min': np.float64(-5.648259637780484e-15), 'Mean': np.float64(-9.295342273674124e-16), 'Std': np.float64(2.9178280249484084e-15)}
2024-11-09 17:27:04,971 - INFO - Top 10 Std Stats: {'Max': np.float64(0.9999999958778812), 'Min': np.float64(0.9999999955582474), 'Mean': np.float64(0.9999999956617336), 'Std': np.float64(9.824369076406046e-11)}
2024-11-09 17:27:04,971 - INFO - Bottom 10 Mean Stats: {'Max': np.float64(101.0), 'Min': np.float64(84.0), 'Mean': np.float64(92.6), 'Std': np.float64(6.483826030978932)}
2024-11-09 17:27:04,971 - INFO - Bottom 10 Std Stats: {'Max': np.float64(0.0), 'Min': np.float64(0.0), 'Mean': np.float64(0.0), 'Std': np.float64(0.0)}
[I 2024-11-09 17:27:05,004] Trial 272 finished with value: 54.0 and parameters: {'x_0': 5, 'x_1': 0, 'x_2': 3, 'x_3': -4, 'x_4': -2}. Best is trial 186 with value: 11.0.
2024-11-09 17:27:11,493 - INFO - Candidate Mean Stats: {'Max': np.float64(101.0), 'Min': np.float64(-8.15791878494565e-14), 'Mean': np.float64(0.08298613482685611), 'Std': np.float64(2.1496528954562897)}
2024-11-09 17:27:11,494 - INFO - Candidate Std Stats: {'Max': np.float64(0.9999999970178967), 'Min': np.float64(0.0), 'Mean': np.float64(0.9983048724260307), 'Std': np.float64(0.04113686612346195)}
2024-11-09 17:27:11,517 - INFO - Top 10 Mean Stats: {'Max': np.float64(8.368306048112117e-16), 'Min': np.float64(-2.7200464103316335e-15), 'Mean': np.float64(-9.421630142725237e-16), 'Std': np.float64(1.0437401913783864e-15)}
2024-11-09 17:27:11,517 - INFO - Top 10 Std Stats: {'Max': np.float64(0.9999999970178967), 'Min': np.float64(0.999999996134915), 'Mean': np.float64(0.9999999964925909), 'Std': np.float64(2.702978793236606e-10)}
2024-11-09 17:27:11,517 - INFO - Bottom 10 Mean Stats: {'Max': np.float64(101.0), 'Min': np.float64(84.0), 'Mean': np.float64(92.6), 'Std': np.float64(6.483826030978932)}
2024-11-09 17:27:11,517 - INFO - Bottom 10 Std Stats: {'Max': np.float64(0.0), 'Min': np.float64(0.0), 'Mean': np.float64(0.0), 'Std': np.float64(0.0)}
[I 2024-11-09 17:27:11,554] Trial 273 finished with value: 70.0 and parameters: {'x_0': 4, 'x_1': -5, 'x_2': 2, 'x_3': -5, 'x_4': 0}. Best is trial 186 with value: 11.0.
2024-11-09 17:27:17,990 - INFO - Candidate Mean Stats: {'Max': np.float64(101.0), 'Min': np.float64(-6.886713421749846e-14), 'Mean': np.float64(0.08342077975299751), 'Std': np.float64(2.1567012745979475)}
2024-11-09 17:27:17,990 - INFO - Candidate Std Stats: {'Max': np.float64(0.9999999970845543), 'Min': np.float64(0.0), 'Mean': np.float64(0.9982986629183846), 'Std': np.float64(0.041212011323362815)}
2024-11-09 17:27:18,013 - INFO - Top 10 Mean Stats: {'Max': np.float64(2.509104035652854e-15), 'Min': np.float64(-1.5099033134902129e-15), 'Mean': np.float64(5.898059818321143e-16), 'Std': np.float64(1.3198581705242502e-15)}
2024-11-09 17:27:18,013 - INFO - Top 10 Std Stats: {'Max': np.float64(0.9999999970845543), 'Min': np.float64(0.999999996366704), 'Mean': np.float64(0.9999999966091233), 'Std': np.float64(2.387265841158945e-10)}
2024-11-09 17:27:18,013 - INFO - Bottom 10 Mean Stats: {'Max': np.float64(101.0), 'Min': np.float64(84.0), 'Mean': np.float64(92.6), 'Std': np.float64(6.483826030978932)}
2024-11-09 17:27:18,013 - INFO - Bottom 10 Std Stats: {'Max': np.float64(0.0), 'Min': np.float64(0.0), 'Mean': np.float64(0.0), 'Std': np.float64(0.0)}
[I 2024-11-09 17:27:18,041] Trial 274 finished with value: 7.0 and parameters: {'x_0': 0, 'x_1': -2, 'x_2': 1, 'x_3': 1, 'x_4': -1}. Best is trial 274 with value: 7.0.
2024-11-09 17:27:24,643 - INFO - Candidate Mean Stats: {'Max': np.float64(101.0), 'Min': np.float64(-5.5988547131846646e-14), 'Mean': np.float64(0.08346424424561166), 'Std': np.float64(2.156770128161046)}
2024-11-09 17:27:24,643 - INFO - Candidate Std Stats: {'Max': np.float64(0.999999997022563), 'Min': np.float64(0.0), 'Mean': np.float64(0.9982924542299703), 'Std': np.float64(0.04128701885406711)}
2024-11-09 17:27:24,671 - INFO - Top 10 Mean Stats: {'Max': np.float64(4.063416270128073e-15), 'Min': np.float64(-1.2441436769705661e-15), 'Mean': np.float64(7.874256802153922e-16), 'Std': np.float64(1.8265826484975617e-15)}
2024-11-09 17:27:24,671 - INFO - Top 10 Std Stats: {'Max': np.float64(0.999999997022563), 'Min': np.float64(0.9999999965672403), 'Mean': np.float64(0.9999999967349934), 'Std': np.float64(1.5178851894220994e-10)}
2024-11-09 17:27:24,672 - INFO - Bottom 10 Mean Stats: {'Max': np.float64(101.0), 'Min': np.float64(84.0), 'Mean': np.float64(92.6), 'Std': np.float64(6.483826030978932)}
2024-11-09 17:27:24,672 - INFO - Bottom 10 Std Stats: {'Max': np.float64(0.0), 'Min': np.float64(0.0), 'Mean': np.float64(0.0), 'Std': np.float64(0.0)}
[I 2024-11-09 17:27:24,705] Trial 275 finished with value: 46.0 and parameters: {'x_0': 5, 'x_1': -2, 'x_2': 2, 'x_3': 2, 'x_4': 3}. Best is trial 274 with value: 7.0.
2024-11-09 17:27:31,143 - INFO - Candidate Mean Stats: {'Max': np.float64(101.0), 'Min': np.float64(-5.204725539442734e-14), 'Mean': np.float64(0.08374986805421883), 'Std': np.float64(2.1598028429910308)}
2024-11-09 17:27:31,144 - INFO - Candidate Std Stats: {'Max': np.float64(0.9999999964097356), 'Min': np.float64(0.0), 'Mean': np.float64(0.9982862455514327), 'Std': np.float64(0.04136188943137672)}
2024-11-09 17:27:31,168 - INFO - Top 10 Mean Stats: {'Max': np.float64(2.1871393585115583e-15), 'Min': np.float64(-4.352074256530614e-15), 'Mean': np.float64(-4.446443213623752e-16), 'Std': np.float64(2.361493502975804e-15)}
2024-11-09 17:27:31,169 - INFO - Top 10 Std Stats: {'Max': np.float64(0.9999999964097356), 'Min': np.float64(0.9999999960413587), 'Mean': np.float64(0.9999999961787832), 'Std': np.float64(1.0846477092840997e-10)}
2024-11-09 17:27:31,170 - INFO - Bottom 10 Mean Stats: {'Max': np.float64(101.0), 'Min': np.float64(84.0), 'Mean': np.float64(92.6), 'Std': np.float64(6.483826030978932)}
2024-11-09 17:27:31,170 - INFO - Bottom 10 Std Stats: {'Max': np.float64(0.0), 'Min': np.float64(0.0), 'Mean': np.float64(0.0), 'Std': np.float64(0.0)}
[I 2024-11-09 17:27:31,210] Trial 276 finished with value: 30.0 and parameters: {'x_0': 4, 'x_1': -3, 'x_2': 0, 'x_3': 2, 'x_4': -1}. Best is trial 274 with value: 7.0.
2024-11-09 17:27:37,710 - INFO - Candidate Mean Stats: {'Max': np.float64(101.0), 'Min': np.float64(-6.139533326177116e-14), 'Mean': np.float64(0.08393614445113662), 'Std': np.float64(2.1610889330505234)}
2024-11-09 17:27:37,710 - INFO - Candidate Std Stats: {'Max': np.float64(0.9999999971904137), 'Min': np.float64(0.0), 'Mean': np.float64(0.9982800361100975), 'Std': np.float64(0.04143662376559467)}
2024-11-09 17:27:37,732 - INFO - Top 10 Mean Stats: {'Max': np.float64(2.3536728122053318e-15), 'Min': np.float64(-3.774758283725532e-15), 'Mean': np.float64(-2.309263891220325e-16), 'Std': np.float64(1.6181918578433853e-15)}
2024-11-09 17:27:37,732 - INFO - Top 10 Std Stats: {'Max': np.float64(0.9999999971904137), 'Min': np.float64(0.9999999966507535), 'Mean': np.float64(0.999999996826055), 'Std': np.float64(2.032713573507662e-10)}
2024-11-09 17:27:37,732 - INFO - Bottom 10 Mean Stats: {'Max': np.float64(101.0), 'Min': np.float64(84.0), 'Mean': np.float64(92.6), 'Std': np.float64(6.483826030978932)}
2024-11-09 17:27:37,732 - INFO - Bottom 10 Std Stats: {'Max': np.float64(0.0), 'Min': np.float64(0.0), 'Mean': np.float64(0.0), 'Std': np.float64(0.0)}
[I 2024-11-09 17:27:37,764] Trial 277 finished with value: 47.0 and parameters: {'x_0': 3, 'x_1': 4, 'x_2': -3, 'x_3': 2, 'x_4': 3}. Best is trial 274 with value: 7.0.
2024-11-09 17:27:42,667 - INFO - Candidate Mean Stats: {'Max': np.float64(101.0), 'Min': np.float64(-6.205591596142313e-14), 'Mean': np.float64(0.08422797747297442), 'Std': np.float64(2.164248703993134)}
2024-11-09 17:27:42,667 - INFO - Candidate Std Stats: {'Max': np.float64(0.9999999971054653), 'Min': np.float64(0.0), 'Mean': np.float64(0.998273826796446), 'Std': np.float64(0.04151122262925945)}
2024-11-09 17:27:42,688 - INFO - Top 10 Mean Stats: {'Max': np.float64(3.6193270602780105e-15), 'Min': np.float64(-2.0594637106796655e-15), 'Mean': np.float64(6.236677840831819e-16), 'Std': np.float64(1.4442205379874783e-15)}
2024-11-09 17:27:42,689 - INFO - Top 10 Std Stats: {'Max': np.float64(0.9999999971054653), 'Min': np.float64(0.9999999968393921), 'Mean': np.float64(0.9999999969717142), 'Std': np.float64(9.449550060941071e-11)}
2024-11-09 17:27:42,689 - INFO - Bottom 10 Mean Stats: {'Max': np.float64(101.0), 'Min': np.float64(84.0), 'Mean': np.float64(92.6), 'Std': np.float64(6.483826030978932)}
2024-11-09 17:27:42,689 - INFO - Bottom 10 Std Stats: {'Max': np.float64(0.0), 'Min': np.float64(0.0), 'Mean': np.float64(0.0), 'Std': np.float64(0.0)}
[I 2024-11-09 17:27:42,713] Trial 278 finished with value: 46.0 and parameters: {'x_0': -2, 'x_1': 2, 'x_2': 2, 'x_3': 5, 'x_4': -3}. Best is trial 274 with value: 7.0.
2024-11-09 17:27:49,962 - INFO - Candidate Mean Stats: {'Max': np.float64(101.0), 'Min': np.float64(-7.034373084024992e-14), 'Mean': np.float64(0.08451360128158164), 'Std': np.float64(2.167270853243659)}
2024-11-09 17:27:49,963 - INFO - Candidate Std Stats: {'Max': np.float64(0.9999999966762955), 'Min': np.float64(0.0), 'Mean': np.float64(0.9982676178897163), 'Std': np.float64(0.0415856867631059)}
2024-11-09 17:27:49,986 - INFO - Top 10 Mean Stats: {'Max': np.float64(1.587618925213974e-15), 'Min': np.float64(-3.0309088572266774e-15), 'Mean': np.float64(-5.50948175970234e-16), 'Std': np.float64(1.2456195514615342e-15)}
2024-11-09 17:27:49,987 - INFO - Top 10 Std Stats: {'Max': np.float64(0.9999999966762955), 'Min': np.float64(0.9999999963227644), 'Mean': np.float64(0.9999999964210072), 'Std': np.float64(1.14129336536443e-10)}
2024-11-09 17:27:49,987 - INFO - Bottom 10 Mean Stats: {'Max': np.float64(101.0), 'Min': np.float64(84.0), 'Mean': np.float64(92.6), 'Std': np.float64(6.483826030978932)}
2024-11-09 17:27:49,987 - INFO - Bottom 10 Std Stats: {'Max': np.float64(0.0), 'Min': np.float64(0.0), 'Mean': np.float64(0.0), 'Std': np.float64(0.0)}
[I 2024-11-09 17:27:50,019] Trial 279 finished with value: 46.0 and parameters: {'x_0': 4, 'x_1': 3, 'x_2': 2, 'x_3': 1, 'x_4': -4}. Best is trial 274 with value: 7.0.
2024-11-09 17:27:57,035 - INFO - Candidate Mean Stats: {'Max': np.float64(101.0), 'Min': np.float64(-6.612488334667433e-14), 'Mean': np.float64(0.08479922509018882), 'Std': np.float64(2.1702887565347413)}
2024-11-09 17:27:57,036 - INFO - Candidate Std Stats: {'Max': np.float64(0.9999999984891242), 'Min': np.float64(0.0), 'Mean': np.float64(0.9982614082101632), 'Std': np.float64(0.0416600168405404)}
2024-11-09 17:27:57,059 - INFO - Top 10 Mean Stats: {'Max': np.float64(2.3092638912203257e-15), 'Min': np.float64(-1.0824674490095276e-15), 'Mean': np.float64(2.7366997557010107e-16), 'Std': np.float64(1.0062107826738917e-15)}
2024-11-09 17:27:57,059 - INFO - Top 10 Std Stats: {'Max': np.float64(0.9999999984891242), 'Min': np.float64(0.9999999981115416), 'Mean': np.float64(0.9999999982837847), 'Std': np.float64(1.256654220472023e-10)}
2024-11-09 17:27:57,059 - INFO - Bottom 10 Mean Stats: {'Max': np.float64(101.0), 'Min': np.float64(84.0), 'Mean': np.float64(92.6), 'Std': np.float64(6.483826030978932)}
2024-11-09 17:27:57,059 - INFO - Bottom 10 Std Stats: {'Max': np.float64(0.0), 'Min': np.float64(0.0), 'Mean': np.float64(0.0), 'Std': np.float64(0.0)}
[I 2024-11-09 17:27:57,097] Trial 280 finished with value: 41.0 and parameters: {'x_0': 2, 'x_1': 1, 'x_2': 4, 'x_3': 4, 'x_4': 2}. Best is trial 274 with value: 7.0.
2024-11-09 17:28:03,580 - INFO - Candidate Mean Stats: {'Max': np.float64(101.0), 'Min': np.float64(-4.970468481246826e-14), 'Mean': np.float64(0.08505380283264306), 'Std': np.float64(2.1726821519452266)}
2024-11-09 17:28:03,581 - INFO - Candidate Std Stats: {'Max': np.float64(0.9999999980067007), 'Min': np.float64(0.0), 'Mean': np.float64(0.9982551992900943), 'Std': np.float64(0.04173421364155663)}
2024-11-09 17:28:03,605 - INFO - Top 10 Mean Stats: {'Max': np.float64(1.6819878823071122e-15), 'Min': np.float64(-6.883382752675971e-16), 'Mean': np.float64(4.677855325319057e-16), 'Std': np.float64(6.703890896459316e-16)}
2024-11-09 17:28:03,605 - INFO - Top 10 Std Stats: {'Max': np.float64(0.9999999980067007), 'Min': np.float64(0.9999999975900221), 'Mean': np.float64(0.999999997753154), 'Std': np.float64(1.3427368762928135e-10)}
2024-11-09 17:28:03,605 - INFO - Bottom 10 Mean Stats: {'Max': np.float64(101.0), 'Min': np.float64(84.0), 'Mean': np.float64(92.6), 'Std': np.float64(6.483826030978932)}
2024-11-09 17:28:03,605 - INFO - Bottom 10 Std Stats: {'Max': np.float64(0.0), 'Min': np.float64(0.0), 'Mean': np.float64(0.0), 'Std': np.float64(0.0)}
[I 2024-11-09 17:28:03,639] Trial 281 finished with value: 22.0 and parameters: {'x_0': 4, 'x_1': -2, 'x_2': -1, 'x_3': 0, 'x_4': 1}. Best is trial 274 with value: 7.0.
2024-11-09 17:28:09,223 - INFO - Candidate Mean Stats: {'Max': np.float64(101.0), 'Min': np.float64(-6.59916565837193e-14), 'Mean': np.float64(0.08519040552371612), 'Std': np.float64(2.173368292942535)}
2024-11-09 17:28:09,223 - INFO - Candidate Std Stats: {'Max': np.float64(0.9999999969757649), 'Min': np.float64(0.0), 'Mean': np.float64(0.9982489900037854), 'Std': np.float64(0.0418082778289196)}
2024-11-09 17:28:09,248 - INFO - Top 10 Mean Stats: {'Max': np.float64(2.930988785010413e-15), 'Min': np.float64(-4.085620730620576e-15), 'Mean': np.float64(-3.2973623831367146e-16), 'Std': np.float64(2.2581731632812204e-15)}
2024-11-09 17:28:09,249 - INFO - Top 10 Std Stats: {'Max': np.float64(0.9999999969757649), 'Min': np.float64(0.99999999648599), 'Mean': np.float64(0.999999996654872), 'Std': np.float64(1.6886999891644715e-10)}
2024-11-09 17:28:09,249 - INFO - Bottom 10 Mean Stats: {'Max': np.float64(101.0), 'Min': np.float64(84.0), 'Mean': np.float64(92.6), 'Std': np.float64(6.483826030978932)}
2024-11-09 17:28:09,249 - INFO - Bottom 10 Std Stats: {'Max': np.float64(0.0), 'Min': np.float64(0.0), 'Mean': np.float64(0.0), 'Std': np.float64(0.0)}
[I 2024-11-09 17:28:09,280] Trial 282 finished with value: 93.0 and parameters: {'x_0': 5, 'x_1': -3, 'x_2': 5, 'x_3': 3, 'x_4': -5}. Best is trial 274 with value: 7.0.
2024-11-09 17:28:14,550 - INFO - Candidate Mean Stats: {'Max': np.float64(101.0), 'Min': np.float64(-6.397105067890152e-14), 'Mean': np.float64(0.08576786235416113), 'Std': np.float64(2.18566568829266)}
2024-11-09 17:28:14,551 - INFO - Candidate Std Stats: {'Max': np.float64(0.9999999971653056), 'Min': np.float64(0.0), 'Mean': np.float64(0.9982427810201386), 'Std': np.float64(0.04188221013406974)}
2024-11-09 17:28:14,576 - INFO - Top 10 Mean Stats: {'Max': np.float64(2.5202062658991053e-15), 'Min': np.float64(-3.0558888752807432e-15), 'Mean': np.float64(-2.2648549702353194e-16), 'Std': np.float64(1.405294259082906e-15)}
2024-11-09 17:28:14,576 - INFO - Top 10 Std Stats: {'Max': np.float64(0.9999999971653056), 'Min': np.float64(0.9999999966894914), 'Mean': np.float64(0.9999999968536338), 'Std': np.float64(1.5787755959955345e-10)}
2024-11-09 17:28:14,576 - INFO - Bottom 10 Mean Stats: {'Max': np.float64(101.0), 'Min': np.float64(84.0), 'Mean': np.float64(93.5), 'Std': np.float64(5.818075283115543)}
2024-11-09 17:28:14,576 - INFO - Bottom 10 Std Stats: {'Max': np.float64(0.0), 'Min': np.float64(0.0), 'Mean': np.float64(0.0), 'Std': np.float64(0.0)}
[I 2024-11-09 17:28:14,606] Trial 283 finished with value: 23.0 and parameters: {'x_0': 1, 'x_1': -1, 'x_2': 4, 'x_3': -1, 'x_4': 2}. Best is trial 274 with value: 7.0.
2024-11-09 17:28:20,010 - INFO - Candidate Mean Stats: {'Max': np.float64(101.0), 'Min': np.float64(-5.113687251423471e-14), 'Mean': np.float64(0.08591067425846469), 'Std': np.float64(2.1864113650088965)}
2024-11-09 17:28:20,010 - INFO - Candidate Std Stats: {'Max': np.float64(0.9999999969435727), 'Min': np.float64(0.0), 'Mean': np.float64(0.9982365714535751), 'Std': np.float64(0.04195601121710469)}
2024-11-09 17:28:20,036 - INFO - Top 10 Mean Stats: {'Max': np.float64(1.2836953722228372e-15), 'Min': np.float64(-2.2148949341271872e-15), 'Mean': np.float64(1.1615708395140694e-16), 'Std': np.float64(1.0652588565319346e-15)}
2024-11-09 17:28:20,036 - INFO - Top 10 Std Stats: {'Max': np.float64(0.9999999969435727), 'Min': np.float64(0.9999999964447591), 'Mean': np.float64(0.9999999966338182), 'Std': np.float64(1.560664219656042e-10)}
2024-11-09 17:28:20,036 - INFO - Bottom 10 Mean Stats: {'Max': np.float64(101.0), 'Min': np.float64(84.0), 'Mean': np.float64(93.5), 'Std': np.float64(5.818075283115543)}
2024-11-09 17:28:20,036 - INFO - Bottom 10 Std Stats: {'Max': np.float64(0.0), 'Min': np.float64(0.0), 'Mean': np.float64(0.0), 'Std': np.float64(0.0)}
[I 2024-11-09 17:28:20,068] Trial 284 finished with value: 26.0 and parameters: {'x_0': 0, 'x_1': 3, 'x_2': 3, 'x_3': 2, 'x_4': -2}. Best is trial 274 with value: 7.0.
2024-11-09 17:28:26,947 - INFO - Candidate Mean Stats: {'Max': np.float64(101.0), 'Min': np.float64(-5.1009196866402816e-14), 'Mean': np.float64(0.0860721138024601), 'Std': np.float64(2.187364697612419)}
2024-11-09 17:28:26,948 - INFO - Candidate Std Stats: {'Max': np.float64(0.999999997703242), 'Min': np.float64(0.0), 'Mean': np.float64(0.9982303621700315), 'Std': np.float64(0.042029681805475255)}
2024-11-09 17:28:26,970 - INFO - Top 10 Mean Stats: {'Max': np.float64(2.836619827917275e-15), 'Min': np.float64(-3.4305891460917336e-15), 'Mean': np.float64(-6.888933867799096e-16), 'Std': np.float64(1.9106039119720174e-15)}
2024-11-09 17:28:26,971 - INFO - Top 10 Std Stats: {'Max': np.float64(0.999999997703242), 'Min': np.float64(0.9999999970483657), 'Mean': np.float64(0.9999999972486142), 'Std': np.float64(2.109036563924716e-10)}
2024-11-09 17:28:26,971 - INFO - Bottom 10 Mean Stats: {'Max': np.float64(101.0), 'Min': np.float64(84.0), 'Mean': np.float64(93.5), 'Std': np.float64(5.818075283115543)}
2024-11-09 17:28:26,971 - INFO - Bottom 10 Std Stats: {'Max': np.float64(0.0), 'Min': np.float64(0.0), 'Mean': np.float64(0.0), 'Std': np.float64(0.0)}
[I 2024-11-09 17:28:27,003] Trial 285 finished with value: 30.0 and parameters: {'x_0': -2, 'x_1': -2, 'x_2': -3, 'x_3': -3, 'x_4': 2}. Best is trial 274 with value: 7.0.
2024-11-09 17:28:33,430 - INFO - Candidate Mean Stats: {'Max': np.float64(101.0), 'Min': np.float64(-5.049294315995212e-14), 'Mean': np.float64(0.08625839019937782), 'Std': np.float64(2.1886343941287305)}
2024-11-09 17:28:33,430 - INFO - Candidate Std Stats: {'Max': np.float64(0.9999999968327749), 'Min': np.float64(0.0), 'Mean': np.float64(0.9982241528624903), 'Std': np.float64(0.04210322257136082)}
2024-11-09 17:28:33,454 - INFO - Top 10 Mean Stats: {'Max': np.float64(2.19824158875781e-15), 'Min': np.float64(-1.5543122344752192e-15), 'Mean': np.float64(1.7041923427996157e-16), 'Std': np.float64(1.0170910916950995e-15)}
2024-11-09 17:28:33,454 - INFO - Top 10 Std Stats: {'Max': np.float64(0.9999999968327749), 'Min': np.float64(0.9999999964106788), 'Mean': np.float64(0.9999999965572972), 'Std': np.float64(1.4988844345994333e-10)}
2024-11-09 17:28:33,454 - INFO - Bottom 10 Mean Stats: {'Max': np.float64(101.0), 'Min': np.float64(84.0), 'Mean': np.float64(93.5), 'Std': np.float64(5.818075283115543)}
2024-11-09 17:28:33,454 - INFO - Bottom 10 Std Stats: {'Max': np.float64(0.0), 'Min': np.float64(0.0), 'Mean': np.float64(0.0), 'Std': np.float64(0.0)}
[I 2024-11-09 17:28:33,485] Trial 286 finished with value: 100.0 and parameters: {'x_0': 0, 'x_1': -5, 'x_2': 5, 'x_3': 5, 'x_4': 5}. Best is trial 274 with value: 7.0.
2024-11-09 17:28:40,653 - INFO - Candidate Mean Stats: {'Max': np.float64(101.0), 'Min': np.float64(-5.276890036043369e-14), 'Mean': np.float64(0.086879311522437), 'Std': np.float64(2.202749449796396)}
2024-11-09 17:28:40,655 - INFO - Candidate Std Stats: {'Max': np.float64(0.9999999981461946), 'Min': np.float64(0.0), 'Mean': np.float64(0.9982179433102536), 'Std': np.float64(0.04217663418451595)}
2024-11-09 17:28:40,679 - INFO - Top 10 Mean Stats: {'Max': np.float64(8.437694987151189e-16), 'Min': np.float64(-2.575717417130363e-15), 'Mean': np.float64(-4.61852778244065e-16), 'Std': np.float64(1.0382953881603416e-15)}
2024-11-09 17:28:40,679 - INFO - Top 10 Std Stats: {'Max': np.float64(0.9999999981461946), 'Min': np.float64(0.9999999978572511), 'Mean': np.float64(0.9999999979944627), 'Std': np.float64(9.652396472607277e-11)}
2024-11-09 17:28:40,679 - INFO - Bottom 10 Mean Stats: {'Max': np.float64(101.0), 'Min': np.float64(85.0), 'Mean': np.float64(95.1), 'Std': np.float64(5.146843692983109)}
2024-11-09 17:28:40,679 - INFO - Bottom 10 Std Stats: {'Max': np.float64(0.0), 'Min': np.float64(0.0), 'Mean': np.float64(0.0), 'Std': np.float64(0.0)}
