[I 2024-11-09 16:42:52,845] Trial 15 finished with value: 50.0 and parameters: {'x_0': 4, 'x_1': 0, 'x_2': -3, 'x_3': -5, 'x_4': 0}. Best is trial 13 with value: 19.0.
2024-11-09 16:43:00,620 - INFO - Candidate Mean Stats: {'Max': np.float64(109.0), 'Min': np.float64(-7.855938122247608e-14), 'Mean': np.float64(0.005054299569701521), 'Std': np.float64(0.5509585350332108)}
2024-11-09 16:43:00,621 - INFO - Candidate Std Stats: {'Max': np.float64(0.99999999627026), 'Min': np.float64(0.0), 'Mean': np.float64(0.9999006381899057), 'Std': np.float64(0.009966821906725652)}
2024-11-09 16:43:00,652 - INFO - Top 10 Mean Stats: {'Max': np.float64(8.18789480661053e-15), 'Min': np.float64(-6.195044477408373e-15), 'Mean': np.float64(1.7374990335383702e-16), 'Std': np.float64(4.183249088878484e-15)}
2024-11-09 16:43:00,652 - INFO - Top 10 Std Stats: {'Max': np.float64(0.99999999627026), 'Min': np.float64(0.9999999957220106), 'Mean': np.float64(0.9999999959500638), 'Std': np.float64(1.7937730362042489e-10)}
2024-11-09 16:43:00,652 - INFO - Bottom 10 Mean Stats: {'Max': np.float64(109.0), 'Min': np.float64(47.0), 'Mean': np.float64(63.0), 'Std': np.float64(18.022208521710095)}
2024-11-09 16:43:00,652 - INFO - Bottom 10 Std Stats: {'Max': np.float64(0.0), 'Min': np.float64(0.0), 'Mean': np.float64(0.0), 'Std': np.float64(0.0)}
[I 2024-11-09 16:43:00,690] Trial 16 finished with value: 29.0 and parameters: {'x_0': -3, 'x_1': 1, 'x_2': 3, 'x_3': -3, 'x_4': -1}. Best is trial 13 with value: 19.0.
2024-11-09 16:43:08,443 - INFO - Candidate Mean Stats: {'Max': np.float64(109.0), 'Min': np.float64(-9.710010573371619e-14), 'Mean': np.float64(0.005234366753388696), 'Std': np.float64(0.5556756275037629)}
2024-11-09 16:43:08,444 - INFO - Candidate Std Stats: {'Max': np.float64(0.9999999963900142), 'Min': np.float64(0.0), 'Mean': np.float64(0.9998944286129444), 'Std': np.float64(0.010273532965953448)}
2024-11-09 16:43:08,480 - INFO - Top 10 Mean Stats: {'Max': np.float64(5.279110482092619e-15), 'Min': np.float64(-6.988853940015361e-15), 'Mean': np.float64(-4.028721800608537e-16), 'Std': np.float64(4.012609083698182e-15)}
2024-11-09 16:43:08,480 - INFO - Top 10 Std Stats: {'Max': np.float64(0.9999999963900142), 'Min': np.float64(0.9999999960509848), 'Mean': np.float64(0.999999996201461), 'Std': np.float64(1.1344353997007653e-10)}
2024-11-09 16:43:08,481 - INFO - Bottom 10 Mean Stats: {'Max': np.float64(109.0), 'Min': np.float64(47.0), 'Mean': np.float64(63.0), 'Std': np.float64(18.022208521710095)}
2024-11-09 16:43:08,481 - INFO - Bottom 10 Std Stats: {'Max': np.float64(0.0), 'Min': np.float64(0.0), 'Mean': np.float64(0.0), 'Std': np.float64(0.0)}
[I 2024-11-09 16:43:08,519] Trial 17 finished with value: 71.0 and parameters: {'x_0': -5, 'x_1': 2, 'x_2': 1, 'x_3': -5, 'x_4': -4}. Best is trial 13 with value: 19.0.
2024-11-09 16:43:16,104 - INFO - Candidate Mean Stats: {'Max': np.float64(109.0), 'Min': np.float64(-1.1324274851176597e-13), 'Mean': np.float64(0.005675220892760702), 'Std': np.float64(0.5831562718176322)}
2024-11-09 16:43:16,106 - INFO - Candidate Std Stats: {'Max': np.float64(0.9999999956434688), 'Min': np.float64(0.0), 'Mean': np.float64(0.999888219651459), 'Std': np.float64(0.01057134538762967)}
2024-11-09 16:43:16,133 - INFO - Top 10 Mean Stats: {'Max': np.float64(5.875855357828641e-15), 'Min': np.float64(-4.06064071256651e-15), 'Mean': np.float64(-5.502542865798437e-17), 'Std': np.float64(3.3261639577391977e-15)}
2024-11-09 16:43:16,133 - INFO - Top 10 Std Stats: {'Max': np.float64(0.9999999956434688), 'Min': np.float64(0.9999999950764984), 'Mean': np.float64(0.9999999953449293), 'Std': np.float64(1.853390438270752e-10)}
2024-11-09 16:43:16,133 - INFO - Bottom 10 Mean Stats: {'Max': np.float64(109.0), 'Min': np.float64(50.0), 'Mean': np.float64(65.4), 'Std': np.float64(17.315888657530692)}
2024-11-09 16:43:16,133 - INFO - Bottom 10 Std Stats: {'Max': np.float64(0.0), 'Min': np.float64(0.0), 'Mean': np.float64(0.0), 'Std': np.float64(0.0)}
[I 2024-11-09 16:43:16,171] Trial 18 finished with value: 26.0 and parameters: {'x_0': -4, 'x_1': 1, 'x_2': -1, 'x_3': 2, 'x_4': -2}. Best is trial 13 with value: 19.0.
2024-11-09 16:43:23,453 - INFO - Candidate Mean Stats: {'Max': np.float64(109.0), 'Min': np.float64(-8.739675649849233e-14), 'Mean': np.float64(0.005836660436756075), 'Std': np.float64(0.5867425389651303)}
2024-11-09 16:43:23,454 - INFO - Candidate Std Stats: {'Max': np.float64(0.9999999961933692), 'Min': np.float64(0.0), 'Mean': np.float64(0.9998820105480192), 'Std': np.float64(0.010860991201114561)}
2024-11-09 16:43:23,486 - INFO - Top 10 Mean Stats: {'Max': np.float64(4.340278136893971e-15), 'Min': np.float64(-4.6629367034256575e-15), 'Mean': np.float64(6.127498682062526e-16), 'Std': np.float64(2.4368266548159158e-15)}
2024-11-09 16:43:23,487 - INFO - Top 10 Std Stats: {'Max': np.float64(0.9999999961933692), 'Min': np.float64(0.9999999955747679), 'Mean': np.float64(0.9999999957884859), 'Std': np.float64(2.2586308802742614e-10)}
2024-11-09 16:43:23,487 - INFO - Bottom 10 Mean Stats: {'Max': np.float64(109.0), 'Min': np.float64(50.0), 'Mean': np.float64(65.4), 'Std': np.float64(17.315888657530692)}
2024-11-09 16:43:23,487 - INFO - Bottom 10 Std Stats: {'Max': np.float64(0.0), 'Min': np.float64(0.0), 'Mean': np.float64(0.0), 'Std': np.float64(0.0)}
[I 2024-11-09 16:43:23,543] Trial 19 finished with value: 53.0 and parameters: {'x_0': -2, 'x_1': 2, 'x_2': 2, 'x_3': 4, 'x_4': -5}. Best is trial 13 with value: 19.0.
2024-11-09 16:43:32,780 - INFO - Candidate Mean Stats: {'Max': np.float64(109.0), 'Min': np.float64(-1.1937673072281996e-13), 'Mean': np.float64(0.006165748737977382), 'Std': np.float64(0.6014187701955547)}
2024-11-09 16:43:32,781 - INFO - Candidate Std Stats: {'Max': np.float64(0.9999999964051268), 'Min': np.float64(0.0), 'Mean': np.float64(0.9998758008411135), 'Std': np.float64(0.011143107249820877)}
2024-11-09 16:43:32,815 - INFO - Top 10 Mean Stats: {'Max': np.float64(3.332056852656251e-15), 'Min': np.float64(-4.318767565791859e-15), 'Mean': np.float64(-2.807476473520864e-16), 'Std': np.float64(2.0281588097337887e-15)}
2024-11-09 16:43:32,815 - INFO - Top 10 Std Stats: {'Max': np.float64(0.9999999964051268), 'Min': np.float64(0.9999999957069559), 'Mean': np.float64(0.9999999958529491), 'Std': np.float64(2.1618712262540387e-10)}
2024-11-09 16:43:32,815 - INFO - Bottom 10 Mean Stats: {'Max': np.float64(109.0), 'Min': np.float64(51.0), 'Mean': np.float64(65.7), 'Std': np.float64(17.070735192135107)}
2024-11-09 16:43:32,815 - INFO - Bottom 10 Std Stats: {'Max': np.float64(0.0), 'Min': np.float64(0.0), 'Mean': np.float64(0.0), 'Std': np.float64(0.0)}
[I 2024-11-09 16:43:32,869] Trial 20 finished with value: 61.0 and parameters: {'x_0': -2, 'x_1': 0, 'x_2': 5, 'x_3': -4, 'x_4': -4}. Best is trial 13 with value: 19.0.
2024-11-09 16:43:43,565 - INFO - Candidate Mean Stats: {'Max': np.float64(109.0), 'Min': np.float64(-9.032774528350274e-14), 'Mean': np.float64(0.006544510745043498), 'Std': np.float64(0.6203258864590228)}
2024-11-09 16:43:43,567 - INFO - Candidate Std Stats: {'Max': np.float64(0.9999999956851557), 'Min': np.float64(0.0), 'Mean': np.float64(0.9998695921290075), 'Std': np.float64(0.011418251688845993)}
2024-11-09 16:43:43,608 - INFO - Top 10 Mean Stats: {'Max': np.float64(4.343747583845925e-15), 'Min': np.float64(-3.452793606584237e-15), 'Mean': np.float64(2.6648822037955706e-16), 'Std': np.float64(2.8101072890955172e-15)}
2024-11-09 16:43:43,608 - INFO - Top 10 Std Stats: {'Max': np.float64(0.9999999956851557), 'Min': np.float64(0.9999999952234704), 'Mean': np.float64(0.9999999953913532), 'Std': np.float64(1.481681394262215e-10)}
2024-11-09 16:43:43,608 - INFO - Bottom 10 Mean Stats: {'Max': np.float64(109.0), 'Min': np.float64(52.0), 'Mean': np.float64(66.7), 'Std': np.float64(16.462381358722073)}
2024-11-09 16:43:43,609 - INFO - Bottom 10 Std Stats: {'Max': np.float64(0.0), 'Min': np.float64(0.0), 'Mean': np.float64(0.0), 'Std': np.float64(0.0)}
[I 2024-11-09 16:43:43,666] Trial 21 finished with value: 72.0 and parameters: {'x_0': -3, 'x_1': 5, 'x_2': -2, 'x_3': -5, 'x_4': -3}. Best is trial 13 with value: 19.0.
2024-11-09 16:43:52,530 - INFO - Candidate Mean Stats: {'Max': np.float64(109.0), 'Min': np.float64(-8.492095915357822e-14), 'Mean': np.float64(0.006991574097646076), 'Std': np.float64(0.6457450853944521)}
2024-11-09 16:43:52,532 - INFO - Candidate Std Stats: {'Max': np.float64(0.999999995896385), 'Min': np.float64(0.0), 'Mean': np.float64(0.9998633829314703), 'Std': np.float64(0.011686916909511536)}
2024-11-09 16:43:52,564 - INFO - Top 10 Mean Stats: {'Max': np.float64(9.156564395595978e-15), 'Min': np.float64(-7.466249840604178e-15), 'Mean': np.float64(-1.0529771499179231e-16), 'Std': np.float64(4.432435980234133e-15)}
2024-11-09 16:43:52,564 - INFO - Top 10 Std Stats: {'Max': np.float64(0.999999995896385), 'Min': np.float64(0.9999999954332154), 'Mean': np.float64(0.999999995577736), 'Std': np.float64(1.4194178729283482e-10)}
2024-11-09 16:43:52,565 - INFO - Bottom 10 Mean Stats: {'Max': np.float64(109.0), 'Min': np.float64(53.0), 'Mean': np.float64(68.7), 'Std': np.float64(15.754681843820267)}
2024-11-09 16:43:52,565 - INFO - Bottom 10 Std Stats: {'Max': np.float64(0.0), 'Min': np.float64(0.0), 'Mean': np.float64(0.0), 'Std': np.float64(0.0)}
[I 2024-11-09 16:43:52,610] Trial 22 finished with value: 79.0 and parameters: {'x_0': -5, 'x_1': -3, 'x_2': 4, 'x_3': -5, 'x_4': 2}. Best is trial 13 with value: 19.0.
2024-11-09 16:44:00,176 - INFO - Candidate Mean Stats: {'Max': np.float64(109.0), 'Min': np.float64(-8.970602038971265e-14), 'Mean': np.float64(0.007482101942862844), 'Std': np.float64(0.6750787475117916)}
2024-11-09 16:44:00,177 - INFO - Candidate Std Stats: {'Max': np.float64(0.9999999963075744), 'Min': np.float64(0.0), 'Mean': np.float64(0.9998571739376438), 'Std': np.float64(0.011949539950129385)}
2024-11-09 16:44:00,229 - INFO - Top 10 Mean Stats: {'Max': np.float64(3.7192471324942744e-15), 'Min': np.float64(-8.965050923848139e-15), 'Mean': np.float64(-1.584843367652411e-15), 'Std': np.float64(4.128956781640272e-15)}
2024-11-09 16:44:00,229 - INFO - Top 10 Std Stats: {'Max': np.float64(0.9999999963075744), 'Min': np.float64(0.999999995660939), 'Mean': np.float64(0.9999999959526573), 'Std': np.float64(2.1950460785805132e-10)}
2024-11-09 16:44:00,229 - INFO - Bottom 10 Mean Stats: {'Max': np.float64(109.0), 'Min': np.float64(54.0), 'Mean': np.float64(71.3), 'Std': np.float64(15.080119362922828)}
2024-11-09 16:44:00,229 - INFO - Bottom 10 Std Stats: {'Max': np.float64(0.0), 'Min': np.float64(0.0), 'Mean': np.float64(0.0), 'Std': np.float64(0.0)}
[I 2024-11-09 16:44:00,288] Trial 23 finished with value: 75.0 and parameters: {'x_0': -4, 'x_1': 4, 'x_2': 3, 'x_3': -5, 'x_4': -3}. Best is trial 13 with value: 19.0.
2024-11-09 16:44:07,519 - INFO - Candidate Mean Stats: {'Max': np.float64(109.0), 'Min': np.float64(-1.127542503809309e-13), 'Mean': np.float64(0.007947792935157195), 'Std': np.float64(0.700464812964299)}
2024-11-09 16:44:07,520 - INFO - Candidate Std Stats: {'Max': np.float64(0.999999998350733), 'Min': np.float64(0.0), 'Mean': np.float64(0.9998509641439112), 'Std': np.float64(0.01220651079744079)}
2024-11-09 16:44:07,550 - INFO - Top 10 Mean Stats: {'Max': np.float64(1.4210854715202005e-15), 'Min': np.float64(-8.437694987151189e-16), 'Mean': np.float64(3.0642155479654323e-16), 'Std': np.float64(6.594273839569592e-16)}
2024-11-09 16:44:07,558 - INFO - Top 10 Std Stats: {'Max': np.float64(0.999999998350733), 'Min': np.float64(0.9999999979460673), 'Mean': np.float64(0.999999998130175), 'Std': np.float64(1.3711249635013524e-10)}
2024-11-09 16:44:07,558 - INFO - Bottom 10 Mean Stats: {'Max': np.float64(109.0), 'Min': np.float64(58.0), 'Mean': np.float64(73.4), 'Std': np.float64(13.944174410842686)}
2024-11-09 16:44:07,558 - INFO - Bottom 10 Std Stats: {'Max': np.float64(0.0), 'Min': np.float64(0.0), 'Mean': np.float64(0.0), 'Std': np.float64(0.0)}
[I 2024-11-09 16:44:07,597] Trial 24 finished with value: 37.0 and parameters: {'x_0': -4, 'x_1': -2, 'x_2': 2, 'x_3': 3, 'x_4': 2}. Best is trial 13 with value: 19.0.
2024-11-09 16:44:15,734 - INFO - Candidate Mean Stats: {'Max': np.float64(109.0), 'Min': np.float64(-1.0200798539194977e-13), 'Mean': np.float64(0.008177533824689087), 'Std': np.float64(0.706503830468651)}
2024-11-09 16:44:15,735 - INFO - Candidate Std Stats: {'Max': np.float64(0.9999999957256125), 'Min': np.float64(0.0), 'Mean': np.float64(0.99984475535745), 'Std': np.float64(0.01245817923558553)}
2024-11-09 16:44:15,766 - INFO - Top 10 Mean Stats: {'Max': np.float64(5.94246873930615e-15), 'Min': np.float64(-5.915407053080912e-15), 'Mean': np.float64(1.4037382367604328e-16), 'Std': np.float64(3.3148498315727566e-15)}
2024-11-09 16:44:15,766 - INFO - Top 10 Std Stats: {'Max': np.float64(0.9999999957256125), 'Min': np.float64(0.9999999953513831), 'Mean': np.float64(0.9999999954997214), 'Std': np.float64(1.2884147335582472e-10)}
2024-11-09 16:44:15,766 - INFO - Bottom 10 Mean Stats: {'Max': np.float64(109.0), 'Min': np.float64(58.0), 'Mean': np.float64(73.4), 'Std': np.float64(13.944174410842686)}
2024-11-09 16:44:15,766 - INFO - Bottom 10 Std Stats: {'Max': np.float64(0.0), 'Min': np.float64(0.0), 'Mean': np.float64(0.0), 'Std': np.float64(0.0)}
[I 2024-11-09 16:44:15,810] Trial 25 finished with value: 44.0 and parameters: {'x_0': -1, 'x_1': -3, 'x_2': -3, 'x_3': -5, 'x_4': 0}. Best is trial 13 with value: 19.0.
2024-11-09 16:44:24,568 - INFO - Candidate Mean Stats: {'Max': np.float64(109.0), 'Min': np.float64(-8.970602038971265e-14), 'Mean': np.float64(0.008450739206835145), 'Std': np.float64(0.7149574507252956)}
2024-11-09 16:44:24,569 - INFO - Candidate Std Stats: {'Max': np.float64(0.9999999961271376), 'Min': np.float64(0.0), 'Mean': np.float64(0.9998385459375392), 'Std': np.float64(0.012704860352688965)}
2024-11-09 16:44:24,607 - INFO - Top 10 Mean Stats: {'Max': np.float64(5.10702591327572e-15), 'Min': np.float64(-4.4297898682543744e-15), 'Mean': np.float64(2.378652830259398e-16), 'Std': np.float64(3.050731982556832e-15)}
2024-11-09 16:44:24,607 - INFO - Top 10 Std Stats: {'Max': np.float64(0.9999999961271376), 'Min': np.float64(0.999999995288568), 'Mean': np.float64(0.9999999955615518), 'Std': np.float64(2.500793029809049e-10)}
2024-11-09 16:44:24,607 - INFO - Bottom 10 Mean Stats: {'Max': np.float64(109.0), 'Min': np.float64(58.0), 'Mean': np.float64(73.4), 'Std': np.float64(13.944174410842686)}
2024-11-09 16:44:24,607 - INFO - Bottom 10 Std Stats: {'Max': np.float64(0.0), 'Min': np.float64(0.0), 'Mean': np.float64(0.0), 'Std': np.float64(0.0)}
[I 2024-11-09 16:44:24,648] Trial 26 finished with value: 63.0 and parameters: {'x_0': -5, 'x_1': -5, 'x_2': 2, 'x_3': 0, 'x_4': -3}. Best is trial 13 with value: 19.0.
2024-11-09 16:44:29,551 - INFO - Candidate Mean Stats: {'Max': np.float64(109.0), 'Min': np.float64(-1.3598011605608917e-13), 'Mean': np.float64(0.008841919640362354), 'Std': np.float64(0.7319848079776292)}
2024-11-09 16:44:29,551 - INFO - Candidate Std Stats: {'Max': np.float64(0.9999999959818449), 'Min': np.float64(0.0), 'Mean': np.float64(0.9998323361800864), 'Std': np.float64(0.01294683923085926)}
2024-11-09 16:44:29,580 - INFO - Top 10 Mean Stats: {'Max': np.float64(5.184741524999481e-15), 'Min': np.float64(-4.729550084903167e-15), 'Mean': np.float64(-3.969047313034934e-16), 'Std': np.float64(3.128469062198852e-15)}
2024-11-09 16:44:29,581 - INFO - Top 10 Std Stats: {'Max': np.float64(0.9999999959818449), 'Min': np.float64(0.9999999952522105), 'Mean': np.float64(0.9999999954711198), 'Std': np.float64(2.366046392233945e-10)}
2024-11-09 16:44:29,581 - INFO - Bottom 10 Mean Stats: {'Max': np.float64(109.0), 'Min': np.float64(59.0), 'Mean': np.float64(73.9), 'Std': np.float64(13.46439749858864)}
2024-11-09 16:44:29,581 - INFO - Bottom 10 Std Stats: {'Max': np.float64(0.0), 'Min': np.float64(0.0), 'Mean': np.float64(0.0), 'Std': np.float64(0.0)}
[I 2024-11-09 16:44:29,618] Trial 27 finished with value: 67.0 and parameters: {'x_0': 0, 'x_1': -5, 'x_2': -5, 'x_3': 4, 'x_4': -1}. Best is trial 13 with value: 19.0.
2024-11-09 16:44:38,228 - INFO - Candidate Mean Stats: {'Max': np.float64(109.0), 'Min': np.float64(-7.92532706128668e-14), 'Mean': np.float64(0.009257936926811993), 'Std': np.float64(0.7507778549271135)}
2024-11-09 16:44:38,230 - INFO - Candidate Std Stats: {'Max': np.float64(0.999999996210182), 'Min': np.float64(0.0), 'Mean': np.float64(0.9998261276512307), 'Std': np.float64(0.01318437479985777)}
2024-11-09 16:44:38,260 - INFO - Top 10 Mean Stats: {'Max': np.float64(6.461498003318411e-15), 'Min': np.float64(-5.8397731095283236e-15), 'Mean': np.float64(1.7383317008068387e-15), 'Std': np.float64(3.907934197267843e-15)}
2024-11-09 16:44:38,260 - INFO - Top 10 Std Stats: {'Max': np.float64(0.999999996210182), 'Min': np.float64(0.9999999953811042), 'Mean': np.float64(0.9999999956816026), 'Std': np.float64(2.846440256408984e-10)}
2024-11-09 16:44:38,260 - INFO - Bottom 10 Mean Stats: {'Max': np.float64(109.0), 'Min': np.float64(61.0), 'Mean': np.float64(74.7), 'Std': np.float64(12.7753669223236)}
2024-11-09 16:44:38,260 - INFO - Bottom 10 Std Stats: {'Max': np.float64(0.0), 'Min': np.float64(0.0), 'Mean': np.float64(0.0), 'Std': np.float64(0.0)}
[I 2024-11-09 16:44:38,303] Trial 28 finished with value: 67.0 and parameters: {'x_0': 2, 'x_1': 5, 'x_2': -2, 'x_3': 5, 'x_4': -3}. Best is trial 13 with value: 19.0.
2024-11-09 16:44:46,598 - INFO - Candidate Mean Stats: {'Max': np.float64(109.0), 'Min': np.float64(-8.471001677889944e-14), 'Mean': np.float64(0.009673954213261643), 'Std': np.float64(0.7691116106568046)}
2024-11-09 16:44:46,599 - INFO - Candidate Std Stats: {'Max': np.float64(0.9999999958899769), 'Min': np.float64(0.0), 'Mean': np.float64(0.9998199185121543), 'Std': np.float64(0.013417703020454622)}
2024-11-09 16:44:46,635 - INFO - Top 10 Mean Stats: {'Max': np.float64(8.182040114879108e-15), 'Min': np.float64(-4.0245584642661925e-15), 'Mean': np.float64(1.8780506663707007e-15), 'Std': np.float64(3.998430997669519e-15)}
2024-11-09 16:44:46,635 - INFO - Top 10 Std Stats: {'Max': np.float64(0.9999999958899769), 'Min': np.float64(0.9999999952432935), 'Mean': np.float64(0.999999995423192), 'Std': np.float64(1.9538842831615247e-10)}
2024-11-09 16:44:46,636 - INFO - Bottom 10 Mean Stats: {'Max': np.float64(109.0), 'Min': np.float64(63.0), 'Mean': np.float64(75.3), 'Std': np.float64(12.247856955402444)}
2024-11-09 16:44:46,636 - INFO - Bottom 10 Std Stats: {'Max': np.float64(0.0), 'Min': np.float64(0.0), 'Mean': np.float64(0.0), 'Std': np.float64(0.0)}
[I 2024-11-09 16:44:46,683] Trial 29 finished with value: 47.0 and parameters: {'x_0': 1, 'x_1': -2, 'x_2': 4, 'x_3': -5, 'x_4': -1}. Best is trial 13 with value: 19.0.
2024-11-09 16:44:54,540 - INFO - Candidate Mean Stats: {'Max': np.float64(109.0), 'Min': np.float64(-8.104072968251331e-14), 'Mean': np.float64(0.00996578723509945), 'Std': np.float64(0.77797370787732)}
2024-11-09 16:44:54,542 - INFO - Candidate Std Stats: {'Max': np.float64(0.9999999954595115), 'Min': np.float64(0.0), 'Mean': np.float64(0.9998137093267103), 'Std': np.float64(0.013647039704749826)}
2024-11-09 16:44:54,570 - INFO - Top 10 Mean Stats: {'Max': np.float64(5.800915303666443e-15), 'Min': np.float64(-9.048317650695026e-15), 'Mean': np.float64(-1.446065489574267e-16), 'Std': np.float64(4.019264233353556e-15)}
2024-11-09 16:44:54,570 - INFO - Top 10 Std Stats: {'Max': np.float64(0.9999999954595115), 'Min': np.float64(0.9999999949957442), 'Mean': np.float64(0.9999999951152672), 'Std': np.float64(1.3822675924389314e-10)}
2024-11-09 16:44:54,571 - INFO - Bottom 10 Mean Stats: {'Max': np.float64(109.0), 'Min': np.float64(63.0), 'Mean': np.float64(75.3), 'Std': np.float64(12.247856955402444)}
2024-11-09 16:44:54,571 - INFO - Bottom 10 Std Stats: {'Max': np.float64(0.0), 'Min': np.float64(0.0), 'Mean': np.float64(0.0), 'Std': np.float64(0.0)}
[I 2024-11-09 16:44:54,619] Trial 30 finished with value: 28.0 and parameters: {'x_0': 4, 'x_1': -2, 'x_2': 2, 'x_3': 0, 'x_4': 2}. Best is trial 13 with value: 19.0.
2024-11-09 16:45:03,131 - INFO - Candidate Mean Stats: {'Max': np.float64(109.0), 'Min': np.float64(-1.494859791506542e-13), 'Mean': np.float64(0.010139645205555993), 'Std': np.float64(0.781093859809108)}
2024-11-09 16:45:03,132 - INFO - Candidate Std Stats: {'Max': np.float64(0.9999999959569026), 'Min': np.float64(0.0), 'Mean': np.float64(0.9998074998718136), 'Std': np.float64(0.013872582811041994)}
2024-11-09 16:45:03,165 - INFO - Top 10 Mean Stats: {'Max': np.float64(5.177802631095574e-15), 'Min': np.float64(-6.8750560799912816e-15), 'Mean': np.float64(-1.774830282741391e-15), 'Std': np.float64(3.2033649089124e-15)}
2024-11-09 16:45:03,165 - INFO - Top 10 Std Stats: {'Max': np.float64(0.9999999959569026), 'Min': np.float64(0.9999999953889308), 'Mean': np.float64(0.9999999955727243), 'Std': np.float64(1.7445220247138182e-10)}
2024-11-09 16:45:03,165 - INFO - Bottom 10 Mean Stats: {'Max': np.float64(109.0), 'Min': np.float64(63.0), 'Mean': np.float64(75.3), 'Std': np.float64(12.247856955402444)}
2024-11-09 16:45:03,165 - INFO - Bottom 10 Std Stats: {'Max': np.float64(0.0), 'Min': np.float64(0.0), 'Mean': np.float64(0.0), 'Std': np.float64(0.0)}
