[I 2024-11-09 16:59:21,028] Trial 95 finished with value: 52.0 and parameters: {'x_0': -3, 'x_1': 1, 'x_2': -1, 'x_3': 4, 'x_4': 5}. Best is trial 2 with value: 13.0.
2024-11-09 16:59:30,702 - INFO - Candidate Mean Stats: {'Max': np.float64(104.0), 'Min': np.float64(-5.876965580853266e-14), 'Mean': np.float64(0.03153038478494388), 'Std': np.float64(1.376834088861766)}
2024-11-09 16:59:30,702 - INFO - Candidate Std Stats: {'Max': np.float64(0.9999999962906011), 'Min': np.float64(0.0), 'Mean': np.float64(0.9994039035681358), 'Std': np.float64(0.024407563155318574)}
2024-11-09 16:59:30,733 - INFO - Top 10 Mean Stats: {'Max': np.float64(3.6637359812630166e-15), 'Min': np.float64(-2.2370993946196903e-15), 'Mean': np.float64(8.194139811124046e-16), 'Std': np.float64(2.2984974028632218e-15)}
2024-11-09 16:59:30,733 - INFO - Top 10 Std Stats: {'Max': np.float64(0.9999999962906011), 'Min': np.float64(0.9999999958775782), 'Mean': np.float64(0.9999999960431637), 'Std': np.float64(1.2985922996193724e-10)}
2024-11-09 16:59:30,734 - INFO - Bottom 10 Mean Stats: {'Max': np.float64(104.0), 'Min': np.float64(77.0), 'Mean': np.float64(86.4), 'Std': np.float64(8.558037158133867)}
2024-11-09 16:59:30,734 - INFO - Bottom 10 Std Stats: {'Max': np.float64(0.0), 'Min': np.float64(0.0), 'Mean': np.float64(0.0), 'Std': np.float64(0.0)}
[I 2024-11-09 16:59:30,769] Trial 96 finished with value: 22.0 and parameters: {'x_0': -3, 'x_1': -2, 'x_2': -1, 'x_3': 2, 'x_4': 2}. Best is trial 2 with value: 13.0.
2024-11-09 16:59:41,323 - INFO - Candidate Mean Stats: {'Max': np.float64(104.0), 'Min': np.float64(-9.683365220780616e-14), 'Mean': np.float64(0.03166698747601693), 'Std': np.float64(1.3779218898487302)}
2024-11-09 16:59:41,323 - INFO - Candidate Std Stats: {'Max': np.float64(0.9999999967365586), 'Min': np.float64(0.0), 'Mean': np.float64(0.9993976943376788), 'Std': np.float64(0.024534280328892374)}
2024-11-09 16:59:41,346 - INFO - Top 10 Mean Stats: {'Max': np.float64(1.5765166949677222e-15), 'Min': np.float64(-2.3647750424515835e-15), 'Mean': np.float64(-4.871103520542875e-16), 'Std': np.float64(1.3233288252776504e-15)}
2024-11-09 16:59:41,346 - INFO - Top 10 Std Stats: {'Max': np.float64(0.9999999967365586), 'Min': np.float64(0.9999999963101286), 'Mean': np.float64(0.9999999964397285), 'Std': np.float64(1.2949722450029154e-10)}
2024-11-09 16:59:41,346 - INFO - Bottom 10 Mean Stats: {'Max': np.float64(104.0), 'Min': np.float64(77.0), 'Mean': np.float64(86.4), 'Std': np.float64(8.558037158133867)}
2024-11-09 16:59:41,346 - INFO - Bottom 10 Std Stats: {'Max': np.float64(0.0), 'Min': np.float64(0.0), 'Mean': np.float64(0.0), 'Std': np.float64(0.0)}
[I 2024-11-09 16:59:41,375] Trial 97 finished with value: 68.0 and parameters: {'x_0': 5, 'x_1': 3, 'x_2': -3, 'x_3': 4, 'x_4': 3}. Best is trial 2 with value: 13.0.
2024-11-09 16:59:49,465 - INFO - Candidate Mean Stats: {'Max': np.float64(104.0), 'Min': np.float64(-5.833666882892886e-14), 'Mean': np.float64(0.03208921397569714), 'Std': np.float64(1.3882914740589525)}
2024-11-09 16:59:49,466 - INFO - Candidate Std Stats: {'Max': np.float64(0.9999999963428322), 'Min': np.float64(0.0), 'Mean': np.float64(0.9993914843730063), 'Std': np.float64(0.02466034479340986)}
2024-11-09 16:59:49,500 - INFO - Top 10 Mean Stats: {'Max': np.float64(2.1815882433884324e-15), 'Min': np.float64(-4.039824030854789e-15), 'Mean': np.float64(-4.334033132380455e-16), 'Std': np.float64(1.9921656046411485e-15)}
2024-11-09 16:59:49,500 - INFO - Top 10 Std Stats: {'Max': np.float64(0.9999999963428322), 'Min': np.float64(0.9999999959489425), 'Mean': np.float64(0.9999999960919734), 'Std': np.float64(1.1479760880542311e-10)}
2024-11-09 16:59:49,500 - INFO - Bottom 10 Mean Stats: {'Max': np.float64(104.0), 'Min': np.float64(77.0), 'Mean': np.float64(86.4), 'Std': np.float64(8.558037158133867)}
2024-11-09 16:59:49,500 - INFO - Bottom 10 Std Stats: {'Max': np.float64(0.0), 'Min': np.float64(0.0), 'Mean': np.float64(0.0), 'Std': np.float64(0.0)}
[I 2024-11-09 16:59:49,529] Trial 98 finished with value: 22.0 and parameters: {'x_0': 0, 'x_1': 1, 'x_2': 4, 'x_3': -2, 'x_4': 1}. Best is trial 2 with value: 13.0.
2024-11-09 16:59:57,768 - INFO - Candidate Mean Stats: {'Max': np.float64(104.0), 'Min': np.float64(-6.505906924303417e-14), 'Mean': np.float64(0.032225816666770116), 'Std': np.float64(1.3893702496246723)}
2024-11-09 16:59:57,769 - INFO - Candidate Std Stats: {'Max': np.float64(0.9999999970762069), 'Min': np.float64(0.0), 'Mean': np.float64(0.9993852754515427), 'Std': np.float64(0.024785766551758282)}
2024-11-09 16:59:57,796 - INFO - Top 10 Mean Stats: {'Max': np.float64(3.0503377601576178e-15), 'Min': np.float64(-2.503552920529728e-15), 'Mean': np.float64(-1.2753686995381488e-16), 'Std': np.float64(1.5605265335411997e-15)}
2024-11-09 16:59:57,796 - INFO - Top 10 Std Stats: {'Max': np.float64(0.9999999970762069), 'Min': np.float64(0.9999999964227784), 'Mean': np.float64(0.9999999966890227), 'Std': np.float64(1.8348887628130634e-10)}
2024-11-09 16:59:57,796 - INFO - Bottom 10 Mean Stats: {'Max': np.float64(104.0), 'Min': np.float64(77.0), 'Mean': np.float64(86.4), 'Std': np.float64(8.558037158133867)}
2024-11-09 16:59:57,796 - INFO - Bottom 10 Std Stats: {'Max': np.float64(0.0), 'Min': np.float64(0.0), 'Mean': np.float64(0.0), 'Std': np.float64(0.0)}
[I 2024-11-09 16:59:57,825] Trial 99 finished with value: 42.0 and parameters: {'x_0': -3, 'x_1': -2, 'x_2': 0, 'x_3': 5, 'x_4': 2}. Best is trial 2 with value: 13.0.
2024-11-09 17:00:07,643 - INFO - Candidate Mean Stats: {'Max': np.float64(104.0), 'Min': np.float64(-6.73683331342545e-14), 'Mean': np.float64(0.03248660362245502), 'Std': np.float64(1.3933003504362595)}
2024-11-09 17:00:07,644 - INFO - Candidate Std Stats: {'Max': np.float64(0.9999999971412986), 'Min': np.float64(0.0), 'Mean': np.float64(0.9993790664743828), 'Std': np.float64(0.024910555285181494)}
2024-11-09 17:00:07,676 - INFO - Top 10 Mean Stats: {'Max': np.float64(3.4514058278034552e-15), 'Min': np.float64(-7.327471962526033e-16), 'Mean': np.float64(9.139564105531404e-16), 'Std': np.float64(1.324050654942439e-15)}
2024-11-09 17:00:07,676 - INFO - Top 10 Std Stats: {'Max': np.float64(0.9999999971412986), 'Min': np.float64(0.9999999967066545), 'Mean': np.float64(0.9999999968880637), 'Std': np.float64(1.3421190833344032e-10)}
2024-11-09 17:00:07,676 - INFO - Bottom 10 Mean Stats: {'Max': np.float64(104.0), 'Min': np.float64(77.0), 'Mean': np.float64(86.4), 'Std': np.float64(8.558037158133867)}
2024-11-09 17:00:07,676 - INFO - Bottom 10 Std Stats: {'Max': np.float64(0.0), 'Min': np.float64(0.0), 'Mean': np.float64(0.0), 'Std': np.float64(0.0)}
[I 2024-11-09 17:00:07,753] Trial 100 finished with value: 70.0 and parameters: {'x_0': -5, 'x_1': -5, 'x_2': 4, 'x_3': 0, 'x_4': 2}. Best is trial 2 with value: 13.0.
2024-11-09 17:00:17,384 - INFO - Candidate Mean Stats: {'Max': np.float64(104.0), 'Min': np.float64(-7.052136652418995e-14), 'Mean': np.float64(0.03292124854859639), 'Std': np.float64(1.4041661519081803)}
2024-11-09 17:00:17,385 - INFO - Candidate Std Stats: {'Max': np.float64(0.999999996511309), 'Min': np.float64(0.0), 'Mean': np.float64(0.9993728572556719), 'Std': np.float64(0.025034720455162827)}
2024-11-09 17:00:17,412 - INFO - Top 10 Mean Stats: {'Max': np.float64(3.4416913763379853e-15), 'Min': np.float64(-2.253752739989068e-15), 'Mean': np.float64(6.325148738106634e-16), 'Std': np.float64(1.8859683638145165e-15)}
2024-11-09 17:00:17,412 - INFO - Top 10 Std Stats: {'Max': np.float64(0.999999996511309), 'Min': np.float64(0.9999999962025931), 'Mean': np.float64(0.9999999963070598), 'Std': np.float64(1.0157128407061441e-10)}
2024-11-09 17:00:17,412 - INFO - Bottom 10 Mean Stats: {'Max': np.float64(104.0), 'Min': np.float64(77.0), 'Mean': np.float64(86.4), 'Std': np.float64(8.558037158133867)}
2024-11-09 17:00:17,413 - INFO - Bottom 10 Std Stats: {'Max': np.float64(0.0), 'Min': np.float64(0.0), 'Mean': np.float64(0.0), 'Std': np.float64(0.0)}
[I 2024-11-09 17:00:17,441] Trial 101 finished with value: 59.0 and parameters: {'x_0': 3, 'x_1': 4, 'x_2': -5, 'x_3': 3, 'x_4': 0}. Best is trial 2 with value: 13.0.
2024-11-09 17:00:25,202 - INFO - Candidate Mean Stats: {'Max': np.float64(104.0), 'Min': np.float64(-5.915823386715147e-14), 'Mean': np.float64(0.03328759212920133), 'Std': np.float64(1.4118330631617022)}
2024-11-09 17:00:25,203 - INFO - Candidate Std Stats: {'Max': np.float64(0.9999999957870754), 'Min': np.float64(0.0), 'Mean': np.float64(0.9993666481813824), 'Std': np.float64(0.025158271303775067)}
2024-11-09 17:00:25,237 - INFO - Top 10 Mean Stats: {'Max': np.float64(2.2565282975506306e-15), 'Min': np.float64(-6.414313524771842e-15), 'Mean': np.float64(-3.0158514574551986e-15), 'Std': np.float64(2.603399068064496e-15)}
2024-11-09 17:00:25,238 - INFO - Top 10 Std Stats: {'Max': np.float64(0.9999999957870754), 'Min': np.float64(0.9999999954252738), 'Mean': np.float64(0.9999999955658992), 'Std': np.float64(1.1919917192835298e-10)}
2024-11-09 17:00:25,238 - INFO - Bottom 10 Mean Stats: {'Max': np.float64(104.0), 'Min': np.float64(77.0), 'Mean': np.float64(86.4), 'Std': np.float64(8.558037158133867)}
2024-11-09 17:00:25,238 - INFO - Bottom 10 Std Stats: {'Max': np.float64(0.0), 'Min': np.float64(0.0), 'Mean': np.float64(0.0), 'Std': np.float64(0.0)}
[I 2024-11-09 17:00:25,262] Trial 102 finished with value: 37.0 and parameters: {'x_0': 5, 'x_1': -2, 'x_2': 2, 'x_3': 0, 'x_4': 2}. Best is trial 2 with value: 13.0.
2024-11-09 17:00:33,107 - INFO - Candidate Mean Stats: {'Max': np.float64(104.0), 'Min': np.float64(-6.865619184281968e-14), 'Mean': np.float64(0.033517333018733234), 'Std': np.float64(1.4148348537289803)}
2024-11-09 17:00:33,108 - INFO - Candidate Std Stats: {'Max': np.float64(0.9999999956867578), 'Min': np.float64(0.0), 'Mean': np.float64(0.9993604383735114), 'Std': np.float64(0.025281216815593137)}
2024-11-09 17:00:33,131 - INFO - Top 10 Mean Stats: {'Max': np.float64(4.423544863740858e-15), 'Min': np.float64(-6.461498003318411e-15), 'Mean': np.float64(-8.107750582020401e-16), 'Std': np.float64(2.8823388459779536e-15)}
2024-11-09 17:00:33,131 - INFO - Top 10 Std Stats: {'Max': np.float64(0.9999999956867578), 'Min': np.float64(0.9999999951667888), 'Mean': np.float64(0.9999999953182016), 'Std': np.float64(1.6660953511862859e-10)}
2024-11-09 17:00:33,132 - INFO - Bottom 10 Mean Stats: {'Max': np.float64(104.0), 'Min': np.float64(77.0), 'Mean': np.float64(86.4), 'Std': np.float64(8.558037158133867)}
2024-11-09 17:00:33,132 - INFO - Bottom 10 Std Stats: {'Max': np.float64(0.0), 'Min': np.float64(0.0), 'Mean': np.float64(0.0), 'Std': np.float64(0.0)}
[I 2024-11-09 17:00:33,160] Trial 103 finished with value: 79.0 and parameters: {'x_0': -5, 'x_1': -2, 'x_2': 3, 'x_3': -5, 'x_4': -4}. Best is trial 2 with value: 13.0.
2024-11-09 17:00:44,456 - INFO - Candidate Mean Stats: {'Max': np.float64(104.0), 'Min': np.float64(-7.026705606261174e-14), 'Mean': np.float64(0.034007860863949926), 'Std': np.float64(1.4284523933651319)}
2024-11-09 17:00:44,456 - INFO - Candidate Std Stats: {'Max': np.float64(0.9999999965623622), 'Min': np.float64(0.0), 'Mean': np.float64(0.9993542297551254), 'Std': np.float64(0.02540356582790135)}
2024-11-09 17:00:44,482 - INFO - Top 10 Mean Stats: {'Max': np.float64(3.932965064734617e-15), 'Min': np.float64(-2.958744360626042e-15), 'Mean': np.float64(9.929557176491243e-16), 'Std': np.float64(2.0673882842651052e-15)}
2024-11-09 17:00:44,482 - INFO - Top 10 Std Stats: {'Max': np.float64(0.9999999965623622), 'Min': np.float64(0.9999999959659793), 'Mean': np.float64(0.9999999962093158), 'Std': np.float64(1.821306203191018e-10)}
2024-11-09 17:00:44,482 - INFO - Bottom 10 Mean Stats: {'Max': np.float64(104.0), 'Min': np.float64(79.0), 'Mean': np.float64(86.6), 'Std': np.float64(8.357032966310472)}
2024-11-09 17:00:44,482 - INFO - Bottom 10 Std Stats: {'Max': np.float64(0.0), 'Min': np.float64(0.0), 'Mean': np.float64(0.0), 'Std': np.float64(0.0)}
[I 2024-11-09 17:00:44,507] Trial 104 finished with value: 31.0 and parameters: {'x_0': 2, 'x_1': 1, 'x_2': 3, 'x_3': -1, 'x_4': -4}. Best is trial 2 with value: 13.0.
2024-11-09 17:00:52,066 - INFO - Candidate Mean Stats: {'Max': np.float64(104.0), 'Min': np.float64(-5.81534820298657e-14), 'Mean': np.float64(0.03420034647409825), 'Std': np.float64(1.4305349226519313)}
2024-11-09 17:00:52,067 - INFO - Candidate Std Stats: {'Max': np.float64(0.9999999967044843), 'Min': np.float64(0.0), 'Mean': np.float64(0.9993480204344886), 'Std': np.float64(0.025525326870746098)}
2024-11-09 17:00:52,089 - INFO - Top 10 Mean Stats: {'Max': np.float64(2.90878432451791e-15), 'Min': np.float64(-4.0967229608668275e-15), 'Mean': np.float64(-2.539635168830045e-16), 'Std': np.float64(2.352430438671755e-15)}
2024-11-09 17:00:52,089 - INFO - Top 10 Std Stats: {'Max': np.float64(0.9999999967044843), 'Min': np.float64(0.9999999962069169), 'Mean': np.float64(0.9999999964770131), 'Std': np.float64(1.8035716030281314e-10)}
2024-11-09 17:00:52,089 - INFO - Bottom 10 Mean Stats: {'Max': np.float64(104.0), 'Min': np.float64(79.0), 'Mean': np.float64(86.6), 'Std': np.float64(8.357032966310472)}
2024-11-09 17:00:52,089 - INFO - Bottom 10 Std Stats: {'Max': np.float64(0.0), 'Min': np.float64(0.0), 'Mean': np.float64(0.0), 'Std': np.float64(0.0)}
[I 2024-11-09 17:00:52,121] Trial 105 finished with value: 51.0 and parameters: {'x_0': -3, 'x_1': 1, 'x_2': -4, 'x_3': 5, 'x_4': 0}. Best is trial 2 with value: 13.0.
2024-11-09 17:01:02,386 - INFO - Candidate Mean Stats: {'Max': np.float64(104.0), 'Min': np.float64(-7.144285163462882e-14), 'Mean': np.float64(0.034517016348858495), 'Std': np.float64(1.436161052187691)}
2024-11-09 17:01:02,387 - INFO - Candidate Std Stats: {'Max': np.float64(0.9999999962620573), 'Min': np.float64(0.0), 'Mean': np.float64(0.9993418111103755), 'Std': np.float64(0.025646508335998613)}
2024-11-09 17:01:02,413 - INFO - Top 10 Mean Stats: {'Max': np.float64(8.715250743307478e-16), 'Min': np.float64(-5.521971768729372e-15), 'Mean': np.float64(-1.9060447664642765e-15), 'Std': np.float64(1.9462965950871588e-15)}
2024-11-09 17:01:02,413 - INFO - Top 10 Std Stats: {'Max': np.float64(0.9999999962620573), 'Min': np.float64(0.9999999958646267), 'Mean': np.float64(0.9999999959970947), 'Std': np.float64(1.124275248205905e-10)}
2024-11-09 17:01:02,414 - INFO - Bottom 10 Mean Stats: {'Max': np.float64(104.0), 'Min': np.float64(79.0), 'Mean': np.float64(86.6), 'Std': np.float64(8.357032966310472)}
2024-11-09 17:01:02,414 - INFO - Bottom 10 Std Stats: {'Max': np.float64(0.0), 'Min': np.float64(0.0), 'Mean': np.float64(0.0), 'Std': np.float64(0.0)}
[I 2024-11-09 17:01:02,451] Trial 106 finished with value: 22.0 and parameters: {'x_0': -1, 'x_1': 2, 'x_2': -2, 'x_3': -2, 'x_4': 3}. Best is trial 2 with value: 13.0.
2024-11-09 17:01:12,279 - INFO - Candidate Mean Stats: {'Max': np.float64(104.0), 'Min': np.float64(-8.053557820630885e-14), 'Mean': np.float64(0.03465361903993144), 'Std': np.float64(1.4372036661968008)}
2024-11-09 17:01:12,280 - INFO - Candidate Std Stats: {'Max': np.float64(0.9999999964189645), 'Min': np.float64(0.0), 'Mean': np.float64(0.9993356015297777), 'Std': np.float64(0.025767118394307103)}
2024-11-09 17:01:12,302 - INFO - Top 10 Mean Stats: {'Max': np.float64(4.085620730620576e-15), 'Min': np.float64(-4.6629367034256575e-15), 'Mean': np.float64(1.9720336474904347e-16), 'Std': np.float64(2.9902869998686772e-15)}
2024-11-09 17:01:12,303 - INFO - Top 10 Std Stats: {'Max': np.float64(0.9999999964189645), 'Min': np.float64(0.9999999960543823), 'Mean': np.float64(0.999999996198588), 'Std': np.float64(1.1926505624862646e-10)}
2024-11-09 17:01:12,303 - INFO - Bottom 10 Mean Stats: {'Max': np.float64(104.0), 'Min': np.float64(79.0), 'Mean': np.float64(86.6), 'Std': np.float64(8.357032966310472)}
2024-11-09 17:01:12,303 - INFO - Bottom 10 Std Stats: {'Max': np.float64(0.0), 'Min': np.float64(0.0), 'Mean': np.float64(0.0), 'Std': np.float64(0.0)}
[I 2024-11-09 17:01:12,332] Trial 107 finished with value: 34.0 and parameters: {'x_0': 4, 'x_1': -1, 'x_2': -1, 'x_3': 4, 'x_4': 0}. Best is trial 2 with value: 13.0.
2024-11-09 17:01:21,885 - INFO - Candidate Mean Stats: {'Max': np.float64(104.0), 'Min': np.float64(-6.574740751830178e-14), 'Mean': np.float64(0.03486473228977156), 'Std': np.float64(1.4396935619703994)}
2024-11-09 17:01:21,886 - INFO - Candidate Std Stats: {'Max': np.float64(0.9999999971113489), 'Min': np.float64(0.0), 'Mean': np.float64(0.999329392688362), 'Std': np.float64(0.025887165057951647)}
2024-11-09 17:01:21,915 - INFO - Top 10 Mean Stats: {'Max': np.float64(3.0642155479654322e-15), 'Min': np.float64(-2.886579864025407e-15), 'Mean': np.float64(1.1796119636642283e-16), 'Std': np.float64(2.046078553265069e-15)}
2024-11-09 17:01:21,916 - INFO - Top 10 Std Stats: {'Max': np.float64(0.9999999971113489), 'Min': np.float64(0.9999999965602708), 'Mean': np.float64(0.9999999967796042), 'Std': np.float64(1.8415577057584642e-10)}
2024-11-09 17:01:21,916 - INFO - Bottom 10 Mean Stats: {'Max': np.float64(104.0), 'Min': np.float64(79.0), 'Mean': np.float64(86.6), 'Std': np.float64(8.357032966310472)}
2024-11-09 17:01:21,916 - INFO - Bottom 10 Std Stats: {'Max': np.float64(0.0), 'Min': np.float64(0.0), 'Mean': np.float64(0.0), 'Std': np.float64(0.0)}
[I 2024-11-09 17:01:21,945] Trial 108 finished with value: 66.0 and parameters: {'x_0': -4, 'x_1': -3, 'x_2': -4, 'x_3': 3, 'x_4': -4}. Best is trial 2 with value: 13.0.
2024-11-09 17:01:31,700 - INFO - Candidate Mean Stats: {'Max': np.float64(104.0), 'Min': np.float64(-6.26942942005826e-14), 'Mean': np.float64(0.03527454036299063), 'Std': np.float64(1.44904663195195)}
2024-11-09 17:01:31,700 - INFO - Candidate Std Stats: {'Max': np.float64(0.999999996511057), 'Min': np.float64(0.0), 'Mean': np.float64(0.9993231835099976), 'Std': np.float64(0.026006656101342698)}
2024-11-09 17:01:31,726 - INFO - Top 10 Mean Stats: {'Max': np.float64(2.264854970235319e-15), 'Min': np.float64(-5.331846075762314e-15), 'Mean': np.float64(-8.796609274330791e-16), 'Std': np.float64(2.1184513608884468e-15)}
2024-11-09 17:01:31,726 - INFO - Top 10 Std Stats: {'Max': np.float64(0.999999996511057), 'Min': np.float64(0.999999995955455), 'Mean': np.float64(0.9999999961337005), 'Std': np.float64(1.3870838320303027e-10)}
2024-11-09 17:01:31,726 - INFO - Bottom 10 Mean Stats: {'Max': np.float64(104.0), 'Min': np.float64(79.0), 'Mean': np.float64(86.6), 'Std': np.float64(8.357032966310472)}
2024-11-09 17:01:31,726 - INFO - Bottom 10 Std Stats: {'Max': np.float64(0.0), 'Min': np.float64(0.0), 'Mean': np.float64(0.0), 'Std': np.float64(0.0)}
[I 2024-11-09 17:01:31,759] Trial 109 finished with value: 37.0 and parameters: {'x_0': 2, 'x_1': -2, 'x_2': -4, 'x_3': -3, 'x_4': 2}. Best is trial 2 with value: 13.0.
2024-11-09 17:01:42,781 - INFO - Candidate Mean Stats: {'Max': np.float64(104.0), 'Min': np.float64(-5.67323965583455e-14), 'Mean': np.float64(0.035504281252522474), 'Std': np.float64(1.4519711752285345)}
2024-11-09 17:01:42,782 - INFO - Candidate Std Stats: {'Max': np.float64(0.9999999966917168), 'Min': np.float64(0.0), 'Mean': np.float64(0.9993169743813165), 'Std': np.float64(0.02612559915809503)}
2024-11-09 17:01:42,816 - INFO - Top 10 Mean Stats: {'Max': np.float64(5.176414852314792e-15), 'Min': np.float64(-3.6637359812630166e-15), 'Mean': np.float64(8.118505867571457e-16), 'Std': np.float64(2.513907615100187e-15)}
2024-11-09 17:01:42,817 - INFO - Top 10 Std Stats: {'Max': np.float64(0.9999999966917168), 'Min': np.float64(0.9999999960615388), 'Mean': np.float64(0.9999999962627794), 'Std': np.float64(1.8302283736571879e-10)}
2024-11-09 17:01:42,817 - INFO - Bottom 10 Mean Stats: {'Max': np.float64(104.0), 'Min': np.float64(79.0), 'Mean': np.float64(86.6), 'Std': np.float64(8.357032966310472)}
2024-11-09 17:01:42,817 - INFO - Bottom 10 Std Stats: {'Max': np.float64(0.0), 'Min': np.float64(0.0), 'Mean': np.float64(0.0), 'Std': np.float64(0.0)}
[I 2024-11-09 17:01:42,867] Trial 110 finished with value: 34.0 and parameters: {'x_0': 2, 'x_1': 1, 'x_2': 3, 'x_3': -2, 'x_4': 4}. Best is trial 2 with value: 13.0.
2024-11-09 17:01:53,440 - INFO - Candidate Mean Stats: {'Max': np.float64(104.0), 'Min': np.float64(-5.28355137419112e-14), 'Mean': np.float64(0.03571539450236257), 'Std': np.float64(1.454435666769725)}
2024-11-09 17:01:53,441 - INFO - Candidate Std Stats: {'Max': np.float64(0.9999999966769502), 'Min': np.float64(0.0), 'Mean': np.float64(0.9993107652462299), 'Std': np.float64(0.026244001677526576)}
2024-11-09 17:01:53,465 - INFO - Top 10 Mean Stats: {'Max': np.float64(3.574918139293004e-15), 'Min': np.float64(-1.3034712198489728e-15), 'Mean': np.float64(9.598918881970065e-16), 'Std': np.float64(1.4930910297305348e-15)}
2024-11-09 17:01:53,466 - INFO - Top 10 Std Stats: {'Max': np.float64(0.9999999966769502), 'Min': np.float64(0.9999999963022704), 'Mean': np.float64(0.9999999964309069), 'Std': np.float64(1.186562120733185e-10)}
2024-11-09 17:01:53,466 - INFO - Bottom 10 Mean Stats: {'Max': np.float64(104.0), 'Min': np.float64(79.0), 'Mean': np.float64(86.6), 'Std': np.float64(8.357032966310472)}
2024-11-09 17:01:53,466 - INFO - Bottom 10 Std Stats: {'Max': np.float64(0.0), 'Min': np.float64(0.0), 'Mean': np.float64(0.0), 'Std': np.float64(0.0)}
