[I 2024-11-09 17:00:46,179] Trial 107 finished with value: 69.0 and parameters: {'x_0': 5, 'x_1': -3, 'x_2': 3, 'x_3': -1, 'x_4': -5}. Best is trial 53 with value: 4.0.
2024-11-09 17:00:56,084 - INFO - Candidate Mean Stats: {'Max': np.float64(91.0), 'Min': np.float64(-4.297673328323981e-14), 'Mean': np.float64(0.03355458829811676), 'Std': np.float64(1.3829869683710505)}
2024-11-09 17:00:56,085 - INFO - Candidate Std Stats: {'Max': np.float64(0.9999999988548103), 'Min': np.float64(0.0), 'Mean': np.float64(0.9993293919805414), 'Std': np.float64(0.0258871650396159)}
2024-11-09 17:00:56,110 - INFO - Top 10 Mean Stats: {'Max': np.float64(1.0547118733938987e-15), 'Min': np.float64(-9.825473767932635e-16), 'Mean': np.float64(-3.2890357104520266e-16), 'Std': np.float64(5.276060427742445e-16)}
2024-11-09 17:00:56,111 - INFO - Top 10 Std Stats: {'Max': np.float64(0.9999999988548103), 'Min': np.float64(0.9999999982697508), 'Mean': np.float64(0.9999999985336352), 'Std': np.float64(1.9341831082473036e-10)}
2024-11-09 17:00:56,111 - INFO - Bottom 10 Mean Stats: {'Max': np.float64(91.0), 'Min': np.float64(77.0), 'Mean': np.float64(84.6), 'Std': np.float64(5.219195340279955)}
2024-11-09 17:00:56,111 - INFO - Bottom 10 Std Stats: {'Max': np.float64(0.0), 'Min': np.float64(0.0), 'Mean': np.float64(0.0), 'Std': np.float64(0.0)}
[I 2024-11-09 17:00:56,150] Trial 108 finished with value: 45.0 and parameters: {'x_0': 4, 'x_1': 0, 'x_2': 2, 'x_3': 3, 'x_4': -4}. Best is trial 53 with value: 4.0.
2024-11-09 17:01:05,191 - INFO - Candidate Mean Stats: {'Max': np.float64(91.0), 'Min': np.float64(-5.32018873400375e-14), 'Mean': np.float64(0.03383400289349337), 'Std': np.float64(1.3875185700091215)}
2024-11-09 17:01:05,192 - INFO - Candidate Std Stats: {'Max': np.float64(0.9999999968191721), 'Min': np.float64(0.0), 'Mean': np.float64(0.9993231827924872), 'Std': np.float64(0.026006656082670065)}
2024-11-09 17:01:05,219 - INFO - Top 10 Mean Stats: {'Max': np.float64(2.631228568361621e-15), 'Min': np.float64(-1.834643548193071e-15), 'Mean': np.float64(-3.327242995010415e-16), 'Std': np.float64(1.3225585718444284e-15)}
2024-11-09 17:01:05,219 - INFO - Top 10 Std Stats: {'Max': np.float64(0.9999999968191721), 'Min': np.float64(0.9999999964582004), 'Mean': np.float64(0.9999999966450123), 'Std': np.float64(1.0635894686298244e-10)}
2024-11-09 17:01:05,219 - INFO - Bottom 10 Mean Stats: {'Max': np.float64(91.0), 'Min': np.float64(77.0), 'Mean': np.float64(84.6), 'Std': np.float64(5.219195340279955)}
2024-11-09 17:01:05,219 - INFO - Bottom 10 Std Stats: {'Max': np.float64(0.0), 'Min': np.float64(0.0), 'Mean': np.float64(0.0), 'Std': np.float64(0.0)}
[I 2024-11-09 17:01:05,245] Trial 109 finished with value: 55.0 and parameters: {'x_0': 5, 'x_1': -2, 'x_2': -3, 'x_3': -4, 'x_4': -1}. Best is trial 53 with value: 4.0.
2024-11-09 17:01:14,547 - INFO - Candidate Mean Stats: {'Max': np.float64(91.0), 'Min': np.float64(-4.5652370772586436e-14), 'Mean': np.float64(0.0341755096211759), 'Std': np.float64(1.3942623233942122)}
2024-11-09 17:01:14,549 - INFO - Candidate Std Stats: {'Max': np.float64(0.99999999666592), 'Min': np.float64(0.0), 'Mean': np.float64(0.9993169734406318), 'Std': np.float64(0.026125599133502365)}
2024-11-09 17:01:14,573 - INFO - Top 10 Mean Stats: {'Max': np.float64(3.164135620181696e-15), 'Min': np.float64(-1.0436096431476472e-15), 'Mean': np.float64(1.302430385763387e-16), 'Std': np.float64(1.140266475970548e-15)}
2024-11-09 17:01:14,574 - INFO - Top 10 Std Stats: {'Max': np.float64(0.99999999666592), 'Min': np.float64(0.999999996145325), 'Mean': np.float64(0.9999999963572564), 'Std': np.float64(1.4832888924783145e-10)}
2024-11-09 17:01:14,574 - INFO - Bottom 10 Mean Stats: {'Max': np.float64(91.0), 'Min': np.float64(77.0), 'Mean': np.float64(84.6), 'Std': np.float64(5.219195340279955)}
2024-11-09 17:01:14,574 - INFO - Bottom 10 Std Stats: {'Max': np.float64(0.0), 'Min': np.float64(0.0), 'Mean': np.float64(0.0), 'Std': np.float64(0.0)}
[I 2024-11-09 17:01:14,606] Trial 110 finished with value: 59.0 and parameters: {'x_0': 1, 'x_1': 4, 'x_2': -4, 'x_3': 1, 'x_4': 5}. Best is trial 53 with value: 4.0.
2024-11-09 17:01:23,914 - INFO - Candidate Mean Stats: {'Max': np.float64(91.0), 'Min': np.float64(-5.95745675013859e-14), 'Mean': np.float64(0.0345418532017808), 'Std': np.float64(1.4019830682028827)}
2024-11-09 17:01:23,914 - INFO - Candidate Std Stats: {'Max': np.float64(0.9999999967836739), 'Min': np.float64(0.0), 'Mean': np.float64(0.9993107643563509), 'Std': np.float64(0.026244001654156544)}
2024-11-09 17:01:23,947 - INFO - Top 10 Mean Stats: {'Max': np.float64(4.407585407761872e-15), 'Min': np.float64(-3.68594044175552e-15), 'Mean': np.float64(1.1446399383885363e-15), 'Std': np.float64(2.1267231264123156e-15)}
2024-11-09 17:01:23,947 - INFO - Top 10 Std Stats: {'Max': np.float64(0.9999999967836739), 'Min': np.float64(0.9999999961931848), 'Mean': np.float64(0.9999999964041908), 'Std': np.float64(1.8659341381475424e-10)}
2024-11-09 17:01:23,947 - INFO - Bottom 10 Mean Stats: {'Max': np.float64(91.0), 'Min': np.float64(77.0), 'Mean': np.float64(84.6), 'Std': np.float64(5.219195340279955)}
2024-11-09 17:01:23,947 - INFO - Bottom 10 Std Stats: {'Max': np.float64(0.0), 'Min': np.float64(0.0), 'Mean': np.float64(0.0), 'Std': np.float64(0.0)}
[I 2024-11-09 17:01:23,977] Trial 111 finished with value: 40.0 and parameters: {'x_0': 5, 'x_1': 1, 'x_2': -2, 'x_3': 1, 'x_4': -3}. Best is trial 53 with value: 4.0.
2024-11-09 17:01:32,928 - INFO - Candidate Mean Stats: {'Max': np.float64(91.0), 'Min': np.float64(-4.629630012686903e-14), 'Mean': np.float64(0.03479022173100446), 'Std': np.float64(1.4055155797041297)}
2024-11-09 17:01:32,928 - INFO - Candidate Std Stats: {'Max': np.float64(0.9999999964086521), 'Min': np.float64(0.0), 'Mean': np.float64(0.9993045553757836), 'Std': np.float64(0.026361870923761865)}
2024-11-09 17:01:32,952 - INFO - Top 10 Mean Stats: {'Max': np.float64(3.581163143806521e-15), 'Min': np.float64(-1.858235787466356e-15), 'Mean': np.float64(6.356373760674216e-16), 'Std': np.float64(1.8361382161987122e-15)}
2024-11-09 17:01:32,952 - INFO - Top 10 Std Stats: {'Max': np.float64(0.9999999964086521), 'Min': np.float64(0.9999999961054018), 'Mean': np.float64(0.9999999962031652), 'Std': np.float64(9.065096347657296e-11)}
2024-11-09 17:01:32,952 - INFO - Bottom 10 Mean Stats: {'Max': np.float64(91.0), 'Min': np.float64(77.0), 'Mean': np.float64(84.6), 'Std': np.float64(5.219195340279955)}
2024-11-09 17:01:32,952 - INFO - Bottom 10 Std Stats: {'Max': np.float64(0.0), 'Min': np.float64(0.0), 'Mean': np.float64(0.0), 'Std': np.float64(0.0)}
[I 2024-11-09 17:01:32,982] Trial 112 finished with value: 60.0 and parameters: {'x_0': 1, 'x_1': -3, 'x_2': 4, 'x_3': 3, 'x_4': 5}. Best is trial 53 with value: 4.0.
2024-11-09 17:01:43,544 - INFO - Candidate Mean Stats: {'Max': np.float64(91.0), 'Min': np.float64(-5.0603965462414636e-14), 'Mean': np.float64(0.03516277452483994), 'Std': np.float64(1.4134359381439874)}
2024-11-09 17:01:43,546 - INFO - Candidate Std Stats: {'Max': np.float64(0.9999999971704534), 'Min': np.float64(0.0), 'Mean': np.float64(0.9992983461778284), 'Std': np.float64(0.026479214055006535)}
2024-11-09 17:01:43,576 - INFO - Top 10 Mean Stats: {'Max': np.float64(1.5459855617905306e-15), 'Min': np.float64(-1.8096635301390052e-15), 'Mean': np.float64(2.072647609097089e-16), 'Std': np.float64(1.0980189577192397e-15)}
2024-11-09 17:01:43,576 - INFO - Top 10 Std Stats: {'Max': np.float64(0.9999999971704534), 'Min': np.float64(0.9999999967996747), 'Mean': np.float64(0.9999999969675623), 'Std': np.float64(1.0489328107847798e-10)}
2024-11-09 17:01:43,576 - INFO - Bottom 10 Mean Stats: {'Max': np.float64(91.0), 'Min': np.float64(77.0), 'Mean': np.float64(84.6), 'Std': np.float64(5.219195340279955)}
2024-11-09 17:01:43,576 - INFO - Bottom 10 Std Stats: {'Max': np.float64(0.0), 'Min': np.float64(0.0), 'Mean': np.float64(0.0), 'Std': np.float64(0.0)}
[I 2024-11-09 17:01:43,615] Trial 113 finished with value: 61.0 and parameters: {'x_0': 3, 'x_1': 4, 'x_2': 4, 'x_3': 2, 'x_4': 4}. Best is trial 53 with value: 4.0.
2024-11-09 17:01:53,110 - INFO - Candidate Mean Stats: {'Max': np.float64(91.0), 'Min': np.float64(-4.0523140398818214e-14), 'Mean': np.float64(0.03554153653190605), 'Std': np.float64(1.4215761863372784)}
2024-11-09 17:01:53,111 - INFO - Candidate Std Stats: {'Max': np.float64(0.9999999964958561), 'Min': np.float64(0.0), 'Mean': np.float64(0.9992921368446454), 'Std': np.float64(0.026596038013977006)}
2024-11-09 17:01:53,148 - INFO - Top 10 Mean Stats: {'Max': np.float64(2.1316282072803005e-15), 'Min': np.float64(-3.3528735343679727e-15), 'Mean': np.float64(-8.881784197001257e-17), 'Std': np.float64(1.927797666556808e-15)}
2024-11-09 17:01:53,148 - INFO - Top 10 Std Stats: {'Max': np.float64(0.9999999964958561), 'Min': np.float64(0.9999999960600142), 'Mean': np.float64(0.9999999962223034), 'Std': np.float64(1.5339042977061636e-10)}
2024-11-09 17:01:53,148 - INFO - Bottom 10 Mean Stats: {'Max': np.float64(91.0), 'Min': np.float64(77.0), 'Mean': np.float64(84.6), 'Std': np.float64(5.219195340279955)}
2024-11-09 17:01:53,148 - INFO - Bottom 10 Std Stats: {'Max': np.float64(0.0), 'Min': np.float64(0.0), 'Mean': np.float64(0.0), 'Std': np.float64(0.0)}
[I 2024-11-09 17:01:53,175] Trial 114 finished with value: 19.0 and parameters: {'x_0': 3, 'x_1': 1, 'x_2': 2, 'x_3': 1, 'x_4': 2}. Best is trial 53 with value: 4.0.
2024-11-09 17:02:02,776 - INFO - Candidate Mean Stats: {'Max': np.float64(91.0), 'Min': np.float64(-4.6002437970038554e-14), 'Mean': np.float64(0.03565951158328729), 'Std': np.float64(1.4223614096249146)}
2024-11-09 17:02:02,777 - INFO - Candidate Std Stats: {'Max': np.float64(0.9999999966617851), 'Min': np.float64(0.0), 'Mean': np.float64(0.9992859276301235), 'Std': np.float64(0.026712349619020605)}
2024-11-09 17:02:02,804 - INFO - Top 10 Mean Stats: {'Max': np.float64(2.2370993946196903e-15), 'Min': np.float64(-2.9976021664879227e-15), 'Mean': np.float64(1.799949078673535e-16), 'Std': np.float64(1.6069682565962436e-15)}
2024-11-09 17:02:02,804 - INFO - Top 10 Std Stats: {'Max': np.float64(0.9999999966617851), 'Min': np.float64(0.9999999960829468), 'Mean': np.float64(0.9999999963223376), 'Std': np.float64(1.8859071173601652e-10)}
2024-11-09 17:02:02,805 - INFO - Bottom 10 Mean Stats: {'Max': np.float64(91.0), 'Min': np.float64(77.0), 'Mean': np.float64(84.6), 'Std': np.float64(5.219195340279955)}
2024-11-09 17:02:02,805 - INFO - Bottom 10 Std Stats: {'Max': np.float64(0.0), 'Min': np.float64(0.0), 'Mean': np.float64(0.0), 'Std': np.float64(0.0)}
[I 2024-11-09 17:02:02,834] Trial 115 finished with value: 27.0 and parameters: {'x_0': 0, 'x_1': -1, 'x_2': 1, 'x_3': -3, 'x_4': 4}. Best is trial 53 with value: 4.0.
2024-11-09 17:02:14,357 - INFO - Candidate Mean Stats: {'Max': np.float64(91.0), 'Min': np.float64(-5.4689586193035214e-14), 'Mean': np.float64(0.03582716034051324), 'Std': np.float64(1.4239475100520977)}
2024-11-09 17:02:14,358 - INFO - Candidate Std Stats: {'Max': np.float64(0.9999999965636142), 'Min': np.float64(0.0), 'Mean': np.float64(0.9992797181328682), 'Std': np.float64(0.026828155523268678)}
2024-11-09 17:02:14,390 - INFO - Top 10 Mean Stats: {'Max': np.float64(1.812439087700568e-15), 'Min': np.float64(-1.7208456881689926e-15), 'Mean': np.float64(-2.0792395583058012e-16), 'Std': np.float64(1.1685215390581005e-15)}
2024-11-09 17:02:14,391 - INFO - Top 10 Std Stats: {'Max': np.float64(0.9999999965636142), 'Min': np.float64(0.9999999960299587), 'Mean': np.float64(0.9999999962360937), 'Std': np.float64(1.8061080572294402e-10)}
2024-11-09 17:02:14,391 - INFO - Bottom 10 Mean Stats: {'Max': np.float64(91.0), 'Min': np.float64(77.0), 'Mean': np.float64(84.6), 'Std': np.float64(5.219195340279955)}
2024-11-09 17:02:14,391 - INFO - Bottom 10 Std Stats: {'Max': np.float64(0.0), 'Min': np.float64(0.0), 'Mean': np.float64(0.0), 'Std': np.float64(0.0)}
[I 2024-11-09 17:02:14,429] Trial 116 finished with value: 88.0 and parameters: {'x_0': 5, 'x_1': 2, 'x_2': -5, 'x_3': -5, 'x_4': 3}. Best is trial 53 with value: 4.0.
2024-11-09 17:02:23,343 - INFO - Candidate Mean Stats: {'Max': np.float64(91.0), 'Min': np.float64(-4.4420023215252516e-14), 'Mean': np.float64(0.03637357110480534), 'Std': np.float64(1.4407189897354788)}
2024-11-09 17:02:23,344 - INFO - Candidate Std Stats: {'Max': np.float64(0.9999999960627728), 'Min': np.float64(0.0), 'Mean': np.float64(0.9992735091913518), 'Std': np.float64(0.02694346226980387)}
2024-11-09 17:02:23,369 - INFO - Top 10 Mean Stats: {'Max': np.float64(4.02178290670463e-15), 'Min': np.float64(-5.939693181744587e-16), 'Mean': np.float64(1.6251583412341122e-15), 'Std': np.float64(1.3432171112190986e-15)}
2024-11-09 17:02:23,369 - INFO - Top 10 Std Stats: {'Max': np.float64(0.9999999960627728), 'Min': np.float64(0.9999999956879282), 'Mean': np.float64(0.999999995799581), 'Std': np.float64(1.1861211966660348e-10)}
2024-11-09 17:02:23,369 - INFO - Bottom 10 Mean Stats: {'Max': np.float64(91.0), 'Min': np.float64(79.0), 'Mean': np.float64(85.7), 'Std': np.float64(4.627094120503711)}
2024-11-09 17:02:23,369 - INFO - Bottom 10 Std Stats: {'Max': np.float64(0.0), 'Min': np.float64(0.0), 'Mean': np.float64(0.0), 'Std': np.float64(0.0)}
[I 2024-11-09 17:02:23,399] Trial 117 finished with value: 43.0 and parameters: {'x_0': 0, 'x_1': -1, 'x_2': 4, 'x_3': -5, 'x_4': 1}. Best is trial 53 with value: 4.0.
2024-11-09 17:02:33,020 - INFO - Candidate Mean Stats: {'Max': np.float64(91.0), 'Min': np.float64(-4.843903056439558e-14), 'Mean': np.float64(0.036640567273720746), 'Std': np.float64(1.444691160128198)}
2024-11-09 17:02:33,021 - INFO - Candidate Std Stats: {'Max': np.float64(0.9999999972586053), 'Min': np.float64(0.0), 'Mean': np.float64(0.9992672999090114), 'Std': np.float64(0.02705827621609799)}
2024-11-09 17:02:33,046 - INFO - Top 10 Mean Stats: {'Max': np.float64(1.5543122344752192e-15), 'Min': np.float64(-1.937339177970898e-15), 'Mean': np.float64(5.16253706450698e-17), 'Std': np.float64(1.1517782685023898e-15)}
2024-11-09 17:02:33,047 - INFO - Top 10 Std Stats: {'Max': np.float64(0.9999999972586053), 'Min': np.float64(0.99999999684308), 'Mean': np.float64(0.999999996980525), 'Std': np.float64(1.16790312192497e-10)}
2024-11-09 17:02:33,047 - INFO - Bottom 10 Mean Stats: {'Max': np.float64(91.0), 'Min': np.float64(79.0), 'Mean': np.float64(85.7), 'Std': np.float64(4.627094120503711)}
2024-11-09 17:02:33,047 - INFO - Bottom 10 Std Stats: {'Max': np.float64(0.0), 'Min': np.float64(0.0), 'Mean': np.float64(0.0), 'Std': np.float64(0.0)}
[I 2024-11-09 17:02:33,077] Trial 118 finished with value: 40.0 and parameters: {'x_0': -3, 'x_1': 5, 'x_2': -1, 'x_3': -1, 'x_4': 2}. Best is trial 53 with value: 4.0.
2024-11-09 17:02:42,092 - INFO - Candidate Mean Stats: {'Max': np.float64(91.0), 'Min': np.float64(-4.608535775219025e-14), 'Mean': np.float64(0.03688893580294442), 'Std': np.float64(1.4481191342244504)}
2024-11-09 17:02:42,094 - INFO - Candidate Std Stats: {'Max': np.float64(0.9999999983065156), 'Min': np.float64(0.0), 'Mean': np.float64(0.9992610907062395), 'Std': np.float64(0.02717260362012028)}
2024-11-09 17:02:42,122 - INFO - Top 10 Mean Stats: {'Max': np.float64(7.605027718682322e-16), 'Min': np.float64(-1.8908485888147197e-15), 'Mean': np.float64(-6.278658148950456e-16), 'Std': np.float64(8.330876022450419e-16)}
2024-11-09 17:02:42,122 - INFO - Top 10 Std Stats: {'Max': np.float64(0.9999999983065156), 'Min': np.float64(0.9999999978360743), 'Mean': np.float64(0.999999998029832), 'Std': np.float64(1.4261309832987294e-10)}
2024-11-09 17:02:42,122 - INFO - Bottom 10 Mean Stats: {'Max': np.float64(91.0), 'Min': np.float64(79.0), 'Mean': np.float64(85.7), 'Std': np.float64(4.627094120503711)}
2024-11-09 17:02:42,122 - INFO - Bottom 10 Std Stats: {'Max': np.float64(0.0), 'Min': np.float64(0.0), 'Mean': np.float64(0.0), 'Std': np.float64(0.0)}
[I 2024-11-09 17:02:42,159] Trial 119 finished with value: 62.0 and parameters: {'x_0': -2, 'x_1': -5, 'x_2': -4, 'x_3': 4, 'x_4': -1}. Best is trial 53 with value: 4.0.
2024-11-09 17:02:52,807 - INFO - Candidate Mean Stats: {'Max': np.float64(91.0), 'Min': np.float64(-5.322409180053e-14), 'Mean': np.float64(0.03727390702324108), 'Std': np.float64(1.4563271239681221)}
2024-11-09 17:02:52,807 - INFO - Candidate Std Stats: {'Max': np.float64(0.9999999966969243), 'Min': np.float64(0.0), 'Mean': np.float64(0.999254881659674), 'Std': np.float64(0.02728645059970381)}
2024-11-09 17:02:52,841 - INFO - Top 10 Mean Stats: {'Max': np.float64(1.965094753586527e-15), 'Min': np.float64(-2.9753977059954196e-15), 'Mean': np.float64(3.8302694349567903e-16), 'Std': np.float64(1.4625476567665582e-15)}
2024-11-09 17:02:52,842 - INFO - Top 10 Std Stats: {'Max': np.float64(0.9999999966969243), 'Min': np.float64(0.9999999964635964), 'Mean': np.float64(0.9999999965616888), 'Std': np.float64(6.697891769923213e-11)}
2024-11-09 17:02:52,842 - INFO - Bottom 10 Mean Stats: {'Max': np.float64(91.0), 'Min': np.float64(79.0), 'Mean': np.float64(85.7), 'Std': np.float64(4.627094120503711)}
2024-11-09 17:02:52,842 - INFO - Bottom 10 Std Stats: {'Max': np.float64(0.0), 'Min': np.float64(0.0), 'Mean': np.float64(0.0), 'Std': np.float64(0.0)}
[I 2024-11-09 17:02:52,873] Trial 120 finished with value: 19.0 and parameters: {'x_0': -2, 'x_1': -1, 'x_2': 2, 'x_3': 3, 'x_4': -1}. Best is trial 53 with value: 4.0.
2024-11-09 17:03:02,628 - INFO - Candidate Mean Stats: {'Max': np.float64(91.0), 'Min': np.float64(-5.604960939820103e-14), 'Mean': np.float64(0.0373918820746223), 'Std': np.float64(1.4570934799391564)}
2024-11-09 17:03:02,629 - INFO - Candidate Std Stats: {'Max': np.float64(0.9999999985251272), 'Min': np.float64(0.0), 'Mean': np.float64(0.9992486721420593), 'Std': np.float64(0.027399823126284032)}
2024-11-09 17:03:02,666 - INFO - Top 10 Mean Stats: {'Max': np.float64(4.3298697960381104e-16), 'Min': np.float64(-7.716050021144838e-16), 'Mean': np.float64(-4.218847493575597e-17), 'Std': np.float64(4.171632544724955e-16)}
2024-11-09 17:03:02,666 - INFO - Top 10 Std Stats: {'Max': np.float64(0.9999999985251272), 'Min': np.float64(0.9999999980828053), 'Mean': np.float64(0.9999999983030321), 'Std': np.float64(1.5037195633737222e-10)}
2024-11-09 17:03:02,666 - INFO - Bottom 10 Mean Stats: {'Max': np.float64(91.0), 'Min': np.float64(79.0), 'Mean': np.float64(85.7), 'Std': np.float64(4.627094120503711)}
2024-11-09 17:03:02,667 - INFO - Bottom 10 Std Stats: {'Max': np.float64(0.0), 'Min': np.float64(0.0), 'Mean': np.float64(0.0), 'Std': np.float64(0.0)}
[I 2024-11-09 17:03:02,701] Trial 121 finished with value: 6.0 and parameters: {'x_0': 0, 'x_1': 2, 'x_2': -1, 'x_3': -1, 'x_4': 0}. Best is trial 53 with value: 4.0.
2024-11-09 17:03:11,267 - INFO - Candidate Mean Stats: {'Max': np.float64(91.0), 'Min': np.float64(-5.100364575127969e-14), 'Mean': np.float64(0.037429137354005874), 'Std': np.float64(1.4571692260954179)}
2024-11-09 17:03:11,268 - INFO - Candidate Std Stats: {'Max': np.float64(0.9999999981386121), 'Min': np.float64(0.0), 'Mean': np.float64(0.999242463447095), 'Std': np.float64(0.027512727100441284)}
2024-11-09 17:03:11,298 - INFO - Top 10 Mean Stats: {'Max': np.float64(1.301736496372996e-15), 'Min': np.float64(-2.015054789694659e-15), 'Mean': np.float64(-3.464242781525683e-16), 'Std': np.float64(8.898868514133985e-16)}
2024-11-09 17:03:11,298 - INFO - Top 10 Std Stats: {'Max': np.float64(0.9999999981386121), 'Min': np.float64(0.9999999977941298), 'Mean': np.float64(0.9999999979339638), 'Std': np.float64(1.0076785479126061e-10)}
2024-11-09 17:03:11,298 - INFO - Bottom 10 Mean Stats: {'Max': np.float64(91.0), 'Min': np.float64(79.0), 'Mean': np.float64(85.7), 'Std': np.float64(4.627094120503711)}
2024-11-09 17:03:11,298 - INFO - Bottom 10 Std Stats: {'Max': np.float64(0.0), 'Min': np.float64(0.0), 'Mean': np.float64(0.0), 'Std': np.float64(0.0)}
[I 2024-11-09 17:03:11,327] Trial 122 finished with value: 53.0 and parameters: {'x_0': 5, 'x_1': 1, 'x_2': -1, 'x_3': 5, 'x_4': 1}. Best is trial 53 with value: 4.0.
2024-11-09 17:03:22,941 - INFO - Candidate Mean Stats: {'Max': np.float64(91.0), 'Min': np.float64(-5.86475312758239e-14), 'Mean': np.float64(0.03775822565522724), 'Std': np.float64(1.4631333125052841)}
2024-11-09 17:03:22,942 - INFO - Candidate Std Stats: {'Max': np.float64(0.9999999964460722), 'Min': np.float64(0.0), 'Mean': np.float64(0.9992362536774649), 'Std': np.float64(0.027625168215194024)}
2024-11-09 17:03:22,969 - INFO - Top 10 Mean Stats: {'Max': np.float64(2.192690473634684e-15), 'Min': np.float64(-1.8790524691780775e-15), 'Mean': np.float64(4.90579799006241e-16), 'Std': np.float64(1.2492376122031731e-15)}
2024-11-09 17:03:22,969 - INFO - Top 10 Std Stats: {'Max': np.float64(0.9999999964460722), 'Min': np.float64(0.9999999961781336), 'Mean': np.float64(0.9999999963158267), 'Std': np.float64(9.640157725821062e-11)}
2024-11-09 17:03:22,969 - INFO - Bottom 10 Mean Stats: {'Max': np.float64(91.0), 'Min': np.float64(79.0), 'Mean': np.float64(85.7), 'Std': np.float64(4.627094120503711)}
2024-11-09 17:03:22,970 - INFO - Bottom 10 Std Stats: {'Max': np.float64(0.0), 'Min': np.float64(0.0), 'Mean': np.float64(0.0), 'Std': np.float64(0.0)}
