[I 2024-11-09 17:08:36,296] Trial 155 finished with value: 31.0 and parameters: {'x_0': 3, 'x_1': -2, 'x_2': 4, 'x_3': -1, 'x_4': -1}. Best is trial 53 with value: 4.0.
2024-11-09 17:08:48,226 - INFO - Candidate Mean Stats: {'Max': np.float64(91.0), 'Min': np.float64(-5.773159728050814e-14), 'Mean': np.float64(0.047047208648192215), 'Std': np.float64(1.6214027494224912)}
2024-11-09 17:08:48,227 - INFO - Candidate Std Stats: {'Max': np.float64(0.9999999974136645), 'Min': np.float64(0.0), 'Mean': np.float64(0.9990313498408003), 'Std': np.float64(0.031107860434969634)}
2024-11-09 17:08:48,260 - INFO - Top 10 Mean Stats: {'Max': np.float64(8.81239525796218e-16), 'Min': np.float64(-2.120525977034049e-15), 'Mean': np.float64(-3.113828639378369e-16), 'Std': np.float64(1.037168628272866e-15)}
2024-11-09 17:08:48,260 - INFO - Top 10 Std Stats: {'Max': np.float64(0.9999999974136645), 'Min': np.float64(0.9999999966500049), 'Mean': np.float64(0.9999999969124369), 'Std': np.float64(2.2956092440444647e-10)}
2024-11-09 17:08:48,261 - INFO - Bottom 10 Mean Stats: {'Max': np.float64(91.0), 'Min': np.float64(82.0), 'Mean': np.float64(86.4), 'Std': np.float64(3.7469987990390385)}
2024-11-09 17:08:48,261 - INFO - Bottom 10 Std Stats: {'Max': np.float64(0.0), 'Min': np.float64(0.0), 'Mean': np.float64(0.0), 'Std': np.float64(0.0)}
[I 2024-11-09 17:08:48,316] Trial 156 finished with value: 36.0 and parameters: {'x_0': 5, 'x_1': -1, 'x_2': 0, 'x_3': 3, 'x_4': -1}. Best is trial 53 with value: 4.0.
2024-11-09 17:08:57,115 - INFO - Candidate Mean Stats: {'Max': np.float64(91.0), 'Min': np.float64(-4.233280392895722e-14), 'Mean': np.float64(0.04727074032449348), 'Std': np.float64(1.6238758983162545)}
2024-11-09 17:08:57,116 - INFO - Candidate Std Stats: {'Max': np.float64(0.9999999970038075), 'Min': np.float64(0.0), 'Mean': np.float64(0.9990251409581228), 'Std': np.float64(0.031207308872306154)}
2024-11-09 17:08:57,139 - INFO - Top 10 Mean Stats: {'Max': np.float64(3.5180192092809648e-15), 'Min': np.float64(-2.7977620220553944e-15), 'Mean': np.float64(6.496192472837946e-16), 'Std': np.float64(1.7214958572180436e-15)}
2024-11-09 17:08:57,139 - INFO - Top 10 Std Stats: {'Max': np.float64(0.9999999970038075), 'Min': np.float64(0.9999999963948629), 'Mean': np.float64(0.9999999965555375), 'Std': np.float64(1.6703708340549053e-10)}
2024-11-09 17:08:57,139 - INFO - Bottom 10 Mean Stats: {'Max': np.float64(91.0), 'Min': np.float64(82.0), 'Mean': np.float64(86.4), 'Std': np.float64(3.7469987990390385)}
2024-11-09 17:08:57,140 - INFO - Bottom 10 Std Stats: {'Max': np.float64(0.0), 'Min': np.float64(0.0), 'Mean': np.float64(0.0), 'Std': np.float64(0.0)}
[I 2024-11-09 17:08:57,176] Trial 157 finished with value: 42.0 and parameters: {'x_0': 4, 'x_1': 3, 'x_2': -2, 'x_3': 2, 'x_4': 3}. Best is trial 53 with value: 4.0.
2024-11-09 17:09:07,700 - INFO - Candidate Mean Stats: {'Max': np.float64(91.0), 'Min': np.float64(-4.714006962558415e-14), 'Mean': np.float64(0.04753152728017834), 'Std': np.float64(1.6272373096989954)}
2024-11-09 17:09:07,701 - INFO - Candidate Std Stats: {'Max': np.float64(0.9999999977800975), 'Min': np.float64(0.0), 'Mean': np.float64(0.9990189318671362), 'Std': np.float64(0.03130644016416295)}
2024-11-09 17:09:07,729 - INFO - Top 10 Mean Stats: {'Max': np.float64(2.0872192862952944e-15), 'Min': np.float64(-2.0872192862952944e-15), 'Mean': np.float64(-2.6645352591003762e-17), 'Std': np.float64(1.2917119263337945e-15)}
2024-11-09 17:09:07,729 - INFO - Top 10 Std Stats: {'Max': np.float64(0.9999999977800975), 'Min': np.float64(0.999999997151487), 'Mean': np.float64(0.9999999974918861), 'Std': np.float64(2.2361156921900164e-10)}
2024-11-09 17:09:07,729 - INFO - Bottom 10 Mean Stats: {'Max': np.float64(91.0), 'Min': np.float64(82.0), 'Mean': np.float64(86.4), 'Std': np.float64(3.7469987990390385)}
2024-11-09 17:09:07,729 - INFO - Bottom 10 Std Stats: {'Max': np.float64(0.0), 'Min': np.float64(0.0), 'Mean': np.float64(0.0), 'Std': np.float64(0.0)}
[I 2024-11-09 17:09:07,759] Trial 158 finished with value: 58.0 and parameters: {'x_0': -5, 'x_1': -2, 'x_2': -2, 'x_3': -4, 'x_4': -3}. Best is trial 53 with value: 4.0.
2024-11-09 17:09:18,629 - INFO - Candidate Mean Stats: {'Max': np.float64(91.0), 'Min': np.float64(-4.2734045468950654e-14), 'Mean': np.float64(0.04789166164755264), 'Std': np.float64(1.6336323607881784)}
2024-11-09 17:09:18,630 - INFO - Candidate Std Stats: {'Max': np.float64(0.9999999967525285), 'Min': np.float64(0.0), 'Mean': np.float64(0.9990127225404547), 'Std': np.float64(0.031405257312782923)}
2024-11-09 17:09:18,661 - INFO - Top 10 Mean Stats: {'Max': np.float64(4.9238391142125694e-15), 'Min': np.float64(-3.752553823233029e-15), 'Mean': np.float64(-3.025357742103547e-17), 'Std': np.float64(2.1752051693181625e-15)}
2024-11-09 17:09:18,661 - INFO - Top 10 Std Stats: {'Max': np.float64(0.9999999967525285), 'Min': np.float64(0.999999996331036), 'Mean': np.float64(0.9999999964887802), 'Std': np.float64(1.165543773227429e-10)}
2024-11-09 17:09:18,662 - INFO - Bottom 10 Mean Stats: {'Max': np.float64(91.0), 'Min': np.float64(82.0), 'Mean': np.float64(86.4), 'Std': np.float64(3.7469987990390385)}
2024-11-09 17:09:18,662 - INFO - Bottom 10 Std Stats: {'Max': np.float64(0.0), 'Min': np.float64(0.0), 'Mean': np.float64(0.0), 'Std': np.float64(0.0)}
[I 2024-11-09 17:09:18,704] Trial 159 finished with value: 91.0 and parameters: {'x_0': 5, 'x_1': 5, 'x_2': 3, 'x_3': -4, 'x_4': -4}. Best is trial 53 with value: 4.0.
2024-11-09 17:09:29,687 - INFO - Candidate Mean Stats: {'Max': np.float64(91.0), 'Min': np.float64(-5.820344206597383e-14), 'Mean': np.float64(0.04845670005153646), 'Std': np.float64(1.6492782495541392)}
2024-11-09 17:09:29,688 - INFO - Candidate Std Stats: {'Max': np.float64(0.9999999965257866), 'Min': np.float64(0.0), 'Mean': np.float64(0.9990065128176674), 'Std': np.float64(0.031503763269066454)}
2024-11-09 17:09:29,721 - INFO - Top 10 Mean Stats: {'Max': np.float64(1.870725796493389e-15), 'Min': np.float64(-2.7089441800853818e-15), 'Mean': np.float64(2.2509771824275057e-16), 'Std': np.float64(1.423785659607785e-15)}
2024-11-09 17:09:29,721 - INFO - Top 10 Std Stats: {'Max': np.float64(0.9999999965257866), 'Min': np.float64(0.9999999961719033), 'Mean': np.float64(0.9999999963048503), 'Std': np.float64(1.063670242142399e-10)}
2024-11-09 17:09:29,721 - INFO - Bottom 10 Mean Stats: {'Max': np.float64(91.0), 'Min': np.float64(82.0), 'Mean': np.float64(87.3), 'Std': np.float64(3.6619666847201113)}
2024-11-09 17:09:29,721 - INFO - Bottom 10 Std Stats: {'Max': np.float64(0.0), 'Min': np.float64(0.0), 'Mean': np.float64(0.0), 'Std': np.float64(0.0)}
[I 2024-11-09 17:09:29,752] Trial 160 finished with value: 62.0 and parameters: {'x_0': 4, 'x_1': 1, 'x_2': 2, 'x_3': -4, 'x_4': -5}. Best is trial 53 with value: 4.0.
2024-11-09 17:09:39,506 - INFO - Candidate Mean Stats: {'Max': np.float64(91.0), 'Min': np.float64(-4.641287354445467e-14), 'Mean': np.float64(0.04884167127183311), 'Std': np.float64(1.6564870971541004)}
2024-11-09 17:09:39,506 - INFO - Candidate Std Stats: {'Max': np.float64(0.9999999964314737), 'Min': np.float64(0.0), 'Mean': np.float64(0.9990003037381486), 'Std': np.float64(0.03160196097569682)}
2024-11-09 17:09:39,529 - INFO - Top 10 Mean Stats: {'Max': np.float64(4.151811273250816e-15), 'Min': np.float64(-2.5118795932144167e-15), 'Mean': np.float64(1.6017677635649098e-16), 'Std': np.float64(2.160619382448065e-15)}
2024-11-09 17:09:39,529 - INFO - Top 10 Std Stats: {'Max': np.float64(0.9999999964314737), 'Min': np.float64(0.9999999957474472), 'Mean': np.float64(0.9999999960042327), 'Std': np.float64(1.864589055923249e-10)}
2024-11-09 17:09:39,529 - INFO - Bottom 10 Mean Stats: {'Max': np.float64(91.0), 'Min': np.float64(82.0), 'Mean': np.float64(87.3), 'Std': np.float64(3.6619666847201113)}
2024-11-09 17:09:39,529 - INFO - Bottom 10 Std Stats: {'Max': np.float64(0.0), 'Min': np.float64(0.0), 'Mean': np.float64(0.0), 'Std': np.float64(0.0)}
[I 2024-11-09 17:09:39,561] Trial 161 finished with value: 22.0 and parameters: {'x_0': 1, 'x_1': -4, 'x_2': 2, 'x_3': 0, 'x_4': 1}. Best is trial 53 with value: 4.0.
2024-11-09 17:09:49,799 - INFO - Candidate Mean Stats: {'Max': np.float64(91.0), 'Min': np.float64(-4.5508041779385164e-14), 'Mean': np.float64(0.04897827396290616), 'Std': np.float64(1.6573899359456317)}
2024-11-09 17:09:49,800 - INFO - Candidate Std Stats: {'Max': np.float64(0.9999999964381027), 'Min': np.float64(0.0), 'Mean': np.float64(0.9989940942476128), 'Std': np.float64(0.0316998532642241)}
2024-11-09 17:09:49,824 - INFO - Top 10 Mean Stats: {'Max': np.float64(2.575717417130363e-15), 'Min': np.float64(-3.530509218307998e-15), 'Mean': np.float64(-4.614364446098309e-17), 'Std': np.float64(1.6745877859699785e-15)}
2024-11-09 17:09:49,824 - INFO - Top 10 Std Stats: {'Max': np.float64(0.9999999964381027), 'Min': np.float64(0.99999999580138), 'Mean': np.float64(0.9999999960442827), 'Std': np.float64(1.7467767632163627e-10)}
2024-11-09 17:09:49,824 - INFO - Bottom 10 Mean Stats: {'Max': np.float64(91.0), 'Min': np.float64(82.0), 'Mean': np.float64(87.3), 'Std': np.float64(3.6619666847201113)}
2024-11-09 17:09:49,824 - INFO - Bottom 10 Std Stats: {'Max': np.float64(0.0), 'Min': np.float64(0.0), 'Mean': np.float64(0.0), 'Std': np.float64(0.0)}
[I 2024-11-09 17:09:49,854] Trial 162 finished with value: 55.0 and parameters: {'x_0': -5, 'x_1': -3, 'x_2': -1, 'x_3': 4, 'x_4': -2}. Best is trial 53 with value: 4.0.
2024-11-09 17:09:58,821 - INFO - Candidate Mean Stats: {'Max': np.float64(91.0), 'Min': np.float64(-7.003286839335487e-14), 'Mean': np.float64(0.0493197806905887), 'Std': np.float64(1.663036590201617)}
2024-11-09 17:09:58,823 - INFO - Candidate Std Stats: {'Max': np.float64(0.9999999975343129), 'Min': np.float64(0.0), 'Mean': np.float64(0.9989878849753618), 'Std': np.float64(0.03179744297523811)}
2024-11-09 17:09:58,847 - INFO - Top 10 Mean Stats: {'Max': np.float64(6.522560269672795e-16), 'Min': np.float64(-2.292610545850948e-15), 'Mean': np.float64(-6.157574450327273e-16), 'Std': np.float64(9.06069712987559e-16)}
2024-11-09 17:09:58,848 - INFO - Top 10 Std Stats: {'Max': np.float64(0.9999999975343129), 'Min': np.float64(0.9999999966346188), 'Mean': np.float64(0.99999999687802), 'Std': np.float64(2.577815107651993e-10)}
2024-11-09 17:09:58,848 - INFO - Bottom 10 Mean Stats: {'Max': np.float64(91.0), 'Min': np.float64(82.0), 'Mean': np.float64(87.3), 'Std': np.float64(3.6619666847201113)}
2024-11-09 17:09:58,848 - INFO - Bottom 10 Std Stats: {'Max': np.float64(0.0), 'Min': np.float64(0.0), 'Mean': np.float64(0.0), 'Std': np.float64(0.0)}
[I 2024-11-09 17:09:58,883] Trial 163 finished with value: 49.0 and parameters: {'x_0': 2, 'x_1': 0, 'x_2': -2, 'x_3': -5, 'x_4': -4}. Best is trial 53 with value: 4.0.
2024-11-09 17:10:08,854 - INFO - Candidate Mean Stats: {'Max': np.float64(91.0), 'Min': np.float64(-4.8128168117500536e-14), 'Mean': np.float64(0.04962403213888768), 'Std': np.float64(1.6675037983518113)}
2024-11-09 17:10:08,855 - INFO - Candidate Std Stats: {'Max': np.float64(0.999999996624914), 'Min': np.float64(0.0), 'Mean': np.float64(0.9989816762751493), 'Std': np.float64(0.03189473289758988)}
2024-11-09 17:10:08,890 - INFO - Top 10 Mean Stats: {'Max': np.float64(2.4258373088059672e-15), 'Min': np.float64(-2.631228568361621e-15), 'Mean': np.float64(-3.3972824553529786e-16), 'Std': np.float64(1.6317593313987782e-15)}
2024-11-09 17:10:08,891 - INFO - Top 10 Std Stats: {'Max': np.float64(0.999999996624914), 'Min': np.float64(0.9999999963216036), 'Mean': np.float64(0.9999999964641131), 'Std': np.float64(1.0451447931526623e-10)}
2024-11-09 17:10:08,891 - INFO - Bottom 10 Mean Stats: {'Max': np.float64(91.0), 'Min': np.float64(82.0), 'Mean': np.float64(87.3), 'Std': np.float64(3.6619666847201113)}
2024-11-09 17:10:08,891 - INFO - Bottom 10 Std Stats: {'Max': np.float64(0.0), 'Min': np.float64(0.0), 'Mean': np.float64(0.0), 'Std': np.float64(0.0)}
[I 2024-11-09 17:10:08,965] Trial 164 finished with value: 49.0 and parameters: {'x_0': -5, 'x_1': -2, 'x_2': 4, 'x_3': 2, 'x_4': 0}. Best is trial 53 with value: 4.0.
2024-11-09 17:10:20,859 - INFO - Candidate Mean Stats: {'Max': np.float64(91.0), 'Min': np.float64(-4.9761583742480295e-14), 'Mean': np.float64(0.04992828358718668), 'Std': np.float64(1.671959015510885)}
2024-11-09 17:10:20,860 - INFO - Candidate Std Stats: {'Max': np.float64(0.9999999972134965), 'Min': np.float64(0.0), 'Mean': np.float64(0.9989754670299774), 'Std': np.float64(0.03199172573089992)}
2024-11-09 17:10:20,881 - INFO - Top 10 Mean Stats: {'Max': np.float64(2.0289325775024734e-15), 'Min': np.float64(-1.1990408665951691e-15), 'Mean': np.float64(4.164724121125117e-16), 'Std': np.float64(1.1576268729021643e-15)}
2024-11-09 17:10:20,881 - INFO - Top 10 Std Stats: {'Max': np.float64(0.9999999972134965), 'Min': np.float64(0.9999999965859663), 'Mean': np.float64(0.9999999967638408), 'Std': np.float64(2.2814691674598804e-10)}
2024-11-09 17:10:20,882 - INFO - Bottom 10 Mean Stats: {'Max': np.float64(91.0), 'Min': np.float64(82.0), 'Mean': np.float64(87.3), 'Std': np.float64(3.6619666847201113)}
2024-11-09 17:10:20,882 - INFO - Bottom 10 Std Stats: {'Max': np.float64(0.0), 'Min': np.float64(0.0), 'Mean': np.float64(0.0), 'Std': np.float64(0.0)}
[I 2024-11-09 17:10:20,910] Trial 165 finished with value: 16.0 and parameters: {'x_0': 1, 'x_1': 3, 'x_2': -2, 'x_3': -1, 'x_4': -1}. Best is trial 53 with value: 4.0.
2024-11-09 17:10:30,961 - INFO - Candidate Mean Stats: {'Max': np.float64(91.0), 'Min': np.float64(-4.574118861455645e-14), 'Mean': np.float64(0.05002763099887613), 'Std': np.float64(1.6724313372374249)}
2024-11-09 17:10:30,963 - INFO - Candidate Std Stats: {'Max': np.float64(0.9999999964172633), 'Min': np.float64(0.0), 'Mean': np.float64(0.9989692578392868), 'Std': np.float64(0.03208842418811659)}
2024-11-09 17:10:30,993 - INFO - Top 10 Mean Stats: {'Max': np.float64(1.6181500583911656e-15), 'Min': np.float64(-3.3528735343679727e-15), 'Mean': np.float64(-9.905271047827569e-16), 'Std': np.float64(1.5969637594434858e-15)}
2024-11-09 17:10:30,993 - INFO - Top 10 Std Stats: {'Max': np.float64(0.9999999964172633), 'Min': np.float64(0.9999999960061491), 'Mean': np.float64(0.9999999962197883), 'Std': np.float64(1.1815213622148458e-10)}
2024-11-09 17:10:30,993 - INFO - Bottom 10 Mean Stats: {'Max': np.float64(91.0), 'Min': np.float64(82.0), 'Mean': np.float64(87.3), 'Std': np.float64(3.6619666847201113)}
2024-11-09 17:10:30,994 - INFO - Bottom 10 Std Stats: {'Max': np.float64(0.0), 'Min': np.float64(0.0), 'Mean': np.float64(0.0), 'Std': np.float64(0.0)}
[I 2024-11-09 17:10:31,029] Trial 166 finished with value: 20.0 and parameters: {'x_0': 1, 'x_1': 1, 'x_2': 3, 'x_3': 0, 'x_4': -3}. Best is trial 53 with value: 4.0.
2024-11-09 17:10:41,319 - INFO - Candidate Mean Stats: {'Max': np.float64(91.0), 'Min': np.float64(-5.164757510556228e-14), 'Mean': np.float64(0.05015181526348795), 'Std': np.float64(1.673169992067493)}
2024-11-09 17:10:41,319 - INFO - Candidate Std Stats: {'Max': np.float64(0.9999999966917935), 'Min': np.float64(0.0), 'Mean': np.float64(0.9989630487004473), 'Std': np.float64(0.03218483092252194)}
2024-11-09 17:10:41,343 - INFO - Top 10 Mean Stats: {'Max': np.float64(1.84297022087776e-15), 'Min': np.float64(-3.1530333899354444e-15), 'Mean': np.float64(-4.67924310409984e-16), 'Std': np.float64(1.6680844779065837e-15)}
2024-11-09 17:10:41,343 - INFO - Top 10 Std Stats: {'Max': np.float64(0.9999999966917935), 'Min': np.float64(0.999999996209514), 'Mean': np.float64(0.9999999963738041), 'Std': np.float64(1.6204688490610947e-10)}
2024-11-09 17:10:41,343 - INFO - Bottom 10 Mean Stats: {'Max': np.float64(91.0), 'Min': np.float64(82.0), 'Mean': np.float64(87.3), 'Std': np.float64(3.6619666847201113)}
2024-11-09 17:10:41,343 - INFO - Bottom 10 Std Stats: {'Max': np.float64(0.0), 'Min': np.float64(0.0), 'Mean': np.float64(0.0), 'Std': np.float64(0.0)}
[I 2024-11-09 17:10:41,398] Trial 167 finished with value: 83.0 and parameters: {'x_0': 4, 'x_1': -5, 'x_2': -1, 'x_3': -4, 'x_4': 5}. Best is trial 53 with value: 4.0.
2024-11-09 17:10:52,224 - INFO - Candidate Mean Stats: {'Max': np.float64(91.0), 'Min': np.float64(-4.458655666894629e-14), 'Mean': np.float64(0.05066717996162704), 'Std': np.float64(1.6858888260349907)}
2024-11-09 17:10:52,224 - INFO - Candidate Std Stats: {'Max': np.float64(0.9999999967028185), 'Min': np.float64(0.0), 'Mean': np.float64(0.9989568390563381), 'Std': np.float64(0.032280948529824674)}
2024-11-09 17:10:52,251 - INFO - Top 10 Mean Stats: {'Max': np.float64(2.475797344914099e-15), 'Min': np.float64(-2.8477220581635264e-15), 'Mean': np.float64(-4.246603069191217e-17), 'Std': np.float64(1.69896322079317e-15)}
2024-11-09 17:10:52,251 - INFO - Top 10 Std Stats: {'Max': np.float64(0.9999999967028185), 'Min': np.float64(0.9999999962744022), 'Mean': np.float64(0.9999999964674474), 'Std': np.float64(1.326888186240885e-10)}
2024-11-09 17:10:52,251 - INFO - Bottom 10 Mean Stats: {'Max': np.float64(91.0), 'Min': np.float64(83.0), 'Mean': np.float64(87.4), 'Std': np.float64(3.5270384177096794)}
2024-11-09 17:10:52,251 - INFO - Bottom 10 Std Stats: {'Max': np.float64(0.0), 'Min': np.float64(0.0), 'Mean': np.float64(0.0), 'Std': np.float64(0.0)}
[I 2024-11-09 17:10:52,279] Trial 168 finished with value: 10.0 and parameters: {'x_0': -1, 'x_1': 0, 'x_2': -2, 'x_3': 1, 'x_4': -2}. Best is trial 53 with value: 4.0.
2024-11-09 17:10:59,553 - INFO - Candidate Mean Stats: {'Max': np.float64(91.0), 'Min': np.float64(-5.4517501624218313e-14), 'Mean': np.float64(0.05072927209393298), 'Std': np.float64(1.686071101451769)}
2024-11-09 17:10:59,554 - INFO - Candidate Std Stats: {'Max': np.float64(0.9999999968682646), 'Min': np.float64(0.0), 'Mean': np.float64(0.9989506300900928), 'Std': np.float64(0.03237677962309313)}
2024-11-09 17:10:59,583 - INFO - Top 10 Mean Stats: {'Max': np.float64(2.930988785010413e-15), 'Min': np.float64(-1.5709655798445965e-15), 'Mean': np.float64(9.338363415878347e-16), 'Std': np.float64(1.390191481029645e-15)}
2024-11-09 17:10:59,583 - INFO - Top 10 Std Stats: {'Max': np.float64(0.9999999968682646), 'Min': np.float64(0.9999999964777847), 'Mean': np.float64(0.9999999966962546), 'Std': np.float64(1.171013447204392e-10)}
2024-11-09 17:10:59,583 - INFO - Bottom 10 Mean Stats: {'Max': np.float64(91.0), 'Min': np.float64(83.0), 'Mean': np.float64(87.4), 'Std': np.float64(3.5270384177096794)}
2024-11-09 17:10:59,583 - INFO - Bottom 10 Std Stats: {'Max': np.float64(0.0), 'Min': np.float64(0.0), 'Mean': np.float64(0.0), 'Std': np.float64(0.0)}
[I 2024-11-09 17:10:59,613] Trial 169 finished with value: 13.0 and parameters: {'x_0': 2, 'x_1': -1, 'x_2': -2, 'x_3': -2, 'x_4': 0}. Best is trial 53 with value: 4.0.
2024-11-09 17:11:08,647 - INFO - Candidate Mean Stats: {'Max': np.float64(91.0), 'Min': np.float64(-4.4220183070819986e-14), 'Mean': np.float64(0.05080999186593066), 'Std': np.float64(1.6863798267177286)}
2024-11-09 17:11:08,648 - INFO - Candidate Std Stats: {'Max': np.float64(0.9999999959283727), 'Min': np.float64(0.0), 'Mean': np.float64(0.9989444209328354), 'Std': np.float64(0.03247232671111986)}
2024-11-09 17:11:08,683 - INFO - Top 10 Mean Stats: {'Max': np.float64(2.3925306180672124e-15), 'Min': np.float64(-3.802513859341161e-15), 'Mean': np.float64(1.4377388168895781e-16), 'Std': np.float64(1.9474375997570127e-15)}
2024-11-09 17:11:08,683 - INFO - Top 10 Std Stats: {'Max': np.float64(0.9999999959283727), 'Min': np.float64(0.9999999955112441), 'Mean': np.float64(0.9999999956587866), 'Std': np.float64(1.3674883048573377e-10)}
2024-11-09 17:11:08,683 - INFO - Bottom 10 Mean Stats: {'Max': np.float64(91.0), 'Min': np.float64(83.0), 'Mean': np.float64(87.4), 'Std': np.float64(3.5270384177096794)}
2024-11-09 17:11:08,683 - INFO - Bottom 10 Std Stats: {'Max': np.float64(0.0), 'Min': np.float64(0.0), 'Mean': np.float64(0.0), 'Std': np.float64(0.0)}
[I 2024-11-09 17:11:08,715] Trial 170 finished with value: 58.0 and parameters: {'x_0': 2, 'x_1': 2, 'x_2': -5, 'x_3': 3, 'x_4': 4}. Best is trial 53 with value: 4.0.
2024-11-09 17:11:20,184 - INFO - Candidate Mean Stats: {'Max': np.float64(91.0), 'Min': np.float64(-5.74429392941056e-14), 'Mean': np.float64(0.05117012623330501), 'Std': np.float64(1.6925507338697148)}
2024-11-09 17:11:20,185 - INFO - Candidate Std Stats: {'Max': np.float64(0.9999999970186858), 'Min': np.float64(0.0), 'Mean': np.float64(0.9989382114896068), 'Std': np.float64(0.03256759229035118)}
2024-11-09 17:11:20,206 - INFO - Top 10 Mean Stats: {'Max': np.float64(2.453592884421596e-15), 'Min': np.float64(-2.1649348980190553e-15), 'Mean': np.float64(1.3170020629615917e-16), 'Std': np.float64(1.3266712874554338e-15)}
2024-11-09 17:11:20,207 - INFO - Top 10 Std Stats: {'Max': np.float64(0.9999999970186858), 'Min': np.float64(0.9999999964605893), 'Mean': np.float64(0.9999999966727604), 'Std': np.float64(1.8155427394184838e-10)}
2024-11-09 17:11:20,207 - INFO - Bottom 10 Mean Stats: {'Max': np.float64(91.0), 'Min': np.float64(83.0), 'Mean': np.float64(87.4), 'Std': np.float64(3.5270384177096794)}
2024-11-09 17:11:20,207 - INFO - Bottom 10 Std Stats: {'Max': np.float64(0.0), 'Min': np.float64(0.0), 'Mean': np.float64(0.0), 'Std': np.float64(0.0)}
