[I 2024-11-09 17:26:02,992] Trial 255 finished with value: 72.0 and parameters: {'x_0': -3, 'x_1': 5, 'x_2': -2, 'x_3': -5, 'x_4': -3}. Best is trial 176 with value: 7.0.
2024-11-09 17:26:08,808 - INFO - Candidate Mean Stats: {'Max': np.float64(107.0), 'Min': np.float64(-5.2265136663010024e-14), 'Mean': np.float64(0.08243351484933344), 'Std': np.float64(2.1968321108136033)}
2024-11-09 17:26:08,809 - INFO - Candidate Std Stats: {'Max': np.float64(0.9999999970723363), 'Min': np.float64(0.0), 'Mean': np.float64(0.9984104302292142), 'Std': np.float64(0.03983756838683029)}
2024-11-09 17:26:08,838 - INFO - Top 10 Mean Stats: {'Max': np.float64(4.282685317491542e-15), 'Min': np.float64(-4.1411318818518336e-15), 'Mean': np.float64(5.848099782213013e-16), 'Std': np.float64(2.315030667769479e-15)}
2024-11-09 17:26:08,838 - INFO - Top 10 Std Stats: {'Max': np.float64(0.9999999970723363), 'Min': np.float64(0.9999999965751353), 'Mean': np.float64(0.9999999967555626), 'Std': np.float64(1.6487048986080678e-10)}
2024-11-09 17:26:08,839 - INFO - Bottom 10 Mean Stats: {'Max': np.float64(107.0), 'Min': np.float64(83.0), 'Mean': np.float64(91.7), 'Std': np.float64(8.075270893288968)}
2024-11-09 17:26:08,839 - INFO - Bottom 10 Std Stats: {'Max': np.float64(0.0), 'Min': np.float64(0.0), 'Mean': np.float64(0.0), 'Std': np.float64(0.0)}
[I 2024-11-09 17:26:08,875] Trial 256 finished with value: 46.0 and parameters: {'x_0': -5, 'x_1': 1, 'x_2': -2, 'x_3': 4, 'x_4': 0}. Best is trial 176 with value: 7.0.
2024-11-09 17:26:15,456 - INFO - Candidate Mean Stats: {'Max': np.float64(107.0), 'Min': np.float64(-5.740963260336685e-14), 'Mean': np.float64(0.08271913865794062), 'Std': np.float64(2.1998097296738615)}
2024-11-09 17:26:15,457 - INFO - Candidate Std Stats: {'Max': np.float64(0.999999997425815), 'Min': np.float64(0.0), 'Mean': np.float64(0.9984042207418014), 'Std': np.float64(0.03991517617174297)}
2024-11-09 17:26:15,484 - INFO - Top 10 Mean Stats: {'Max': np.float64(3.017031069418863e-15), 'Min': np.float64(-2.4397150966137817e-15), 'Mean': np.float64(3.5815968246755143e-16), 'Std': np.float64(1.4400504429855142e-15)}
2024-11-09 17:26:15,484 - INFO - Top 10 Std Stats: {'Max': np.float64(0.999999997425815), 'Min': np.float64(0.9999999969379464), 'Mean': np.float64(0.9999999971246967), 'Std': np.float64(1.6532854036050097e-10)}
2024-11-09 17:26:15,484 - INFO - Bottom 10 Mean Stats: {'Max': np.float64(107.0), 'Min': np.float64(83.0), 'Mean': np.float64(91.7), 'Std': np.float64(8.075270893288968)}
2024-11-09 17:26:15,484 - INFO - Bottom 10 Std Stats: {'Max': np.float64(0.0), 'Min': np.float64(0.0), 'Mean': np.float64(0.0), 'Std': np.float64(0.0)}
[I 2024-11-09 17:26:15,519] Trial 257 finished with value: 29.0 and parameters: {'x_0': -4, 'x_1': 2, 'x_2': 0, 'x_3': 0, 'x_4': 3}. Best is trial 176 with value: 7.0.
2024-11-09 17:26:21,622 - INFO - Candidate Mean Stats: {'Max': np.float64(107.0), 'Min': np.float64(-5.753869602997952e-14), 'Mean': np.float64(0.08289920584162781), 'Std': np.float64(2.200989543970133)}
2024-11-09 17:26:21,622 - INFO - Candidate Std Stats: {'Max': np.float64(0.9999999971869743), 'Min': np.float64(0.0), 'Mean': np.float64(0.9983980119234614), 'Std': np.float64(0.03999263241767642)}
2024-11-09 17:26:21,646 - INFO - Top 10 Mean Stats: {'Max': np.float64(3.669287096386142e-15), 'Min': np.float64(-3.3306690738754696e-15), 'Mean': np.float64(-2.800537579616958e-16), 'Std': np.float64(1.9774013530558423e-15)}
2024-11-09 17:26:21,646 - INFO - Top 10 Std Stats: {'Max': np.float64(0.9999999971869743), 'Min': np.float64(0.9999999966591087), 'Mean': np.float64(0.9999999969048659), 'Std': np.float64(1.7835827334827806e-10)}
2024-11-09 17:26:21,647 - INFO - Bottom 10 Mean Stats: {'Max': np.float64(107.0), 'Min': np.float64(83.0), 'Mean': np.float64(91.7), 'Std': np.float64(8.075270893288968)}
2024-11-09 17:26:21,647 - INFO - Bottom 10 Std Stats: {'Max': np.float64(0.0), 'Min': np.float64(0.0), 'Mean': np.float64(0.0), 'Std': np.float64(0.0)}
[I 2024-11-09 17:26:21,681] Trial 258 finished with value: 70.0 and parameters: {'x_0': -4, 'x_1': 3, 'x_2': -2, 'x_3': -4, 'x_4': -5}. Best is trial 176 with value: 7.0.
2024-11-09 17:26:32,155 - INFO - Candidate Mean Stats: {'Max': np.float64(107.0), 'Min': np.float64(-8.652523142416158e-14), 'Mean': np.float64(0.08333385076776921), 'Std': np.float64(2.207874060072526)}
2024-11-09 17:26:32,157 - INFO - Candidate Std Stats: {'Max': np.float64(0.9999999969553156), 'Min': np.float64(0.0), 'Mean': np.float64(0.9983918027793757), 'Std': np.float64(0.04006993796380176)}
2024-11-09 17:26:32,186 - INFO - Top 10 Mean Stats: {'Max': np.float64(2.559064071760986e-15), 'Min': np.float64(-2.1094237467877974e-15), 'Mean': np.float64(1.414146577616293e-16), 'Std': np.float64(1.5852385619083835e-15)}
2024-11-09 17:26:32,186 - INFO - Top 10 Std Stats: {'Max': np.float64(0.9999999969553156), 'Min': np.float64(0.9999999966417873), 'Mean': np.float64(0.999999996743848), 'Std': np.float64(1.0151752758662759e-10)}
2024-11-09 17:26:32,187 - INFO - Bottom 10 Mean Stats: {'Max': np.float64(107.0), 'Min': np.float64(83.0), 'Mean': np.float64(91.7), 'Std': np.float64(8.075270893288968)}
2024-11-09 17:26:32,188 - INFO - Bottom 10 Std Stats: {'Max': np.float64(0.0), 'Min': np.float64(0.0), 'Mean': np.float64(0.0), 'Std': np.float64(0.0)}
[I 2024-11-09 17:26:32,264] Trial 259 finished with value: 59.0 and parameters: {'x_0': 0, 'x_1': -4, 'x_2': -3, 'x_3': -3, 'x_4': -5}. Best is trial 176 with value: 7.0.
2024-11-09 17:26:39,382 - INFO - Candidate Mean Stats: {'Max': np.float64(107.0), 'Min': np.float64(-6.997180612700049e-14), 'Mean': np.float64(0.0837001943483741), 'Std': np.float64(2.212749634402107)}
2024-11-09 17:26:39,382 - INFO - Candidate Std Stats: {'Max': np.float64(0.9999999967169676), 'Min': np.float64(0.0), 'Mean': np.float64(0.9983855932491064), 'Std': np.float64(0.04014709367808103)}
2024-11-09 17:26:39,405 - INFO - Top 10 Mean Stats: {'Max': np.float64(3.1585845050585703e-15), 'Min': np.float64(-2.0539125955565396e-15), 'Mean': np.float64(9.627368346976084e-16), 'Std': np.float64(1.6043162567002466e-15)}
2024-11-09 17:26:39,405 - INFO - Top 10 Std Stats: {'Max': np.float64(0.9999999967169676), 'Min': np.float64(0.9999999963097915), 'Mean': np.float64(0.9999999964288847), 'Std': np.float64(1.2214807894840548e-10)}
2024-11-09 17:26:39,405 - INFO - Bottom 10 Mean Stats: {'Max': np.float64(107.0), 'Min': np.float64(83.0), 'Mean': np.float64(91.7), 'Std': np.float64(8.075270893288968)}
2024-11-09 17:26:39,405 - INFO - Bottom 10 Std Stats: {'Max': np.float64(0.0), 'Min': np.float64(0.0), 'Mean': np.float64(0.0), 'Std': np.float64(0.0)}
[I 2024-11-09 17:26:39,434] Trial 260 finished with value: 56.0 and parameters: {'x_0': -5, 'x_1': 1, 'x_2': 1, 'x_3': -2, 'x_4': -5}. Best is trial 176 with value: 7.0.
2024-11-09 17:26:45,823 - INFO - Candidate Mean Stats: {'Max': np.float64(107.0), 'Min': np.float64(-5.333511410299252e-14), 'Mean': np.float64(0.08404791028928722), 'Std': np.float64(2.217132090911084)}
2024-11-09 17:26:45,824 - INFO - Candidate Std Stats: {'Max': np.float64(0.999999996634633), 'Min': np.float64(0.0), 'Mean': np.float64(0.998379384139942), 'Std': np.float64(0.0402241004550588)}
2024-11-09 17:26:45,848 - INFO - Top 10 Mean Stats: {'Max': np.float64(4.929390229335695e-15), 'Min': np.float64(-7.0735084456430285e-15), 'Mean': np.float64(-3.515243651719402e-16), 'Std': np.float64(3.4846403958555903e-15)}
2024-11-09 17:26:45,848 - INFO - Top 10 Std Stats: {'Max': np.float64(0.999999996634633), 'Min': np.float64(0.9999999963081754), 'Mean': np.float64(0.9999999964090701), 'Std': np.float64(9.121529610529175e-11)}
2024-11-09 17:26:45,849 - INFO - Bottom 10 Mean Stats: {'Max': np.float64(107.0), 'Min': np.float64(83.0), 'Mean': np.float64(91.7), 'Std': np.float64(8.075270893288968)}
2024-11-09 17:26:45,849 - INFO - Bottom 10 Std Stats: {'Max': np.float64(0.0), 'Min': np.float64(0.0), 'Mean': np.float64(0.0), 'Std': np.float64(0.0)}
[I 2024-11-09 17:26:45,879] Trial 261 finished with value: 25.0 and parameters: {'x_0': -2, 'x_1': -2, 'x_2': 0, 'x_3': -1, 'x_4': 4}. Best is trial 176 with value: 7.0.
2024-11-09 17:26:53,121 - INFO - Candidate Mean Stats: {'Max': np.float64(107.0), 'Min': np.float64(-7.540634783254064e-14), 'Mean': np.float64(0.084203140620052), 'Std': np.float64(2.2180012058496703)}
2024-11-09 17:26:53,122 - INFO - Candidate Std Stats: {'Max': np.float64(0.9999999971378123), 'Min': np.float64(0.0), 'Mean': np.float64(0.99837317480207), 'Std': np.float64(0.04030095912246396)}
2024-11-09 17:26:53,148 - INFO - Top 10 Mean Stats: {'Max': np.float64(2.6201263381153696e-15), 'Min': np.float64(-4.307665335545607e-15), 'Mean': np.float64(3.885780586188064e-18), 'Std': np.float64(2.0872872715847337e-15)}
2024-11-09 17:26:53,149 - INFO - Top 10 Std Stats: {'Max': np.float64(0.9999999971378123), 'Min': np.float64(0.9999999966392116), 'Mean': np.float64(0.9999999967849096), 'Std': np.float64(1.495283633703487e-10)}
2024-11-09 17:26:53,149 - INFO - Bottom 10 Mean Stats: {'Max': np.float64(107.0), 'Min': np.float64(83.0), 'Mean': np.float64(91.7), 'Std': np.float64(8.075270893288968)}
2024-11-09 17:26:53,149 - INFO - Bottom 10 Std Stats: {'Max': np.float64(0.0), 'Min': np.float64(0.0), 'Mean': np.float64(0.0), 'Std': np.float64(0.0)}
[I 2024-11-09 17:26:53,195] Trial 262 finished with value: 93.0 and parameters: {'x_0': -3, 'x_1': -5, 'x_2': -3, 'x_3': 5, 'x_4': 5}. Best is trial 176 with value: 7.0.
2024-11-09 17:26:59,278 - INFO - Candidate Mean Stats: {'Max': np.float64(107.0), 'Min': np.float64(-5.2458037913538647e-14), 'Mean': np.float64(0.08478059745049704), 'Std': np.float64(2.230052746812997)}
2024-11-09 17:26:59,279 - INFO - Candidate Std Stats: {'Max': np.float64(0.999999997222076), 'Min': np.float64(0.0), 'Mean': np.float64(0.998366966188579), 'Std': np.float64(0.040377670564514495)}
2024-11-09 17:26:59,301 - INFO - Top 10 Mean Stats: {'Max': np.float64(3.569367024169878e-15), 'Min': np.float64(-3.7914116290949094e-15), 'Mean': np.float64(-6.012421463474915e-16), 'Std': np.float64(2.0985371652517942e-15)}
2024-11-09 17:26:59,301 - INFO - Top 10 Std Stats: {'Max': np.float64(0.999999997222076), 'Min': np.float64(0.999999996860006), 'Mean': np.float64(0.9999999970335132), 'Std': np.float64(1.2844312503548024e-10)}
2024-11-09 17:26:59,301 - INFO - Bottom 10 Mean Stats: {'Max': np.float64(107.0), 'Min': np.float64(84.0), 'Mean': np.float64(92.7), 'Std': np.float64(7.5372408744845085)}
2024-11-09 17:26:59,302 - INFO - Bottom 10 Std Stats: {'Max': np.float64(0.0), 'Min': np.float64(0.0), 'Mean': np.float64(0.0), 'Std': np.float64(0.0)}
[I 2024-11-09 17:26:59,334] Trial 263 finished with value: 42.0 and parameters: {'x_0': 2, 'x_1': -2, 'x_2': 5, 'x_3': 0, 'x_4': 3}. Best is trial 176 with value: 7.0.
2024-11-09 17:27:04,196 - INFO - Candidate Mean Stats: {'Max': np.float64(107.0), 'Min': np.float64(-5.90361093344427e-14), 'Mean': np.float64(0.08504138440618189), 'Std': np.float64(2.2324972605468743)}
2024-11-09 17:27:04,196 - INFO - Candidate Std Stats: {'Max': np.float64(0.9999999968150575), 'Min': np.float64(0.0), 'Mean': np.float64(0.998360756352572), 'Std': np.float64(0.040454235540183923)}
2024-11-09 17:27:04,220 - INFO - Top 10 Mean Stats: {'Max': np.float64(3.957945082788683e-15), 'Min': np.float64(-2.6645352591003757e-15), 'Mean': np.float64(-3.931577285953836e-16), 'Std': np.float64(2.1023431435283583e-15)}
2024-11-09 17:27:04,220 - INFO - Top 10 Std Stats: {'Max': np.float64(0.9999999968150575), 'Min': np.float64(0.9999999965064524), 'Mean': np.float64(0.9999999966401181), 'Std': np.float64(1.0498449811806618e-10)}
2024-11-09 17:27:04,220 - INFO - Bottom 10 Mean Stats: {'Max': np.float64(107.0), 'Min': np.float64(84.0), 'Mean': np.float64(92.7), 'Std': np.float64(7.5372408744845085)}
2024-11-09 17:27:04,220 - INFO - Bottom 10 Std Stats: {'Max': np.float64(0.0), 'Min': np.float64(0.0), 'Mean': np.float64(0.0), 'Std': np.float64(0.0)}
[I 2024-11-09 17:27:04,251] Trial 264 finished with value: 31.0 and parameters: {'x_0': 3, 'x_1': -1, 'x_2': 1, 'x_3': 2, 'x_4': 4}. Best is trial 176 with value: 7.0.
2024-11-09 17:27:11,064 - INFO - Candidate Mean Stats: {'Max': np.float64(107.0), 'Min': np.float64(-5.74651437545981e-14), 'Mean': np.float64(0.08523387001633022), 'Std': np.float64(2.233825932504065)}
2024-11-09 17:27:11,065 - INFO - Candidate Std Stats: {'Max': np.float64(0.9999999968317014), 'Min': np.float64(0.0), 'Mean': np.float64(0.998354547573204), 'Std': np.float64(0.04053065497149095)}
2024-11-09 17:27:11,089 - INFO - Top 10 Mean Stats: {'Max': np.float64(4.14668299697496e-15), 'Min': np.float64(-5.3179682879545e-15), 'Mean': np.float64(-2.0039525594484077e-16), 'Std': np.float64(2.6442533972744415e-15)}
2024-11-09 17:27:11,089 - INFO - Top 10 Std Stats: {'Max': np.float64(0.9999999968317014), 'Min': np.float64(0.9999999966332476), 'Mean': np.float64(0.9999999967424712), 'Std': np.float64(7.040066804576646e-11)}
2024-11-09 17:27:11,090 - INFO - Bottom 10 Mean Stats: {'Max': np.float64(107.0), 'Min': np.float64(84.0), 'Mean': np.float64(92.7), 'Std': np.float64(7.5372408744845085)}
2024-11-09 17:27:11,090 - INFO - Bottom 10 Std Stats: {'Max': np.float64(0.0), 'Min': np.float64(0.0), 'Mean': np.float64(0.0), 'Std': np.float64(0.0)}
[I 2024-11-09 17:27:11,124] Trial 265 finished with value: 45.0 and parameters: {'x_0': 0, 'x_1': 2, 'x_2': -3, 'x_3': -4, 'x_4': 4}. Best is trial 176 with value: 7.0.
2024-11-09 17:27:17,630 - INFO - Candidate Mean Stats: {'Max': np.float64(107.0), 'Min': np.float64(-4.4719783431901307e-14), 'Mean': np.float64(0.08551328461170686), 'Std': np.float64(2.2366278734453084)}
2024-11-09 17:27:17,630 - INFO - Candidate Std Stats: {'Max': np.float64(0.9999999969254293), 'Min': np.float64(0.0), 'Mean': np.float64(0.9983483381582698), 'Std': np.float64(0.0406069296118047)}
2024-11-09 17:27:17,653 - INFO - Top 10 Mean Stats: {'Max': np.float64(1.5432100042289676e-15), 'Min': np.float64(-2.758904216193514e-15), 'Mean': np.float64(-9.017786517517833e-16), 'Std': np.float64(1.2913833075465912e-15)}
2024-11-09 17:27:17,653 - INFO - Top 10 Std Stats: {'Max': np.float64(0.9999999969254293), 'Min': np.float64(0.9999999965258141), 'Mean': np.float64(0.9999999967011464), 'Std': np.float64(1.315238755683128e-10)}
2024-11-09 17:27:17,653 - INFO - Bottom 10 Mean Stats: {'Max': np.float64(107.0), 'Min': np.float64(84.0), 'Mean': np.float64(92.7), 'Std': np.float64(7.5372408744845085)}
2024-11-09 17:27:17,653 - INFO - Bottom 10 Std Stats: {'Max': np.float64(0.0), 'Min': np.float64(0.0), 'Mean': np.float64(0.0), 'Std': np.float64(0.0)}
[I 2024-11-09 17:27:17,690] Trial 266 finished with value: 64.0 and parameters: {'x_0': -5, 'x_1': -1, 'x_2': -5, 'x_3': 3, 'x_4': 2}. Best is trial 176 with value: 7.0.
2024-11-09 17:27:25,615 - INFO - Candidate Mean Stats: {'Max': np.float64(107.0), 'Min': np.float64(-5.708211681110242e-14), 'Mean': np.float64(0.0859106742584647), 'Std': np.float64(2.2422910291838845)}
2024-11-09 17:27:25,615 - INFO - Candidate Std Stats: {'Max': np.float64(0.9999999984853766), 'Min': np.float64(0.0), 'Mean': np.float64(0.9983421288015515), 'Std': np.float64(0.04068306030349047)}
2024-11-09 17:27:25,639 - INFO - Top 10 Mean Stats: {'Max': np.float64(1.1990408665951691e-15), 'Min': np.float64(-8.881784197001252e-16), 'Mean': np.float64(-1.5987211554602254e-16), 'Std': np.float64(6.299808897234034e-16)}
2024-11-09 17:27:25,639 - INFO - Top 10 Std Stats: {'Max': np.float64(0.9999999984853766), 'Min': np.float64(0.999999998132987), 'Mean': np.float64(0.9999999982801684), 'Std': np.float64(1.174617863048905e-10)}
2024-11-09 17:27:25,640 - INFO - Bottom 10 Mean Stats: {'Max': np.float64(107.0), 'Min': np.float64(84.0), 'Mean': np.float64(92.7), 'Std': np.float64(7.5372408744845085)}
2024-11-09 17:27:25,640 - INFO - Bottom 10 Std Stats: {'Max': np.float64(0.0), 'Min': np.float64(0.0), 'Mean': np.float64(0.0), 'Std': np.float64(0.0)}
[I 2024-11-09 17:27:25,678] Trial 267 finished with value: 22.0 and parameters: {'x_0': 4, 'x_1': 2, 'x_2': 0, 'x_3': 1, 'x_4': -1}. Best is trial 176 with value: 7.0.
2024-11-09 17:27:31,637 - INFO - Candidate Mean Stats: {'Max': np.float64(107.0), 'Min': np.float64(-5.3089477258794204e-14), 'Mean': np.float64(0.08604727694953772), 'Std': np.float64(2.2429558240953487)}
2024-11-09 17:27:31,638 - INFO - Candidate Std Stats: {'Max': np.float64(0.9999999966588656), 'Min': np.float64(0.0), 'Mean': np.float64(0.9983359196180821), 'Std': np.float64(0.040759047857882945)}
2024-11-09 17:27:31,662 - INFO - Top 10 Mean Stats: {'Max': np.float64(3.3306690738754696e-15), 'Min': np.float64(-2.7977620220553944e-15), 'Mean': np.float64(-3.39311911901063e-17), 'Std': np.float64(1.7305592618391211e-15)}
2024-11-09 17:27:31,662 - INFO - Top 10 Std Stats: {'Max': np.float64(0.9999999966588656), 'Min': np.float64(0.9999999962923873), 'Mean': np.float64(0.9999999964067486), 'Std': np.float64(1.0950542952424464e-10)}
2024-11-09 17:27:31,663 - INFO - Bottom 10 Mean Stats: {'Max': np.float64(107.0), 'Min': np.float64(84.0), 'Mean': np.float64(92.7), 'Std': np.float64(7.5372408744845085)}
2024-11-09 17:27:31,663 - INFO - Bottom 10 Std Stats: {'Max': np.float64(0.0), 'Min': np.float64(0.0), 'Mean': np.float64(0.0), 'Std': np.float64(0.0)}
[I 2024-11-09 17:27:31,701] Trial 268 finished with value: 51.0 and parameters: {'x_0': 3, 'x_1': 1, 'x_2': 0, 'x_3': 5, 'x_4': -4}. Best is trial 176 with value: 7.0.
2024-11-09 17:27:37,712 - INFO - Candidate Mean Stats: {'Max': np.float64(107.0), 'Min': np.float64(-5.1814108559256054e-14), 'Mean': np.float64(0.08636394682429789), 'Std': np.float64(2.246540984494913)}
2024-11-09 17:27:37,713 - INFO - Candidate Std Stats: {'Max': np.float64(0.9999999966123511), 'Min': np.float64(0.0), 'Mean': np.float64(0.9983297104302976), 'Std': np.float64(0.04083489306686878)}
2024-11-09 17:27:37,736 - INFO - Top 10 Mean Stats: {'Max': np.float64(2.042810365310288e-15), 'Min': np.float64(-1.7319479184152442e-15), 'Mean': np.float64(9.88098491916389e-17), 'Std': np.float64(1.4158060084358556e-15)}
2024-11-09 17:27:37,737 - INFO - Top 10 Std Stats: {'Max': np.float64(0.9999999966123511), 'Min': np.float64(0.9999999960669834), 'Mean': np.float64(0.9999999963448178), 'Std': np.float64(1.7162448131530535e-10)}
2024-11-09 17:27:37,737 - INFO - Bottom 10 Mean Stats: {'Max': np.float64(107.0), 'Min': np.float64(84.0), 'Mean': np.float64(92.7), 'Std': np.float64(7.5372408744845085)}
2024-11-09 17:27:37,737 - INFO - Bottom 10 Std Stats: {'Max': np.float64(0.0), 'Min': np.float64(0.0), 'Mean': np.float64(0.0), 'Std': np.float64(0.0)}
[I 2024-11-09 17:27:37,769] Trial 269 finished with value: 63.0 and parameters: {'x_0': -4, 'x_1': -3, 'x_2': 3, 'x_3': 2, 'x_4': 5}. Best is trial 176 with value: 7.0.
2024-11-09 17:27:44,911 - INFO - Candidate Mean Stats: {'Max': np.float64(107.0), 'Min': np.float64(-5.402345237826012e-14), 'Mean': np.float64(0.08675512725782512), 'Std': np.float64(2.2520042276898904)}
2024-11-09 17:27:44,911 - INFO - Candidate Std Stats: {'Max': np.float64(0.9999999971094784), 'Min': np.float64(0.0), 'Mean': np.float64(0.998323501605238), 'Std': np.float64(0.040910596737180546)}
2024-11-09 17:27:44,937 - INFO - Top 10 Mean Stats: {'Max': np.float64(2.4702462297909733e-15), 'Min': np.float64(-4.690692279041286e-15), 'Mean': np.float64(-6.858402734621905e-16), 'Std': np.float64(2.0592054778612957e-15)}
2024-11-09 17:27:44,937 - INFO - Top 10 Std Stats: {'Max': np.float64(0.9999999971094784), 'Min': np.float64(0.9999999967656704), 'Mean': np.float64(0.9999999968742437), 'Std': np.float64(1.118534649411539e-10)}
2024-11-09 17:27:44,937 - INFO - Bottom 10 Mean Stats: {'Max': np.float64(107.0), 'Min': np.float64(84.0), 'Mean': np.float64(92.7), 'Std': np.float64(7.5372408744845085)}
2024-11-09 17:27:44,937 - INFO - Bottom 10 Std Stats: {'Max': np.float64(0.0), 'Min': np.float64(0.0), 'Mean': np.float64(0.0), 'Std': np.float64(0.0)}
[I 2024-11-09 17:27:44,968] Trial 270 finished with value: 55.0 and parameters: {'x_0': 5, 'x_1': -4, 'x_2': -3, 'x_3': 2, 'x_4': -1}. Best is trial 176 with value: 7.0.
2024-11-09 17:27:51,264 - INFO - Candidate Mean Stats: {'Max': np.float64(107.0), 'Min': np.float64(-6.701306176637445e-14), 'Mean': np.float64(0.0870966339855077), 'Std': np.float64(2.256157472343097)}
2024-11-09 17:27:51,265 - INFO - Candidate Std Stats: {'Max': np.float64(0.99999999682636), 'Min': np.float64(0.0), 'Mean': np.float64(0.9983172919312072), 'Std': np.float64(0.040986159603525564)}
2024-11-09 17:27:51,287 - INFO - Top 10 Mean Stats: {'Max': np.float64(4.368727601899991e-15), 'Min': np.float64(-1.942890293094024e-15), 'Mean': np.float64(3.912148383022895e-16), 'Std': np.float64(2.011313628039658e-15)}
2024-11-09 17:27:51,288 - INFO - Top 10 Std Stats: {'Max': np.float64(0.99999999682636), 'Min': np.float64(0.9999999964969578), 'Mean': np.float64(0.9999999966294973), 'Std': np.float64(1.164590861888935e-10)}
2024-11-09 17:27:51,288 - INFO - Bottom 10 Mean Stats: {'Max': np.float64(107.0), 'Min': np.float64(84.0), 'Mean': np.float64(92.7), 'Std': np.float64(7.5372408744845085)}
2024-11-09 17:27:51,288 - INFO - Bottom 10 Std Stats: {'Max': np.float64(0.0), 'Min': np.float64(0.0), 'Mean': np.float64(0.0), 'Std': np.float64(0.0)}
