[I 2024-11-09 17:06:35,466] Trial 143 finished with value: 47.0 and parameters: {'x_0': -5, 'x_1': 0, 'x_2': -3, 'x_3': -3, 'x_4': 2}. Best is trial 89 with value: 11.0.
2024-11-09 17:06:45,935 - INFO - Candidate Mean Stats: {'Max': np.float64(107.0), 'Min': np.float64(-5.53335155473178e-14), 'Mean': np.float64(0.04563150803161733), 'Std': np.float64(1.634859659249565)}
2024-11-09 17:06:45,936 - INFO - Candidate Std Stats: {'Max': np.float64(0.99999999699571), 'Min': np.float64(0.0), 'Mean': np.float64(0.9991058617676923), 'Std': np.float64(0.029888580127313786)}
2024-11-09 17:06:45,963 - INFO - Top 10 Mean Stats: {'Max': np.float64(2.964295475749168e-15), 'Min': np.float64(-3.1308289294429414e-15), 'Mean': np.float64(4.4186876380081225e-16), 'Std': np.float64(1.8976813235524657e-15)}
2024-11-09 17:06:45,963 - INFO - Top 10 Std Stats: {'Max': np.float64(0.99999999699571), 'Min': np.float64(0.9999999965492482), 'Mean': np.float64(0.9999999967681577), 'Std': np.float64(1.4633361438757742e-10)}
2024-11-09 17:06:45,963 - INFO - Bottom 10 Mean Stats: {'Max': np.float64(107.0), 'Min': np.float64(80.0), 'Mean': np.float64(90.6), 'Std': np.float64(6.8)}
2024-11-09 17:06:45,963 - INFO - Bottom 10 Std Stats: {'Max': np.float64(0.0), 'Min': np.float64(0.0), 'Mean': np.float64(0.0), 'Std': np.float64(0.0)}
[I 2024-11-09 17:06:45,996] Trial 144 finished with value: 60.0 and parameters: {'x_0': 3, 'x_1': 5, 'x_2': 3, 'x_3': 1, 'x_4': 4}. Best is trial 89 with value: 11.0.
2024-11-09 17:06:54,425 - INFO - Candidate Mean Stats: {'Max': np.float64(107.0), 'Min': np.float64(-7.050471317882056e-14), 'Mean': np.float64(0.04600406082545281), 'Std': np.float64(1.641671445199843)}
2024-11-09 17:06:54,426 - INFO - Candidate Std Stats: {'Max': np.float64(0.999999996260031), 'Min': np.float64(0.0), 'Mean': np.float64(0.9990996526901434), 'Std': np.float64(0.029992087175746075)}
2024-11-09 17:06:54,449 - INFO - Top 10 Mean Stats: {'Max': np.float64(4.107825191113079e-15), 'Min': np.float64(-3.2335245592207684e-15), 'Mean': np.float64(-4.2577052994374763e-16), 'Std': np.float64(1.9859734819085665e-15)}
2024-11-09 17:06:54,450 - INFO - Top 10 Std Stats: {'Max': np.float64(0.999999996260031), 'Min': np.float64(0.9999999957994464), 'Mean': np.float64(0.9999999959812742), 'Std': np.float64(1.5571383216983857e-10)}
2024-11-09 17:06:54,450 - INFO - Bottom 10 Mean Stats: {'Max': np.float64(107.0), 'Min': np.float64(80.0), 'Mean': np.float64(90.6), 'Std': np.float64(6.8)}
2024-11-09 17:06:54,450 - INFO - Bottom 10 Std Stats: {'Max': np.float64(0.0), 'Min': np.float64(0.0), 'Mean': np.float64(0.0), 'Std': np.float64(0.0)}
[I 2024-11-09 17:06:54,480] Trial 145 finished with value: 27.0 and parameters: {'x_0': 3, 'x_1': -2, 'x_2': 2, 'x_3': -1, 'x_4': 3}. Best is trial 89 with value: 11.0.
2024-11-09 17:07:04,877 - INFO - Candidate Mean Stats: {'Max': np.float64(107.0), 'Min': np.float64(-7.332467966136847e-14), 'Mean': np.float64(0.04617170958267877), 'Std': np.float64(1.6430447946651627)}
2024-11-09 17:07:04,878 - INFO - Candidate Std Stats: {'Max': np.float64(0.9999999964056961), 'Min': np.float64(0.0), 'Mean': np.float64(0.9990934432555856), 'Std': np.float64(0.03009523694101233)}
2024-11-09 17:07:04,912 - INFO - Top 10 Mean Stats: {'Max': np.float64(4.173050793809807e-15), 'Min': np.float64(-4.54081217071689e-15), 'Mean': np.float64(-2.837313717307666e-16), 'Std': np.float64(2.262877382015121e-15)}
2024-11-09 17:07:04,913 - INFO - Top 10 Std Stats: {'Max': np.float64(0.9999999964056961), 'Min': np.float64(0.9999999962181906), 'Mean': np.float64(0.999999996296494), 'Std': np.float64(5.654638163649165e-11)}
2024-11-09 17:07:04,913 - INFO - Bottom 10 Mean Stats: {'Max': np.float64(107.0), 'Min': np.float64(80.0), 'Mean': np.float64(90.6), 'Std': np.float64(6.8)}
2024-11-09 17:07:04,913 - INFO - Bottom 10 Std Stats: {'Max': np.float64(0.0), 'Min': np.float64(0.0), 'Mean': np.float64(0.0), 'Std': np.float64(0.0)}
[I 2024-11-09 17:07:04,945] Trial 146 finished with value: 13.0 and parameters: {'x_0': 2, 'x_1': -1, 'x_2': 2, 'x_3': 0, 'x_4': 2}. Best is trial 89 with value: 11.0.
2024-11-09 17:07:15,784 - INFO - Candidate Mean Stats: {'Max': np.float64(107.0), 'Min': np.float64(-6.469269564490788e-14), 'Mean': np.float64(0.0462524293546765), 'Std': np.float64(1.6433618268223327)}
2024-11-09 17:07:15,785 - INFO - Candidate Std Stats: {'Max': np.float64(0.9999999985045381), 'Min': np.float64(0.0), 'Mean': np.float64(0.9990872338455442), 'Std': np.float64(0.03019803309562385)}
2024-11-09 17:07:15,813 - INFO - Top 10 Mean Stats: {'Max': np.float64(2.0317081350640365e-15), 'Min': np.float64(-2.0594637106796655e-15), 'Mean': np.float64(9.43689570931383e-17), 'Std': np.float64(1.4014559446253238e-15)}
2024-11-09 17:07:15,813 - INFO - Top 10 Std Stats: {'Max': np.float64(0.9999999985045381), 'Min': np.float64(0.9999999979172943), 'Mean': np.float64(0.9999999982252824), 'Std': np.float64(1.855069878253845e-10)}
2024-11-09 17:07:15,814 - INFO - Bottom 10 Mean Stats: {'Max': np.float64(107.0), 'Min': np.float64(80.0), 'Mean': np.float64(90.6), 'Std': np.float64(6.8)}
2024-11-09 17:07:15,814 - INFO - Bottom 10 Std Stats: {'Max': np.float64(0.0), 'Min': np.float64(0.0), 'Mean': np.float64(0.0), 'Std': np.float64(0.0)}
[I 2024-11-09 17:07:15,840] Trial 147 finished with value: 43.0 and parameters: {'x_0': 3, 'x_1': 2, 'x_2': 1, 'x_3': -2, 'x_4': 5}. Best is trial 89 with value: 11.0.
2024-11-09 17:07:27,727 - INFO - Candidate Mean Stats: {'Max': np.float64(107.0), 'Min': np.float64(-7.551737013500315e-14), 'Mean': np.float64(0.046519425523591916), 'Std': np.float64(1.6468436961018378)}
2024-11-09 17:07:27,729 - INFO - Candidate Std Stats: {'Max': np.float64(0.9999999970526968), 'Min': np.float64(0.0), 'Mean': np.float64(0.9990810249681364), 'Std': np.float64(0.03030047925394097)}
2024-11-09 17:07:27,758 - INFO - Top 10 Mean Stats: {'Max': np.float64(3.322342401190781e-15), 'Min': np.float64(-2.9753977059954196e-15), 'Mean': np.float64(-5.456746166032645e-16), 'Std': np.float64(1.5642279809507412e-15)}
2024-11-09 17:07:27,758 - INFO - Top 10 Std Stats: {'Max': np.float64(0.9999999970526968), 'Min': np.float64(0.9999999966140752), 'Mean': np.float64(0.9999999967592574), 'Std': np.float64(1.24622188843738e-10)}
2024-11-09 17:07:27,758 - INFO - Bottom 10 Mean Stats: {'Max': np.float64(107.0), 'Min': np.float64(80.0), 'Mean': np.float64(90.6), 'Std': np.float64(6.8)}
2024-11-09 17:07:27,758 - INFO - Bottom 10 Std Stats: {'Max': np.float64(0.0), 'Min': np.float64(0.0), 'Mean': np.float64(0.0), 'Std': np.float64(0.0)}
[I 2024-11-09 17:07:27,795] Trial 148 finished with value: 36.0 and parameters: {'x_0': 1, 'x_1': 3, 'x_2': -3, 'x_3': 1, 'x_4': 4}. Best is trial 89 with value: 11.0.
2024-11-09 17:07:35,794 - INFO - Candidate Mean Stats: {'Max': np.float64(107.0), 'Min': np.float64(-5.47128314876133e-14), 'Mean': np.float64(0.046742957199893215), 'Std': np.float64(1.649278767413339)}
2024-11-09 17:07:35,796 - INFO - Candidate Std Stats: {'Max': np.float64(0.9999999964339985), 'Min': np.float64(0.0), 'Mean': np.float64(0.999074815620351), 'Std': np.float64(0.030402578923866694)}
2024-11-09 17:07:35,819 - INFO - Top 10 Mean Stats: {'Max': np.float64(2.264854970235319e-15), 'Min': np.float64(-2.4424906541753444e-15), 'Mean': np.float64(-4.152234112098085e-16), 'Std': np.float64(1.496028718342606e-15)}
2024-11-09 17:07:35,819 - INFO - Top 10 Std Stats: {'Max': np.float64(0.9999999964339985), 'Min': np.float64(0.9999999959777603), 'Mean': np.float64(0.9999999961009916), 'Std': np.float64(1.3846196791988555e-10)}
2024-11-09 17:07:35,820 - INFO - Bottom 10 Mean Stats: {'Max': np.float64(107.0), 'Min': np.float64(80.0), 'Mean': np.float64(90.6), 'Std': np.float64(6.8)}
2024-11-09 17:07:35,820 - INFO - Bottom 10 Std Stats: {'Max': np.float64(0.0), 'Min': np.float64(0.0), 'Mean': np.float64(0.0), 'Std': np.float64(0.0)}
[I 2024-11-09 17:07:35,849] Trial 149 finished with value: 92.0 and parameters: {'x_0': -1, 'x_1': -5, 'x_2': -4, 'x_3': 5, 'x_4': -5}. Best is trial 89 with value: 11.0.
2024-11-09 17:07:46,750 - INFO - Candidate Mean Stats: {'Max': np.float64(107.0), 'Min': np.float64(-5.515032874825465e-14), 'Mean': np.float64(0.04731420481710761), 'Std': np.float64(1.6651190658612092)}
2024-11-09 17:07:46,752 - INFO - Candidate Std Stats: {'Max': np.float64(0.999999996971348), 'Min': np.float64(0.0), 'Mean': np.float64(0.9990686058824373), 'Std': np.float64(0.03050433558671071)}
2024-11-09 17:07:46,783 - INFO - Top 10 Mean Stats: {'Max': np.float64(2.881028748902281e-15), 'Min': np.float64(-2.739475313262574e-15), 'Mean': np.float64(4.009986787067986e-16), 'Std': np.float64(1.801681161813598e-15)}
2024-11-09 17:07:46,786 - INFO - Top 10 Std Stats: {'Max': np.float64(0.999999996971348), 'Min': np.float64(0.9999999966900288), 'Mean': np.float64(0.9999999968133906), 'Std': np.float64(9.511277154839597e-11)}
2024-11-09 17:07:46,787 - INFO - Bottom 10 Mean Stats: {'Max': np.float64(107.0), 'Min': np.float64(85.0), 'Mean': np.float64(91.8), 'Std': np.float64(5.81033561853358)}
2024-11-09 17:07:46,787 - INFO - Bottom 10 Std Stats: {'Max': np.float64(0.0), 'Min': np.float64(0.0), 'Mean': np.float64(0.0), 'Std': np.float64(0.0)}
[I 2024-11-09 17:07:46,813] Trial 150 finished with value: 48.0 and parameters: {'x_0': 1, 'x_1': -2, 'x_2': -3, 'x_3': -5, 'x_4': -3}. Best is trial 89 with value: 11.0.
2024-11-09 17:07:56,180 - INFO - Candidate Mean Stats: {'Max': np.float64(107.0), 'Min': np.float64(-6.392664175791651e-14), 'Mean': np.float64(0.04761224705217599), 'Std': np.float64(1.6694008621915548)}
2024-11-09 17:07:56,181 - INFO - Candidate Std Stats: {'Max': np.float64(0.9999999974051814), 'Min': np.float64(0.0), 'Mean': np.float64(0.9990623972594352), 'Std': np.float64(0.030605752709586417)}
2024-11-09 17:07:56,211 - INFO - Top 10 Mean Stats: {'Max': np.float64(1.8041124150158794e-15), 'Min': np.float64(-2.811639809863209e-15), 'Mean': np.float64(-7.860379014346108e-16), 'Std': np.float64(1.2712063025217062e-15)}
2024-11-09 17:07:56,212 - INFO - Top 10 Std Stats: {'Max': np.float64(0.9999999974051814), 'Min': np.float64(0.9999999967091641), 'Mean': np.float64(0.9999999969205857), 'Std': np.float64(2.0521225183223877e-10)}
2024-11-09 17:07:56,212 - INFO - Bottom 10 Mean Stats: {'Max': np.float64(107.0), 'Min': np.float64(85.0), 'Mean': np.float64(91.8), 'Std': np.float64(5.81033561853358)}
2024-11-09 17:07:56,212 - INFO - Bottom 10 Std Stats: {'Max': np.float64(0.0), 'Min': np.float64(0.0), 'Mean': np.float64(0.0), 'Std': np.float64(0.0)}
[I 2024-11-09 17:07:56,240] Trial 151 finished with value: 49.0 and parameters: {'x_0': 4, 'x_1': -4, 'x_2': -2, 'x_3': -2, 'x_4': -3}. Best is trial 89 with value: 11.0.
2024-11-09 17:08:04,940 - INFO - Candidate Mean Stats: {'Max': np.float64(107.0), 'Min': np.float64(-6.026290577665349e-14), 'Mean': np.float64(0.047916498500475024), 'Std': np.float64(1.6738513957019507)}
2024-11-09 17:08:04,941 - INFO - Candidate Std Stats: {'Max': np.float64(0.9999999972949315), 'Min': np.float64(0.0), 'Mean': np.float64(0.9990561876620104), 'Std': np.float64(0.030706833593204152)}
2024-11-09 17:08:04,971 - INFO - Top 10 Mean Stats: {'Max': np.float64(5.151434834260726e-15), 'Min': np.float64(-2.7811086766860172e-15), 'Mean': np.float64(1.8290490649830465e-16), 'Std': np.float64(2.2953979323661368e-15)}
2024-11-09 17:08:04,971 - INFO - Top 10 Std Stats: {'Max': np.float64(0.9999999972949315), 'Min': np.float64(0.9999999967913543), 'Mean': np.float64(0.9999999969998994), 'Std': np.float64(1.6405828757311627e-10)}
2024-11-09 17:08:04,971 - INFO - Bottom 10 Mean Stats: {'Max': np.float64(107.0), 'Min': np.float64(85.0), 'Mean': np.float64(91.8), 'Std': np.float64(5.81033561853358)}
2024-11-09 17:08:04,971 - INFO - Bottom 10 Std Stats: {'Max': np.float64(0.0), 'Min': np.float64(0.0), 'Mean': np.float64(0.0), 'Std': np.float64(0.0)}
[I 2024-11-09 17:08:04,998] Trial 152 finished with value: 48.0 and parameters: {'x_0': -5, 'x_1': 1, 'x_2': -2, 'x_3': 3, 'x_4': -3}. Best is trial 89 with value: 11.0.
2024-11-09 17:08:16,122 - INFO - Candidate Mean Stats: {'Max': np.float64(107.0), 'Min': np.float64(-5.5422333389287813e-14), 'Mean': np.float64(0.048214540735543376), 'Std': np.float64(1.678110804168443)}
2024-11-09 17:08:16,123 - INFO - Candidate Std Stats: {'Max': np.float64(0.999999997102982), 'Min': np.float64(0.0), 'Mean': np.float64(0.9990499791414057), 'Std': np.float64(0.03080758160987132)}
2024-11-09 17:08:16,155 - INFO - Top 10 Mean Stats: {'Max': np.float64(3.508304757815495e-15), 'Min': np.float64(-7.188694084447888e-16), 'Mean': np.float64(7.564782134039661e-16), 'Std': np.float64(1.2000858150626577e-15)}
2024-11-09 17:08:16,155 - INFO - Top 10 Std Stats: {'Max': np.float64(0.999999997102982), 'Min': np.float64(0.9999999964340037), 'Mean': np.float64(0.9999999965773798), 'Std': np.float64(2.0391942199749671e-10)}
2024-11-09 17:08:16,155 - INFO - Bottom 10 Mean Stats: {'Max': np.float64(107.0), 'Min': np.float64(85.0), 'Mean': np.float64(91.8), 'Std': np.float64(5.81033561853358)}
2024-11-09 17:08:16,155 - INFO - Bottom 10 Std Stats: {'Max': np.float64(0.0), 'Min': np.float64(0.0), 'Mean': np.float64(0.0), 'Std': np.float64(0.0)}
[I 2024-11-09 17:08:16,187] Trial 153 finished with value: 70.0 and parameters: {'x_0': 5, 'x_1': -5, 'x_2': 0, 'x_3': -2, 'x_4': -4}. Best is trial 89 with value: 11.0.
2024-11-09 17:08:25,207 - INFO - Candidate Mean Stats: {'Max': np.float64(107.0), 'Min': np.float64(-7.125411372044254e-14), 'Mean': np.float64(0.0486491856616848), 'Std': np.float64(1.6871392694646017)}
2024-11-09 17:08:25,208 - INFO - Candidate Std Stats: {'Max': np.float64(0.9999999967092035), 'Min': np.float64(0.0), 'Mean': np.float64(0.999043769351219), 'Std': np.float64(0.03090799994269421)}
2024-11-09 17:08:25,239 - INFO - Top 10 Mean Stats: {'Max': np.float64(3.552713678800501e-15), 'Min': np.float64(-4.918287999089443e-15), 'Mean': np.float64(-5.32907051820075e-17), 'Std': np.float64(2.297892402708632e-15)}
2024-11-09 17:08:25,239 - INFO - Top 10 Std Stats: {'Max': np.float64(0.9999999967092035), 'Min': np.float64(0.9999999962585578), 'Mean': np.float64(0.9999999964132321), 'Std': np.float64(1.3495878921702602e-10)}
2024-11-09 17:08:25,239 - INFO - Bottom 10 Mean Stats: {'Max': np.float64(107.0), 'Min': np.float64(85.0), 'Mean': np.float64(91.8), 'Std': np.float64(5.81033561853358)}
2024-11-09 17:08:25,239 - INFO - Bottom 10 Std Stats: {'Max': np.float64(0.0), 'Min': np.float64(0.0), 'Mean': np.float64(0.0), 'Std': np.float64(0.0)}
[I 2024-11-09 17:08:25,269] Trial 154 finished with value: 35.0 and parameters: {'x_0': 5, 'x_1': 0, 'x_2': -3, 'x_3': 0, 'x_4': 1}. Best is trial 89 with value: 11.0.
2024-11-09 17:08:35,397 - INFO - Candidate Mean Stats: {'Max': np.float64(107.0), 'Min': np.float64(-6.66577903984944e-14), 'Mean': np.float64(0.04886650812475551), 'Std': np.float64(1.6893856896594879)}
2024-11-09 17:08:35,399 - INFO - Candidate Std Stats: {'Max': np.float64(0.9999999970313008), 'Min': np.float64(0.0), 'Mean': np.float64(0.9990375602377104), 'Std': np.float64(0.031008091854317764)}
2024-11-09 17:08:35,426 - INFO - Top 10 Mean Stats: {'Max': np.float64(2.220446049250313e-16), 'Min': np.float64(-4.052314039881821e-15), 'Mean': np.float64(-1.3111733920823097e-15), 'Std': np.float64(1.328593739447224e-15)}
2024-11-09 17:08:35,426 - INFO - Top 10 Std Stats: {'Max': np.float64(0.9999999970313008), 'Min': np.float64(0.9999999964987059), 'Mean': np.float64(0.999999996767106), 'Std': np.float64(2.0599325634888718e-10)}
2024-11-09 17:08:35,426 - INFO - Bottom 10 Mean Stats: {'Max': np.float64(107.0), 'Min': np.float64(85.0), 'Mean': np.float64(91.8), 'Std': np.float64(5.81033561853358)}
2024-11-09 17:08:35,426 - INFO - Bottom 10 Std Stats: {'Max': np.float64(0.0), 'Min': np.float64(0.0), 'Mean': np.float64(0.0), 'Std': np.float64(0.0)}
[I 2024-11-09 17:08:35,458] Trial 155 finished with value: 64.0 and parameters: {'x_0': -3, 'x_1': -1, 'x_2': -2, 'x_3': -5, 'x_4': -5}. Best is trial 89 with value: 11.0.
2024-11-09 17:08:44,566 - INFO - Candidate Mean Stats: {'Max': np.float64(107.0), 'Min': np.float64(-5.098144129078719e-14), 'Mean': np.float64(0.04926389777151336), 'Std': np.float64(1.6968847780009788)}
2024-11-09 17:08:44,566 - INFO - Candidate Std Stats: {'Max': np.float64(0.999999996998378), 'Min': np.float64(0.0), 'Mean': np.float64(0.999031350712297), 'Std': np.float64(0.03110786046210629)}
2024-11-09 17:08:44,593 - INFO - Top 10 Mean Stats: {'Max': np.float64(4.2299497238218466e-15), 'Min': np.float64(-3.497202527569243e-15), 'Mean': np.float64(-5.601075159233916e-16), 'Std': np.float64(2.488081941819055e-15)}
2024-11-09 17:08:44,593 - INFO - Top 10 Std Stats: {'Max': np.float64(0.999999996998378), 'Min': np.float64(0.9999999964294547), 'Mean': np.float64(0.9999999966356592), 'Std': np.float64(1.8671926634325352e-10)}
2024-11-09 17:08:44,593 - INFO - Bottom 10 Mean Stats: {'Max': np.float64(107.0), 'Min': np.float64(85.0), 'Mean': np.float64(91.8), 'Std': np.float64(5.81033561853358)}
2024-11-09 17:08:44,593 - INFO - Bottom 10 Std Stats: {'Max': np.float64(0.0), 'Min': np.float64(0.0), 'Mean': np.float64(0.0), 'Std': np.float64(0.0)}
[I 2024-11-09 17:08:44,623] Trial 156 finished with value: 54.0 and parameters: {'x_0': 4, 'x_1': 3, 'x_2': 4, 'x_3': 2, 'x_4': 3}. Best is trial 89 with value: 11.0.
2024-11-09 17:08:53,603 - INFO - Candidate Mean Stats: {'Max': np.float64(107.0), 'Min': np.float64(-6.612488334667433e-14), 'Mean': np.float64(0.049599195285965327), 'Std': np.float64(1.7022017703675623)}
2024-11-09 17:08:53,603 - INFO - Candidate Std Stats: {'Max': np.float64(0.9999999974245892), 'Min': np.float64(0.0), 'Mean': np.float64(0.9990251416875878), 'Std': np.float64(0.031207308895092985)}
2024-11-09 17:08:53,636 - INFO - Top 10 Mean Stats: {'Max': np.float64(1.8290924330699456e-15), 'Min': np.float64(-2.756128658631951e-15), 'Mean': np.float64(-5.297845495633168e-16), 'Std': np.float64(1.2112631660910354e-15)}
2024-11-09 17:08:53,636 - INFO - Top 10 Std Stats: {'Max': np.float64(0.9999999974245892), 'Min': np.float64(0.9999999970303073), 'Mean': np.float64(0.9999999972098778), 'Std': np.float64(1.4778913853782781e-10)}
2024-11-09 17:08:53,636 - INFO - Bottom 10 Mean Stats: {'Max': np.float64(107.0), 'Min': np.float64(85.0), 'Mean': np.float64(91.8), 'Std': np.float64(5.81033561853358)}
2024-11-09 17:08:53,636 - INFO - Bottom 10 Std Stats: {'Max': np.float64(0.0), 'Min': np.float64(0.0), 'Mean': np.float64(0.0), 'Std': np.float64(0.0)}
[I 2024-11-09 17:08:53,666] Trial 157 finished with value: 76.0 and parameters: {'x_0': 1, 'x_1': 4, 'x_2': 3, 'x_3': -5, 'x_4': 5}. Best is trial 89 with value: 11.0.
2024-11-09 17:09:03,367 - INFO - Candidate Mean Stats: {'Max': np.float64(107.0), 'Min': np.float64(-5.3890225615305096e-14), 'Mean': np.float64(0.05007109549149026), 'Std': np.float64(1.7126903538677554)}
2024-11-09 17:09:03,368 - INFO - Candidate Std Stats: {'Max': np.float64(0.9999999965520935), 'Min': np.float64(0.0), 'Mean': np.float64(0.9990189325595268), 'Std': np.float64(0.0313064401858605)}
2024-11-09 17:09:03,403 - INFO - Top 10 Mean Stats: {'Max': np.float64(3.938516179857743e-15), 'Min': np.float64(-2.5646151868841118e-15), 'Mean': np.float64(5.69561758867465e-16), 'Std': np.float64(1.9188538762895143e-15)}
2024-11-09 17:09:03,403 - INFO - Top 10 Std Stats: {'Max': np.float64(0.9999999965520935), 'Min': np.float64(0.9999999961524872), 'Mean': np.float64(0.9999999963465529), 'Std': np.float64(1.2722218684545604e-10)}
2024-11-09 17:09:03,403 - INFO - Bottom 10 Mean Stats: {'Max': np.float64(107.0), 'Min': np.float64(85.0), 'Mean': np.float64(91.8), 'Std': np.float64(5.81033561853358)}
2024-11-09 17:09:03,403 - INFO - Bottom 10 Std Stats: {'Max': np.float64(0.0), 'Min': np.float64(0.0), 'Mean': np.float64(0.0), 'Std': np.float64(0.0)}
[I 2024-11-09 17:09:03,432] Trial 158 finished with value: 24.0 and parameters: {'x_0': -3, 'x_1': 2, 'x_2': 1, 'x_3': -3, 'x_4': -1}. Best is trial 89 with value: 11.0.
2024-11-09 17:09:14,017 - INFO - Candidate Mean Stats: {'Max': np.float64(107.0), 'Min': np.float64(-5.652978085635141e-14), 'Mean': np.float64(0.05022011660902448), 'Std': np.float64(1.7137297947879566)}
2024-11-09 17:09:14,018 - INFO - Candidate Std Stats: {'Max': np.float64(0.9999999969866972), 'Min': np.float64(0.0), 'Mean': np.float64(0.9990127236897097), 'Std': np.float64(0.03140525734891117)}
2024-11-09 17:09:14,046 - INFO - Top 10 Mean Stats: {'Max': np.float64(2.531308496145357e-15), 'Min': np.float64(-1.379452108096757e-15), 'Mean': np.float64(3.5638159090467525e-16), 'Std': np.float64(1.1367297264085288e-15)}
2024-11-09 17:09:14,046 - INFO - Top 10 Std Stats: {'Max': np.float64(0.9999999969866972), 'Min': np.float64(0.9999999964287841), 'Mean': np.float64(0.9999999966576224), 'Std': np.float64(1.6730795569308053e-10)}
2024-11-09 17:09:14,046 - INFO - Bottom 10 Mean Stats: {'Max': np.float64(107.0), 'Min': np.float64(85.0), 'Mean': np.float64(91.8), 'Std': np.float64(5.81033561853358)}
2024-11-09 17:09:14,046 - INFO - Bottom 10 Std Stats: {'Max': np.float64(0.0), 'Min': np.float64(0.0), 'Mean': np.float64(0.0), 'Std': np.float64(0.0)}
