[I 2024-11-09 17:22:40,142] Trial 239 finished with value: 65.0 and parameters: {'x_0': 4, 'x_1': 4, 'x_2': -2, 'x_3': 5, 'x_4': 2}. Best is trial 162 with value: 9.0.
2024-11-09 17:22:53,153 - INFO - Candidate Mean Stats: {'Max': np.float64(107.0), 'Min': np.float64(-5.859757123971576e-14), 'Mean': np.float64(0.07461611539201869), 'Std': np.float64(2.078783611322068)}
2024-11-09 17:22:53,155 - INFO - Candidate Std Stats: {'Max': np.float64(0.999999996482701), 'Min': np.float64(0.0), 'Mean': np.float64(0.9985097775746922), 'Std': np.float64(0.038574478771141195)}
2024-11-09 17:22:53,191 - INFO - Top 10 Mean Stats: {'Max': np.float64(3.375598411903269e-15), 'Min': np.float64(-5.01352431792057e-15), 'Mean': np.float64(4.1317643750815593e-16), 'Std': np.float64(2.4664186484321687e-15)}
2024-11-09 17:22:53,191 - INFO - Top 10 Std Stats: {'Max': np.float64(0.999999996482701), 'Min': np.float64(0.9999999962175473), 'Mean': np.float64(0.9999999963307852), 'Std': np.float64(9.376997244849114e-11)}
2024-11-09 17:22:53,192 - INFO - Bottom 10 Mean Stats: {'Max': np.float64(107.0), 'Min': np.float64(88.0), 'Mean': np.float64(94.0), 'Std': np.float64(6.04979338490167)}
2024-11-09 17:22:53,192 - INFO - Bottom 10 Std Stats: {'Max': np.float64(0.0), 'Min': np.float64(0.0), 'Mean': np.float64(0.0), 'Std': np.float64(0.0)}
[I 2024-11-09 17:22:53,236] Trial 240 finished with value: 39.0 and parameters: {'x_0': -3, 'x_1': -2, 'x_2': -4, 'x_3': -3, 'x_4': -1}. Best is trial 162 with value: 9.0.
2024-11-09 17:23:06,774 - INFO - Candidate Mean Stats: {'Max': np.float64(107.0), 'Min': np.float64(-6.343814362708144e-14), 'Mean': np.float64(0.0748582747080117), 'Std': np.float64(2.08104524684325)}
2024-11-09 17:23:06,776 - INFO - Candidate Std Stats: {'Max': np.float64(0.9999999975937367), 'Min': np.float64(0.0), 'Mean': np.float64(0.9985035677280942), 'Std': np.float64(0.038654638518919315)}
2024-11-09 17:23:06,822 - INFO - Top 10 Mean Stats: {'Max': np.float64(1.865174681370263e-15), 'Min': np.float64(-3.597122599785507e-15), 'Mean': np.float64(-2.486899575160351e-16), 'Std': np.float64(1.6203110746600634e-15)}
2024-11-09 17:23:06,823 - INFO - Top 10 Std Stats: {'Max': np.float64(0.9999999975937367), 'Min': np.float64(0.9999999970161626), 'Mean': np.float64(0.9999999972134423), 'Std': np.float64(1.7991883323501372e-10)}
2024-11-09 17:23:06,823 - INFO - Bottom 10 Mean Stats: {'Max': np.float64(107.0), 'Min': np.float64(88.0), 'Mean': np.float64(94.0), 'Std': np.float64(6.04979338490167)}
2024-11-09 17:23:06,824 - INFO - Bottom 10 Std Stats: {'Max': np.float64(0.0), 'Min': np.float64(0.0), 'Mean': np.float64(0.0), 'Std': np.float64(0.0)}
[I 2024-11-09 17:23:06,868] Trial 241 finished with value: 51.0 and parameters: {'x_0': -4, 'x_1': -3, 'x_2': -3, 'x_3': -4, 'x_4': 1}. Best is trial 162 with value: 9.0.
2024-11-09 17:23:21,452 - INFO - Candidate Mean Stats: {'Max': np.float64(107.0), 'Min': np.float64(-6.109557304512236e-14), 'Mean': np.float64(0.07517494458277187), 'Std': np.float64(2.0849105429300536)}
2024-11-09 17:23:21,454 - INFO - Candidate Std Stats: {'Max': np.float64(0.9999999985630296), 'Min': np.float64(0.0), 'Mean': np.float64(0.9984973588635948), 'Std': np.float64(0.038734631422261995)}
2024-11-09 17:23:21,521 - INFO - Top 10 Mean Stats: {'Max': np.float64(6.38378239159465e-16), 'Min': np.float64(-1.1157741397482824e-15), 'Mean': np.float64(-1.6153745008296033e-16), 'Std': np.float64(5.704561531743096e-16)}
2024-11-09 17:23:21,522 - INFO - Top 10 Std Stats: {'Max': np.float64(0.9999999985630296), 'Min': np.float64(0.9999999980521425), 'Mean': np.float64(0.9999999982948179), 'Std': np.float64(1.5087155248499355e-10)}
2024-11-09 17:23:21,522 - INFO - Bottom 10 Mean Stats: {'Max': np.float64(107.0), 'Min': np.float64(88.0), 'Mean': np.float64(94.0), 'Std': np.float64(6.04979338490167)}
2024-11-09 17:23:21,522 - INFO - Bottom 10 Std Stats: {'Max': np.float64(0.0), 'Min': np.float64(0.0), 'Mean': np.float64(0.0), 'Std': np.float64(0.0)}
[I 2024-11-09 17:23:21,584] Trial 242 finished with value: 19.0 and parameters: {'x_0': -1, 'x_1': 1, 'x_2': 2, 'x_3': 3, 'x_4': -2}. Best is trial 162 with value: 9.0.
2024-11-09 17:23:31,679 - INFO - Candidate Mean Stats: {'Max': np.float64(107.0), 'Min': np.float64(-6.09734485124136e-14), 'Mean': np.float64(0.07529291963415317), 'Std': np.float64(2.0854437768837406)}
2024-11-09 17:23:31,680 - INFO - Candidate Std Stats: {'Max': np.float64(0.999999997172304), 'Min': np.float64(0.0), 'Mean': np.float64(0.9984911498883995), 'Std': np.float64(0.03881445847071183)}
2024-11-09 17:23:31,734 - INFO - Top 10 Mean Stats: {'Max': np.float64(3.572142581731441e-15), 'Min': np.float64(-3.0975222387041866e-15), 'Mean': np.float64(3.191891195797325e-17), 'Std': np.float64(1.8094043673077197e-15)}
2024-11-09 17:23:31,734 - INFO - Top 10 Std Stats: {'Max': np.float64(0.999999997172304), 'Min': np.float64(0.9999999965970551), 'Mean': np.float64(0.9999999967929118), 'Std': np.float64(1.7187758718499144e-10)}
2024-11-09 17:23:31,735 - INFO - Bottom 10 Mean Stats: {'Max': np.float64(107.0), 'Min': np.float64(88.0), 'Mean': np.float64(94.0), 'Std': np.float64(6.04979338490167)}
2024-11-09 17:23:31,735 - INFO - Bottom 10 Std Stats: {'Max': np.float64(0.0), 'Min': np.float64(0.0), 'Mean': np.float64(0.0), 'Std': np.float64(0.0)}
[I 2024-11-09 17:23:31,796] Trial 243 finished with value: 52.0 and parameters: {'x_0': -5, 'x_1': 3, 'x_2': 3, 'x_3': -3, 'x_4': 0}. Best is trial 162 with value: 9.0.
2024-11-09 17:23:42,423 - INFO - Candidate Mean Stats: {'Max': np.float64(107.0), 'Min': np.float64(-5.633271626948044e-14), 'Mean': np.float64(0.07561579872214388), 'Std': np.float64(2.089453692678851)}
2024-11-09 17:23:42,425 - INFO - Candidate Std Stats: {'Max': np.float64(0.9999999965747287), 'Min': np.float64(0.0), 'Mean': np.float64(0.9984849405204548), 'Std': np.float64(0.038894120674440286)}
2024-11-09 17:23:42,454 - INFO - Top 10 Mean Stats: {'Max': np.float64(2.9753977059954196e-15), 'Min': np.float64(-3.97459842815806e-15), 'Mean': np.float64(-6.640521466039219e-16), 'Std': np.float64(1.8454052977710268e-15)}
2024-11-09 17:23:42,454 - INFO - Top 10 Std Stats: {'Max': np.float64(0.9999999965747287), 'Min': np.float64(0.9999999962007545), 'Mean': np.float64(0.9999999963837818), 'Std': np.float64(1.224616116968684e-10)}
2024-11-09 17:23:42,454 - INFO - Bottom 10 Mean Stats: {'Max': np.float64(107.0), 'Min': np.float64(88.0), 'Mean': np.float64(94.0), 'Std': np.float64(6.04979338490167)}
2024-11-09 17:23:42,454 - INFO - Bottom 10 Std Stats: {'Max': np.float64(0.0), 'Min': np.float64(0.0), 'Mean': np.float64(0.0), 'Std': np.float64(0.0)}
[I 2024-11-09 17:23:42,615] Trial 244 finished with value: 33.0 and parameters: {'x_0': 2, 'x_1': 0, 'x_2': 0, 'x_3': 5, 'x_4': -2}. Best is trial 162 with value: 9.0.
2024-11-09 17:23:54,226 - INFO - Candidate Mean Stats: {'Max': np.float64(107.0), 'Min': np.float64(-6.421529974431905e-14), 'Mean': np.float64(0.07582070275875341), 'Std': np.float64(2.0910637333919215)}
2024-11-09 17:23:54,228 - INFO - Candidate Std Stats: {'Max': np.float64(0.9999999968144252), 'Min': np.float64(0.0), 'Mean': np.float64(0.998478731243768), 'Std': np.float64(0.03897361906298144)}
2024-11-09 17:23:54,257 - INFO - Top 10 Mean Stats: {'Max': np.float64(3.0420110874729288e-15), 'Min': np.float64(-3.68594044175552e-15), 'Mean': np.float64(4.4408920985005515e-18), 'Std': np.float64(2.0269595674543445e-15)}
2024-11-09 17:23:54,257 - INFO - Top 10 Std Stats: {'Max': np.float64(0.9999999968144252), 'Min': np.float64(0.9999999966945803), 'Mean': np.float64(0.9999999967571702), 'Std': np.float64(3.3145406026022e-11)}
2024-11-09 17:23:54,257 - INFO - Bottom 10 Mean Stats: {'Max': np.float64(107.0), 'Min': np.float64(88.0), 'Mean': np.float64(94.0), 'Std': np.float64(6.04979338490167)}
2024-11-09 17:23:54,258 - INFO - Bottom 10 Std Stats: {'Max': np.float64(0.0), 'Min': np.float64(0.0), 'Mean': np.float64(0.0), 'Std': np.float64(0.0)}
[I 2024-11-09 17:23:54,317] Trial 245 finished with value: 19.0 and parameters: {'x_0': -3, 'x_1': -1, 'x_2': 0, 'x_3': -3, 'x_4': 0}. Best is trial 162 with value: 9.0.
2024-11-09 17:24:02,318 - INFO - Candidate Mean Stats: {'Max': np.float64(107.0), 'Min': np.float64(-6.807610031245303e-14), 'Mean': np.float64(0.0759386778101347), 'Std': np.float64(2.0915953622205423)}
2024-11-09 17:24:02,319 - INFO - Candidate Std Stats: {'Max': np.float64(0.9999999972354434), 'Min': np.float64(0.0), 'Mean': np.float64(0.9984725221995132), 'Std': np.float64(0.039052954642314626)}
2024-11-09 17:24:02,349 - INFO - Top 10 Mean Stats: {'Max': np.float64(1.9761969838327787e-15), 'Min': np.float64(-6.241188121869357e-15), 'Mean': np.float64(-1.1627157570082147e-15), 'Std': np.float64(2.400437200486144e-15)}
2024-11-09 17:24:02,353 - INFO - Top 10 Std Stats: {'Max': np.float64(0.9999999972354434), 'Min': np.float64(0.999999996502433), 'Mean': np.float64(0.9999999967076997), 'Std': np.float64(2.1864431485090653e-10)}
2024-11-09 17:24:02,354 - INFO - Bottom 10 Mean Stats: {'Max': np.float64(107.0), 'Min': np.float64(88.0), 'Mean': np.float64(94.0), 'Std': np.float64(6.04979338490167)}
2024-11-09 17:24:02,354 - INFO - Bottom 10 Std Stats: {'Max': np.float64(0.0), 'Min': np.float64(0.0), 'Mean': np.float64(0.0), 'Std': np.float64(0.0)}
[I 2024-11-09 17:24:02,389] Trial 246 finished with value: 43.0 and parameters: {'x_0': 1, 'x_1': 4, 'x_2': 1, 'x_3': -5, 'x_4': 0}. Best is trial 162 with value: 9.0.
2024-11-09 17:24:12,167 - INFO - Candidate Mean Stats: {'Max': np.float64(107.0), 'Min': np.float64(-5.49671419491915e-14), 'Mean': np.float64(0.07620567397905012), 'Std': np.float64(2.0943283822187)}
2024-11-09 17:24:12,168 - INFO - Candidate Std Stats: {'Max': np.float64(0.9999999965255743), 'Min': np.float64(0.0), 'Mean': np.float64(0.9984663128401013), 'Std': np.float64(0.03913212838131631)}
2024-11-09 17:24:12,201 - INFO - Top 10 Mean Stats: {'Max': np.float64(1.865174681370263e-15), 'Min': np.float64(-2.6575963651964685e-15), 'Mean': np.float64(2.428612866367526e-17), 'Std': np.float64(1.5568215000353848e-15)}
2024-11-09 17:24:12,201 - INFO - Top 10 Std Stats: {'Max': np.float64(0.9999999965255743), 'Min': np.float64(0.9999999962444679), 'Mean': np.float64(0.999999996364018), 'Std': np.float64(8.352931586372925e-11)}
2024-11-09 17:24:12,201 - INFO - Bottom 10 Mean Stats: {'Max': np.float64(107.0), 'Min': np.float64(88.0), 'Mean': np.float64(94.0), 'Std': np.float64(6.04979338490167)}
2024-11-09 17:24:12,202 - INFO - Bottom 10 Std Stats: {'Max': np.float64(0.0), 'Min': np.float64(0.0), 'Mean': np.float64(0.0), 'Std': np.float64(0.0)}
[I 2024-11-09 17:24:12,235] Trial 247 finished with value: 40.0 and parameters: {'x_0': -5, 'x_1': 3, 'x_2': 1, 'x_3': -1, 'x_4': 2}. Best is trial 162 with value: 9.0.
2024-11-09 17:24:21,553 - INFO - Candidate Mean Stats: {'Max': np.float64(107.0), 'Min': np.float64(-6.318834344654078e-14), 'Mean': np.float64(0.07645404250827376), 'Std': np.float64(2.0966898191832017)}
2024-11-09 17:24:21,554 - INFO - Candidate Std Stats: {'Max': np.float64(0.9999999968646437), 'Min': np.float64(0.0), 'Mean': np.float64(0.9984601035176996), 'Std': np.float64(0.039211141274013595)}
2024-11-09 17:24:21,582 - INFO - Top 10 Mean Stats: {'Max': np.float64(3.4416913763379853e-15), 'Min': np.float64(-1.5265566588595902e-15), 'Mean': np.float64(1.4120649094451208e-15), 'Std': np.float64(1.3412499966525027e-15)}
2024-11-09 17:24:21,583 - INFO - Top 10 Std Stats: {'Max': np.float64(0.9999999968646437), 'Min': np.float64(0.9999999963754815), 'Mean': np.float64(0.9999999966251891), 'Std': np.float64(1.5808158491334039e-10)}
2024-11-09 17:24:21,583 - INFO - Bottom 10 Mean Stats: {'Max': np.float64(107.0), 'Min': np.float64(88.0), 'Mean': np.float64(94.0), 'Std': np.float64(6.04979338490167)}
2024-11-09 17:24:21,583 - INFO - Bottom 10 Std Stats: {'Max': np.float64(0.0), 'Min': np.float64(0.0), 'Mean': np.float64(0.0), 'Std': np.float64(0.0)}
[I 2024-11-09 17:24:21,619] Trial 248 finished with value: 20.0 and parameters: {'x_0': 1, 'x_1': -4, 'x_2': 1, 'x_3': -1, 'x_4': 1}. Best is trial 162 with value: 9.0.
2024-11-09 17:24:30,543 - INFO - Candidate Mean Stats: {'Max': np.float64(107.0), 'Min': np.float64(-5.726252805260401e-14), 'Mean': np.float64(0.0765782267728856), 'Std': np.float64(2.0972774921213695)}
2024-11-09 17:24:30,544 - INFO - Candidate Std Stats: {'Max': np.float64(0.999999997163045), 'Min': np.float64(0.0), 'Mean': np.float64(0.9984538947027637), 'Std': np.float64(0.039289994309331375)}
2024-11-09 17:24:30,572 - INFO - Top 10 Mean Stats: {'Max': np.float64(2.1316282072803005e-15), 'Min': np.float64(-2.547961841514734e-15), 'Mean': np.float64(-1.3877787807814497e-17), 'Std': np.float64(1.3414858619469556e-15)}
2024-11-09 17:24:30,572 - INFO - Top 10 Std Stats: {'Max': np.float64(0.999999997163045), 'Min': np.float64(0.9999999966907854), 'Mean': np.float64(0.999999996838158), 'Std': np.float64(1.4785247810631218e-10)}
2024-11-09 17:24:30,572 - INFO - Bottom 10 Mean Stats: {'Max': np.float64(107.0), 'Min': np.float64(88.0), 'Mean': np.float64(94.0), 'Std': np.float64(6.04979338490167)}
2024-11-09 17:24:30,573 - INFO - Bottom 10 Std Stats: {'Max': np.float64(0.0), 'Min': np.float64(0.0), 'Mean': np.float64(0.0), 'Std': np.float64(0.0)}
[I 2024-11-09 17:24:30,605] Trial 249 finished with value: 54.0 and parameters: {'x_0': -3, 'x_1': -3, 'x_2': 4, 'x_3': 2, 'x_4': -4}. Best is trial 162 with value: 9.0.
2024-11-09 17:24:47,707 - INFO - Candidate Mean Stats: {'Max': np.float64(107.0), 'Min': np.float64(-5.98965321785272e-14), 'Mean': np.float64(0.07691352428733757), 'Std': np.float64(2.1015773788601475)}
2024-11-09 17:24:47,708 - INFO - Candidate Std Stats: {'Max': np.float64(0.9999999967065908), 'Min': np.float64(0.0), 'Mean': np.float64(0.9984476852572789), 'Std': np.float64(0.039368688403191215)}
2024-11-09 17:24:47,738 - INFO - Top 10 Mean Stats: {'Max': np.float64(1.1768364061026659e-15), 'Min': np.float64(-3.5832448119776926e-15), 'Mean': np.float64(-1.0026788427319744e-15), 'Std': np.float64(1.4117907765205592e-15)}
2024-11-09 17:24:47,738 - INFO - Top 10 Std Stats: {'Max': np.float64(0.9999999967065908), 'Min': np.float64(0.9999999962845235), 'Mean': np.float64(0.9999999963996414), 'Std': np.float64(1.1185371497340012e-10)}
2024-11-09 17:24:47,738 - INFO - Bottom 10 Mean Stats: {'Max': np.float64(107.0), 'Min': np.float64(88.0), 'Mean': np.float64(94.0), 'Std': np.float64(6.04979338490167)}
2024-11-09 17:24:47,738 - INFO - Bottom 10 Std Stats: {'Max': np.float64(0.0), 'Min': np.float64(0.0), 'Mean': np.float64(0.0), 'Std': np.float64(0.0)}
[I 2024-11-09 17:24:47,818] Trial 250 finished with value: 70.0 and parameters: {'x_0': -2, 'x_1': 5, 'x_2': 3, 'x_3': -4, 'x_4': 4}. Best is trial 162 with value: 9.0.
2024-11-09 17:25:02,671 - INFO - Candidate Mean Stats: {'Max': np.float64(107.0), 'Min': np.float64(-9.078848783872218e-14), 'Mean': np.float64(0.07734816921347897), 'Std': np.float64(2.1087877027107798)}
2024-11-09 17:25:02,675 - INFO - Candidate Std Stats: {'Max': np.float64(0.9999999988197606), 'Min': np.float64(0.0), 'Mean': np.float64(0.9984414761678969), 'Std': np.float64(0.03944722454550371)}
2024-11-09 17:25:02,706 - INFO - Top 10 Mean Stats: {'Max': np.float64(1.0103029524088924e-15), 'Min': np.float64(-2.0261570199409107e-15), 'Mean': np.float64(-9.048317650695028e-17), 'Std': np.float64(8.79390375663933e-16)}
2024-11-09 17:25:02,706 - INFO - Top 10 Std Stats: {'Max': np.float64(0.9999999988197606), 'Min': np.float64(0.9999999986726666), 'Mean': np.float64(0.999999998749425), 'Std': np.float64(4.783414386940045e-11)}
2024-11-09 17:25:02,706 - INFO - Bottom 10 Mean Stats: {'Max': np.float64(107.0), 'Min': np.float64(88.0), 'Mean': np.float64(94.0), 'Std': np.float64(6.04979338490167)}
2024-11-09 17:25:02,706 - INFO - Bottom 10 Std Stats: {'Max': np.float64(0.0), 'Min': np.float64(0.0), 'Mean': np.float64(0.0), 'Std': np.float64(0.0)}
[I 2024-11-09 17:25:02,804] Trial 251 finished with value: 54.0 and parameters: {'x_0': 0, 'x_1': 4, 'x_2': -3, 'x_3': 5, 'x_4': -2}. Best is trial 162 with value: 9.0.
2024-11-09 17:25:14,142 - INFO - Candidate Mean Stats: {'Max': np.float64(107.0), 'Min': np.float64(-7.087663789206999e-14), 'Mean': np.float64(0.07768346672793092), 'Std': np.float64(2.1130640452107503)}
2024-11-09 17:25:14,142 - INFO - Candidate Std Stats: {'Max': np.float64(0.9999999965195633), 'Min': np.float64(0.0), 'Mean': np.float64(0.9984352663926348), 'Std': np.float64(0.03952560363672147)}
2024-11-09 17:25:14,169 - INFO - Top 10 Mean Stats: {'Max': np.float64(3.5416114485542492e-15), 'Min': np.float64(-1.7985612998927535e-15), 'Mean': np.float64(1.2665563042801864e-15), 'Std': np.float64(1.8412403299094548e-15)}
2024-11-09 17:25:14,169 - INFO - Top 10 Std Stats: {'Max': np.float64(0.9999999965195633), 'Min': np.float64(0.9999999963179272), 'Mean': np.float64(0.9999999963886739), 'Std': np.float64(6.289512154924672e-11)}
2024-11-09 17:25:14,170 - INFO - Bottom 10 Mean Stats: {'Max': np.float64(107.0), 'Min': np.float64(88.0), 'Mean': np.float64(94.0), 'Std': np.float64(6.04979338490167)}
2024-11-09 17:25:14,170 - INFO - Bottom 10 Std Stats: {'Max': np.float64(0.0), 'Min': np.float64(0.0), 'Mean': np.float64(0.0), 'Std': np.float64(0.0)}
[I 2024-11-09 17:25:14,218] Trial 252 finished with value: 67.0 and parameters: {'x_0': 0, 'x_1': 5, 'x_2': -1, 'x_3': 5, 'x_4': 4}. Best is trial 162 with value: 9.0.
2024-11-09 17:25:23,548 - INFO - Candidate Mean Stats: {'Max': np.float64(107.0), 'Min': np.float64(-6.079581282847357e-14), 'Mean': np.float64(0.07809948401438058), 'Std': np.float64(2.1196339327709635)}
2024-11-09 17:25:23,549 - INFO - Candidate Std Stats: {'Max': np.float64(0.9999999988038442), 'Min': np.float64(0.0), 'Mean': np.float64(0.998429057756307), 'Std': np.float64(0.03960382668135474)}
2024-11-09 17:25:23,575 - INFO - Top 10 Mean Stats: {'Max': np.float64(1.3655743202889426e-15), 'Min': np.float64(-7.16093850883226e-16), 'Mean': np.float64(4.606037773413618e-16), 'Std': np.float64(6.512650645030334e-16)}
2024-11-09 17:25:23,575 - INFO - Top 10 Std Stats: {'Max': np.float64(0.9999999988038442), 'Min': np.float64(0.9999999984858109), 'Mean': np.float64(0.9999999986223015), 'Std': np.float64(1.0492045269610917e-10)}
2024-11-09 17:25:23,575 - INFO - Bottom 10 Mean Stats: {'Max': np.float64(107.0), 'Min': np.float64(88.0), 'Mean': np.float64(94.0), 'Std': np.float64(6.04979338490167)}
2024-11-09 17:25:23,575 - INFO - Bottom 10 Std Stats: {'Max': np.float64(0.0), 'Min': np.float64(0.0), 'Mean': np.float64(0.0), 'Std': np.float64(0.0)}
[I 2024-11-09 17:25:23,636] Trial 253 finished with value: 80.0 and parameters: {'x_0': -5, 'x_1': -2, 'x_2': -1, 'x_3': -5, 'x_4': -5}. Best is trial 162 with value: 9.0.
2024-11-09 17:25:32,803 - INFO - Candidate Mean Stats: {'Max': np.float64(107.0), 'Min': np.float64(-6.737943536450075e-14), 'Mean': np.float64(0.07859622107282782), 'Std': np.float64(2.1289690314953558)}
2024-11-09 17:25:32,804 - INFO - Candidate Std Stats: {'Max': np.float64(0.9999999968389961), 'Min': np.float64(0.0), 'Mean': np.float64(0.998422848476611), 'Std': np.float64(0.03968189453192312)}
2024-11-09 17:25:32,830 - INFO - Top 10 Mean Stats: {'Max': np.float64(2.942091015256665e-15), 'Min': np.float64(-3.3695268797373503e-15), 'Mean': np.float64(4.1633363423441005e-19), 'Std': np.float64(2.288154069805562e-15)}
2024-11-09 17:25:32,830 - INFO - Top 10 Std Stats: {'Max': np.float64(0.9999999968389961), 'Min': np.float64(0.9999999963856142), 'Mean': np.float64(0.9999999965483847), 'Std': np.float64(1.3462596523230793e-10)}
2024-11-09 17:25:32,830 - INFO - Bottom 10 Mean Stats: {'Max': np.float64(107.0), 'Min': np.float64(88.0), 'Mean': np.float64(94.0), 'Std': np.float64(6.04979338490167)}
2024-11-09 17:25:32,830 - INFO - Bottom 10 Std Stats: {'Max': np.float64(0.0), 'Min': np.float64(0.0), 'Mean': np.float64(0.0), 'Std': np.float64(0.0)}
[I 2024-11-09 17:25:32,863] Trial 254 finished with value: 43.0 and parameters: {'x_0': -5, 'x_1': 2, 'x_2': -3, 'x_3': 2, 'x_4': 1}. Best is trial 162 with value: 9.0.
2024-11-09 17:25:40,033 - INFO - Candidate Mean Stats: {'Max': np.float64(107.0), 'Min': np.float64(-5.924150059399836e-14), 'Mean': np.float64(0.07886321724174326), 'Std': np.float64(2.131653801925361)}
2024-11-09 17:25:40,033 - INFO - Candidate Std Stats: {'Max': np.float64(0.9999999982590615), 'Min': np.float64(0.0), 'Mean': np.float64(0.9984166393298783), 'Std': np.float64(0.039759808133205315)}
2024-11-09 17:25:40,055 - INFO - Top 10 Mean Stats: {'Max': np.float64(1.7152945730458668e-15), 'Min': np.float64(-1.1046719095020307e-15), 'Mean': np.float64(2.7537000457655837e-16), 'Std': np.float64(8.100126655492509e-16)}
2024-11-09 17:25:40,055 - INFO - Top 10 Std Stats: {'Max': np.float64(0.9999999982590615), 'Min': np.float64(0.9999999979449344), 'Mean': np.float64(0.9999999980684804), 'Std': np.float64(9.477541191826885e-11)}
2024-11-09 17:25:40,055 - INFO - Bottom 10 Mean Stats: {'Max': np.float64(107.0), 'Min': np.float64(88.0), 'Mean': np.float64(94.0), 'Std': np.float64(6.04979338490167)}
2024-11-09 17:25:40,055 - INFO - Bottom 10 Std Stats: {'Max': np.float64(0.0), 'Min': np.float64(0.0), 'Mean': np.float64(0.0), 'Std': np.float64(0.0)}
