[I 2024-11-09 17:03:23,008] Trial 123 finished with value: 55.0 and parameters: {'x_0': 1, 'x_1': 5, 'x_2': 2, 'x_3': -4, 'x_4': -3}. Best is trial 53 with value: 4.0.
2024-11-09 17:03:31,621 - INFO - Candidate Mean Stats: {'Max': np.float64(91.0), 'Min': np.float64(-4.816147480823929e-14), 'Mean': np.float64(0.038099732382909764), 'Std': np.float64(1.4695291947362616)}
2024-11-09 17:03:31,622 - INFO - Candidate Std Stats: {'Max': np.float64(0.9999999961635692), 'Min': np.float64(0.0), 'Mean': np.float64(0.9992300448430684), 'Std': np.float64(0.027737152154643514)}
2024-11-09 17:03:31,664 - INFO - Top 10 Mean Stats: {'Max': np.float64(4.468647674116255e-15), 'Min': np.float64(-3.808064974464287e-15), 'Mean': np.float64(1.127570259384925e-16), 'Std': np.float64(2.678115111804144e-15)}
2024-11-09 17:03:31,664 - INFO - Top 10 Std Stats: {'Max': np.float64(0.9999999961635692), 'Min': np.float64(0.9999999958078077), 'Mean': np.float64(0.9999999959439595), 'Std': np.float64(1.418607340269296e-10)}
2024-11-09 17:03:31,664 - INFO - Bottom 10 Mean Stats: {'Max': np.float64(91.0), 'Min': np.float64(79.0), 'Mean': np.float64(85.7), 'Std': np.float64(4.627094120503711)}
2024-11-09 17:03:31,665 - INFO - Bottom 10 Std Stats: {'Max': np.float64(0.0), 'Min': np.float64(0.0), 'Mean': np.float64(0.0), 'Std': np.float64(0.0)}
[I 2024-11-09 17:03:31,691] Trial 124 finished with value: 62.0 and parameters: {'x_0': 1, 'x_1': -2, 'x_2': 4, 'x_3': 4, 'x_4': -5}. Best is trial 53 with value: 4.0.
2024-11-09 17:03:40,415 - INFO - Candidate Mean Stats: {'Max': np.float64(91.0), 'Min': np.float64(-4.6773696027457846e-14), 'Mean': np.float64(0.03848470360320644), 'Std': np.float64(1.477617943528307)}
2024-11-09 17:03:40,416 - INFO - Candidate Std Stats: {'Max': np.float64(0.9999999972638414), 'Min': np.float64(0.0), 'Mean': np.float64(0.9992238355791471), 'Std': np.float64(0.027848684396501153)}
2024-11-09 17:03:40,448 - INFO - Top 10 Mean Stats: {'Max': np.float64(1.559863349598345e-15), 'Min': np.float64(-1.6577017536434369e-15), 'Mean': np.float64(2.410571742217371e-16), 'Std': np.float64(1.2285286554545883e-15)}
2024-11-09 17:03:40,448 - INFO - Top 10 Std Stats: {'Max': np.float64(0.9999999972638414), 'Min': np.float64(0.9999999967749017), 'Mean': np.float64(0.9999999970058688), 'Std': np.float64(1.6713621105359098e-10)}
2024-11-09 17:03:40,449 - INFO - Bottom 10 Mean Stats: {'Max': np.float64(91.0), 'Min': np.float64(79.0), 'Mean': np.float64(85.7), 'Std': np.float64(4.627094120503711)}
2024-11-09 17:03:40,449 - INFO - Bottom 10 Std Stats: {'Max': np.float64(0.0), 'Min': np.float64(0.0), 'Mean': np.float64(0.0), 'Std': np.float64(0.0)}
[I 2024-11-09 17:03:40,477] Trial 125 finished with value: 46.0 and parameters: {'x_0': -2, 'x_1': -4, 'x_2': 1, 'x_3': 4, 'x_4': 3}. Best is trial 53 with value: 4.0.
2024-11-09 17:03:51,415 - INFO - Candidate Mean Stats: {'Max': np.float64(91.0), 'Min': np.float64(-4.431455202791312e-14), 'Mean': np.float64(0.03877032741181367), 'Std': np.float64(1.4820497347783448)}
2024-11-09 17:03:51,416 - INFO - Candidate Std Stats: {'Max': np.float64(0.999999997292676), 'Min': np.float64(0.0), 'Mean': np.float64(0.9992176263473477), 'Std': np.float64(0.027959770358898725)}
2024-11-09 17:03:51,447 - INFO - Top 10 Mean Stats: {'Max': np.float64(7.993605777301127e-16), 'Min': np.float64(-2.264854970235319e-15), 'Mean': np.float64(-8.038014698286133e-16), 'Std': np.float64(9.138855299653867e-16)}
2024-11-09 17:03:51,448 - INFO - Top 10 Std Stats: {'Max': np.float64(0.999999997292676), 'Min': np.float64(0.9999999970606807), 'Mean': np.float64(0.9999999971384941), 'Std': np.float64(7.515181907211866e-11)}
2024-11-09 17:03:51,448 - INFO - Bottom 10 Mean Stats: {'Max': np.float64(91.0), 'Min': np.float64(79.0), 'Mean': np.float64(85.7), 'Std': np.float64(4.627094120503711)}
2024-11-09 17:03:51,448 - INFO - Bottom 10 Std Stats: {'Max': np.float64(0.0), 'Min': np.float64(0.0), 'Mean': np.float64(0.0), 'Std': np.float64(0.0)}
[I 2024-11-09 17:03:51,477] Trial 126 finished with value: 35.0 and parameters: {'x_0': -3, 'x_1': -3, 'x_2': 0, 'x_3': 1, 'x_4': 4}. Best is trial 53 with value: 4.0.
2024-11-09 17:04:01,469 - INFO - Candidate Mean Stats: {'Max': np.float64(91.0), 'Min': np.float64(-4.934386232946508e-14), 'Mean': np.float64(0.038987649874884345), 'Std': np.float64(1.484607963069338)}
2024-11-09 17:04:01,470 - INFO - Candidate Std Stats: {'Max': np.float64(0.9999999965696186), 'Min': np.float64(0.0), 'Mean': np.float64(0.9992114173099775), 'Std': np.float64(0.028070415344741514)}
2024-11-09 17:04:01,501 - INFO - Top 10 Mean Stats: {'Max': np.float64(3.0753177782116835e-15), 'Min': np.float64(-2.2093438190040614e-15), 'Mean': np.float64(-1.1990408665951691e-16), 'Std': np.float64(1.6105074631540993e-15)}
2024-11-09 17:04:01,501 - INFO - Top 10 Std Stats: {'Max': np.float64(0.9999999965696186), 'Min': np.float64(0.9999999959779308), 'Mean': np.float64(0.9999999961986333), 'Std': np.float64(1.6869931891635994e-10)}
2024-11-09 17:04:01,501 - INFO - Bottom 10 Mean Stats: {'Max': np.float64(91.0), 'Min': np.float64(79.0), 'Mean': np.float64(85.7), 'Std': np.float64(4.627094120503711)}
2024-11-09 17:04:01,501 - INFO - Bottom 10 Std Stats: {'Max': np.float64(0.0), 'Min': np.float64(0.0), 'Mean': np.float64(0.0), 'Std': np.float64(0.0)}
[I 2024-11-09 17:04:01,528] Trial 127 finished with value: 57.0 and parameters: {'x_0': 4, 'x_1': 3, 'x_2': 4, 'x_3': 0, 'x_4': -4}. Best is trial 53 with value: 4.0.
2024-11-09 17:04:10,692 - INFO - Candidate Mean Stats: {'Max': np.float64(91.0), 'Min': np.float64(-7.159620118990518e-14), 'Mean': np.float64(0.03934157502902805), 'Std': np.float64(1.4913774891395146)}
2024-11-09 17:04:10,698 - INFO - Candidate Std Stats: {'Max': np.float64(0.9999999968123313), 'Min': np.float64(0.0), 'Mean': np.float64(0.9992052078154913), 'Std': np.float64(0.02818062452997354)}
2024-11-09 17:04:10,725 - INFO - Top 10 Mean Stats: {'Max': np.float64(3.6637359812630166e-15), 'Min': np.float64(-2.559064071760986e-15), 'Mean': np.float64(-2.0219936835985666e-16), 'Std': np.float64(1.9958898223249595e-15)}
2024-11-09 17:04:10,725 - INFO - Top 10 Std Stats: {'Max': np.float64(0.9999999968123313), 'Min': np.float64(0.9999999963593602), 'Mean': np.float64(0.9999999964809962), 'Std': np.float64(1.2979043244490017e-10)}
2024-11-09 17:04:10,725 - INFO - Bottom 10 Mean Stats: {'Max': np.float64(91.0), 'Min': np.float64(79.0), 'Mean': np.float64(85.7), 'Std': np.float64(4.627094120503711)}
2024-11-09 17:04:10,725 - INFO - Bottom 10 Std Stats: {'Max': np.float64(0.0), 'Min': np.float64(0.0), 'Mean': np.float64(0.0), 'Std': np.float64(0.0)}
[I 2024-11-09 17:04:10,756] Trial 128 finished with value: 27.0 and parameters: {'x_0': 3, 'x_1': 4, 'x_2': 0, 'x_3': 1, 'x_4': 1}. Best is trial 53 with value: 4.0.
2024-11-09 17:04:18,682 - INFO - Candidate Mean Stats: {'Max': np.float64(91.0), 'Min': np.float64(-4.89386309254769e-14), 'Mean': np.float64(0.03950922378625406), 'Std': np.float64(1.4928898527080812)}
2024-11-09 17:04:18,683 - INFO - Candidate Std Stats: {'Max': np.float64(0.9999999960369489), 'Min': np.float64(0.0), 'Mean': np.float64(0.9991989983241807), 'Std': np.float64(0.02829040302049152)}
2024-11-09 17:04:18,711 - INFO - Top 10 Mean Stats: {'Max': np.float64(3.697042672001771e-15), 'Min': np.float64(-9.325873406851315e-16), 'Mean': np.float64(8.409939411535561e-16), 'Std': np.float64(1.3958223509991176e-15)}
2024-11-09 17:04:18,711 - INFO - Top 10 Std Stats: {'Max': np.float64(0.9999999960369489), 'Min': np.float64(0.9999999955745364), 'Mean': np.float64(0.9999999957542268), 'Std': np.float64(1.4123068258078476e-10)}
2024-11-09 17:04:18,711 - INFO - Bottom 10 Mean Stats: {'Max': np.float64(91.0), 'Min': np.float64(79.0), 'Mean': np.float64(85.7), 'Std': np.float64(4.627094120503711)}
2024-11-09 17:04:18,711 - INFO - Bottom 10 Std Stats: {'Max': np.float64(0.0), 'Min': np.float64(0.0), 'Mean': np.float64(0.0), 'Std': np.float64(0.0)}
[I 2024-11-09 17:04:18,739] Trial 129 finished with value: 19.0 and parameters: {'x_0': 0, 'x_1': -1, 'x_2': 0, 'x_3': -3, 'x_4': 3}. Best is trial 53 with value: 4.0.
2024-11-09 17:04:29,385 - INFO - Candidate Mean Stats: {'Max': np.float64(91.0), 'Min': np.float64(-7.077671781985373e-14), 'Mean': np.float64(0.03962719883763529), 'Std': np.float64(1.4936372726239373)}
2024-11-09 17:04:29,385 - INFO - Candidate Std Stats: {'Max': np.float64(0.9999999965179326), 'Min': np.float64(0.0), 'Mean': np.float64(0.9991927895671486), 'Std': np.float64(0.028399755831594323)}
2024-11-09 17:04:29,420 - INFO - Top 10 Mean Stats: {'Max': np.float64(2.485511796379569e-15), 'Min': np.float64(-1.0491607582707729e-15), 'Mean': np.float64(2.2697121959680545e-16), 'Std': np.float64(1.012682651904603e-15)}
2024-11-09 17:04:29,421 - INFO - Top 10 Std Stats: {'Max': np.float64(0.9999999965179326), 'Min': np.float64(0.9999999961800019), 'Mean': np.float64(0.999999996320288), 'Std': np.float64(9.371088699561007e-11)}
2024-11-09 17:04:29,421 - INFO - Bottom 10 Mean Stats: {'Max': np.float64(91.0), 'Min': np.float64(79.0), 'Mean': np.float64(85.7), 'Std': np.float64(4.627094120503711)}
2024-11-09 17:04:29,421 - INFO - Bottom 10 Std Stats: {'Max': np.float64(0.0), 'Min': np.float64(0.0), 'Mean': np.float64(0.0), 'Std': np.float64(0.0)}
[I 2024-11-09 17:04:29,452] Trial 130 finished with value: 15.0 and parameters: {'x_0': -1, 'x_1': 0, 'x_2': 3, 'x_3': -2, 'x_4': 1}. Best is trial 53 with value: 4.0.
2024-11-09 17:04:41,105 - INFO - Candidate Mean Stats: {'Max': np.float64(91.0), 'Min': np.float64(-4.186997970556661e-14), 'Mean': np.float64(0.03972033703609413), 'Std': np.float64(1.4941024010628634)}
2024-11-09 17:04:41,106 - INFO - Candidate Std Stats: {'Max': np.float64(0.9999999971668396), 'Min': np.float64(0.0), 'Mean': np.float64(0.9991865801182868), 'Std': np.float64(0.02850868782149946)}
2024-11-09 17:04:41,133 - INFO - Top 10 Mean Stats: {'Max': np.float64(1.887379141862766e-15), 'Min': np.float64(-3.3417713041217213e-15), 'Mean': np.float64(-1.1757261830780408e-15), 'Std': np.float64(1.5174718210233432e-15)}
2024-11-09 17:04:41,133 - INFO - Top 10 Std Stats: {'Max': np.float64(0.9999999971668396), 'Min': np.float64(0.999999996413442), 'Mean': np.float64(0.9999999966449978), 'Std': np.float64(2.3335062343093176e-10)}
2024-11-09 17:04:41,134 - INFO - Bottom 10 Mean Stats: {'Max': np.float64(91.0), 'Min': np.float64(79.0), 'Mean': np.float64(85.7), 'Std': np.float64(4.627094120503711)}
2024-11-09 17:04:41,134 - INFO - Bottom 10 Std Stats: {'Max': np.float64(0.0), 'Min': np.float64(0.0), 'Mean': np.float64(0.0), 'Std': np.float64(0.0)}
[I 2024-11-09 17:04:41,164] Trial 131 finished with value: 51.0 and parameters: {'x_0': 4, 'x_1': 0, 'x_2': 3, 'x_3': 5, 'x_4': -1}. Best is trial 53 with value: 4.0.
2024-11-09 17:04:50,412 - INFO - Candidate Mean Stats: {'Max': np.float64(91.0), 'Min': np.float64(-9.291456493087935e-14), 'Mean': np.float64(0.04003700691085432), 'Std': np.float64(1.499488876826522)}
2024-11-09 17:04:50,413 - INFO - Candidate Std Stats: {'Max': np.float64(0.9999999964226367), 'Min': np.float64(0.0), 'Mean': np.float64(0.9991803706628147), 'Std': np.float64(0.028617203814976497)}
2024-11-09 17:04:50,439 - INFO - Top 10 Mean Stats: {'Max': np.float64(3.855249453010856e-15), 'Min': np.float64(-2.7318425299682757e-15), 'Mean': np.float64(7.666783874427097e-16), 'Std': np.float64(1.7380531269876608e-15)}
2024-11-09 17:04:50,439 - INFO - Top 10 Std Stats: {'Max': np.float64(0.9999999964226367), 'Min': np.float64(0.9999999961177447), 'Mean': np.float64(0.9999999962197039), 'Std': np.float64(9.997880083225253e-11)}
2024-11-09 17:04:50,440 - INFO - Bottom 10 Mean Stats: {'Max': np.float64(91.0), 'Min': np.float64(79.0), 'Mean': np.float64(85.7), 'Std': np.float64(4.627094120503711)}
2024-11-09 17:04:50,440 - INFO - Bottom 10 Std Stats: {'Max': np.float64(0.0), 'Min': np.float64(0.0), 'Mean': np.float64(0.0), 'Std': np.float64(0.0)}
[I 2024-11-09 17:04:50,471] Trial 132 finished with value: 58.0 and parameters: {'x_0': -2, 'x_1': 4, 'x_2': 2, 'x_3': 5, 'x_4': 3}. Best is trial 53 with value: 4.0.
2024-11-09 17:04:59,903 - INFO - Candidate Mean Stats: {'Max': np.float64(91.0), 'Min': np.float64(-5.000444502911705e-14), 'Mean': np.float64(0.04039714127822866), 'Std': np.float64(1.5064281323492006)}
2024-11-09 17:04:59,904 - INFO - Candidate Std Stats: {'Max': np.float64(0.9999999964814291), 'Min': np.float64(0.0), 'Mean': np.float64(0.9991741609201771), 'Std': np.float64(0.028725308518501975)}
2024-11-09 17:04:59,927 - INFO - Top 10 Mean Stats: {'Max': np.float64(1.609823385706477e-15), 'Min': np.float64(-1.887379141862766e-15), 'Mean': np.float64(-3.858025010572424e-17), 'Std': np.float64(1.208572518955084e-15)}
2024-11-09 17:04:59,927 - INFO - Top 10 Std Stats: {'Max': np.float64(0.9999999964814291), 'Min': np.float64(0.9999999961567988), 'Mean': np.float64(0.9999999962628843), 'Std': np.float64(9.122803434926552e-11)}
2024-11-09 17:04:59,927 - INFO - Bottom 10 Mean Stats: {'Max': np.float64(91.0), 'Min': np.float64(79.0), 'Mean': np.float64(85.7), 'Std': np.float64(4.627094120503711)}
2024-11-09 17:04:59,928 - INFO - Bottom 10 Std Stats: {'Max': np.float64(0.0), 'Min': np.float64(0.0), 'Mean': np.float64(0.0), 'Std': np.float64(0.0)}
[I 2024-11-09 17:04:59,956] Trial 133 finished with value: 50.0 and parameters: {'x_0': 1, 'x_1': -2, 'x_2': -2, 'x_3': -5, 'x_4': 4}. Best is trial 53 with value: 4.0.
2024-11-09 17:05:09,744 - INFO - Candidate Mean Stats: {'Max': np.float64(91.0), 'Min': np.float64(-4.085620730620576e-14), 'Mean': np.float64(0.04070760193975823), 'Std': np.float64(1.5115632871889113)}
2024-11-09 17:05:09,746 - INFO - Candidate Std Stats: {'Max': np.float64(0.9999999971073906), 'Min': np.float64(0.0), 'Mean': np.float64(0.9991679523502744), 'Std': np.float64(0.028833006600215018)}
2024-11-09 17:05:09,774 - INFO - Top 10 Mean Stats: {'Max': np.float64(2.3647750424515835e-15), 'Min': np.float64(-2.4147350785597155e-15), 'Mean': np.float64(-1.179611963664229e-16), 'Std': np.float64(1.8882487522855203e-15)}
2024-11-09 17:05:09,775 - INFO - Top 10 Std Stats: {'Max': np.float64(0.9999999971073906), 'Min': np.float64(0.9999999965508611), 'Mean': np.float64(0.9999999967422323), 'Std': np.float64(1.769016868930539e-10)}
2024-11-09 17:05:09,775 - INFO - Bottom 10 Mean Stats: {'Max': np.float64(91.0), 'Min': np.float64(79.0), 'Mean': np.float64(85.7), 'Std': np.float64(4.627094120503711)}
2024-11-09 17:05:09,775 - INFO - Bottom 10 Std Stats: {'Max': np.float64(0.0), 'Min': np.float64(0.0), 'Mean': np.float64(0.0), 'Std': np.float64(0.0)}
[I 2024-11-09 17:05:09,804] Trial 134 finished with value: 33.0 and parameters: {'x_0': 0, 'x_1': -2, 'x_2': 4, 'x_3': 3, 'x_4': 2}. Best is trial 53 with value: 4.0.
2024-11-09 17:05:17,766 - INFO - Candidate Mean Stats: {'Max': np.float64(91.0), 'Min': np.float64(-4.503064587879635e-14), 'Mean': np.float64(0.04091250597636772), 'Std': np.float64(1.5137928128036149)}
2024-11-09 17:05:17,768 - INFO - Candidate Std Stats: {'Max': np.float64(0.9999999965390184), 'Min': np.float64(0.0), 'Mean': np.float64(0.9991617436099035), 'Std': np.float64(0.028940302561557576)}
2024-11-09 17:05:17,795 - INFO - Top 10 Mean Stats: {'Max': np.float64(3.8635761256955444e-15), 'Min': np.float64(-1.7728873924482969e-15), 'Mean': np.float64(4.860695179687012e-16), 'Std': np.float64(1.556445943480631e-15)}
2024-11-09 17:05:17,795 - INFO - Top 10 Std Stats: {'Max': np.float64(0.9999999965390184), 'Min': np.float64(0.9999999962240964), 'Mean': np.float64(0.9999999963455579), 'Std': np.float64(1.0611375179065836e-10)}
2024-11-09 17:05:17,795 - INFO - Bottom 10 Mean Stats: {'Max': np.float64(91.0), 'Min': np.float64(79.0), 'Mean': np.float64(85.7), 'Std': np.float64(4.627094120503711)}
2024-11-09 17:05:17,795 - INFO - Bottom 10 Std Stats: {'Max': np.float64(0.0), 'Min': np.float64(0.0), 'Mean': np.float64(0.0), 'Std': np.float64(0.0)}
[I 2024-11-09 17:05:17,827] Trial 135 finished with value: 83.0 and parameters: {'x_0': 4, 'x_1': -1, 'x_2': 5, 'x_3': 5, 'x_4': -4}. Best is trial 53 with value: 4.0.
2024-11-09 17:05:27,234 - INFO - Candidate Mean Stats: {'Max': np.float64(91.0), 'Min': np.float64(-4.147793219999585e-14), 'Mean': np.float64(0.041427870674506845), 'Std': np.float64(1.5278421105330449)}
2024-11-09 17:05:27,235 - INFO - Candidate Std Stats: {'Max': np.float64(0.9999999965711551), 'Min': np.float64(0.0), 'Mean': np.float64(0.9991555343407307), 'Std': np.float64(0.029047200848118612)}
2024-11-09 17:05:27,264 - INFO - Top 10 Mean Stats: {'Max': np.float64(2.90878432451791e-15), 'Min': np.float64(-5.773159728050814e-16), 'Mean': np.float64(8.598677325721838e-16), 'Std': np.float64(1.303641183041311e-15)}
2024-11-09 17:05:27,265 - INFO - Top 10 Std Stats: {'Max': np.float64(0.9999999965711551), 'Min': np.float64(0.9999999959485215), 'Mean': np.float64(0.9999999961019022), 'Std': np.float64(1.8446851546515236e-10)}
2024-11-09 17:05:27,265 - INFO - Bottom 10 Mean Stats: {'Max': np.float64(91.0), 'Min': np.float64(79.0), 'Mean': np.float64(86.1), 'Std': np.float64(4.182104733265296)}
2024-11-09 17:05:27,265 - INFO - Bottom 10 Std Stats: {'Max': np.float64(0.0), 'Min': np.float64(0.0), 'Mean': np.float64(0.0), 'Std': np.float64(0.0)}
[I 2024-11-09 17:05:27,296] Trial 136 finished with value: 22.0 and parameters: {'x_0': 1, 'x_1': -2, 'x_2': 0, 'x_3': 4, 'x_4': -1}. Best is trial 53 with value: 4.0.
2024-11-09 17:05:38,836 - INFO - Candidate Mean Stats: {'Max': np.float64(91.0), 'Min': np.float64(-3.805844528415037e-14), 'Mean': np.float64(0.04156447336557983), 'Std': np.float64(1.528821584405499)}
2024-11-09 17:05:38,837 - INFO - Candidate Std Stats: {'Max': np.float64(0.9999999965682993), 'Min': np.float64(0.0), 'Mean': np.float64(0.9991493255061716), 'Std': np.float64(0.02915370586215)}
2024-11-09 17:05:38,864 - INFO - Top 10 Mean Stats: {'Max': np.float64(3.586020369539255e-15), 'Min': np.float64(-2.2870594307278226e-15), 'Mean': np.float64(3.939903958638524e-16), 'Std': np.float64(1.5343620668500518e-15)}
2024-11-09 17:05:38,864 - INFO - Top 10 Std Stats: {'Max': np.float64(0.9999999965682993), 'Min': np.float64(0.9999999961951791), 'Mean': np.float64(0.9999999964004971), 'Std': np.float64(1.1278007808353028e-10)}
2024-11-09 17:05:38,864 - INFO - Bottom 10 Mean Stats: {'Max': np.float64(91.0), 'Min': np.float64(79.0), 'Mean': np.float64(86.1), 'Std': np.float64(4.182104733265296)}
2024-11-09 17:05:38,864 - INFO - Bottom 10 Std Stats: {'Max': np.float64(0.0), 'Min': np.float64(0.0), 'Mean': np.float64(0.0), 'Std': np.float64(0.0)}
[I 2024-11-09 17:05:38,896] Trial 137 finished with value: 39.0 and parameters: {'x_0': 3, 'x_1': 2, 'x_2': -3, 'x_3': -4, 'x_4': -1}. Best is trial 53 with value: 4.0.
2024-11-09 17:05:47,307 - INFO - Candidate Mean Stats: {'Max': np.float64(91.0), 'Min': np.float64(-4.684308496649692e-14), 'Mean': np.float64(0.04180663268157292), 'Std': np.float64(1.5319006042096388)}
2024-11-09 17:05:47,308 - INFO - Candidate Std Stats: {'Max': np.float64(0.9999999963693254), 'Min': np.float64(0.0), 'Mean': np.float64(0.9991431160458958), 'Std': np.float64(0.029259821867383382)}
2024-11-09 17:05:47,332 - INFO - Top 10 Mean Stats: {'Max': np.float64(3.456956942926581e-15), 'Min': np.float64(-2.0081158957907517e-15), 'Mean': np.float64(3.7868146118835713e-16), 'Std': np.float64(1.9223688566663124e-15)}
2024-11-09 17:05:47,332 - INFO - Top 10 Std Stats: {'Max': np.float64(0.9999999963693254), 'Min': np.float64(0.999999995933599), 'Mean': np.float64(0.9999999961151866), 'Std': np.float64(1.5277051239971044e-10)}
2024-11-09 17:05:47,333 - INFO - Bottom 10 Mean Stats: {'Max': np.float64(91.0), 'Min': np.float64(79.0), 'Mean': np.float64(86.1), 'Std': np.float64(4.182104733265296)}
2024-11-09 17:05:47,333 - INFO - Bottom 10 Std Stats: {'Max': np.float64(0.0), 'Min': np.float64(0.0), 'Mean': np.float64(0.0), 'Std': np.float64(0.0)}
[I 2024-11-09 17:05:47,363] Trial 138 finished with value: 75.0 and parameters: {'x_0': 4, 'x_1': -4, 'x_2': 3, 'x_3': 3, 'x_4': 5}. Best is trial 53 with value: 4.0.
2024-11-09 17:05:57,594 - INFO - Candidate Mean Stats: {'Max': np.float64(91.0), 'Min': np.float64(-5.4711790653527716e-14), 'Mean': np.float64(0.042272323673867296), 'Std': np.float64(1.5432456482321006)}
2024-11-09 17:05:57,596 - INFO - Candidate Std Stats: {'Max': np.float64(0.9999999964739902), 'Min': np.float64(0.0), 'Mean': np.float64(0.9991369061370902), 'Std': np.float64(0.02936555308582194)}
2024-11-09 17:05:57,615 - INFO - Top 10 Mean Stats: {'Max': np.float64(2.220446049250313e-15), 'Min': np.float64(-5.062616992290714e-15), 'Mean': np.float64(-5.506706202140776e-16), 'Std': np.float64(2.3191663454541978e-15)}
2024-11-09 17:05:57,616 - INFO - Top 10 Std Stats: {'Max': np.float64(0.9999999964739902), 'Min': np.float64(0.9999999957781482), 'Mean': np.float64(0.9999999960781307), 'Std': np.float64(2.665693781602791e-10)}
2024-11-09 17:05:57,616 - INFO - Bottom 10 Mean Stats: {'Max': np.float64(91.0), 'Min': np.float64(79.0), 'Mean': np.float64(86.1), 'Std': np.float64(4.182104733265296)}
2024-11-09 17:05:57,616 - INFO - Bottom 10 Std Stats: {'Max': np.float64(0.0), 'Min': np.float64(0.0), 'Mean': np.float64(0.0), 'Std': np.float64(0.0)}
