[I 2024-11-09 16:42:37,403] Trial 15 finished with value: 31.0 and parameters: {'x_0': 3, 'x_1': 0, 'x_2': 2, 'x_3': 3, 'x_4': 3}. Best is trial 13 with value: 19.0.
2024-11-09 16:42:47,553 - INFO - Candidate Mean Stats: {'Max': np.float64(101.0), 'Min': np.float64(-8.031353360138382e-14), 'Mean': np.float64(0.004836977106630828), 'Std': np.float64(0.5184516101281488)}
2024-11-09 16:42:47,554 - INFO - Candidate Std Stats: {'Max': np.float64(0.9999999959436922), 'Min': np.float64(0.0), 'Mean': np.float64(0.9999006366769256), 'Std': np.float64(0.009966821891644953)}
2024-11-09 16:42:47,585 - INFO - Top 10 Mean Stats: {'Max': np.float64(6.705747068735945e-15), 'Min': np.float64(-3.930189507173054e-15), 'Mean': np.float64(2.246258734572848e-15), 'Std': np.float64(3.210714324732995e-15)}
2024-11-09 16:42:47,585 - INFO - Top 10 Std Stats: {'Max': np.float64(0.9999999959436922), 'Min': np.float64(0.9999999954989834), 'Mean': np.float64(0.9999999956267718), 'Std': np.float64(1.3930366511574988e-10)}
2024-11-09 16:42:47,585 - INFO - Bottom 10 Mean Stats: {'Max': np.float64(101.0), 'Min': np.float64(45.0), 'Mean': np.float64(58.4), 'Std': np.float64(15.988746042138514)}
2024-11-09 16:42:47,585 - INFO - Bottom 10 Std Stats: {'Max': np.float64(0.0), 'Min': np.float64(0.0), 'Mean': np.float64(0.0), 'Std': np.float64(0.0)}
[I 2024-11-09 16:42:47,626] Trial 16 finished with value: 36.0 and parameters: {'x_0': 1, 'x_1': 5, 'x_2': 0, 'x_3': -1, 'x_4': -3}. Best is trial 13 with value: 19.0.
2024-11-09 16:42:59,128 - INFO - Candidate Mean Stats: {'Max': np.float64(101.0), 'Min': np.float64(-9.325873406851315e-14), 'Mean': np.float64(0.005060508782932106), 'Std': np.float64(0.5261530195577181)}
2024-11-09 16:42:59,129 - INFO - Candidate Std Stats: {'Max': np.float64(0.9999999988961285), 'Min': np.float64(0.0), 'Mean': np.float64(0.9998944274341891), 'Std': np.float64(0.010273532953842514)}
2024-11-09 16:42:59,163 - INFO - Top 10 Mean Stats: {'Max': np.float64(1.7957857423311908e-15), 'Min': np.float64(-2.270406085358445e-15), 'Mean': np.float64(3.5749181392930043e-16), 'Std': np.float64(1.0352039421884617e-15)}
2024-11-09 16:42:59,163 - INFO - Top 10 Std Stats: {'Max': np.float64(0.9999999988961285), 'Min': np.float64(0.9999999982942914), 'Mean': np.float64(0.9999999985690545), 'Std': np.float64(1.7650846629060297e-10)}
2024-11-09 16:42:59,164 - INFO - Bottom 10 Mean Stats: {'Max': np.float64(101.0), 'Min': np.float64(45.0), 'Mean': np.float64(58.4), 'Std': np.float64(15.988746042138514)}
2024-11-09 16:42:59,164 - INFO - Bottom 10 Std Stats: {'Max': np.float64(0.0), 'Min': np.float64(0.0), 'Mean': np.float64(0.0), 'Std': np.float64(0.0)}
[I 2024-11-09 16:42:59,202] Trial 17 finished with value: 26.0 and parameters: {'x_0': 1, 'x_1': -2, 'x_2': -2, 'x_3': -1, 'x_4': -4}. Best is trial 13 with value: 19.0.
2024-11-09 16:43:05,071 - INFO - Candidate Mean Stats: {'Max': np.float64(101.0), 'Min': np.float64(-6.38378239159465e-14), 'Mean': np.float64(0.005221948326927452), 'Std': np.float64(0.5301252381639621)}
2024-11-09 16:43:05,071 - INFO - Candidate Std Stats: {'Max': np.float64(0.9999999947539825), 'Min': np.float64(0.0), 'Mean': np.float64(0.9998882184353814), 'Std': np.float64(0.010571345374772867)}
2024-11-09 16:43:05,099 - INFO - Top 10 Mean Stats: {'Max': np.float64(3.0642155479654322e-15), 'Min': np.float64(-7.471800955727303e-15), 'Mean': np.float64(-7.59392548843607e-16), 'Std': np.float64(3.402360425005107e-15)}
2024-11-09 16:43:05,099 - INFO - Top 10 Std Stats: {'Max': np.float64(0.9999999947539825), 'Min': np.float64(0.9999999943270557), 'Mean': np.float64(0.9999999944595259), 'Std': np.float64(1.510024300617938e-10)}
2024-11-09 16:43:05,099 - INFO - Bottom 10 Mean Stats: {'Max': np.float64(101.0), 'Min': np.float64(45.0), 'Mean': np.float64(58.4), 'Std': np.float64(15.988746042138514)}
2024-11-09 16:43:05,099 - INFO - Bottom 10 Std Stats: {'Max': np.float64(0.0), 'Min': np.float64(0.0), 'Mean': np.float64(0.0), 'Std': np.float64(0.0)}
[I 2024-11-09 16:43:05,136] Trial 18 finished with value: 39.0 and parameters: {'x_0': -3, 'x_1': -1, 'x_2': -3, 'x_3': -2, 'x_4': 4}. Best is trial 13 with value: 19.0.
2024-11-09 16:43:13,120 - INFO - Candidate Mean Stats: {'Max': np.float64(101.0), 'Min': np.float64(-7.385203559806542e-14), 'Mean': np.float64(0.005464107642920544), 'Std': np.float64(0.5389567642530548)}
2024-11-09 16:43:13,121 - INFO - Candidate Std Stats: {'Max': np.float64(0.9999999960657492), 'Min': np.float64(0.0), 'Mean': np.float64(0.99988200904989), 'Std': np.float64(0.01086099118484179)}
2024-11-09 16:43:13,166 - INFO - Top 10 Mean Stats: {'Max': np.float64(4.682365606356597e-15), 'Min': np.float64(-5.987571549681547e-15), 'Mean': np.float64(3.8542086189252696e-16), 'Std': np.float64(3.513153227518003e-15)}
2024-11-09 16:43:13,166 - INFO - Top 10 Std Stats: {'Max': np.float64(0.9999999960657492), 'Min': np.float64(0.9999999953029866), 'Mean': np.float64(0.9999999955453476), 'Std': np.float64(2.3873112961167265e-10)}
2024-11-09 16:43:13,167 - INFO - Bottom 10 Mean Stats: {'Max': np.float64(101.0), 'Min': np.float64(45.0), 'Mean': np.float64(58.4), 'Std': np.float64(15.988746042138514)}
2024-11-09 16:43:13,167 - INFO - Bottom 10 Std Stats: {'Max': np.float64(0.0), 'Min': np.float64(0.0), 'Mean': np.float64(0.0), 'Std': np.float64(0.0)}
[I 2024-11-09 16:43:13,204] Trial 19 finished with value: 6.0 and parameters: {'x_0': 0, 'x_1': -1, 'x_2': 2, 'x_3': -1, 'x_4': 0}. Best is trial 19 with value: 6.0.
2024-11-09 16:43:21,904 - INFO - Candidate Mean Stats: {'Max': np.float64(101.0), 'Min': np.float64(-6.359357485052896e-14), 'Mean': np.float64(0.00550136292230415), 'Std': np.float64(0.5391637199299992)}
2024-11-09 16:43:21,905 - INFO - Candidate Std Stats: {'Max': np.float64(0.9999999954716969), 'Min': np.float64(0.0), 'Mean': np.float64(0.9998758017974684), 'Std': np.float64(0.011143107260478746)}
2024-11-09 16:43:21,944 - INFO - Top 10 Mean Stats: {'Max': np.float64(3.8635761256955444e-15), 'Min': np.float64(-3.97459842815806e-15), 'Mean': np.float64(-1.4321877017664517e-16), 'Std': np.float64(2.254828251194536e-15)}
2024-11-09 16:43:21,945 - INFO - Top 10 Std Stats: {'Max': np.float64(0.9999999954716969), 'Min': np.float64(0.9999999953066699), 'Mean': np.float64(0.999999995393958), 'Std': np.float64(4.8759199705625334e-11)}
2024-11-09 16:43:21,945 - INFO - Bottom 10 Mean Stats: {'Max': np.float64(101.0), 'Min': np.float64(45.0), 'Mean': np.float64(58.4), 'Std': np.float64(15.988746042138514)}
2024-11-09 16:43:21,945 - INFO - Bottom 10 Std Stats: {'Max': np.float64(0.0), 'Min': np.float64(0.0), 'Mean': np.float64(0.0), 'Std': np.float64(0.0)}
[I 2024-11-09 16:43:21,987] Trial 20 finished with value: 47.0 and parameters: {'x_0': -5, 'x_1': 4, 'x_2': -1, 'x_3': 2, 'x_4': -1}. Best is trial 19 with value: 6.0.
2024-11-09 16:43:30,206 - INFO - Candidate Mean Stats: {'Max': np.float64(101.0), 'Min': np.float64(-5.966893645847904e-14), 'Mean': np.float64(0.0057931959441419245), 'Std': np.float64(0.5517339692187595)}
2024-11-09 16:43:30,207 - INFO - Candidate Std Stats: {'Max': np.float64(0.9999999949515047), 'Min': np.float64(0.0), 'Mean': np.float64(0.9998695931574452), 'Std': np.float64(0.011418251700590232)}
2024-11-09 16:43:30,237 - INFO - Top 10 Mean Stats: {'Max': np.float64(4.6629367034256575e-15), 'Min': np.float64(-4.385380947269368e-15), 'Mean': np.float64(2.858824288409781e-17), 'Std': np.float64(2.484345137513832e-15)}
2024-11-09 16:43:30,237 - INFO - Top 10 Std Stats: {'Max': np.float64(0.9999999949515047), 'Min': np.float64(0.9999999946929923), 'Mean': np.float64(0.9999999948043381), 'Std': np.float64(7.601152033576118e-11)}
2024-11-09 16:43:30,237 - INFO - Bottom 10 Mean Stats: {'Max': np.float64(101.0), 'Min': np.float64(45.0), 'Mean': np.float64(58.6), 'Std': np.float64(15.831613941730641)}
2024-11-09 16:43:30,237 - INFO - Bottom 10 Std Stats: {'Max': np.float64(0.0), 'Min': np.float64(0.0), 'Mean': np.float64(0.0), 'Std': np.float64(0.0)}
[I 2024-11-09 16:43:30,279] Trial 21 finished with value: 55.0 and parameters: {'x_0': 3, 'x_1': 2, 'x_2': -5, 'x_3': 1, 'x_4': -4}. Best is trial 19 with value: 6.0.
2024-11-09 16:43:42,106 - INFO - Candidate Mean Stats: {'Max': np.float64(101.0), 'Min': np.float64(-6.787903572558207e-14), 'Mean': np.float64(0.0061347026718244725), 'Std': np.float64(0.5684972905430615)}
2024-11-09 16:43:42,108 - INFO - Candidate Std Stats: {'Max': np.float64(0.9999999965712184), 'Min': np.float64(0.0), 'Mean': np.float64(0.9998633839756615), 'Std': np.float64(0.011686916921716565)}
2024-11-09 16:43:42,146 - INFO - Top 10 Mean Stats: {'Max': np.float64(3.397282455352979e-15), 'Min': np.float64(-3.708144902248023e-15), 'Mean': np.float64(-2.6673108166619374e-16), 'Std': np.float64(1.9750991056819997e-15)}
2024-11-09 16:43:42,146 - INFO - Top 10 Std Stats: {'Max': np.float64(0.9999999965712184), 'Min': np.float64(0.9999999959302119), 'Mean': np.float64(0.9999999961540569), 'Std': np.float64(1.8781876448715165e-10)}
2024-11-09 16:43:42,146 - INFO - Bottom 10 Mean Stats: {'Max': np.float64(101.0), 'Min': np.float64(46.0), 'Mean': np.float64(59.6), 'Std': np.float64(15.24598307751914)}
2024-11-09 16:43:42,146 - INFO - Bottom 10 Std Stats: {'Max': np.float64(0.0), 'Min': np.float64(0.0), 'Mean': np.float64(0.0), 'Std': np.float64(0.0)}
[I 2024-11-09 16:43:42,182] Trial 22 finished with value: 71.0 and parameters: {'x_0': 5, 'x_1': 5, 'x_2': -4, 'x_3': -1, 'x_4': 2}. Best is trial 19 with value: 6.0.
2024-11-09 16:43:51,111 - INFO - Candidate Mean Stats: {'Max': np.float64(101.0), 'Min': np.float64(-6.421529974431905e-14), 'Mean': np.float64(0.006575556811196438), 'Std': np.float64(0.5953857656005127)}
2024-11-09 16:43:51,112 - INFO - Candidate Std Stats: {'Max': np.float64(0.9999999966369654), 'Min': np.float64(0.0), 'Mean': np.float64(0.9998571740041552), 'Std': np.float64(0.011949539950924376)}
2024-11-09 16:43:51,152 - INFO - Top 10 Mean Stats: {'Max': np.float64(5.551115123125783e-15), 'Min': np.float64(-2.4868995751603505e-15), 'Mean': np.float64(6.308842337432453e-16), 'Std': np.float64(2.5030587024953247e-15)}
2024-11-09 16:43:51,152 - INFO - Top 10 Std Stats: {'Max': np.float64(0.9999999966369654), 'Min': np.float64(0.9999999957494338), 'Mean': np.float64(0.9999999960856117), 'Std': np.float64(2.466471599725735e-10)}
2024-11-09 16:43:51,153 - INFO - Bottom 10 Mean Stats: {'Max': np.float64(101.0), 'Min': np.float64(46.0), 'Mean': np.float64(62.1), 'Std': np.float64(14.85563866011825)}
2024-11-09 16:43:51,153 - INFO - Bottom 10 Std Stats: {'Max': np.float64(0.0), 'Min': np.float64(0.0), 'Mean': np.float64(0.0), 'Std': np.float64(0.0)}
[I 2024-11-09 16:43:51,211] Trial 23 finished with value: 23.0 and parameters: {'x_0': 1, 'x_1': -3, 'x_2': 0, 'x_3': -2, 'x_4': 3}. Best is trial 19 with value: 6.0.
2024-11-09 16:43:58,906 - INFO - Candidate Mean Stats: {'Max': np.float64(101.0), 'Min': np.float64(-5.6421534111450454e-14), 'Mean': np.float64(0.006718368715500032), 'Std': np.float64(0.5981362596832526)}
2024-11-09 16:43:58,908 - INFO - Candidate Std Stats: {'Max': np.float64(0.9999999969079554), 'Min': np.float64(0.0), 'Mean': np.float64(0.9998509654637527), 'Std': np.float64(0.012206510813553612)}
2024-11-09 16:43:58,949 - INFO - Top 10 Mean Stats: {'Max': np.float64(4.3298697960381105e-15), 'Min': np.float64(-2.3536728122053318e-15), 'Mean': np.float64(3.412548021941575e-16), 'Std': np.float64(2.1187420444462522e-15)}
2024-11-09 16:43:58,949 - INFO - Top 10 Std Stats: {'Max': np.float64(0.9999999969079554), 'Min': np.float64(0.9999999962979277), 'Mean': np.float64(0.9999999964921372), 'Std': np.float64(1.926470319823315e-10)}
2024-11-09 16:43:58,949 - INFO - Bottom 10 Mean Stats: {'Max': np.float64(101.0), 'Min': np.float64(46.0), 'Mean': np.float64(62.1), 'Std': np.float64(14.85563866011825)}
2024-11-09 16:43:58,949 - INFO - Bottom 10 Std Stats: {'Max': np.float64(0.0), 'Min': np.float64(0.0), 'Mean': np.float64(0.0), 'Std': np.float64(0.0)}
[I 2024-11-09 16:43:58,991] Trial 24 finished with value: 28.0 and parameters: {'x_0': -2, 'x_1': 4, 'x_2': 0, 'x_3': 2, 'x_4': -2}. Best is trial 19 with value: 6.0.
2024-11-09 16:44:06,602 - INFO - Candidate Mean Stats: {'Max': np.float64(101.0), 'Min': np.float64(-5.95745675013859e-14), 'Mean': np.float64(0.006892226685956635), 'Std': np.float64(0.6021898720587735)}
2024-11-09 16:44:06,603 - INFO - Candidate Std Stats: {'Max': np.float64(0.9999999963762536), 'Min': np.float64(0.0), 'Mean': np.float64(0.9998447558052465), 'Std': np.float64(0.012458179241165096)}
2024-11-09 16:44:06,661 - INFO - Top 10 Mean Stats: {'Max': np.float64(5.519196211167809e-15), 'Min': np.float64(-2.264854970235319e-15), 'Mean': np.float64(1.4591106101136122e-15), 'Std': np.float64(2.28069772230591e-15)}
2024-11-09 16:44:06,662 - INFO - Top 10 Std Stats: {'Max': np.float64(0.9999999963762536), 'Min': np.float64(0.9999999959972389), 'Mean': np.float64(0.9999999961240708), 'Std': np.float64(1.3067024147175556e-10)}
2024-11-09 16:44:06,662 - INFO - Bottom 10 Mean Stats: {'Max': np.float64(101.0), 'Min': np.float64(46.0), 'Mean': np.float64(62.1), 'Std': np.float64(14.85563866011825)}
2024-11-09 16:44:06,662 - INFO - Bottom 10 Std Stats: {'Max': np.float64(0.0), 'Min': np.float64(0.0), 'Mean': np.float64(0.0), 'Std': np.float64(0.0)}
[I 2024-11-09 16:44:06,704] Trial 25 finished with value: 23.0 and parameters: {'x_0': 0, 'x_1': 2, 'x_2': 3, 'x_3': -3, 'x_4': 1}. Best is trial 19 with value: 6.0.
2024-11-09 16:44:13,642 - INFO - Candidate Mean Stats: {'Max': np.float64(101.0), 'Min': np.float64(-7.351896869067787e-14), 'Mean': np.float64(0.007035038590260233), 'Std': np.float64(0.6049093542257956)}
2024-11-09 16:44:13,642 - INFO - Candidate Std Stats: {'Max': np.float64(0.9999999968229076), 'Min': np.float64(0.0), 'Mean': np.float64(0.9998385470957385), 'Std': np.float64(0.012704860367406014)}
2024-11-09 16:44:13,683 - INFO - Top 10 Mean Stats: {'Max': np.float64(3.1530333899354444e-15), 'Min': np.float64(-3.874678355941796e-15), 'Mean': np.float64(-2.8053948053496924e-16), 'Std': np.float64(1.9536998173441465e-15)}
2024-11-09 16:44:13,683 - INFO - Top 10 Std Stats: {'Max': np.float64(0.9999999968229076), 'Min': np.float64(0.9999999962152276), 'Mean': np.float64(0.9999999964257655), 'Std': np.float64(1.8232041943738577e-10)}
2024-11-09 16:44:13,683 - INFO - Bottom 10 Mean Stats: {'Max': np.float64(101.0), 'Min': np.float64(46.0), 'Mean': np.float64(62.1), 'Std': np.float64(14.85563866011825)}
2024-11-09 16:44:13,683 - INFO - Bottom 10 Std Stats: {'Max': np.float64(0.0), 'Min': np.float64(0.0), 'Mean': np.float64(0.0), 'Std': np.float64(0.0)}
[I 2024-11-09 16:44:13,718] Trial 26 finished with value: 88.0 and parameters: {'x_0': -5, 'x_1': -2, 'x_2': 5, 'x_3': -3, 'x_4': -5}. Best is trial 19 with value: 6.0.
2024-11-09 16:44:22,806 - INFO - Candidate Mean Stats: {'Max': np.float64(101.0), 'Min': np.float64(-6.596945212322681e-14), 'Mean': np.float64(0.00758144935455228), 'Std': np.float64(0.6434217026812359)}
2024-11-09 16:44:22,807 - INFO - Candidate Std Stats: {'Max': np.float64(0.9999999968338806), 'Min': np.float64(0.0), 'Mean': np.float64(0.999832337904654), 'Std': np.float64(0.012946839253190429)}
2024-11-09 16:44:22,845 - INFO - Top 10 Mean Stats: {'Max': np.float64(4.135580766728708e-15), 'Min': np.float64(-1.2434497875801752e-15), 'Mean': np.float64(9.84698433903475e-16), 'Std': np.float64(1.6266993421415372e-15)}
2024-11-09 16:44:22,845 - INFO - Top 10 Std Stats: {'Max': np.float64(0.9999999968338806), 'Min': np.float64(0.9999999962148177), 'Mean': np.float64(0.9999999964692894), 'Std': np.float64(2.1341170941566665e-10)}
2024-11-09 16:44:22,845 - INFO - Bottom 10 Mean Stats: {'Max': np.float64(101.0), 'Min': np.float64(47.0), 'Mean': np.float64(66.3), 'Std': np.float64(15.627219842313602)}
2024-11-09 16:44:22,845 - INFO - Bottom 10 Std Stats: {'Max': np.float64(0.0), 'Min': np.float64(0.0), 'Mean': np.float64(0.0), 'Std': np.float64(0.0)}
[I 2024-11-09 16:44:22,893] Trial 27 finished with value: 40.0 and parameters: {'x_0': 3, 'x_1': 1, 'x_2': 2, 'x_3': 1, 'x_4': -5}. Best is trial 19 with value: 6.0.
2024-11-09 16:44:29,633 - INFO - Candidate Mean Stats: {'Max': np.float64(101.0), 'Min': np.float64(-6.372680161348399e-14), 'Mean': np.float64(0.007829817883775948), 'Std': np.float64(0.6510932352408445)}
2024-11-09 16:44:29,634 - INFO - Candidate Std Stats: {'Max': np.float64(0.9999999959823062), 'Min': np.float64(0.0), 'Mean': np.float64(0.9998261286603478), 'Std': np.float64(0.0131843748131646)}
2024-11-09 16:44:29,671 - INFO - Top 10 Mean Stats: {'Max': np.float64(4.840572387365683e-15), 'Min': np.float64(-3.2862601528904635e-15), 'Mean': np.float64(-2.958744360626042e-16), 'Std': np.float64(2.609002907247564e-15)}
2024-11-09 16:44:29,671 - INFO - Top 10 Std Stats: {'Max': np.float64(0.9999999959823062), 'Min': np.float64(0.9999999956885449), 'Mean': np.float64(0.9999999958124881), 'Std': np.float64(9.792436056338261e-11)}
2024-11-09 16:44:29,672 - INFO - Bottom 10 Mean Stats: {'Max': np.float64(101.0), 'Min': np.float64(47.0), 'Mean': np.float64(66.3), 'Std': np.float64(15.627219842313602)}
2024-11-09 16:44:29,672 - INFO - Bottom 10 Std Stats: {'Max': np.float64(0.0), 'Min': np.float64(0.0), 'Mean': np.float64(0.0), 'Std': np.float64(0.0)}
[I 2024-11-09 16:44:29,708] Trial 28 finished with value: 77.0 and parameters: {'x_0': -4, 'x_1': 4, 'x_2': -2, 'x_3': 4, 'x_4': -5}. Best is trial 19 with value: 6.0.
2024-11-09 16:44:40,226 - INFO - Candidate Mean Stats: {'Max': np.float64(101.0), 'Min': np.float64(-6.735723090400825e-14), 'Mean': np.float64(0.008307927302531489), 'Std': np.float64(0.6787702929655924)}
2024-11-09 16:44:40,228 - INFO - Candidate Std Stats: {'Max': np.float64(0.9999999965129908), 'Min': np.float64(0.0), 'Mean': np.float64(0.999819919017965), 'Std': np.float64(0.013417703027242564)}
2024-11-09 16:44:40,267 - INFO - Top 10 Mean Stats: {'Max': np.float64(3.5138558729386203e-15), 'Min': np.float64(-1.9539925233402757e-15), 'Mean': np.float64(4.155009669659648e-16), 'Std': np.float64(1.6546048460896731e-15)}
2024-11-09 16:44:40,267 - INFO - Top 10 Std Stats: {'Max': np.float64(0.9999999965129908), 'Min': np.float64(0.9999999960358004), 'Mean': np.float64(0.9999999962236027), 'Std': np.float64(1.4436997153008647e-10)}
2024-11-09 16:44:40,267 - INFO - Bottom 10 Mean Stats: {'Max': np.float64(101.0), 'Min': np.float64(55.0), 'Mean': np.float64(69.3), 'Std': np.float64(14.47100549374507)}
2024-11-09 16:44:40,268 - INFO - Bottom 10 Std Stats: {'Max': np.float64(0.0), 'Min': np.float64(0.0), 'Mean': np.float64(0.0), 'Std': np.float64(0.0)}
[I 2024-11-09 16:44:40,308] Trial 29 finished with value: 25.0 and parameters: {'x_0': 2, 'x_1': -2, 'x_2': 0, 'x_3': -1, 'x_4': 4}. Best is trial 19 with value: 6.0.
2024-11-09 16:44:49,388 - INFO - Candidate Mean Stats: {'Max': np.float64(101.0), 'Min': np.float64(-6.225575610585565e-14), 'Mean': np.float64(0.008463157633296237), 'Std': np.float64(0.6816210571135944)}
2024-11-09 16:44:49,390 - INFO - Candidate Std Stats: {'Max': np.float64(0.9999999966944773), 'Min': np.float64(0.0), 'Mean': np.float64(0.9998137105796813), 'Std': np.float64(0.01364703972185217)}
2024-11-09 16:44:49,425 - INFO - Top 10 Mean Stats: {'Max': np.float64(3.930189507173054e-15), 'Min': np.float64(-3.186340080674199e-15), 'Mean': np.float64(4.628242233906121e-16), 'Std': np.float64(2.3788689422920836e-15)}
2024-11-09 16:44:49,425 - INFO - Top 10 Std Stats: {'Max': np.float64(0.9999999966944773), 'Min': np.float64(0.9999999963065658), 'Mean': np.float64(0.9999999964524934), 'Std': np.float64(1.2809570484206542e-10)}
2024-11-09 16:44:49,426 - INFO - Bottom 10 Mean Stats: {'Max': np.float64(101.0), 'Min': np.float64(55.0), 'Mean': np.float64(69.3), 'Std': np.float64(14.47100549374507)}
2024-11-09 16:44:49,426 - INFO - Bottom 10 Std Stats: {'Max': np.float64(0.0), 'Min': np.float64(0.0), 'Mean': np.float64(0.0), 'Std': np.float64(0.0)}
[I 2024-11-09 16:44:49,469] Trial 30 finished with value: 71.0 and parameters: {'x_0': 5, 'x_1': -1, 'x_2': -4, 'x_3': -2, 'x_4': -5}. Best is trial 19 with value: 6.0.
2024-11-09 16:44:57,644 - INFO - Candidate Mean Stats: {'Max': np.float64(101.0), 'Min': np.float64(-7.258638134999273e-14), 'Mean': np.float64(0.008904011772668297), 'Std': np.float64(0.7042018552997031)}
2024-11-09 16:44:57,646 - INFO - Candidate Std Stats: {'Max': np.float64(0.9999999959429052), 'Min': np.float64(0.0), 'Mean': np.float64(0.9998075007360859), 'Std': np.float64(0.013872582823033953)}
2024-11-09 16:44:57,675 - INFO - Top 10 Mean Stats: {'Max': np.float64(4.1494585545365226e-15), 'Min': np.float64(-4.907185768843192e-15), 'Mean': np.float64(-6.786411710368867e-16), 'Std': np.float64(2.696641554022209e-15)}
2024-11-09 16:44:57,676 - INFO - Top 10 Std Stats: {'Max': np.float64(0.9999999959429052), 'Min': np.float64(0.9999999956288438), 'Mean': np.float64(0.9999999957895046), 'Std': np.float64(1.0152953736507427e-10)}
2024-11-09 16:44:57,676 - INFO - Bottom 10 Mean Stats: {'Max': np.float64(101.0), 'Min': np.float64(56.0), 'Mean': np.float64(70.9), 'Std': np.float64(13.663454907160194)}
2024-11-09 16:44:57,676 - INFO - Bottom 10 Std Stats: {'Max': np.float64(0.0), 'Min': np.float64(0.0), 'Mean': np.float64(0.0), 'Std': np.float64(0.0)}
