[I 2024-11-09 17:22:38,058] Trial 234 finished with value: 84.0 and parameters: {'x_0': 5, 'x_1': 5, 'x_2': 5, 'x_3': 0, 'x_4': 3}. Best is trial 109 with value: 2.0.
2024-11-09 17:22:54,064 - INFO - Candidate Mean Stats: {'Max': np.float64(100.0), 'Min': np.float64(-5.5422333389287813e-14), 'Mean': np.float64(0.07202066426163141), 'Std': np.float64(2.0239600737197074)}
2024-11-09 17:22:54,066 - INFO - Candidate Std Stats: {'Max': np.float64(0.9999999970856334), 'Min': np.float64(0.0), 'Mean': np.float64(0.9985408237205776), 'Std': np.float64(0.03817113980188074)}
2024-11-09 17:22:54,101 - INFO - Top 10 Mean Stats: {'Max': np.float64(2.625677453238495e-15), 'Min': np.float64(-2.475797344914099e-15), 'Mean': np.float64(7.717784744620813e-17), 'Std': np.float64(1.5913757112400004e-15)}
2024-11-09 17:22:54,101 - INFO - Top 10 Std Stats: {'Max': np.float64(0.9999999970856334), 'Min': np.float64(0.9999999968299779), 'Mean': np.float64(0.9999999969257146), 'Std': np.float64(8.161034720433387e-11)}
2024-11-09 17:22:54,102 - INFO - Bottom 10 Mean Stats: {'Max': np.float64(100.0), 'Min': np.float64(83.0), 'Mean': np.float64(87.8), 'Std': np.float64(5.173006862551025)}
2024-11-09 17:22:54,102 - INFO - Bottom 10 Std Stats: {'Max': np.float64(0.0), 'Min': np.float64(0.0), 'Mean': np.float64(0.0), 'Std': np.float64(0.0)}
[I 2024-11-09 17:22:54,135] Trial 235 finished with value: 79.0 and parameters: {'x_0': 5, 'x_1': -2, 'x_2': -3, 'x_3': 5, 'x_4': 4}. Best is trial 109 with value: 2.0.
2024-11-09 17:23:09,319 - INFO - Candidate Mean Stats: {'Max': np.float64(100.0), 'Min': np.float64(-3.6759484345338936e-14), 'Mean': np.float64(0.07251119210684816), 'Std': np.float64(2.033493344686315)}
2024-11-09 17:23:09,320 - INFO - Candidate Std Stats: {'Max': np.float64(0.9999999970912429), 'Min': np.float64(0.0), 'Mean': np.float64(0.9985346142782933), 'Std': np.float64(0.038252149836399615)}
2024-11-09 17:23:09,354 - INFO - Top 10 Mean Stats: {'Max': np.float64(3.241851231905457e-15), 'Min': np.float64(-2.930988785010413e-15), 'Mean': np.float64(-6.405986852087154e-16), 'Std': np.float64(1.7746493978446347e-15)}
2024-11-09 17:23:09,354 - INFO - Top 10 Std Stats: {'Max': np.float64(0.9999999970912429), 'Min': np.float64(0.9999999968720972), 'Mean': np.float64(0.9999999969712695), 'Std': np.float64(7.334004327017488e-11)}
2024-11-09 17:23:09,354 - INFO - Bottom 10 Mean Stats: {'Max': np.float64(100.0), 'Min': np.float64(83.0), 'Mean': np.float64(87.8), 'Std': np.float64(5.173006862551025)}
2024-11-09 17:23:09,354 - INFO - Bottom 10 Std Stats: {'Max': np.float64(0.0), 'Min': np.float64(0.0), 'Mean': np.float64(0.0), 'Std': np.float64(0.0)}
[I 2024-11-09 17:23:09,405] Trial 236 finished with value: 37.0 and parameters: {'x_0': 2, 'x_1': 3, 'x_2': 4, 'x_3': -2, 'x_4': 2}. Best is trial 109 with value: 2.0.
2024-11-09 17:23:24,112 - INFO - Candidate Mean Stats: {'Max': np.float64(100.0), 'Min': np.float64(-4.1144865292608304e-14), 'Mean': np.float64(0.07274093299638003), 'Std': np.float64(2.0355741758638484)}
2024-11-09 17:23:24,113 - INFO - Candidate Std Stats: {'Max': np.float64(0.9999999989926704), 'Min': np.float64(0.0), 'Mean': np.float64(0.9985284049232781), 'Std': np.float64(0.03833298766833226)}
2024-11-09 17:23:24,143 - INFO - Top 10 Mean Stats: {'Max': np.float64(6.689093723366569e-16), 'Min': np.float64(-1.124100812432971e-15), 'Mean': np.float64(-1.0672018824209317e-16), 'Std': np.float64(5.967927844547459e-16)}
2024-11-09 17:23:24,143 - INFO - Top 10 Std Stats: {'Max': np.float64(0.9999999989926704), 'Min': np.float64(0.9999999986158584), 'Mean': np.float64(0.9999999987757239), 'Std': np.float64(1.1007313364939505e-10)}
2024-11-09 17:23:24,144 - INFO - Bottom 10 Mean Stats: {'Max': np.float64(100.0), 'Min': np.float64(83.0), 'Mean': np.float64(87.8), 'Std': np.float64(5.173006862551025)}
2024-11-09 17:23:24,145 - INFO - Bottom 10 Std Stats: {'Max': np.float64(0.0), 'Min': np.float64(0.0), 'Mean': np.float64(0.0), 'Std': np.float64(0.0)}
[I 2024-11-09 17:23:24,208] Trial 237 finished with value: 68.0 and parameters: {'x_0': -1, 'x_1': 5, 'x_2': 5, 'x_3': 4, 'x_4': -1}. Best is trial 109 with value: 2.0.
2024-11-09 17:23:36,384 - INFO - Candidate Mean Stats: {'Max': np.float64(100.0), 'Min': np.float64(-4.010125564946065e-14), 'Mean': np.float64(0.07316315949606023), 'Std': np.float64(2.042599329983191)}
2024-11-09 17:23:36,385 - INFO - Candidate Std Stats: {'Max': np.float64(0.9999999969675216), 'Min': np.float64(0.0), 'Mean': np.float64(0.9985221957781084), 'Std': np.float64(0.03841365438958776)}
2024-11-09 17:23:36,422 - INFO - Top 10 Mean Stats: {'Max': np.float64(1.887379141862766e-15), 'Min': np.float64(-3.3806291099836016e-15), 'Mean': np.float64(-1.7513768213461846e-16), 'Std': np.float64(1.5038607368600918e-15)}
2024-11-09 17:23:36,423 - INFO - Top 10 Std Stats: {'Max': np.float64(0.9999999969675216), 'Min': np.float64(0.9999999965400144), 'Mean': np.float64(0.9999999966719898), 'Std': np.float64(1.3894992855233686e-10)}
2024-11-09 17:23:36,423 - INFO - Bottom 10 Mean Stats: {'Max': np.float64(100.0), 'Min': np.float64(83.0), 'Mean': np.float64(87.8), 'Std': np.float64(5.173006862551025)}
2024-11-09 17:23:36,423 - INFO - Bottom 10 Std Stats: {'Max': np.float64(0.0), 'Min': np.float64(0.0), 'Mean': np.float64(0.0), 'Std': np.float64(0.0)}
[I 2024-11-09 17:23:36,472] Trial 238 finished with value: 43.0 and parameters: {'x_0': 5, 'x_1': 1, 'x_2': 4, 'x_3': -1, 'x_4': 0}. Best is trial 109 with value: 2.0.
2024-11-09 17:23:50,140 - INFO - Candidate Mean Stats: {'Max': np.float64(100.0), 'Min': np.float64(-5.589972928987663e-14), 'Mean': np.float64(0.0734301556649757), 'Std': np.float64(2.0453981808580957)}
2024-11-09 17:23:50,140 - INFO - Candidate Std Stats: {'Max': np.float64(0.9999999987192281), 'Min': np.float64(0.0), 'Mean': np.float64(0.9985159866968913), 'Std': np.float64(0.03849415107036027)}
2024-11-09 17:23:50,167 - INFO - Top 10 Mean Stats: {'Max': np.float64(1.021405182655144e-15), 'Min': np.float64(-1.2878587085651815e-15), 'Mean': np.float64(4.4408920985006264e-17), 'Std': np.float64(6.358389842764979e-16)}
2024-11-09 17:23:50,167 - INFO - Top 10 Std Stats: {'Max': np.float64(0.9999999987192281), 'Min': np.float64(0.9999999983080131), 'Mean': np.float64(0.9999999984763337), 'Std': np.float64(1.2346382529518518e-10)}
2024-11-09 17:23:50,167 - INFO - Bottom 10 Mean Stats: {'Max': np.float64(100.0), 'Min': np.float64(83.0), 'Mean': np.float64(87.8), 'Std': np.float64(5.173006862551025)}
2024-11-09 17:23:50,167 - INFO - Bottom 10 Std Stats: {'Max': np.float64(0.0), 'Min': np.float64(0.0), 'Mean': np.float64(0.0), 'Std': np.float64(0.0)}
[I 2024-11-09 17:23:50,204] Trial 239 finished with value: 32.0 and parameters: {'x_0': -4, 'x_1': 2, 'x_2': 2, 'x_3': -2, 'x_4': 2}. Best is trial 109 with value: 2.0.
2024-11-09 17:23:58,861 - INFO - Candidate Mean Stats: {'Max': np.float64(100.0), 'Min': np.float64(-4.5774495305295205e-14), 'Mean': np.float64(0.07362885048835464), 'Std': np.float64(2.046944731237871)}
2024-11-09 17:23:58,863 - INFO - Candidate Std Stats: {'Max': np.float64(0.9999999968594746), 'Min': np.float64(0.0), 'Mean': np.float64(0.9985097776726608), 'Std': np.float64(0.03857447877492592)}
2024-11-09 17:23:58,893 - INFO - Top 10 Mean Stats: {'Max': np.float64(4.218847493575595e-15), 'Min': np.float64(-1.1546319456101628e-15), 'Mean': np.float64(1.5246831575055354e-15), 'Std': np.float64(1.7081490231691727e-15)}
2024-11-09 17:23:58,893 - INFO - Top 10 Std Stats: {'Max': np.float64(0.9999999968594746), 'Min': np.float64(0.9999999966279678), 'Mean': np.float64(0.9999999967338548), 'Std': np.float64(7.977147263061551e-11)}
2024-11-09 17:23:58,893 - INFO - Bottom 10 Mean Stats: {'Max': np.float64(100.0), 'Min': np.float64(83.0), 'Mean': np.float64(87.8), 'Std': np.float64(5.173006862551025)}
2024-11-09 17:23:58,893 - INFO - Bottom 10 Std Stats: {'Max': np.float64(0.0), 'Min': np.float64(0.0), 'Mean': np.float64(0.0), 'Std': np.float64(0.0)}
[I 2024-11-09 17:23:58,931] Trial 240 finished with value: 39.0 and parameters: {'x_0': -5, 'x_1': -3, 'x_2': 0, 'x_3': -2, 'x_4': -1}. Best is trial 109 with value: 2.0.
2024-11-09 17:24:10,110 - INFO - Candidate Mean Stats: {'Max': np.float64(100.0), 'Min': np.float64(-4.328482017257329e-14), 'Mean': np.float64(0.07387100980434769), 'Std': np.float64(2.0492416225523358)}
2024-11-09 17:24:10,111 - INFO - Candidate Std Stats: {'Max': np.float64(0.9999999970534466), 'Min': np.float64(0.0), 'Mean': np.float64(0.9985035684313707), 'Std': np.float64(0.03865463854614488)}
2024-11-09 17:24:10,140 - INFO - Top 10 Mean Stats: {'Max': np.float64(3.4139358007223564e-15), 'Min': np.float64(-4.274358644806853e-16), 'Mean': np.float64(1.1582401704401945e-15), 'Std': np.float64(1.200921919440284e-15)}
2024-11-09 17:24:10,141 - INFO - Top 10 Std Stats: {'Max': np.float64(0.9999999970534466), 'Min': np.float64(0.9999999966541259), 'Mean': np.float64(0.9999999968237695), 'Std': np.float64(1.1438103824751011e-10)}
2024-11-09 17:24:10,141 - INFO - Bottom 10 Mean Stats: {'Max': np.float64(100.0), 'Min': np.float64(83.0), 'Mean': np.float64(87.8), 'Std': np.float64(5.173006862551025)}
2024-11-09 17:24:10,141 - INFO - Bottom 10 Std Stats: {'Max': np.float64(0.0), 'Min': np.float64(0.0), 'Mean': np.float64(0.0), 'Std': np.float64(0.0)}
[I 2024-11-09 17:24:10,181] Trial 241 finished with value: 53.0 and parameters: {'x_0': 5, 'x_1': -3, 'x_2': 3, 'x_3': -1, 'x_4': -3}. Best is trial 109 with value: 2.0.
2024-11-09 17:24:19,880 - INFO - Candidate Mean Stats: {'Max': np.float64(100.0), 'Min': np.float64(-4.6929127250905366e-14), 'Mean': np.float64(0.07420009810556905), 'Std': np.float64(2.0534809906829676)}
2024-11-09 17:24:19,881 - INFO - Candidate Std Stats: {'Max': np.float64(0.9999999984849504), 'Min': np.float64(0.0), 'Mean': np.float64(0.9984973590231111), 'Std': np.float64(0.03873463142845008)}
2024-11-09 17:24:19,912 - INFO - Top 10 Mean Stats: {'Max': np.float64(8.56259507742152e-16), 'Min': np.float64(-1.6431300764452318e-15), 'Mean': np.float64(4.572731082674864e-17), 'Std': np.float64(7.398451891738253e-16)}
2024-11-09 17:24:19,912 - INFO - Top 10 Std Stats: {'Max': np.float64(0.9999999984849504), 'Min': np.float64(0.9999999982373167), 'Mean': np.float64(0.9999999983374469), 'Std': np.float64(7.17958005602264e-11)}
2024-11-09 17:24:19,912 - INFO - Bottom 10 Mean Stats: {'Max': np.float64(100.0), 'Min': np.float64(83.0), 'Mean': np.float64(87.8), 'Std': np.float64(5.173006862551025)}
2024-11-09 17:24:19,912 - INFO - Bottom 10 Std Stats: {'Max': np.float64(0.0), 'Min': np.float64(0.0), 'Mean': np.float64(0.0), 'Std': np.float64(0.0)}
[I 2024-11-09 17:24:19,945] Trial 242 finished with value: 35.0 and parameters: {'x_0': 0, 'x_1': -1, 'x_2': 4, 'x_3': 3, 'x_4': -3}. Best is trial 109 with value: 2.0.
2024-11-09 17:24:29,623 - INFO - Candidate Mean Stats: {'Max': np.float64(100.0), 'Min': np.float64(-6.112887973586112e-14), 'Mean': np.float64(0.07441742056863974), 'Std': np.float64(2.055324346028763)}
2024-11-09 17:24:29,623 - INFO - Candidate Std Stats: {'Max': np.float64(0.999999996840738), 'Min': np.float64(0.0), 'Mean': np.float64(0.9984911501822755), 'Std': np.float64(0.038814458482135675)}
2024-11-09 17:24:29,654 - INFO - Top 10 Mean Stats: {'Max': np.float64(4.2937875477377926e-15), 'Min': np.float64(-1.9179102750399578e-15), 'Mean': np.float64(4.2789556620181916e-16), 'Std': np.float64(1.8401796872221603e-15)}
2024-11-09 17:24:29,654 - INFO - Top 10 Std Stats: {'Max': np.float64(0.999999996840738), 'Min': np.float64(0.9999999965440279), 'Mean': np.float64(0.9999999966466049), 'Std': np.float64(7.801392720408015e-11)}
2024-11-09 17:24:29,655 - INFO - Bottom 10 Mean Stats: {'Max': np.float64(100.0), 'Min': np.float64(83.0), 'Mean': np.float64(87.8), 'Std': np.float64(5.173006862551025)}
2024-11-09 17:24:29,655 - INFO - Bottom 10 Std Stats: {'Max': np.float64(0.0), 'Min': np.float64(0.0), 'Mean': np.float64(0.0), 'Std': np.float64(0.0)}
[I 2024-11-09 17:24:29,701] Trial 243 finished with value: 62.0 and parameters: {'x_0': -4, 'x_1': -1, 'x_2': -4, 'x_3': 5, 'x_4': 2}. Best is trial 109 with value: 2.0.
2024-11-09 17:24:44,913 - INFO - Candidate Mean Stats: {'Max': np.float64(100.0), 'Min': np.float64(-4.107825191113079e-14), 'Mean': np.float64(0.07480239178893645), 'Std': np.float64(2.0611086671264327)}
2024-11-09 17:24:44,914 - INFO - Candidate Std Stats: {'Max': np.float64(0.9999999972772801), 'Min': np.float64(0.0), 'Mean': np.float64(0.9984849406035985), 'Std': np.float64(0.03889412067767903)}
2024-11-09 17:24:44,941 - INFO - Top 10 Mean Stats: {'Max': np.float64(1.6264767310758544e-15), 'Min': np.float64(-1.3489209749195652e-15), 'Mean': np.float64(8.253814298697649e-17), 'Std': np.float64(1.1415705621859941e-15)}
2024-11-09 17:24:44,941 - INFO - Top 10 Std Stats: {'Max': np.float64(0.9999999972772801), 'Min': np.float64(0.9999999968212683), 'Mean': np.float64(0.9999999970166276), 'Std': np.float64(1.7429699065619524e-10)}
2024-11-09 17:24:44,941 - INFO - Bottom 10 Mean Stats: {'Max': np.float64(100.0), 'Min': np.float64(83.0), 'Mean': np.float64(87.8), 'Std': np.float64(5.173006862551025)}
2024-11-09 17:24:44,941 - INFO - Bottom 10 Std Stats: {'Max': np.float64(0.0), 'Min': np.float64(0.0), 'Mean': np.float64(0.0), 'Std': np.float64(0.0)}
[I 2024-11-09 17:24:45,064] Trial 244 finished with value: 51.0 and parameters: {'x_0': -3, 'x_1': 0, 'x_2': 5, 'x_3': -1, 'x_4': -4}. Best is trial 109 with value: 2.0.
2024-11-09 17:24:59,905 - INFO - Candidate Mean Stats: {'Max': np.float64(100.0), 'Min': np.float64(-4.358180483166052e-14), 'Mean': np.float64(0.0751190616636966), 'Std': np.float64(2.065011289486956)}
2024-11-09 17:24:59,906 - INFO - Candidate Std Stats: {'Max': np.float64(0.9999999969264574), 'Min': np.float64(0.0), 'Mean': np.float64(0.9984787314327144), 'Std': np.float64(0.03897361907035658)}
2024-11-09 17:24:59,946 - INFO - Top 10 Mean Stats: {'Max': np.float64(1.4432899320127035e-15), 'Min': np.float64(-1.7208456881689926e-15), 'Mean': np.float64(-2.2259971643734387e-16), 'Std': np.float64(9.782876195228648e-16)}
2024-11-09 17:24:59,946 - INFO - Top 10 Std Stats: {'Max': np.float64(0.9999999969264574), 'Min': np.float64(0.9999999964480957), 'Mean': np.float64(0.999999996572663), 'Std': np.float64(1.4703636309975715e-10)}
2024-11-09 17:24:59,947 - INFO - Bottom 10 Mean Stats: {'Max': np.float64(100.0), 'Min': np.float64(83.0), 'Mean': np.float64(87.8), 'Std': np.float64(5.173006862551025)}
2024-11-09 17:24:59,947 - INFO - Bottom 10 Std Stats: {'Max': np.float64(0.0), 'Min': np.float64(0.0), 'Mean': np.float64(0.0), 'Std': np.float64(0.0)}
[I 2024-11-09 17:25:00,072] Trial 245 finished with value: 36.0 and parameters: {'x_0': -1, 'x_1': -3, 'x_2': 1, 'x_3': 3, 'x_4': 4}. Best is trial 109 with value: 2.0.
2024-11-09 17:25:12,175 - INFO - Candidate Mean Stats: {'Max': np.float64(100.0), 'Min': np.float64(-4.39426273146637e-14), 'Mean': np.float64(0.07534259333999789), 'Std': np.float64(2.0669506847308825)}
2024-11-09 17:25:12,176 - INFO - Candidate Std Stats: {'Max': np.float64(0.99999999712639), 'Min': np.float64(0.0), 'Mean': np.float64(0.99847252248537), 'Std': np.float64(0.039052954653495245)}
2024-11-09 17:25:12,205 - INFO - Top 10 Mean Stats: {'Max': np.float64(1.5099033134902129e-15), 'Min': np.float64(-3.1530333899354444e-15), 'Mean': np.float64(-9.270362255620054e-17), 'Std': np.float64(1.3400811568636938e-15)}
2024-11-09 17:25:12,206 - INFO - Top 10 Std Stats: {'Max': np.float64(0.99999999712639), 'Min': np.float64(0.9999999966416725), 'Mean': np.float64(0.9999999968335878), 'Std': np.float64(1.5997354152225753e-10)}
2024-11-09 17:25:12,207 - INFO - Bottom 10 Mean Stats: {'Max': np.float64(100.0), 'Min': np.float64(83.0), 'Mean': np.float64(87.8), 'Std': np.float64(5.173006862551025)}
2024-11-09 17:25:12,207 - INFO - Bottom 10 Std Stats: {'Max': np.float64(0.0), 'Min': np.float64(0.0), 'Mean': np.float64(0.0), 'Std': np.float64(0.0)}
[I 2024-11-09 17:25:12,244] Trial 246 finished with value: 47.0 and parameters: {'x_0': 5, 'x_1': 2, 'x_2': 1, 'x_3': -4, 'x_4': 1}. Best is trial 109 with value: 2.0.
2024-11-09 17:25:21,965 - INFO - Candidate Mean Stats: {'Max': np.float64(100.0), 'Min': np.float64(-5.440092820663267e-14), 'Mean': np.float64(0.0756344263618357), 'Std': np.float64(2.070255352621013)}
2024-11-09 17:25:21,967 - INFO - Candidate Std Stats: {'Max': np.float64(0.9999999975130637), 'Min': np.float64(0.0), 'Mean': np.float64(0.9984663128309857), 'Std': np.float64(0.03913212838095906)}
2024-11-09 17:25:21,993 - INFO - Top 10 Mean Stats: {'Max': np.float64(2.1316282072803005e-15), 'Min': np.float64(-2.4424906541753444e-15), 'Mean': np.float64(2.220446049250315e-17), 'Std': np.float64(1.282372474964412e-15)}
2024-11-09 17:25:21,993 - INFO - Top 10 Std Stats: {'Max': np.float64(0.9999999975130637), 'Min': np.float64(0.9999999971738756), 'Mean': np.float64(0.9999999973755729), 'Std': np.float64(1.0616139074103651e-10)}
2024-11-09 17:25:21,994 - INFO - Bottom 10 Mean Stats: {'Max': np.float64(100.0), 'Min': np.float64(83.0), 'Mean': np.float64(87.8), 'Std': np.float64(5.173006862551025)}
2024-11-09 17:25:21,994 - INFO - Bottom 10 Std Stats: {'Max': np.float64(0.0), 'Min': np.float64(0.0), 'Mean': np.float64(0.0), 'Std': np.float64(0.0)}
[I 2024-11-09 17:25:22,038] Trial 247 finished with value: 43.0 and parameters: {'x_0': -1, 'x_1': -4, 'x_2': -3, 'x_3': -1, 'x_4': -4}. Best is trial 109 with value: 2.0.
2024-11-09 17:25:30,229 - INFO - Candidate Mean Stats: {'Max': np.float64(100.0), 'Min': np.float64(-3.786970736996409e-14), 'Mean': np.float64(0.07590142253075113), 'Std': np.float64(2.073016546202227)}
2024-11-09 17:25:30,230 - INFO - Candidate Std Stats: {'Max': np.float64(0.9999999965845296), 'Min': np.float64(0.0), 'Mean': np.float64(0.9984601035359129), 'Std': np.float64(0.039211141274728856)}
2024-11-09 17:25:30,257 - INFO - Top 10 Mean Stats: {'Max': np.float64(3.186340080674199e-15), 'Min': np.float64(-3.0531133177191805e-15), 'Mean': np.float64(3.4333647036532964e-16), 'Std': np.float64(2.0138295208073426e-15)}
2024-11-09 17:25:30,257 - INFO - Top 10 Std Stats: {'Max': np.float64(0.9999999965845296), 'Min': np.float64(0.999999996262103), 'Mean': np.float64(0.9999999963815756), 'Std': np.float64(1.0580071620117988e-10)}
2024-11-09 17:25:30,258 - INFO - Bottom 10 Mean Stats: {'Max': np.float64(100.0), 'Min': np.float64(83.0), 'Mean': np.float64(87.8), 'Std': np.float64(5.173006862551025)}
2024-11-09 17:25:30,258 - INFO - Bottom 10 Std Stats: {'Max': np.float64(0.0), 'Min': np.float64(0.0), 'Mean': np.float64(0.0), 'Std': np.float64(0.0)}
[I 2024-11-09 17:25:30,357] Trial 248 finished with value: 30.0 and parameters: {'x_0': 3, 'x_1': -1, 'x_2': -2, 'x_3': 0, 'x_4': -4}. Best is trial 109 with value: 2.0.
2024-11-09 17:25:38,394 - INFO - Candidate Mean Stats: {'Max': np.float64(100.0), 'Min': np.float64(-5.728750807065808e-14), 'Mean': np.float64(0.07608769892766888), 'Std': np.float64(2.0743571487932893)}
2024-11-09 17:25:38,395 - INFO - Candidate Std Stats: {'Max': np.float64(0.9999999967077582), 'Min': np.float64(0.0), 'Mean': np.float64(0.9984538942434467), 'Std': np.float64(0.03928999429125692)}
2024-11-09 17:25:38,419 - INFO - Top 10 Mean Stats: {'Max': np.float64(2.1538326677728035e-15), 'Min': np.float64(-1.6653345369377347e-17), 'Mean': np.float64(9.759554275845515e-16), 'Std': np.float64(6.731490500662872e-16)}
2024-11-09 17:25:38,419 - INFO - Top 10 Std Stats: {'Max': np.float64(0.9999999967077582), 'Min': np.float64(0.9999999962679074), 'Mean': np.float64(0.9999999964546256), 'Std': np.float64(1.5375289436777377e-10)}
2024-11-09 17:25:38,419 - INFO - Bottom 10 Mean Stats: {'Max': np.float64(100.0), 'Min': np.float64(83.0), 'Mean': np.float64(87.8), 'Std': np.float64(5.173006862551025)}
2024-11-09 17:25:38,419 - INFO - Bottom 10 Std Stats: {'Max': np.float64(0.0), 'Min': np.float64(0.0), 'Mean': np.float64(0.0), 'Std': np.float64(0.0)}
[I 2024-11-09 17:25:38,450] Trial 249 finished with value: 47.0 and parameters: {'x_0': 2, 'x_1': 0, 'x_2': 3, 'x_3': 5, 'x_4': -3}. Best is trial 109 with value: 2.0.
2024-11-09 17:25:45,824 - INFO - Candidate Mean Stats: {'Max': np.float64(100.0), 'Min': np.float64(-4.2166270475263447e-14), 'Mean': np.float64(0.07637953194950668), 'Std': np.float64(2.077649931485929)}
2024-11-09 17:25:45,825 - INFO - Candidate Std Stats: {'Max': np.float64(0.9999999975204449), 'Min': np.float64(0.0), 'Mean': np.float64(0.9984476854520001), 'Std': np.float64(0.03936868841086907)}
2024-11-09 17:25:45,854 - INFO - Top 10 Mean Stats: {'Max': np.float64(3.4083846855992305e-15), 'Min': np.float64(-2.4424906541753444e-15), 'Mean': np.float64(-4.9960036108132015e-17), 'Std': np.float64(1.858105089140206e-15)}
2024-11-09 17:25:45,855 - INFO - Top 10 Std Stats: {'Max': np.float64(0.9999999975204449), 'Min': np.float64(0.9999999967818646), 'Mean': np.float64(0.9999999970849321), 'Std': np.float64(2.084618249850196e-10)}
2024-11-09 17:25:45,855 - INFO - Bottom 10 Mean Stats: {'Max': np.float64(100.0), 'Min': np.float64(83.0), 'Mean': np.float64(87.8), 'Std': np.float64(5.173006862551025)}
2024-11-09 17:25:45,855 - INFO - Bottom 10 Std Stats: {'Max': np.float64(0.0), 'Min': np.float64(0.0), 'Mean': np.float64(0.0), 'Std': np.float64(0.0)}
