[I 2024-11-09 17:16:50,611] Trial 202 finished with value: 31.0 and parameters: {'x_0': 4, 'x_1': -1, 'x_2': 2, 'x_3': -3, 'x_4': -1}. Best is trial 109 with value: 2.0.
2024-11-09 17:17:00,235 - INFO - Candidate Mean Stats: {'Max': np.float64(100.0), 'Min': np.float64(-5.643263634169671e-14), 'Mean': np.float64(0.06067643168934062), 'Std': np.float64(1.8392689296531133)}
2024-11-09 17:17:00,238 - INFO - Candidate Std Stats: {'Max': np.float64(0.9999999982449885), 'Min': np.float64(0.0), 'Mean': np.float64(0.9987395179514682), 'Std': np.float64(0.03548071970543394)}
2024-11-09 17:17:00,262 - INFO - Top 10 Mean Stats: {'Max': np.float64(1.6042722705833511e-15), 'Min': np.float64(-2.095545958979983e-15), 'Mean': np.float64(-3.254341240932492e-17), 'Std': np.float64(1.1245471452722245e-15)}
2024-11-09 17:17:00,262 - INFO - Top 10 Std Stats: {'Max': np.float64(0.9999999982449885), 'Min': np.float64(0.9999999978951676), 'Mean': np.float64(0.9999999980247919), 'Std': np.float64(1.1801809624849217e-10)}
2024-11-09 17:17:00,262 - INFO - Bottom 10 Mean Stats: {'Max': np.float64(100.0), 'Min': np.float64(80.0), 'Mean': np.float64(86.7), 'Std': np.float64(6.017474553332153)}
2024-11-09 17:17:00,262 - INFO - Bottom 10 Std Stats: {'Max': np.float64(0.0), 'Min': np.float64(0.0), 'Mean': np.float64(0.0), 'Std': np.float64(0.0)}
[I 2024-11-09 17:17:00,294] Trial 203 finished with value: 35.0 and parameters: {'x_0': 1, 'x_1': 4, 'x_2': 3, 'x_3': -3, 'x_4': 0}. Best is trial 109 with value: 2.0.
2024-11-09 17:17:10,728 - INFO - Candidate Mean Stats: {'Max': np.float64(100.0), 'Min': np.float64(-4.648226248349374e-14), 'Mean': np.float64(0.06089375415241135), 'Std': np.float64(1.8413283416768886)}
2024-11-09 17:17:10,729 - INFO - Candidate Std Stats: {'Max': np.float64(0.9999999970713357), 'Min': np.float64(0.0), 'Mean': np.float64(0.9987333087428474), 'Std': np.float64(0.03556789271660445)}
2024-11-09 17:17:10,753 - INFO - Top 10 Mean Stats: {'Max': np.float64(2.6478819137309985e-15), 'Min': np.float64(-1.8859913630819848e-15), 'Mean': np.float64(7.369105325949472e-17), 'Std': np.float64(1.3762977201424465e-15)}
2024-11-09 17:17:10,753 - INFO - Top 10 Std Stats: {'Max': np.float64(0.9999999970713357), 'Min': np.float64(0.9999999966432664), 'Mean': np.float64(0.9999999968828268), 'Std': np.float64(1.3748378115755343e-10)}
2024-11-09 17:17:10,753 - INFO - Bottom 10 Mean Stats: {'Max': np.float64(100.0), 'Min': np.float64(80.0), 'Mean': np.float64(86.7), 'Std': np.float64(6.017474553332153)}
2024-11-09 17:17:10,753 - INFO - Bottom 10 Std Stats: {'Max': np.float64(0.0), 'Min': np.float64(0.0), 'Mean': np.float64(0.0), 'Std': np.float64(0.0)}
[I 2024-11-09 17:17:10,781] Trial 204 finished with value: 45.0 and parameters: {'x_0': -3, 'x_1': 3, 'x_2': -3, 'x_3': 3, 'x_4': 3}. Best is trial 109 with value: 2.0.
2024-11-09 17:17:19,840 - INFO - Candidate Mean Stats: {'Max': np.float64(100.0), 'Min': np.float64(-4.716227408607665e-14), 'Mean': np.float64(0.06117316874778798), 'Std': np.float64(1.8447302272621433)}
2024-11-09 17:17:19,841 - INFO - Candidate Std Stats: {'Max': np.float64(0.9999999974660082), 'Min': np.float64(0.0), 'Mean': np.float64(0.9987270992411054), 'Std': np.float64(0.03565485150620369)}
2024-11-09 17:17:19,867 - INFO - Top 10 Mean Stats: {'Max': np.float64(2.0650148258027913e-15), 'Min': np.float64(-4.718447854656915e-15), 'Mean': np.float64(-1.8485213360008854e-16), 'Std': np.float64(1.851606132259695e-15)}
2024-11-09 17:17:19,868 - INFO - Top 10 Std Stats: {'Max': np.float64(0.9999999974660082), 'Min': np.float64(0.9999999969730033), 'Mean': np.float64(0.9999999971113596), 'Std': np.float64(1.42624655906654e-10)}
2024-11-09 17:17:19,868 - INFO - Bottom 10 Mean Stats: {'Max': np.float64(100.0), 'Min': np.float64(80.0), 'Mean': np.float64(86.7), 'Std': np.float64(6.017474553332153)}
2024-11-09 17:17:19,868 - INFO - Bottom 10 Std Stats: {'Max': np.float64(0.0), 'Min': np.float64(0.0), 'Mean': np.float64(0.0), 'Std': np.float64(0.0)}
[I 2024-11-09 17:17:19,903] Trial 205 finished with value: 42.0 and parameters: {'x_0': 0, 'x_1': 5, 'x_2': 0, 'x_3': 1, 'x_4': 4}. Best is trial 109 with value: 2.0.
2024-11-09 17:17:30,161 - INFO - Candidate Mean Stats: {'Max': np.float64(100.0), 'Min': np.float64(-5.2458037913538647e-14), 'Mean': np.float64(0.06143395570347281), 'Std': np.float64(1.8476879306784113)}
2024-11-09 17:17:30,162 - INFO - Candidate Std Stats: {'Max': np.float64(0.9999999967192849), 'Min': np.float64(0.0), 'Mean': np.float64(0.9987208906315536), 'Std': np.float64(0.035741597680092)}
2024-11-09 17:17:30,191 - INFO - Top 10 Mean Stats: {'Max': np.float64(3.9523939676655574e-15), 'Min': np.float64(-1.6431300764452318e-15), 'Mean': np.float64(1.3944401189291965e-15), 'Std': np.float64(1.8225196096403445e-15)}
2024-11-09 17:17:30,191 - INFO - Top 10 Std Stats: {'Max': np.float64(0.9999999967192849), 'Min': np.float64(0.9999999961058783), 'Mean': np.float64(0.9999999963388488), 'Std': np.float64(2.0575987182000457e-10)}
2024-11-09 17:17:30,191 - INFO - Bottom 10 Mean Stats: {'Max': np.float64(100.0), 'Min': np.float64(80.0), 'Mean': np.float64(86.7), 'Std': np.float64(6.017474553332153)}
2024-11-09 17:17:30,191 - INFO - Bottom 10 Std Stats: {'Max': np.float64(0.0), 'Min': np.float64(0.0), 'Mean': np.float64(0.0), 'Std': np.float64(0.0)}
[I 2024-11-09 17:17:30,223] Trial 206 finished with value: 65.0 and parameters: {'x_0': 4, 'x_1': -5, 'x_2': -2, 'x_3': 2, 'x_4': 4}. Best is trial 109 with value: 2.0.
2024-11-09 17:17:41,027 - INFO - Candidate Mean Stats: {'Max': np.float64(100.0), 'Min': np.float64(-4.747868764809482e-14), 'Mean': np.float64(0.06183755456346129), 'Std': np.float64(1.854760055326)}
2024-11-09 17:17:41,027 - INFO - Candidate Std Stats: {'Max': np.float64(0.9999999972192192), 'Min': np.float64(0.0), 'Mean': np.float64(0.9987146813640222), 'Std': np.float64(0.03582813272746159)}
2024-11-09 17:17:41,049 - INFO - Top 10 Mean Stats: {'Max': np.float64(2.253752739989068e-15), 'Min': np.float64(-1.1379786002407855e-15), 'Mean': np.float64(2.675637489346627e-16), 'Std': np.float64(1.1034209450066755e-15)}
2024-11-09 17:17:41,049 - INFO - Top 10 Std Stats: {'Max': np.float64(0.9999999972192192), 'Min': np.float64(0.9999999967139797), 'Mean': np.float64(0.9999999969387006), 'Std': np.float64(1.7852810130535242e-10)}
2024-11-09 17:17:41,050 - INFO - Bottom 10 Mean Stats: {'Max': np.float64(100.0), 'Min': np.float64(80.0), 'Mean': np.float64(86.7), 'Std': np.float64(6.017474553332153)}
2024-11-09 17:17:41,050 - INFO - Bottom 10 Std Stats: {'Max': np.float64(0.0), 'Min': np.float64(0.0), 'Mean': np.float64(0.0), 'Std': np.float64(0.0)}
[I 2024-11-09 17:17:41,138] Trial 207 finished with value: 58.0 and parameters: {'x_0': -4, 'x_1': -2, 'x_2': -2, 'x_3': 5, 'x_4': 3}. Best is trial 109 with value: 2.0.
2024-11-09 17:17:49,364 - INFO - Candidate Mean Stats: {'Max': np.float64(100.0), 'Min': np.float64(-4.031774913926256e-14), 'Mean': np.float64(0.062197688930835576), 'Std': np.float64(1.8603703896769235)}
2024-11-09 17:17:49,364 - INFO - Candidate Std Stats: {'Max': np.float64(0.9999999970171357), 'Min': np.float64(0.0), 'Mean': np.float64(0.9987084724281878), 'Std': np.float64(0.035914458209674135)}
2024-11-09 17:17:49,391 - INFO - Top 10 Mean Stats: {'Max': np.float64(4.907185768843192e-15), 'Min': np.float64(-2.320366121466577e-15), 'Mean': np.float64(7.968625759247061e-16), 'Std': np.float64(2.3714431700504105e-15)}
2024-11-09 17:17:49,392 - INFO - Top 10 Std Stats: {'Max': np.float64(0.9999999970171357), 'Min': np.float64(0.9999999963483298), 'Mean': np.float64(0.9999999966478663), 'Std': np.float64(1.9693462017430892e-10)}
2024-11-09 17:17:49,392 - INFO - Bottom 10 Mean Stats: {'Max': np.float64(100.0), 'Min': np.float64(80.0), 'Mean': np.float64(86.7), 'Std': np.float64(6.017474553332153)}
2024-11-09 17:17:49,393 - INFO - Bottom 10 Std Stats: {'Max': np.float64(0.0), 'Min': np.float64(0.0), 'Mean': np.float64(0.0), 'Std': np.float64(0.0)}
[I 2024-11-09 17:17:49,422] Trial 208 finished with value: 86.0 and parameters: {'x_0': -5, 'x_1': -2, 'x_2': 5, 'x_3': 4, 'x_4': 4}. Best is trial 109 with value: 2.0.
2024-11-09 17:18:00,490 - INFO - Candidate Mean Stats: {'Max': np.float64(100.0), 'Min': np.float64(-5.915268275202834e-14), 'Mean': np.float64(0.06273168126866643), 'Std': np.float64(1.8726544306181179)}
2024-11-09 17:18:00,492 - INFO - Candidate Std Stats: {'Max': np.float64(0.9999999971569338), 'Min': np.float64(0.0), 'Mean': np.float64(0.9987022632178146), 'Std': np.float64(0.03600057561259176)}
2024-11-09 17:18:00,521 - INFO - Top 10 Mean Stats: {'Max': np.float64(3.297362383136715e-15), 'Min': np.float64(-1.9234613901630836e-15), 'Mean': np.float64(3.9163117193652395e-16), 'Std': np.float64(1.4912667844321443e-15)}
2024-11-09 17:18:00,521 - INFO - Top 10 Std Stats: {'Max': np.float64(0.9999999971569338), 'Min': np.float64(0.9999999968304526), 'Mean': np.float64(0.9999999969663691), 'Std': np.float64(9.937965066044942e-11)}
2024-11-09 17:18:00,521 - INFO - Bottom 10 Mean Stats: {'Max': np.float64(100.0), 'Min': np.float64(82.0), 'Mean': np.float64(87.3), 'Std': np.float64(5.604462507680822)}
2024-11-09 17:18:00,521 - INFO - Bottom 10 Std Stats: {'Max': np.float64(0.0), 'Min': np.float64(0.0), 'Mean': np.float64(0.0), 'Std': np.float64(0.0)}
[I 2024-11-09 17:18:00,554] Trial 209 finished with value: 16.0 and parameters: {'x_0': -1, 'x_1': 1, 'x_2': -3, 'x_3': -1, 'x_4': -2}. Best is trial 109 with value: 2.0.
2024-11-09 17:18:10,706 - INFO - Candidate Mean Stats: {'Max': np.float64(100.0), 'Min': np.float64(-6.197264923457624e-14), 'Mean': np.float64(0.0628310286803559), 'Std': np.float64(1.8730754658503381)}
2024-11-09 17:18:10,708 - INFO - Candidate Std Stats: {'Max': np.float64(0.9999999973967182), 'Min': np.float64(0.0), 'Mean': np.float64(0.9986960543440087), 'Std': np.float64(0.03608648644784608)}
2024-11-09 17:18:10,734 - INFO - Top 10 Mean Stats: {'Max': np.float64(2.264854970235319e-15), 'Min': np.float64(-2.3619994848900204e-15), 'Mean': np.float64(3.0368069170449985e-16), 'Std': np.float64(1.4039705148522214e-15)}
2024-11-09 17:18:10,734 - INFO - Top 10 Std Stats: {'Max': np.float64(0.9999999973967182), 'Min': np.float64(0.9999999969866257), 'Mean': np.float64(0.9999999972043435), 'Std': np.float64(1.4027461193365574e-10)}
2024-11-09 17:18:10,735 - INFO - Bottom 10 Mean Stats: {'Max': np.float64(100.0), 'Min': np.float64(82.0), 'Mean': np.float64(87.3), 'Std': np.float64(5.604462507680822)}
2024-11-09 17:18:10,735 - INFO - Bottom 10 Std Stats: {'Max': np.float64(0.0), 'Min': np.float64(0.0), 'Mean': np.float64(0.0), 'Std': np.float64(0.0)}
[I 2024-11-09 17:18:10,766] Trial 210 finished with value: 39.0 and parameters: {'x_0': -3, 'x_1': 3, 'x_2': -1, 'x_3': 2, 'x_4': 4}. Best is trial 109 with value: 2.0.
2024-11-09 17:18:19,067 - INFO - Candidate Mean Stats: {'Max': np.float64(100.0), 'Min': np.float64(-5.0559556541429626e-14), 'Mean': np.float64(0.06307318799634899), 'Std': np.float64(1.8755866882698864)}
2024-11-09 17:18:19,068 - INFO - Candidate Std Stats: {'Max': np.float64(0.9999999965381726), 'Min': np.float64(0.0), 'Mean': np.float64(0.9986898445705095), 'Std': np.float64(0.03617219214266035)}
2024-11-09 17:18:19,096 - INFO - Top 10 Mean Stats: {'Max': np.float64(2.19824158875781e-15), 'Min': np.float64(-2.1278118156331514e-15), 'Mean': np.float64(-1.5716594692349871e-16), 'Std': np.float64(1.168637461419893e-15)}
2024-11-09 17:18:19,097 - INFO - Top 10 Std Stats: {'Max': np.float64(0.9999999965381726), 'Min': np.float64(0.9999999963332746), 'Mean': np.float64(0.9999999964244368), 'Std': np.float64(7.010064225897041e-11)}
2024-11-09 17:18:19,097 - INFO - Bottom 10 Mean Stats: {'Max': np.float64(100.0), 'Min': np.float64(82.0), 'Mean': np.float64(87.3), 'Std': np.float64(5.604462507680822)}
2024-11-09 17:18:19,097 - INFO - Bottom 10 Std Stats: {'Max': np.float64(0.0), 'Min': np.float64(0.0), 'Mean': np.float64(0.0), 'Std': np.float64(0.0)}
[I 2024-11-09 17:18:19,124] Trial 211 finished with value: 36.0 and parameters: {'x_0': -3, 'x_1': -4, 'x_2': -1, 'x_3': 1, 'x_4': 3}. Best is trial 109 with value: 2.0.
2024-11-09 17:18:30,078 - INFO - Candidate Mean Stats: {'Max': np.float64(100.0), 'Min': np.float64(-5.5444537849780315e-14), 'Mean': np.float64(0.06329671967265028), 'Std': np.float64(1.877723173922277)}
2024-11-09 17:18:30,079 - INFO - Candidate Std Stats: {'Max': np.float64(0.9999999959912136), 'Min': np.float64(0.0), 'Mean': np.float64(0.9986836349599936), 'Std': np.float64(0.036257694189882145)}
2024-11-09 17:18:30,106 - INFO - Top 10 Mean Stats: {'Max': np.float64(2.7755575615628914e-15), 'Min': np.float64(-3.9523939676655574e-15), 'Mean': np.float64(-1.6181500583911652e-16), 'Std': np.float64(1.99756939410439e-15)}
2024-11-09 17:18:30,106 - INFO - Top 10 Std Stats: {'Max': np.float64(0.9999999959912136), 'Min': np.float64(0.9999999956626915), 'Mean': np.float64(0.9999999957828315), 'Std': np.float64(1.1100560204962063e-10)}
2024-11-09 17:18:30,106 - INFO - Bottom 10 Mean Stats: {'Max': np.float64(100.0), 'Min': np.float64(82.0), 'Mean': np.float64(87.3), 'Std': np.float64(5.604462507680822)}
2024-11-09 17:18:30,106 - INFO - Bottom 10 Std Stats: {'Max': np.float64(0.0), 'Min': np.float64(0.0), 'Mean': np.float64(0.0), 'Std': np.float64(0.0)}
[I 2024-11-09 17:18:30,139] Trial 212 finished with value: 66.0 and parameters: {'x_0': -3, 'x_1': 5, 'x_2': 0, 'x_3': -4, 'x_4': -4}. Best is trial 109 with value: 2.0.
2024-11-09 17:18:39,471 - INFO - Candidate Mean Stats: {'Max': np.float64(100.0), 'Min': np.float64(-4.2904568786639173e-14), 'Mean': np.float64(0.06370652774586932), 'Std': np.float64(1.8848977701087906)}
2024-11-09 17:18:39,473 - INFO - Candidate Std Stats: {'Max': np.float64(0.9999999965293314), 'Min': np.float64(0.0), 'Mean': np.float64(0.9986774263246675), 'Std': np.float64(0.036342994056481594)}
2024-11-09 17:18:39,502 - INFO - Top 10 Mean Stats: {'Max': np.float64(1.98729921407903e-15), 'Min': np.float64(-3.0642155479654322e-15), 'Mean': np.float64(-5.517808432387029e-16), 'Std': np.float64(1.483077206241928e-15)}
2024-11-09 17:18:39,502 - INFO - Top 10 Std Stats: {'Max': np.float64(0.9999999965293314), 'Min': np.float64(0.9999999963522821), 'Mean': np.float64(0.9999999964173083), 'Std': np.float64(5.950179923672354e-11)}
2024-11-09 17:18:39,502 - INFO - Bottom 10 Mean Stats: {'Max': np.float64(100.0), 'Min': np.float64(82.0), 'Mean': np.float64(87.3), 'Std': np.float64(5.604462507680822)}
2024-11-09 17:18:39,503 - INFO - Bottom 10 Std Stats: {'Max': np.float64(0.0), 'Min': np.float64(0.0), 'Mean': np.float64(0.0), 'Std': np.float64(0.0)}
[I 2024-11-09 17:18:39,534] Trial 213 finished with value: 82.0 and parameters: {'x_0': 4, 'x_1': -5, 'x_2': 4, 'x_3': -5, 'x_4': 0}. Best is trial 109 with value: 2.0.
2024-11-09 17:18:50,717 - INFO - Candidate Mean Stats: {'Max': np.float64(100.0), 'Min': np.float64(-4.0821512836686225e-14), 'Mean': np.float64(0.06421568323077781), 'Std': np.float64(1.8959233162837117)}
2024-11-09 17:18:50,718 - INFO - Candidate Std Stats: {'Max': np.float64(0.999999996782581), 'Min': np.float64(0.0), 'Mean': np.float64(0.998671216838949), 'Std': np.float64(0.03642809309664241)}
2024-11-09 17:18:50,743 - INFO - Top 10 Mean Stats: {'Max': np.float64(2.042810365310288e-15), 'Min': np.float64(-1.7763568394002505e-15), 'Mean': np.float64(-2.7533531010703887e-16), 'Std': np.float64(1.2750808728484736e-15)}
2024-11-09 17:18:50,743 - INFO - Top 10 Std Stats: {'Max': np.float64(0.999999996782581), 'Min': np.float64(0.9999999961908517), 'Mean': np.float64(0.9999999963996563), 'Std': np.float64(1.5478421766617203e-10)}
2024-11-09 17:18:50,744 - INFO - Bottom 10 Mean Stats: {'Max': np.float64(100.0), 'Min': np.float64(82.0), 'Mean': np.float64(87.3), 'Std': np.float64(5.604462507680822)}
2024-11-09 17:18:50,744 - INFO - Bottom 10 Std Stats: {'Max': np.float64(0.0), 'Min': np.float64(0.0), 'Mean': np.float64(0.0), 'Std': np.float64(0.0)}
[I 2024-11-09 17:18:50,775] Trial 214 finished with value: 36.0 and parameters: {'x_0': 0, 'x_1': -4, 'x_2': 4, 'x_3': 2, 'x_4': 0}. Best is trial 109 with value: 2.0.
2024-11-09 17:19:01,308 - INFO - Candidate Mean Stats: {'Max': np.float64(100.0), 'Min': np.float64(-5.176969963827105e-14), 'Mean': np.float64(0.06443921490707913), 'Std': np.float64(1.8980367760214838)}
2024-11-09 17:19:01,309 - INFO - Candidate Std Stats: {'Max': np.float64(0.999999997216777), 'Min': np.float64(0.0), 'Mean': np.float64(0.9986650080945088), 'Std': np.float64(0.036512992772293966)}
2024-11-09 17:19:01,346 - INFO - Top 10 Mean Stats: {'Max': np.float64(2.5618396293225486e-15), 'Min': np.float64(-2.238487173400472e-15), 'Mean': np.float64(-4.0994985184283904e-16), 'Std': np.float64(1.3954689718042414e-15)}
2024-11-09 17:19:01,346 - INFO - Top 10 Std Stats: {'Max': np.float64(0.999999997216777), 'Min': np.float64(0.9999999967462895), 'Mean': np.float64(0.999999996886757), 'Std': np.float64(1.2890025859827985e-10)}
2024-11-09 17:19:01,346 - INFO - Bottom 10 Mean Stats: {'Max': np.float64(100.0), 'Min': np.float64(82.0), 'Mean': np.float64(87.3), 'Std': np.float64(5.604462507680822)}
2024-11-09 17:19:01,346 - INFO - Bottom 10 Std Stats: {'Max': np.float64(0.0), 'Min': np.float64(0.0), 'Mean': np.float64(0.0), 'Std': np.float64(0.0)}
[I 2024-11-09 17:19:01,379] Trial 215 finished with value: 75.0 and parameters: {'x_0': 4, 'x_1': -3, 'x_2': -3, 'x_3': -5, 'x_4': -4}. Best is trial 109 with value: 2.0.
2024-11-09 17:19:12,647 - INFO - Candidate Mean Stats: {'Max': np.float64(100.0), 'Min': np.float64(-4.366507155850741e-14), 'Mean': np.float64(0.0649049058993735), 'Std': np.float64(1.9071995682571188)}
2024-11-09 17:19:12,647 - INFO - Candidate Std Stats: {'Max': np.float64(0.9999999965127557), 'Min': np.float64(0.0), 'Mean': np.float64(0.9986587985197765), 'Std': np.float64(0.03659769441368358)}
2024-11-09 17:19:12,673 - INFO - Top 10 Mean Stats: {'Max': np.float64(3.564162853741948e-15), 'Min': np.float64(-3.066297216136604e-15), 'Mean': np.float64(4.912389939271122e-16), 'Std': np.float64(2.2130900996811344e-15)}
2024-11-09 17:19:12,673 - INFO - Top 10 Std Stats: {'Max': np.float64(0.9999999965127557), 'Min': np.float64(0.9999999963460569), 'Mean': np.float64(0.9999999964331054), 'Std': np.float64(5.033168271523108e-11)}
2024-11-09 17:19:12,673 - INFO - Bottom 10 Mean Stats: {'Max': np.float64(100.0), 'Min': np.float64(82.0), 'Mean': np.float64(87.3), 'Std': np.float64(5.604462507680822)}
2024-11-09 17:19:12,673 - INFO - Bottom 10 Std Stats: {'Max': np.float64(0.0), 'Min': np.float64(0.0), 'Mean': np.float64(0.0), 'Std': np.float64(0.0)}
[I 2024-11-09 17:19:12,706] Trial 216 finished with value: 38.0 and parameters: {'x_0': 3, 'x_1': -5, 'x_2': 0, 'x_3': 2, 'x_4': 0}. Best is trial 109 with value: 2.0.
2024-11-09 17:19:23,420 - INFO - Candidate Mean Stats: {'Max': np.float64(100.0), 'Min': np.float64(-4.305444889496357e-14), 'Mean': np.float64(0.06514085600213597), 'Std': np.float64(1.9095406810943385)}
2024-11-09 17:19:23,421 - INFO - Candidate Std Stats: {'Max': np.float64(0.9999999971220067), 'Min': np.float64(0.0), 'Mean': np.float64(0.9986525894769305), 'Std': np.float64(0.03668219944224758)}
2024-11-09 17:19:23,453 - INFO - Top 10 Mean Stats: {'Max': np.float64(1.815214645262131e-15), 'Min': np.float64(-2.453592884421596e-15), 'Mean': np.float64(-2.7592511608887094e-16), 'Std': np.float64(1.327636669825153e-15)}
2024-11-09 17:19:23,454 - INFO - Top 10 Std Stats: {'Max': np.float64(0.9999999971220067), 'Min': np.float64(0.9999999966537385), 'Mean': np.float64(0.9999999969000537), 'Std': np.float64(1.439923292209464e-10)}
2024-11-09 17:19:23,454 - INFO - Bottom 10 Mean Stats: {'Max': np.float64(100.0), 'Min': np.float64(82.0), 'Mean': np.float64(87.3), 'Std': np.float64(5.604462507680822)}
2024-11-09 17:19:23,454 - INFO - Bottom 10 Std Stats: {'Max': np.float64(0.0), 'Min': np.float64(0.0), 'Mean': np.float64(0.0), 'Std': np.float64(0.0)}
[I 2024-11-09 17:19:23,485] Trial 217 finished with value: 83.0 and parameters: {'x_0': -1, 'x_1': -5, 'x_2': -4, 'x_3': -5, 'x_4': 4}. Best is trial 109 with value: 2.0.
2024-11-09 17:19:34,165 - INFO - Candidate Mean Stats: {'Max': np.float64(100.0), 'Min': np.float64(-4.709566070459914e-14), 'Mean': np.float64(0.06565622070027506), 'Std': np.float64(1.9206908846828592)}
2024-11-09 17:19:34,166 - INFO - Candidate Std Stats: {'Max': np.float64(0.9999999988359823), 'Min': np.float64(0.0), 'Mean': np.float64(0.9986463800938998), 'Std': np.float64(0.036766509181848)}
2024-11-09 17:19:34,198 - INFO - Top 10 Mean Stats: {'Max': np.float64(1.2101430968414207e-15), 'Min': np.float64(-7.868705687030797e-16), 'Mean': np.float64(1.8013368574543163e-16), 'Std': np.float64(5.821320268628381e-16)}
2024-11-09 17:19:34,198 - INFO - Top 10 Std Stats: {'Max': np.float64(0.9999999988359823), 'Min': np.float64(0.9999999985568576), 'Mean': np.float64(0.9999999986487881), 'Std': np.float64(9.514898577902111e-11)}
2024-11-09 17:19:34,199 - INFO - Bottom 10 Mean Stats: {'Max': np.float64(100.0), 'Min': np.float64(82.0), 'Mean': np.float64(87.4), 'Std': np.float64(5.517245689653488)}
2024-11-09 17:19:34,199 - INFO - Bottom 10 Std Stats: {'Max': np.float64(0.0), 'Min': np.float64(0.0), 'Mean': np.float64(0.0), 'Std': np.float64(0.0)}
