[I 2024-11-09 16:45:03,210] Trial 31 finished with value: 51.0 and parameters: {'x_0': -2, 'x_1': -5, 'x_2': 3, 'x_3': 3, 'x_4': -2}. Best is trial 13 with value: 19.0.
2024-11-09 16:45:13,465 - INFO - Candidate Mean Stats: {'Max': np.float64(109.0), 'Min': np.float64(-1.323496867655649e-13), 'Mean': np.float64(0.010456315080316208), 'Std': np.float64(0.7913603852380371)}
2024-11-09 16:45:13,466 - INFO - Candidate Std Stats: {'Max': np.float64(0.9999999965140667), 'Min': np.float64(0.0), 'Mean': np.float64(0.9998012907186974), 'Std': np.float64(0.014094514464879093)}
2024-11-09 16:45:13,498 - INFO - Top 10 Mean Stats: {'Max': np.float64(7.344125307895411e-15), 'Min': np.float64(-3.638192178079258e-15), 'Mean': np.float64(9.601217390575735e-16), 'Std': np.float64(3.652163164728191e-15)}
2024-11-09 16:45:13,498 - INFO - Top 10 Std Stats: {'Max': np.float64(0.9999999965140667), 'Min': np.float64(0.9999999956869062), 'Mean': np.float64(0.9999999958734204), 'Std': np.float64(2.6537320688938944e-10)}
2024-11-09 16:45:13,499 - INFO - Bottom 10 Mean Stats: {'Max': np.float64(109.0), 'Min': np.float64(63.0), 'Mean': np.float64(75.3), 'Std': np.float64(12.247856955402444)}
2024-11-09 16:45:13,499 - INFO - Bottom 10 Std Stats: {'Max': np.float64(0.0), 'Min': np.float64(0.0), 'Mean': np.float64(0.0), 'Std': np.float64(0.0)}
[I 2024-11-09 16:45:13,539] Trial 32 finished with value: 50.0 and parameters: {'x_0': 2, 'x_1': -2, 'x_2': -1, 'x_3': 4, 'x_4': 5}. Best is trial 13 with value: 19.0.
2024-11-09 16:45:23,465 - INFO - Candidate Mean Stats: {'Max': np.float64(109.0), 'Min': np.float64(-8.381489946529541e-14), 'Mean': np.float64(0.010766775741845744), 'Std': np.float64(0.8011040528331865)}
2024-11-09 16:45:23,466 - INFO - Candidate Std Stats: {'Max': np.float64(0.99999999565515), 'Min': np.float64(0.0), 'Mean': np.float64(0.9997950820670716), 'Std': np.float64(0.014313002663679514)}
2024-11-09 16:45:23,505 - INFO - Top 10 Mean Stats: {'Max': np.float64(6.350475700855896e-15), 'Min': np.float64(-6.006306563222097e-15), 'Mean': np.float64(9.989231664064845e-16), 'Std': np.float64(3.695029313189078e-15)}
2024-11-09 16:45:23,505 - INFO - Top 10 Std Stats: {'Max': np.float64(0.99999999565515), 'Min': np.float64(0.999999995282172), 'Mean': np.float64(0.999999995429258), 'Std': np.float64(1.3443555650665833e-10)}
2024-11-09 16:45:23,506 - INFO - Bottom 10 Mean Stats: {'Max': np.float64(109.0), 'Min': np.float64(63.0), 'Mean': np.float64(75.3), 'Std': np.float64(12.247856955402444)}
2024-11-09 16:45:23,506 - INFO - Bottom 10 Std Stats: {'Max': np.float64(0.0), 'Min': np.float64(0.0), 'Mean': np.float64(0.0), 'Std': np.float64(0.0)}
[I 2024-11-09 16:45:23,563] Trial 33 finished with value: 42.0 and parameters: {'x_0': -4, 'x_1': 3, 'x_2': 3, 'x_3': -2, 'x_4': -2}. Best is trial 13 with value: 19.0.
2024-11-09 16:45:32,728 - INFO - Candidate Mean Stats: {'Max': np.float64(109.0), 'Min': np.float64(-8.135159212940835e-14), 'Mean': np.float64(0.011027562697530545), 'Std': np.float64(0.8079078362816813)}
2024-11-09 16:45:32,731 - INFO - Candidate Std Stats: {'Max': np.float64(0.9999999967263575), 'Min': np.float64(0.0), 'Mean': np.float64(0.9997888720207928), 'Std': np.float64(0.014528202738699224)}
2024-11-09 16:45:32,776 - INFO - Top 10 Mean Stats: {'Max': np.float64(4.5019543648550095e-15), 'Min': np.float64(-8.171241461241152e-15), 'Mean': np.float64(-8.468226120328381e-16), 'Std': np.float64(3.1592445334406263e-15)}
2024-11-09 16:45:32,777 - INFO - Top 10 Std Stats: {'Max': np.float64(0.9999999967263575), 'Min': np.float64(0.9999999959770963), 'Mean': np.float64(0.9999999962080907), 'Std': np.float64(2.3462152166122777e-10)}
2024-11-09 16:45:32,777 - INFO - Bottom 10 Mean Stats: {'Max': np.float64(109.0), 'Min': np.float64(63.0), 'Mean': np.float64(75.3), 'Std': np.float64(12.247856955402444)}
2024-11-09 16:45:32,778 - INFO - Bottom 10 Std Stats: {'Max': np.float64(0.0), 'Min': np.float64(0.0), 'Mean': np.float64(0.0), 'Std': np.float64(0.0)}
[I 2024-11-09 16:45:32,845] Trial 34 finished with value: 21.0 and parameters: {'x_0': -1, 'x_1': 3, 'x_2': -3, 'x_3': 1, 'x_4': -1}. Best is trial 13 with value: 19.0.
2024-11-09 16:45:41,746 - INFO - Candidate Mean Stats: {'Max': np.float64(109.0), 'Min': np.float64(-7.611689056830073e-14), 'Mean': np.float64(0.011157956175373011), 'Std': np.float64(0.8095989390513523)}
2024-11-09 16:45:41,747 - INFO - Candidate Std Stats: {'Max': np.float64(0.9999999960792842), 'Min': np.float64(0.0), 'Mean': np.float64(0.9997826635063501), 'Std': np.float64(0.01474025874669264)}
2024-11-09 16:45:41,785 - INFO - Top 10 Mean Stats: {'Max': np.float64(1.5543122344752192e-15), 'Min': np.float64(-7.549516567451064e-15), 'Mean': np.float64(-6.313005673774796e-16), 'Std': np.float64(2.5353996282236878e-15)}
2024-11-09 16:45:41,786 - INFO - Top 10 Std Stats: {'Max': np.float64(0.9999999960792842), 'Min': np.float64(0.9999999955569485), 'Mean': np.float64(0.9999999956995188), 'Std': np.float64(1.642615004180034e-10)}
2024-11-09 16:45:41,786 - INFO - Bottom 10 Mean Stats: {'Max': np.float64(109.0), 'Min': np.float64(63.0), 'Mean': np.float64(75.3), 'Std': np.float64(12.247856955402444)}
2024-11-09 16:45:41,786 - INFO - Bottom 10 Std Stats: {'Max': np.float64(0.0), 'Min': np.float64(0.0), 'Mean': np.float64(0.0), 'Std': np.float64(0.0)}
[I 2024-11-09 16:45:41,837] Trial 35 finished with value: 77.0 and parameters: {'x_0': -4, 'x_1': -4, 'x_2': -4, 'x_3': -5, 'x_4': 2}. Best is trial 13 with value: 19.0.
2024-11-09 16:45:49,851 - INFO - Candidate Mean Stats: {'Max': np.float64(109.0), 'Min': np.float64(-8.680486884848903e-14), 'Mean': np.float64(0.011636065594128582), 'Std': np.float64(0.8320180102141738)}
2024-11-09 16:45:49,853 - INFO - Candidate Std Stats: {'Max': np.float64(0.9999999981728137), 'Min': np.float64(0.0), 'Mean': np.float64(0.9997764540469333), 'Std': np.float64(0.014949304448983196)}
2024-11-09 16:45:49,889 - INFO - Top 10 Mean Stats: {'Max': np.float64(2.264854970235319e-15), 'Min': np.float64(-9.700573677662306e-16), 'Mean': np.float64(4.8391846085849e-16), 'Std': np.float64(1.0065918441799325e-15)}
2024-11-09 16:45:49,892 - INFO - Top 10 Std Stats: {'Max': np.float64(0.9999999981728137), 'Min': np.float64(0.9999999972711068), 'Mean': np.float64(0.9999999976327741), 'Std': np.float64(2.4921089491513325e-10)}
2024-11-09 16:45:49,893 - INFO - Bottom 10 Mean Stats: {'Max': np.float64(109.0), 'Min': np.float64(67.0), 'Mean': np.float64(76.7), 'Std': np.float64(11.541663658242687)}
2024-11-09 16:45:49,893 - INFO - Bottom 10 Std Stats: {'Max': np.float64(0.0), 'Min': np.float64(0.0), 'Mean': np.float64(0.0), 'Std': np.float64(0.0)}
[I 2024-11-09 16:45:49,955] Trial 36 finished with value: 31.0 and parameters: {'x_0': -1, 'x_1': -2, 'x_2': -4, 'x_3': -3, 'x_4': 1}. Best is trial 13 with value: 19.0.
2024-11-09 16:45:58,384 - INFO - Candidate Mean Stats: {'Max': np.float64(109.0), 'Min': np.float64(-8.075484725367232e-14), 'Mean': np.float64(0.011828551204276883), 'Std': np.float64(0.8355935056199697)}
2024-11-09 16:45:58,385 - INFO - Candidate Std Stats: {'Max': np.float64(0.9999999954569778), 'Min': np.float64(0.0), 'Mean': np.float64(0.9997702449092583), 'Std': np.float64(0.01515546443136558)}
2024-11-09 16:45:58,425 - INFO - Top 10 Mean Stats: {'Max': np.float64(4.54081217071689e-15), 'Min': np.float64(-4.1411318818518336e-15), 'Mean': np.float64(-1.2398415627501434e-15), 'Std': np.float64(2.7799583413555263e-15)}
2024-11-09 16:45:58,425 - INFO - Top 10 Std Stats: {'Max': np.float64(0.9999999954569778), 'Min': np.float64(0.9999999951529649), 'Mean': np.float64(0.9999999953174875), 'Std': np.float64(1.053509206131499e-10)}
2024-11-09 16:45:58,425 - INFO - Bottom 10 Mean Stats: {'Max': np.float64(109.0), 'Min': np.float64(67.0), 'Mean': np.float64(76.7), 'Std': np.float64(11.541663658242687)}
2024-11-09 16:45:58,425 - INFO - Bottom 10 Std Stats: {'Max': np.float64(0.0), 'Min': np.float64(0.0), 'Mean': np.float64(0.0), 'Std': np.float64(0.0)}
[I 2024-11-09 16:45:58,465] Trial 37 finished with value: 92.0 and parameters: {'x_0': -1, 'x_1': -5, 'x_2': -5, 'x_3': 5, 'x_4': -4}. Best is trial 13 with value: 19.0.
2024-11-09 16:46:08,161 - INFO - Candidate Mean Stats: {'Max': np.float64(109.0), 'Min': np.float64(-8.539835505416705e-14), 'Mean': np.float64(0.012399798821491314), 'Std': np.float64(0.8664626056736526)}
2024-11-09 16:46:08,162 - INFO - Candidate Std Stats: {'Max': np.float64(0.9999999960587826), 'Min': np.float64(0.0), 'Mean': np.float64(0.9997640357137062), 'Std': np.float64(0.015358854892806776)}
2024-11-09 16:46:08,209 - INFO - Top 10 Mean Stats: {'Max': np.float64(4.674038933671909e-15), 'Min': np.float64(-3.141931159689193e-15), 'Mean': np.float64(4.954370247389761e-16), 'Std': np.float64(2.5466133891314416e-15)}
2024-11-09 16:46:08,209 - INFO - Top 10 Std Stats: {'Max': np.float64(0.9999999960587826), 'Min': np.float64(0.9999999956049858), 'Mean': np.float64(0.9999999957390336), 'Std': np.float64(1.417523984021195e-10)}
2024-11-09 16:46:08,209 - INFO - Bottom 10 Mean Stats: {'Max': np.float64(109.0), 'Min': np.float64(67.0), 'Mean': np.float64(79.2), 'Std': np.float64(11.872657663724663)}
2024-11-09 16:46:08,209 - INFO - Bottom 10 Std Stats: {'Max': np.float64(0.0), 'Min': np.float64(0.0), 'Mean': np.float64(0.0), 'Std': np.float64(0.0)}
[I 2024-11-09 16:46:08,252] Trial 38 finished with value: 57.0 and parameters: {'x_0': -4, 'x_1': 0, 'x_2': -4, 'x_3': -4, 'x_4': 3}. Best is trial 13 with value: 19.0.
2024-11-09 16:46:24,467 - INFO - Candidate Mean Stats: {'Max': np.float64(109.0), 'Min': np.float64(-8.381073612895306e-14), 'Mean': np.float64(0.012753723975635081), 'Std': np.float64(0.8780217983356305)}
2024-11-09 16:46:24,469 - INFO - Candidate Std Stats: {'Max': np.float64(0.9999999989509399), 'Min': np.float64(0.0), 'Mean': np.float64(0.9997578260338956), 'Std': np.float64(0.01555958443415024)}
2024-11-09 16:46:24,545 - INFO - Top 10 Mean Stats: {'Max': np.float64(1.0824674490095276e-15), 'Min': np.float64(-2.997602166487923e-16), 'Mean': np.float64(4.282685317491542e-16), 'Std': np.float64(5.042540366748582e-16)}
2024-11-09 16:46:24,549 - INFO - Top 10 Std Stats: {'Max': np.float64(0.9999999989509399), 'Min': np.float64(0.9999999984878282), 'Mean': np.float64(0.9999999986945209), 'Std': np.float64(1.5941406714980721e-10)}
2024-11-09 16:46:24,552 - INFO - Bottom 10 Mean Stats: {'Max': np.float64(109.0), 'Min': np.float64(67.0), 'Mean': np.float64(79.2), 'Std': np.float64(11.872657663724663)}
2024-11-09 16:46:24,552 - INFO - Bottom 10 Std Stats: {'Max': np.float64(0.0), 'Min': np.float64(0.0), 'Mean': np.float64(0.0), 'Std': np.float64(0.0)}
[I 2024-11-09 16:46:24,606] Trial 39 finished with value: 89.0 and parameters: {'x_0': 5, 'x_1': 4, 'x_2': 4, 'x_3': -4, 'x_4': 4}. Best is trial 13 with value: 19.0.
2024-11-09 16:46:37,607 - INFO - Candidate Mean Stats: {'Max': np.float64(109.0), 'Min': np.float64(-7.033262861000367e-14), 'Mean': np.float64(0.013306343953157718), 'Std': np.float64(0.9055887891520614)}
2024-11-09 16:46:37,608 - INFO - Candidate Std Stats: {'Max': np.float64(0.9999999965768651), 'Min': np.float64(0.0), 'Mean': np.float64(0.999751617506223), 'Std': np.float64(0.015757754769022865)}
2024-11-09 16:46:37,650 - INFO - Top 10 Mean Stats: {'Max': np.float64(7.527312106958561e-15), 'Min': np.float64(-5.81756864903582e-15), 'Mean': np.float64(8.031075804382227e-16), 'Std': np.float64(3.938231574679841e-15)}
2024-11-09 16:46:37,651 - INFO - Top 10 Std Stats: {'Max': np.float64(0.9999999965768651), 'Min': np.float64(0.9999999960060327), 'Mean': np.float64(0.999999996206105), 'Std': np.float64(1.862882330647587e-10)}
2024-11-09 16:46:37,651 - INFO - Bottom 10 Mean Stats: {'Max': np.float64(109.0), 'Min': np.float64(71.0), 'Mean': np.float64(81.4), 'Std': np.float64(11.438531374263045)}
2024-11-09 16:46:37,651 - INFO - Bottom 10 Std Stats: {'Max': np.float64(0.0), 'Min': np.float64(0.0), 'Mean': np.float64(0.0), 'Std': np.float64(0.0)}
[I 2024-11-09 16:46:37,690] Trial 40 finished with value: 63.0 and parameters: {'x_0': -2, 'x_1': 5, 'x_2': -3, 'x_3': 4, 'x_4': -3}. Best is trial 13 with value: 19.0.
2024-11-09 16:46:51,838 - INFO - Candidate Mean Stats: {'Max': np.float64(109.0), 'Min': np.float64(-8.154588115871775e-14), 'Mean': np.float64(0.013697524386684957), 'Std': np.float64(0.91908914636459)}
2024-11-09 16:46:51,839 - INFO - Candidate Std Stats: {'Max': np.float64(0.9999999956731166), 'Min': np.float64(0.0), 'Mean': np.float64(0.9997454079975202), 'Std': np.float64(0.015953461234689843)}
2024-11-09 16:46:51,873 - INFO - Top 10 Mean Stats: {'Max': np.float64(4.574118861455645e-15), 'Min': np.float64(-1.9984014443252818e-15), 'Mean': np.float64(8.247569294184133e-16), 'Std': np.float64(2.2422753701786043e-15)}
2024-11-09 16:46:51,873 - INFO - Top 10 Std Stats: {'Max': np.float64(0.9999999956731166), 'Min': np.float64(0.9999999950871266), 'Mean': np.float64(0.9999999952559622), 'Std': np.float64(1.630543784456964e-10)}
2024-11-09 16:46:51,874 - INFO - Bottom 10 Mean Stats: {'Max': np.float64(109.0), 'Min': np.float64(71.0), 'Mean': np.float64(81.4), 'Std': np.float64(11.438531374263045)}
2024-11-09 16:46:51,874 - INFO - Bottom 10 Std Stats: {'Max': np.float64(0.0), 'Min': np.float64(0.0), 'Mean': np.float64(0.0), 'Std': np.float64(0.0)}
[I 2024-11-09 16:46:51,919] Trial 41 finished with value: 21.0 and parameters: {'x_0': 2, 'x_1': 0, 'x_2': -1, 'x_3': 4, 'x_4': 0}. Best is trial 13 with value: 19.0.
2024-11-09 16:46:59,286 - INFO - Candidate Mean Stats: {'Max': np.float64(109.0), 'Min': np.float64(-7.777112287499222e-14), 'Mean': np.float64(0.013827917864527363), 'Std': np.float64(0.9205756529811864)}
2024-11-09 16:46:59,287 - INFO - Candidate Std Stats: {'Max': np.float64(0.9999999970611385), 'Min': np.float64(0.0), 'Mean': np.float64(0.9997391990331758), 'Std': np.float64(0.016146793444543887)}
2024-11-09 16:46:59,318 - INFO - Top 10 Mean Stats: {'Max': np.float64(6.616929226765933e-15), 'Min': np.float64(-4.241051954068098e-15), 'Mean': np.float64(-5.356826093816376e-17), 'Std': np.float64(3.2104820564670222e-15)}
2024-11-09 16:46:59,319 - INFO - Top 10 Std Stats: {'Max': np.float64(0.9999999970611385), 'Min': np.float64(0.9999999962706743), 'Mean': np.float64(0.999999996573029), 'Std': np.float64(2.4626839157192366e-10)}
2024-11-09 16:46:59,319 - INFO - Bottom 10 Mean Stats: {'Max': np.float64(109.0), 'Min': np.float64(71.0), 'Mean': np.float64(81.4), 'Std': np.float64(11.438531374263045)}
2024-11-09 16:46:59,319 - INFO - Bottom 10 Std Stats: {'Max': np.float64(0.0), 'Min': np.float64(0.0), 'Mean': np.float64(0.0), 'Std': np.float64(0.0)}
[I 2024-11-09 16:46:59,355] Trial 42 finished with value: 74.0 and parameters: {'x_0': 5, 'x_1': -4, 'x_2': 2, 'x_3': -5, 'x_4': -2}. Best is trial 13 with value: 19.0.
2024-11-09 16:47:07,540 - INFO - Candidate Mean Stats: {'Max': np.float64(109.0), 'Min': np.float64(-9.00009233806287e-14), 'Mean': np.float64(0.014287399643591192), 'Std': np.float64(0.9388547630152116)}
2024-11-09 16:47:07,541 - INFO - Candidate Std Stats: {'Max': np.float64(0.9999999958165241), 'Min': np.float64(0.0), 'Mean': np.float64(0.9997329892272031), 'Std': np.float64(0.01633783566335778)}
2024-11-09 16:47:07,570 - INFO - Top 10 Mean Stats: {'Max': np.float64(4.640732242933154e-15), 'Min': np.float64(-4.618527782440651e-15), 'Mean': np.float64(-5.119515922302754e-16), 'Std': np.float64(2.5570197019909003e-15)}
2024-11-09 16:47:07,571 - INFO - Top 10 Std Stats: {'Max': np.float64(0.9999999958165241), 'Min': np.float64(0.999999995285217), 'Mean': np.float64(0.999999995488079), 'Std': np.float64(1.8809337977457072e-10)}
2024-11-09 16:47:07,571 - INFO - Bottom 10 Mean Stats: {'Max': np.float64(109.0), 'Min': np.float64(71.0), 'Mean': np.float64(81.7), 'Std': np.float64(11.19866063420086)}
2024-11-09 16:47:07,571 - INFO - Bottom 10 Std Stats: {'Max': np.float64(0.0), 'Min': np.float64(0.0), 'Mean': np.float64(0.0), 'Std': np.float64(0.0)}
[I 2024-11-09 16:47:07,629] Trial 43 finished with value: 58.0 and parameters: {'x_0': 4, 'x_1': 0, 'x_2': -4, 'x_3': -5, 'x_4': 1}. Best is trial 13 with value: 19.0.
2024-11-09 16:47:15,475 - INFO - Candidate Mean Stats: {'Max': np.float64(109.0), 'Min': np.float64(-1.0695333507726446e-13), 'Mean': np.float64(0.014647534010965479), 'Std': np.float64(0.9499082265566672)}
2024-11-09 16:47:15,476 - INFO - Candidate Std Stats: {'Max': np.float64(0.9999999971850867), 'Min': np.float64(0.0), 'Mean': np.float64(0.9997267798119435), 'Std': np.float64(0.01652666732511764)}
2024-11-09 16:47:15,509 - INFO - Top 10 Mean Stats: {'Max': np.float64(3.594347042223944e-15), 'Min': np.float64(-4.263256414560601e-15), 'Mean': np.float64(-8.474297652494301e-16), 'Std': np.float64(2.4296679171305598e-15)}
2024-11-09 16:47:15,509 - INFO - Top 10 Std Stats: {'Max': np.float64(0.9999999971850867), 'Min': np.float64(0.9999999967615855), 'Mean': np.float64(0.9999999969336504), 'Std': np.float64(1.302996805272053e-10)}
2024-11-09 16:47:15,510 - INFO - Bottom 10 Mean Stats: {'Max': np.float64(109.0), 'Min': np.float64(71.0), 'Mean': np.float64(81.7), 'Std': np.float64(11.19866063420086)}
2024-11-09 16:47:15,510 - INFO - Bottom 10 Std Stats: {'Max': np.float64(0.0), 'Min': np.float64(0.0), 'Mean': np.float64(0.0), 'Std': np.float64(0.0)}
[I 2024-11-09 16:47:15,547] Trial 44 finished with value: 68.0 and parameters: {'x_0': -4, 'x_1': 3, 'x_2': 3, 'x_3': -3, 'x_4': -5}. Best is trial 13 with value: 19.0.
2024-11-09 16:47:20,824 - INFO - Candidate Mean Stats: {'Max': np.float64(109.0), 'Min': np.float64(-8.280043317654417e-14), 'Mean': np.float64(0.01506976051064574), 'Std': np.float64(0.9648961049921605)}
2024-11-09 16:47:20,830 - INFO - Candidate Std Stats: {'Max': np.float64(0.9999999964205762), 'Min': np.float64(0.0), 'Mean': np.float64(0.9997205704489243), 'Std': np.float64(0.01671336335100909)}
2024-11-09 16:47:20,861 - INFO - Top 10 Mean Stats: {'Max': np.float64(2.924049891106506e-15), 'Min': np.float64(-5.145883719137601e-15), 'Mean': np.float64(-8.283304597789254e-16), 'Std': np.float64(2.6835429842736166e-15)}
2024-11-09 16:47:20,862 - INFO - Top 10 Std Stats: {'Max': np.float64(0.9999999964205762), 'Min': np.float64(0.9999999956325901), 'Mean': np.float64(0.9999999959886905), 'Std': np.float64(2.82510168794036e-10)}
2024-11-09 16:47:20,862 - INFO - Bottom 10 Mean Stats: {'Max': np.float64(109.0), 'Min': np.float64(71.0), 'Mean': np.float64(81.7), 'Std': np.float64(11.19866063420086)}
2024-11-09 16:47:20,862 - INFO - Bottom 10 Std Stats: {'Max': np.float64(0.0), 'Min': np.float64(0.0), 'Mean': np.float64(0.0), 'Std': np.float64(0.0)}
[I 2024-11-09 16:47:20,915] Trial 45 finished with value: 44.0 and parameters: {'x_0': -3, 'x_1': 1, 'x_2': 5, 'x_3': -3, 'x_4': 0}. Best is trial 13 with value: 19.0.
2024-11-09 16:47:29,865 - INFO - Candidate Mean Stats: {'Max': np.float64(109.0), 'Min': np.float64(-7.783773625646973e-14), 'Mean': np.float64(0.015342965892791728), 'Std': np.float64(0.9711010355894635)}
2024-11-09 16:47:29,866 - INFO - Candidate Std Stats: {'Max': np.float64(0.9999999966255226), 'Min': np.float64(0.0), 'Mean': np.float64(0.9997143619764226), 'Std': np.float64(0.016897994541569733)}
2024-11-09 16:47:29,900 - INFO - Top 10 Mean Stats: {'Max': np.float64(4.624078897563777e-15), 'Min': np.float64(-4.440892098500626e-15), 'Mean': np.float64(8.937295348232514e-17), 'Std': np.float64(2.429517624764675e-15)}
2024-11-09 16:47:29,900 - INFO - Top 10 Std Stats: {'Max': np.float64(0.9999999966255226), 'Min': np.float64(0.9999999959686848), 'Mean': np.float64(0.9999999962012074), 'Std': np.float64(1.9885091839121067e-10)}
2024-11-09 16:47:29,900 - INFO - Bottom 10 Mean Stats: {'Max': np.float64(109.0), 'Min': np.float64(71.0), 'Mean': np.float64(81.7), 'Std': np.float64(11.19866063420086)}
2024-11-09 16:47:29,900 - INFO - Bottom 10 Std Stats: {'Max': np.float64(0.0), 'Min': np.float64(0.0), 'Mean': np.float64(0.0), 'Std': np.float64(0.0)}
[I 2024-11-09 16:47:29,955] Trial 46 finished with value: 47.0 and parameters: {'x_0': -5, 'x_1': -2, 'x_2': -4, 'x_3': 1, 'x_4': 1}. Best is trial 13 with value: 19.0.
2024-11-09 16:47:39,683 - INFO - Candidate Mean Stats: {'Max': np.float64(109.0), 'Min': np.float64(-8.950618024528013e-14), 'Mean': np.float64(0.01563479891462954), 'Std': np.float64(0.9781330855331454)}
2024-11-09 16:47:39,684 - INFO - Candidate Std Stats: {'Max': np.float64(0.9999999960699761), 'Min': np.float64(0.0), 'Mean': np.float64(0.9997081523456101), 'Std': np.float64(0.017080627821736156)}
2024-11-09 16:47:39,711 - INFO - Top 10 Mean Stats: {'Max': np.float64(4.135580766728708e-15), 'Min': np.float64(-7.704947790898587e-15), 'Mean': np.float64(-1.2129186544029848e-16), 'Std': np.float64(3.594834189220984e-15)}
2024-11-09 16:47:39,711 - INFO - Top 10 Std Stats: {'Max': np.float64(0.9999999960699761), 'Min': np.float64(0.9999999955166624), 'Mean': np.float64(0.9999999957232552), 'Std': np.float64(1.6426292452817996e-10)}
2024-11-09 16:47:39,711 - INFO - Bottom 10 Mean Stats: {'Max': np.float64(109.0), 'Min': np.float64(71.0), 'Mean': np.float64(81.7), 'Std': np.float64(11.19866063420086)}
2024-11-09 16:47:39,711 - INFO - Bottom 10 Std Stats: {'Max': np.float64(0.0), 'Min': np.float64(0.0), 'Mean': np.float64(0.0), 'Std': np.float64(0.0)}
