[I 2024-11-09 16:58:41,110] Trial 95 finished with value: 49.0 and parameters: {'x_0': -2, 'x_1': 2, 'x_2': -5, 'x_3': 0, 'x_4': -4}. Best is trial 9 with value: 14.0.
2024-11-09 16:58:50,817 - INFO - Candidate Mean Stats: {'Max': np.float64(100.0), 'Min': np.float64(-6.865619184281968e-14), 'Mean': np.float64(0.029537227337923994), 'Std': np.float64(1.2945586586284232)}
2024-11-09 16:58:50,818 - INFO - Candidate Std Stats: {'Max': np.float64(0.9999999972209568), 'Min': np.float64(0.0), 'Mean': np.float64(0.9994039021180336), 'Std': np.float64(0.024407563119904115)}
2024-11-09 16:58:50,847 - INFO - Top 10 Mean Stats: {'Max': np.float64(2.6756374893466274e-15), 'Min': np.float64(-4.013456234019941e-15), 'Mean': np.float64(-2.9753977059954187e-16), 'Std': np.float64(1.891829807026029e-15)}
2024-11-09 16:58:50,848 - INFO - Top 10 Std Stats: {'Max': np.float64(0.9999999972209568), 'Min': np.float64(0.9999999963889499), 'Mean': np.float64(0.9999999966264109), 'Std': np.float64(2.46530048701542e-10)}
2024-11-09 16:58:50,848 - INFO - Bottom 10 Mean Stats: {'Max': np.float64(100.0), 'Min': np.float64(77.0), 'Mean': np.float64(83.3), 'Std': np.float64(8.283115355951528)}
2024-11-09 16:58:50,848 - INFO - Bottom 10 Std Stats: {'Max': np.float64(0.0), 'Min': np.float64(0.0), 'Mean': np.float64(0.0), 'Std': np.float64(0.0)}
[I 2024-11-09 16:58:50,880] Trial 96 finished with value: 77.0 and parameters: {'x_0': -5, 'x_1': 1, 'x_2': -5, 'x_3': -5, 'x_4': -1}. Best is trial 9 with value: 14.0.
2024-11-09 16:58:57,849 - INFO - Candidate Mean Stats: {'Max': np.float64(100.0), 'Min': np.float64(-6.52589093874667e-14), 'Mean': np.float64(0.03001533675667955), 'Std': np.float64(1.3086894487357168)}
2024-11-09 16:58:57,850 - INFO - Candidate Std Stats: {'Max': np.float64(0.9999999962886879), 'Min': np.float64(0.0), 'Mean': np.float64(0.9993976932927389), 'Std': np.float64(0.024534280303240123)}
2024-11-09 16:58:57,882 - INFO - Top 10 Mean Stats: {'Max': np.float64(3.3750779948604757e-15), 'Min': np.float64(-5.6343818499726694e-15), 'Mean': np.float64(-1.175101682626689e-15), 'Std': np.float64(2.4217336432337106e-15)}
2024-11-09 16:58:57,882 - INFO - Top 10 Std Stats: {'Max': np.float64(0.9999999962886879), 'Min': np.float64(0.9999999958402112), 'Mean': np.float64(0.9999999960478588), 'Std': np.float64(1.557906347094683e-10)}
2024-11-09 16:58:57,883 - INFO - Bottom 10 Mean Stats: {'Max': np.float64(100.0), 'Min': np.float64(77.0), 'Mean': np.float64(83.3), 'Std': np.float64(8.283115355951528)}
2024-11-09 16:58:57,883 - INFO - Bottom 10 Std Stats: {'Max': np.float64(0.0), 'Min': np.float64(0.0), 'Mean': np.float64(0.0), 'Std': np.float64(0.0)}
[I 2024-11-09 16:58:57,915] Trial 97 finished with value: 69.0 and parameters: {'x_0': 3, 'x_1': 5, 'x_2': -1, 'x_3': -5, 'x_4': 3}. Best is trial 9 with value: 14.0.
2024-11-09 16:59:09,413 - INFO - Candidate Mean Stats: {'Max': np.float64(100.0), 'Min': np.float64(-6.06292793747798e-14), 'Mean': np.float64(0.030443772469590395), 'Std': np.float64(1.3199258443494004)}
2024-11-09 16:59:09,414 - INFO - Candidate Std Stats: {'Max': np.float64(0.9999999966407729), 'Min': np.float64(0.0), 'Mean': np.float64(0.9993914840127994), 'Std': np.float64(0.024660344784521625)}
2024-11-09 16:59:09,442 - INFO - Top 10 Mean Stats: {'Max': np.float64(3.3806291099836016e-15), 'Min': np.float64(-4.0245584642661925e-15), 'Mean': np.float64(-2.453592884421596e-16), 'Std': np.float64(2.31203085220107e-15)}
2024-11-09 16:59:09,442 - INFO - Top 10 Std Stats: {'Max': np.float64(0.9999999966407729), 'Min': np.float64(0.9999999962019636), 'Mean': np.float64(0.99999999644299), 'Std': np.float64(1.4399083058797597e-10)}
2024-11-09 16:59:09,442 - INFO - Bottom 10 Mean Stats: {'Max': np.float64(100.0), 'Min': np.float64(77.0), 'Mean': np.float64(83.3), 'Std': np.float64(8.283115355951528)}
2024-11-09 16:59:09,442 - INFO - Bottom 10 Std Stats: {'Max': np.float64(0.0), 'Min': np.float64(0.0), 'Mean': np.float64(0.0), 'Std': np.float64(0.0)}
[I 2024-11-09 16:59:09,472] Trial 98 finished with value: 66.0 and parameters: {'x_0': -4, 'x_1': 3, 'x_2': 0, 'x_3': -4, 'x_4': 5}. Best is trial 9 with value: 14.0.
2024-11-09 16:59:19,817 - INFO - Candidate Mean Stats: {'Max': np.float64(100.0), 'Min': np.float64(-9.161560399206792e-14), 'Mean': np.float64(0.030853580542809393), 'Std': np.float64(1.3301227188736395)}
2024-11-09 16:59:19,818 - INFO - Candidate Std Stats: {'Max': np.float64(0.9999999961045338), 'Min': np.float64(0.0), 'Mean': np.float64(0.9993852749385462), 'Std': np.float64(0.02478576653903544)}
2024-11-09 16:59:19,849 - INFO - Top 10 Mean Stats: {'Max': np.float64(3.654455210666541e-15), 'Min': np.float64(-5.437490735449302e-15), 'Mean': np.float64(-8.232043519074139e-16), 'Std': np.float64(2.367457182793017e-15)}
2024-11-09 16:59:19,849 - INFO - Top 10 Std Stats: {'Max': np.float64(0.9999999961045338), 'Min': np.float64(0.9999999956823452), 'Mean': np.float64(0.9999999958413165), 'Std': np.float64(1.5457447794853988e-10)}
2024-11-09 16:59:19,849 - INFO - Bottom 10 Mean Stats: {'Max': np.float64(100.0), 'Min': np.float64(77.0), 'Mean': np.float64(83.3), 'Std': np.float64(8.283115355951528)}
2024-11-09 16:59:19,849 - INFO - Bottom 10 Std Stats: {'Max': np.float64(0.0), 'Min': np.float64(0.0), 'Mean': np.float64(0.0), 'Std': np.float64(0.0)}
[I 2024-11-09 16:59:19,886] Trial 99 finished with value: 22.0 and parameters: {'x_0': -4, 'x_1': 1, 'x_2': 0, 'x_3': 2, 'x_4': 1}. Best is trial 9 with value: 14.0.
2024-11-09 16:59:29,352 - INFO - Candidate Mean Stats: {'Max': np.float64(100.0), 'Min': np.float64(-6.106226635438361e-14), 'Mean': np.float64(0.030990183233882435), 'Std': np.float64(1.33124875903899)}
2024-11-09 16:59:29,352 - INFO - Candidate Std Stats: {'Max': np.float64(0.9999999964247378), 'Min': np.float64(0.0), 'Mean': np.float64(0.9993790655560317), 'Std': np.float64(0.02491055526229069)}
2024-11-09 16:59:29,380 - INFO - Top 10 Mean Stats: {'Max': np.float64(4.918287999089443e-15), 'Min': np.float64(-4.0051295613352525e-15), 'Mean': np.float64(-8.049116928532401e-18), 'Std': np.float64(2.767196215070769e-15)}
2024-11-09 16:59:29,380 - INFO - Top 10 Std Stats: {'Max': np.float64(0.9999999964247378), 'Min': np.float64(0.9999999959598445), 'Mean': np.float64(0.9999999961280596), 'Std': np.float64(1.2925809696008997e-10)}
2024-11-09 16:59:29,380 - INFO - Bottom 10 Mean Stats: {'Max': np.float64(100.0), 'Min': np.float64(77.0), 'Mean': np.float64(83.3), 'Std': np.float64(8.283115355951528)}
2024-11-09 16:59:29,382 - INFO - Bottom 10 Std Stats: {'Max': np.float64(0.0), 'Min': np.float64(0.0), 'Mean': np.float64(0.0), 'Std': np.float64(0.0)}
[I 2024-11-09 16:59:29,411] Trial 100 finished with value: 13.0 and parameters: {'x_0': -3, 'x_1': 2, 'x_2': 0, 'x_3': 0, 'x_4': 0}. Best is trial 100 with value: 13.0.
2024-11-09 16:59:40,598 - INFO - Candidate Mean Stats: {'Max': np.float64(100.0), 'Min': np.float64(-6.233902283270254e-14), 'Mean': np.float64(0.031070903005880154), 'Std': np.float64(1.331640944820371)}
2024-11-09 16:59:40,599 - INFO - Candidate Std Stats: {'Max': np.float64(0.9999999966237781), 'Min': np.float64(0.0), 'Mean': np.float64(0.9993728567868467), 'Std': np.float64(0.025034720443418552)}
2024-11-09 16:59:40,627 - INFO - Top 10 Mean Stats: {'Max': np.float64(2.886579864025407e-15), 'Min': np.float64(-4.57897608718838e-15), 'Mean': np.float64(-4.510281037539698e-16), 'Std': np.float64(2.6671375011446212e-15)}
2024-11-09 16:59:40,627 - INFO - Top 10 Std Stats: {'Max': np.float64(0.9999999966237781), 'Min': np.float64(0.9999999960416309), 'Mean': np.float64(0.9999999962826331), 'Std': np.float64(1.928423472067174e-10)}
2024-11-09 16:59:40,628 - INFO - Bottom 10 Mean Stats: {'Max': np.float64(100.0), 'Min': np.float64(77.0), 'Mean': np.float64(83.3), 'Std': np.float64(8.283115355951528)}
2024-11-09 16:59:40,628 - INFO - Bottom 10 Std Stats: {'Max': np.float64(0.0), 'Min': np.float64(0.0), 'Mean': np.float64(0.0), 'Std': np.float64(0.0)}
[I 2024-11-09 16:59:40,662] Trial 101 finished with value: 35.0 and parameters: {'x_0': 1, 'x_1': -3, 'x_2': 0, 'x_3': 0, 'x_4': 5}. Best is trial 100 with value: 13.0.
2024-11-09 16:59:50,892 - INFO - Candidate Mean Stats: {'Max': np.float64(100.0), 'Min': np.float64(-4.899275429792738e-14), 'Mean': np.float64(0.03128822546895086), 'Std': np.float64(1.3344887935423697)}
2024-11-09 16:59:50,893 - INFO - Candidate Std Stats: {'Max': np.float64(0.9999999965065657), 'Min': np.float64(0.0), 'Mean': np.float64(0.9993666480232997), 'Std': np.float64(0.02515827129979546)}
2024-11-09 16:59:50,926 - INFO - Top 10 Mean Stats: {'Max': np.float64(3.783084956410221e-15), 'Min': np.float64(-4.468647674116255e-15), 'Mean': np.float64(1.88859344829595e-16), 'Std': np.float64(2.693097541402064e-15)}
2024-11-09 16:59:50,926 - INFO - Top 10 Std Stats: {'Max': np.float64(0.9999999965065657), 'Min': np.float64(0.9999999958116907), 'Mean': np.float64(0.9999999960855586), 'Std': np.float64(2.4764867558358317e-10)}
2024-11-09 16:59:50,926 - INFO - Bottom 10 Mean Stats: {'Max': np.float64(100.0), 'Min': np.float64(77.0), 'Mean': np.float64(83.3), 'Std': np.float64(8.283115355951528)}
2024-11-09 16:59:50,926 - INFO - Bottom 10 Std Stats: {'Max': np.float64(0.0), 'Min': np.float64(0.0), 'Mean': np.float64(0.0), 'Std': np.float64(0.0)}
[I 2024-11-09 16:59:50,956] Trial 102 finished with value: 51.0 and parameters: {'x_0': -3, 'x_1': -4, 'x_2': 3, 'x_3': -4, 'x_4': 1}. Best is trial 100 with value: 13.0.
2024-11-09 16:59:59,069 - INFO - Candidate Mean Stats: {'Max': np.float64(100.0), 'Min': np.float64(-8.219536162812347e-14), 'Mean': np.float64(0.03160489534371098), 'Std': np.float64(1.3405187754545806)}
2024-11-09 16:59:59,069 - INFO - Candidate Std Stats: {'Max': np.float64(0.9999999964964462), 'Min': np.float64(0.0), 'Mean': np.float64(0.999360437985579), 'Std': np.float64(0.025281216805779487)}
2024-11-09 16:59:59,099 - INFO - Top 10 Mean Stats: {'Max': np.float64(3.4371810953004457e-15), 'Min': np.float64(-2.3175905639050143e-15), 'Mean': np.float64(-2.519859321203911e-16), 'Std': np.float64(1.912769275130588e-15)}
2024-11-09 16:59:59,099 - INFO - Top 10 Std Stats: {'Max': np.float64(0.9999999964964462), 'Min': np.float64(0.9999999961922247), 'Mean': np.float64(0.9999999963324224), 'Std': np.float64(1.1092750638811863e-10)}
2024-11-09 16:59:59,099 - INFO - Bottom 10 Mean Stats: {'Max': np.float64(100.0), 'Min': np.float64(77.0), 'Mean': np.float64(83.3), 'Std': np.float64(8.283115355951528)}
2024-11-09 16:59:59,099 - INFO - Bottom 10 Std Stats: {'Max': np.float64(0.0), 'Min': np.float64(0.0), 'Mean': np.float64(0.0), 'Std': np.float64(0.0)}
[I 2024-11-09 16:59:59,129] Trial 103 finished with value: 61.0 and parameters: {'x_0': 0, 'x_1': 4, 'x_2': 2, 'x_3': 5, 'x_4': -4}. Best is trial 100 with value: 13.0.
2024-11-09 17:00:07,815 - INFO - Candidate Mean Stats: {'Max': np.float64(100.0), 'Min': np.float64(-5.540012892879531e-14), 'Mean': np.float64(0.03198365735077709), 'Std': np.float64(1.3491000648022495)}
2024-11-09 17:00:07,816 - INFO - Candidate Std Stats: {'Max': np.float64(0.9999999965073142), 'Min': np.float64(0.0), 'Mean': np.float64(0.9993542290226481), 'Std': np.float64(0.025403565809281846)}
2024-11-09 17:00:07,837 - INFO - Top 10 Mean Stats: {'Max': np.float64(5.637157407534232e-15), 'Min': np.float64(-4.701794509287538e-15), 'Mean': np.float64(-6.733502644351575e-16), 'Std': np.float64(3.018014023528756e-15)}
2024-11-09 17:00:07,838 - INFO - Top 10 Std Stats: {'Max': np.float64(0.9999999965073142), 'Min': np.float64(0.9999999960972705), 'Mean': np.float64(0.9999999962851961), 'Std': np.float64(1.4192682599824905e-10)}
2024-11-09 17:00:07,838 - INFO - Bottom 10 Mean Stats: {'Max': np.float64(100.0), 'Min': np.float64(77.0), 'Mean': np.float64(83.3), 'Std': np.float64(8.283115355951528)}
2024-11-09 17:00:07,838 - INFO - Bottom 10 Std Stats: {'Max': np.float64(0.0), 'Min': np.float64(0.0), 'Mean': np.float64(0.0), 'Std': np.float64(0.0)}
[I 2024-11-09 17:00:07,867] Trial 104 finished with value: 48.0 and parameters: {'x_0': -2, 'x_1': 1, 'x_2': -3, 'x_3': -5, 'x_4': 3}. Best is trial 100 with value: 13.0.
2024-11-09 17:00:17,694 - INFO - Candidate Mean Stats: {'Max': np.float64(100.0), 'Min': np.float64(-6.193934254383748e-14), 'Mean': np.float64(0.03228169958584546), 'Std': np.float64(1.3543846788642058)}
2024-11-09 17:00:17,695 - INFO - Candidate Std Stats: {'Max': np.float64(0.9999999969850203), 'Min': np.float64(0.0), 'Mean': np.float64(0.9993480197016469), 'Std': np.float64(0.02552532685202795)}
2024-11-09 17:00:17,718 - INFO - Top 10 Mean Stats: {'Max': np.float64(2.4424906541753444e-15), 'Min': np.float64(-3.8635761256955444e-15), 'Mean': np.float64(-2.1344037648418633e-16), 'Std': np.float64(1.8851763698862217e-15)}
2024-11-09 17:00:17,718 - INFO - Top 10 Std Stats: {'Max': np.float64(0.9999999969850203), 'Min': np.float64(0.9999999963682027), 'Mean': np.float64(0.999999996631072), 'Std': np.float64(2.392392433933114e-10)}
2024-11-09 17:00:17,719 - INFO - Bottom 10 Mean Stats: {'Max': np.float64(100.0), 'Min': np.float64(77.0), 'Mean': np.float64(83.3), 'Std': np.float64(8.283115355951528)}
2024-11-09 17:00:17,719 - INFO - Bottom 10 Std Stats: {'Max': np.float64(0.0), 'Min': np.float64(0.0), 'Mean': np.float64(0.0), 'Std': np.float64(0.0)}
[I 2024-11-09 17:00:17,745] Trial 105 finished with value: 23.0 and parameters: {'x_0': -3, 'x_1': -1, 'x_2': 3, 'x_3': 2, 'x_4': 0}. Best is trial 100 with value: 13.0.
2024-11-09 17:00:26,050 - INFO - Candidate Mean Stats: {'Max': np.float64(100.0), 'Min': np.float64(-5.392075674848229e-14), 'Mean': np.float64(0.03242451149014908), 'Std': np.float64(1.3555933355264982)}
2024-11-09 17:00:26,051 - INFO - Candidate Std Stats: {'Max': np.float64(0.9999999956490182), 'Min': np.float64(0.0), 'Mean': np.float64(0.9993418101312682), 'Std': np.float64(0.02564650831087141)}
2024-11-09 17:00:26,082 - INFO - Top 10 Mean Stats: {'Max': np.float64(2.6867397195928787e-15), 'Min': np.float64(-5.961897642237091e-15), 'Mean': np.float64(-5.32629496063919e-16), 'Std': np.float64(2.195996323218269e-15)}
2024-11-09 17:00:26,082 - INFO - Top 10 Std Stats: {'Max': np.float64(0.9999999956490182), 'Min': np.float64(0.9999999952842142), 'Mean': np.float64(0.999999995364744), 'Std': np.float64(1.0262136773948162e-10)}
2024-11-09 17:00:26,083 - INFO - Bottom 10 Mean Stats: {'Max': np.float64(100.0), 'Min': np.float64(77.0), 'Mean': np.float64(83.3), 'Std': np.float64(8.283115355951528)}
2024-11-09 17:00:26,087 - INFO - Bottom 10 Std Stats: {'Max': np.float64(0.0), 'Min': np.float64(0.0), 'Mean': np.float64(0.0), 'Std': np.float64(0.0)}
[I 2024-11-09 17:00:26,116] Trial 106 finished with value: 53.0 and parameters: {'x_0': -1, 'x_1': -5, 'x_2': 1, 'x_3': -5, 'x_4': 1}. Best is trial 100 with value: 13.0.
2024-11-09 17:00:34,603 - INFO - Candidate Mean Stats: {'Max': np.float64(100.0), 'Min': np.float64(-5.551115123125783e-14), 'Mean': np.float64(0.032753599791370436), 'Std': np.float64(1.3620034955662446)}
2024-11-09 17:00:34,604 - INFO - Candidate Std Stats: {'Max': np.float64(0.9999999959906214), 'Min': np.float64(0.0), 'Mean': np.float64(0.9993356012685671), 'Std': np.float64(0.025767118387571984)}
2024-11-09 17:00:34,631 - INFO - Top 10 Mean Stats: {'Max': np.float64(4.812816811750054e-15), 'Min': np.float64(-2.456368441983159e-15), 'Mean': np.float64(1.170175067954915e-15), 'Std': np.float64(1.910154846072412e-15)}
2024-11-09 17:00:34,631 - INFO - Top 10 Std Stats: {'Max': np.float64(0.9999999959906214), 'Min': np.float64(0.9999999955622366), 'Mean': np.float64(0.9999999956889093), 'Std': np.float64(1.2014842606793978e-10)}
2024-11-09 17:00:34,631 - INFO - Bottom 10 Mean Stats: {'Max': np.float64(100.0), 'Min': np.float64(77.0), 'Mean': np.float64(83.3), 'Std': np.float64(8.283115355951528)}
2024-11-09 17:00:34,631 - INFO - Bottom 10 Std Stats: {'Max': np.float64(0.0), 'Min': np.float64(0.0), 'Mean': np.float64(0.0), 'Std': np.float64(0.0)}
[I 2024-11-09 17:00:34,659] Trial 107 finished with value: 47.0 and parameters: {'x_0': 4, 'x_1': 5, 'x_2': 1, 'x_3': 1, 'x_4': -2}. Best is trial 100 with value: 13.0.
2024-11-09 17:00:43,729 - INFO - Candidate Mean Stats: {'Max': np.float64(100.0), 'Min': np.float64(-5.737632591262808e-14), 'Mean': np.float64(0.03304543281320823), 'Std': np.float64(1.3670224839520846)}
2024-11-09 17:00:43,730 - INFO - Candidate Std Stats: {'Max': np.float64(0.9999999969461522), 'Min': np.float64(0.0), 'Mean': np.float64(0.999329391896062), 'Std': np.float64(0.025887165037427523)}
2024-11-09 17:00:43,762 - INFO - Top 10 Mean Stats: {'Max': np.float64(3.530509218307998e-15), 'Min': np.float64(-1.2656542480726785e-15), 'Mean': np.float64(9.225606389939854e-16), 'Std': np.float64(1.5436598470763012e-15)}
2024-11-09 17:00:43,766 - INFO - Top 10 Std Stats: {'Max': np.float64(0.9999999969461522), 'Min': np.float64(0.9999999962891234), 'Mean': np.float64(0.9999999965551828), 'Std': np.float64(2.1089421516703573e-10)}
2024-11-09 17:00:43,767 - INFO - Bottom 10 Mean Stats: {'Max': np.float64(100.0), 'Min': np.float64(77.0), 'Mean': np.float64(83.3), 'Std': np.float64(8.283115355951528)}
2024-11-09 17:00:43,767 - INFO - Bottom 10 Std Stats: {'Max': np.float64(0.0), 'Min': np.float64(0.0), 'Mean': np.float64(0.0), 'Std': np.float64(0.0)}
[I 2024-11-09 17:00:43,797] Trial 108 finished with value: 34.0 and parameters: {'x_0': 3, 'x_1': -2, 'x_2': -4, 'x_3': 1, 'x_4': 2}. Best is trial 100 with value: 13.0.
2024-11-09 17:00:51,860 - INFO - Candidate Mean Stats: {'Max': np.float64(100.0), 'Min': np.float64(-9.736655925962623e-14), 'Mean': np.float64(0.033256546063048356), 'Std': np.float64(1.3696402173194462)}
2024-11-09 17:00:51,861 - INFO - Candidate Std Stats: {'Max': np.float64(0.9999999965993432), 'Min': np.float64(0.0), 'Mean': np.float64(0.9993231829384437), 'Std': np.float64(0.02600665608646845)}
2024-11-09 17:00:51,883 - INFO - Top 10 Mean Stats: {'Max': np.float64(2.3814283878209607e-15), 'Min': np.float64(-6.4448446579490334e-15), 'Mean': np.float64(-1.293409823688307e-16), 'Std': np.float64(2.4022966035957615e-15)}
2024-11-09 17:00:51,884 - INFO - Top 10 Std Stats: {'Max': np.float64(0.9999999965993432), 'Min': np.float64(0.9999999958933116), 'Mean': np.float64(0.9999999962162326), 'Std': np.float64(2.592923963035369e-10)}
2024-11-09 17:00:51,884 - INFO - Bottom 10 Mean Stats: {'Max': np.float64(100.0), 'Min': np.float64(77.0), 'Mean': np.float64(83.3), 'Std': np.float64(8.283115355951528)}
2024-11-09 17:00:51,884 - INFO - Bottom 10 Std Stats: {'Max': np.float64(0.0), 'Min': np.float64(0.0), 'Mean': np.float64(0.0), 'Std': np.float64(0.0)}
[I 2024-11-09 17:00:51,913] Trial 109 finished with value: 44.0 and parameters: {'x_0': 4, 'x_1': 1, 'x_2': -5, 'x_3': -1, 'x_4': -1}. Best is trial 100 with value: 13.0.
2024-11-09 17:00:59,669 - INFO - Candidate Mean Stats: {'Max': np.float64(100.0), 'Min': np.float64(-6.685763054292693e-14), 'Mean': np.float64(0.0335297514451944), 'Std': np.float64(1.3740149618316946)}
2024-11-09 17:00:59,671 - INFO - Candidate Std Stats: {'Max': np.float64(0.9999999964447319), 'Min': np.float64(0.0), 'Mean': np.float64(0.9993169735542007), 'Std': np.float64(0.026125599136471396)}
2024-11-09 17:00:59,696 - INFO - Top 10 Mean Stats: {'Max': np.float64(1.2184697695261093e-15), 'Min': np.float64(-3.7636560534792805e-15), 'Mean': np.float64(-1.224853551917704e-15), 'Std': np.float64(1.4634386437849965e-15)}
2024-11-09 17:00:59,696 - INFO - Top 10 Std Stats: {'Max': np.float64(0.9999999964447319), 'Min': np.float64(0.9999999956643547), 'Mean': np.float64(0.9999999959591739), 'Std': np.float64(2.403960209217435e-10)}
2024-11-09 17:00:59,696 - INFO - Bottom 10 Mean Stats: {'Max': np.float64(100.0), 'Min': np.float64(77.0), 'Mean': np.float64(83.3), 'Std': np.float64(8.283115355951528)}
2024-11-09 17:00:59,697 - INFO - Bottom 10 Std Stats: {'Max': np.float64(0.0), 'Min': np.float64(0.0), 'Mean': np.float64(0.0), 'Std': np.float64(0.0)}
[I 2024-11-09 17:00:59,728] Trial 110 finished with value: 60.0 and parameters: {'x_0': -1, 'x_1': 0, 'x_2': 5, 'x_3': 3, 'x_4': 5}. Best is trial 100 with value: 13.0.
2024-11-09 17:01:08,269 - INFO - Candidate Mean Stats: {'Max': np.float64(100.0), 'Min': np.float64(-5.0931481254679056e-14), 'Mean': np.float64(0.03390230423902988), 'Std': np.float64(1.382116189387398)}
2024-11-09 17:01:08,270 - INFO - Candidate Std Stats: {'Max': np.float64(0.9999999971276754), 'Min': np.float64(0.0), 'Mean': np.float64(0.9993107651942476), 'Std': np.float64(0.026244001676161432)}
2024-11-09 17:01:08,296 - INFO - Top 10 Mean Stats: {'Max': np.float64(2.2093438190040614e-15), 'Min': np.float64(-2.0650148258027913e-15), 'Mean': np.float64(-4.65304877961259e-16), 'Std': np.float64(1.2759189875563034e-15)}
2024-11-09 17:01:08,297 - INFO - Top 10 Std Stats: {'Max': np.float64(0.9999999971276754), 'Min': np.float64(0.9999999963713369), 'Mean': np.float64(0.9999999965940022), 'Std': np.float64(2.2729362382203858e-10)}
2024-11-09 17:01:08,297 - INFO - Bottom 10 Mean Stats: {'Max': np.float64(100.0), 'Min': np.float64(77.0), 'Mean': np.float64(83.3), 'Std': np.float64(8.283115355951528)}
2024-11-09 17:01:08,297 - INFO - Bottom 10 Std Stats: {'Max': np.float64(0.0), 'Min': np.float64(0.0), 'Mean': np.float64(0.0), 'Std': np.float64(0.0)}
