[I 2024-11-09 17:19:34,230] Trial 218 finished with value: 52.0 and parameters: {'x_0': 3, 'x_1': -3, 'x_2': 3, 'x_3': 0, 'x_4': 5}. Best is trial 109 with value: 2.0.
2024-11-09 17:19:44,587 - INFO - Candidate Mean Stats: {'Max': np.float64(100.0), 'Min': np.float64(-5.6288307348495437e-14), 'Mean': np.float64(0.06597909978826581), 'Std': np.float64(1.9250456318713893)}
2024-11-09 17:19:44,588 - INFO - Candidate Std Stats: {'Max': np.float64(0.9999999987632113), 'Min': np.float64(0.0), 'Mean': np.float64(0.9986401708621336), 'Std': np.float64(0.03685062499083978)}
2024-11-09 17:19:44,614 - INFO - Top 10 Mean Stats: {'Max': np.float64(8.409939411535561e-16), 'Min': np.float64(-7.049916206369744e-16), 'Mean': np.float64(1.403391292065237e-16), 'Std': np.float64(4.95428454304817e-16)}
2024-11-09 17:19:44,614 - INFO - Top 10 Std Stats: {'Max': np.float64(0.9999999987632113), 'Min': np.float64(0.9999999982311876), 'Mean': np.float64(0.9999999983778045), 'Std': np.float64(1.682339856039866e-10)}
2024-11-09 17:19:44,614 - INFO - Bottom 10 Mean Stats: {'Max': np.float64(100.0), 'Min': np.float64(82.0), 'Mean': np.float64(87.4), 'Std': np.float64(5.517245689653488)}
2024-11-09 17:19:44,614 - INFO - Bottom 10 Std Stats: {'Max': np.float64(0.0), 'Min': np.float64(0.0), 'Mean': np.float64(0.0), 'Std': np.float64(0.0)}
[I 2024-11-09 17:19:44,652] Trial 219 finished with value: 84.0 and parameters: {'x_0': -3, 'x_1': 5, 'x_2': 3, 'x_3': -4, 'x_4': -5}. Best is trial 109 with value: 2.0.
2024-11-09 17:19:55,385 - INFO - Candidate Mean Stats: {'Max': np.float64(100.0), 'Min': np.float64(-5.1639248432877594e-14), 'Mean': np.float64(0.06650067369963553), 'Std': np.float64(1.9363738779865152)}
2024-11-09 17:19:55,387 - INFO - Candidate Std Stats: {'Max': np.float64(0.9999999976691784), 'Min': np.float64(0.0), 'Mean': np.float64(0.9986339618542299), 'Std': np.float64(0.03693454819697383)}
2024-11-09 17:19:55,414 - INFO - Top 10 Mean Stats: {'Max': np.float64(3.347322419244847e-15), 'Min': np.float64(-1.6653345369377348e-15), 'Mean': np.float64(6.450395773072159e-16), 'Std': np.float64(1.6698245172981531e-15)}
2024-11-09 17:19:55,414 - INFO - Top 10 Std Stats: {'Max': np.float64(0.9999999976691784), 'Min': np.float64(0.9999999970551237), 'Mean': np.float64(0.9999999973465163), 'Std': np.float64(2.0980894762344444e-10)}
2024-11-09 17:19:55,416 - INFO - Bottom 10 Mean Stats: {'Max': np.float64(100.0), 'Min': np.float64(82.0), 'Mean': np.float64(87.6), 'Std': np.float64(5.3516352641038605)}
2024-11-09 17:19:55,416 - INFO - Bottom 10 Std Stats: {'Max': np.float64(0.0), 'Min': np.float64(0.0), 'Mean': np.float64(0.0), 'Std': np.float64(0.0)}
[I 2024-11-09 17:19:55,447] Trial 220 finished with value: 71.0 and parameters: {'x_0': 4, 'x_1': 1, 'x_2': -5, 'x_3': 5, 'x_4': 2}. Best is trial 109 with value: 2.0.
2024-11-09 17:20:05,469 - INFO - Candidate Mean Stats: {'Max': np.float64(100.0), 'Min': np.float64(-3.8996583739958623e-14), 'Mean': np.float64(0.0669415278390075), 'Std': np.float64(1.9444242362964494)}
2024-11-09 17:20:05,470 - INFO - Candidate Std Stats: {'Max': np.float64(0.9999999970285162), 'Min': np.float64(0.0), 'Mean': np.float64(0.9986277528227642), 'Std': np.float64(0.0370182801011262)}
2024-11-09 17:20:05,495 - INFO - Top 10 Mean Stats: {'Max': np.float64(3.1693397906096266e-15), 'Min': np.float64(-1.8096635301390052e-15), 'Mean': np.float64(1.0572792641383444e-15), 'Std': np.float64(1.5858838692904091e-15)}
2024-11-09 17:20:05,496 - INFO - Top 10 Std Stats: {'Max': np.float64(0.9999999970285162), 'Min': np.float64(0.9999999965306933), 'Mean': np.float64(0.9999999967003594), 'Std': np.float64(1.4953578229211192e-10)}
2024-11-09 17:20:05,496 - INFO - Bottom 10 Mean Stats: {'Max': np.float64(100.0), 'Min': np.float64(82.0), 'Mean': np.float64(87.6), 'Std': np.float64(5.3516352641038605)}
2024-11-09 17:20:05,496 - INFO - Bottom 10 Std Stats: {'Max': np.float64(0.0), 'Min': np.float64(0.0), 'Mean': np.float64(0.0), 'Std': np.float64(0.0)}
[I 2024-11-09 17:20:05,534] Trial 221 finished with value: 51.0 and parameters: {'x_0': 0, 'x_1': 1, 'x_2': 3, 'x_3': 5, 'x_4': 4}. Best is trial 109 with value: 2.0.
2024-11-09 17:20:16,426 - INFO - Candidate Mean Stats: {'Max': np.float64(100.0), 'Min': np.float64(-4.722125468425986e-14), 'Mean': np.float64(0.06725819771376772), 'Std': np.float64(1.9485618484665854)}
2024-11-09 17:20:16,428 - INFO - Candidate Std Stats: {'Max': np.float64(0.9999999967426175), 'Min': np.float64(0.0), 'Mean': np.float64(0.9986215433207126), 'Std': np.float64(0.0371018219818757)}
2024-11-09 17:20:16,455 - INFO - Top 10 Mean Stats: {'Max': np.float64(2.345346139520643e-15), 'Min': np.float64(-1.559863349598345e-15), 'Mean': np.float64(3.484018629151819e-16), 'Std': np.float64(1.3045568773118364e-15)}
2024-11-09 17:20:16,455 - INFO - Top 10 Std Stats: {'Max': np.float64(0.9999999967426175), 'Min': np.float64(0.9999999962927658), 'Mean': np.float64(0.9999999964480173), 'Std': np.float64(1.3613070441934215e-10)}
2024-11-09 17:20:16,455 - INFO - Bottom 10 Mean Stats: {'Max': np.float64(100.0), 'Min': np.float64(82.0), 'Mean': np.float64(87.6), 'Std': np.float64(5.3516352641038605)}
2024-11-09 17:20:16,455 - INFO - Bottom 10 Std Stats: {'Max': np.float64(0.0), 'Min': np.float64(0.0), 'Mean': np.float64(0.0), 'Std': np.float64(0.0)}
[I 2024-11-09 17:20:16,489] Trial 222 finished with value: 60.0 and parameters: {'x_0': 5, 'x_1': 4, 'x_2': -3, 'x_3': -3, 'x_4': 1}. Best is trial 109 with value: 2.0.
2024-11-09 17:20:26,557 - INFO - Candidate Mean Stats: {'Max': np.float64(100.0), 'Min': np.float64(-4.0545344859310716e-14), 'Mean': np.float64(0.06763075050760317), 'Std': np.float64(1.9542763856924457)}
2024-11-09 17:20:26,559 - INFO - Candidate Std Stats: {'Max': np.float64(0.9999999970533837), 'Min': np.float64(0.0), 'Mean': np.float64(0.9986153342091985), 'Std': np.float64(0.037185175151797256)}
2024-11-09 17:20:26,589 - INFO - Top 10 Mean Stats: {'Max': np.float64(1.7763568394002505e-15), 'Min': np.float64(-3.8635761256955444e-15), 'Mean': np.float64(-4.607425552194395e-17), 'Std': np.float64(1.7811538982030903e-15)}
2024-11-09 17:20:26,589 - INFO - Top 10 Std Stats: {'Max': np.float64(0.9999999970533837), 'Min': np.float64(0.9999999965596186), 'Mean': np.float64(0.9999999967645008), 'Std': np.float64(1.8168431619220606e-10)}
2024-11-09 17:20:26,589 - INFO - Bottom 10 Mean Stats: {'Max': np.float64(100.0), 'Min': np.float64(82.0), 'Mean': np.float64(87.6), 'Std': np.float64(5.3516352641038605)}
2024-11-09 17:20:26,589 - INFO - Bottom 10 Std Stats: {'Max': np.float64(0.0), 'Min': np.float64(0.0), 'Mean': np.float64(0.0), 'Std': np.float64(0.0)}
[I 2024-11-09 17:20:26,619] Trial 223 finished with value: 31.0 and parameters: {'x_0': 4, 'x_1': -3, 'x_2': -1, 'x_3': 2, 'x_4': 1}. Best is trial 109 with value: 2.0.
2024-11-09 17:20:38,094 - INFO - Candidate Mean Stats: {'Max': np.float64(100.0), 'Min': np.float64(-5.333511410299252e-14), 'Mean': np.float64(0.06782323611775153), 'Std': np.float64(1.9557957901188108)}
2024-11-09 17:20:38,096 - INFO - Candidate Std Stats: {'Max': np.float64(0.9999999964255681), 'Min': np.float64(0.0), 'Mean': np.float64(0.9986091248519532), 'Std': np.float64(0.037268340853534074)}
2024-11-09 17:20:38,124 - INFO - Top 10 Mean Stats: {'Max': np.float64(4.043987367197132e-15), 'Min': np.float64(-4.057865155004947e-15), 'Mean': np.float64(-8.072535695458069e-17), 'Std': np.float64(2.4619813179786425e-15)}
2024-11-09 17:20:38,125 - INFO - Top 10 Std Stats: {'Max': np.float64(0.9999999964255681), 'Min': np.float64(0.9999999961128572), 'Mean': np.float64(0.9999999962022604), 'Std': np.float64(8.666750305644856e-11)}
2024-11-09 17:20:38,125 - INFO - Bottom 10 Mean Stats: {'Max': np.float64(100.0), 'Min': np.float64(82.0), 'Mean': np.float64(87.6), 'Std': np.float64(5.3516352641038605)}
2024-11-09 17:20:38,125 - INFO - Bottom 10 Std Stats: {'Max': np.float64(0.0), 'Min': np.float64(0.0), 'Mean': np.float64(0.0), 'Std': np.float64(0.0)}
[I 2024-11-09 17:20:38,158] Trial 224 finished with value: 41.0 and parameters: {'x_0': 2, 'x_1': -4, 'x_2': 2, 'x_3': 4, 'x_4': -1}. Best is trial 109 with value: 2.0.
2024-11-09 17:20:49,048 - INFO - Candidate Mean Stats: {'Max': np.float64(100.0), 'Min': np.float64(-4.2019165924500615e-14), 'Mean': np.float64(0.06807781386020577), 'Std': np.float64(1.9584535385616348)}
2024-11-09 17:20:49,050 - INFO - Candidate Std Stats: {'Max': np.float64(0.9999999970148983), 'Min': np.float64(0.0), 'Mean': np.float64(0.9986029159201152), 'Std': np.float64(0.03735132036430529)}
2024-11-09 17:20:49,080 - INFO - Top 10 Mean Stats: {'Max': np.float64(3.0697666630885577e-15), 'Min': np.float64(-2.7755575615628914e-15), 'Mean': np.float64(-6.800116025829086e-16), 'Std': np.float64(1.714875044271785e-15)}
2024-11-09 17:20:49,080 - INFO - Top 10 Std Stats: {'Max': np.float64(0.9999999970148983), 'Min': np.float64(0.9999999964959063), 'Mean': np.float64(0.9999999967122962), 'Std': np.float64(1.694753972606352e-10)}
2024-11-09 17:20:49,080 - INFO - Bottom 10 Mean Stats: {'Max': np.float64(100.0), 'Min': np.float64(82.0), 'Mean': np.float64(87.6), 'Std': np.float64(5.3516352641038605)}
2024-11-09 17:20:49,080 - INFO - Bottom 10 Std Stats: {'Max': np.float64(0.0), 'Min': np.float64(0.0), 'Mean': np.float64(0.0), 'Std': np.float64(0.0)}
[I 2024-11-09 17:20:49,122] Trial 225 finished with value: 62.0 and parameters: {'x_0': 1, 'x_1': -2, 'x_2': -5, 'x_3': -4, 'x_4': -4}. Best is trial 109 with value: 2.0.
2024-11-09 17:21:00,491 - INFO - Candidate Mean Stats: {'Max': np.float64(100.0), 'Min': np.float64(-4.783395901597487e-14), 'Mean': np.float64(0.06846278508050246), 'Std': np.float64(1.9645243480705423)}
2024-11-09 17:21:00,492 - INFO - Candidate Std Stats: {'Max': np.float64(0.9999999975254918), 'Min': np.float64(0.0), 'Mean': np.float64(0.9985967069299857), 'Std': np.float64(0.037434114904368605)}
2024-11-09 17:21:00,522 - INFO - Top 10 Mean Stats: {'Max': np.float64(2.453592884421596e-15), 'Min': np.float64(-1.2434497875801752e-15), 'Mean': np.float64(2.6756374893466274e-16), 'Std': np.float64(1.0193631065051968e-15)}
2024-11-09 17:21:00,522 - INFO - Top 10 Std Stats: {'Max': np.float64(0.9999999975254918), 'Min': np.float64(0.9999999968679757), 'Mean': np.float64(0.9999999972574101), 'Std': np.float64(2.1629313940392242e-10)}
2024-11-09 17:21:00,522 - INFO - Bottom 10 Mean Stats: {'Max': np.float64(100.0), 'Min': np.float64(82.0), 'Mean': np.float64(87.6), 'Std': np.float64(5.3516352641038605)}
2024-11-09 17:21:00,522 - INFO - Bottom 10 Std Stats: {'Max': np.float64(0.0), 'Min': np.float64(0.0), 'Mean': np.float64(0.0), 'Std': np.float64(0.0)}
[I 2024-11-09 17:21:00,552] Trial 226 finished with value: 43.0 and parameters: {'x_0': -3, 'x_1': 2, 'x_2': 1, 'x_3': -5, 'x_4': -2}. Best is trial 109 with value: 2.0.
2024-11-09 17:21:09,668 - INFO - Candidate Mean Stats: {'Max': np.float64(100.0), 'Min': np.float64(-4.9382720135326964e-14), 'Mean': np.float64(0.06872978124941789), 'Std': np.float64(1.9674349085892875)}
2024-11-09 17:21:09,669 - INFO - Candidate Std Stats: {'Max': np.float64(0.999999997676083), 'Min': np.float64(0.0), 'Mean': np.float64(0.9985904969791908), 'Std': np.float64(0.03751672566441217)}
2024-11-09 17:21:09,714 - INFO - Top 10 Mean Stats: {'Max': np.float64(4.102274075989954e-15), 'Min': np.float64(-1.6209256159527285e-15), 'Mean': np.float64(9.606204720569167e-16), 'Std': np.float64(1.8176823017353886e-15)}
2024-11-09 17:21:09,715 - INFO - Top 10 Std Stats: {'Max': np.float64(0.999999997676083), 'Min': np.float64(0.9999999969564178), 'Mean': np.float64(0.9999999972308196), 'Std': np.float64(2.330041848780272e-10)}
2024-11-09 17:21:09,715 - INFO - Bottom 10 Mean Stats: {'Max': np.float64(100.0), 'Min': np.float64(82.0), 'Mean': np.float64(87.6), 'Std': np.float64(5.3516352641038605)}
2024-11-09 17:21:09,715 - INFO - Bottom 10 Std Stats: {'Max': np.float64(0.0), 'Min': np.float64(0.0), 'Mean': np.float64(0.0), 'Std': np.float64(0.0)}
[I 2024-11-09 17:21:09,756] Trial 227 finished with value: 52.0 and parameters: {'x_0': 1, 'x_1': 0, 'x_2': 1, 'x_3': 5, 'x_4': 5}. Best is trial 109 with value: 2.0.
2024-11-09 17:21:20,523 - INFO - Candidate Mean Stats: {'Max': np.float64(100.0), 'Min': np.float64(-4.0245584642661925e-14), 'Mean': np.float64(0.06905266033740864), 'Std': np.float64(1.971685914399699)}
2024-11-09 17:21:20,524 - INFO - Candidate Std Stats: {'Max': np.float64(0.9999999969076985), 'Min': np.float64(0.0), 'Mean': np.float64(0.9985842880748603), 'Std': np.float64(0.037599153930906896)}
2024-11-09 17:21:20,550 - INFO - Top 10 Mean Stats: {'Max': np.float64(2.3401419690927128e-15), 'Min': np.float64(-2.2162827129079686e-15), 'Mean': np.float64(3.999404973864529e-16), 'Std': np.float64(1.3760258125894414e-15)}
2024-11-09 17:21:20,552 - INFO - Top 10 Std Stats: {'Max': np.float64(0.9999999969076985), 'Min': np.float64(0.9999999963031688), 'Mean': np.float64(0.999999996475738), 'Std': np.float64(1.9976741507000485e-10)}
2024-11-09 17:21:20,553 - INFO - Bottom 10 Mean Stats: {'Max': np.float64(100.0), 'Min': np.float64(82.0), 'Mean': np.float64(87.6), 'Std': np.float64(5.3516352641038605)}
2024-11-09 17:21:20,553 - INFO - Bottom 10 Std Stats: {'Max': np.float64(0.0), 'Min': np.float64(0.0), 'Mean': np.float64(0.0), 'Std': np.float64(0.0)}
[I 2024-11-09 17:21:20,589] Trial 228 finished with value: 70.0 and parameters: {'x_0': -4, 'x_1': -3, 'x_2': -2, 'x_3': 4, 'x_4': -5}. Best is trial 109 with value: 2.0.
2024-11-09 17:21:33,607 - INFO - Candidate Mean Stats: {'Max': np.float64(100.0), 'Min': np.float64(-6.598194213225383e-14), 'Mean': np.float64(0.06948730526355006), 'Std': np.float64(1.979371181506632)}
2024-11-09 17:21:33,611 - INFO - Candidate Std Stats: {'Max': np.float64(0.9999999967677756), 'Min': np.float64(0.0), 'Mean': np.float64(0.99857807896745), 'Std': np.float64(0.03768140085483546)}
2024-11-09 17:21:33,648 - INFO - Top 10 Mean Stats: {'Max': np.float64(4.074518500374325e-15), 'Min': np.float64(-4.091171845743702e-15), 'Mean': np.float64(2.4903690221123043e-16), 'Std': np.float64(2.4429167764670605e-15)}
2024-11-09 17:21:33,648 - INFO - Top 10 Std Stats: {'Max': np.float64(0.9999999967677756), 'Min': np.float64(0.9999999963972203), 'Mean': np.float64(0.9999999965060825), 'Std': np.float64(1.101493125836617e-10)}
2024-11-09 17:21:33,649 - INFO - Bottom 10 Mean Stats: {'Max': np.float64(100.0), 'Min': np.float64(82.0), 'Mean': np.float64(87.6), 'Std': np.float64(5.3516352641038605)}
2024-11-09 17:21:33,649 - INFO - Bottom 10 Std Stats: {'Max': np.float64(0.0), 'Min': np.float64(0.0), 'Mean': np.float64(0.0), 'Std': np.float64(0.0)}
[I 2024-11-09 17:21:33,688] Trial 229 finished with value: 64.0 and parameters: {'x_0': 5, 'x_1': -2, 'x_2': 5, 'x_3': -3, 'x_4': 1}. Best is trial 109 with value: 2.0.
2024-11-09 17:21:47,507 - INFO - Candidate Mean Stats: {'Max': np.float64(100.0), 'Min': np.float64(-4.8250292650209306e-14), 'Mean': np.float64(0.06988469491030791), 'Std': np.float64(1.9857713429752037)}
2024-11-09 17:21:47,509 - INFO - Candidate Std Stats: {'Max': np.float64(0.9999999970892716), 'Min': np.float64(0.0), 'Mean': np.float64(0.9985718696540047), 'Std': np.float64(0.037763467620850796)}
2024-11-09 17:21:47,576 - INFO - Top 10 Mean Stats: {'Max': np.float64(2.4424906541753444e-15), 'Min': np.float64(-3.597122599785507e-15), 'Mean': np.float64(-1.3089529460330593e-15), 'Std': np.float64(1.826466698853198e-15)}
2024-11-09 17:21:47,576 - INFO - Top 10 Std Stats: {'Max': np.float64(0.9999999970892716), 'Min': np.float64(0.9999999966669855), 'Mean': np.float64(0.9999999968331086), 'Std': np.float64(1.1688273854319974e-10)}
2024-11-09 17:21:47,577 - INFO - Bottom 10 Mean Stats: {'Max': np.float64(100.0), 'Min': np.float64(82.0), 'Mean': np.float64(87.6), 'Std': np.float64(5.3516352641038605)}
2024-11-09 17:21:47,578 - INFO - Bottom 10 Std Stats: {'Max': np.float64(0.0), 'Min': np.float64(0.0), 'Mean': np.float64(0.0), 'Std': np.float64(0.0)}
[I 2024-11-09 17:21:47,646] Trial 230 finished with value: 76.0 and parameters: {'x_0': 3, 'x_1': -4, 'x_2': 5, 'x_3': 5, 'x_4': 1}. Best is trial 109 with value: 2.0.
2024-11-09 17:22:00,712 - INFO - Candidate Mean Stats: {'Max': np.float64(100.0), 'Min': np.float64(-5.652700529878984e-14), 'Mean': np.float64(0.07035659511583288), 'Std': np.float64(1.9947646633896083)}
2024-11-09 17:22:00,712 - INFO - Candidate Std Stats: {'Max': np.float64(0.9999999989397167), 'Min': np.float64(0.0), 'Mean': np.float64(0.998565660138496), 'Std': np.float64(0.03784535540100659)}
2024-11-09 17:22:00,751 - INFO - Top 10 Mean Stats: {'Max': np.float64(5.828670879282072e-16), 'Min': np.float64(-7.882583474838611e-16), 'Mean': np.float64(8.104628079763644e-17), 'Std': np.float64(3.9187255728478107e-16)}
2024-11-09 17:22:00,752 - INFO - Top 10 Std Stats: {'Max': np.float64(0.9999999989397167), 'Min': np.float64(0.9999999986398859), 'Mean': np.float64(0.9999999987675319), 'Std': np.float64(1.029699309936307e-10)}
2024-11-09 17:22:00,752 - INFO - Bottom 10 Mean Stats: {'Max': np.float64(100.0), 'Min': np.float64(82.0), 'Mean': np.float64(87.6), 'Std': np.float64(5.3516352641038605)}
2024-11-09 17:22:00,753 - INFO - Bottom 10 Std Stats: {'Max': np.float64(0.0), 'Min': np.float64(0.0), 'Mean': np.float64(0.0), 'Std': np.float64(0.0)}
[I 2024-11-09 17:22:00,789] Trial 231 finished with value: 67.0 and parameters: {'x_0': -1, 'x_1': -4, 'x_2': -4, 'x_3': 5, 'x_4': 3}. Best is trial 109 with value: 2.0.
2024-11-09 17:22:11,991 - INFO - Candidate Mean Stats: {'Max': np.float64(100.0), 'Min': np.float64(-6.831202270518588e-14), 'Mean': np.float64(0.07077261240228251), 'Std': np.float64(2.001724383702719)}
2024-11-09 17:22:11,993 - INFO - Candidate Std Stats: {'Max': np.float64(0.9999999970020732), 'Min': np.float64(0.0), 'Mean': np.float64(0.9985594512643369), 'Std': np.float64(0.03792706538657533)}
2024-11-09 17:22:12,020 - INFO - Top 10 Mean Stats: {'Max': np.float64(3.658184866139891e-15), 'Min': np.float64(-2.5646151868841118e-15), 'Mean': np.float64(3.59989815734707e-16), 'Std': np.float64(1.8274773689896853e-15)}
2024-11-09 17:22:12,020 - INFO - Top 10 Std Stats: {'Max': np.float64(0.9999999970020732), 'Min': np.float64(0.9999999967438137), 'Mean': np.float64(0.9999999968820641), 'Std': np.float64(9.158244946808921e-11)}
2024-11-09 17:22:12,021 - INFO - Bottom 10 Mean Stats: {'Max': np.float64(100.0), 'Min': np.float64(82.0), 'Mean': np.float64(87.6), 'Std': np.float64(5.3516352641038605)}
2024-11-09 17:22:12,021 - INFO - Bottom 10 Std Stats: {'Max': np.float64(0.0), 'Min': np.float64(0.0), 'Mean': np.float64(0.0), 'Std': np.float64(0.0)}
[I 2024-11-09 17:22:12,056] Trial 232 finished with value: 75.0 and parameters: {'x_0': -5, 'x_1': -5, 'x_2': 0, 'x_3': 3, 'x_4': 4}. Best is trial 109 with value: 2.0.
2024-11-09 17:22:25,387 - INFO - Candidate Mean Stats: {'Max': np.float64(100.0), 'Min': np.float64(-6.022959908591474e-14), 'Mean': np.float64(0.07123830339457689), 'Std': np.float64(2.0104131912439827)}
2024-11-09 17:22:25,388 - INFO - Candidate Std Stats: {'Max': np.float64(0.9999999966316413), 'Min': np.float64(0.0), 'Mean': np.float64(0.9985532418517901), 'Std': np.float64(0.03800859867962202)}
2024-11-09 17:22:25,429 - INFO - Top 10 Mean Stats: {'Max': np.float64(2.9531932455029166e-15), 'Min': np.float64(-3.708144902248023e-15), 'Mean': np.float64(-9.570122472268849e-16), 'Std': np.float64(1.637073073098395e-15)}
2024-11-09 17:22:25,429 - INFO - Top 10 Std Stats: {'Max': np.float64(0.9999999966316413), 'Min': np.float64(0.9999999960053282), 'Mean': np.float64(0.9999999962535284), 'Std': np.float64(1.759137898252156e-10)}
2024-11-09 17:22:25,429 - INFO - Bottom 10 Mean Stats: {'Max': np.float64(100.0), 'Min': np.float64(82.0), 'Mean': np.float64(87.6), 'Std': np.float64(5.3516352641038605)}
2024-11-09 17:22:25,429 - INFO - Bottom 10 Std Stats: {'Max': np.float64(0.0), 'Min': np.float64(0.0), 'Mean': np.float64(0.0), 'Std': np.float64(0.0)}
[I 2024-11-09 17:22:25,463] Trial 233 finished with value: 42.0 and parameters: {'x_0': 2, 'x_1': 2, 'x_2': -3, 'x_3': 4, 'x_4': -3}. Best is trial 109 with value: 2.0.
2024-11-09 17:22:37,950 - INFO - Candidate Mean Stats: {'Max': np.float64(100.0), 'Min': np.float64(-4.731770530952417e-14), 'Mean': np.float64(0.07149909035026172), 'Std': np.float64(2.0131261827357476)}
2024-11-09 17:22:37,950 - INFO - Candidate Std Stats: {'Max': np.float64(0.9999999960933723), 'Min': np.float64(0.0), 'Mean': np.float64(0.9985470328569523), 'Std': np.float64(0.038089956451009314)}
2024-11-09 17:22:38,018 - INFO - Top 10 Mean Stats: {'Max': np.float64(2.67841304690819e-15), 'Min': np.float64(-2.4980018054066022e-15), 'Mean': np.float64(3.544387006115812e-16), 'Std': np.float64(1.6348236901801803e-15)}
2024-11-09 17:22:38,018 - INFO - Top 10 Std Stats: {'Max': np.float64(0.9999999960933723), 'Min': np.float64(0.9999999957349647), 'Mean': np.float64(0.9999999959346656), 'Std': np.float64(1.1630496460820958e-10)}
2024-11-09 17:22:38,018 - INFO - Bottom 10 Mean Stats: {'Max': np.float64(100.0), 'Min': np.float64(82.0), 'Mean': np.float64(87.6), 'Std': np.float64(5.3516352641038605)}
2024-11-09 17:22:38,018 - INFO - Bottom 10 Std Stats: {'Max': np.float64(0.0), 'Min': np.float64(0.0), 'Mean': np.float64(0.0), 'Std': np.float64(0.0)}
