[I 2024-11-09 16:44:57,727] Trial 31 finished with value: 34.0 and parameters: {'x_0': 5, 'x_1': 0, 'x_2': -2, 'x_3': 1, 'x_4': -2}. Best is trial 19 with value: 6.0.
2024-11-09 16:45:07,584 - INFO - Candidate Mean Stats: {'Max': np.float64(101.0), 'Min': np.float64(-5.5594417958104714e-14), 'Mean': np.float64(0.009115125022508396), 'Std': np.float64(0.709277307844809)}
2024-11-09 16:45:07,585 - INFO - Candidate Std Stats: {'Max': np.float64(0.9999999962157641), 'Min': np.float64(0.0), 'Mean': np.float64(0.9998012915478731), 'Std': np.float64(0.01409451447656815)}
2024-11-09 16:45:07,621 - INFO - Top 10 Mean Stats: {'Max': np.float64(2.638167462265528e-15), 'Min': np.float64(-3.563815909046753e-15), 'Mean': np.float64(-4.936329123239603e-16), 'Std': np.float64(1.9127682037465837e-15)}
2024-11-09 16:45:07,621 - INFO - Top 10 Std Stats: {'Max': np.float64(0.9999999962157641), 'Min': np.float64(0.9999999958681316), 'Mean': np.float64(0.9999999960208215), 'Std': np.float64(1.1844480771891463e-10)}
2024-11-09 16:45:07,621 - INFO - Bottom 10 Mean Stats: {'Max': np.float64(101.0), 'Min': np.float64(56.0), 'Mean': np.float64(70.9), 'Std': np.float64(13.663454907160194)}
2024-11-09 16:45:07,621 - INFO - Bottom 10 Std Stats: {'Max': np.float64(0.0), 'Min': np.float64(0.0), 'Mean': np.float64(0.0), 'Std': np.float64(0.0)}
[I 2024-11-09 16:45:07,659] Trial 32 finished with value: 22.0 and parameters: {'x_0': 2, 'x_1': -4, 'x_2': -1, 'x_3': 1, 'x_4': 0}. Best is trial 19 with value: 6.0.
2024-11-09 16:45:17,880 - INFO - Candidate Mean Stats: {'Max': np.float64(101.0), 'Min': np.float64(-5.378197887040415e-14), 'Mean': np.float64(0.009251727713581414), 'Std': np.float64(0.7113909260495778)}
2024-11-09 16:45:17,882 - INFO - Candidate Std Stats: {'Max': np.float64(0.9999999960380919), 'Min': np.float64(0.0), 'Mean': np.float64(0.999795082551768), 'Std': np.float64(0.01431300267061836)}
2024-11-09 16:45:17,998 - INFO - Top 10 Mean Stats: {'Max': np.float64(3.5443870061158123e-15), 'Min': np.float64(-2.653433028854124e-15), 'Mean': np.float64(1.7569279364693102e-16), 'Std': np.float64(1.83044519614218e-15)}
2024-11-09 16:45:17,998 - INFO - Top 10 Std Stats: {'Max': np.float64(0.9999999960380919), 'Min': np.float64(0.9999999956132527), 'Mean': np.float64(0.9999999957796465), 'Std': np.float64(1.3416201019891028e-10)}
2024-11-09 16:45:17,999 - INFO - Bottom 10 Mean Stats: {'Max': np.float64(101.0), 'Min': np.float64(56.0), 'Mean': np.float64(70.9), 'Std': np.float64(13.663454907160194)}
2024-11-09 16:45:17,999 - INFO - Bottom 10 Std Stats: {'Max': np.float64(0.0), 'Min': np.float64(0.0), 'Mean': np.float64(0.0), 'Std': np.float64(0.0)}
[I 2024-11-09 16:45:18,054] Trial 33 finished with value: 37.0 and parameters: {'x_0': -5, 'x_1': 3, 'x_2': -1, 'x_3': -1, 'x_4': 1}. Best is trial 19 with value: 6.0.
2024-11-09 16:45:27,415 - INFO - Candidate Mean Stats: {'Max': np.float64(101.0), 'Min': np.float64(-5.807021530301881e-14), 'Mean': np.float64(0.009481468603113285), 'Std': np.float64(0.7173375487155055)}
2024-11-09 16:45:27,418 - INFO - Candidate Std Stats: {'Max': np.float64(0.9999999967976733), 'Min': np.float64(0.0), 'Mean': np.float64(0.9997888731008695), 'Std': np.float64(0.014528202754394001)}
2024-11-09 16:45:27,446 - INFO - Top 10 Mean Stats: {'Max': np.float64(2.6201263381153696e-15), 'Min': np.float64(-3.0586644328423063e-15), 'Mean': np.float64(-8.054668043655511e-16), 'Std': np.float64(2.0151609921150785e-15)}
2024-11-09 16:45:27,447 - INFO - Top 10 Std Stats: {'Max': np.float64(0.9999999967976733), 'Min': np.float64(0.9999999962380155), 'Mean': np.float64(0.9999999964376494), 'Std': np.float64(1.7011223768980598e-10)}
2024-11-09 16:45:27,447 - INFO - Bottom 10 Mean Stats: {'Max': np.float64(101.0), 'Min': np.float64(56.0), 'Mean': np.float64(70.9), 'Std': np.float64(13.663454907160194)}
2024-11-09 16:45:27,447 - INFO - Bottom 10 Std Stats: {'Max': np.float64(0.0), 'Min': np.float64(0.0), 'Mean': np.float64(0.0), 'Std': np.float64(0.0)}
[I 2024-11-09 16:45:27,498] Trial 34 finished with value: 19.0 and parameters: {'x_0': -3, 'x_1': 2, 'x_2': -2, 'x_3': 1, 'x_4': -1}. Best is trial 19 with value: 6.0.
2024-11-09 16:45:36,685 - INFO - Candidate Mean Stats: {'Max': np.float64(101.0), 'Min': np.float64(-6.392664175791651e-14), 'Mean': np.float64(0.009599443654494572), 'Std': np.float64(0.7188966780433819)}
2024-11-09 16:45:36,686 - INFO - Candidate Std Stats: {'Max': np.float64(0.9999999980608526), 'Min': np.float64(0.0), 'Mean': np.float64(0.9997826643352418), 'Std': np.float64(0.01474025875891336)}
2024-11-09 16:45:36,733 - INFO - Top 10 Mean Stats: {'Max': np.float64(1.4599432773820809e-15), 'Min': np.float64(-6.522560269672795e-16), 'Mean': np.float64(2.0622392682412287e-16), 'Std': np.float64(6.136280720732422e-16)}
2024-11-09 16:45:36,734 - INFO - Top 10 Std Stats: {'Max': np.float64(0.9999999980608526), 'Min': np.float64(0.9999999976846096), 'Mean': np.float64(0.9999999978287585), 'Std': np.float64(1.2473036091640692e-10)}
2024-11-09 16:45:36,734 - INFO - Bottom 10 Mean Stats: {'Max': np.float64(101.0), 'Min': np.float64(56.0), 'Mean': np.float64(70.9), 'Std': np.float64(13.663454907160194)}
2024-11-09 16:45:36,734 - INFO - Bottom 10 Std Stats: {'Max': np.float64(0.0), 'Min': np.float64(0.0), 'Mean': np.float64(0.0), 'Std': np.float64(0.0)}
[I 2024-11-09 16:45:36,805] Trial 35 finished with value: 55.0 and parameters: {'x_0': -3, 'x_1': 1, 'x_2': -2, 'x_3': -4, 'x_4': 5}. Best is trial 19 with value: 6.0.
2024-11-09 16:45:44,923 - INFO - Candidate Mean Stats: {'Max': np.float64(101.0), 'Min': np.float64(-5.921929613350585e-14), 'Mean': np.float64(0.009940950382177101), 'Std': np.float64(0.7318392108573605)}
2024-11-09 16:45:44,925 - INFO - Candidate Std Stats: {'Max': np.float64(0.9999999961590401), 'Min': np.float64(0.0), 'Mean': np.float64(0.9997764546898371), 'Std': np.float64(0.014949304458596253)}
2024-11-09 16:45:44,992 - INFO - Top 10 Mean Stats: {'Max': np.float64(4.651834473179406e-15), 'Min': np.float64(-3.3362201889985955e-15), 'Mean': np.float64(8.82627304576999e-17), 'Std': np.float64(2.8707300294070014e-15)}
2024-11-09 16:45:44,997 - INFO - Top 10 Std Stats: {'Max': np.float64(0.9999999961590401), 'Min': np.float64(0.9999999955042416), 'Mean': np.float64(0.9999999956738505), 'Std': np.float64(1.7949741983819914e-10)}
2024-11-09 16:45:44,998 - INFO - Bottom 10 Mean Stats: {'Max': np.float64(101.0), 'Min': np.float64(56.0), 'Mean': np.float64(70.9), 'Std': np.float64(13.663454907160194)}
2024-11-09 16:45:44,998 - INFO - Bottom 10 Std Stats: {'Max': np.float64(0.0), 'Min': np.float64(0.0), 'Mean': np.float64(0.0), 'Std': np.float64(0.0)}
[I 2024-11-09 16:45:45,051] Trial 36 finished with value: 16.0 and parameters: {'x_0': 1, 'x_1': -1, 'x_2': 1, 'x_3': -3, 'x_4': -2}. Best is trial 19 with value: 6.0.
2024-11-09 16:45:52,369 - INFO - Candidate Mean Stats: {'Max': np.float64(101.0), 'Min': np.float64(-5.708766792622555e-14), 'Mean': np.float64(0.010040297793866528), 'Std': np.float64(0.7329230546585821)}
2024-11-09 16:45:52,370 - INFO - Candidate Std Stats: {'Max': np.float64(0.9999999961000814), 'Min': np.float64(0.0), 'Mean': np.float64(0.9997702456881494), 'Std': np.float64(0.015155464443172678)}
2024-11-09 16:45:52,420 - INFO - Top 10 Mean Stats: {'Max': np.float64(4.0870085094013575e-15), 'Min': np.float64(-4.768407890765048e-15), 'Mean': np.float64(3.733124920302076e-17), 'Std': np.float64(2.7663913049851613e-15)}
2024-11-09 16:45:52,420 - INFO - Top 10 Std Stats: {'Max': np.float64(0.9999999961000814), 'Min': np.float64(0.9999999957502016), 'Mean': np.float64(0.9999999959358353), 'Std': np.float64(1.1692130171836817e-10)}
2024-11-09 16:45:52,420 - INFO - Bottom 10 Mean Stats: {'Max': np.float64(101.0), 'Min': np.float64(56.0), 'Mean': np.float64(70.9), 'Std': np.float64(13.663454907160194)}
2024-11-09 16:45:52,421 - INFO - Bottom 10 Std Stats: {'Max': np.float64(0.0), 'Min': np.float64(0.0), 'Mean': np.float64(0.0), 'Std': np.float64(0.0)}
[I 2024-11-09 16:45:52,481] Trial 37 finished with value: 7.0 and parameters: {'x_0': 1, 'x_1': 0, 'x_2': 1, 'x_3': 2, 'x_4': -1}. Best is trial 19 with value: 6.0.
2024-11-09 16:46:01,247 - INFO - Candidate Mean Stats: {'Max': np.float64(101.0), 'Min': np.float64(-7.432943149865423e-14), 'Mean': np.float64(0.01008376228648068), 'Std': np.float64(0.7331299890308027)}
2024-11-09 16:46:01,247 - INFO - Candidate Std Stats: {'Max': np.float64(0.9999999962417404), 'Min': np.float64(0.0), 'Mean': np.float64(0.9997640362773367), 'Std': np.float64(0.01535885490146546)}
2024-11-09 16:46:01,280 - INFO - Top 10 Mean Stats: {'Max': np.float64(4.8072656966269275e-15), 'Min': np.float64(-1.731600973720049e-15), 'Mean': np.float64(5.001901670631526e-16), 'Std': np.float64(2.0717390934936908e-15)}
2024-11-09 16:46:01,280 - INFO - Top 10 Std Stats: {'Max': np.float64(0.9999999962417404), 'Min': np.float64(0.9999999958615138), 'Mean': np.float64(0.9999999960070725), 'Std': np.float64(1.3904037371594627e-10)}
2024-11-09 16:46:01,281 - INFO - Bottom 10 Mean Stats: {'Max': np.float64(101.0), 'Min': np.float64(56.0), 'Mean': np.float64(70.9), 'Std': np.float64(13.663454907160194)}
2024-11-09 16:46:01,282 - INFO - Bottom 10 Std Stats: {'Max': np.float64(0.0), 'Min': np.float64(0.0), 'Mean': np.float64(0.0), 'Std': np.float64(0.0)}
[I 2024-11-09 16:46:01,319] Trial 38 finished with value: 39.0 and parameters: {'x_0': -2, 'x_1': -1, 'x_2': 3, 'x_3': 4, 'x_4': -3}. Best is trial 19 with value: 6.0.
2024-11-09 16:46:12,428 - INFO - Candidate Mean Stats: {'Max': np.float64(101.0), 'Min': np.float64(-5.717648576819556e-14), 'Mean': np.float64(0.010325921602473758), 'Std': np.float64(0.7395396214841666)}
2024-11-09 16:46:12,429 - INFO - Candidate Std Stats: {'Max': np.float64(0.999999997549614), 'Min': np.float64(0.0), 'Mean': np.float64(0.9997578274658034), 'Std': np.float64(0.015559584456435351)}
2024-11-09 16:46:12,496 - INFO - Top 10 Mean Stats: {'Max': np.float64(2.7089441800853818e-15), 'Min': np.float64(-1.7763568394002505e-15), 'Mean': np.float64(4.574118861455645e-16), 'Std': np.float64(1.35575279114136e-15)}
2024-11-09 16:46:12,496 - INFO - Top 10 Std Stats: {'Max': np.float64(0.999999997549614), 'Min': np.float64(0.9999999969993639), 'Mean': np.float64(0.9999999972184724), 'Std': np.float64(1.7744441363844094e-10)}
2024-11-09 16:46:12,496 - INFO - Bottom 10 Mean Stats: {'Max': np.float64(101.0), 'Min': np.float64(56.0), 'Mean': np.float64(70.9), 'Std': np.float64(13.663454907160194)}
2024-11-09 16:46:12,496 - INFO - Bottom 10 Std Stats: {'Max': np.float64(0.0), 'Min': np.float64(0.0), 'Mean': np.float64(0.0), 'Std': np.float64(0.0)}
[I 2024-11-09 16:46:12,553] Trial 39 finished with value: 79.0 and parameters: {'x_0': -4, 'x_1': -5, 'x_2': -2, 'x_3': 3, 'x_4': 5}. Best is trial 19 with value: 6.0.
2024-11-09 16:46:26,653 - INFO - Candidate Mean Stats: {'Max': np.float64(101.0), 'Min': np.float64(-5.782041512247815e-14), 'Mean': np.float64(0.010816449447690498), 'Std': np.float64(0.7652843789045696)}
2024-11-09 16:46:26,654 - INFO - Candidate Std Stats: {'Max': np.float64(0.9999999990358274), 'Min': np.float64(0.0), 'Mean': np.float64(0.999751617477158), 'Std': np.float64(0.015757754768564742)}
2024-11-09 16:46:26,728 - INFO - Top 10 Mean Stats: {'Max': np.float64(1.909583602355269e-15), 'Min': np.float64(-4.884981308350689e-16), 'Mean': np.float64(4.1300296516055825e-16), 'Std': np.float64(7.149836278586008e-16)}
2024-11-09 16:46:26,728 - INFO - Top 10 Std Stats: {'Max': np.float64(0.9999999990358274), 'Min': np.float64(0.9999999986129312), 'Mean': np.float64(0.9999999987808526), 'Std': np.float64(1.215469926595328e-10)}
2024-11-09 16:46:26,734 - INFO - Bottom 10 Mean Stats: {'Max': np.float64(101.0), 'Min': np.float64(57.0), 'Mean': np.float64(73.2), 'Std': np.float64(12.874781551544865)}
2024-11-09 16:46:26,734 - INFO - Bottom 10 Std Stats: {'Max': np.float64(0.0), 'Min': np.float64(0.0), 'Mean': np.float64(0.0), 'Std': np.float64(0.0)}
[I 2024-11-09 16:46:26,770] Trial 40 finished with value: 56.0 and parameters: {'x_0': 5, 'x_1': 1, 'x_2': 2, 'x_3': -5, 'x_4': 1}. Best is trial 19 with value: 6.0.
2024-11-09 16:46:37,019 - INFO - Candidate Mean Stats: {'Max': np.float64(101.0), 'Min': np.float64(-6.7301719752777e-14), 'Mean': np.float64(0.011164165388603632), 'Std': np.float64(0.7778975705556086)}
2024-11-09 16:46:37,020 - INFO - Candidate Std Stats: {'Max': np.float64(0.9999999965381337), 'Min': np.float64(0.0), 'Mean': np.float64(0.9997454087875549), 'Std': np.float64(0.015953461247296786)}
2024-11-09 16:46:37,061 - INFO - Top 10 Mean Stats: {'Max': np.float64(2.248201624865942e-15), 'Min': np.float64(-4.791306240647941e-15), 'Mean': np.float64(-1.7479073743942307e-16), 'Std': np.float64(2.025776258699565e-15)}
2024-11-09 16:46:37,061 - INFO - Top 10 Std Stats: {'Max': np.float64(0.9999999965381337), 'Min': np.float64(0.9999999959650148), 'Mean': np.float64(0.999999996238763), 'Std': np.float64(1.9493908355252519e-10)}
2024-11-09 16:46:37,061 - INFO - Bottom 10 Mean Stats: {'Max': np.float64(101.0), 'Min': np.float64(57.0), 'Mean': np.float64(73.2), 'Std': np.float64(12.874781551544865)}
2024-11-09 16:46:37,061 - INFO - Bottom 10 Std Stats: {'Max': np.float64(0.0), 'Min': np.float64(0.0), 'Mean': np.float64(0.0), 'Std': np.float64(0.0)}
[I 2024-11-09 16:46:37,118] Trial 41 finished with value: 24.0 and parameters: {'x_0': 1, 'x_1': 2, 'x_2': -3, 'x_3': 1, 'x_4': 3}. Best is trial 19 with value: 6.0.
2024-11-09 16:46:54,204 - INFO - Candidate Mean Stats: {'Max': np.float64(101.0), 'Min': np.float64(-8.446160437713957e-14), 'Mean': np.float64(0.011313186506137784), 'Std': np.float64(0.7801908660687077)}
2024-11-09 16:46:54,205 - INFO - Candidate Std Stats: {'Max': np.float64(0.9999999962608391), 'Min': np.float64(0.0), 'Mean': np.float64(0.9997391999154684), 'Std': np.float64(0.016146793458793735)}
2024-11-09 16:46:54,237 - INFO - Top 10 Mean Stats: {'Max': np.float64(2.1316282072803005e-15), 'Min': np.float64(-4.4741987892393805e-15), 'Mean': np.float64(-3.8136160895874123e-16), 'Std': np.float64(1.880907610160481e-15)}
2024-11-09 16:46:54,237 - INFO - Top 10 Std Stats: {'Max': np.float64(0.9999999962608391), 'Min': np.float64(0.9999999959499511), 'Mean': np.float64(0.9999999960834044), 'Std': np.float64(1.0662587306680697e-10)}
2024-11-09 16:46:54,237 - INFO - Bottom 10 Mean Stats: {'Max': np.float64(101.0), 'Min': np.float64(57.0), 'Mean': np.float64(73.2), 'Std': np.float64(12.874781551544865)}
2024-11-09 16:46:54,237 - INFO - Bottom 10 Std Stats: {'Max': np.float64(0.0), 'Min': np.float64(0.0), 'Mean': np.float64(0.0), 'Std': np.float64(0.0)}
[I 2024-11-09 16:46:54,304] Trial 42 finished with value: 63.0 and parameters: {'x_0': 2, 'x_1': 3, 'x_2': 5, 'x_3': 4, 'x_4': 3}. Best is trial 19 with value: 6.0.
2024-11-09 16:47:03,860 - INFO - Candidate Mean Stats: {'Max': np.float64(101.0), 'Min': np.float64(-7.256417688950023e-14), 'Mean': np.float64(0.011704366939665022), 'Std': np.float64(0.7958223110674406)}
2024-11-09 16:47:03,861 - INFO - Candidate Std Stats: {'Max': np.float64(0.999999996231082), 'Min': np.float64(0.0), 'Mean': np.float64(0.9997329901003624), 'Std': np.float64(0.016337835677626956)}
2024-11-09 16:47:03,899 - INFO - Top 10 Mean Stats: {'Max': np.float64(3.634592626866606e-15), 'Min': np.float64(-1.5099033134902129e-15), 'Mean': np.float64(9.97604776564742e-16), 'Std': np.float64(1.7664147483866725e-15)}
2024-11-09 16:47:03,899 - INFO - Top 10 Std Stats: {'Max': np.float64(0.999999996231082), 'Min': np.float64(0.9999999957759717), 'Mean': np.float64(0.9999999959440267), 'Std': np.float64(1.4181938598318182e-10)}
2024-11-09 16:47:03,899 - INFO - Bottom 10 Mean Stats: {'Max': np.float64(101.0), 'Min': np.float64(60.0), 'Mean': np.float64(73.8), 'Std': np.float64(12.229472596968359)}
2024-11-09 16:47:03,899 - INFO - Bottom 10 Std Stats: {'Max': np.float64(0.0), 'Min': np.float64(0.0), 'Mean': np.float64(0.0), 'Std': np.float64(0.0)}
[I 2024-11-09 16:47:03,936] Trial 43 finished with value: 56.0 and parameters: {'x_0': -5, 'x_1': 2, 'x_2': 5, 'x_3': 1, 'x_4': 1}. Best is trial 19 with value: 6.0.
2024-11-09 16:47:10,308 - INFO - Candidate Mean Stats: {'Max': np.float64(101.0), 'Min': np.float64(-5.07260899951234e-14), 'Mean': np.float64(0.012052082880578194), 'Std': np.float64(0.8079585280121471)}
2024-11-09 16:47:10,309 - INFO - Candidate Std Stats: {'Max': np.float64(0.9999999960108358), 'Min': np.float64(0.0), 'Mean': np.float64(0.9997267811388845), 'Std': np.float64(0.016526667347053325)}
2024-11-09 16:47:10,337 - INFO - Top 10 Mean Stats: {'Max': np.float64(5.406786129924513e-15), 'Min': np.float64(-6.217248937900877e-15), 'Mean': np.float64(5.784261958297066e-16), 'Std': np.float64(3.34555056460105e-15)}
2024-11-09 16:47:10,337 - INFO - Top 10 Std Stats: {'Max': np.float64(0.9999999960108358), 'Min': np.float64(0.9999999954850478), 'Mean': np.float64(0.9999999956861053), 'Std': np.float64(1.7782818393410967e-10)}
2024-11-09 16:47:10,337 - INFO - Bottom 10 Mean Stats: {'Max': np.float64(101.0), 'Min': np.float64(60.0), 'Mean': np.float64(73.8), 'Std': np.float64(12.229472596968359)}
2024-11-09 16:47:10,338 - INFO - Bottom 10 Std Stats: {'Max': np.float64(0.0), 'Min': np.float64(0.0), 'Mean': np.float64(0.0), 'Std': np.float64(0.0)}
[I 2024-11-09 16:47:10,373] Trial 44 finished with value: 40.0 and parameters: {'x_0': 2, 'x_1': -5, 'x_2': -3, 'x_3': -1, 'x_4': 1}. Best is trial 19 with value: 6.0.
2024-11-09 16:47:19,106 - INFO - Candidate Mean Stats: {'Max': np.float64(101.0), 'Min': np.float64(-6.150635556423367e-14), 'Mean': np.float64(0.012300451409801865), 'Std': np.float64(0.8140796495143319)}
2024-11-09 16:47:19,108 - INFO - Candidate Std Stats: {'Max': np.float64(0.9999999964113011), 'Min': np.float64(0.0), 'Mean': np.float64(0.9997205716794305), 'Std': np.float64(0.01671336337158061)}
2024-11-09 16:47:19,135 - INFO - Top 10 Mean Stats: {'Max': np.float64(2.6978419498391305e-15), 'Min': np.float64(-2.3869795029440866e-15), 'Mean': np.float64(1.207367539279858e-16), 'Std': np.float64(1.7350548459002254e-15)}
2024-11-09 16:47:19,135 - INFO - Top 10 Std Stats: {'Max': np.float64(0.9999999964113011), 'Min': np.float64(0.9999999956552121), 'Mean': np.float64(0.9999999958300452), 'Std': np.float64(2.064203686525551e-10)}
2024-11-09 16:47:19,135 - INFO - Bottom 10 Mean Stats: {'Max': np.float64(101.0), 'Min': np.float64(60.0), 'Mean': np.float64(73.8), 'Std': np.float64(12.229472596968359)}
2024-11-09 16:47:19,135 - INFO - Bottom 10 Std Stats: {'Max': np.float64(0.0), 'Min': np.float64(0.0), 'Mean': np.float64(0.0), 'Std': np.float64(0.0)}
[I 2024-11-09 16:47:19,171] Trial 45 finished with value: 69.0 and parameters: {'x_0': -3, 'x_1': 3, 'x_2': 5, 'x_3': 1, 'x_4': 5}. Best is trial 19 with value: 6.0.
2024-11-09 16:47:28,852 - INFO - Candidate Mean Stats: {'Max': np.float64(101.0), 'Min': np.float64(-8.697487174913476e-14), 'Mean': np.float64(0.012728887122712682), 'Std': np.float64(0.8320318602564003)}
2024-11-09 16:47:28,854 - INFO - Candidate Std Stats: {'Max': np.float64(0.9999999959083679), 'Min': np.float64(0.0), 'Mean': np.float64(0.9997143626499116), 'Std': np.float64(0.016897994552953575)}
2024-11-09 16:47:28,882 - INFO - Top 10 Mean Stats: {'Max': np.float64(2.7977620220553944e-15), 'Min': np.float64(-3.169686735304822e-15), 'Mean': np.float64(2.498001805406604e-17), 'Std': np.float64(1.60188534013382e-15)}
2024-11-09 16:47:28,882 - INFO - Top 10 Std Stats: {'Max': np.float64(0.9999999959083679), 'Min': np.float64(0.9999999955470354), 'Mean': np.float64(0.9999999956497779), 'Std': np.float64(1.0764484754614406e-10)}
2024-11-09 16:47:28,882 - INFO - Bottom 10 Mean Stats: {'Max': np.float64(101.0), 'Min': np.float64(63.0), 'Mean': np.float64(74.7), 'Std': np.float64(11.489560478973946)}
2024-11-09 16:47:28,882 - INFO - Bottom 10 Std Stats: {'Max': np.float64(0.0), 'Min': np.float64(0.0), 'Mean': np.float64(0.0), 'Std': np.float64(0.0)}
[I 2024-11-09 16:47:28,918] Trial 46 finished with value: 26.0 and parameters: {'x_0': 2, 'x_1': 2, 'x_2': -1, 'x_3': 1, 'x_4': -4}. Best is trial 19 with value: 6.0.
2024-11-09 16:47:39,232 - INFO - Candidate Mean Stats: {'Max': np.float64(101.0), 'Min': np.float64(-7.407408020299045e-14), 'Mean': np.float64(0.01289032666670805), 'Std': np.float64(0.8345479666690311)}
2024-11-09 16:47:39,233 - INFO - Candidate Std Stats: {'Max': np.float64(0.9999999985715), 'Min': np.float64(0.0), 'Mean': np.float64(0.9997081531065177), 'Std': np.float64(0.017080627834736673)}
2024-11-09 16:47:39,267 - INFO - Top 10 Mean Stats: {'Max': np.float64(8.826273045769995e-16), 'Min': np.float64(-1.5265566588595902e-15), 'Mean': np.float64(-2.704954316090635e-16), 'Std': np.float64(7.777135614062372e-16)}
2024-11-09 16:47:39,267 - INFO - Top 10 Std Stats: {'Max': np.float64(0.9999999985715), 'Min': np.float64(0.9999999980380756), 'Mean': np.float64(0.9999999982210832), 'Std': np.float64(1.758245310540597e-10)}
2024-11-09 16:47:39,268 - INFO - Bottom 10 Mean Stats: {'Max': np.float64(101.0), 'Min': np.float64(63.0), 'Mean': np.float64(74.7), 'Std': np.float64(11.489560478973946)}
2024-11-09 16:47:39,268 - INFO - Bottom 10 Std Stats: {'Max': np.float64(0.0), 'Min': np.float64(0.0), 'Mean': np.float64(0.0), 'Std': np.float64(0.0)}
