[I 2024-11-09 17:22:16,604] Trial 235 finished with value: 62.0 and parameters: {'x_0': 5, 'x_1': 4, 'x_2': -4, 'x_3': 1, 'x_4': -2}. Best is trial 53 with value: 4.0.
2024-11-09 17:22:29,038 - INFO - Candidate Mean Stats: {'Max': np.float64(101.0), 'Min': np.float64(-5.1580961724084775e-14), 'Mean': np.float64(0.07155497326933705), 'Std': np.float64(2.022885684186243)}
2024-11-09 17:22:29,039 - INFO - Candidate Std Stats: {'Max': np.float64(0.9999999974682999), 'Min': np.float64(0.0), 'Mean': np.float64(0.9985346142552978), 'Std': np.float64(0.03825214983551871)}
2024-11-09 17:22:29,085 - INFO - Top 10 Mean Stats: {'Max': np.float64(3.677613769070831e-15), 'Min': np.float64(-1.0852430065710906e-15), 'Mean': np.float64(1.0855205623272468e-15), 'Std': np.float64(1.5795168420923337e-15)}
2024-11-09 17:22:29,085 - INFO - Top 10 Std Stats: {'Max': np.float64(0.9999999974682999), 'Min': np.float64(0.9999999967630201), 'Mean': np.float64(0.999999996988995), 'Std': np.float64(2.1041649417706717e-10)}
2024-11-09 17:22:29,085 - INFO - Bottom 10 Mean Stats: {'Max': np.float64(101.0), 'Min': np.float64(89.0), 'Mean': np.float64(94.0), 'Std': np.float64(4.381780460041329)}
2024-11-09 17:22:29,085 - INFO - Bottom 10 Std Stats: {'Max': np.float64(0.0), 'Min': np.float64(0.0), 'Mean': np.float64(0.0), 'Std': np.float64(0.0)}
[I 2024-11-09 17:22:29,120] Trial 236 finished with value: 61.0 and parameters: {'x_0': -5, 'x_1': -5, 'x_2': 3, 'x_3': -1, 'x_4': -1}. Best is trial 53 with value: 4.0.
2024-11-09 17:22:43,339 - INFO - Candidate Mean Stats: {'Max': np.float64(101.0), 'Min': np.float64(-6.31494856406789e-14), 'Mean': np.float64(0.07193373527640311), 'Std': np.float64(2.0285750234204882)}
2024-11-09 17:22:43,343 - INFO - Candidate Std Stats: {'Max': np.float64(0.9999999975674286), 'Min': np.float64(0.0), 'Mean': np.float64(0.9985284051204117), 'Std': np.float64(0.03833298767590012)}
2024-11-09 17:22:43,460 - INFO - Top 10 Mean Stats: {'Max': np.float64(2.6367796834847468e-15), 'Min': np.float64(-2.9351521213527576e-15), 'Mean': np.float64(1.7860712908657205e-16), 'Std': np.float64(1.5762660013849418e-15)}
2024-11-09 17:22:43,460 - INFO - Top 10 Std Stats: {'Max': np.float64(0.9999999975674286), 'Min': np.float64(0.9999999971356235), 'Mean': np.float64(0.9999999972690192), 'Std': np.float64(1.3226103341131402e-10)}
2024-11-09 17:22:43,460 - INFO - Bottom 10 Mean Stats: {'Max': np.float64(101.0), 'Min': np.float64(89.0), 'Mean': np.float64(94.0), 'Std': np.float64(4.381780460041329)}
2024-11-09 17:22:43,460 - INFO - Bottom 10 Std Stats: {'Max': np.float64(0.0), 'Min': np.float64(0.0), 'Mean': np.float64(0.0), 'Std': np.float64(0.0)}
[I 2024-11-09 17:22:43,538] Trial 237 finished with value: 71.0 and parameters: {'x_0': 2, 'x_1': -5, 'x_2': -5, 'x_3': 1, 'x_4': 4}. Best is trial 53 with value: 4.0.
2024-11-09 17:22:57,572 - INFO - Candidate Mean Stats: {'Max': np.float64(101.0), 'Min': np.float64(-4.525269048372138e-14), 'Mean': np.float64(0.07237458941577511), 'Std': np.float64(2.0362597208162225)}
2024-11-09 17:22:57,573 - INFO - Candidate Std Stats: {'Max': np.float64(0.9999999973892628), 'Min': np.float64(0.0), 'Mean': np.float64(0.9985221960821251), 'Std': np.float64(0.03841365440128342)}
2024-11-09 17:22:57,600 - INFO - Top 10 Mean Stats: {'Max': np.float64(2.3703261575747094e-15), 'Min': np.float64(-2.6423307986078726e-15), 'Mean': np.float64(-1.494919639466463e-16), 'Std': np.float64(1.3577473974122198e-15)}
2024-11-09 17:22:57,600 - INFO - Top 10 Std Stats: {'Max': np.float64(0.9999999973892628), 'Min': np.float64(0.9999999969270361), 'Mean': np.float64(0.9999999970980544), 'Std': np.float64(1.4149703252882824e-10)}
2024-11-09 17:22:57,600 - INFO - Bottom 10 Mean Stats: {'Max': np.float64(101.0), 'Min': np.float64(89.0), 'Mean': np.float64(94.0), 'Std': np.float64(4.381780460041329)}
2024-11-09 17:22:57,600 - INFO - Bottom 10 Std Stats: {'Max': np.float64(0.0), 'Min': np.float64(0.0), 'Mean': np.float64(0.0), 'Std': np.float64(0.0)}
[I 2024-11-09 17:22:57,671] Trial 238 finished with value: 36.0 and parameters: {'x_0': -3, 'x_1': 4, 'x_2': 1, 'x_3': 1, 'x_4': 3}. Best is trial 53 with value: 4.0.
2024-11-09 17:23:11,198 - INFO - Candidate Mean Stats: {'Max': np.float64(101.0), 'Min': np.float64(-5.377920331284258e-14), 'Mean': np.float64(0.07259812109207639), 'Std': np.float64(2.038226774667728)}
2024-11-09 17:23:11,200 - INFO - Candidate Std Stats: {'Max': np.float64(0.9999999965986551), 'Min': np.float64(0.0), 'Mean': np.float64(0.998515986210849), 'Std': np.float64(0.038494151051622724)}
2024-11-09 17:23:11,233 - INFO - Top 10 Mean Stats: {'Max': np.float64(3.802513859341161e-15), 'Min': np.float64(-2.575717417130363e-15), 'Mean': np.float64(4.229949723821846e-16), 'Std': np.float64(1.85989165749775e-15)}
2024-11-09 17:23:11,233 - INFO - Top 10 Std Stats: {'Max': np.float64(0.9999999965986551), 'Min': np.float64(0.9999999963391673), 'Mean': np.float64(0.999999996428728), 'Std': np.float64(7.737132028574833e-11)}
2024-11-09 17:23:11,234 - INFO - Bottom 10 Mean Stats: {'Max': np.float64(101.0), 'Min': np.float64(89.0), 'Mean': np.float64(94.0), 'Std': np.float64(4.381780460041329)}
2024-11-09 17:23:11,234 - INFO - Bottom 10 Std Stats: {'Max': np.float64(0.0), 'Min': np.float64(0.0), 'Mean': np.float64(0.0), 'Std': np.float64(0.0)}
[I 2024-11-09 17:23:11,287] Trial 239 finished with value: 29.0 and parameters: {'x_0': 0, 'x_1': -2, 'x_2': 4, 'x_3': 0, 'x_4': 3}. Best is trial 53 with value: 4.0.
2024-11-09 17:23:23,866 - INFO - Candidate Mean Stats: {'Max': np.float64(101.0), 'Min': np.float64(-5.543343561953407e-14), 'Mean': np.float64(0.07277818827576356), 'Std': np.float64(2.039500957537587)}
2024-11-09 17:23:23,867 - INFO - Candidate Std Stats: {'Max': np.float64(0.9999999968237647), 'Min': np.float64(0.0), 'Mean': np.float64(0.9985097777004096), 'Std': np.float64(0.03857447877599791)}
2024-11-09 17:23:23,901 - INFO - Top 10 Mean Stats: {'Max': np.float64(2.3092638912203257e-15), 'Min': np.float64(-2.814415367424772e-15), 'Mean': np.float64(7.216449660063521e-17), 'Std': np.float64(1.718781584245894e-15)}
2024-11-09 17:23:23,901 - INFO - Top 10 Std Stats: {'Max': np.float64(0.9999999968237647), 'Min': np.float64(0.9999999966450034), 'Mean': np.float64(0.9999999967413794), 'Std': np.float64(5.681040657511074e-11)}
2024-11-09 17:23:23,901 - INFO - Bottom 10 Mean Stats: {'Max': np.float64(101.0), 'Min': np.float64(89.0), 'Mean': np.float64(94.0), 'Std': np.float64(4.381780460041329)}
2024-11-09 17:23:23,901 - INFO - Bottom 10 Std Stats: {'Max': np.float64(0.0), 'Min': np.float64(0.0), 'Mean': np.float64(0.0), 'Std': np.float64(0.0)}
[I 2024-11-09 17:23:23,946] Trial 240 finished with value: 59.0 and parameters: {'x_0': 5, 'x_1': 3, 'x_2': 4, 'x_3': -3, 'x_4': 0}. Best is trial 53 with value: 4.0.
2024-11-09 17:23:37,135 - INFO - Candidate Mean Stats: {'Max': np.float64(101.0), 'Min': np.float64(-5.583311590839912e-14), 'Mean': np.float64(0.07314453185636853), 'Std': np.float64(2.0447799317287516)}
2024-11-09 17:23:37,136 - INFO - Candidate Std Stats: {'Max': np.float64(0.9999999966720574), 'Min': np.float64(0.0), 'Mean': np.float64(0.9985035682151737), 'Std': np.float64(0.03865463853777538)}
2024-11-09 17:23:37,165 - INFO - Top 10 Mean Stats: {'Max': np.float64(4.263256414560601e-15), 'Min': np.float64(-4.973799150320701e-15), 'Mean': np.float64(5.484501741648273e-16), 'Std': np.float64(3.2446985400419586e-15)}
2024-11-09 17:23:37,166 - INFO - Top 10 Std Stats: {'Max': np.float64(0.9999999966720574), 'Min': np.float64(0.9999999962336569), 'Mean': np.float64(0.9999999964304985), 'Std': np.float64(1.5555949663064325e-10)}
2024-11-09 17:23:37,166 - INFO - Bottom 10 Mean Stats: {'Max': np.float64(101.0), 'Min': np.float64(89.0), 'Mean': np.float64(94.0), 'Std': np.float64(4.381780460041329)}
2024-11-09 17:23:37,166 - INFO - Bottom 10 Std Stats: {'Max': np.float64(0.0), 'Min': np.float64(0.0), 'Mean': np.float64(0.0), 'Std': np.float64(0.0)}
[I 2024-11-09 17:23:37,204] Trial 241 finished with value: 47.0 and parameters: {'x_0': 5, 'x_1': 1, 'x_2': -1, 'x_3': 2, 'x_4': -4}. Best is trial 53 with value: 4.0.
2024-11-09 17:23:50,310 - INFO - Candidate Mean Stats: {'Max': np.float64(101.0), 'Min': np.float64(-5.602775188240372e-14), 'Mean': np.float64(0.07343636487820626), 'Std': np.float64(2.048120685916965)}
2024-11-09 17:23:50,312 - INFO - Candidate Std Stats: {'Max': np.float64(0.9999999969721349), 'Min': np.float64(0.0), 'Mean': np.float64(0.9984973591795882), 'Std': np.float64(0.03873463143452027)}
2024-11-09 17:23:50,342 - INFO - Top 10 Mean Stats: {'Max': np.float64(3.930189507173054e-15), 'Min': np.float64(-2.0872192862952944e-15), 'Mean': np.float64(4.160560784782774e-16), 'Std': np.float64(1.8326922509215503e-15)}
2024-11-09 17:23:50,342 - INFO - Top 10 Std Stats: {'Max': np.float64(0.9999999969721349), 'Min': np.float64(0.9999999967228359), 'Mean': np.float64(0.9999999968344311), 'Std': np.float64(9.731228649254965e-11)}
2024-11-09 17:23:50,342 - INFO - Bottom 10 Mean Stats: {'Max': np.float64(101.0), 'Min': np.float64(89.0), 'Mean': np.float64(94.0), 'Std': np.float64(4.381780460041329)}
2024-11-09 17:23:50,342 - INFO - Bottom 10 Std Stats: {'Max': np.float64(0.0), 'Min': np.float64(0.0), 'Mean': np.float64(0.0), 'Std': np.float64(0.0)}
[I 2024-11-09 17:23:50,377] Trial 242 finished with value: 83.0 and parameters: {'x_0': -4, 'x_1': -5, 'x_2': -4, 'x_3': -1, 'x_4': -5}. Best is trial 53 with value: 4.0.
2024-11-09 17:23:59,512 - INFO - Candidate Mean Stats: {'Max': np.float64(101.0), 'Min': np.float64(-6.029621246739225e-14), 'Mean': np.float64(0.0739517295763454), 'Std': np.float64(2.0585183155380755)}
2024-11-09 17:23:59,518 - INFO - Candidate Std Stats: {'Max': np.float64(0.9999999967028409), 'Min': np.float64(0.0), 'Mean': np.float64(0.9984911500037438), 'Std': np.float64(0.038814458475195567)}
2024-11-09 17:23:59,547 - INFO - Top 10 Mean Stats: {'Max': np.float64(2.9753977059954196e-15), 'Min': np.float64(-1.2878587085651815e-15), 'Mean': np.float64(5.417888360170764e-16), 'Std': np.float64(1.2465466255145528e-15)}
2024-11-09 17:23:59,547 - INFO - Top 10 Std Stats: {'Max': np.float64(0.9999999967028409), 'Min': np.float64(0.9999999963057493), 'Mean': np.float64(0.9999999965008686), 'Std': np.float64(1.1993605406770715e-10)}
2024-11-09 17:23:59,548 - INFO - Bottom 10 Mean Stats: {'Max': np.float64(101.0), 'Min': np.float64(89.0), 'Mean': np.float64(94.0), 'Std': np.float64(4.381780460041329)}
2024-11-09 17:23:59,548 - INFO - Bottom 10 Std Stats: {'Max': np.float64(0.0), 'Min': np.float64(0.0), 'Mean': np.float64(0.0), 'Std': np.float64(0.0)}
[I 2024-11-09 17:23:59,590] Trial 243 finished with value: 39.0 and parameters: {'x_0': -5, 'x_1': 0, 'x_2': -3, 'x_3': -2, 'x_4': -1}. Best is trial 53 with value: 4.0.
2024-11-09 17:24:06,413 - INFO - Candidate Mean Stats: {'Max': np.float64(101.0), 'Min': np.float64(-5.794253965518692e-14), 'Mean': np.float64(0.07419388889233844), 'Std': np.float64(2.0608022694785175)}
2024-11-09 17:24:06,414 - INFO - Candidate Std Stats: {'Max': np.float64(0.9999999969077045), 'Min': np.float64(0.0), 'Mean': np.float64(0.9984849398811458), 'Std': np.float64(0.03889412064953725)}
2024-11-09 17:24:06,442 - INFO - Top 10 Mean Stats: {'Max': np.float64(4.422504029655272e-15), 'Min': np.float64(-2.958744360626042e-15), 'Mean': np.float64(2.596187154146889e-16), 'Std': np.float64(2.0088125897986077e-15)}
2024-11-09 17:24:06,442 - INFO - Top 10 Std Stats: {'Max': np.float64(0.9999999969077045), 'Min': np.float64(0.9999999965637453), 'Mean': np.float64(0.9999999966821915), 'Std': np.float64(1.192487459218539e-10)}
2024-11-09 17:24:06,443 - INFO - Bottom 10 Mean Stats: {'Max': np.float64(101.0), 'Min': np.float64(89.0), 'Mean': np.float64(94.0), 'Std': np.float64(4.381780460041329)}
2024-11-09 17:24:06,443 - INFO - Bottom 10 Std Stats: {'Max': np.float64(0.0), 'Min': np.float64(0.0), 'Mean': np.float64(0.0), 'Std': np.float64(0.0)}
[I 2024-11-09 17:24:06,476] Trial 244 finished with value: 51.0 and parameters: {'x_0': 5, 'x_1': -3, 'x_2': -1, 'x_3': 4, 'x_4': 0}. Best is trial 53 with value: 4.0.
2024-11-09 17:24:16,516 - INFO - Candidate Mean Stats: {'Max': np.float64(101.0), 'Min': np.float64(-5.5466742310272823e-14), 'Mean': np.float64(0.07451055876709861), 'Std': np.float64(2.0647055643073564)}
2024-11-09 17:24:16,518 - INFO - Candidate Std Stats: {'Max': np.float64(0.9999999969462352), 'Min': np.float64(0.0), 'Mean': np.float64(0.9984787312797659), 'Std': np.float64(0.03897361906438654)}
2024-11-09 17:24:16,543 - INFO - Top 10 Mean Stats: {'Max': np.float64(3.9523939676655574e-15), 'Min': np.float64(-2.9753977059954196e-15), 'Mean': np.float64(8.459899447643693e-16), 'Std': np.float64(2.031574964604607e-15)}
2024-11-09 17:24:16,544 - INFO - Top 10 Std Stats: {'Max': np.float64(0.9999999969462352), 'Min': np.float64(0.9999999965300862), 'Mean': np.float64(0.9999999966477258), 'Std': np.float64(1.1860727339416026e-10)}
2024-11-09 17:24:16,544 - INFO - Bottom 10 Mean Stats: {'Max': np.float64(101.0), 'Min': np.float64(89.0), 'Mean': np.float64(94.0), 'Std': np.float64(4.381780460041329)}
2024-11-09 17:24:16,544 - INFO - Bottom 10 Std Stats: {'Max': np.float64(0.0), 'Min': np.float64(0.0), 'Mean': np.float64(0.0), 'Std': np.float64(0.0)}
[I 2024-11-09 17:24:16,579] Trial 245 finished with value: 66.0 and parameters: {'x_0': 3, 'x_1': 5, 'x_2': 0, 'x_3': 4, 'x_4': 4}. Best is trial 53 with value: 4.0.
2024-11-09 17:24:26,509 - INFO - Candidate Mean Stats: {'Max': np.float64(101.0), 'Min': np.float64(-4.851674617611934e-14), 'Mean': np.float64(0.07492036684031766), 'Std': np.float64(2.071230349843907)}
2024-11-09 17:24:26,511 - INFO - Candidate Std Stats: {'Max': np.float64(0.9999999961989555), 'Min': np.float64(0.0), 'Mean': np.float64(0.9984725218687861), 'Std': np.float64(0.03905295462937903)}
2024-11-09 17:24:26,542 - INFO - Top 10 Mean Stats: {'Max': np.float64(3.32164851180039e-15), 'Min': np.float64(-2.7401692026529643e-15), 'Mean': np.float64(4.563016631209395e-16), 'Std': np.float64(1.779446898075093e-15)}
2024-11-09 17:24:26,542 - INFO - Top 10 Std Stats: {'Max': np.float64(0.9999999961989555), 'Min': np.float64(0.9999999960274448), 'Mean': np.float64(0.999999996095065), 'Std': np.float64(5.628237155469362e-11)}
2024-11-09 17:24:26,542 - INFO - Bottom 10 Mean Stats: {'Max': np.float64(101.0), 'Min': np.float64(89.0), 'Mean': np.float64(94.0), 'Std': np.float64(4.381780460041329)}
2024-11-09 17:24:26,542 - INFO - Bottom 10 Std Stats: {'Max': np.float64(0.0), 'Min': np.float64(0.0), 'Mean': np.float64(0.0), 'Std': np.float64(0.0)}
[I 2024-11-09 17:24:26,584] Trial 246 finished with value: 66.0 and parameters: {'x_0': 5, 'x_1': 4, 'x_2': 0, 'x_3': 4, 'x_4': -3}. Best is trial 53 with value: 4.0.
2024-11-09 17:24:41,187 - INFO - Candidate Mean Stats: {'Max': np.float64(101.0), 'Min': np.float64(-5.4417581552002045e-14), 'Mean': np.float64(0.0753301749135367), 'Std': np.float64(2.0777345646309002)}
2024-11-09 17:24:41,188 - INFO - Candidate Std Stats: {'Max': np.float64(0.9999999972196371), 'Min': np.float64(0.0), 'Mean': np.float64(0.9984663132227473), 'Std': np.float64(0.03913212839631305)}
2024-11-09 17:24:41,220 - INFO - Top 10 Mean Stats: {'Max': np.float64(1.7041923427996153e-15), 'Min': np.float64(-2.5923707624997407e-15), 'Mean': np.float64(-1.0380585280245215e-16), 'Std': np.float64(1.3631962143582968e-15)}
2024-11-09 17:24:41,220 - INFO - Top 10 Std Stats: {'Max': np.float64(0.9999999972196371), 'Min': np.float64(0.9999999968485452), 'Mean': np.float64(0.9999999969503977), 'Std': np.float64(1.255072509711287e-10)}
2024-11-09 17:24:41,220 - INFO - Bottom 10 Mean Stats: {'Max': np.float64(101.0), 'Min': np.float64(89.0), 'Mean': np.float64(94.0), 'Std': np.float64(4.381780460041329)}
2024-11-09 17:24:41,220 - INFO - Bottom 10 Std Stats: {'Max': np.float64(0.0), 'Min': np.float64(0.0), 'Mean': np.float64(0.0), 'Std': np.float64(0.0)}
[I 2024-11-09 17:24:41,310] Trial 247 finished with value: 63.0 and parameters: {'x_0': -3, 'x_1': 0, 'x_2': 5, 'x_3': -5, 'x_4': -2}. Best is trial 53 with value: 4.0.
2024-11-09 17:24:53,760 - INFO - Candidate Mean Stats: {'Max': np.float64(101.0), 'Min': np.float64(-5.0937032369802183e-14), 'Mean': np.float64(0.07572135534706392), 'Std': np.float64(2.083642531714853)}
2024-11-09 17:24:53,762 - INFO - Candidate Std Stats: {'Max': np.float64(0.9999999965996722), 'Min': np.float64(0.0), 'Mean': np.float64(0.9984601034991888), 'Std': np.float64(0.039211141273286655)}
2024-11-09 17:24:53,788 - INFO - Top 10 Mean Stats: {'Max': np.float64(3.4083846855992305e-15), 'Min': np.float64(-2.2398749521812534e-15), 'Mean': np.float64(4.2313375026026276e-16), 'Std': np.float64(1.499104622690723e-15)}
2024-11-09 17:24:53,788 - INFO - Top 10 Std Stats: {'Max': np.float64(0.9999999965996722), 'Min': np.float64(0.9999999962674352), 'Mean': np.float64(0.9999999963901477), 'Std': np.float64(1.0356819865911474e-10)}
2024-11-09 17:24:53,788 - INFO - Bottom 10 Mean Stats: {'Max': np.float64(101.0), 'Min': np.float64(89.0), 'Mean': np.float64(94.0), 'Std': np.float64(4.381780460041329)}
2024-11-09 17:24:53,789 - INFO - Bottom 10 Std Stats: {'Max': np.float64(0.0), 'Min': np.float64(0.0), 'Mean': np.float64(0.0), 'Std': np.float64(0.0)}
[I 2024-11-09 17:24:53,827] Trial 248 finished with value: 57.0 and parameters: {'x_0': 0, 'x_1': 4, 'x_2': -3, 'x_3': -4, 'x_4': 4}. Best is trial 53 with value: 4.0.
2024-11-09 17:25:06,702 - INFO - Candidate Mean Stats: {'Max': np.float64(101.0), 'Min': np.float64(-4.739542092124793e-14), 'Mean': np.float64(0.07607528050120771), 'Std': np.float64(2.0884650366021287)}
2024-11-09 17:25:06,703 - INFO - Candidate Std Stats: {'Max': np.float64(0.9999999975124344), 'Min': np.float64(0.0), 'Mean': np.float64(0.9984538945095944), 'Std': np.float64(0.03928999430173002)}
2024-11-09 17:25:06,735 - INFO - Top 10 Mean Stats: {'Max': np.float64(1.6306400674181987e-15), 'Min': np.float64(-2.4036328483134638e-15), 'Mean': np.float64(-5.092107291382319e-16), 'Std': np.float64(1.1843763018307403e-15)}
2024-11-09 17:25:06,735 - INFO - Top 10 Std Stats: {'Max': np.float64(0.9999999975124344), 'Min': np.float64(0.9999999970786823), 'Mean': np.float64(0.999999997239404), 'Std': np.float64(1.6009096076171004e-10)}
2024-11-09 17:25:06,735 - INFO - Bottom 10 Mean Stats: {'Max': np.float64(101.0), 'Min': np.float64(89.0), 'Mean': np.float64(94.0), 'Std': np.float64(4.381780460041329)}
2024-11-09 17:25:06,735 - INFO - Bottom 10 Std Stats: {'Max': np.float64(0.0), 'Min': np.float64(0.0), 'Mean': np.float64(0.0), 'Std': np.float64(0.0)}
[I 2024-11-09 17:25:06,772] Trial 249 finished with value: 47.0 and parameters: {'x_0': -2, 'x_1': 1, 'x_2': 4, 'x_3': 1, 'x_4': 5}. Best is trial 53 with value: 4.0.
2024-11-09 17:25:18,047 - INFO - Candidate Mean Stats: {'Max': np.float64(101.0), 'Min': np.float64(-4.9826809345177027e-14), 'Mean': np.float64(0.07636711352304552), 'Std': np.float64(2.0917356126937756)}
2024-11-09 17:25:18,048 - INFO - Candidate Std Stats: {'Max': np.float64(0.99999999849977), 'Min': np.float64(0.0), 'Mean': np.float64(0.9984476853404104), 'Std': np.float64(0.0393686884064691)}
2024-11-09 17:25:18,081 - INFO - Top 10 Mean Stats: {'Max': np.float64(1.3933298959045715e-15), 'Min': np.float64(-1.0183694165721845e-15), 'Mean': np.float64(-2.3249631386779153e-16), 'Std': np.float64(6.913757108376219e-16)}
2024-11-09 17:25:18,081 - INFO - Top 10 Std Stats: {'Max': np.float64(0.99999999849977), 'Min': np.float64(0.9999999980569197), 'Mean': np.float64(0.9999999982488875), 'Std': np.float64(1.3532746606993968e-10)}
2024-11-09 17:25:18,081 - INFO - Bottom 10 Mean Stats: {'Max': np.float64(101.0), 'Min': np.float64(89.0), 'Mean': np.float64(94.0), 'Std': np.float64(4.381780460041329)}
2024-11-09 17:25:18,082 - INFO - Bottom 10 Std Stats: {'Max': np.float64(0.0), 'Min': np.float64(0.0), 'Mean': np.float64(0.0), 'Std': np.float64(0.0)}
[I 2024-11-09 17:25:18,144] Trial 250 finished with value: 51.0 and parameters: {'x_0': -2, 'x_1': 3, 'x_2': 5, 'x_3': -3, 'x_4': -2}. Best is trial 53 with value: 4.0.
2024-11-09 17:25:25,360 - INFO - Candidate Mean Stats: {'Max': np.float64(101.0), 'Min': np.float64(-4.707345624410664e-14), 'Mean': np.float64(0.07668378339780567), 'Std': np.float64(2.0955809625055797)}
2024-11-09 17:25:25,361 - INFO - Candidate Std Stats: {'Max': np.float64(0.9999999969289539), 'Min': np.float64(0.0), 'Mean': np.float64(0.9984414759468276), 'Std': np.float64(0.03944722453676951)}
2024-11-09 17:25:25,389 - INFO - Top 10 Mean Stats: {'Max': np.float64(3.652633751016765e-15), 'Min': np.float64(-9.658940314238861e-16), 'Mean': np.float64(6.483702463810914e-16), 'Std': np.float64(1.487319340303253e-15)}
2024-11-09 17:25:25,390 - INFO - Top 10 Std Stats: {'Max': np.float64(0.9999999969289539), 'Min': np.float64(0.999999996681866), 'Mean': np.float64(0.9999999967852983), 'Std': np.float64(7.340538672169374e-11)}
2024-11-09 17:25:25,390 - INFO - Bottom 10 Mean Stats: {'Max': np.float64(101.0), 'Min': np.float64(89.0), 'Mean': np.float64(94.0), 'Std': np.float64(4.381780460041329)}
2024-11-09 17:25:25,390 - INFO - Bottom 10 Std Stats: {'Max': np.float64(0.0), 'Min': np.float64(0.0), 'Mean': np.float64(0.0), 'Std': np.float64(0.0)}
