[I 2024-11-09 16:56:53,946] Trial 79 finished with value: 18.0 and parameters: {'x_0': -1, 'x_1': 2, 'x_2': -2, 'x_3': 3, 'x_4': 0}. Best is trial 2 with value: 13.0.
2024-11-09 16:57:02,251 - INFO - Candidate Mean Stats: {'Max': np.float64(104.0), 'Min': np.float64(-5.6066262743570405e-14), 'Mean': np.float64(0.025973138943564462), 'Std': np.float64(1.2458258209987219)}
2024-11-09 16:57:02,252 - INFO - Candidate Std Stats: {'Max': np.float64(0.9999999966950583), 'Min': np.float64(0.0), 'Mean': np.float64(0.9995032505582604), 'Std': np.float64(0.022282062257332112)}
2024-11-09 16:57:02,276 - INFO - Top 10 Mean Stats: {'Max': np.float64(3.186340080674199e-15), 'Min': np.float64(-1.4876988529977098e-15), 'Mean': np.float64(1.1934897514720433e-15), 'Std': np.float64(1.4416385981024503e-15)}
2024-11-09 16:57:02,276 - INFO - Top 10 Std Stats: {'Max': np.float64(0.9999999966950583), 'Min': np.float64(0.999999996159776), 'Mean': np.float64(0.9999999963499533), 'Std': np.float64(1.5717225556093865e-10)}
2024-11-09 16:57:02,276 - INFO - Bottom 10 Mean Stats: {'Max': np.float64(104.0), 'Min': np.float64(73.0), 'Mean': np.float64(82.9), 'Std': np.float64(10.3)}
2024-11-09 16:57:02,276 - INFO - Bottom 10 Std Stats: {'Max': np.float64(0.0), 'Min': np.float64(0.0), 'Mean': np.float64(0.0), 'Std': np.float64(0.0)}
[I 2024-11-09 16:57:02,300] Trial 80 finished with value: 44.0 and parameters: {'x_0': -3, 'x_1': 3, 'x_2': 1, 'x_3': 0, 'x_4': 5}. Best is trial 2 with value: 13.0.
2024-11-09 16:57:11,184 - INFO - Candidate Mean Stats: {'Max': np.float64(104.0), 'Min': np.float64(-7.85427278771067e-14), 'Mean': np.float64(0.0262463443257105), 'Std': np.float64(1.2506353371137735)}
2024-11-09 16:57:11,185 - INFO - Candidate Std Stats: {'Max': np.float64(0.9999999972894972), 'Min': np.float64(0.0), 'Mean': np.float64(0.9994970413242196), 'Std': np.float64(0.022420823005602233)}
2024-11-09 16:57:11,210 - INFO - Top 10 Mean Stats: {'Max': np.float64(3.0531133177191805e-15), 'Min': np.float64(-3.083644450896372e-15), 'Mean': np.float64(-2.777140496734721e-16), 'Std': np.float64(1.850494028635721e-15)}
2024-11-09 16:57:11,211 - INFO - Top 10 Std Stats: {'Max': np.float64(0.9999999972894972), 'Min': np.float64(0.9999999968930764), 'Mean': np.float64(0.9999999970286986), 'Std': np.float64(1.209150174253252e-10)}
2024-11-09 16:57:11,211 - INFO - Bottom 10 Mean Stats: {'Max': np.float64(104.0), 'Min': np.float64(73.0), 'Mean': np.float64(82.9), 'Std': np.float64(10.3)}
2024-11-09 16:57:11,211 - INFO - Bottom 10 Std Stats: {'Max': np.float64(0.0), 'Min': np.float64(0.0), 'Mean': np.float64(0.0), 'Std': np.float64(0.0)}
[I 2024-11-09 16:57:11,236] Trial 81 finished with value: 39.0 and parameters: {'x_0': -3, 'x_1': -4, 'x_2': -1, 'x_3': -2, 'x_4': 3}. Best is trial 2 with value: 13.0.
2024-11-09 16:57:18,281 - INFO - Candidate Mean Stats: {'Max': np.float64(104.0), 'Min': np.float64(-6.439293542825908e-14), 'Mean': np.float64(0.026488503641703555), 'Std': np.float64(1.2544003306467597)}
2024-11-09 16:57:18,282 - INFO - Candidate Std Stats: {'Max': np.float64(0.9999999964662136), 'Min': np.float64(0.0), 'Mean': np.float64(0.9994908323769143), 'Std': np.float64(0.022558728537758296)}
2024-11-09 16:57:18,301 - INFO - Top 10 Mean Stats: {'Max': np.float64(3.0697666630885577e-15), 'Min': np.float64(-3.397282455352979e-15), 'Mean': np.float64(2.327998904760868e-17), 'Std': np.float64(1.8339105168405763e-15)}
2024-11-09 16:57:18,302 - INFO - Top 10 Std Stats: {'Max': np.float64(0.9999999964662136), 'Min': np.float64(0.9999999962716374), 'Mean': np.float64(0.9999999963566756), 'Std': np.float64(5.881893560810799e-11)}
2024-11-09 16:57:18,302 - INFO - Bottom 10 Mean Stats: {'Max': np.float64(104.0), 'Min': np.float64(73.0), 'Mean': np.float64(82.9), 'Std': np.float64(10.3)}
2024-11-09 16:57:18,302 - INFO - Bottom 10 Std Stats: {'Max': np.float64(0.0), 'Min': np.float64(0.0), 'Mean': np.float64(0.0), 'Std': np.float64(0.0)}
[I 2024-11-09 16:57:18,327] Trial 82 finished with value: 41.0 and parameters: {'x_0': 2, 'x_1': -1, 'x_2': 2, 'x_3': -4, 'x_4': -4}. Best is trial 2 with value: 13.0.
2024-11-09 16:57:27,002 - INFO - Candidate Mean Stats: {'Max': np.float64(104.0), 'Min': np.float64(-6.059597268404104e-14), 'Mean': np.float64(0.026743081384157815), 'Std': np.float64(1.2585484994193037)}
2024-11-09 16:57:27,002 - INFO - Candidate Std Stats: {'Max': np.float64(0.9999999963067032), 'Min': np.float64(0.0), 'Mean': np.float64(0.9994846234236917), 'Std': np.float64(0.022695794436940232)}
2024-11-09 16:57:27,021 - INFO - Top 10 Mean Stats: {'Max': np.float64(4.685141163918161e-15), 'Min': np.float64(-4.052314039881821e-15), 'Mean': np.float64(4.557985933129062e-16), 'Std': np.float64(2.5112468177503297e-15)}
2024-11-09 16:57:27,021 - INFO - Top 10 Std Stats: {'Max': np.float64(0.9999999963067032), 'Min': np.float64(0.9999999959342394), 'Mean': np.float64(0.9999999960575906), 'Std': np.float64(1.1211075870252033e-10)}
2024-11-09 16:57:27,021 - INFO - Bottom 10 Mean Stats: {'Max': np.float64(104.0), 'Min': np.float64(73.0), 'Mean': np.float64(82.9), 'Std': np.float64(10.3)}
2024-11-09 16:57:27,021 - INFO - Bottom 10 Std Stats: {'Max': np.float64(0.0), 'Min': np.float64(0.0), 'Mean': np.float64(0.0), 'Std': np.float64(0.0)}
[I 2024-11-09 16:57:27,050] Trial 83 finished with value: 49.0 and parameters: {'x_0': -5, 'x_1': 4, 'x_2': 0, 'x_3': 2, 'x_4': -2}. Best is trial 2 with value: 13.0.
2024-11-09 16:57:36,786 - INFO - Candidate Mean Stats: {'Max': np.float64(104.0), 'Min': np.float64(-8.548578511735627e-14), 'Mean': np.float64(0.02704733283245678), 'Std': np.float64(1.2644509798904033)}
2024-11-09 16:57:36,787 - INFO - Candidate Std Stats: {'Max': np.float64(0.9999999974135286), 'Min': np.float64(0.0), 'Mean': np.float64(0.9994784139262552), 'Std': np.float64(0.022832035812374016)}
2024-11-09 16:57:36,814 - INFO - Top 10 Mean Stats: {'Max': np.float64(2.525757381022231e-15), 'Min': np.float64(-6.605826996519682e-16), 'Mean': np.float64(7.949890745706512e-16), 'Std': np.float64(1.103661125369623e-15)}
2024-11-09 16:57:36,814 - INFO - Top 10 Std Stats: {'Max': np.float64(0.9999999974135286), 'Min': np.float64(0.9999999968774406), 'Mean': np.float64(0.9999999970724875), 'Std': np.float64(1.808891701093018e-10)}
2024-11-09 16:57:36,815 - INFO - Bottom 10 Mean Stats: {'Max': np.float64(104.0), 'Min': np.float64(73.0), 'Mean': np.float64(82.9), 'Std': np.float64(10.3)}
2024-11-09 16:57:36,815 - INFO - Bottom 10 Std Stats: {'Max': np.float64(0.0), 'Min': np.float64(0.0), 'Mean': np.float64(0.0), 'Std': np.float64(0.0)}
[I 2024-11-09 16:57:36,847] Trial 84 finished with value: 59.0 and parameters: {'x_0': -4, 'x_1': 4, 'x_2': -3, 'x_3': 3, 'x_4': 3}. Best is trial 2 with value: 13.0.
2024-11-09 16:57:46,906 - INFO - Candidate Mean Stats: {'Max': np.float64(104.0), 'Min': np.float64(-1.0744460876566108e-13), 'Mean': np.float64(0.027413676413061708), 'Std': np.float64(1.272961350693869)}
2024-11-09 16:57:46,907 - INFO - Candidate Std Stats: {'Max': np.float64(0.9999999969430282), 'Min': np.float64(0.0), 'Mean': np.float64(0.9994722048370228), 'Std': np.float64(0.022967467358556974)}
2024-11-09 16:57:46,934 - INFO - Top 10 Mean Stats: {'Max': np.float64(3.633204848085825e-15), 'Min': np.float64(-3.3556490919295358e-15), 'Mean': np.float64(-1.5404344466674051e-16), 'Std': np.float64(2.236068223286351e-15)}
2024-11-09 16:57:46,934 - INFO - Top 10 Std Stats: {'Max': np.float64(0.9999999969430282), 'Min': np.float64(0.9999999965694261), 'Mean': np.float64(0.999999996764774), 'Std': np.float64(1.4899661501345434e-10)}
2024-11-09 16:57:46,935 - INFO - Bottom 10 Mean Stats: {'Max': np.float64(104.0), 'Min': np.float64(73.0), 'Mean': np.float64(82.9), 'Std': np.float64(10.3)}
2024-11-09 16:57:46,935 - INFO - Bottom 10 Std Stats: {'Max': np.float64(0.0), 'Min': np.float64(0.0), 'Mean': np.float64(0.0), 'Std': np.float64(0.0)}
[I 2024-11-09 16:57:46,962] Trial 85 finished with value: 43.0 and parameters: {'x_0': -3, 'x_1': -2, 'x_2': -2, 'x_3': -1, 'x_4': 5}. Best is trial 2 with value: 13.0.
2024-11-09 16:57:57,840 - INFO - Candidate Mean Stats: {'Max': np.float64(104.0), 'Min': np.float64(-7.16315895488151e-14), 'Mean': np.float64(0.027680672581977154), 'Std': np.float64(1.2774571326050879)}
2024-11-09 16:57:57,841 - INFO - Candidate Std Stats: {'Max': np.float64(0.9999999968521688), 'Min': np.float64(0.0), 'Mean': np.float64(0.9994659956542106), 'Std': np.float64(0.023102103306619312)}
2024-11-09 16:57:57,873 - INFO - Top 10 Mean Stats: {'Max': np.float64(5.162537064506978e-15), 'Min': np.float64(-3.0765320846448674e-15), 'Mean': np.float64(2.9880611873700497e-16), 'Std': np.float64(2.2630045245409325e-15)}
2024-11-09 16:57:57,874 - INFO - Top 10 Std Stats: {'Max': np.float64(0.9999999968521688), 'Min': np.float64(0.9999999966213295), 'Mean': np.float64(0.9999999966959999), 'Std': np.float64(6.578391158330417e-11)}
2024-11-09 16:57:57,874 - INFO - Bottom 10 Mean Stats: {'Max': np.float64(104.0), 'Min': np.float64(73.0), 'Mean': np.float64(82.9), 'Std': np.float64(10.3)}
2024-11-09 16:57:57,874 - INFO - Bottom 10 Std Stats: {'Max': np.float64(0.0), 'Min': np.float64(0.0), 'Mean': np.float64(0.0), 'Std': np.float64(0.0)}
[I 2024-11-09 16:57:57,929] Trial 86 finished with value: 42.0 and parameters: {'x_0': -1, 'x_1': 4, 'x_2': 3, 'x_3': 4, 'x_4': 0}. Best is trial 2 with value: 13.0.
2024-11-09 16:58:11,016 - INFO - Candidate Mean Stats: {'Max': np.float64(104.0), 'Min': np.float64(-5.453415496958769e-14), 'Mean': np.float64(0.027941459537662007), 'Std': np.float64(1.2817313572882083)}
2024-11-09 16:58:11,017 - INFO - Candidate Std Stats: {'Max': np.float64(0.9999999965247749), 'Min': np.float64(0.0), 'Mean': np.float64(0.9994597862448401), 'Std': np.float64(0.02323595748318465)}
2024-11-09 16:58:11,048 - INFO - Top 10 Mean Stats: {'Max': np.float64(3.6637359812630166e-15), 'Min': np.float64(-3.980149543281186e-15), 'Mean': np.float64(5.84601811404184e-17), 'Std': np.float64(2.2230734641254225e-15)}
2024-11-09 16:58:11,048 - INFO - Top 10 Std Stats: {'Max': np.float64(0.9999999965247749), 'Min': np.float64(0.9999999959827776), 'Mean': np.float64(0.999999996185297), 'Std': np.float64(1.9036631021284847e-10)}
2024-11-09 16:58:11,049 - INFO - Bottom 10 Mean Stats: {'Max': np.float64(104.0), 'Min': np.float64(73.0), 'Mean': np.float64(82.9), 'Std': np.float64(10.3)}
2024-11-09 16:58:11,049 - INFO - Bottom 10 Std Stats: {'Max': np.float64(0.0), 'Min': np.float64(0.0), 'Mean': np.float64(0.0), 'Std': np.float64(0.0)}
[I 2024-11-09 16:58:11,088] Trial 87 finished with value: 79.0 and parameters: {'x_0': 5, 'x_1': 2, 'x_2': -5, 'x_3': -3, 'x_4': 4}. Best is trial 2 with value: 13.0.
2024-11-09 16:58:20,572 - INFO - Candidate Mean Stats: {'Max': np.float64(104.0), 'Min': np.float64(-7.510658761589184e-14), 'Mean': np.float64(0.02843198738287871), 'Std': np.float64(1.296749520640956)}
2024-11-09 16:58:20,572 - INFO - Candidate Std Stats: {'Max': np.float64(0.9999999972477576), 'Min': np.float64(0.0), 'Mean': np.float64(0.9994535771401052), 'Std': np.float64(0.023369043334086317)}
2024-11-09 16:58:20,599 - INFO - Top 10 Mean Stats: {'Max': np.float64(8.659739592076221e-16), 'Min': np.float64(-2.831068712794149e-15), 'Mean': np.float64(-7.027711745877241e-16), 'Std': np.float64(1.0363902202025886e-15)}
2024-11-09 16:58:20,599 - INFO - Top 10 Std Stats: {'Max': np.float64(0.9999999972477576), 'Min': np.float64(0.9999999967756255), 'Mean': np.float64(0.9999999969245031), 'Std': np.float64(1.3797032666735514e-10)}
2024-11-09 16:58:20,599 - INFO - Bottom 10 Mean Stats: {'Max': np.float64(104.0), 'Min': np.float64(74.0), 'Mean': np.float64(83.5), 'Std': np.float64(9.871676655968834)}
2024-11-09 16:58:20,599 - INFO - Bottom 10 Std Stats: {'Max': np.float64(0.0), 'Min': np.float64(0.0), 'Mean': np.float64(0.0), 'Std': np.float64(0.0)}
[I 2024-11-09 16:58:20,625] Trial 88 finished with value: 65.0 and parameters: {'x_0': -5, 'x_1': -4, 'x_2': -2, 'x_3': 4, 'x_4': 2}. Best is trial 2 with value: 13.0.
2024-11-09 16:58:28,688 - INFO - Candidate Mean Stats: {'Max': np.float64(104.0), 'Min': np.float64(-6.573630528805552e-14), 'Mean': np.float64(0.028835586242867195), 'Std': np.float64(1.3068167936074162)}
2024-11-09 16:58:28,689 - INFO - Candidate Std Stats: {'Max': np.float64(0.9999999959150419), 'Min': np.float64(0.0), 'Mean': np.float64(0.9994473673232264), 'Std': np.float64(0.023501373888506833)}
2024-11-09 16:58:28,721 - INFO - Top 10 Mean Stats: {'Max': np.float64(5.151434834260726e-15), 'Min': np.float64(-3.780309398848658e-15), 'Mean': np.float64(1.3010426069826048e-16), 'Std': np.float64(2.3375089135491588e-15)}
2024-11-09 16:58:28,721 - INFO - Top 10 Std Stats: {'Max': np.float64(0.9999999959150419), 'Min': np.float64(0.9999999956227337), 'Mean': np.float64(0.9999999957373733), 'Std': np.float64(9.688114328413566e-11)}
2024-11-09 16:58:28,721 - INFO - Bottom 10 Mean Stats: {'Max': np.float64(104.0), 'Min': np.float64(74.0), 'Mean': np.float64(83.5), 'Std': np.float64(9.871676655968834)}
2024-11-09 16:58:28,721 - INFO - Bottom 10 Std Stats: {'Max': np.float64(0.0), 'Min': np.float64(0.0), 'Mean': np.float64(0.0), 'Std': np.float64(0.0)}
[I 2024-11-09 16:58:28,747] Trial 89 finished with value: 83.0 and parameters: {'x_0': -2, 'x_1': 5, 'x_2': 2, 'x_3': 5, 'x_4': 5}. Best is trial 2 with value: 13.0.
2024-11-09 16:58:38,186 - INFO - Candidate Mean Stats: {'Max': np.float64(104.0), 'Min': np.float64(-7.327471962526033e-14), 'Mean': np.float64(0.02935095094100627), 'Std': np.float64(1.3230704496408126)}
2024-11-09 16:58:38,188 - INFO - Candidate Std Stats: {'Max': np.float64(0.999999997026739), 'Min': np.float64(0.0), 'Mean': np.float64(0.99944115860588), 'Std': np.float64(0.023632961876362914)}
2024-11-09 16:58:38,212 - INFO - Top 10 Mean Stats: {'Max': np.float64(3.0100921755149557e-15), 'Min': np.float64(-1.61259894326804e-15), 'Mean': np.float64(4.445749324233361e-16), 'Std': np.float64(1.618642789151796e-15)}
2024-11-09 16:58:38,213 - INFO - Top 10 Std Stats: {'Max': np.float64(0.999999997026739), 'Min': np.float64(0.9999999964618096), 'Mean': np.float64(0.9999999966370868), 'Std': np.float64(1.7598788518397437e-10)}
2024-11-09 16:58:38,213 - INFO - Bottom 10 Mean Stats: {'Max': np.float64(104.0), 'Min': np.float64(75.0), 'Mean': np.float64(84.4), 'Std': np.float64(9.361623790774761)}
2024-11-09 16:58:38,213 - INFO - Bottom 10 Std Stats: {'Max': np.float64(0.0), 'Min': np.float64(0.0), 'Mean': np.float64(0.0), 'Std': np.float64(0.0)}
[I 2024-11-09 16:58:38,249] Trial 90 finished with value: 79.0 and parameters: {'x_0': -2, 'x_1': -5, 'x_2': 4, 'x_3': -5, 'x_4': -3}. Best is trial 2 with value: 13.0.
2024-11-09 16:58:45,485 - INFO - Candidate Mean Stats: {'Max': np.float64(104.0), 'Min': np.float64(-7.58504370423907e-14), 'Mean': np.float64(0.029841478786222946), 'Std': np.float64(1.3376240424535801)}
2024-11-09 16:58:45,485 - INFO - Candidate Std Stats: {'Max': np.float64(0.9999999964311519), 'Min': np.float64(0.0), 'Mean': np.float64(0.9994349493782688), 'Std': np.float64(0.023763819595739984)}
2024-11-09 16:58:45,517 - INFO - Top 10 Mean Stats: {'Max': np.float64(3.785860513971784e-15), 'Min': np.float64(-2.0705659409259168e-15), 'Mean': np.float64(4.934941344458821e-16), 'Std': np.float64(1.7929624067335493e-15)}
2024-11-09 16:58:45,518 - INFO - Top 10 Std Stats: {'Max': np.float64(0.9999999964311519), 'Min': np.float64(0.9999999961534499), 'Mean': np.float64(0.9999999962551765), 'Std': np.float64(8.486743456837133e-11)}
2024-11-09 16:58:45,518 - INFO - Bottom 10 Mean Stats: {'Max': np.float64(104.0), 'Min': np.float64(75.0), 'Mean': np.float64(84.8), 'Std': np.float64(9.03105752390051)}
2024-11-09 16:58:45,518 - INFO - Bottom 10 Std Stats: {'Max': np.float64(0.0), 'Min': np.float64(0.0), 'Mean': np.float64(0.0), 'Std': np.float64(0.0)}
[I 2024-11-09 16:58:45,548] Trial 91 finished with value: 46.0 and parameters: {'x_0': 1, 'x_1': 5, 'x_2': 0, 'x_3': -4, 'x_4': -2}. Best is trial 2 with value: 13.0.
2024-11-09 16:58:54,282 - INFO - Candidate Mean Stats: {'Max': np.float64(104.0), 'Min': np.float64(-6.449285550047534e-14), 'Mean': np.float64(0.030127102594830237), 'Std': np.float64(1.342519886516091)}
2024-11-09 16:58:54,283 - INFO - Candidate Std Stats: {'Max': np.float64(0.9999999959098018), 'Min': np.float64(0.0), 'Mean': np.float64(0.9994287405452683), 'Std': np.float64(0.02389395906604754)}
2024-11-09 16:58:54,309 - INFO - Top 10 Mean Stats: {'Max': np.float64(1.7708057242771246e-15), 'Min': np.float64(-4.252154184314349e-15), 'Mean': np.float64(-8.222589276130062e-17), 'Std': np.float64(1.6362133483022644e-15)}
2024-11-09 16:58:54,310 - INFO - Top 10 Std Stats: {'Max': np.float64(0.9999999959098018), 'Min': np.float64(0.9999999957345359), 'Mean': np.float64(0.9999999958300722), 'Std': np.float64(6.376962488488662e-11)}
2024-11-09 16:58:54,310 - INFO - Bottom 10 Mean Stats: {'Max': np.float64(104.0), 'Min': np.float64(75.0), 'Mean': np.float64(84.8), 'Std': np.float64(9.03105752390051)}
2024-11-09 16:58:54,310 - INFO - Bottom 10 Std Stats: {'Max': np.float64(0.0), 'Min': np.float64(0.0), 'Mean': np.float64(0.0), 'Std': np.float64(0.0)}
[I 2024-11-09 16:58:54,339] Trial 92 finished with value: 59.0 and parameters: {'x_0': -1, 'x_1': -2, 'x_2': -2, 'x_3': 5, 'x_4': 5}. Best is trial 2 with value: 13.0.
2024-11-09 16:59:03,575 - INFO - Candidate Mean Stats: {'Max': np.float64(104.0), 'Min': np.float64(-7.689404668553834e-14), 'Mean': np.float64(0.030493446175435084), 'Std': np.float64(1.3505375629718606)}
2024-11-09 16:59:03,575 - INFO - Candidate Std Stats: {'Max': np.float64(0.9999999989211817), 'Min': np.float64(0.0), 'Mean': np.float64(0.999422530758418), 'Std': np.float64(0.024023391927873356)}
2024-11-09 16:59:03,612 - INFO - Top 10 Mean Stats: {'Max': np.float64(1.5099033134902129e-15), 'Min': np.float64(-1.3600232051658168e-15), 'Mean': np.float64(3.5998981573470708e-16), 'Std': np.float64(8.359885842668973e-16)}
2024-11-09 16:59:03,612 - INFO - Top 10 Std Stats: {'Max': np.float64(0.9999999989211817), 'Min': np.float64(0.9999999986554371), 'Mean': np.float64(0.999999998758275), 'Std': np.float64(7.778396418489234e-11)}
2024-11-09 16:59:03,612 - INFO - Bottom 10 Mean Stats: {'Max': np.float64(104.0), 'Min': np.float64(75.0), 'Mean': np.float64(84.8), 'Std': np.float64(9.03105752390051)}
2024-11-09 16:59:03,612 - INFO - Bottom 10 Std Stats: {'Max': np.float64(0.0), 'Min': np.float64(0.0), 'Mean': np.float64(0.0), 'Std': np.float64(0.0)}
[I 2024-11-09 16:59:03,643] Trial 93 finished with value: 91.0 and parameters: {'x_0': 3, 'x_1': 4, 'x_2': 4, 'x_3': 5, 'x_4': -5}. Best is trial 2 with value: 13.0.
2024-11-09 16:59:11,152 - INFO - Candidate Mean Stats: {'Max': np.float64(104.0), 'Min': np.float64(-5.440092820663267e-14), 'Mean': np.float64(0.031058484579418923), 'Std': np.float64(1.3694288680160738)}
2024-11-09 16:59:11,153 - INFO - Candidate Std Stats: {'Max': np.float64(0.9999999968030197), 'Min': np.float64(0.0), 'Mean': np.float64(0.999416321938161), 'Std': np.float64(0.02415212958717912)}
2024-11-09 16:59:11,177 - INFO - Top 10 Mean Stats: {'Max': np.float64(3.2529534621517087e-15), 'Min': np.float64(-3.608224830031759e-15), 'Mean': np.float64(3.293199046794371e-16), 'Std': np.float64(2.2269813742461652e-15)}
2024-11-09 16:59:11,177 - INFO - Top 10 Std Stats: {'Max': np.float64(0.9999999968030197), 'Min': np.float64(0.9999999964494427), 'Mean': np.float64(0.999999996559203), 'Std': np.float64(1.1456155425618865e-10)}
2024-11-09 16:59:11,177 - INFO - Bottom 10 Mean Stats: {'Max': np.float64(104.0), 'Min': np.float64(77.0), 'Mean': np.float64(86.4), 'Std': np.float64(8.558037158133867)}
2024-11-09 16:59:11,177 - INFO - Bottom 10 Std Stats: {'Max': np.float64(0.0), 'Min': np.float64(0.0), 'Mean': np.float64(0.0), 'Std': np.float64(0.0)}
[I 2024-11-09 16:59:11,206] Trial 94 finished with value: 24.0 and parameters: {'x_0': 1, 'x_1': 3, 'x_2': 1, 'x_3': 2, 'x_4': -3}. Best is trial 2 with value: 13.0.
2024-11-09 16:59:20,958 - INFO - Candidate Mean Stats: {'Max': np.float64(104.0), 'Min': np.float64(-6.115108419635362e-14), 'Mean': np.float64(0.031207505696953162), 'Std': np.float64(1.370730700184814)}
2024-11-09 16:59:20,959 - INFO - Candidate Std Stats: {'Max': np.float64(0.9999999960551142), 'Min': np.float64(0.0), 'Mean': np.float64(0.9994101126574273), 'Std': np.float64(0.024280183068284934)}
2024-11-09 16:59:20,994 - INFO - Top 10 Mean Stats: {'Max': np.float64(3.366751322175787e-15), 'Min': np.float64(-5.595524044110789e-15), 'Mean': np.float64(4.3739317723279217e-16), 'Std': np.float64(2.448604103489053e-15)}
2024-11-09 16:59:20,994 - INFO - Top 10 Std Stats: {'Max': np.float64(0.9999999960551142), 'Min': np.float64(0.9999999957002654), 'Mean': np.float64(0.999999995870214), 'Std': np.float64(1.1085144807173293e-10)}
2024-11-09 16:59:20,994 - INFO - Bottom 10 Mean Stats: {'Max': np.float64(104.0), 'Min': np.float64(77.0), 'Mean': np.float64(86.4), 'Std': np.float64(8.558037158133867)}
2024-11-09 16:59:20,994 - INFO - Bottom 10 Std Stats: {'Max': np.float64(0.0), 'Min': np.float64(0.0), 'Mean': np.float64(0.0), 'Std': np.float64(0.0)}
