[I 2024-11-09 17:12:14,017] Trial 175 finished with value: 51.0 and parameters: {'x_0': 0, 'x_1': -5, 'x_2': -1, 'x_3': -4, 'x_4': 3}. Best is trial 2 with value: 13.0.
2024-11-09 17:12:23,530 - INFO - Candidate Mean Stats: {'Max': np.float64(107.0), 'Min': np.float64(-7.23199278240827e-14), 'Mean': np.float64(0.05623684422946768), 'Std': np.float64(1.8120339727780157)}
2024-11-09 17:12:23,530 - INFO - Candidate Std Stats: {'Max': np.float64(0.9999999964989154), 'Min': np.float64(0.0), 'Mean': np.float64(0.9989071662711708), 'Std': np.float64(0.03303978273272105)}
2024-11-09 17:12:23,553 - INFO - Top 10 Mean Stats: {'Max': np.float64(4.485301019485632e-15), 'Min': np.float64(-4.54081217071689e-15), 'Mean': np.float64(-2.1233015345956135e-17), 'Std': np.float64(2.737815947546661e-15)}
2024-11-09 17:12:23,553 - INFO - Top 10 Std Stats: {'Max': np.float64(0.9999999964989154), 'Min': np.float64(0.9999999962269349), 'Mean': np.float64(0.9999999964120191), 'Std': np.float64(9.269745802009022e-11)}
2024-11-09 17:12:23,554 - INFO - Bottom 10 Mean Stats: {'Max': np.float64(107.0), 'Min': np.float64(79.0), 'Mean': np.float64(90.3), 'Std': np.float64(9.077995373429092)}
2024-11-09 17:12:23,554 - INFO - Bottom 10 Std Stats: {'Max': np.float64(0.0), 'Min': np.float64(0.0), 'Mean': np.float64(0.0), 'Std': np.float64(0.0)}
[I 2024-11-09 17:12:23,586] Trial 176 finished with value: 7.0 and parameters: {'x_0': 2, 'x_1': 1, 'x_2': 1, 'x_3': -1, 'x_4': 0}. Best is trial 176 with value: 7.0.
2024-11-09 17:12:35,568 - INFO - Candidate Mean Stats: {'Max': np.float64(107.0), 'Min': np.float64(-4.3348657996489236e-14), 'Mean': np.float64(0.056280308722081826), 'Std': np.float64(1.8121165744645165)}
2024-11-09 17:12:35,570 - INFO - Candidate Std Stats: {'Max': np.float64(0.9999999971184352), 'Min': np.float64(0.0), 'Mean': np.float64(0.9989009584514481), 'Std': np.float64(0.03313340986812842)}
2024-11-09 17:12:35,593 - INFO - Top 10 Mean Stats: {'Max': np.float64(2.1871393585115583e-15), 'Min': np.float64(-2.192690473634684e-15), 'Mean': np.float64(1.762479051592436e-16), 'Std': np.float64(1.4353777882985797e-15)}
2024-11-09 17:12:35,593 - INFO - Top 10 Std Stats: {'Max': np.float64(0.9999999971184352), 'Min': np.float64(0.9999999965644158), 'Mean': np.float64(0.9999999967798064), 'Std': np.float64(2.0102962963398882e-10)}
2024-11-09 17:12:35,593 - INFO - Bottom 10 Mean Stats: {'Max': np.float64(107.0), 'Min': np.float64(79.0), 'Mean': np.float64(90.3), 'Std': np.float64(9.077995373429092)}
2024-11-09 17:12:35,593 - INFO - Bottom 10 Std Stats: {'Max': np.float64(0.0), 'Min': np.float64(0.0), 'Mean': np.float64(0.0), 'Std': np.float64(0.0)}
[I 2024-11-09 17:12:35,623] Trial 177 finished with value: 22.0 and parameters: {'x_0': 2, 'x_1': -2, 'x_2': 1, 'x_3': 3, 'x_4': -2}. Best is trial 176 with value: 7.0.
2024-11-09 17:12:44,898 - INFO - Candidate Mean Stats: {'Max': np.float64(107.0), 'Min': np.float64(-5.5144777633131524e-14), 'Mean': np.float64(0.056416911413154885), 'Std': np.float64(1.812941351480812)}
2024-11-09 17:12:44,899 - INFO - Candidate Std Stats: {'Max': np.float64(0.9999999968365387), 'Min': np.float64(0.0), 'Mean': np.float64(0.9988947490106707), 'Std': np.float64(0.03322677196623256)}
2024-11-09 17:12:44,924 - INFO - Top 10 Mean Stats: {'Max': np.float64(3.530509218307998e-15), 'Min': np.float64(-3.4083846855992305e-15), 'Mean': np.float64(5.292988269900433e-16), 'Std': np.float64(2.217868853549014e-15)}
2024-11-09 17:12:44,925 - INFO - Top 10 Std Stats: {'Max': np.float64(0.9999999968365387), 'Min': np.float64(0.9999999965840539), 'Mean': np.float64(0.9999999966860352), 'Std': np.float64(7.174673973326951e-11)}
2024-11-09 17:12:44,925 - INFO - Bottom 10 Mean Stats: {'Max': np.float64(107.0), 'Min': np.float64(79.0), 'Mean': np.float64(90.3), 'Std': np.float64(9.077995373429092)}
2024-11-09 17:12:44,925 - INFO - Bottom 10 Std Stats: {'Max': np.float64(0.0), 'Min': np.float64(0.0), 'Mean': np.float64(0.0), 'Std': np.float64(0.0)}
[I 2024-11-09 17:12:44,956] Trial 178 finished with value: 50.0 and parameters: {'x_0': -5, 'x_1': 1, 'x_2': -2, 'x_3': -2, 'x_4': 4}. Best is trial 176 with value: 7.0.
2024-11-09 17:12:55,788 - INFO - Candidate Mean Stats: {'Max': np.float64(107.0), 'Min': np.float64(-5.2535753525262406e-14), 'Mean': np.float64(0.056727372074684417), 'Std': np.float64(1.817207816991896)}
2024-11-09 17:12:55,790 - INFO - Candidate Std Stats: {'Max': np.float64(0.9999999964906993), 'Min': np.float64(0.0), 'Mean': np.float64(0.9988885394363004), 'Std': np.float64(0.03331987130364359)}
2024-11-09 17:12:55,817 - INFO - Top 10 Mean Stats: {'Max': np.float64(2.942091015256665e-15), 'Min': np.float64(-2.964295475749168e-15), 'Mean': np.float64(4.692080057822068e-16), 'Std': np.float64(1.6582072021636288e-15)}
2024-11-09 17:12:55,818 - INFO - Top 10 Std Stats: {'Max': np.float64(0.9999999964906993), 'Min': np.float64(0.9999999960291932), 'Mean': np.float64(0.9999999962219942), 'Std': np.float64(1.5343084649242945e-10)}
2024-11-09 17:12:55,818 - INFO - Bottom 10 Mean Stats: {'Max': np.float64(107.0), 'Min': np.float64(79.0), 'Mean': np.float64(90.3), 'Std': np.float64(9.077995373429092)}
2024-11-09 17:12:55,818 - INFO - Bottom 10 Std Stats: {'Max': np.float64(0.0), 'Min': np.float64(0.0), 'Mean': np.float64(0.0), 'Std': np.float64(0.0)}
[I 2024-11-09 17:12:55,843] Trial 179 finished with value: 74.0 and parameters: {'x_0': 5, 'x_1': -4, 'x_2': 1, 'x_3': -4, 'x_4': 4}. Best is trial 176 with value: 7.0.
2024-11-09 17:13:02,788 - INFO - Candidate Mean Stats: {'Max': np.float64(107.0), 'Min': np.float64(-5.824229987183571e-14), 'Mean': np.float64(0.05718685385374819), 'Std': np.float64(1.8265249957983003)}
2024-11-09 17:13:02,789 - INFO - Candidate Std Stats: {'Max': np.float64(0.9999999966933569), 'Min': np.float64(0.0), 'Mean': np.float64(0.9988823306323922), 'Std': np.float64(0.03341271010695366)}
2024-11-09 17:13:02,820 - INFO - Top 10 Mean Stats: {'Max': np.float64(3.297362383136715e-15), 'Min': np.float64(-2.384203945382524e-15), 'Mean': np.float64(3.4926922465317035e-16), 'Std': np.float64(1.84915395812538e-15)}
2024-11-09 17:13:02,820 - INFO - Top 10 Std Stats: {'Max': np.float64(0.9999999966933569), 'Min': np.float64(0.9999999962201122), 'Mean': np.float64(0.9999999963658016), 'Std': np.float64(1.608408516728639e-10)}
2024-11-09 17:13:02,820 - INFO - Bottom 10 Mean Stats: {'Max': np.float64(107.0), 'Min': np.float64(79.0), 'Mean': np.float64(90.3), 'Std': np.float64(9.077995373429092)}
2024-11-09 17:13:02,820 - INFO - Bottom 10 Std Stats: {'Max': np.float64(0.0), 'Min': np.float64(0.0), 'Mean': np.float64(0.0), 'Std': np.float64(0.0)}
[I 2024-11-09 17:13:02,850] Trial 180 finished with value: 33.0 and parameters: {'x_0': 3, 'x_1': 0, 'x_2': -2, 'x_3': -4, 'x_4': -2}. Best is trial 176 with value: 7.0.
2024-11-09 17:13:10,292 - INFO - Candidate Mean Stats: {'Max': np.float64(107.0), 'Min': np.float64(-4.586331314726522e-14), 'Mean': np.float64(0.05739175789035771), 'Std': np.float64(1.8283686487861357)}
2024-11-09 17:13:10,294 - INFO - Candidate Std Stats: {'Max': np.float64(0.9999999967531555), 'Min': np.float64(0.0), 'Mean': np.float64(0.9988761211868435), 'Std': np.float64(0.033505290494943454)}
2024-11-09 17:13:10,324 - INFO - Top 10 Mean Stats: {'Max': np.float64(2.930988785010413e-15), 'Min': np.float64(-3.641531520770513e-15), 'Mean': np.float64(-7.494005416219807e-16), 'Std': np.float64(2.1570996966442294e-15)}
2024-11-09 17:13:10,324 - INFO - Top 10 Std Stats: {'Max': np.float64(0.9999999967531555), 'Min': np.float64(0.999999996346928), 'Mean': np.float64(0.9999999965142846), 'Std': np.float64(1.391957130196104e-10)}
2024-11-09 17:13:10,324 - INFO - Bottom 10 Mean Stats: {'Max': np.float64(107.0), 'Min': np.float64(79.0), 'Mean': np.float64(90.3), 'Std': np.float64(9.077995373429092)}
2024-11-09 17:13:10,324 - INFO - Bottom 10 Std Stats: {'Max': np.float64(0.0), 'Min': np.float64(0.0), 'Mean': np.float64(0.0), 'Std': np.float64(0.0)}
[I 2024-11-09 17:13:10,355] Trial 181 finished with value: 75.0 and parameters: {'x_0': 4, 'x_1': 3, 'x_2': -5, 'x_3': -3, 'x_4': -4}. Best is trial 176 with value: 7.0.
2024-11-09 17:13:19,468 - INFO - Candidate Mean Stats: {'Max': np.float64(107.0), 'Min': np.float64(-5.5738746951305985e-14), 'Mean': np.float64(0.05785744888265208), 'Std': np.float64(1.8378805918145644)}
2024-11-09 17:13:19,469 - INFO - Candidate Std Stats: {'Max': np.float64(0.9999999985551044), 'Min': np.float64(0.0), 'Mean': np.float64(0.998869911936943), 'Std': np.float64(0.03359761463166006)}
2024-11-09 17:13:19,502 - INFO - Top 10 Mean Stats: {'Max': np.float64(1.6209256159527285e-15), 'Min': np.float64(-1.765254609153999e-15), 'Mean': np.float64(-2.8959690548391314e-16), 'Std': np.float64(1.0416108341452412e-15)}
2024-11-09 17:13:19,502 - INFO - Top 10 Std Stats: {'Max': np.float64(0.9999999985551044), 'Min': np.float64(0.9999999983092599), 'Mean': np.float64(0.9999999984047216), 'Std': np.float64(8.329731032646934e-11)}
2024-11-09 17:13:19,502 - INFO - Bottom 10 Mean Stats: {'Max': np.float64(107.0), 'Min': np.float64(79.0), 'Mean': np.float64(90.3), 'Std': np.float64(9.077995373429092)}
2024-11-09 17:13:19,503 - INFO - Bottom 10 Std Stats: {'Max': np.float64(0.0), 'Min': np.float64(0.0), 'Mean': np.float64(0.0), 'Std': np.float64(0.0)}
[I 2024-11-09 17:13:19,534] Trial 182 finished with value: 20.0 and parameters: {'x_0': -3, 'x_1': 1, 'x_2': 0, 'x_3': 3, 'x_4': -1}. Best is trial 176 with value: 7.0.
2024-11-09 17:13:29,894 - INFO - Candidate Mean Stats: {'Max': np.float64(107.0), 'Min': np.float64(-6.650235917504688e-14), 'Mean': np.float64(0.057981633147263886), 'Std': np.float64(1.8385522482838705)}
2024-11-09 17:13:29,894 - INFO - Candidate Std Stats: {'Max': np.float64(0.9999999963619894), 'Min': np.float64(0.0), 'Mean': np.float64(0.9988637026244289), 'Std': np.float64(0.033689684615215175)}
2024-11-09 17:13:29,920 - INFO - Top 10 Mean Stats: {'Max': np.float64(1.0935696792557792e-15), 'Min': np.float64(-4.162989397649142e-15), 'Mean': np.float64(-5.805425584703983e-16), 'Std': np.float64(1.7457770702011472e-15)}
2024-11-09 17:13:29,920 - INFO - Top 10 Std Stats: {'Max': np.float64(0.9999999963619894), 'Min': np.float64(0.9999999960933912), 'Mean': np.float64(0.9999999961582745), 'Std': np.float64(7.950348466664447e-11)}
2024-11-09 17:13:29,920 - INFO - Bottom 10 Mean Stats: {'Max': np.float64(107.0), 'Min': np.float64(79.0), 'Mean': np.float64(90.3), 'Std': np.float64(9.077995373429092)}
2024-11-09 17:13:29,920 - INFO - Bottom 10 Std Stats: {'Max': np.float64(0.0), 'Min': np.float64(0.0), 'Mean': np.float64(0.0), 'Std': np.float64(0.0)}
[I 2024-11-09 17:13:29,954] Trial 183 finished with value: 76.0 and parameters: {'x_0': 5, 'x_1': -3, 'x_2': 4, 'x_3': -5, 'x_4': 1}. Best is trial 176 with value: 7.0.
2024-11-09 17:13:39,806 - INFO - Candidate Mean Stats: {'Max': np.float64(107.0), 'Min': np.float64(-4.8250292650209306e-14), 'Mean': np.float64(0.058453533352788876), 'Std': np.float64(1.8482650890796404)}
2024-11-09 17:13:39,807 - INFO - Candidate Std Stats: {'Max': np.float64(0.9999999992964514), 'Min': np.float64(0.0), 'Mean': np.float64(0.9988574935944454), 'Std': np.float64(0.0337815025352966)}
2024-11-09 17:13:39,833 - INFO - Top 10 Mean Stats: {'Max': np.float64(1.432187701766452e-15), 'Min': np.float64(-1.3489209749195652e-15), 'Mean': np.float64(2.731148640577885e-16), 'Std': np.float64(7.885663351125029e-16)}
2024-11-09 17:13:39,833 - INFO - Top 10 Std Stats: {'Max': np.float64(0.9999999992964514), 'Min': np.float64(0.9999999987608721), 'Mean': np.float64(0.9999999989450771), 'Std': np.float64(1.5749244732777891e-10)}
2024-11-09 17:13:39,833 - INFO - Bottom 10 Mean Stats: {'Max': np.float64(107.0), 'Min': np.float64(79.0), 'Mean': np.float64(90.3), 'Std': np.float64(9.077995373429092)}
2024-11-09 17:13:39,833 - INFO - Bottom 10 Std Stats: {'Max': np.float64(0.0), 'Min': np.float64(0.0), 'Mean': np.float64(0.0), 'Std': np.float64(0.0)}
[I 2024-11-09 17:13:39,863] Trial 184 finished with value: 55.0 and parameters: {'x_0': -5, 'x_1': 3, 'x_2': -4, 'x_3': -1, 'x_4': -2}. Best is trial 176 with value: 7.0.
2024-11-09 17:13:49,513 - INFO - Candidate Mean Stats: {'Max': np.float64(107.0), 'Min': np.float64(-4.8464010582449643e-14), 'Mean': np.float64(0.05879504008047139), 'Std': np.float64(1.8533285376199418)}
2024-11-09 17:13:49,513 - INFO - Candidate Std Stats: {'Max': np.float64(0.999999996968984), 'Min': np.float64(0.0), 'Mean': np.float64(0.9988512843686419), 'Std': np.float64(0.03387307042560282)}
2024-11-09 17:13:49,539 - INFO - Top 10 Mean Stats: {'Max': np.float64(4.424238753131249e-15), 'Min': np.float64(-3.565203687827534e-15), 'Mean': np.float64(4.7392645363686457e-17), 'Std': np.float64(2.591926272080256e-15)}
2024-11-09 17:13:49,539 - INFO - Top 10 Std Stats: {'Max': np.float64(0.999999996968984), 'Min': np.float64(0.9999999965084445), 'Mean': np.float64(0.9999999966629677), 'Std': np.float64(1.366880186365356e-10)}
2024-11-09 17:13:49,539 - INFO - Bottom 10 Mean Stats: {'Max': np.float64(107.0), 'Min': np.float64(79.0), 'Mean': np.float64(90.3), 'Std': np.float64(9.077995373429092)}
2024-11-09 17:13:49,539 - INFO - Bottom 10 Std Stats: {'Max': np.float64(0.0), 'Min': np.float64(0.0), 'Mean': np.float64(0.0), 'Std': np.float64(0.0)}
[I 2024-11-09 17:13:49,568] Trial 185 finished with value: 43.0 and parameters: {'x_0': 3, 'x_1': 3, 'x_2': 0, 'x_3': -3, 'x_4': 4}. Best is trial 176 with value: 7.0.
2024-11-09 17:13:59,134 - INFO - Candidate Mean Stats: {'Max': np.float64(107.0), 'Min': np.float64(-4.323069680012281e-14), 'Mean': np.float64(0.05906203624938685), 'Std': np.float64(1.856414834090693)}
2024-11-09 17:13:59,135 - INFO - Candidate Std Stats: {'Max': np.float64(0.9999999970151994), 'Min': np.float64(0.0), 'Mean': np.float64(0.9988450748763495), 'Std': np.float64(0.03396439030586204)}
2024-11-09 17:13:59,160 - INFO - Top 10 Mean Stats: {'Max': np.float64(2.0957411153710303e-15), 'Min': np.float64(-2.6978419498391305e-15), 'Mean': np.float64(-4.21552983492779e-16), 'Std': np.float64(1.3370372212941208e-15)}
2024-11-09 17:13:59,160 - INFO - Top 10 Std Stats: {'Max': np.float64(0.9999999970151994), 'Min': np.float64(0.9999999962831942), 'Mean': np.float64(0.9999999964888303), 'Std': np.float64(2.0171680583474778e-10)}
2024-11-09 17:13:59,160 - INFO - Bottom 10 Mean Stats: {'Max': np.float64(107.0), 'Min': np.float64(79.0), 'Mean': np.float64(90.3), 'Std': np.float64(9.077995373429092)}
2024-11-09 17:13:59,160 - INFO - Bottom 10 Std Stats: {'Max': np.float64(0.0), 'Min': np.float64(0.0), 'Mean': np.float64(0.0), 'Std': np.float64(0.0)}
[I 2024-11-09 17:13:59,194] Trial 186 finished with value: 59.0 and parameters: {'x_0': -4, 'x_1': 0, 'x_2': 3, 'x_3': 3, 'x_4': 5}. Best is trial 176 with value: 7.0.
2024-11-09 17:14:10,107 - INFO - Candidate Mean Stats: {'Max': np.float64(107.0), 'Min': np.float64(-6.714628852932946e-14), 'Mean': np.float64(0.05942837982999174), 'Std': np.float64(1.86221558883078)}
2024-11-09 17:14:10,109 - INFO - Candidate Std Stats: {'Max': np.float64(0.999999997624447), 'Min': np.float64(0.0), 'Mean': np.float64(0.9988388662140031), 'Std': np.float64(0.03405546420843165)}
2024-11-09 17:14:10,134 - INFO - Top 10 Mean Stats: {'Max': np.float64(2.220446049250313e-15), 'Min': np.float64(-2.6867397195928787e-15), 'Mean': np.float64(2.936539900133539e-16), 'Std': np.float64(1.3132405048474482e-15)}
2024-11-09 17:14:10,134 - INFO - Top 10 Std Stats: {'Max': np.float64(0.999999997624447), 'Min': np.float64(0.9999999970565635), 'Mean': np.float64(0.9999999972567698), 'Std': np.float64(1.8284607361953444e-10)}
2024-11-09 17:14:10,135 - INFO - Bottom 10 Mean Stats: {'Max': np.float64(107.0), 'Min': np.float64(79.0), 'Mean': np.float64(90.3), 'Std': np.float64(9.077995373429092)}
2024-11-09 17:14:10,135 - INFO - Bottom 10 Std Stats: {'Max': np.float64(0.0), 'Min': np.float64(0.0), 'Mean': np.float64(0.0), 'Std': np.float64(0.0)}
[I 2024-11-09 17:14:10,164] Trial 187 finished with value: 27.0 and parameters: {'x_0': 4, 'x_1': 1, 'x_2': 0, 'x_3': -1, 'x_4': -3}. Best is trial 176 with value: 7.0.
2024-11-09 17:14:20,959 - INFO - Candidate Mean Stats: {'Max': np.float64(107.0), 'Min': np.float64(-5.515865542093934e-14), 'Mean': np.float64(0.059596028587217735), 'Std': np.float64(1.8634251960932915)}
2024-11-09 17:14:20,960 - INFO - Candidate Std Stats: {'Max': np.float64(0.9999999971376227), 'Min': np.float64(0.0), 'Mean': np.float64(0.9988326568128397), 'Std': np.float64(0.03414629404832593)}
2024-11-09 17:14:20,984 - INFO - Top 10 Mean Stats: {'Max': np.float64(2.531308496145357e-15), 'Min': np.float64(-2.6645352591003757e-15), 'Mean': np.float64(-1.1254885912137529e-16), 'Std': np.float64(1.5670450490989144e-15)}
2024-11-09 17:14:20,984 - INFO - Top 10 Std Stats: {'Max': np.float64(0.9999999971376227), 'Min': np.float64(0.9999999965531303), 'Mean': np.float64(0.999999996748904), 'Std': np.float64(1.5609985395274352e-10)}
2024-11-09 17:14:20,984 - INFO - Bottom 10 Mean Stats: {'Max': np.float64(107.0), 'Min': np.float64(79.0), 'Mean': np.float64(90.3), 'Std': np.float64(9.077995373429092)}
2024-11-09 17:14:20,984 - INFO - Bottom 10 Std Stats: {'Max': np.float64(0.0), 'Min': np.float64(0.0), 'Mean': np.float64(0.0), 'Std': np.float64(0.0)}
[I 2024-11-09 17:14:21,015] Trial 188 finished with value: 76.0 and parameters: {'x_0': 5, 'x_1': -3, 'x_2': 1, 'x_3': -4, 'x_4': 5}. Best is trial 176 with value: 7.0.
2024-11-09 17:14:30,661 - INFO - Candidate Mean Stats: {'Max': np.float64(107.0), 'Min': np.float64(-6.165623567255807e-14), 'Mean': np.float64(0.060067928792742684), 'Std': np.float64(1.8730086512371307)}
2024-11-09 17:14:30,661 - INFO - Candidate Std Stats: {'Max': np.float64(0.9999999966442735), 'Min': np.float64(0.0), 'Mean': np.float64(0.9988264469830193), 'Std': np.float64(0.0342368817782562)}
2024-11-09 17:14:30,689 - INFO - Top 10 Mean Stats: {'Max': np.float64(1.806887972577442e-15), 'Min': np.float64(-2.2825491496902827e-15), 'Mean': np.float64(-7.197367701827774e-17), 'Std': np.float64(1.1769110409551055e-15)}
2024-11-09 17:14:30,689 - INFO - Top 10 Std Stats: {'Max': np.float64(0.9999999966442735), 'Min': np.float64(0.9999999962888914), 'Mean': np.float64(0.9999999964543012), 'Std': np.float64(1.1632390922307126e-10)}
2024-11-09 17:14:30,689 - INFO - Bottom 10 Mean Stats: {'Max': np.float64(107.0), 'Min': np.float64(79.0), 'Mean': np.float64(90.3), 'Std': np.float64(9.077995373429092)}
2024-11-09 17:14:30,689 - INFO - Bottom 10 Std Stats: {'Max': np.float64(0.0), 'Min': np.float64(0.0), 'Mean': np.float64(0.0), 'Std': np.float64(0.0)}
[I 2024-11-09 17:14:30,718] Trial 189 finished with value: 24.0 and parameters: {'x_0': -4, 'x_1': 0, 'x_2': -2, 'x_3': -2, 'x_4': 0}. Best is trial 176 with value: 7.0.
2024-11-09 17:14:39,946 - INFO - Candidate Mean Stats: {'Max': np.float64(107.0), 'Min': np.float64(-5.32018873400375e-14), 'Mean': np.float64(0.06021694991027687), 'Std': np.float64(1.8739583745224737)}
2024-11-09 17:14:39,947 - INFO - Candidate Std Stats: {'Max': np.float64(0.999999996974605), 'Min': np.float64(0.0), 'Mean': np.float64(0.9988202382177847), 'Std': np.float64(0.03432722936605517)}
2024-11-09 17:14:39,977 - INFO - Top 10 Mean Stats: {'Max': np.float64(3.785860513971784e-15), 'Min': np.float64(-2.3592239273284576e-15), 'Mean': np.float64(2.7124136270373353e-16), 'Std': np.float64(1.863491716595566e-15)}
2024-11-09 17:14:39,977 - INFO - Top 10 Std Stats: {'Max': np.float64(0.999999996974605), 'Min': np.float64(0.9999999966971372), 'Mean': np.float64(0.9999999968240083), 'Std': np.float64(9.300605697879852e-11)}
2024-11-09 17:14:39,977 - INFO - Bottom 10 Mean Stats: {'Max': np.float64(107.0), 'Min': np.float64(79.0), 'Mean': np.float64(90.3), 'Std': np.float64(9.077995373429092)}
2024-11-09 17:14:39,977 - INFO - Bottom 10 Std Stats: {'Max': np.float64(0.0), 'Min': np.float64(0.0), 'Mean': np.float64(0.0), 'Std': np.float64(0.0)}
[I 2024-11-09 17:14:40,008] Trial 190 finished with value: 45.0 and parameters: {'x_0': 5, 'x_1': 1, 'x_2': -3, 'x_3': -1, 'x_4': -3}. Best is trial 176 with value: 7.0.
2024-11-09 17:14:50,666 - INFO - Candidate Mean Stats: {'Max': np.float64(107.0), 'Min': np.float64(-5.374589662210383e-14), 'Mean': np.float64(0.06049636450565345), 'Std': np.float64(1.877301232400638)}
2024-11-09 17:14:50,667 - INFO - Candidate Std Stats: {'Max': np.float64(0.9999999967774961), 'Min': np.float64(0.0), 'Mean': np.float64(0.9988140292104721), 'Std': np.float64(0.034417338658436505)}
2024-11-09 17:14:50,696 - INFO - Top 10 Mean Stats: {'Max': np.float64(5.286049375996526e-15), 'Min': np.float64(-3.141931159689193e-15), 'Mean': np.float64(2.2898349882893775e-17), 'Std': np.float64(2.4908781445199934e-15)}
2024-11-09 17:14:50,696 - INFO - Top 10 Std Stats: {'Max': np.float64(0.9999999967774961), 'Min': np.float64(0.9999999964803123), 'Mean': np.float64(0.9999999966569761), 'Std': np.float64(1.0061969258417845e-10)}
2024-11-09 17:14:50,696 - INFO - Bottom 10 Mean Stats: {'Max': np.float64(107.0), 'Min': np.float64(79.0), 'Mean': np.float64(90.3), 'Std': np.float64(9.077995373429092)}
2024-11-09 17:14:50,696 - INFO - Bottom 10 Std Stats: {'Max': np.float64(0.0), 'Min': np.float64(0.0), 'Mean': np.float64(0.0), 'Std': np.float64(0.0)}
