[I 2024-11-09 17:05:57,644] Trial 139 finished with value: 55.0 and parameters: {'x_0': 2, 'x_1': 3, 'x_2': 5, 'x_3': 4, 'x_4': -1}. Best is trial 53 with value: 4.0.
2024-11-09 17:06:09,283 - INFO - Candidate Mean Stats: {'Max': np.float64(91.0), 'Min': np.float64(-4.446443213623752e-14), 'Mean': np.float64(0.042613830401549806), 'Std': np.float64(1.5493098501000868)}
2024-11-09 17:06:09,284 - INFO - Candidate Std Stats: {'Max': np.float64(0.999999996549766), 'Min': np.float64(0.0), 'Mean': np.float64(0.9991306974181053), 'Std': np.float64(0.029470903706946418)}
2024-11-09 17:06:09,307 - INFO - Top 10 Mean Stats: {'Max': np.float64(2.786659791809143e-15), 'Min': np.float64(-3.304301277040622e-15), 'Mean': np.float64(-2.3814283878209603e-16), 'Std': np.float64(2.0080484910017763e-15)}
2024-11-09 17:06:09,307 - INFO - Top 10 Std Stats: {'Max': np.float64(0.999999996549766), 'Min': np.float64(0.9999999960840086), 'Mean': np.float64(0.9999999963090682), 'Std': np.float64(1.7382205641323257e-10)}
2024-11-09 17:06:09,308 - INFO - Bottom 10 Mean Stats: {'Max': np.float64(91.0), 'Min': np.float64(79.0), 'Mean': np.float64(86.1), 'Std': np.float64(4.182104733265296)}
2024-11-09 17:06:09,308 - INFO - Bottom 10 Std Stats: {'Max': np.float64(0.0), 'Min': np.float64(0.0), 'Mean': np.float64(0.0), 'Std': np.float64(0.0)}
[I 2024-11-09 17:06:09,335] Trial 140 finished with value: 28.0 and parameters: {'x_0': 3, 'x_1': -3, 'x_2': 0, 'x_3': -3, 'x_4': 1}. Best is trial 53 with value: 4.0.
2024-11-09 17:06:19,286 - INFO - Candidate Mean Stats: {'Max': np.float64(91.0), 'Min': np.float64(-5.124789481669723e-14), 'Mean': np.float64(0.042787688372006374), 'Std': np.float64(1.5508752970678232)}
2024-11-09 17:06:19,288 - INFO - Candidate Std Stats: {'Max': np.float64(0.9999999968656367), 'Min': np.float64(0.0), 'Mean': np.float64(0.9991244878769261), 'Std': np.float64(0.029575877739062104)}
2024-11-09 17:06:19,311 - INFO - Top 10 Mean Stats: {'Max': np.float64(1.587618925213974e-15), 'Min': np.float64(-1.0491607582707729e-15), 'Mean': np.float64(9.353628982466944e-17), 'Std': np.float64(7.102326404829403e-16)}
2024-11-09 17:06:19,311 - INFO - Top 10 Std Stats: {'Max': np.float64(0.9999999968656367), 'Min': np.float64(0.999999996266813), 'Mean': np.float64(0.9999999964699858), 'Std': np.float64(1.7964131533857568e-10)}
2024-11-09 17:06:19,311 - INFO - Bottom 10 Mean Stats: {'Max': np.float64(91.0), 'Min': np.float64(79.0), 'Mean': np.float64(86.1), 'Std': np.float64(4.182104733265296)}
2024-11-09 17:06:19,311 - INFO - Bottom 10 Std Stats: {'Max': np.float64(0.0), 'Min': np.float64(0.0), 'Mean': np.float64(0.0), 'Std': np.float64(0.0)}
[I 2024-11-09 17:06:19,343] Trial 141 finished with value: 33.0 and parameters: {'x_0': -4, 'x_1': 2, 'x_2': -3, 'x_3': 2, 'x_4': 0}. Best is trial 53 with value: 4.0.
2024-11-09 17:06:29,397 - INFO - Candidate Mean Stats: {'Max': np.float64(91.0), 'Min': np.float64(-4.871276992890472e-14), 'Mean': np.float64(0.04299259240861592), 'Std': np.float64(1.5530481137226655)}
2024-11-09 17:06:29,398 - INFO - Candidate Std Stats: {'Max': np.float64(0.9999999958772058), 'Min': np.float64(0.0), 'Mean': np.float64(0.9991182787586135), 'Std': np.float64(0.029680479214404108)}
2024-11-09 17:06:29,448 - INFO - Top 10 Mean Stats: {'Max': np.float64(2.4202861936828413e-15), 'Min': np.float64(-2.4424906541753444e-15), 'Mean': np.float64(5.204170427930421e-16), 'Std': np.float64(1.4506048718517293e-15)}
2024-11-09 17:06:29,449 - INFO - Top 10 Std Stats: {'Max': np.float64(0.9999999958772058), 'Min': np.float64(0.9999999956284231), 'Mean': np.float64(0.9999999957667086), 'Std': np.float64(8.352459566094985e-11)}
2024-11-09 17:06:29,449 - INFO - Bottom 10 Mean Stats: {'Max': np.float64(91.0), 'Min': np.float64(79.0), 'Mean': np.float64(86.1), 'Std': np.float64(4.182104733265296)}
2024-11-09 17:06:29,449 - INFO - Bottom 10 Std Stats: {'Max': np.float64(0.0), 'Min': np.float64(0.0), 'Mean': np.float64(0.0), 'Std': np.float64(0.0)}
[I 2024-11-09 17:06:29,483] Trial 142 finished with value: 82.0 and parameters: {'x_0': 4, 'x_1': -5, 'x_2': -4, 'x_3': 0, 'x_4': -5}. Best is trial 53 with value: 4.0.
2024-11-09 17:06:39,974 - INFO - Candidate Mean Stats: {'Max': np.float64(91.0), 'Min': np.float64(-4.903855099769316e-14), 'Mean': np.float64(0.0435017478935244), 'Std': np.float64(1.5664179372799103)}
2024-11-09 17:06:39,975 - INFO - Candidate Std Stats: {'Max': np.float64(0.9999999966698897), 'Min': np.float64(0.0), 'Mean': np.float64(0.9991120697640289), 'Std': np.float64(0.02978471204948637)}
2024-11-09 17:06:40,003 - INFO - Top 10 Mean Stats: {'Max': np.float64(2.552819067247469e-15), 'Min': np.float64(-4.385380947269368e-15), 'Mean': np.float64(-6.123573870198128e-16), 'Std': np.float64(2.0007707622794746e-15)}
2024-11-09 17:06:40,003 - INFO - Top 10 Std Stats: {'Max': np.float64(0.9999999966698897), 'Min': np.float64(0.9999999962428622), 'Mean': np.float64(0.9999999964356775), 'Std': np.float64(1.4206724964431e-10)}
2024-11-09 17:06:40,003 - INFO - Bottom 10 Mean Stats: {'Max': np.float64(91.0), 'Min': np.float64(82.0), 'Mean': np.float64(86.4), 'Std': np.float64(3.7469987990390385)}
2024-11-09 17:06:40,003 - INFO - Bottom 10 Std Stats: {'Max': np.float64(0.0), 'Min': np.float64(0.0), 'Mean': np.float64(0.0), 'Std': np.float64(0.0)}
[I 2024-11-09 17:06:40,035] Trial 143 finished with value: 55.0 and parameters: {'x_0': 2, 'x_1': -1, 'x_2': -4, 'x_3': 3, 'x_4': 5}. Best is trial 53 with value: 4.0.
2024-11-09 17:06:49,188 - INFO - Candidate Mean Stats: {'Max': np.float64(91.0), 'Min': np.float64(-5.182521078950231e-14), 'Mean': np.float64(0.04384325462120691), 'Std': np.float64(1.5723925067707492)}
2024-11-09 17:06:49,189 - INFO - Candidate Std Stats: {'Max': np.float64(0.9999999965425856), 'Min': np.float64(0.0), 'Mean': np.float64(0.9991058604072169), 'Std': np.float64(0.029888580086614786)}
2024-11-09 17:06:49,228 - INFO - Top 10 Mean Stats: {'Max': np.float64(1.920685832601521e-15), 'Min': np.float64(-1.898481372109018e-15), 'Mean': np.float64(8.021361352916754e-17), 'Std': np.float64(1.1568332462802855e-15)}
2024-11-09 17:06:49,228 - INFO - Top 10 Std Stats: {'Max': np.float64(0.9999999965425856), 'Min': np.float64(0.9999999961371816), 'Mean': np.float64(0.9999999963013136), 'Std': np.float64(1.1214406048632315e-10)}
2024-11-09 17:06:49,229 - INFO - Bottom 10 Mean Stats: {'Max': np.float64(91.0), 'Min': np.float64(82.0), 'Mean': np.float64(86.4), 'Std': np.float64(3.7469987990390385)}
2024-11-09 17:06:49,229 - INFO - Bottom 10 Std Stats: {'Max': np.float64(0.0), 'Min': np.float64(0.0), 'Mean': np.float64(0.0), 'Std': np.float64(0.0)}
[I 2024-11-09 17:06:49,258] Trial 144 finished with value: 40.0 and parameters: {'x_0': -1, 'x_1': 3, 'x_2': 1, 'x_3': 2, 'x_4': 5}. Best is trial 53 with value: 4.0.
2024-11-09 17:06:58,356 - INFO - Candidate Mean Stats: {'Max': np.float64(91.0), 'Min': np.float64(-7.399081347614356e-14), 'Mean': np.float64(0.04409162315043062), 'Std': np.float64(1.575541524765846)}
2024-11-09 17:06:58,356 - INFO - Candidate Std Stats: {'Max': np.float64(0.9999999971615147), 'Min': np.float64(0.0), 'Mean': np.float64(0.9990996511488842), 'Std': np.float64(0.029992087129478925)}
2024-11-09 17:06:58,385 - INFO - Top 10 Mean Stats: {'Max': np.float64(1.6819878823071122e-15), 'Min': np.float64(-2.9198865547641618e-15), 'Mean': np.float64(2.881028748902281e-16), 'Std': np.float64(1.253862728756815e-15)}
2024-11-09 17:06:58,385 - INFO - Top 10 Std Stats: {'Max': np.float64(0.9999999971615147), 'Min': np.float64(0.9999999966922349), 'Mean': np.float64(0.9999999969391424), 'Std': np.float64(1.5388767406340304e-10)}
2024-11-09 17:06:58,385 - INFO - Bottom 10 Mean Stats: {'Max': np.float64(91.0), 'Min': np.float64(82.0), 'Mean': np.float64(86.4), 'Std': np.float64(3.7469987990390385)}
2024-11-09 17:06:58,386 - INFO - Bottom 10 Std Stats: {'Max': np.float64(0.0), 'Min': np.float64(0.0), 'Mean': np.float64(0.0), 'Std': np.float64(0.0)}
[I 2024-11-09 17:06:58,418] Trial 145 finished with value: 55.0 and parameters: {'x_0': 3, 'x_1': -1, 'x_2': -5, 'x_3': -2, 'x_4': -4}. Best is trial 53 with value: 4.0.
2024-11-09 17:07:08,321 - INFO - Candidate Mean Stats: {'Max': np.float64(91.0), 'Min': np.float64(-4.0312198024139437e-14), 'Mean': np.float64(0.04443312987811315), 'Std': np.float64(1.5814814998871471)}
2024-11-09 17:07:08,322 - INFO - Candidate Std Stats: {'Max': np.float64(0.9999999963065239), 'Min': np.float64(0.0), 'Mean': np.float64(0.9990934422105562), 'Std': np.float64(0.03009523690953344)}
2024-11-09 17:07:08,347 - INFO - Top 10 Mean Stats: {'Max': np.float64(2.4313884239290927e-15), 'Min': np.float64(-1.73749903353837e-15), 'Mean': np.float64(3.108624468950433e-17), 'Std': np.float64(1.2884285288940115e-15)}
2024-11-09 17:07:08,348 - INFO - Top 10 Std Stats: {'Max': np.float64(0.9999999963065239), 'Min': np.float64(0.9999999960629469), 'Mean': np.float64(0.9999999961772928), 'Std': np.float64(7.053634081957672e-11)}
2024-11-09 17:07:08,348 - INFO - Bottom 10 Mean Stats: {'Max': np.float64(91.0), 'Min': np.float64(82.0), 'Mean': np.float64(86.4), 'Std': np.float64(3.7469987990390385)}
2024-11-09 17:07:08,348 - INFO - Bottom 10 Std Stats: {'Max': np.float64(0.0), 'Min': np.float64(0.0), 'Mean': np.float64(0.0), 'Std': np.float64(0.0)}
[I 2024-11-09 17:07:08,381] Trial 146 finished with value: 62.0 and parameters: {'x_0': 2, 'x_1': 2, 'x_2': 5, 'x_3': 2, 'x_4': -5}. Best is trial 53 with value: 4.0.
2024-11-09 17:07:19,238 - INFO - Candidate Mean Stats: {'Max': np.float64(91.0), 'Min': np.float64(-5.299094496535872e-14), 'Mean': np.float64(0.04481810109840984), 'Std': np.float64(1.5889989273087612)}
2024-11-09 17:07:19,239 - INFO - Candidate Std Stats: {'Max': np.float64(0.9999999973349042), 'Min': np.float64(0.0), 'Mean': np.float64(0.9990872331046813), 'Std': np.float64(0.030198033073230823)}
2024-11-09 17:07:19,273 - INFO - Top 10 Mean Stats: {'Max': np.float64(2.4043267377038546e-15), 'Min': np.float64(-1.4765966227514583e-15), 'Mean': np.float64(1.5759962779249291e-16), 'Std': np.float64(1.1864218602972743e-15)}
2024-11-09 17:07:19,273 - INFO - Top 10 Std Stats: {'Max': np.float64(0.9999999973349042), 'Min': np.float64(0.9999999965895597), 'Mean': np.float64(0.9999999968387268), 'Std': np.float64(2.332718245063103e-10)}
2024-11-09 17:07:19,273 - INFO - Bottom 10 Mean Stats: {'Max': np.float64(91.0), 'Min': np.float64(82.0), 'Mean': np.float64(86.4), 'Std': np.float64(3.7469987990390385)}
2024-11-09 17:07:19,273 - INFO - Bottom 10 Std Stats: {'Max': np.float64(0.0), 'Min': np.float64(0.0), 'Mean': np.float64(0.0), 'Std': np.float64(0.0)}
[I 2024-11-09 17:07:19,302] Trial 147 finished with value: 51.0 and parameters: {'x_0': -5, 'x_1': 0, 'x_2': 4, 'x_3': -1, 'x_4': -3}. Best is trial 53 with value: 4.0.
2024-11-09 17:07:29,986 - INFO - Candidate Mean Stats: {'Max': np.float64(91.0), 'Min': np.float64(-6.81454892514921e-14), 'Mean': np.float64(0.04513477097317), 'Std': np.float64(1.5940637594639775)}
2024-11-09 17:07:29,988 - INFO - Candidate Std Stats: {'Max': np.float64(0.9999999966010938), 'Min': np.float64(0.0), 'Mean': np.float64(0.9990810232469985), 'Std': np.float64(0.030300479201741806)}
2024-11-09 17:07:30,019 - INFO - Top 10 Mean Stats: {'Max': np.float64(3.447242491461111e-15), 'Min': np.float64(-1.5099033134902129e-15), 'Mean': np.float64(1.8318679906315087e-16), 'Std': np.float64(1.3653875779365118e-15)}
2024-11-09 17:07:30,023 - INFO - Top 10 Std Stats: {'Max': np.float64(0.9999999966010938), 'Min': np.float64(0.9999999961272606), 'Mean': np.float64(0.9999999962971364), 'Std': np.float64(1.4180084862200212e-10)}
2024-11-09 17:07:30,023 - INFO - Bottom 10 Mean Stats: {'Max': np.float64(91.0), 'Min': np.float64(82.0), 'Mean': np.float64(86.4), 'Std': np.float64(3.7469987990390385)}
2024-11-09 17:07:30,023 - INFO - Bottom 10 Std Stats: {'Max': np.float64(0.0), 'Min': np.float64(0.0), 'Mean': np.float64(0.0), 'Std': np.float64(0.0)}
[I 2024-11-09 17:07:30,049] Trial 148 finished with value: 38.0 and parameters: {'x_0': -2, 'x_1': 5, 'x_2': -1, 'x_3': 2, 'x_4': -2}. Best is trial 53 with value: 4.0.
2024-11-09 17:07:40,030 - INFO - Candidate Mean Stats: {'Max': np.float64(91.0), 'Min': np.float64(-5.047073869945962e-14), 'Mean': np.float64(0.04537072107593247), 'Std': np.float64(1.5968669382140932)}
2024-11-09 17:07:40,031 - INFO - Candidate Std Stats: {'Max': np.float64(0.999999996610053), 'Min': np.float64(0.0), 'Mean': np.float64(0.9990748145456448), 'Std': np.float64(0.030402578891162643)}
2024-11-09 17:07:40,065 - INFO - Top 10 Mean Stats: {'Max': np.float64(3.1509517217642726e-15), 'Min': np.float64(-2.3314683517128287e-15), 'Mean': np.float64(8.355816039085084e-16), 'Std': np.float64(1.841813466105213e-15)}
2024-11-09 17:07:40,065 - INFO - Top 10 Std Stats: {'Max': np.float64(0.999999996610053), 'Min': np.float64(0.9999999962335131), 'Mean': np.float64(0.999999996319587), 'Std': np.float64(1.0642822913355816e-10)}
2024-11-09 17:07:40,065 - INFO - Bottom 10 Mean Stats: {'Max': np.float64(91.0), 'Min': np.float64(82.0), 'Mean': np.float64(86.4), 'Std': np.float64(3.7469987990390385)}
2024-11-09 17:07:40,066 - INFO - Bottom 10 Std Stats: {'Max': np.float64(0.0), 'Min': np.float64(0.0), 'Mean': np.float64(0.0), 'Std': np.float64(0.0)}
[I 2024-11-09 17:07:40,098] Trial 149 finished with value: 41.0 and parameters: {'x_0': -4, 'x_1': -2, 'x_2': -2, 'x_3': 4, 'x_4': -1}. Best is trial 53 with value: 4.0.
2024-11-09 17:07:49,817 - INFO - Candidate Mean Stats: {'Max': np.float64(91.0), 'Min': np.float64(-5.5661031339582226e-14), 'Mean': np.float64(0.045625298818386714), 'Std': np.float64(1.6001245389783134)}
2024-11-09 17:07:49,818 - INFO - Candidate Std Stats: {'Max': np.float64(0.9999999962136804), 'Min': np.float64(0.0), 'Mean': np.float64(0.9990686049563069), 'Std': np.float64(0.03050433555843344)}
2024-11-09 17:07:49,852 - INFO - Top 10 Mean Stats: {'Max': np.float64(2.320366121466577e-15), 'Min': np.float64(-1.1324274851176596e-15), 'Mean': np.float64(3.9496184101039945e-16), 'Std': np.float64(1.0358565632159227e-15)}
2024-11-09 17:07:49,852 - INFO - Top 10 Std Stats: {'Max': np.float64(0.9999999962136804), 'Min': np.float64(0.9999999959288534), 'Mean': np.float64(0.9999999960407375), 'Std': np.float64(7.981554852320271e-11)}
2024-11-09 17:07:49,852 - INFO - Bottom 10 Mean Stats: {'Max': np.float64(91.0), 'Min': np.float64(82.0), 'Mean': np.float64(86.4), 'Std': np.float64(3.7469987990390385)}
2024-11-09 17:07:49,853 - INFO - Bottom 10 Std Stats: {'Max': np.float64(0.0), 'Min': np.float64(0.0), 'Mean': np.float64(0.0), 'Std': np.float64(0.0)}
[I 2024-11-09 17:07:49,882] Trial 150 finished with value: 22.0 and parameters: {'x_0': -2, 'x_1': -4, 'x_2': 0, 'x_3': -1, 'x_4': 1}. Best is trial 53 with value: 4.0.
2024-11-09 17:07:59,928 - INFO - Candidate Mean Stats: {'Max': np.float64(91.0), 'Min': np.float64(-8.102407633714392e-14), 'Mean': np.float64(0.04576190150945975), 'Std': np.float64(1.601059435407278)}
2024-11-09 17:07:59,929 - INFO - Candidate Std Stats: {'Max': np.float64(0.9999999971790091), 'Min': np.float64(0.0), 'Mean': np.float64(0.999062396149071), 'Std': np.float64(0.030605752675571037)}
2024-11-09 17:07:59,960 - INFO - Top 10 Mean Stats: {'Max': np.float64(1.9539925233402757e-15), 'Min': np.float64(-1.1657341758564144e-15), 'Mean': np.float64(4.29101199017623e-16), 'Std': np.float64(1.0996114539025879e-15)}
2024-11-09 17:07:59,960 - INFO - Top 10 Std Stats: {'Max': np.float64(0.9999999971790091), 'Min': np.float64(0.9999999965999794), 'Mean': np.float64(0.9999999968455148), 'Std': np.float64(1.7195720185693546e-10)}
2024-11-09 17:07:59,960 - INFO - Bottom 10 Mean Stats: {'Max': np.float64(91.0), 'Min': np.float64(82.0), 'Mean': np.float64(86.4), 'Std': np.float64(3.7469987990390385)}
2024-11-09 17:07:59,960 - INFO - Bottom 10 Std Stats: {'Max': np.float64(0.0), 'Min': np.float64(0.0), 'Mean': np.float64(0.0), 'Std': np.float64(0.0)}
[I 2024-11-09 17:07:59,986] Trial 151 finished with value: 50.0 and parameters: {'x_0': -3, 'x_1': -4, 'x_2': 0, 'x_3': 4, 'x_4': -3}. Best is trial 53 with value: 4.0.
2024-11-09 17:08:08,406 - INFO - Candidate Mean Stats: {'Max': np.float64(91.0), 'Min': np.float64(-4.4098058538111217e-14), 'Mean': np.float64(0.0460723621709893), 'Std': np.float64(1.6058909794431557)}
2024-11-09 17:08:08,408 - INFO - Candidate Std Stats: {'Max': np.float64(0.9999999959270999), 'Min': np.float64(0.0), 'Mean': np.float64(0.9990561865431469), 'Std': np.float64(0.030706833558814994)}
2024-11-09 17:08:08,434 - INFO - Top 10 Mean Stats: {'Max': np.float64(3.5582647939236264e-15), 'Min': np.float64(-1.920685832601521e-15), 'Mean': np.float64(4.807612641322123e-16), 'Std': np.float64(2.1879507638710815e-15)}
2024-11-09 17:08:08,434 - INFO - Top 10 Std Stats: {'Max': np.float64(0.9999999959270999), 'Min': np.float64(0.9999999953482659), 'Mean': np.float64(0.999999995504832), 'Std': np.float64(1.6067202113794694e-10)}
2024-11-09 17:08:08,434 - INFO - Bottom 10 Mean Stats: {'Max': np.float64(91.0), 'Min': np.float64(82.0), 'Mean': np.float64(86.4), 'Std': np.float64(3.7469987990390385)}
2024-11-09 17:08:08,434 - INFO - Bottom 10 Std Stats: {'Max': np.float64(0.0), 'Min': np.float64(0.0), 'Mean': np.float64(0.0), 'Std': np.float64(0.0)}
[I 2024-11-09 17:08:08,464] Trial 152 finished with value: 10.0 and parameters: {'x_0': 0, 'x_1': 0, 'x_2': 0, 'x_3': 1, 'x_4': 3}. Best is trial 53 with value: 4.0.
2024-11-09 17:08:17,661 - INFO - Candidate Mean Stats: {'Max': np.float64(91.0), 'Min': np.float64(-4.356515148629114e-14), 'Mean': np.float64(0.04613445430329522), 'Std': np.float64(1.6060825115361008)}
2024-11-09 17:08:17,662 - INFO - Candidate Std Stats: {'Max': np.float64(0.9999999963408613), 'Min': np.float64(0.0), 'Mean': np.float64(0.999049977704809), 'Std': np.float64(0.030807581565571222)}
2024-11-09 17:08:17,690 - INFO - Top 10 Mean Stats: {'Max': np.float64(1.9401147355324612e-15), 'Min': np.float64(-3.0531133177191805e-15), 'Mean': np.float64(-3.9843128796235307e-16), 'Std': np.float64(1.5062951717683608e-15)}
2024-11-09 17:08:17,690 - INFO - Top 10 Std Stats: {'Max': np.float64(0.9999999963408613), 'Min': np.float64(0.9999999959165936), 'Mean': np.float64(0.999999996092287), 'Std': np.float64(1.3205550423024686e-10)}
2024-11-09 17:08:17,690 - INFO - Bottom 10 Mean Stats: {'Max': np.float64(91.0), 'Min': np.float64(82.0), 'Mean': np.float64(86.4), 'Std': np.float64(3.7469987990390385)}
2024-11-09 17:08:17,690 - INFO - Bottom 10 Std Stats: {'Max': np.float64(0.0), 'Min': np.float64(0.0), 'Mean': np.float64(0.0), 'Std': np.float64(0.0)}
[I 2024-11-09 17:08:17,722] Trial 153 finished with value: 70.0 and parameters: {'x_0': 5, 'x_1': -4, 'x_2': 3, 'x_3': 2, 'x_4': 4}. Best is trial 53 with value: 4.0.
2024-11-09 17:08:27,963 - INFO - Candidate Mean Stats: {'Max': np.float64(91.0), 'Min': np.float64(-6.34492458573277e-14), 'Mean': np.float64(0.046569099229436625), 'Std': np.float64(1.6155141242226359)}
2024-11-09 17:08:27,965 - INFO - Candidate Std Stats: {'Max': np.float64(0.9999999972041242), 'Min': np.float64(0.0), 'Mean': np.float64(0.9990437685204815), 'Std': np.float64(0.03090799991699324)}
2024-11-09 17:08:27,998 - INFO - Top 10 Mean Stats: {'Max': np.float64(2.721434189112415e-15), 'Min': np.float64(-1.432187701766452e-15), 'Mean': np.float64(8.090750291955826e-17), 'Std': np.float64(1.416068693236345e-15)}
2024-11-09 17:08:27,998 - INFO - Top 10 Std Stats: {'Max': np.float64(0.9999999972041242), 'Min': np.float64(0.9999999965816466), 'Mean': np.float64(0.99999999682054), 'Std': np.float64(1.966382695746984e-10)}
2024-11-09 17:08:27,999 - INFO - Bottom 10 Mean Stats: {'Max': np.float64(91.0), 'Min': np.float64(82.0), 'Mean': np.float64(86.4), 'Std': np.float64(3.7469987990390385)}
2024-11-09 17:08:27,999 - INFO - Bottom 10 Std Stats: {'Max': np.float64(0.0), 'Min': np.float64(0.0), 'Mean': np.float64(0.0), 'Std': np.float64(0.0)}
[I 2024-11-09 17:08:28,030] Trial 154 finished with value: 46.0 and parameters: {'x_0': -4, 'x_1': 5, 'x_2': 2, 'x_3': 0, 'x_4': -1}. Best is trial 53 with value: 4.0.
2024-11-09 17:08:36,233 - INFO - Candidate Mean Stats: {'Max': np.float64(91.0), 'Min': np.float64(-5.537792446830281e-14), 'Mean': np.float64(0.04685472303804389), 'Std': np.float64(1.619567194250004)}
2024-11-09 17:08:36,234 - INFO - Candidate Std Stats: {'Max': np.float64(0.9999999963837218), 'Min': np.float64(0.0), 'Mean': np.float64(0.9990375589816545), 'Std': np.float64(0.031008091815332362)}
2024-11-09 17:08:36,263 - INFO - Top 10 Mean Stats: {'Max': np.float64(2.7033930649622563e-15), 'Min': np.float64(-2.2398749521812534e-15), 'Mean': np.float64(3.24462678946702e-16), 'Std': np.float64(1.4115146758214806e-15)}
2024-11-09 17:08:36,264 - INFO - Top 10 Std Stats: {'Max': np.float64(0.9999999963837218), 'Min': np.float64(0.9999999960546104), 'Mean': np.float64(0.9999999962102368), 'Std': np.float64(1.270330841568346e-10)}
2024-11-09 17:08:36,264 - INFO - Bottom 10 Mean Stats: {'Max': np.float64(91.0), 'Min': np.float64(82.0), 'Mean': np.float64(86.4), 'Std': np.float64(3.7469987990390385)}
2024-11-09 17:08:36,264 - INFO - Bottom 10 Std Stats: {'Max': np.float64(0.0), 'Min': np.float64(0.0), 'Mean': np.float64(0.0), 'Std': np.float64(0.0)}
