[I 2024-11-09 17:20:04,473] Trial 223 finished with value: 70.0 and parameters: {'x_0': -5, 'x_1': -3, 'x_2': 4, 'x_3': -4, 'x_4': -2}. Best is trial 176 with value: 7.0.
2024-11-09 17:20:14,990 - INFO - Candidate Mean Stats: {'Max': np.float64(107.0), 'Min': np.float64(-5.826450433232821e-14), 'Mean': np.float64(0.07191510763671133), 'Std': np.float64(2.052639868773409)}
2024-11-09 17:20:14,990 - INFO - Candidate Std Stats: {'Max': np.float64(0.9999999971123779), 'Min': np.float64(0.0), 'Mean': np.float64(0.9986091250654238), 'Std': np.float64(0.03726834086150083)}
2024-11-09 17:20:15,015 - INFO - Top 10 Mean Stats: {'Max': np.float64(2.930988785010413e-15), 'Min': np.float64(-1.0658141036401502e-15), 'Mean': np.float64(8.007483565108942e-16), 'Std': np.float64(1.40189631778531e-15)}
2024-11-09 17:20:15,015 - INFO - Top 10 Std Stats: {'Max': np.float64(0.9999999971123779), 'Min': np.float64(0.9999999966817358), 'Mean': np.float64(0.9999999968715011), 'Std': np.float64(1.3636903545285136e-10)}
2024-11-09 17:20:15,016 - INFO - Bottom 10 Mean Stats: {'Max': np.float64(107.0), 'Min': np.float64(83.0), 'Mean': np.float64(91.5), 'Std': np.float64(8.261355820929152)}
2024-11-09 17:20:15,016 - INFO - Bottom 10 Std Stats: {'Max': np.float64(0.0), 'Min': np.float64(0.0), 'Mean': np.float64(0.0), 'Std': np.float64(0.0)}
[I 2024-11-09 17:20:15,044] Trial 224 finished with value: 38.0 and parameters: {'x_0': 2, 'x_1': -1, 'x_2': 5, 'x_3': -2, 'x_4': -2}. Best is trial 176 with value: 7.0.
2024-11-09 17:20:24,645 - INFO - Candidate Mean Stats: {'Max': np.float64(107.0), 'Min': np.float64(-5.0026649489609556e-14), 'Mean': np.float64(0.07215105773947383), 'Std': np.float64(2.0548144788171423)}
2024-11-09 17:20:24,647 - INFO - Candidate Std Stats: {'Max': np.float64(0.9999999969458352), 'Min': np.float64(0.0), 'Mean': np.float64(0.9986029156815561), 'Std': np.float64(0.03735132035538234)}
2024-11-09 17:20:24,672 - INFO - Top 10 Mean Stats: {'Max': np.float64(4.504729922416573e-15), 'Min': np.float64(-2.478572902475662e-15), 'Mean': np.float64(8.740230761361545e-16), 'Std': np.float64(2.082115339481537e-15)}
2024-11-09 17:20:24,672 - INFO - Top 10 Std Stats: {'Max': np.float64(0.9999999969458352), 'Min': np.float64(0.9999999965430161), 'Mean': np.float64(0.9999999967007482), 'Std': np.float64(1.1947855553039272e-10)}
2024-11-09 17:20:24,672 - INFO - Bottom 10 Mean Stats: {'Max': np.float64(107.0), 'Min': np.float64(83.0), 'Mean': np.float64(91.5), 'Std': np.float64(8.261355820929152)}
2024-11-09 17:20:24,673 - INFO - Bottom 10 Std Stats: {'Max': np.float64(0.0), 'Min': np.float64(0.0), 'Mean': np.float64(0.0), 'Std': np.float64(0.0)}
[I 2024-11-09 17:20:24,706] Trial 225 finished with value: 25.0 and parameters: {'x_0': 0, 'x_1': 3, 'x_2': 0, 'x_3': -4, 'x_4': 0}. Best is trial 176 with value: 7.0.
2024-11-09 17:20:36,271 - INFO - Candidate Mean Stats: {'Max': np.float64(107.0), 'Min': np.float64(-5.1336712658667236e-14), 'Mean': np.float64(0.0723062880702386), 'Std': np.float64(2.0557531166130127)}
2024-11-09 17:20:36,272 - INFO - Candidate Std Stats: {'Max': np.float64(0.9999999971276124), 'Min': np.float64(0.0), 'Mean': np.float64(0.9985967066937683), 'Std': np.float64(0.03743411489551359)}
2024-11-09 17:20:36,308 - INFO - Top 10 Mean Stats: {'Max': np.float64(4.307665335545607e-15), 'Min': np.float64(-2.531308496145357e-15), 'Mean': np.float64(1.5931700403370987e-16), 'Std': np.float64(2.0137102219218644e-15)}
2024-11-09 17:20:36,308 - INFO - Top 10 Std Stats: {'Max': np.float64(0.9999999971276124), 'Min': np.float64(0.9999999965990147), 'Mean': np.float64(0.9999999967389239), 'Std': np.float64(1.4341720306362534e-10)}
2024-11-09 17:20:36,308 - INFO - Bottom 10 Mean Stats: {'Max': np.float64(107.0), 'Min': np.float64(83.0), 'Mean': np.float64(91.5), 'Std': np.float64(8.261355820929152)}
2024-11-09 17:20:36,308 - INFO - Bottom 10 Std Stats: {'Max': np.float64(0.0), 'Min': np.float64(0.0), 'Mean': np.float64(0.0), 'Std': np.float64(0.0)}
[I 2024-11-09 17:20:36,341] Trial 226 finished with value: 31.0 and parameters: {'x_0': 0, 'x_1': -1, 'x_2': -1, 'x_3': 2, 'x_4': -5}. Best is trial 176 with value: 7.0.
2024-11-09 17:20:45,773 - INFO - Candidate Mean Stats: {'Max': np.float64(107.0), 'Min': np.float64(-4.863887070882811e-14), 'Mean': np.float64(0.07249877368038696), 'Std': np.float64(2.0571971362725665)}
2024-11-09 17:20:45,774 - INFO - Candidate Std Stats: {'Max': np.float64(0.9999999969740743), 'Min': np.float64(0.0), 'Mean': np.float64(0.9985904976806035), 'Std': np.float64(0.03751672569076397)}
2024-11-09 17:20:45,797 - INFO - Top 10 Mean Stats: {'Max': np.float64(3.26405569239796e-15), 'Min': np.float64(-3.9523939676655574e-15), 'Mean': np.float64(-2.003952559448408e-16), 'Std': np.float64(2.0005042876839214e-15)}
2024-11-09 17:20:45,797 - INFO - Top 10 Std Stats: {'Max': np.float64(0.9999999969740743), 'Min': np.float64(0.9999999964606313), 'Mean': np.float64(0.9999999965938041), 'Std': np.float64(1.5629825719139e-10)}
2024-11-09 17:20:45,798 - INFO - Bottom 10 Mean Stats: {'Max': np.float64(107.0), 'Min': np.float64(83.0), 'Mean': np.float64(91.5), 'Std': np.float64(8.261355820929152)}
2024-11-09 17:20:45,798 - INFO - Bottom 10 Std Stats: {'Max': np.float64(0.0), 'Min': np.float64(0.0), 'Mean': np.float64(0.0), 'Std': np.float64(0.0)}
[I 2024-11-09 17:20:45,825] Trial 227 finished with value: 42.0 and parameters: {'x_0': 4, 'x_1': -3, 'x_2': -2, 'x_3': 2, 'x_4': -3}. Best is trial 176 with value: 7.0.
2024-11-09 17:20:54,862 - INFO - Candidate Mean Stats: {'Max': np.float64(107.0), 'Min': np.float64(-6.893374759897597e-14), 'Mean': np.float64(0.07275956063607182), 'Std': np.float64(2.0598483507646907)}
2024-11-09 17:20:54,863 - INFO - Candidate Std Stats: {'Max': np.float64(0.999999997103864), 'Min': np.float64(0.0), 'Mean': np.float64(0.9985842876543746), 'Std': np.float64(0.037599153915074644)}
2024-11-09 17:20:54,898 - INFO - Top 10 Mean Stats: {'Max': np.float64(4.546363285840016e-15), 'Min': np.float64(-2.4313884239290927e-15), 'Mean': np.float64(1.69489422496838e-15), 'Std': np.float64(2.0681614225618583e-15)}
2024-11-09 17:20:54,899 - INFO - Top 10 Std Stats: {'Max': np.float64(0.999999997103864), 'Min': np.float64(0.9999999964931688), 'Mean': np.float64(0.9999999967104284), 'Std': np.float64(1.7343681483398969e-10)}
2024-11-09 17:20:54,899 - INFO - Bottom 10 Mean Stats: {'Max': np.float64(107.0), 'Min': np.float64(83.0), 'Mean': np.float64(91.5), 'Std': np.float64(8.261355820929152)}
2024-11-09 17:20:54,899 - INFO - Bottom 10 Std Stats: {'Max': np.float64(0.0), 'Min': np.float64(0.0), 'Mean': np.float64(0.0), 'Std': np.float64(0.0)}
[I 2024-11-09 17:20:54,931] Trial 228 finished with value: 68.0 and parameters: {'x_0': -4, 'x_1': 5, 'x_2': 3, 'x_3': 3, 'x_4': 3}. Best is trial 176 with value: 7.0.
2024-11-09 17:21:08,503 - INFO - Candidate Mean Stats: {'Max': np.float64(107.0), 'Min': np.float64(-5.596738350543973e-14), 'Mean': np.float64(0.07318178713575203), 'Std': np.float64(2.066790993260288)}
2024-11-09 17:21:08,504 - INFO - Candidate Std Stats: {'Max': np.float64(0.9999999965535091), 'Min': np.float64(0.0), 'Mean': np.float64(0.9985780791316891), 'Std': np.float64(0.03768140086103302)}
2024-11-09 17:21:08,539 - INFO - Top 10 Mean Stats: {'Max': np.float64(2.6867397195928787e-15), 'Min': np.float64(-2.2870594307278226e-15), 'Mean': np.float64(-2.7831903448571893e-16), 'Std': np.float64(1.5287208938586677e-15)}
2024-11-09 17:21:08,539 - INFO - Top 10 Std Stats: {'Max': np.float64(0.9999999965535091), 'Min': np.float64(0.9999999962200931), 'Mean': np.float64(0.9999999963660807), 'Std': np.float64(8.247478917441331e-11)}
2024-11-09 17:21:08,540 - INFO - Bottom 10 Mean Stats: {'Max': np.float64(107.0), 'Min': np.float64(83.0), 'Mean': np.float64(91.5), 'Std': np.float64(8.261355820929152)}
2024-11-09 17:21:08,540 - INFO - Bottom 10 Std Stats: {'Max': np.float64(0.0), 'Min': np.float64(0.0), 'Mean': np.float64(0.0), 'Std': np.float64(0.0)}
[I 2024-11-09 17:21:08,581] Trial 229 finished with value: 58.0 and parameters: {'x_0': 0, 'x_1': -5, 'x_2': -1, 'x_3': -4, 'x_4': -4}. Best is trial 176 with value: 7.0.
2024-11-09 17:21:21,276 - INFO - Candidate Mean Stats: {'Max': np.float64(107.0), 'Min': np.float64(-5.612177389480166e-14), 'Mean': np.float64(0.07354192150312637), 'Std': np.float64(2.071825273250514)}
2024-11-09 17:21:21,276 - INFO - Candidate Std Stats: {'Max': np.float64(0.9999999987419511), 'Min': np.float64(0.0), 'Mean': np.float64(0.9985718697022217), 'Std': np.float64(0.03776346762267425)}
2024-11-09 17:21:21,321 - INFO - Top 10 Mean Stats: {'Max': np.float64(1.5376588891058418e-15), 'Min': np.float64(-1.5931700403370996e-15), 'Mean': np.float64(1.5154544286133392e-16), 'Std': np.float64(8.400409177486843e-16)}
2024-11-09 17:21:21,321 - INFO - Top 10 Std Stats: {'Max': np.float64(0.9999999987419511), 'Min': np.float64(0.999999998267074), 'Mean': np.float64(0.9999999984453831), 'Std': np.float64(1.628822970731841e-10)}
2024-11-09 17:21:21,322 - INFO - Bottom 10 Mean Stats: {'Max': np.float64(107.0), 'Min': np.float64(83.0), 'Mean': np.float64(91.5), 'Std': np.float64(8.261355820929152)}
2024-11-09 17:21:21,322 - INFO - Bottom 10 Std Stats: {'Max': np.float64(0.0), 'Min': np.float64(0.0), 'Mean': np.float64(0.0), 'Std': np.float64(0.0)}
[I 2024-11-09 17:21:21,369] Trial 230 finished with value: 67.0 and parameters: {'x_0': -5, 'x_1': -3, 'x_2': 2, 'x_3': 2, 'x_4': -5}. Best is trial 176 with value: 7.0.
2024-11-09 17:21:31,102 - INFO - Candidate Mean Stats: {'Max': np.float64(107.0), 'Min': np.float64(-6.543793285018751e-14), 'Mean': np.float64(0.07395793878957597), 'Std': np.float64(2.0785263430084453)}
2024-11-09 17:21:31,103 - INFO - Candidate Std Stats: {'Max': np.float64(0.9999999971203588), 'Min': np.float64(0.0), 'Mean': np.float64(0.99856566071706), 'Std': np.float64(0.03784535542293398)}
2024-11-09 17:21:31,148 - INFO - Top 10 Mean Stats: {'Max': np.float64(2.6645352591003757e-15), 'Min': np.float64(-3.300137940698278e-15), 'Mean': np.float64(-6.116244663512127e-16), 'Std': np.float64(1.7590055753866783e-15)}
2024-11-09 17:21:31,148 - INFO - Top 10 Std Stats: {'Max': np.float64(0.9999999971203588), 'Min': np.float64(0.9999999968733025), 'Mean': np.float64(0.9999999969580342), 'Std': np.float64(7.791368856402442e-11)}
2024-11-09 17:21:31,148 - INFO - Bottom 10 Mean Stats: {'Max': np.float64(107.0), 'Min': np.float64(83.0), 'Mean': np.float64(91.5), 'Std': np.float64(8.261355820929152)}
2024-11-09 17:21:31,148 - INFO - Bottom 10 Std Stats: {'Max': np.float64(0.0), 'Min': np.float64(0.0), 'Mean': np.float64(0.0), 'Std': np.float64(0.0)}
[I 2024-11-09 17:21:31,180] Trial 231 finished with value: 32.0 and parameters: {'x_0': 3, 'x_1': 2, 'x_2': 3, 'x_3': -1, 'x_4': 3}. Best is trial 176 with value: 7.0.
2024-11-09 17:21:44,902 - INFO - Candidate Mean Stats: {'Max': np.float64(107.0), 'Min': np.float64(-5.762612609316875e-14), 'Mean': np.float64(0.07415663361295488), 'Std': np.float64(2.0800482117800496)}
2024-11-09 17:21:44,902 - INFO - Candidate Std Stats: {'Max': np.float64(0.999999997560515), 'Min': np.float64(0.0), 'Mean': np.float64(0.9985594514199939), 'Std': np.float64(0.037927065392487455)}
2024-11-09 17:21:44,939 - INFO - Top 10 Mean Stats: {'Max': np.float64(4.038436252074007e-15), 'Min': np.float64(-1.164346397075633e-15), 'Mean': np.float64(6.578786994337893e-16), 'Std': np.float64(1.4245989550567204e-15)}
2024-11-09 17:21:44,940 - INFO - Top 10 Std Stats: {'Max': np.float64(0.999999997560515), 'Min': np.float64(0.999999996985468), 'Mean': np.float64(0.9999999971645666), 'Std': np.float64(1.6636020606372368e-10)}
2024-11-09 17:21:44,940 - INFO - Bottom 10 Mean Stats: {'Max': np.float64(107.0), 'Min': np.float64(83.0), 'Mean': np.float64(91.5), 'Std': np.float64(8.261355820929152)}
2024-11-09 17:21:44,940 - INFO - Bottom 10 Std Stats: {'Max': np.float64(0.0), 'Min': np.float64(0.0), 'Mean': np.float64(0.0), 'Std': np.float64(0.0)}
[I 2024-11-09 17:21:45,008] Trial 232 finished with value: 34.0 and parameters: {'x_0': -5, 'x_1': 0, 'x_2': 2, 'x_3': -2, 'x_4': 1}. Best is trial 176 with value: 7.0.
2024-11-09 17:21:58,512 - INFO - Candidate Mean Stats: {'Max': np.float64(107.0), 'Min': np.float64(-5.753314491485639e-14), 'Mean': np.float64(0.07436774686279504), 'Std': np.float64(2.081765370631211)}
2024-11-09 17:21:58,513 - INFO - Candidate Std Stats: {'Max': np.float64(0.9999999969716035), 'Min': np.float64(0.0), 'Mean': np.float64(0.9985532421428998), 'Std': np.float64(0.03800859869070272)}
2024-11-09 17:21:58,546 - INFO - Top 10 Mean Stats: {'Max': np.float64(2.2093438190040614e-15), 'Min': np.float64(-2.023381462379348e-15), 'Mean': np.float64(3.9086789360709406e-16), 'Std': np.float64(1.1465699473111298e-15)}
2024-11-09 17:21:58,551 - INFO - Top 10 Std Stats: {'Max': np.float64(0.9999999969716035), 'Min': np.float64(0.9999999963934033), 'Mean': np.float64(0.9999999965638116), 'Std': np.float64(1.606877193709837e-10)}
2024-11-09 17:21:58,552 - INFO - Bottom 10 Mean Stats: {'Max': np.float64(107.0), 'Min': np.float64(83.0), 'Mean': np.float64(91.5), 'Std': np.float64(8.261355820929152)}
2024-11-09 17:21:58,552 - INFO - Bottom 10 Std Stats: {'Max': np.float64(0.0), 'Min': np.float64(0.0), 'Mean': np.float64(0.0), 'Std': np.float64(0.0)}
[I 2024-11-09 17:21:58,671] Trial 233 finished with value: 31.0 and parameters: {'x_0': 0, 'x_1': -3, 'x_2': 3, 'x_3': 2, 'x_4': -3}. Best is trial 176 with value: 7.0.
2024-11-09 17:22:11,124 - INFO - Candidate Mean Stats: {'Max': np.float64(107.0), 'Min': np.float64(-5.731526364627371e-14), 'Mean': np.float64(0.07456023247294334), 'Std': np.float64(2.0831911688035096)}
2024-11-09 17:22:11,125 - INFO - Candidate Std Stats: {'Max': np.float64(0.9999999970930858), 'Min': np.float64(0.0), 'Mean': np.float64(0.9985470329954544), 'Std': np.float64(0.03808995645629253)}
2024-11-09 17:22:11,149 - INFO - Top 10 Mean Stats: {'Max': np.float64(3.8524738954492935e-15), 'Min': np.float64(-1.8318679906315083e-15), 'Mean': np.float64(2.7353119769202295e-16), 'Std': np.float64(1.5636381889277976e-15)}
2024-11-09 17:22:11,149 - INFO - Top 10 Std Stats: {'Max': np.float64(0.9999999970930858), 'Min': np.float64(0.9999999965622679), 'Mean': np.float64(0.9999999967043754), 'Std': np.float64(1.5461343849569424e-10)}
2024-11-09 17:22:11,150 - INFO - Bottom 10 Mean Stats: {'Max': np.float64(107.0), 'Min': np.float64(83.0), 'Mean': np.float64(91.5), 'Std': np.float64(8.261355820929152)}
2024-11-09 17:22:11,150 - INFO - Bottom 10 Std Stats: {'Max': np.float64(0.0), 'Min': np.float64(0.0), 'Mean': np.float64(0.0), 'Std': np.float64(0.0)}
[I 2024-11-09 17:22:11,206] Trial 234 finished with value: 37.0 and parameters: {'x_0': 2, 'x_1': -2, 'x_2': 2, 'x_3': 5, 'x_4': 0}. Best is trial 176 with value: 7.0.
2024-11-09 17:22:25,185 - INFO - Candidate Mean Stats: {'Max': np.float64(107.0), 'Min': np.float64(-6.867839630331219e-14), 'Mean': np.float64(0.07478997336247527), 'Std': np.float64(2.0852221816498284)}
2024-11-09 17:22:25,187 - INFO - Candidate Std Stats: {'Max': np.float64(0.9999999964484777), 'Min': np.float64(0.0), 'Mean': np.float64(0.9985408238281774), 'Std': np.float64(0.03817113980599394)}
2024-11-09 17:22:25,212 - INFO - Top 10 Mean Stats: {'Max': np.float64(3.780309398848658e-15), 'Min': np.float64(-1.8207657603852566e-15), 'Mean': np.float64(1.537658889105842e-16), 'Std': np.float64(1.6438801497057259e-15)}
2024-11-09 17:22:25,213 - INFO - Top 10 Std Stats: {'Max': np.float64(0.9999999964484777), 'Min': np.float64(0.9999999961320937), 'Mean': np.float64(0.9999999962553254), 'Std': np.float64(1.0531579868245331e-10)}
2024-11-09 17:22:25,213 - INFO - Bottom 10 Mean Stats: {'Max': np.float64(107.0), 'Min': np.float64(83.0), 'Mean': np.float64(91.5), 'Std': np.float64(8.261355820929152)}
2024-11-09 17:22:25,213 - INFO - Bottom 10 Std Stats: {'Max': np.float64(0.0), 'Min': np.float64(0.0), 'Mean': np.float64(0.0), 'Std': np.float64(0.0)}
[I 2024-11-09 17:22:25,245] Trial 235 finished with value: 52.0 and parameters: {'x_0': 4, 'x_1': 3, 'x_2': -5, 'x_3': -1, 'x_4': -1}. Best is trial 176 with value: 7.0.
2024-11-09 17:22:37,762 - INFO - Candidate Mean Stats: {'Max': np.float64(107.0), 'Min': np.float64(-5.753175713607562e-14), 'Mean': np.float64(0.07511285245046602), 'Std': np.float64(2.0892326004857154)}
2024-11-09 17:22:37,763 - INFO - Candidate Std Stats: {'Max': np.float64(0.9999999968198862), 'Min': np.float64(0.0), 'Mean': np.float64(0.9985346141627769), 'Std': np.float64(0.03825214983197439)}
2024-11-09 17:22:37,797 - INFO - Top 10 Mean Stats: {'Max': np.float64(3.3528735343679727e-15), 'Min': np.float64(-1.0103029524088924e-15), 'Mean': np.float64(8.254508188088038e-16), 'Std': np.float64(1.2781219258714803e-15)}
2024-11-09 17:22:37,798 - INFO - Top 10 Std Stats: {'Max': np.float64(0.9999999968198862), 'Min': np.float64(0.9999999963931477), 'Mean': np.float64(0.9999999964945282), 'Std': np.float64(1.2595144591646151e-10)}
2024-11-09 17:22:37,798 - INFO - Bottom 10 Mean Stats: {'Max': np.float64(107.0), 'Min': np.float64(83.0), 'Mean': np.float64(91.5), 'Std': np.float64(8.261355820929152)}
2024-11-09 17:22:37,798 - INFO - Bottom 10 Std Stats: {'Max': np.float64(0.0), 'Min': np.float64(0.0), 'Mean': np.float64(0.0), 'Std': np.float64(0.0)}
[I 2024-11-09 17:22:37,843] Trial 236 finished with value: 66.0 and parameters: {'x_0': -3, 'x_1': -4, 'x_2': 5, 'x_3': -4, 'x_4': 0}. Best is trial 176 with value: 7.0.
2024-11-09 17:22:52,783 - INFO - Candidate Mean Stats: {'Max': np.float64(107.0), 'Min': np.float64(-1.0189626920009686e-13), 'Mean': np.float64(0.07552266052368502), 'Std': np.float64(2.0956809060817037)}
2024-11-09 17:22:52,785 - INFO - Candidate Std Stats: {'Max': np.float64(0.9999999964195491), 'Min': np.float64(0.0), 'Mean': np.float64(0.9985284050245781), 'Std': np.float64(0.038332987672221104)}
2024-11-09 17:22:52,828 - INFO - Top 10 Mean Stats: {'Max': np.float64(4.8350212722425564e-15), 'Min': np.float64(-1.8096635301390052e-15), 'Mean': np.float64(6.408068520258324e-16), 'Std': np.float64(2.0020670046368486e-15)}
2024-11-09 17:22:52,829 - INFO - Top 10 Std Stats: {'Max': np.float64(0.9999999964195491), 'Min': np.float64(0.9999999961899951), 'Mean': np.float64(0.9999999963142401), 'Std': np.float64(8.997441273508195e-11)}
2024-11-09 17:22:52,829 - INFO - Bottom 10 Mean Stats: {'Max': np.float64(107.0), 'Min': np.float64(83.0), 'Mean': np.float64(91.5), 'Std': np.float64(8.261355820929152)}
2024-11-09 17:22:52,829 - INFO - Bottom 10 Std Stats: {'Max': np.float64(0.0), 'Min': np.float64(0.0), 'Mean': np.float64(0.0), 'Std': np.float64(0.0)}
[I 2024-11-09 17:22:52,902] Trial 237 finished with value: 55.0 and parameters: {'x_0': -4, 'x_1': -2, 'x_2': -5, 'x_3': -3, 'x_4': 1}. Best is trial 176 with value: 7.0.
2024-11-09 17:23:07,145 - INFO - Candidate Mean Stats: {'Max': np.float64(107.0), 'Min': np.float64(-5.928590951498336e-14), 'Mean': np.float64(0.07586416725136759), 'Std': np.float64(2.10014514510731)}
2024-11-09 17:23:07,147 - INFO - Candidate Std Stats: {'Max': np.float64(0.9999999972276602), 'Min': np.float64(0.0), 'Mean': np.float64(0.9985221960493388), 'Std': np.float64(0.03841365440002213)}
2024-11-09 17:23:07,199 - INFO - Top 10 Mean Stats: {'Max': np.float64(3.197442310920451e-15), 'Min': np.float64(-1.909583602355269e-15), 'Mean': np.float64(7.966197146380693e-16), 'Std': np.float64(1.7375319572942598e-15)}
2024-11-09 17:23:07,199 - INFO - Top 10 Std Stats: {'Max': np.float64(0.9999999972276602), 'Min': np.float64(0.9999999969099582), 'Mean': np.float64(0.9999999970235993), 'Std': np.float64(9.450293913825528e-11)}
2024-11-09 17:23:07,200 - INFO - Bottom 10 Mean Stats: {'Max': np.float64(107.0), 'Min': np.float64(83.0), 'Mean': np.float64(91.5), 'Std': np.float64(8.261355820929152)}
2024-11-09 17:23:07,200 - INFO - Bottom 10 Std Stats: {'Max': np.float64(0.0), 'Min': np.float64(0.0), 'Mean': np.float64(0.0), 'Std': np.float64(0.0)}
[I 2024-11-09 17:23:07,259] Trial 238 finished with value: 67.0 and parameters: {'x_0': -5, 'x_1': 3, 'x_2': -5, 'x_3': 2, 'x_4': -2}. Best is trial 176 with value: 7.0.
2024-11-09 17:23:21,301 - INFO - Candidate Mean Stats: {'Max': np.float64(107.0), 'Min': np.float64(-5.782041512247815e-14), 'Mean': np.float64(0.07628018453781721), 'Std': np.float64(2.106755679719304)}
2024-11-09 17:23:21,301 - INFO - Candidate Std Stats: {'Max': np.float64(0.9999999975001354), 'Min': np.float64(0.0), 'Mean': np.float64(0.9985159869005045), 'Std': np.float64(0.038494151078209846)}
2024-11-09 17:23:21,331 - INFO - Top 10 Mean Stats: {'Max': np.float64(2.2093438190040614e-15), 'Min': np.float64(-2.7644553313166396e-15), 'Mean': np.float64(-3.991251773527438e-16), 'Std': np.float64(1.4542532718117377e-15)}
2024-11-09 17:23:21,332 - INFO - Top 10 Std Stats: {'Max': np.float64(0.9999999975001354), 'Min': np.float64(0.9999999969811542), 'Mean': np.float64(0.9999999972518931), 'Std': np.float64(1.7527775154185949e-10)}
2024-11-09 17:23:21,332 - INFO - Bottom 10 Mean Stats: {'Max': np.float64(107.0), 'Min': np.float64(83.0), 'Mean': np.float64(91.5), 'Std': np.float64(8.261355820929152)}
2024-11-09 17:23:21,332 - INFO - Bottom 10 Std Stats: {'Max': np.float64(0.0), 'Min': np.float64(0.0), 'Mean': np.float64(0.0), 'Std': np.float64(0.0)}
