[I 2024-11-09 16:45:04,191] Trial 31 finished with value: 79.0 and parameters: {'x_0': 3, 'x_1': -2, 'x_2': -5, 'x_3': -5, 'x_4': -4}. Best is trial 6 with value: 16.0.
2024-11-09 16:45:12,215 - INFO - Candidate Mean Stats: {'Max': np.float64(84.0), 'Min': np.float64(-7.418510250545297e-14), 'Mean': np.float64(0.0101458544187866), 'Std': np.float64(0.7655612620067311)}
2024-11-09 16:45:12,216 - INFO - Candidate Std Stats: {'Max': np.float64(0.9999999948906185), 'Min': np.float64(0.0), 'Mean': np.float64(0.9998012861561218), 'Std': np.float64(0.014094514400559555)}
2024-11-09 16:45:12,246 - INFO - Top 10 Mean Stats: {'Max': np.float64(5.3179682879545e-15), 'Min': np.float64(-2.466082893448629e-15), 'Mean': np.float64(1.7348622538548851e-15), 'Std': np.float64(2.143695593771879e-15)}
2024-11-09 16:45:12,246 - INFO - Top 10 Std Stats: {'Max': np.float64(0.9999999948906185), 'Min': np.float64(0.9999999942104175), 'Mean': np.float64(0.9999999944022517), 'Std': np.float64(2.209189693032362e-10)}
2024-11-09 16:45:12,246 - INFO - Bottom 10 Mean Stats: {'Max': np.float64(84.0), 'Min': np.float64(59.0), 'Mean': np.float64(72.9), 'Std': np.float64(8.653900854527976)}
2024-11-09 16:45:12,246 - INFO - Bottom 10 Std Stats: {'Max': np.float64(0.0), 'Min': np.float64(0.0), 'Mean': np.float64(0.0), 'Std': np.float64(0.0)}
[I 2024-11-09 16:45:12,290] Trial 32 finished with value: 30.0 and parameters: {'x_0': 5, 'x_1': 0, 'x_2': -2, 'x_3': 1, 'x_4': 0}. Best is trial 6 with value: 16.0.
2024-11-09 16:45:23,209 - INFO - Candidate Mean Stats: {'Max': np.float64(84.0), 'Min': np.float64(-6.474820679613913e-14), 'Mean': np.float64(0.010332130815704336), 'Std': np.float64(0.7691999240948777)}
2024-11-09 16:45:23,211 - INFO - Candidate Std Stats: {'Max': np.float64(0.9999999953167427), 'Min': np.float64(0.0), 'Mean': np.float64(0.9997950765839663), 'Std': np.float64(0.014313002585184396)}
2024-11-09 16:45:23,238 - INFO - Top 10 Mean Stats: {'Max': np.float64(5.051514762044462e-15), 'Min': np.float64(-4.191091917959966e-15), 'Mean': np.float64(-2.5601916420203714e-16), 'Std': np.float64(2.452990846566806e-15)}
2024-11-09 16:45:23,238 - INFO - Top 10 Std Stats: {'Max': np.float64(0.9999999953167427), 'Min': np.float64(0.9999999940191717), 'Mean': np.float64(0.9999999944238059), 'Std': np.float64(3.7048405287729533e-10)}
2024-11-09 16:45:23,239 - INFO - Bottom 10 Mean Stats: {'Max': np.float64(84.0), 'Min': np.float64(59.0), 'Mean': np.float64(72.9), 'Std': np.float64(8.653900854527976)}
2024-11-09 16:45:23,239 - INFO - Bottom 10 Std Stats: {'Max': np.float64(0.0), 'Min': np.float64(0.0), 'Mean': np.float64(0.0), 'Std': np.float64(0.0)}
[I 2024-11-09 16:45:23,296] Trial 33 finished with value: 32.0 and parameters: {'x_0': 5, 'x_1': -2, 'x_2': -1, 'x_3': -1, 'x_4': 1}. Best is trial 6 with value: 16.0.
2024-11-09 16:45:28,951 - INFO - Candidate Mean Stats: {'Max': np.float64(84.0), 'Min': np.float64(-9.932610289808963e-14), 'Mean': np.float64(0.010530825639083273), 'Std': np.float64(0.7733192175384261)}
2024-11-09 16:45:28,951 - INFO - Candidate Std Stats: {'Max': np.float64(0.9999999954265897), 'Min': np.float64(0.0), 'Mean': np.float64(0.9997888677113228), 'Std': np.float64(0.014528202676077583)}
2024-11-09 16:45:28,980 - INFO - Top 10 Mean Stats: {'Max': np.float64(5.784261958297066e-15), 'Min': np.float64(-2.3092638912203257e-15), 'Mean': np.float64(3.1752378504279476e-16), 'Std': np.float64(2.364720051892443e-15)}
2024-11-09 16:45:28,981 - INFO - Top 10 Std Stats: {'Max': np.float64(0.9999999954265897), 'Min': np.float64(0.9999999945718298), 'Mean': np.float64(0.9999999948721812), 'Std': np.float64(3.0950125392872756e-10)}
2024-11-09 16:45:28,981 - INFO - Bottom 10 Mean Stats: {'Max': np.float64(84.0), 'Min': np.float64(59.0), 'Mean': np.float64(72.9), 'Std': np.float64(8.653900854527976)}
2024-11-09 16:45:28,981 - INFO - Bottom 10 Std Stats: {'Max': np.float64(0.0), 'Min': np.float64(0.0), 'Mean': np.float64(0.0), 'Std': np.float64(0.0)}
[I 2024-11-09 16:45:29,018] Trial 34 finished with value: 45.0 and parameters: {'x_0': 1, 'x_1': -5, 'x_2': 3, 'x_3': 1, 'x_4': -3}. Best is trial 6 with value: 16.0.
2024-11-09 16:45:41,869 - INFO - Candidate Mean Stats: {'Max': np.float64(84.0), 'Min': np.float64(-7.062128659640621e-14), 'Mean': np.float64(0.010810240234459888), 'Std': np.float64(0.781402780901697)}
2024-11-09 16:45:41,870 - INFO - Candidate Std Stats: {'Max': np.float64(0.9999999956882865), 'Min': np.float64(0.0), 'Mean': np.float64(0.999782659133274), 'Std': np.float64(0.01474025868221886)}
2024-11-09 16:45:41,910 - INFO - Top 10 Mean Stats: {'Max': np.float64(6.4170890823334045e-15), 'Min': np.float64(-3.164135620181696e-16), 'Mean': np.float64(1.502131752317837e-15), 'Std': np.float64(2.090781951397234e-15)}
2024-11-09 16:45:41,910 - INFO - Top 10 Std Stats: {'Max': np.float64(0.9999999956882865), 'Min': np.float64(0.9999999946142711), 'Mean': np.float64(0.9999999949706357), 'Std': np.float64(3.4444010096590705e-10)}
2024-11-09 16:45:41,911 - INFO - Bottom 10 Mean Stats: {'Max': np.float64(84.0), 'Min': np.float64(59.0), 'Mean': np.float64(72.9), 'Std': np.float64(8.653900854527976)}
2024-11-09 16:45:41,911 - INFO - Bottom 10 Std Stats: {'Max': np.float64(0.0), 'Min': np.float64(0.0), 'Mean': np.float64(0.0), 'Std': np.float64(0.0)}
[I 2024-11-09 16:45:41,960] Trial 35 finished with value: 53.0 and parameters: {'x_0': 4, 'x_1': -2, 'x_2': 2, 'x_3': -5, 'x_4': 2}. Best is trial 6 with value: 16.0.
2024-11-09 16:45:50,317 - INFO - Candidate Mean Stats: {'Max': np.float64(84.0), 'Min': np.float64(-7.966127757441654e-14), 'Mean': np.float64(0.011139328535681283), 'Std': np.float64(0.7924801338956946)}
2024-11-09 16:45:50,318 - INFO - Candidate Std Stats: {'Max': np.float64(0.9999999951805464), 'Min': np.float64(0.0), 'Mean': np.float64(0.9997764495437793), 'Std': np.float64(0.014949304381649634)}
2024-11-09 16:45:50,366 - INFO - Top 10 Mean Stats: {'Max': np.float64(4.2299497238218466e-15), 'Min': np.float64(-3.991251773527438e-15), 'Mean': np.float64(-2.397387843799952e-17), 'Std': np.float64(2.483839615452062e-15)}
2024-11-09 16:45:50,366 - INFO - Top 10 Std Stats: {'Max': np.float64(0.9999999951805464), 'Min': np.float64(0.999999994241214), 'Mean': np.float64(0.9999999946403202), 'Std': np.float64(3.1187030547652463e-10)}
2024-11-09 16:45:50,367 - INFO - Bottom 10 Mean Stats: {'Max': np.float64(84.0), 'Min': np.float64(59.0), 'Mean': np.float64(72.9), 'Std': np.float64(8.653900854527976)}
2024-11-09 16:45:50,367 - INFO - Bottom 10 Std Stats: {'Max': np.float64(0.0), 'Min': np.float64(0.0), 'Mean': np.float64(0.0), 'Std': np.float64(0.0)}
[I 2024-11-09 16:45:50,411] Trial 36 finished with value: 31.0 and parameters: {'x_0': -3, 'x_1': -2, 'x_2': -1, 'x_3': 4, 'x_4': 1}. Best is trial 6 with value: 16.0.
2024-11-09 16:46:01,283 - INFO - Candidate Mean Stats: {'Max': np.float64(84.0), 'Min': np.float64(-6.433742427702782e-14), 'Mean': np.float64(0.011331814145829552), 'Std': np.float64(0.7962333145267954)}
2024-11-09 16:46:01,284 - INFO - Candidate Std Stats: {'Max': np.float64(0.9999999952482563), 'Min': np.float64(0.0), 'Mean': np.float64(0.9997702406510689), 'Std': np.float64(0.015155464366816368)}
2024-11-09 16:46:01,322 - INFO - Top 10 Mean Stats: {'Max': np.float64(3.3306690738754696e-15), 'Min': np.float64(-3.730349362740526e-15), 'Mean': np.float64(-9.936496070395146e-17), 'Std': np.float64(1.867064489969266e-15)}
2024-11-09 16:46:01,323 - INFO - Top 10 Std Stats: {'Max': np.float64(0.9999999952482563), 'Min': np.float64(0.9999999946016099), 'Mean': np.float64(0.9999999947639745), 'Std': np.float64(1.75276538919188e-10)}
2024-11-09 16:46:01,323 - INFO - Bottom 10 Mean Stats: {'Max': np.float64(84.0), 'Min': np.float64(59.0), 'Mean': np.float64(72.9), 'Std': np.float64(8.653900854527976)}
2024-11-09 16:46:01,323 - INFO - Bottom 10 Std Stats: {'Max': np.float64(0.0), 'Min': np.float64(0.0), 'Mean': np.float64(0.0), 'Std': np.float64(0.0)}
[I 2024-11-09 16:46:01,375] Trial 37 finished with value: 43.0 and parameters: {'x_0': 4, 'x_1': 0, 'x_2': -1, 'x_3': -1, 'x_4': 5}. Best is trial 6 with value: 16.0.
2024-11-09 16:46:13,471 - INFO - Candidate Mean Stats: {'Max': np.float64(84.0), 'Min': np.float64(-1.0468292899190601e-13), 'Mean': np.float64(0.011598810314744985), 'Std': np.float64(0.8034066243421253)}
2024-11-09 16:46:13,473 - INFO - Candidate Std Stats: {'Max': np.float64(0.9999999952981452), 'Min': np.float64(0.0), 'Mean': np.float64(0.9997640307006441), 'Std': np.float64(0.015358854815794331)}
2024-11-09 16:46:13,610 - INFO - Top 10 Mean Stats: {'Max': np.float64(4.340972026284362e-15), 'Min': np.float64(-5.2291504459844875e-15), 'Mean': np.float64(-5.169475958410885e-16), 'Std': np.float64(2.5698150808064357e-15)}
2024-11-09 16:46:13,610 - INFO - Top 10 Std Stats: {'Max': np.float64(0.9999999952981452), 'Min': np.float64(0.9999999942914923), 'Mean': np.float64(0.9999999946244621), 'Std': np.float64(3.2486794726329016e-10)}
2024-11-09 16:46:13,610 - INFO - Bottom 10 Mean Stats: {'Max': np.float64(84.0), 'Min': np.float64(59.0), 'Mean': np.float64(72.9), 'Std': np.float64(8.653900854527976)}
2024-11-09 16:46:13,610 - INFO - Bottom 10 Std Stats: {'Max': np.float64(0.0), 'Min': np.float64(0.0), 'Mean': np.float64(0.0), 'Std': np.float64(0.0)}
[I 2024-11-09 16:46:13,665] Trial 38 finished with value: 68.0 and parameters: {'x_0': -3, 'x_1': -3, 'x_2': 0, 'x_3': 5, 'x_4': -5}. Best is trial 6 with value: 16.0.
2024-11-09 16:46:25,665 - INFO - Candidate Mean Stats: {'Max': np.float64(84.0), 'Min': np.float64(-1.0309531006669204e-13), 'Mean': np.float64(0.012021036814425222), 'Std': np.float64(0.8210746817980002)}
2024-11-09 16:46:25,666 - INFO - Candidate Std Stats: {'Max': np.float64(0.9999999988965935), 'Min': np.float64(0.0), 'Mean': np.float64(0.9997578208507121), 'Std': np.float64(0.015559584353483213)}
2024-11-09 16:46:25,721 - INFO - Top 10 Mean Stats: {'Max': np.float64(1.9845236565174673e-15), 'Min': np.float64(-1.3156142841808105e-15), 'Mean': np.float64(1.318389841742374e-16), 'Std': np.float64(8.856484083791946e-16)}
2024-11-09 16:46:25,721 - INFO - Top 10 Std Stats: {'Max': np.float64(0.9999999988965935), 'Min': np.float64(0.9999999981815175), 'Mean': np.float64(0.9999999984162115), 'Std': np.float64(2.1512506069223308e-10)}
2024-11-09 16:46:25,721 - INFO - Bottom 10 Mean Stats: {'Max': np.float64(84.0), 'Min': np.float64(60.0), 'Mean': np.float64(73.8), 'Std': np.float64(7.56042326857432)}
2024-11-09 16:46:25,721 - INFO - Bottom 10 Std Stats: {'Max': np.float64(0.0), 'Min': np.float64(0.0), 'Mean': np.float64(0.0), 'Std': np.float64(0.0)}
[I 2024-11-09 16:46:25,754] Trial 39 finished with value: 39.0 and parameters: {'x_0': -2, 'x_1': 3, 'x_2': -4, 'x_3': 3, 'x_4': -1}. Best is trial 6 with value: 16.0.
2024-11-09 16:46:38,410 - INFO - Candidate Mean Stats: {'Max': np.float64(84.0), 'Min': np.float64(-1.3212764216063987e-13), 'Mean': np.float64(0.01226319613041828), 'Std': np.float64(0.8268022531175022)}
2024-11-09 16:46:38,411 - INFO - Candidate Std Stats: {'Max': np.float64(0.9999999945181025), 'Min': np.float64(0.0), 'Mean': np.float64(0.99975161230749), 'Std': np.float64(0.01575775468708279)}
2024-11-09 16:46:38,439 - INFO - Top 10 Mean Stats: {'Max': np.float64(3.1835645231126365e-15), 'Min': np.float64(-4.9404924595819466e-15), 'Mean': np.float64(-3.365363543395008e-17), 'Std': np.float64(2.5358864468720696e-15)}
2024-11-09 16:46:38,439 - INFO - Top 10 Std Stats: {'Max': np.float64(0.9999999945181025), 'Min': np.float64(0.9999999935529339), 'Mean': np.float64(0.9999999938598438), 'Std': np.float64(2.9969735070526685e-10)}
2024-11-09 16:46:38,440 - INFO - Bottom 10 Mean Stats: {'Max': np.float64(84.0), 'Min': np.float64(60.0), 'Mean': np.float64(73.8), 'Std': np.float64(7.56042326857432)}
2024-11-09 16:46:38,440 - INFO - Bottom 10 Std Stats: {'Max': np.float64(0.0), 'Min': np.float64(0.0), 'Mean': np.float64(0.0), 'Std': np.float64(0.0)}
[I 2024-11-09 16:46:38,540] Trial 40 finished with value: 52.0 and parameters: {'x_0': -4, 'x_1': 3, 'x_2': 1, 'x_3': -5, 'x_4': -1}. Best is trial 6 with value: 16.0.
2024-11-09 16:46:53,727 - INFO - Candidate Mean Stats: {'Max': np.float64(84.0), 'Min': np.float64(-9.235945341856677e-14), 'Mean': np.float64(0.012586075218409067), 'Std': np.float64(0.836889272858499)}
2024-11-09 16:46:53,729 - INFO - Candidate Std Stats: {'Max': np.float64(0.9999999962268242), 'Min': np.float64(0.0), 'Mean': np.float64(0.9997454035798599), 'Std': np.float64(0.015953461164195396)}
2024-11-09 16:46:53,777 - INFO - Top 10 Mean Stats: {'Max': np.float64(4.7628567756419214e-15), 'Min': np.float64(-2.7755575615628914e-15), 'Mean': np.float64(-5.176414852314792e-16), 'Std': np.float64(2.191863008114115e-15)}
2024-11-09 16:46:53,777 - INFO - Top 10 Std Stats: {'Max': np.float64(0.9999999962268242), 'Min': np.float64(0.999999995400264), 'Mean': np.float64(0.9999999958323098), 'Std': np.float64(2.822565301275742e-10)}
2024-11-09 16:46:53,777 - INFO - Bottom 10 Mean Stats: {'Max': np.float64(84.0), 'Min': np.float64(60.0), 'Mean': np.float64(73.8), 'Std': np.float64(7.56042326857432)}
2024-11-09 16:46:53,778 - INFO - Bottom 10 Std Stats: {'Max': np.float64(0.0), 'Min': np.float64(0.0), 'Mean': np.float64(0.0), 'Std': np.float64(0.0)}
[I 2024-11-09 16:46:53,823] Trial 41 finished with value: 46.0 and parameters: {'x_0': 5, 'x_1': -4, 'x_2': 0, 'x_3': -1, 'x_4': 2}. Best is trial 6 with value: 16.0.
2024-11-09 16:47:01,591 - INFO - Candidate Mean Stats: {'Max': np.float64(84.0), 'Min': np.float64(-8.8662410746565e-14), 'Mean': np.float64(0.01287169902701632), 'Std': np.float64(0.8446982176346297)}
2024-11-09 16:47:01,592 - INFO - Candidate Std Stats: {'Max': np.float64(0.9999999950118029), 'Min': np.float64(0.0), 'Mean': np.float64(0.9997391939588927), 'Std': np.float64(0.016146793362589642)}
2024-11-09 16:47:01,627 - INFO - Top 10 Mean Stats: {'Max': np.float64(3.4305891460917336e-15), 'Min': np.float64(-3.175237850427948e-15), 'Mean': np.float64(-5.3845816694320165e-17), 'Std': np.float64(1.9796432329025634e-15)}
2024-11-09 16:47:01,627 - INFO - Top 10 Std Stats: {'Max': np.float64(0.9999999950118029), 'Min': np.float64(0.9999999943982514), 'Mean': np.float64(0.9999999946754533), 'Std': np.float64(1.7016004569647005e-10)}
2024-11-09 16:47:01,627 - INFO - Bottom 10 Mean Stats: {'Max': np.float64(84.0), 'Min': np.float64(60.0), 'Mean': np.float64(73.8), 'Std': np.float64(7.56042326857432)}
2024-11-09 16:47:01,627 - INFO - Bottom 10 Std Stats: {'Max': np.float64(0.0), 'Min': np.float64(0.0), 'Mean': np.float64(0.0), 'Std': np.float64(0.0)}
[I 2024-11-09 16:47:01,665] Trial 42 finished with value: 42.0 and parameters: {'x_0': 2, 'x_1': 0, 'x_2': -3, 'x_3': 5, 'x_4': -2}. Best is trial 6 with value: 16.0.
2024-11-09 16:47:08,330 - INFO - Candidate Mean Stats: {'Max': np.float64(84.0), 'Min': np.float64(-6.68520794278038e-14), 'Mean': np.float64(0.0131324859827011), 'Std': np.float64(0.8511529530358454)}
2024-11-09 16:47:08,331 - INFO - Candidate Std Stats: {'Max': np.float64(0.9999999953876778), 'Min': np.float64(0.0), 'Mean': np.float64(0.9997329848005909), 'Std': np.float64(0.016337835591017588)}
2024-11-09 16:47:08,360 - INFO - Top 10 Mean Stats: {'Max': np.float64(2.9920510513647968e-15), 'Min': np.float64(-1.887379141862766e-15), 'Mean': np.float64(4.4436676560621885e-16), 'Std': np.float64(1.7862607174765955e-15)}
2024-11-09 16:47:08,361 - INFO - Top 10 Std Stats: {'Max': np.float64(0.9999999953876778), 'Min': np.float64(0.9999999945289327), 'Mean': np.float64(0.9999999948969622), 'Std': np.float64(2.7108905235943075e-10)}
2024-11-09 16:47:08,362 - INFO - Bottom 10 Mean Stats: {'Max': np.float64(84.0), 'Min': np.float64(60.0), 'Mean': np.float64(73.8), 'Std': np.float64(7.56042326857432)}
2024-11-09 16:47:08,362 - INFO - Bottom 10 Std Stats: {'Max': np.float64(0.0), 'Min': np.float64(0.0), 'Mean': np.float64(0.0), 'Std': np.float64(0.0)}
[I 2024-11-09 16:47:08,400] Trial 43 finished with value: 52.0 and parameters: {'x_0': -1, 'x_1': 5, 'x_2': -1, 'x_3': 0, 'x_4': -5}. Best is trial 6 with value: 16.0.
2024-11-09 16:47:16,986 - INFO - Candidate Mean Stats: {'Max': np.float64(84.0), 'Min': np.float64(-7.134293156241256e-14), 'Mean': np.float64(0.013455365070691854), 'Std': np.float64(0.8609543991269571)}
2024-11-09 16:47:16,987 - INFO - Candidate Std Stats: {'Max': np.float64(0.999999994294499), 'Min': np.float64(0.0), 'Mean': np.float64(0.9997267753970042), 'Std': np.float64(0.016526667252133906)}
2024-11-09 16:47:17,024 - INFO - Top 10 Mean Stats: {'Max': np.float64(4.9404924595819466e-15), 'Min': np.float64(-3.819167204710538e-15), 'Mean': np.float64(3.885780586188041e-17), 'Std': np.float64(2.7635344508104088e-15)}
2024-11-09 16:47:17,024 - INFO - Top 10 Std Stats: {'Max': np.float64(0.999999994294499), 'Min': np.float64(0.9999999939020036), 'Mean': np.float64(0.9999999940914834), 'Std': np.float64(1.577958759204877e-10)}
2024-11-09 16:47:17,025 - INFO - Bottom 10 Mean Stats: {'Max': np.float64(84.0), 'Min': np.float64(60.0), 'Mean': np.float64(73.8), 'Std': np.float64(7.56042326857432)}
2024-11-09 16:47:17,025 - INFO - Bottom 10 Std Stats: {'Max': np.float64(0.0), 'Min': np.float64(0.0), 'Mean': np.float64(0.0), 'Std': np.float64(0.0)}
[I 2024-11-09 16:47:17,058] Trial 44 finished with value: 71.0 and parameters: {'x_0': -2, 'x_1': 5, 'x_2': -5, 'x_3': -4, 'x_4': -1}. Best is trial 6 with value: 16.0.
2024-11-09 16:47:23,234 - INFO - Candidate Mean Stats: {'Max': np.float64(84.0), 'Min': np.float64(-7.437384041963923e-14), 'Mean': np.float64(0.013896219210063851), 'Std': np.float64(0.8789374626287828)}
2024-11-09 16:47:23,236 - INFO - Candidate Std Stats: {'Max': np.float64(0.9999999968859414), 'Min': np.float64(0.0), 'Mean': np.float64(0.9997205664464832), 'Std': np.float64(0.016713363284096533)}
2024-11-09 16:47:23,263 - INFO - Top 10 Mean Stats: {'Max': np.float64(2.7422508708241366e-15), 'Min': np.float64(-3.530509218307998e-15), 'Mean': np.float64(-5.1458837191376e-16), 'Std': np.float64(1.6502729577195486e-15)}
2024-11-09 16:47:23,263 - INFO - Top 10 Std Stats: {'Max': np.float64(0.9999999968859414), 'Min': np.float64(0.9999999960134347), 'Mean': np.float64(0.9999999963383213), 'Std': np.float64(2.417831988204409e-10)}
2024-11-09 16:47:23,263 - INFO - Bottom 10 Mean Stats: {'Max': np.float64(84.0), 'Min': np.float64(66.0), 'Mean': np.float64(74.9), 'Std': np.float64(6.1392181912683315)}
2024-11-09 16:47:23,264 - INFO - Bottom 10 Std Stats: {'Max': np.float64(0.0), 'Min': np.float64(0.0), 'Mean': np.float64(0.0), 'Std': np.float64(0.0)}
[I 2024-11-09 16:47:23,302] Trial 45 finished with value: 43.0 and parameters: {'x_0': -4, 'x_1': -3, 'x_2': 1, 'x_3': 4, 'x_4': -1}. Best is trial 6 with value: 16.0.
2024-11-09 16:47:29,902 - INFO - Candidate Mean Stats: {'Max': np.float64(84.0), 'Min': np.float64(-7.510658761589184e-14), 'Mean': np.float64(0.014163215378979358), 'Std': np.float64(0.8854402332818121)}
2024-11-09 16:47:29,903 - INFO - Candidate Std Stats: {'Max': np.float64(0.9999999954734196), 'Min': np.float64(0.0), 'Mean': np.float64(0.9997143567230399), 'Std': np.float64(0.016897994452773346)}
2024-11-09 16:47:29,929 - INFO - Top 10 Mean Stats: {'Max': np.float64(2.0539125955565396e-15), 'Min': np.float64(-2.842170943040401e-15), 'Mean': np.float64(-1.3156142841808106e-16), 'Std': np.float64(1.4571440348701706e-15)}
2024-11-09 16:47:29,929 - INFO - Top 10 Std Stats: {'Max': np.float64(0.9999999954734196), 'Min': np.float64(0.9999999948770639), 'Mean': np.float64(0.9999999951802915), 'Std': np.float64(1.7237990921645814e-10)}
2024-11-09 16:47:29,929 - INFO - Bottom 10 Mean Stats: {'Max': np.float64(84.0), 'Min': np.float64(66.0), 'Mean': np.float64(74.9), 'Std': np.float64(6.1392181912683315)}
2024-11-09 16:47:29,929 - INFO - Bottom 10 Std Stats: {'Max': np.float64(0.0), 'Min': np.float64(0.0), 'Mean': np.float64(0.0), 'Std': np.float64(0.0)}
[I 2024-11-09 16:47:29,965] Trial 46 finished with value: 54.0 and parameters: {'x_0': 5, 'x_1': 0, 'x_2': 2, 'x_3': 4, 'x_4': -3}. Best is trial 6 with value: 16.0.
2024-11-09 16:47:38,089 - INFO - Candidate Mean Stats: {'Max': np.float64(84.0), 'Min': np.float64(-7.8026474170656e-14), 'Mean': np.float64(0.014498512893431292), 'Std': np.float64(0.8956008387045566)}
2024-11-09 16:47:38,090 - INFO - Candidate Std Stats: {'Max': np.float64(0.99999999485146), 'Min': np.float64(0.0), 'Mean': np.float64(0.9997081477935376), 'Std': np.float64(0.0170806277439617)}
2024-11-09 16:47:38,117 - INFO - Top 10 Mean Stats: {'Max': np.float64(4.07035516403198e-15), 'Min': np.float64(-2.7984559114457853e-15), 'Mean': np.float64(1.5866995217717063e-15), 'Std': np.float64(2.0293503454445528e-15)}
2024-11-09 16:47:38,117 - INFO - Top 10 Std Stats: {'Max': np.float64(0.99999999485146), 'Min': np.float64(0.9999999943134735), 'Mean': np.float64(0.9999999944959062), 'Std': np.float64(1.7252785546599458e-10)}
2024-11-09 16:47:38,118 - INFO - Bottom 10 Mean Stats: {'Max': np.float64(84.0), 'Min': np.float64(66.0), 'Mean': np.float64(74.9), 'Std': np.float64(6.1392181912683315)}
2024-11-09 16:47:38,118 - INFO - Bottom 10 Std Stats: {'Max': np.float64(0.0), 'Min': np.float64(0.0), 'Mean': np.float64(0.0), 'Std': np.float64(0.0)}
