[I 2024-11-09 17:21:38,163] Trial 239 finished with value: 34.0 and parameters: {'x_0': -3, 'x_1': -4, 'x_2': -1, 'x_3': 2, 'x_4': -2}. Best is trial 186 with value: 11.0.
2024-11-09 17:21:51,458 - INFO - Candidate Mean Stats: {'Max': np.float64(101.0), 'Min': np.float64(-5.562217353372034e-14), 'Mean': np.float64(0.07329355297390268), 'Std': np.float64(2.0257864795034997)}
2024-11-09 17:21:51,460 - INFO - Candidate Std Stats: {'Max': np.float64(0.9999999966415558), 'Min': np.float64(0.0), 'Mean': np.float64(0.998509776622152), 'Std': np.float64(0.03857447873434263)}
2024-11-09 17:21:51,503 - INFO - Top 10 Mean Stats: {'Max': np.float64(5.101474798152595e-15), 'Min': np.float64(-4.840572387365683e-15), 'Mean': np.float64(4.4048098502003084e-16), 'Std': np.float64(2.410321433691145e-15)}
2024-11-09 17:21:51,503 - INFO - Top 10 Std Stats: {'Max': np.float64(0.9999999966415558), 'Min': np.float64(0.999999996178291), 'Mean': np.float64(0.9999999963059685), 'Std': np.float64(1.283077607325941e-10)}
2024-11-09 17:21:51,504 - INFO - Bottom 10 Mean Stats: {'Max': np.float64(101.0), 'Min': np.float64(83.0), 'Mean': np.float64(91.8), 'Std': np.float64(7.096477999684069)}
2024-11-09 17:21:51,504 - INFO - Bottom 10 Std Stats: {'Max': np.float64(0.0), 'Min': np.float64(0.0), 'Mean': np.float64(0.0), 'Std': np.float64(0.0)}
[I 2024-11-09 17:21:51,560] Trial 240 finished with value: 66.0 and parameters: {'x_0': 3, 'x_1': -5, 'x_2': 4, 'x_3': 0, 'x_4': 4}. Best is trial 186 with value: 11.0.
2024-11-09 17:22:03,356 - INFO - Candidate Mean Stats: {'Max': np.float64(101.0), 'Min': np.float64(-5.6143978355294165e-14), 'Mean': np.float64(0.07370336104712172), 'Std': np.float64(2.0324364572722895)}
2024-11-09 17:22:03,357 - INFO - Candidate Std Stats: {'Max': np.float64(0.999999996623546), 'Min': np.float64(0.0), 'Mean': np.float64(0.9985035678445973), 'Std': np.float64(0.038654638523429395)}
2024-11-09 17:22:03,382 - INFO - Top 10 Mean Stats: {'Max': np.float64(2.656208586415687e-15), 'Min': np.float64(-4.7961634663806766e-15), 'Mean': np.float64(-5.548166093216623e-16), 'Std': np.float64(1.9993588577077252e-15)}
2024-11-09 17:22:03,382 - INFO - Top 10 Std Stats: {'Max': np.float64(0.999999996623546), 'Min': np.float64(0.9999999961872204), 'Mean': np.float64(0.9999999963772751), 'Std': np.float64(1.3242248795713866e-10)}
2024-11-09 17:22:03,383 - INFO - Bottom 10 Mean Stats: {'Max': np.float64(101.0), 'Min': np.float64(83.0), 'Mean': np.float64(91.8), 'Std': np.float64(7.096477999684069)}
2024-11-09 17:22:03,383 - INFO - Bottom 10 Std Stats: {'Max': np.float64(0.0), 'Min': np.float64(0.0), 'Mean': np.float64(0.0), 'Std': np.float64(0.0)}
[I 2024-11-09 17:22:03,414] Trial 241 finished with value: 26.0 and parameters: {'x_0': -2, 'x_1': 0, 'x_2': -3, 'x_3': -3, 'x_4': 2}. Best is trial 186 with value: 11.0.
2024-11-09 17:22:15,643 - INFO - Candidate Mean Stats: {'Max': np.float64(101.0), 'Min': np.float64(-5.355715870791755e-14), 'Mean': np.float64(0.07386480059111708), 'Std': np.float64(2.0334629472052583)}
2024-11-09 17:22:15,644 - INFO - Candidate Std Stats: {'Max': np.float64(0.9999999964886711), 'Min': np.float64(0.0), 'Mean': np.float64(0.9984973582794786), 'Std': np.float64(0.038734631399602426)}
2024-11-09 17:22:15,678 - INFO - Top 10 Mean Stats: {'Max': np.float64(1.6986412276764896e-15), 'Min': np.float64(-3.669287096386142e-15), 'Mean': np.float64(-4.62824223390612e-16), 'Std': np.float64(1.5181634182699103e-15)}
2024-11-09 17:22:15,678 - INFO - Top 10 Std Stats: {'Max': np.float64(0.9999999964886711), 'Min': np.float64(0.9999999961223569), 'Mean': np.float64(0.9999999962948245), 'Std': np.float64(1.3750016474561464e-10)}
2024-11-09 17:22:15,678 - INFO - Bottom 10 Mean Stats: {'Max': np.float64(101.0), 'Min': np.float64(83.0), 'Mean': np.float64(91.8), 'Std': np.float64(7.096477999684069)}
2024-11-09 17:22:15,678 - INFO - Bottom 10 Std Stats: {'Max': np.float64(0.0), 'Min': np.float64(0.0), 'Mean': np.float64(0.0), 'Std': np.float64(0.0)}
[I 2024-11-09 17:22:15,713] Trial 242 finished with value: 26.0 and parameters: {'x_0': 0, 'x_1': 4, 'x_2': -3, 'x_3': 0, 'x_4': -1}. Best is trial 186 with value: 11.0.
2024-11-09 17:22:28,029 - INFO - Candidate Mean Stats: {'Max': np.float64(101.0), 'Min': np.float64(-5.728750807065808e-14), 'Mean': np.float64(0.07402624013511248), 'Std': np.float64(2.0344889064181197)}
2024-11-09 17:22:28,031 - INFO - Candidate Std Stats: {'Max': np.float64(0.9999999968075804), 'Min': np.float64(0.0), 'Mean': np.float64(0.9984911486678318), 'Std': np.float64(0.03881445842326458)}
2024-11-09 17:22:28,060 - INFO - Top 10 Mean Stats: {'Max': np.float64(3.677613769070831e-15), 'Min': np.float64(-2.7644553313166396e-15), 'Mean': np.float64(1.22439385019657e-15), 'Std': np.float64(2.010801442373656e-15)}
2024-11-09 17:22:28,060 - INFO - Top 10 Std Stats: {'Max': np.float64(0.9999999968075804), 'Min': np.float64(0.9999999964558258), 'Mean': np.float64(0.9999999966350339), 'Std': np.float64(1.1744190820419796e-10)}
2024-11-09 17:22:28,060 - INFO - Bottom 10 Mean Stats: {'Max': np.float64(101.0), 'Min': np.float64(83.0), 'Mean': np.float64(91.8), 'Std': np.float64(7.096477999684069)}
2024-11-09 17:22:28,060 - INFO - Bottom 10 Std Stats: {'Max': np.float64(0.0), 'Min': np.float64(0.0), 'Mean': np.float64(0.0), 'Std': np.float64(0.0)}
[I 2024-11-09 17:22:28,114] Trial 243 finished with value: 48.0 and parameters: {'x_0': 3, 'x_1': 3, 'x_2': -2, 'x_3': 1, 'x_4': 5}. Best is trial 186 with value: 11.0.
2024-11-09 17:22:43,977 - INFO - Candidate Mean Stats: {'Max': np.float64(101.0), 'Min': np.float64(-6.227240945122503e-14), 'Mean': np.float64(0.0743242823701809), 'Std': np.float64(2.0379909035372017)}
2024-11-09 17:22:43,979 - INFO - Candidate Std Stats: {'Max': np.float64(0.9999999967156182), 'Min': np.float64(0.0), 'Mean': np.float64(0.9984849395737804), 'Std': np.float64(0.038894120637564394)}
2024-11-09 17:22:44,042 - INFO - Top 10 Mean Stats: {'Max': np.float64(4.035660694512444e-15), 'Min': np.float64(-3.858025010572419e-15), 'Mean': np.float64(-4.0661918276896416e-17), 'Std': np.float64(2.474861821599893e-15)}
2024-11-09 17:22:44,042 - INFO - Top 10 Std Stats: {'Max': np.float64(0.9999999967156182), 'Min': np.float64(0.9999999960663041), 'Mean': np.float64(0.9999999963694236), 'Std': np.float64(2.0081728092373856e-10)}
2024-11-09 17:22:44,043 - INFO - Bottom 10 Mean Stats: {'Max': np.float64(101.0), 'Min': np.float64(83.0), 'Mean': np.float64(91.8), 'Std': np.float64(7.096477999684069)}
2024-11-09 17:22:44,043 - INFO - Bottom 10 Std Stats: {'Max': np.float64(0.0), 'Min': np.float64(0.0), 'Mean': np.float64(0.0), 'Std': np.float64(0.0)}
[I 2024-11-09 17:22:44,090] Trial 244 finished with value: 19.0 and parameters: {'x_0': -1, 'x_1': 1, 'x_2': 4, 'x_3': 1, 'x_4': 0}. Best is trial 186 with value: 11.0.
2024-11-09 17:22:56,040 - INFO - Candidate Mean Stats: {'Max': np.float64(101.0), 'Min': np.float64(-6.151745779447993e-14), 'Mean': np.float64(0.07444225742156213), 'Std': np.float64(2.038536459849675)}
2024-11-09 17:22:56,042 - INFO - Candidate Std Stats: {'Max': np.float64(0.999999996331746), 'Min': np.float64(0.0), 'Mean': np.float64(0.9984787302846555), 'Std': np.float64(0.03897361902554443)}
2024-11-09 17:22:56,083 - INFO - Top 10 Mean Stats: {'Max': np.float64(3.502753642692369e-15), 'Min': np.float64(-3.3695268797373503e-15), 'Mean': np.float64(6.30676066926128e-16), 'Std': np.float64(1.8269198810485682e-15)}
2024-11-09 17:22:56,084 - INFO - Top 10 Std Stats: {'Max': np.float64(0.999999996331746), 'Min': np.float64(0.9999999960161177), 'Mean': np.float64(0.9999999961428225), 'Std': np.float64(1.0035083255344178e-10)}
2024-11-09 17:22:56,084 - INFO - Bottom 10 Mean Stats: {'Max': np.float64(101.0), 'Min': np.float64(83.0), 'Mean': np.float64(91.8), 'Std': np.float64(7.096477999684069)}
2024-11-09 17:22:56,084 - INFO - Bottom 10 Std Stats: {'Max': np.float64(0.0), 'Min': np.float64(0.0), 'Mean': np.float64(0.0), 'Std': np.float64(0.0)}
[I 2024-11-09 17:22:56,158] Trial 245 finished with value: 37.0 and parameters: {'x_0': 2, 'x_1': 2, 'x_2': 2, 'x_3': -4, 'x_4': -3}. Best is trial 186 with value: 11.0.
2024-11-09 17:23:08,658 - INFO - Candidate Mean Stats: {'Max': np.float64(101.0), 'Min': np.float64(-6.006029007465941e-14), 'Mean': np.float64(0.07467199831109401), 'Std': np.float64(2.0406119311146282)}
2024-11-09 17:23:08,659 - INFO - Candidate Std Stats: {'Max': np.float64(0.9999999964892773), 'Min': np.float64(0.0), 'Mean': np.float64(0.9984725206410312), 'Std': np.float64(0.03905295458135826)}
2024-11-09 17:23:08,687 - INFO - Top 10 Mean Stats: {'Max': np.float64(3.241851231905457e-15), 'Min': np.float64(-3.508304757815495e-15), 'Mean': np.float64(-6.818157149979242e-16), 'Std': np.float64(1.796358570879397e-15)}
2024-11-09 17:23:08,688 - INFO - Top 10 Std Stats: {'Max': np.float64(0.9999999964892773), 'Min': np.float64(0.9999999960255836), 'Mean': np.float64(0.999999996182779), 'Std': np.float64(1.3723562537446741e-10)}
2024-11-09 17:23:08,688 - INFO - Bottom 10 Mean Stats: {'Max': np.float64(101.0), 'Min': np.float64(83.0), 'Mean': np.float64(91.8), 'Std': np.float64(7.096477999684069)}
2024-11-09 17:23:08,688 - INFO - Bottom 10 Std Stats: {'Max': np.float64(0.0), 'Min': np.float64(0.0), 'Mean': np.float64(0.0), 'Std': np.float64(0.0)}
[I 2024-11-09 17:23:08,733] Trial 246 finished with value: 47.0 and parameters: {'x_0': -3, 'x_1': 0, 'x_2': -2, 'x_3': 3, 'x_4': 5}. Best is trial 186 with value: 11.0.
2024-11-09 17:23:19,761 - INFO - Candidate Mean Stats: {'Max': np.float64(101.0), 'Min': np.float64(-5.697664562376304e-14), 'Mean': np.float64(0.07496383133293182), 'Std': np.float64(2.0439592796231065)}
2024-11-09 17:23:19,762 - INFO - Candidate Std Stats: {'Max': np.float64(0.9999999960744096), 'Min': np.float64(0.0), 'Mean': np.float64(0.9984663115975094), 'Std': np.float64(0.0391321283326164)}
2024-11-09 17:23:19,808 - INFO - Top 10 Mean Stats: {'Max': np.float64(3.6658176494341884e-15), 'Min': np.float64(-3.0142555118573e-15), 'Mean': np.float64(-2.0886070650760734e-17), 'Std': np.float64(1.8543317702535478e-15)}
2024-11-09 17:23:19,808 - INFO - Top 10 Std Stats: {'Max': np.float64(0.9999999960744096), 'Min': np.float64(0.9999999957461401), 'Mean': np.float64(0.9999999959049888), 'Std': np.float64(1.217354223377474e-10)}
2024-11-09 17:23:19,809 - INFO - Bottom 10 Mean Stats: {'Max': np.float64(101.0), 'Min': np.float64(83.0), 'Mean': np.float64(91.8), 'Std': np.float64(7.096477999684069)}
2024-11-09 17:23:19,809 - INFO - Bottom 10 Std Stats: {'Max': np.float64(0.0), 'Min': np.float64(0.0), 'Mean': np.float64(0.0), 'Std': np.float64(0.0)}
[I 2024-11-09 17:23:19,904] Trial 247 finished with value: 35.0 and parameters: {'x_0': -2, 'x_1': -2, 'x_2': -3, 'x_3': -3, 'x_4': 3}. Best is trial 186 with value: 11.0.
2024-11-09 17:23:32,170 - INFO - Candidate Mean Stats: {'Max': np.float64(101.0), 'Min': np.float64(-5.725420137991933e-14), 'Mean': np.float64(0.07518115379600251), 'Std': np.float64(2.0458111332884314)}
2024-11-09 17:23:32,172 - INFO - Candidate Std Stats: {'Max': np.float64(0.9999999969509882), 'Min': np.float64(0.0), 'Mean': np.float64(0.9984601029125897), 'Std': np.float64(0.03921114125024997)}
2024-11-09 17:23:32,206 - INFO - Top 10 Mean Stats: {'Max': np.float64(1.9984014443252818e-15), 'Min': np.float64(-3.1308289294429414e-15), 'Mean': np.float64(-7.260858581048523e-16), 'Std': np.float64(1.2485858570480423e-15)}
2024-11-09 17:23:32,207 - INFO - Top 10 Std Stats: {'Max': np.float64(0.9999999969509882), 'Min': np.float64(0.9999999965631813), 'Mean': np.float64(0.9999999967089552), 'Std': np.float64(1.1343704837127737e-10)}
2024-11-09 17:23:32,207 - INFO - Bottom 10 Mean Stats: {'Max': np.float64(101.0), 'Min': np.float64(83.0), 'Mean': np.float64(91.8), 'Std': np.float64(7.096477999684069)}
2024-11-09 17:23:32,207 - INFO - Bottom 10 Std Stats: {'Max': np.float64(0.0), 'Min': np.float64(0.0), 'Mean': np.float64(0.0), 'Std': np.float64(0.0)}
[I 2024-11-09 17:23:32,282] Trial 248 finished with value: 27.0 and parameters: {'x_0': -3, 'x_1': -3, 'x_2': -2, 'x_3': -1, 'x_4': 2}. Best is trial 186 with value: 11.0.
2024-11-09 17:23:42,739 - INFO - Candidate Mean Stats: {'Max': np.float64(101.0), 'Min': np.float64(-4.5430326167661404e-14), 'Mean': np.float64(0.0753488025532285), 'Std': np.float64(2.0469109588284224)}
2024-11-09 17:23:42,740 - INFO - Candidate Std Stats: {'Max': np.float64(0.9999999968506501), 'Min': np.float64(0.0), 'Mean': np.float64(0.9984538934916493), 'Std': np.float64(0.039289994261673046)}
2024-11-09 17:23:42,765 - INFO - Top 10 Mean Stats: {'Max': np.float64(4.649058915617843e-15), 'Min': np.float64(-4.29101199017623e-15), 'Mean': np.float64(-2.589595204938177e-16), 'Std': np.float64(2.4271390104503213e-15)}
2024-11-09 17:23:42,765 - INFO - Top 10 Std Stats: {'Max': np.float64(0.9999999968506501), 'Min': np.float64(0.9999999962754508), 'Mean': np.float64(0.9999999964726459), 'Std': np.float64(1.7242513140821328e-10)}
2024-11-09 17:23:42,767 - INFO - Bottom 10 Mean Stats: {'Max': np.float64(101.0), 'Min': np.float64(83.0), 'Mean': np.float64(91.8), 'Std': np.float64(7.096477999684069)}
2024-11-09 17:23:42,767 - INFO - Bottom 10 Std Stats: {'Max': np.float64(0.0), 'Min': np.float64(0.0), 'Mean': np.float64(0.0), 'Std': np.float64(0.0)}
[I 2024-11-09 17:23:42,822] Trial 249 finished with value: 76.0 and parameters: {'x_0': -4, 'x_1': 5, 'x_2': -1, 'x_3': 3, 'x_4': 5}. Best is trial 186 with value: 11.0.
2024-11-09 17:23:55,283 - INFO - Candidate Mean Stats: {'Max': np.float64(101.0), 'Min': np.float64(-6.412648190234904e-14), 'Mean': np.float64(0.07582070275875342), 'Std': np.float64(2.05563555915711)}
2024-11-09 17:23:55,285 - INFO - Candidate Std Stats: {'Max': np.float64(0.9999999961797441), 'Min': np.float64(0.0), 'Mean': np.float64(0.998447683759576), 'Std': np.float64(0.039368688344137016)}
2024-11-09 17:23:55,325 - INFO - Top 10 Mean Stats: {'Max': np.float64(4.579669976578771e-15), 'Min': np.float64(-7.988054662178002e-15), 'Mean': np.float64(-2.8796409701214993e-16), 'Std': np.float64(2.9357634677415606e-15)}
2024-11-09 17:23:55,325 - INFO - Top 10 Std Stats: {'Max': np.float64(0.9999999961797441), 'Min': np.float64(0.9999999959262177), 'Mean': np.float64(0.9999999960043053), 'Std': np.float64(8.216109015606547e-11)}
2024-11-09 17:23:55,326 - INFO - Bottom 10 Mean Stats: {'Max': np.float64(101.0), 'Min': np.float64(83.0), 'Mean': np.float64(91.8), 'Std': np.float64(7.096477999684069)}
2024-11-09 17:23:55,326 - INFO - Bottom 10 Std Stats: {'Max': np.float64(0.0), 'Min': np.float64(0.0), 'Mean': np.float64(0.0), 'Std': np.float64(0.0)}
[I 2024-11-09 17:23:55,374] Trial 250 finished with value: 64.0 and parameters: {'x_0': 2, 'x_1': 5, 'x_2': -1, 'x_3': 5, 'x_4': -3}. Best is trial 186 with value: 11.0.
2024-11-09 17:24:04,154 - INFO - Candidate Mean Stats: {'Max': np.float64(101.0), 'Min': np.float64(-5.6143978355294165e-14), 'Mean': np.float64(0.07621809240551128), 'Std': np.float64(2.06179777641275)}
2024-11-09 17:24:04,155 - INFO - Candidate Std Stats: {'Max': np.float64(0.9999999971266297), 'Min': np.float64(0.0), 'Mean': np.float64(0.9984414750960918), 'Std': np.float64(0.03944722450315797)}
2024-11-09 17:24:04,186 - INFO - Top 10 Mean Stats: {'Max': np.float64(2.808864252301646e-15), 'Min': np.float64(-1.0380585280245213e-15), 'Mean': np.float64(4.707345624410664e-16), 'Std': np.float64(1.1541669460850588e-15)}
2024-11-09 17:24:04,186 - INFO - Top 10 Std Stats: {'Max': np.float64(0.9999999971266297), 'Min': np.float64(0.9999999965748868), 'Mean': np.float64(0.9999999967970365), 'Std': np.float64(1.633594682013206e-10)}
2024-11-09 17:24:04,186 - INFO - Bottom 10 Mean Stats: {'Max': np.float64(101.0), 'Min': np.float64(83.0), 'Mean': np.float64(91.8), 'Std': np.float64(7.096477999684069)}
2024-11-09 17:24:04,186 - INFO - Bottom 10 Std Stats: {'Max': np.float64(0.0), 'Min': np.float64(0.0), 'Mean': np.float64(0.0), 'Std': np.float64(0.0)}
[I 2024-11-09 17:24:04,221] Trial 251 finished with value: 91.0 and parameters: {'x_0': 5, 'x_1': 4, 'x_2': 0, 'x_3': 5, 'x_4': -5}. Best is trial 186 with value: 11.0.
2024-11-09 17:24:13,736 - INFO - Candidate Mean Stats: {'Max': np.float64(101.0), 'Min': np.float64(-6.066258606551855e-14), 'Mean': np.float64(0.07678313080949516), 'Std': np.float64(2.074208792290718)}
2024-11-09 17:24:13,737 - INFO - Candidate Std Stats: {'Max': np.float64(0.9999999966994838), 'Min': np.float64(0.0), 'Mean': np.float64(0.9984352658049306), 'Std': np.float64(0.03952560361345571)}
2024-11-09 17:24:13,763 - INFO - Top 10 Mean Stats: {'Max': np.float64(3.3612002070526613e-15), 'Min': np.float64(-2.7977620220553944e-15), 'Mean': np.float64(-2.413347299778933e-16), 'Std': np.float64(1.8654328533427704e-15)}
2024-11-09 17:24:13,766 - INFO - Top 10 Std Stats: {'Max': np.float64(0.9999999966994838), 'Min': np.float64(0.9999999961730173), 'Mean': np.float64(0.9999999963666564), 'Std': np.float64(1.542635891987753e-10)}
2024-11-09 17:24:13,768 - INFO - Bottom 10 Mean Stats: {'Max': np.float64(101.0), 'Min': np.float64(84.0), 'Mean': np.float64(92.6), 'Std': np.float64(6.483826030978932)}
2024-11-09 17:24:13,768 - INFO - Bottom 10 Std Stats: {'Max': np.float64(0.0), 'Min': np.float64(0.0), 'Mean': np.float64(0.0), 'Std': np.float64(0.0)}
[I 2024-11-09 17:24:13,800] Trial 252 finished with value: 33.0 and parameters: {'x_0': 4, 'x_1': -2, 'x_2': 0, 'x_3': 3, 'x_4': -2}. Best is trial 186 with value: 11.0.
2024-11-09 17:24:25,023 - INFO - Candidate Mean Stats: {'Max': np.float64(101.0), 'Min': np.float64(-5.950795411990839e-14), 'Mean': np.float64(0.07698803484610466), 'Std': np.float64(2.075830541949818)}
2024-11-09 17:24:25,024 - INFO - Candidate Std Stats: {'Max': np.float64(0.9999999991616564), 'Min': np.float64(0.0), 'Mean': np.float64(0.9984290565971449), 'Std': np.float64(0.03960382663537528)}
2024-11-09 17:24:25,059 - INFO - Top 10 Mean Stats: {'Max': np.float64(1.7486012637846216e-15), 'Min': np.float64(-9.159339953157541e-16), 'Mean': np.float64(2.3980817331903383e-16), 'Std': np.float64(7.644504305723375e-16)}
2024-11-09 17:24:25,060 - INFO - Top 10 Std Stats: {'Max': np.float64(0.9999999991616564), 'Min': np.float64(0.9999999986081286), 'Mean': np.float64(0.999999998823111), 'Std': np.float64(1.7762761324017788e-10)}
2024-11-09 17:24:25,060 - INFO - Bottom 10 Mean Stats: {'Max': np.float64(101.0), 'Min': np.float64(84.0), 'Mean': np.float64(92.6), 'Std': np.float64(6.483826030978932)}
2024-11-09 17:24:25,060 - INFO - Bottom 10 Std Stats: {'Max': np.float64(0.0), 'Min': np.float64(0.0), 'Mean': np.float64(0.0), 'Std': np.float64(0.0)}
[I 2024-11-09 17:24:25,095] Trial 253 finished with value: 63.0 and parameters: {'x_0': 4, 'x_1': -2, 'x_2': 5, 'x_3': -3, 'x_4': 3}. Best is trial 186 with value: 11.0.
2024-11-09 17:24:40,075 - INFO - Candidate Mean Stats: {'Max': np.float64(101.0), 'Min': np.float64(-6.053144097073471e-14), 'Mean': np.float64(0.07737921527963194), 'Std': np.float64(2.081743601108471)}
2024-11-09 17:24:40,081 - INFO - Candidate Std Stats: {'Max': np.float64(0.9999999971001711), 'Min': np.float64(0.0), 'Mean': np.float64(0.9984228476162326), 'Std': np.float64(0.039681894497727764)}
2024-11-09 17:24:40,115 - INFO - Top 10 Mean Stats: {'Max': np.float64(3.480549182199866e-15), 'Min': np.float64(-2.375877272697835e-15), 'Mean': np.float64(7.932543510946742e-16), 'Std': np.float64(1.6096251604088118e-15)}
2024-11-09 17:24:40,116 - INFO - Top 10 Std Stats: {'Max': np.float64(0.9999999971001711), 'Min': np.float64(0.9999999966622602), 'Mean': np.float64(0.9999999968333679), 'Std': np.float64(1.5063214708535918e-10)}
2024-11-09 17:24:40,116 - INFO - Bottom 10 Mean Stats: {'Max': np.float64(101.0), 'Min': np.float64(84.0), 'Mean': np.float64(92.6), 'Std': np.float64(6.483826030978932)}
2024-11-09 17:24:40,116 - INFO - Bottom 10 Std Stats: {'Max': np.float64(0.0), 'Min': np.float64(0.0), 'Mean': np.float64(0.0), 'Std': np.float64(0.0)}
[I 2024-11-09 17:24:40,211] Trial 254 finished with value: 56.0 and parameters: {'x_0': -5, 'x_1': 1, 'x_2': 5, 'x_3': -2, 'x_4': 1}. Best is trial 186 with value: 11.0.
2024-11-09 17:24:53,345 - INFO - Candidate Mean Stats: {'Max': np.float64(101.0), 'Min': np.float64(-5.475619957451272e-14), 'Mean': np.float64(0.07772693122054507), 'Std': np.float64(2.0864023055411747)}
2024-11-09 17:24:53,347 - INFO - Candidate Std Stats: {'Max': np.float64(0.9999999974261226), 'Min': np.float64(0.0), 'Mean': np.float64(0.9984166380710217), 'Std': np.float64(0.03975980808307406)}
2024-11-09 17:24:53,373 - INFO - Top 10 Mean Stats: {'Max': np.float64(3.97459842815806e-15), 'Min': np.float64(-1.482147737874584e-15), 'Mean': np.float64(4.3028081098128717e-16), 'Std': np.float64(1.5465966258399889e-15)}
2024-11-09 17:24:53,374 - INFO - Top 10 Std Stats: {'Max': np.float64(0.9999999974261226), 'Min': np.float64(0.9999999968338259), 'Mean': np.float64(0.9999999970417278), 'Std': np.float64(1.9372139673169653e-10)}
2024-11-09 17:24:53,375 - INFO - Bottom 10 Mean Stats: {'Max': np.float64(101.0), 'Min': np.float64(84.0), 'Mean': np.float64(92.6), 'Std': np.float64(6.483826030978932)}
2024-11-09 17:24:53,375 - INFO - Bottom 10 Std Stats: {'Max': np.float64(0.0), 'Min': np.float64(0.0), 'Mean': np.float64(0.0), 'Std': np.float64(0.0)}
