[I 2024-11-09 16:49:47,827] Trial 63 finished with value: 52.0 and parameters: {'x_0': 5, 'x_1': -1, 'x_2': 1, 'x_3': 0, 'x_4': 5}. Best is trial 13 with value: 19.0.
2024-11-09 16:49:55,223 - INFO - Candidate Mean Stats: {'Max': np.float64(109.0), 'Min': np.float64(-1.0186296250935811e-13), 'Mean': np.float64(0.02096851307970766), 'Std': np.float64(1.1132543732551647)}
2024-11-09 16:49:55,224 - INFO - Candidate Std Stats: {'Max': np.float64(0.999999995644993), 'Min': np.float64(0.0), 'Mean': np.float64(0.9996025955671058), 'Std': np.float64(0.01993067275519866)}
2024-11-09 16:49:55,260 - INFO - Top 10 Mean Stats: {'Max': np.float64(8.992806499463768e-15), 'Min': np.float64(-6.511458039426543e-15), 'Mean': np.float64(-7.298328608129622e-16), 'Std': np.float64(4.359553182074607e-15)}
2024-11-09 16:49:55,260 - INFO - Top 10 Std Stats: {'Max': np.float64(0.999999995644993), 'Min': np.float64(0.9999999951544608), 'Mean': np.float64(0.9999999953070837), 'Std': np.float64(1.3910359845945402e-10)}
2024-11-09 16:49:55,260 - INFO - Bottom 10 Mean Stats: {'Max': np.float64(109.0), 'Min': np.float64(72.0), 'Mean': np.float64(82.1), 'Std': np.float64(10.87612063191651)}
2024-11-09 16:49:55,260 - INFO - Bottom 10 Std Stats: {'Max': np.float64(0.0), 'Min': np.float64(0.0), 'Mean': np.float64(0.0), 'Std': np.float64(0.0)}
[I 2024-11-09 16:49:55,302] Trial 64 finished with value: 63.0 and parameters: {'x_0': -5, 'x_1': 0, 'x_2': 5, 'x_3': -3, 'x_4': -2}. Best is trial 13 with value: 19.0.
2024-11-09 16:50:01,890 - INFO - Candidate Mean Stats: {'Max': np.float64(109.0), 'Min': np.float64(-8.036904475261508e-14), 'Mean': np.float64(0.02135969351323494), 'Std': np.float64(1.1242611391121557)}
2024-11-09 16:50:01,891 - INFO - Candidate Std Stats: {'Max': np.float64(0.9999999962498933), 'Min': np.float64(0.0), 'Mean': np.float64(0.9995963864973348), 'Std': np.float64(0.020085715225730768)}
2024-11-09 16:50:01,927 - INFO - Top 10 Mean Stats: {'Max': np.float64(3.774758283725532e-15), 'Min': np.float64(-4.485301019485632e-15), 'Mean': np.float64(-6.483702463810914e-16), 'Std': np.float64(2.4929350367431668e-15)}
2024-11-09 16:50:01,927 - INFO - Top 10 Std Stats: {'Max': np.float64(0.9999999962498933), 'Min': np.float64(0.9999999954604655), 'Mean': np.float64(0.9999999957290218), 'Std': np.float64(2.5779073927449047e-10)}
2024-11-09 16:50:01,927 - INFO - Bottom 10 Mean Stats: {'Max': np.float64(109.0), 'Min': np.float64(72.0), 'Mean': np.float64(82.1), 'Std': np.float64(10.87612063191651)}
2024-11-09 16:50:01,927 - INFO - Bottom 10 Std Stats: {'Max': np.float64(0.0), 'Min': np.float64(0.0), 'Mean': np.float64(0.0), 'Std': np.float64(0.0)}
[I 2024-11-09 16:50:01,966] Trial 65 finished with value: 50.0 and parameters: {'x_0': 5, 'x_1': -1, 'x_2': -4, 'x_3': -2, 'x_4': -2}. Best is trial 13 with value: 19.0.
2024-11-09 16:50:09,764 - INFO - Candidate Mean Stats: {'Max': np.float64(109.0), 'Min': np.float64(-8.655298699977721e-14), 'Mean': np.float64(0.021670154174764505), 'Std': np.float64(1.1311378266680245)}
2024-11-09 16:50:09,765 - INFO - Candidate Std Stats: {'Max': np.float64(0.9999999957193336), 'Min': np.float64(0.0), 'Mean': np.float64(0.9995901777168579), 'Std': np.float64(0.020239568150420252)}
2024-11-09 16:50:09,789 - INFO - Top 10 Mean Stats: {'Max': np.float64(4.949513021657026e-15), 'Min': np.float64(-8.260059303211165e-15), 'Mean': np.float64(4.13766243489988e-16), 'Std': np.float64(3.808777042853704e-15)}
2024-11-09 16:50:09,790 - INFO - Top 10 Std Stats: {'Max': np.float64(0.9999999957193336), 'Min': np.float64(0.999999995383133), 'Mean': np.float64(0.999999995572691), 'Std': np.float64(1.2782004535506027e-10)}
2024-11-09 16:50:09,790 - INFO - Bottom 10 Mean Stats: {'Max': np.float64(109.0), 'Min': np.float64(72.0), 'Mean': np.float64(82.1), 'Std': np.float64(10.87612063191651)}
2024-11-09 16:50:09,790 - INFO - Bottom 10 Std Stats: {'Max': np.float64(0.0), 'Min': np.float64(0.0), 'Mean': np.float64(0.0), 'Std': np.float64(0.0)}
[I 2024-11-09 16:50:09,822] Trial 66 finished with value: 64.0 and parameters: {'x_0': -2, 'x_1': -1, 'x_2': -5, 'x_3': 5, 'x_4': -3}. Best is trial 13 with value: 19.0.
2024-11-09 16:50:15,970 - INFO - Candidate Mean Stats: {'Max': np.float64(109.0), 'Min': np.float64(-9.374723219934822e-14), 'Mean': np.float64(0.022067543821522373), 'Std': np.float64(1.142317092318682)}
2024-11-09 16:50:15,970 - INFO - Candidate Std Stats: {'Max': np.float64(0.999999997631911), 'Min': np.float64(0.0), 'Mean': np.float64(0.999583968409544), 'Std': np.float64(0.020392258437103093)}
2024-11-09 16:50:16,006 - INFO - Top 10 Mean Stats: {'Max': np.float64(3.3736902160796944e-15), 'Min': np.float64(-2.40467368239905e-15), 'Mean': np.float64(8.185466193744161e-16), 'Std': np.float64(1.8210669985586967e-15)}
2024-11-09 16:50:16,006 - INFO - Top 10 Std Stats: {'Max': np.float64(0.999999997631911), 'Min': np.float64(0.9999999969846295), 'Mean': np.float64(0.999999997180737), 'Std': np.float64(2.037746872755093e-10)}
2024-11-09 16:50:16,006 - INFO - Bottom 10 Mean Stats: {'Max': np.float64(109.0), 'Min': np.float64(72.0), 'Mean': np.float64(82.1), 'Std': np.float64(10.87612063191651)}
2024-11-09 16:50:16,006 - INFO - Bottom 10 Std Stats: {'Max': np.float64(0.0), 'Min': np.float64(0.0), 'Mean': np.float64(0.0), 'Std': np.float64(0.0)}
[I 2024-11-09 16:50:16,039] Trial 67 finished with value: 35.0 and parameters: {'x_0': 4, 'x_1': 1, 'x_2': -4, 'x_3': 1, 'x_4': 1}. Best is trial 13 with value: 19.0.
2024-11-09 16:50:24,305 - INFO - Candidate Mean Stats: {'Max': np.float64(109.0), 'Min': np.float64(-8.286704655802168e-14), 'Mean': np.float64(0.02228486628459306), 'Std': np.float64(1.1456373714382206)}
2024-11-09 16:50:24,306 - INFO - Candidate Std Stats: {'Max': np.float64(0.9999999952697), 'Min': np.float64(0.0), 'Mean': np.float64(0.9995777589903856), 'Std': np.float64(0.020543812017497085)}
2024-11-09 16:50:24,335 - INFO - Top 10 Mean Stats: {'Max': np.float64(1.1091128016005314e-14), 'Min': np.float64(-7.704947790898587e-15), 'Mean': np.float64(4.735101200026291e-16), 'Std': np.float64(5.3266691487731915e-15)}
2024-11-09 16:50:24,335 - INFO - Top 10 Std Stats: {'Max': np.float64(0.9999999952697), 'Min': np.float64(0.9999999951145961), 'Mean': np.float64(0.9999999951704653), 'Std': np.float64(4.4230422071835987e-11)}
2024-11-09 16:50:24,336 - INFO - Bottom 10 Mean Stats: {'Max': np.float64(109.0), 'Min': np.float64(72.0), 'Mean': np.float64(82.1), 'Std': np.float64(10.87612063191651)}
2024-11-09 16:50:24,336 - INFO - Bottom 10 Std Stats: {'Max': np.float64(0.0), 'Min': np.float64(0.0), 'Mean': np.float64(0.0), 'Std': np.float64(0.0)}
[I 2024-11-09 16:50:24,373] Trial 68 finished with value: 59.0 and parameters: {'x_0': 1, 'x_1': 2, 'x_2': -5, 'x_3': -2, 'x_4': -5}. Best is trial 13 with value: 19.0.
2024-11-09 16:50:33,715 - INFO - Candidate Mean Stats: {'Max': np.float64(109.0), 'Min': np.float64(-1.0931255900459292e-13), 'Mean': np.float64(0.022651209865198016), 'Std': np.float64(1.1550250196634397)}
2024-11-09 16:50:33,716 - INFO - Candidate Std Stats: {'Max': np.float64(0.9999999988739819), 'Min': np.float64(0.0), 'Mean': np.float64(0.9995715502415699), 'Std': np.float64(0.02069425388158599)}
2024-11-09 16:50:33,743 - INFO - Top 10 Mean Stats: {'Max': np.float64(1.7735812818386875e-15), 'Min': np.float64(-2.5840440898150517e-15), 'Mean': np.float64(-2.8366198279172746e-16), 'Std': np.float64(1.2629159312343612e-15)}
2024-11-09 16:50:33,743 - INFO - Top 10 Std Stats: {'Max': np.float64(0.9999999988739819), 'Min': np.float64(0.9999999982098046), 'Mean': np.float64(0.9999999984771962), 'Std': np.float64(2.1715394674431786e-10)}
2024-11-09 16:50:33,743 - INFO - Bottom 10 Mean Stats: {'Max': np.float64(109.0), 'Min': np.float64(72.0), 'Mean': np.float64(82.1), 'Std': np.float64(10.87612063191651)}
2024-11-09 16:50:33,743 - INFO - Bottom 10 Std Stats: {'Max': np.float64(0.0), 'Min': np.float64(0.0), 'Mean': np.float64(0.0), 'Std': np.float64(0.0)}
[I 2024-11-09 16:50:33,780] Trial 69 finished with value: 61.0 and parameters: {'x_0': 2, 'x_1': 5, 'x_2': -4, 'x_3': -4, 'x_4': 0}. Best is trial 13 with value: 19.0.
2024-11-09 16:50:43,854 - INFO - Candidate Mean Stats: {'Max': np.float64(109.0), 'Min': np.float64(-1.1072184835647648e-13), 'Mean': np.float64(0.023029971872264025), 'Std': np.float64(1.1649763843887484)}
2024-11-09 16:50:43,855 - INFO - Candidate Std Stats: {'Max': np.float64(0.9999999977065025), 'Min': np.float64(0.0), 'Mean': np.float64(0.9995653410445691), 'Std': np.float64(0.020843608078595494)}
2024-11-09 16:50:43,887 - INFO - Top 10 Mean Stats: {'Max': np.float64(2.842170943040401e-15), 'Min': np.float64(-1.7319479184152442e-15), 'Mean': np.float64(3.33066907387547e-16), 'Std': np.float64(1.3729827896367676e-15)}
2024-11-09 16:50:43,887 - INFO - Top 10 Std Stats: {'Max': np.float64(0.9999999977065025), 'Min': np.float64(0.999999997307469), 'Mean': np.float64(0.9999999974383907), 'Std': np.float64(1.1447042544148696e-10)}
2024-11-09 16:50:43,887 - INFO - Bottom 10 Mean Stats: {'Max': np.float64(109.0), 'Min': np.float64(72.0), 'Mean': np.float64(82.1), 'Std': np.float64(10.87612063191651)}
2024-11-09 16:50:43,888 - INFO - Bottom 10 Std Stats: {'Max': np.float64(0.0), 'Min': np.float64(0.0), 'Mean': np.float64(0.0), 'Std': np.float64(0.0)}
[I 2024-11-09 16:50:43,925] Trial 70 finished with value: 43.0 and parameters: {'x_0': 3, 'x_1': -2, 'x_2': -5, 'x_3': -2, 'x_4': -1}. Best is trial 13 with value: 19.0.
2024-11-09 16:50:52,505 - INFO - Candidate Mean Stats: {'Max': np.float64(109.0), 'Min': np.float64(-7.454037387333301e-14), 'Mean': np.float64(0.02329696804117953), 'Std': np.float64(1.1698882178786871)}
2024-11-09 16:50:52,506 - INFO - Candidate Std Stats: {'Max': np.float64(0.9999999960429534), 'Min': np.float64(0.0), 'Mean': np.float64(0.9995591314417241), 'Std': np.float64(0.020991897824793094)}
2024-11-09 16:50:52,540 - INFO - Top 10 Mean Stats: {'Max': np.float64(3.4638958368304883e-15), 'Min': np.float64(-3.0697666630885577e-15), 'Mean': np.float64(8.296315023859127e-18), 'Std': np.float64(2.344167698542691e-15)}
2024-11-09 16:50:52,540 - INFO - Top 10 Std Stats: {'Max': np.float64(0.9999999960429534), 'Min': np.float64(0.9999999955722172), 'Mean': np.float64(0.9999999958216097), 'Std': np.float64(1.6233889054435913e-10)}
2024-11-09 16:50:52,541 - INFO - Bottom 10 Mean Stats: {'Max': np.float64(109.0), 'Min': np.float64(72.0), 'Mean': np.float64(82.1), 'Std': np.float64(10.87612063191651)}
2024-11-09 16:50:52,541 - INFO - Bottom 10 Std Stats: {'Max': np.float64(0.0), 'Min': np.float64(0.0), 'Mean': np.float64(0.0), 'Std': np.float64(0.0)}
[I 2024-11-09 16:50:52,576] Trial 71 finished with value: 61.0 and parameters: {'x_0': -3, 'x_1': 5, 'x_2': 1, 'x_3': 5, 'x_4': -1}. Best is trial 13 with value: 19.0.
2024-11-09 16:51:01,909 - INFO - Candidate Mean Stats: {'Max': np.float64(109.0), 'Min': np.float64(-9.769962616701378e-14), 'Mean': np.float64(0.023675730048245566), 'Std': np.float64(1.1797140048710941)}
2024-11-09 16:51:01,911 - INFO - Candidate Std Stats: {'Max': np.float64(0.9999999956559885), 'Min': np.float64(0.0), 'Mean': np.float64(0.9995529222488858), 'Std': np.float64(0.021139145538249127)}
2024-11-09 16:51:01,946 - INFO - Top 10 Mean Stats: {'Max': np.float64(4.39648317751562e-15), 'Min': np.float64(-5.806466418789568e-15), 'Mean': np.float64(-6.656480922018204e-16), 'Std': np.float64(3.231949285581967e-15)}
2024-11-09 16:51:01,947 - INFO - Top 10 Std Stats: {'Max': np.float64(0.9999999956559885), 'Min': np.float64(0.9999999951441751), 'Mean': np.float64(0.9999999953069049), 'Std': np.float64(1.6924748166011512e-10)}
2024-11-09 16:51:01,947 - INFO - Bottom 10 Mean Stats: {'Max': np.float64(109.0), 'Min': np.float64(72.0), 'Mean': np.float64(82.1), 'Std': np.float64(10.87612063191651)}
2024-11-09 16:51:01,947 - INFO - Bottom 10 Std Stats: {'Max': np.float64(0.0), 'Min': np.float64(0.0), 'Mean': np.float64(0.0), 'Std': np.float64(0.0)}
[I 2024-11-09 16:51:01,982] Trial 72 finished with value: 31.0 and parameters: {'x_0': -2, 'x_1': 3, 'x_2': -1, 'x_3': -1, 'x_4': -4}. Best is trial 13 with value: 19.0.
2024-11-09 16:51:08,927 - INFO - Candidate Mean Stats: {'Max': np.float64(109.0), 'Min': np.float64(-8.331668688299488e-14), 'Mean': np.float64(0.02386821565839392), 'Std': np.float64(1.182236455062267)}
2024-11-09 16:51:08,929 - INFO - Candidate Std Stats: {'Max': np.float64(0.9999999954598687), 'Min': np.float64(0.0), 'Mean': np.float64(0.999546713028771), 'Std': np.float64(0.021285372835708694)}
2024-11-09 16:51:08,964 - INFO - Top 10 Mean Stats: {'Max': np.float64(3.2862601528904635e-15), 'Min': np.float64(-5.7509552675583106e-15), 'Mean': np.float64(-1.51684220739412e-15), 'Std': np.float64(2.7606667884138837e-15)}
2024-11-09 16:51:08,965 - INFO - Top 10 Std Stats: {'Max': np.float64(0.9999999954598687), 'Min': np.float64(0.9999999952478993), 'Mean': np.float64(0.9999999953562252), 'Std': np.float64(6.677388654662616e-11)}
2024-11-09 16:51:08,965 - INFO - Bottom 10 Mean Stats: {'Max': np.float64(109.0), 'Min': np.float64(72.0), 'Mean': np.float64(82.1), 'Std': np.float64(10.87612063191651)}
2024-11-09 16:51:08,965 - INFO - Bottom 10 Std Stats: {'Max': np.float64(0.0), 'Min': np.float64(0.0), 'Mean': np.float64(0.0), 'Std': np.float64(0.0)}
[I 2024-11-09 16:51:09,052] Trial 73 finished with value: 49.0 and parameters: {'x_0': -4, 'x_1': -2, 'x_2': 5, 'x_3': 0, 'x_4': 2}. Best is trial 13 with value: 19.0.
2024-11-09 16:51:17,568 - INFO - Candidate Mean Stats: {'Max': np.float64(109.0), 'Min': np.float64(-8.384404281969183e-14), 'Mean': np.float64(0.02417246710669291), 'Std': np.float64(1.1885187168057294)}
2024-11-09 16:51:17,569 - INFO - Candidate Std Stats: {'Max': np.float64(0.9999999958530408), 'Min': np.float64(0.0), 'Mean': np.float64(0.9995405040450929), 'Std': np.float64(0.021430600610608648)}
2024-11-09 16:51:17,603 - INFO - Top 10 Mean Stats: {'Max': np.float64(6.805667140952209e-15), 'Min': np.float64(-6.0396132539608514e-15), 'Mean': np.float64(-2.1926904736346833e-16), 'Std': np.float64(3.638125003734929e-15)}
2024-11-09 16:51:17,603 - INFO - Top 10 Std Stats: {'Max': np.float64(0.9999999958530408), 'Min': np.float64(0.9999999954253811), 'Mean': np.float64(0.9999999955994341), 'Std': np.float64(1.4173727400666442e-10)}
2024-11-09 16:51:17,604 - INFO - Bottom 10 Mean Stats: {'Max': np.float64(109.0), 'Min': np.float64(72.0), 'Mean': np.float64(82.1), 'Std': np.float64(10.87612063191651)}
2024-11-09 16:51:17,604 - INFO - Bottom 10 Std Stats: {'Max': np.float64(0.0), 'Min': np.float64(0.0), 'Mean': np.float64(0.0), 'Std': np.float64(0.0)}
[I 2024-11-09 16:51:17,659] Trial 74 finished with value: 80.0 and parameters: {'x_0': -5, 'x_1': 5, 'x_2': -1, 'x_3': -2, 'x_4': 5}. Best is trial 13 with value: 19.0.
2024-11-09 16:51:26,613 - INFO - Candidate Mean Stats: {'Max': np.float64(109.0), 'Min': np.float64(-8.338885137959551e-14), 'Mean': np.float64(0.024669204165140235), 'Std': np.float64(1.2051105523582502)}
2024-11-09 16:51:26,614 - INFO - Candidate Std Stats: {'Max': np.float64(0.9999999961939302), 'Min': np.float64(0.0), 'Mean': np.float64(0.9995342945175228), 'Std': np.float64(0.021574849030716093)}
2024-11-09 16:51:26,645 - INFO - Top 10 Mean Stats: {'Max': np.float64(2.8255175976710233e-15), 'Min': np.float64(-4.216071936014032e-15), 'Mean': np.float64(-6.496886362228338e-16), 'Std': np.float64(2.6383135007694047e-15)}
2024-11-09 16:51:26,651 - INFO - Top 10 Std Stats: {'Max': np.float64(0.9999999961939302), 'Min': np.float64(0.9999999955090366), 'Mean': np.float64(0.9999999957505645), 'Std': np.float64(2.392986004457521e-10)}
2024-11-09 16:51:26,652 - INFO - Bottom 10 Mean Stats: {'Max': np.float64(109.0), 'Min': np.float64(74.0), 'Mean': np.float64(82.9), 'Std': np.float64(10.387011119662866)}
2024-11-09 16:51:26,652 - INFO - Bottom 10 Std Stats: {'Max': np.float64(0.0), 'Min': np.float64(0.0), 'Mean': np.float64(0.0), 'Std': np.float64(0.0)}
[I 2024-11-09 16:51:26,688] Trial 75 finished with value: 51.0 and parameters: {'x_0': 3, 'x_1': 2, 'x_2': 5, 'x_3': -2, 'x_4': 3}. Best is trial 13 with value: 19.0.
2024-11-09 16:51:34,179 - INFO - Candidate Mean Stats: {'Max': np.float64(109.0), 'Min': np.float64(-9.011402735126239e-14), 'Mean': np.float64(0.024985874039900366), 'Std': np.float64(1.2117862364091196)}
2024-11-09 16:51:34,179 - INFO - Candidate Std Stats: {'Max': np.float64(0.9999999981540537), 'Min': np.float64(0.0), 'Mean': np.float64(0.9995280855493934), 'Std': np.float64(0.021718137633703557)}
2024-11-09 16:51:34,206 - INFO - Top 10 Mean Stats: {'Max': np.float64(2.936539900133539e-15), 'Min': np.float64(-3.26405569239796e-15), 'Mean': np.float64(4.4381165409390633e-16), 'Std': np.float64(1.6912720334713856e-15)}
2024-11-09 16:51:34,206 - INFO - Top 10 Std Stats: {'Max': np.float64(0.9999999981540537), 'Min': np.float64(0.9999999977197819), 'Mean': np.float64(0.9999999978973466), 'Std': np.float64(1.221046796517835e-10)}
2024-11-09 16:51:34,207 - INFO - Bottom 10 Mean Stats: {'Max': np.float64(109.0), 'Min': np.float64(74.0), 'Mean': np.float64(82.9), 'Std': np.float64(10.387011119662866)}
2024-11-09 16:51:34,207 - INFO - Bottom 10 Std Stats: {'Max': np.float64(0.0), 'Min': np.float64(0.0), 'Mean': np.float64(0.0), 'Std': np.float64(0.0)}
[I 2024-11-09 16:51:34,255] Trial 76 finished with value: 72.0 and parameters: {'x_0': -3, 'x_1': 3, 'x_2': -5, 'x_3': 2, 'x_4': -5}. Best is trial 13 with value: 19.0.
2024-11-09 16:51:42,457 - INFO - Candidate Mean Stats: {'Max': np.float64(109.0), 'Min': np.float64(-1.0515754933493326e-13), 'Mean': np.float64(0.025432937392503), 'Std': np.float64(1.2249864912459612)}
2024-11-09 16:51:42,458 - INFO - Candidate Std Stats: {'Max': np.float64(0.999999996049593), 'Min': np.float64(0.0), 'Mean': np.float64(0.999521876227535), 'Std': np.float64(0.02186048527398195)}
2024-11-09 16:51:42,503 - INFO - Top 10 Mean Stats: {'Max': np.float64(6.741829317036263e-15), 'Min': np.float64(-6.206146707654625e-15), 'Mean': np.float64(8.873457524316565e-16), 'Std': np.float64(4.0126476802592724e-15)}
2024-11-09 16:51:42,503 - INFO - Top 10 Std Stats: {'Max': np.float64(0.999999996049593), 'Min': np.float64(0.9999999953984421), 'Mean': np.float64(0.9999999956076773), 'Std': np.float64(2.1237667645663489e-10)}
2024-11-09 16:51:42,503 - INFO - Bottom 10 Mean Stats: {'Max': np.float64(109.0), 'Min': np.float64(74.0), 'Mean': np.float64(82.9), 'Std': np.float64(10.387011119662866)}
2024-11-09 16:51:42,503 - INFO - Bottom 10 Std Stats: {'Max': np.float64(0.0), 'Min': np.float64(0.0), 'Mean': np.float64(0.0), 'Std': np.float64(0.0)}
[I 2024-11-09 16:51:42,547] Trial 77 finished with value: 38.0 and parameters: {'x_0': 5, 'x_1': -1, 'x_2': -2, 'x_3': -2, 'x_4': 2}. Best is trial 13 with value: 19.0.
2024-11-09 16:51:51,838 - INFO - Candidate Mean Stats: {'Max': np.float64(109.0), 'Min': np.float64(-9.893474928190926e-14), 'Mean': np.float64(0.02566888749526548), 'Std': np.float64(1.2286358085939189)}
2024-11-09 16:51:51,839 - INFO - Candidate Std Stats: {'Max': np.float64(0.9999999955025315), 'Min': np.float64(0.0), 'Mean': np.float64(0.9995156668827366), 'Std': np.float64(0.022001910222021553)}
2024-11-09 16:51:51,872 - INFO - Top 10 Mean Stats: {'Max': np.float64(3.969047313034935e-15), 'Min': np.float64(-5.422051696513108e-15), 'Mean': np.float64(-6.503131366741854e-16), 'Std': np.float64(2.612389161545823e-15)}
2024-11-09 16:51:51,872 - INFO - Top 10 Std Stats: {'Max': np.float64(0.9999999955025315), 'Min': np.float64(0.9999999952437246), 'Mean': np.float64(0.9999999953433354), 'Std': np.float64(8.209483630417968e-11)}
2024-11-09 16:51:51,873 - INFO - Bottom 10 Mean Stats: {'Max': np.float64(109.0), 'Min': np.float64(74.0), 'Mean': np.float64(82.9), 'Std': np.float64(10.387011119662866)}
2024-11-09 16:51:51,873 - INFO - Bottom 10 Std Stats: {'Max': np.float64(0.0), 'Min': np.float64(0.0), 'Mean': np.float64(0.0), 'Std': np.float64(0.0)}
[I 2024-11-09 16:51:51,908] Trial 78 finished with value: 63.0 and parameters: {'x_0': -2, 'x_1': 3, 'x_2': -4, 'x_3': -3, 'x_4': -5}. Best is trial 13 with value: 19.0.
2024-11-09 16:56:36,603 - INFO - Candidate Mean Stats: {'Max': np.float64(109.0), 'Min': np.float64(-1.0524914273446484e-13), 'Mean': np.float64(0.026060067928792764), 'Std': np.float64(1.23861619645322)}
2024-11-09 16:56:36,604 - INFO - Candidate Std Stats: {'Max': np.float64(0.999999996660778), 'Min': np.float64(0.0), 'Mean': np.float64(0.999509457223758), 'Std': np.float64(0.022142430151220048)}
2024-11-09 16:56:36,621 - INFO - Top 10 Mean Stats: {'Max': np.float64(3.774758283725532e-15), 'Min': np.float64(-2.6978419498391305e-15), 'Mean': np.float64(2.9531932455029166e-16), 'Std': np.float64(1.9301121113947875e-15)}
2024-11-09 16:56:36,622 - INFO - Top 10 Std Stats: {'Max': np.float64(0.999999996660778), 'Min': np.float64(0.9999999961266642), 'Mean': np.float64(0.9999999963283001), 'Std': np.float64(1.7697531922396824e-10)}
2024-11-09 16:56:36,622 - INFO - Bottom 10 Mean Stats: {'Max': np.float64(109.0), 'Min': np.float64(74.0), 'Mean': np.float64(82.9), 'Std': np.float64(10.387011119662866)}
2024-11-09 16:56:36,623 - INFO - Bottom 10 Std Stats: {'Max': np.float64(0.0), 'Min': np.float64(0.0), 'Mean': np.float64(0.0), 'Std': np.float64(0.0)}
