[I 2024-11-09 17:09:39,410] Trial 159 finished with value: 70.0 and parameters: {'x_0': 4, 'x_1': 5, 'x_2': 3, 'x_3': -4, 'x_4': -2}. Best is trial 2 with value: 13.0.
2024-11-09 17:09:48,196 - INFO - Candidate Mean Stats: {'Max': np.float64(107.0), 'Min': np.float64(-6.229461391171754e-14), 'Mean': np.float64(0.05130672892437796), 'Std': np.float64(1.7397984474334303)}
2024-11-09 17:09:48,197 - INFO - Candidate Std Stats: {'Max': np.float64(0.9999999967944136), 'Min': np.float64(0.0), 'Mean': np.float64(0.99900651414049), 'Std': np.float64(0.03150376331078168)}
2024-11-09 17:09:48,218 - INFO - Top 10 Mean Stats: {'Max': np.float64(1.7985612998927535e-15), 'Min': np.float64(-2.581268532253489e-15), 'Mean': np.float64(-4.791306240647941e-16), 'Std': np.float64(1.2662046463150429e-15)}
2024-11-09 17:09:48,218 - INFO - Top 10 Std Stats: {'Max': np.float64(0.9999999967944136), 'Min': np.float64(0.9999999964722102), 'Mean': np.float64(0.9999999966201043), 'Std': np.float64(1.1650579167668306e-10)}
2024-11-09 17:09:48,218 - INFO - Bottom 10 Mean Stats: {'Max': np.float64(107.0), 'Min': np.float64(79.0), 'Mean': np.float64(90.3), 'Std': np.float64(9.077995373429092)}
2024-11-09 17:09:48,218 - INFO - Bottom 10 Std Stats: {'Max': np.float64(0.0), 'Min': np.float64(0.0), 'Mean': np.float64(0.0), 'Std': np.float64(0.0)}
[I 2024-11-09 17:09:48,247] Trial 160 finished with value: 60.0 and parameters: {'x_0': 5, 'x_1': 0, 'x_2': 3, 'x_3': 1, 'x_4': 5}. Best is trial 2 with value: 13.0.
2024-11-09 17:09:56,918 - INFO - Candidate Mean Stats: {'Max': np.float64(107.0), 'Min': np.float64(-6.763478666016454e-14), 'Mean': np.float64(0.051679281718213475), 'Std': np.float64(1.7461997129755558)}
2024-11-09 17:09:56,919 - INFO - Candidate Std Stats: {'Max': np.float64(0.9999999965839123), 'Min': np.float64(0.0), 'Mean': np.float64(0.9990003045592021), 'Std': np.float64(0.03160196100166965)}
2024-11-09 17:09:56,952 - INFO - Top 10 Mean Stats: {'Max': np.float64(4.352074256530614e-15), 'Min': np.float64(-6.006306563222097e-15), 'Mean': np.float64(-3.348710198025629e-16), 'Std': np.float64(2.6121400288131137e-15)}
2024-11-09 17:09:56,952 - INFO - Top 10 Std Stats: {'Max': np.float64(0.9999999965839123), 'Min': np.float64(0.9999999956868406), 'Mean': np.float64(0.9999999959444903), 'Std': np.float64(2.725379811456979e-10)}
2024-11-09 17:09:56,953 - INFO - Bottom 10 Mean Stats: {'Max': np.float64(107.0), 'Min': np.float64(79.0), 'Mean': np.float64(90.3), 'Std': np.float64(9.077995373429092)}
2024-11-09 17:09:56,953 - INFO - Bottom 10 Std Stats: {'Max': np.float64(0.0), 'Min': np.float64(0.0), 'Mean': np.float64(0.0), 'Std': np.float64(0.0)}
[I 2024-11-09 17:09:56,980] Trial 161 finished with value: 45.0 and parameters: {'x_0': 5, 'x_1': -3, 'x_2': 1, 'x_3': 1, 'x_4': -3}. Best is trial 2 with value: 13.0.
2024-11-09 17:10:06,876 - INFO - Candidate Mean Stats: {'Max': np.float64(107.0), 'Min': np.float64(-6.330491686412643e-14), 'Mean': np.float64(0.051958696313590104), 'Std': np.float64(1.749788026140356)}
2024-11-09 17:10:06,878 - INFO - Candidate Std Stats: {'Max': np.float64(0.9999999971146672), 'Min': np.float64(0.0), 'Mean': np.float64(0.9989940954755525), 'Std': np.float64(0.03169985330318875)}
2024-11-09 17:10:06,911 - INFO - Top 10 Mean Stats: {'Max': np.float64(1.3544720900426909e-15), 'Min': np.float64(-2.7880475705899244e-15), 'Mean': np.float64(-5.771425004574837e-16), 'Std': np.float64(1.3534770957267154e-15)}
2024-11-09 17:10:06,912 - INFO - Top 10 Std Stats: {'Max': np.float64(0.9999999971146672), 'Min': np.float64(0.999999996307343), 'Mean': np.float64(0.9999999965838791), 'Std': np.float64(2.5374253722069794e-10)}
2024-11-09 17:10:06,912 - INFO - Bottom 10 Mean Stats: {'Max': np.float64(107.0), 'Min': np.float64(79.0), 'Mean': np.float64(90.3), 'Std': np.float64(9.077995373429092)}
2024-11-09 17:10:06,912 - INFO - Bottom 10 Std Stats: {'Max': np.float64(0.0), 'Min': np.float64(0.0), 'Mean': np.float64(0.0), 'Std': np.float64(0.0)}
[I 2024-11-09 17:10:06,950] Trial 162 finished with value: 44.0 and parameters: {'x_0': 5, 'x_1': 3, 'x_2': -1, 'x_3': 0, 'x_4': -3}. Best is trial 2 with value: 13.0.
2024-11-09 17:10:15,366 - INFO - Candidate Mean Stats: {'Max': np.float64(107.0), 'Min': np.float64(-7.60669305321926e-14), 'Mean': np.float64(0.05223190169573612), 'Std': np.float64(1.7532115410886513)}
2024-11-09 17:10:15,367 - INFO - Candidate Std Stats: {'Max': np.float64(0.9999999963957146), 'Min': np.float64(0.0), 'Mean': np.float64(0.9989878863120407), 'Std': np.float64(0.03179744301778407)}
2024-11-09 17:10:15,394 - INFO - Top 10 Mean Stats: {'Max': np.float64(1.5987211554602255e-15), 'Min': np.float64(-3.2168712138513912e-15), 'Mean': np.float64(-7.373962551682212e-16), 'Std': np.float64(1.6881839188523898e-15)}
2024-11-09 17:10:15,394 - INFO - Top 10 Std Stats: {'Max': np.float64(0.9999999963957146), 'Min': np.float64(0.999999996161514), 'Mean': np.float64(0.9999999962597272), 'Std': np.float64(8.09244182089157e-11)}
2024-11-09 17:10:15,394 - INFO - Bottom 10 Mean Stats: {'Max': np.float64(107.0), 'Min': np.float64(79.0), 'Mean': np.float64(90.3), 'Std': np.float64(9.077995373429092)}
2024-11-09 17:10:15,394 - INFO - Bottom 10 Std Stats: {'Max': np.float64(0.0), 'Min': np.float64(0.0), 'Mean': np.float64(0.0), 'Std': np.float64(0.0)}
[I 2024-11-09 17:10:15,421] Trial 163 finished with value: 52.0 and parameters: {'x_0': 1, 'x_1': -5, 'x_2': 1, 'x_3': -5, 'x_4': 0}. Best is trial 2 with value: 13.0.
2024-11-09 17:10:25,245 - INFO - Candidate Mean Stats: {'Max': np.float64(107.0), 'Min': np.float64(-6.221689829999377e-14), 'Mean': np.float64(0.05255478078372687), 'Std': np.float64(1.7579836708438137)}
2024-11-09 17:10:25,247 - INFO - Candidate Std Stats: {'Max': np.float64(0.9999999970794186), 'Min': np.float64(0.0), 'Mean': np.float64(0.9989816770508244), 'Std': np.float64(0.031894732922354986)}
2024-11-09 17:10:25,286 - INFO - Top 10 Mean Stats: {'Max': np.float64(1.9539925233402757e-15), 'Min': np.float64(-4.3298697960381104e-16), 'Mean': np.float64(6.472600233564663e-16), 'Std': np.float64(7.5297433974836e-16)}
2024-11-09 17:10:25,287 - INFO - Top 10 Std Stats: {'Max': np.float64(0.9999999970794186), 'Min': np.float64(0.9999999965233616), 'Mean': np.float64(0.999999996667386), 'Std': np.float64(1.6321456421624933e-10)}
2024-11-09 17:10:25,287 - INFO - Bottom 10 Mean Stats: {'Max': np.float64(107.0), 'Min': np.float64(79.0), 'Mean': np.float64(90.3), 'Std': np.float64(9.077995373429092)}
2024-11-09 17:10:25,288 - INFO - Bottom 10 Std Stats: {'Max': np.float64(0.0), 'Min': np.float64(0.0), 'Mean': np.float64(0.0), 'Std': np.float64(0.0)}
[I 2024-11-09 17:10:25,318] Trial 164 finished with value: 50.0 and parameters: {'x_0': -5, 'x_1': 0, 'x_2': 3, 'x_3': 0, 'x_4': 4}. Best is trial 2 with value: 13.0.
2024-11-09 17:10:34,278 - INFO - Candidate Mean Stats: {'Max': np.float64(107.0), 'Min': np.float64(-7.439604488013174e-14), 'Mean': np.float64(0.05286524144525646), 'Std': np.float64(1.7623838660349025)}
2024-11-09 17:10:34,279 - INFO - Candidate Std Stats: {'Max': np.float64(0.999999996831885), 'Min': np.float64(0.0), 'Mean': np.float64(0.998975467864663), 'Std': np.float64(0.0319917257576303)}
2024-11-09 17:10:34,301 - INFO - Top 10 Mean Stats: {'Max': np.float64(3.3306690738754696e-15), 'Min': np.float64(-2.911559882079473e-15), 'Mean': np.float64(6.868117186087375e-16), 'Std': np.float64(1.845625616884716e-15)}
2024-11-09 17:10:34,302 - INFO - Top 10 Std Stats: {'Max': np.float64(0.999999996831885), 'Min': np.float64(0.9999999962827267), 'Mean': np.float64(0.9999999964627572), 'Std': np.float64(1.8566665613180528e-10)}
2024-11-09 17:10:34,303 - INFO - Bottom 10 Mean Stats: {'Max': np.float64(107.0), 'Min': np.float64(79.0), 'Mean': np.float64(90.3), 'Std': np.float64(9.077995373429092)}
2024-11-09 17:10:34,303 - INFO - Bottom 10 Std Stats: {'Max': np.float64(0.0), 'Min': np.float64(0.0), 'Mean': np.float64(0.0), 'Std': np.float64(0.0)}
[I 2024-11-09 17:10:34,332] Trial 165 finished with value: 50.0 and parameters: {'x_0': 1, 'x_1': -2, 'x_2': -4, 'x_3': 2, 'x_4': -5}. Best is trial 2 with value: 13.0.
2024-11-09 17:10:44,884 - INFO - Candidate Mean Stats: {'Max': np.float64(107.0), 'Min': np.float64(-5.326850072151501e-14), 'Mean': np.float64(0.05317570210678604), 'Std': np.float64(1.7667730479026231)}
2024-11-09 17:10:44,884 - INFO - Candidate Std Stats: {'Max': np.float64(0.9999999984788254), 'Min': np.float64(0.0), 'Mean': np.float64(0.9989692585439843), 'Std': np.float64(0.03208842421075255)}
2024-11-09 17:10:44,917 - INFO - Top 10 Mean Stats: {'Max': np.float64(3.2546881856276855e-15), 'Min': np.float64(-1.2462253451417382e-15), 'Mean': np.float64(6.218983661376853e-16), 'Std': np.float64(1.2136099179012238e-15)}
2024-11-09 17:10:44,917 - INFO - Top 10 Std Stats: {'Max': np.float64(0.9999999984788254), 'Min': np.float64(0.9999999980805786), 'Mean': np.float64(0.9999999982402873), 'Std': np.float64(1.2424597747201682e-10)}
2024-11-09 17:10:44,918 - INFO - Bottom 10 Mean Stats: {'Max': np.float64(107.0), 'Min': np.float64(79.0), 'Mean': np.float64(90.3), 'Std': np.float64(9.077995373429092)}
2024-11-09 17:10:44,918 - INFO - Bottom 10 Std Stats: {'Max': np.float64(0.0), 'Min': np.float64(0.0), 'Mean': np.float64(0.0), 'Std': np.float64(0.0)}
[I 2024-11-09 17:10:44,954] Trial 166 finished with value: 31.0 and parameters: {'x_0': 3, 'x_1': 0, 'x_2': -3, 'x_3': 2, 'x_4': 3}. Best is trial 2 with value: 13.0.
2024-11-09 17:10:55,216 - INFO - Candidate Mean Stats: {'Max': np.float64(107.0), 'Min': np.float64(-6.196154700432999e-14), 'Mean': np.float64(0.0533681877169344), 'Std': np.float64(1.7684551304865164)}
2024-11-09 17:10:55,217 - INFO - Candidate Std Stats: {'Max': np.float64(0.9999999969460688), 'Min': np.float64(0.0), 'Mean': np.float64(0.998963049755431), 'Std': np.float64(0.03218483095651159)}
2024-11-09 17:10:55,245 - INFO - Top 10 Mean Stats: {'Max': np.float64(1.5321077739827161e-15), 'Min': np.float64(-2.7228219678931963e-15), 'Mean': np.float64(-3.536060333431123e-16), 'Std': np.float64(1.3000500664793423e-15)}
2024-11-09 17:10:55,245 - INFO - Top 10 Std Stats: {'Max': np.float64(0.9999999969460688), 'Min': np.float64(0.9999999964559901), 'Mean': np.float64(0.999999996666768), 'Std': np.float64(1.5428039847279746e-10)}
2024-11-09 17:10:55,245 - INFO - Bottom 10 Mean Stats: {'Max': np.float64(107.0), 'Min': np.float64(79.0), 'Mean': np.float64(90.3), 'Std': np.float64(9.077995373429092)}
2024-11-09 17:10:55,245 - INFO - Bottom 10 Std Stats: {'Max': np.float64(0.0), 'Min': np.float64(0.0), 'Mean': np.float64(0.0), 'Std': np.float64(0.0)}
[I 2024-11-09 17:10:55,276] Trial 167 finished with value: 55.0 and parameters: {'x_0': 2, 'x_1': 1, 'x_2': -5, 'x_3': 4, 'x_4': 3}. Best is trial 2 with value: 13.0.
2024-11-09 17:11:04,224 - INFO - Candidate Mean Stats: {'Max': np.float64(107.0), 'Min': np.float64(-7.691347558846928e-14), 'Mean': np.float64(0.05370969444461691), 'Std': np.float64(1.7737474033101432)}
2024-11-09 17:11:04,225 - INFO - Candidate Std Stats: {'Max': np.float64(0.9999999962785001), 'Min': np.float64(0.0), 'Mean': np.float64(0.9989568401847125), 'Std': np.float64(0.03228094856628765)}
2024-11-09 17:11:04,250 - INFO - Top 10 Mean Stats: {'Max': np.float64(3.4583447217073625e-15), 'Min': np.float64(-3.552713678800501e-15), 'Mean': np.float64(-7.344125307895411e-16), 'Std': np.float64(1.9479416646923123e-15)}
2024-11-09 17:11:04,250 - INFO - Top 10 Std Stats: {'Max': np.float64(0.9999999962785001), 'Min': np.float64(0.99999999595428), 'Mean': np.float64(0.9999999960636783), 'Std': np.float64(1.1780893039728181e-10)}
2024-11-09 17:11:04,250 - INFO - Bottom 10 Mean Stats: {'Max': np.float64(107.0), 'Min': np.float64(79.0), 'Mean': np.float64(90.3), 'Std': np.float64(9.077995373429092)}
2024-11-09 17:11:04,250 - INFO - Bottom 10 Std Stats: {'Max': np.float64(0.0), 'Min': np.float64(0.0), 'Mean': np.float64(0.0), 'Std': np.float64(0.0)}
[I 2024-11-09 17:11:04,280] Trial 168 finished with value: 54.0 and parameters: {'x_0': -5, 'x_1': 2, 'x_2': -3, 'x_3': 0, 'x_4': 4}. Best is trial 2 with value: 13.0.
2024-11-09 17:11:15,793 - INFO - Candidate Mean Stats: {'Max': np.float64(107.0), 'Min': np.float64(-5.32018873400375e-14), 'Mean': np.float64(0.05404499195906887), 'Std': np.float64(1.7788338277229159)}
2024-11-09 17:11:15,794 - INFO - Candidate Std Stats: {'Max': np.float64(0.9999999969210585), 'Min': np.float64(0.0), 'Mean': np.float64(0.9989506309554326), 'Std': np.float64(0.0323767796511394)}
2024-11-09 17:11:15,819 - INFO - Top 10 Mean Stats: {'Max': np.float64(3.652633751016765e-15), 'Min': np.float64(-3.0198066269804257e-15), 'Mean': np.float64(-2.0261570199409177e-17), 'Std': np.float64(2.1292825282406356e-15)}
2024-11-09 17:11:15,819 - INFO - Top 10 Std Stats: {'Max': np.float64(0.9999999969210585), 'Min': np.float64(0.9999999964642617), 'Mean': np.float64(0.9999999966826103), 'Std': np.float64(1.8187285991464663e-10)}
2024-11-09 17:11:15,820 - INFO - Bottom 10 Mean Stats: {'Max': np.float64(107.0), 'Min': np.float64(79.0), 'Mean': np.float64(90.3), 'Std': np.float64(9.077995373429092)}
2024-11-09 17:11:15,820 - INFO - Bottom 10 Std Stats: {'Max': np.float64(0.0), 'Min': np.float64(0.0), 'Mean': np.float64(0.0), 'Std': np.float64(0.0)}
[I 2024-11-09 17:11:15,852] Trial 169 finished with value: 58.0 and parameters: {'x_0': 5, 'x_1': -4, 'x_2': 0, 'x_3': 1, 'x_4': 4}. Best is trial 2 with value: 13.0.
2024-11-09 17:11:24,473 - INFO - Candidate Mean Stats: {'Max': np.float64(107.0), 'Min': np.float64(-6.141753772226366e-14), 'Mean': np.float64(0.054405126326443176), 'Std': np.float64(1.7846844324261724)}
2024-11-09 17:11:24,474 - INFO - Candidate Std Stats: {'Max': np.float64(0.9999999961074203), 'Min': np.float64(0.0), 'Mean': np.float64(0.9989444219013167), 'Std': np.float64(0.032472326742601906)}
2024-11-09 17:11:24,499 - INFO - Top 10 Mean Stats: {'Max': np.float64(2.2870594307278226e-15), 'Min': np.float64(-4.1494585545365226e-15), 'Mean': np.float64(-3.9433734055904783e-16), 'Std': np.float64(2.377747809524208e-15)}
2024-11-09 17:11:24,499 - INFO - Top 10 Std Stats: {'Max': np.float64(0.9999999961074203), 'Min': np.float64(0.9999999957078287), 'Mean': np.float64(0.9999999958352017), 'Std': np.float64(1.2841922465104527e-10)}
2024-11-09 17:11:24,499 - INFO - Bottom 10 Mean Stats: {'Max': np.float64(107.0), 'Min': np.float64(79.0), 'Mean': np.float64(90.3), 'Std': np.float64(9.077995373429092)}
2024-11-09 17:11:24,499 - INFO - Bottom 10 Std Stats: {'Max': np.float64(0.0), 'Min': np.float64(0.0), 'Mean': np.float64(0.0), 'Std': np.float64(0.0)}
[I 2024-11-09 17:11:24,530] Trial 170 finished with value: 18.0 and parameters: {'x_0': 0, 'x_1': -2, 'x_2': -3, 'x_3': 2, 'x_4': 1}. Best is trial 2 with value: 13.0.
2024-11-09 17:11:33,076 - INFO - Candidate Mean Stats: {'Max': np.float64(107.0), 'Min': np.float64(-6.451505996096785e-14), 'Mean': np.float64(0.0545168921645938), 'Std': np.float64(1.7852445587846926)}
2024-11-09 17:11:33,077 - INFO - Candidate Std Stats: {'Max': np.float64(0.9999999967948182), 'Min': np.float64(0.0), 'Mean': np.float64(0.9989382129184435), 'Std': np.float64(0.032567592336934334)}
2024-11-09 17:11:33,101 - INFO - Top 10 Mean Stats: {'Max': np.float64(4.513056595101261e-15), 'Min': np.float64(-3.4028335704761046e-15), 'Mean': np.float64(8.312794896880855e-17), 'Std': np.float64(2.693650975751307e-15)}
2024-11-09 17:11:33,101 - INFO - Top 10 Std Stats: {'Max': np.float64(0.9999999967948182), 'Min': np.float64(0.9999999961539796), 'Mean': np.float64(0.999999996352817), 'Std': np.float64(1.8178811284698812e-10)}
2024-11-09 17:11:33,102 - INFO - Bottom 10 Mean Stats: {'Max': np.float64(107.0), 'Min': np.float64(79.0), 'Mean': np.float64(90.3), 'Std': np.float64(9.077995373429092)}
2024-11-09 17:11:33,102 - INFO - Bottom 10 Std Stats: {'Max': np.float64(0.0), 'Min': np.float64(0.0), 'Mean': np.float64(0.0), 'Std': np.float64(0.0)}
[I 2024-11-09 17:11:33,133] Trial 171 finished with value: 47.0 and parameters: {'x_0': 0, 'x_1': 5, 'x_2': 3, 'x_3': 2, 'x_4': 3}. Best is trial 2 with value: 13.0.
2024-11-09 17:11:43,547 - INFO - Candidate Mean Stats: {'Max': np.float64(107.0), 'Min': np.float64(-6.002698338392065e-14), 'Mean': np.float64(0.05480872518643164), 'Std': np.float64(1.7890730510159314)}
2024-11-09 17:11:43,548 - INFO - Candidate Std Stats: {'Max': np.float64(0.9999999971796338), 'Min': np.float64(0.0), 'Mean': np.float64(0.9989320036108067), 'Std': np.float64(0.03266257888432218)}
2024-11-09 17:11:43,574 - INFO - Top 10 Mean Stats: {'Max': np.float64(4.1966430330830914e-15), 'Min': np.float64(-1.8096635301390052e-15), 'Mean': np.float64(1.5420997812043421e-15), 'Std': np.float64(1.9648231378831317e-15)}
2024-11-09 17:11:43,574 - INFO - Top 10 Std Stats: {'Max': np.float64(0.9999999971796338), 'Min': np.float64(0.9999999967088242), 'Mean': np.float64(0.9999999969054573), 'Std': np.float64(1.6860600640077987e-10)}
2024-11-09 17:11:43,575 - INFO - Bottom 10 Mean Stats: {'Max': np.float64(107.0), 'Min': np.float64(79.0), 'Mean': np.float64(90.3), 'Std': np.float64(9.077995373429092)}
2024-11-09 17:11:43,575 - INFO - Bottom 10 Std Stats: {'Max': np.float64(0.0), 'Min': np.float64(0.0), 'Mean': np.float64(0.0), 'Std': np.float64(0.0)}
[I 2024-11-09 17:11:43,608] Trial 172 finished with value: 65.0 and parameters: {'x_0': -4, 'x_1': 5, 'x_2': -2, 'x_3': 4, 'x_4': 2}. Best is trial 2 with value: 13.0.
2024-11-09 17:11:53,859 - INFO - Candidate Mean Stats: {'Max': np.float64(107.0), 'Min': np.float64(-6.390443729742401e-14), 'Mean': np.float64(0.05521232404642011), 'Std': np.float64(1.796377439014601)}
2024-11-09 17:11:53,860 - INFO - Candidate Std Stats: {'Max': np.float64(0.9999999978864509), 'Min': np.float64(0.0), 'Mean': np.float64(0.9989257943932216), 'Std': np.float64(0.03275728882564697)}
2024-11-09 17:11:53,887 - INFO - Top 10 Mean Stats: {'Max': np.float64(2.7366997557010107e-15), 'Min': np.float64(-4.019007349143067e-15), 'Mean': np.float64(3.5818570331969106e-16), 'Std': np.float64(1.9329245157894875e-15)}
2024-11-09 17:11:53,887 - INFO - Top 10 Std Stats: {'Max': np.float64(0.9999999978864509), 'Min': np.float64(0.9999999975189803), 'Mean': np.float64(0.9999999976466905), 'Std': np.float64(1.1850935884690033e-10)}
2024-11-09 17:11:53,888 - INFO - Bottom 10 Mean Stats: {'Max': np.float64(107.0), 'Min': np.float64(79.0), 'Mean': np.float64(90.3), 'Std': np.float64(9.077995373429092)}
2024-11-09 17:11:53,888 - INFO - Bottom 10 Std Stats: {'Max': np.float64(0.0), 'Min': np.float64(0.0), 'Mean': np.float64(0.0), 'Std': np.float64(0.0)}
[I 2024-11-09 17:11:53,916] Trial 173 finished with value: 60.0 and parameters: {'x_0': 4, 'x_1': 1, 'x_2': -3, 'x_3': -3, 'x_4': -5}. Best is trial 2 with value: 13.0.
2024-11-09 17:12:03,446 - INFO - Candidate Mean Stats: {'Max': np.float64(107.0), 'Min': np.float64(-9.01279051390702e-14), 'Mean': np.float64(0.05558487684025554), 'Std': np.float64(1.8025769867675687)}
2024-11-09 17:12:03,447 - INFO - Candidate Std Stats: {'Max': np.float64(0.9999999984187063), 'Min': np.float64(0.0), 'Mean': np.float64(0.9989195848207145), 'Std': np.float64(0.03285172453865188)}
2024-11-09 17:12:03,470 - INFO - Top 10 Mean Stats: {'Max': np.float64(6.106226635438361e-16), 'Min': np.float64(-1.7791323969618132e-15), 'Mean': np.float64(-2.031708135064036e-16), 'Std': np.float64(7.264282128686224e-16)}
2024-11-09 17:12:03,470 - INFO - Top 10 Std Stats: {'Max': np.float64(0.9999999984187063), 'Min': np.float64(0.999999998156402), 'Mean': np.float64(0.9999999982618777), 'Std': np.float64(6.974843746009132e-11)}
2024-11-09 17:12:03,470 - INFO - Bottom 10 Mean Stats: {'Max': np.float64(107.0), 'Min': np.float64(79.0), 'Mean': np.float64(90.3), 'Std': np.float64(9.077995373429092)}
2024-11-09 17:12:03,470 - INFO - Bottom 10 Std Stats: {'Max': np.float64(0.0), 'Min': np.float64(0.0), 'Mean': np.float64(0.0), 'Std': np.float64(0.0)}
[I 2024-11-09 17:12:03,499] Trial 174 finished with value: 54.0 and parameters: {'x_0': 0, 'x_1': 0, 'x_2': -5, 'x_3': -2, 'x_4': 5}. Best is trial 2 with value: 13.0.
2024-11-09 17:12:13,967 - INFO - Candidate Mean Stats: {'Max': np.float64(107.0), 'Min': np.float64(-5.691003224228553e-14), 'Mean': np.float64(0.05592017435470754), 'Std': np.float64(1.807581940504479)}
2024-11-09 17:12:13,968 - INFO - Candidate Std Stats: {'Max': np.float64(0.9999999969253107), 'Min': np.float64(0.0), 'Mean': np.float64(0.998913375966269), 'Std': np.float64(0.032945888416659685)}
2024-11-09 17:12:13,988 - INFO - Top 10 Mean Stats: {'Max': np.float64(2.842170943040401e-15), 'Min': np.float64(-4.812816811750054e-15), 'Mean': np.float64(-7.340308916248262e-16), 'Std': np.float64(2.3851976944449032e-15)}
2024-11-09 17:12:13,989 - INFO - Top 10 Std Stats: {'Max': np.float64(0.9999999969253107), 'Min': np.float64(0.9999999964325755), 'Mean': np.float64(0.9999999966260559), 'Std': np.float64(1.528545958622942e-10)}
2024-11-09 17:12:13,989 - INFO - Bottom 10 Mean Stats: {'Max': np.float64(107.0), 'Min': np.float64(79.0), 'Mean': np.float64(90.3), 'Std': np.float64(9.077995373429092)}
2024-11-09 17:12:13,990 - INFO - Bottom 10 Std Stats: {'Max': np.float64(0.0), 'Min': np.float64(0.0), 'Mean': np.float64(0.0), 'Std': np.float64(0.0)}
